   
 -----------------------------------------------------------------
 VBFNLO, version 3.0.0 GIT 1571c2fe
 Comput. Phys. Commun. 180 (2009) 1661[arXiv:0811.4559 [hep-ph]]
 arXiV:1107.4038, arXiV:1207.4975, arXiv:1404.3940
 http://www.itp.kit.edu/vbfnlo
 -----------------------------------------------------------------
 Process-specific references (please cite as well if appropriate):
 G. Bozzi, F. Campanario, V. Hankele et al.
 Phys. Rev. D81 (2010) 094030, e-Print: arXiv:0911.0438 [hep-ph]
 
 -----------------------------------------------------------------
   
   
  
        Information on global parameters
 -----------------------------------------------
   PROCESS               =      470
   LOPROCESS_PLUS_JET    =        F
   KK_MOD                =        F
   ANOM_CPL              =        F
   LEPTONS               =    11  -11   13  -13
   LO_ITERATIONS         =        6
   NLO_ITERATIONS        =        6
   LO_POINTS             =       26
   NLO_POINTS            =       26
   NLO_SWITCH            =        T
   EWCOR_SWITCH          =        F
   FERMIONLOOP           =        3
   LHA_SWITCH            =        F
   HEPMC_SWITCH          =        F
   LO_GRID               = grid2_1                                           
                           grid2_2                                           
                           grid2_3                                           
   NLO_GRID              = grid3_1                                           
                           grid3_2                                           
                           grid3_3                                           
   PHTN_GRID             = grid4_1                                           
                           grid4_2                                           
                           grid4_3                                           
   FLOOP_GRID            = grid5_1                                           
                           grid5_2                                           
                           grid5_3                                           
   ECM                   =  13600.0    
   BEAM1                 =        1
   BEAM2                 =        1
   ID_MUF                =        4
   ID_MUR                =        4
   MUF_USER              =  100.000    
   MUR_USER              =  100.000    
   XIF                   =  1.00000    
   XIR                   =  1.00000    
 Warning: cannot read value for key = SHOWTIMING. Using default value :  T
 
       information on the selected process 
 -----------------------------------------------
 
  pp -> Z Z A -> l+ l- l+ l- A
 
 Z Z photon production with subsequent decay of the Z bosons to leptons.
 Process is implemented at LO and NLO QCD.
 Anomalous couplings can be set in "anomV.dat".
 References: G. Bozzi, F. Campanario, V. Hankele et al.
 Phys. Rev. D81 (2010) 094030, e-Print: arXiv:0911.0438 [hep-ph]
 
             Information on PDF sets            
 -----------------------------------------------
 Initializing PDF set CT18
  
               Physics parameters
 -----------------------------------------------
   HTYPE                 =        0
   MODEL                 =        1
   ANOM_CPL              =        F
   KK_MOD                =        F
   SPIN2                 =        F
   HMASS                 =  125.000    
   HWIDTH                = -999.000    
   TOPMASS               =  172.500    
   BOTTOMMASS            =  4.85500    
   CHARMMASS             =  1.65000    
   TAU_MASS              =  1.77684    
   EWSCHEME              =        3
   FERMI_CONST           = 0.116637E-04
   WMASS                 =  80.3980    
   ZMASS                 =  91.1876    
   
 Running in the SM
   
 Higgs mass =   125.00000000000000     
   
   
  
 Information on scale setting in InitScales 
 -------------------------------------------
  
 Dynamical factorization scale chosen:
       invariant VVV mass 
 Dynamical value for alphas chosen:
 alphas = alpha(invariant VVV mass)
  
  
   Information on couplings, masses and widths
 ===============================================
  
   SM coupling parameters 
 ---------------------------
   G_Fermi                         : 0.000011663700
   SIN**2 of the weak mixing angle : 0.22264585
   Q.E.D. fine structure constant  : 1/132.34070    
   SU(2) coupling constant g       : 0.65305673
   U(1) coupling constant g'       : 0.34950127
   Q.C.D. LO alfas(MZ)             : 0.12980813
   Q.C.D. NLO alfas(MZ)            : 0.11798159
  
      particle masses
 ---------------------------
   mass of the Z0 boson            :   91.1876
   mass of the W+/- boson          :   80.3980
   mass of the Higgs boson         :  125.0000
   mass of the top quark           :  172.5000
   mass of the bottom quark at MH  :    2.8039
  (All other fermions have mass equal ZERO)
  
      particle widths
 ---------------------------
   total widths of Z0              :   2.508420 GeV
   total widths of W+ or W-        :   2.097673 GeV
   total widths of Higgs           :   0.004128 GeV
   total widths of top quark       :   1.342520 GeV
  
     branching ratios
 ---------------------------
   W -> lepton anti-lepton         : 10.8397227 %
   W -> massless quark anti-quark  : 33.7404159 %
   W -> top bottom                 :  0.0000000 %
  
   Z -> neutrino anti-neutrino     :  6.6129820 %
   Z -> charged lepton anti-lepton :  3.3460763 %
   Z -> up-type quark anti-quark   : 11.9908090 %
   Z -> down-type quark anti-quark : 15.3804024 %
   Z -> top anti-top               :  0.0000000 %
  
   H -> WW                         : 20.4628169 %
   H -> ZZ                         :  2.5390366 %
   H -> bottom anti-bottom         : 58.7489081 %
   H -> top anti-top               :  0.0000000 %
   H -> charm anti-charm           :  3.4901975 %
   H -> tau anti-tau               :  6.2665676 %
   H -> mu anti-mu                 :  0.0221853 %
   H -> gluon gluon                :  8.0504027 %
   H -> gamma gamma                :  0.2383715 %
   H -> Z gamma                    :  0.1815139 %
  
 Warning: cannot read value for key = MLL_OSONLY. Using default value :  T
 Warning: cannot read value for key = PTMISS_MIN. Using default value :    0.0000000000000000     
 Warning: cannot read value for key = EXISOLCUT. Using default value :    1.0000000000000000     
 Warning: cannot read value for key = MJ_WINDOWV. Using default value :    0.0000000000000000     
 
          information on cut parameters
 -----------------------------------------------
 
 minimum jet pt        (PT_JET_MIN):     20.00   
 maximum jet rapidity                 (Y_JET_MAX):    4.5000000000000000     
 maximum parton pseudorapidity          (Y_P_MAX):    5.0000000000000000     
 minimum jet-jet R-separation           (RJJ_MIN):   0.80000000000000004     
 minimum number of jets                (NJET_MIN):            0
 single jet from hadronic decay (SINGLE_DECAYJET):            0
 exponent of generalised kT algorithm (PGENKTJET):    1.0000000000000000     
 minimum lepton-lepton R-separation     (RLL_MIN):   0.29999999999999999     
 maximum lepton-lepton R-separation     (RLL_MAX):    50.000000000000000     
 minimum jet-lepton R-separation        (RJL_MIN):   0.40000000000000002     
 minimum jet-photon R-separation        (RJG_MIN):   0.69999999999999996     
 minimum lepton-photon R-separation     (RLG_MIN):   0.40000000000000002     
 minimum photon-photon R-separation     (RGG_MIN):    0.0000000000000000     
 maximum photon-photon R-separation     (RGG_MAX):    50.000000000000000     
 maximum lepton rapidity                (Y_L_MAX):    2.5000000000000000     
 minimum lepton pt       (PT_L_MIN):     20.00    20.00    20.00    20.00   
 minimum invariant dilepton mass        (MLL_MIN):    15.000000000000000     
 maximum invariant dilepton mass        (MLL_MAX):    14000.000000000000     
 m_ll cuts only on opposite-sign l   (MLL_OSONLY):  T
 maximum photon rapidity                (Y_G_MAX):    2.5000000000000000     
 minimum photon pt       (PT_G_MIN):     20.00   
 photon isolation cut                 (PHISOLCUT):   0.69999999999999996     
 efficiency of photon isolation cut   (EFISOLCUT):    1.0000000000000000     
 exponent of photon isolation cut   (EXISOLCUT):    1.0000000000000000     
 minimum invariant lepton-photon mass   (MLG_MIN):    0.0000000000000000     
 maximum invariant lepton-photon mass   (MLG_MAX):    1.0000000000000000E+020
 minimal missing transverse momentum (PTMISS_MIN):    0.0000000000000000     
 minimum jet rapidity separation      (ETAJJ_MIN):    0.0000000000000000     
 tagging jets in opposite hemispheres     (YSIGN):    F
 leptons fall inside rapidity gap     (LRAPIDGAP):    F
 min leptons y-dist from tagging jets   (DELY_JL):    0.0000000000000000     
 photons fall inside rapidity gap     (GRAPIDGAP):    T
 min photons y-dist from tagging jets   (DELY_JG):    0.0000000000000000     
 dijet min mass cut on tag jets        (MDIJ_MIN):    600.00000000000000     
 dijet max mass cut on tag jets        (MDIJ_MAX):    14000.000000000000     
 excluded jet-m window               (MJ_WINDOWV):    85.792800000000000        85.792800000000000     
 veto criteria for jets                   (JVETO):    F
 minimum veto-tag y-dist             (DELY_JVETO):    0.0000000000000000     
 maximum |y| for veto jet             (YMAX_VETO):    5.0000000000000000     
 minimum pT for veto jet             (PTMIN_VETO):    10.000000000000000     
 

 --------------------PHASE SPACE--------------------

 boson has mass    91.19 GeV and width     2.5084 GeV
 integration range for boson   2 =      0.032  to     9616.652 GeV
 boson has mass    91.19 GeV and width     2.5084 GeV
 integration range for boson   2 =      0.032  to     9616.652 GeV
 boson has mass     0.00 GeV and width     0.0000 GeV
 integration range for boson   1 =      0.032  to     9616.652 GeV

 machine energy =    13600.0  GeV

 ---------------------------------------------------

  Open error on file random.dat
  Using default values.
  Random number generator initialized with seed =            0
 
          information on histogram config
 -----------------------------------------------
 
  Open error on file histograms.dat
  Using default values.
 SMEARING           =      T
 SMEAR_VALUE        =       0.10000000000000001     
 CALC_ERROR_GNUPLOT =      F
 CALC_ERROR_ROOT    =      F
 CALC_ERROR_1D      =      T
 CALC_ERROR_2D      =      F
 
HIST_ID1      =      0.00    250.00  # dS/dpT_j (fb/GeV)
HIST_ID2      =      0.00    500.00  # dS/dpTmax_j (fb/GeV)
HIST_ID3      =      0.00    200.00  # dS/dpTmin_j (fb/GeV)
HIST_ID4      =     -5.00      5.00  # dS/dy_j (fb)
HIST_ID5      =     -5.00      5.00  # dS/dy_j1 (fb)
HIST_ID6      =     -5.00      5.00  # dS/dy_j2 (fb)
HIST_ID7      =      0.00    500.00  # dS/dpTmax_l (fb/GeV)
HIST_ID8      =      0.00    200.00  # dS/dpTmin_l (fb/GeV)
HIST_ID9      =      0.00      5.00  # dS/d|eta|max_l (fb)
HIST_ID10     =      0.00      5.00  # dS/d|eta|min_l (fb)
HIST_ID11     =   -180.00    180.00  # dS/dPhi_jj (fb)
2DHIST_ID1    =      0.00      6.00      0.00    800.00  # d2S/dy_jj dm_jj (fb/GeV)
 
 -----------------------------------------------
 
Starttime: 2024-04-30T16:03:16+0200
  
 PHASE SPACE           1
  

 MONACO input parameters:
 ndim = 12,  ncall =       2M,   rtype = 0
 nprn =  0,  acc = -1.0E+0,  alph =  8.75E-1,  nd = 48,  mds =  0

 MONACO:  continuing with uniform grid
  
 ZZA amplitude square information:
 -----------------------------------------------
  
  precalculated tensors initialized to                (0.0000000000000000,0.0000000000000000)
  External b-quark contributions are included

 iteration  1:
 integral =  3.433618E-02,  sigma = 6.597E-04
 efficacy = 6.972E-05,  raw efficacy = 6.972E-05
 f_positive = 1.929E-2,  f_zero = 9.807E-1,  f_negative = 0.000E+0
 accumulated statistics:
 integral =  3.433618E-02,  sigma = 6.597E-04,  chi^2/iteration = 0.000E+00

 MONACO:  grid written to file grid2_1.out.1

 MONACO input parameters:
 ndim = 12,  ncall =       4M,   rtype = 0
 nprn =  0,  acc = -1.0E+0,  alph =  8.75E-1,  nd = 48,  mds =  0

 iteration  2:
 integral =  3.470103E-02,  sigma = 1.318E-04
 efficacy = 2.873E-04,  raw efficacy = 3.261E-05
 f_positive = 1.263E-1,  f_zero = 8.737E-1,  f_negative = 0.000E+0
 accumulated statistics:
 integral =  3.468702E-02,  sigma = 1.293E-04,  chi^2/iteration = 2.941E+05

 MONACO:  grid written to file grid2_1.out.2

 MONACO input parameters:
 ndim = 12,  ncall =       8M,   rtype = 0
 nprn =  0,  acc = -1.0E+0,  alph =  8.75E-1,  nd = 48,  mds =  0

 iteration  3:
 integral =  3.500585E-02,  sigma = 7.184E-05
 efficacy = 2.126E-04,  raw efficacy = 3.083E-05
 f_positive = 1.948E-1,  f_zero = 8.052E-1,  f_negative = 0.000E+0
 accumulated statistics:
 integral =  3.493060E-02,  sigma = 6.280E-05,  chi^2/iteration = 4.942E+00

 MONACO:  grid written to file grid2_1.out.3

 MONACO input parameters:
 ndim = 12,  ncall =      16M,   rtype = 0
 nprn =  0,  acc = -1.0E+0,  alph =  8.75E-1,  nd = 48,  mds =  0

 iteration  4:
 integral =  3.488676E-02,  sigma = 4.612E-05
 efficacy = 2.146E-04,  raw efficacy = 1.461E-05
 f_positive = 2.127E-1,  f_zero = 7.873E-1,  f_negative = 0.000E+0
 accumulated statistics:
 integral =  3.490212E-02,  sigma = 3.717E-05,  chi^2/iteration = 2.629E+00

 MONACO:  grid written to file grid2_1.out.4

 MONACO input parameters:
 ndim = 12,  ncall =      32M,   rtype = 0
 nprn =  0,  acc = -1.0E+0,  alph =  8.75E-1,  nd = 48,  mds =  0

 iteration  5:
 integral =  3.490258E-02,  sigma = 3.081E-05
 efficacy = 2.954E-04,  raw efficacy = 1.318E-05
 f_positive = 2.216E-1,  f_zero = 7.784E-1,  f_negative = 0.000E+0
 accumulated statistics:
 integral =  3.490239E-02,  sigma = 2.372E-05,  chi^2/iteration = 1.753E+00

 MONACO:  grid written to file grid2_1.out.5

 MONACO input parameters:
 ndim = 12,  ncall =      64M,   rtype = 0
 nprn =  0,  acc = -1.0E+0,  alph =  8.75E-1,  nd = 48,  mds =  0

 iteration  6:
 integral =  3.489236E-02,  sigma = 2.297E-05
 efficacy = 1.285E-04,  raw efficacy = 1.107E-05
 f_positive = 2.269E-1,  f_zero = 7.731E-1,  f_negative = 0.000E+0
 accumulated statistics:
 integral =  3.489721E-02,  sigma = 1.650E-05,  chi^2/iteration = 1.338E+00

 MONACO:  grid written to file grid2_1.out.6
 
  result (LO):    3.4897212373961969E-002  +-    1.6500746022023350E-005  fb     4.7283851343768460E-002 %
 
  
 PHASE SPACE           2
  

 MONACO input parameters:
 ndim = 12,  ncall =       2M,   rtype = 0
 nprn =  0,  acc = -1.0E+0,  alph =  8.75E-1,  nd = 48,  mds =  0

 MONACO:  continuing with uniform grid

 iteration  1:
 integral =  2.831161E-02,  sigma = 1.643E-03
 efficacy = 3.190E-05,  raw efficacy = 3.190E-05
 f_positive = 5.194E-3,  f_zero = 9.948E-1,  f_negative = 0.000E+0
 accumulated statistics:
 integral =  2.831161E-02,  sigma = 1.643E-03,  chi^2/iteration = 5.684E-14

 MONACO:  grid written to file grid2_2.out.1

 MONACO input parameters:
 ndim = 12,  ncall =       4M,   rtype = 0
 nprn =  0,  acc = -1.0E+0,  alph =  8.75E-1,  nd = 48,  mds =  0

 iteration  2:
 integral =  2.845247E-02,  sigma = 2.328E-04
 efficacy = 1.749E-04,  raw efficacy = 2.870E-06
 f_positive = 4.250E-2,  f_zero = 9.575E-1,  f_negative = 0.000E+0
 accumulated statistics:
 integral =  2.844970E-02,  sigma = 2.305E-04,  chi^2/iteration = 7.207E+03

 MONACO:  grid written to file grid2_2.out.2

 MONACO input parameters:
 ndim = 12,  ncall =       8M,   rtype = 0
 nprn =  0,  acc = -1.0E+0,  alph =  8.75E-1,  nd = 48,  mds =  0

 iteration  3:
 integral =  2.823966E-02,  sigma = 9.416E-05
 efficacy = 9.220E-05,  raw efficacy = 3.300E-06
 f_positive = 7.327E-2,  f_zero = 9.267E-1,  f_negative = 0.000E+0
 accumulated statistics:
 integral =  2.826969E-02,  sigma = 8.717E-05,  chi^2/iteration = 7.187E-01

 MONACO:  grid written to file grid2_2.out.3

 MONACO input parameters:
 ndim = 12,  ncall =      16M,   rtype = 0
 nprn =  0,  acc = -1.0E+0,  alph =  8.75E-1,  nd = 48,  mds =  0

 iteration  4:
 integral =  2.837452E-02,  sigma = 5.134E-05
 efficacy = 2.229E-04,  raw efficacy = 2.550E-06
 f_positive = 8.909E-2,  f_zero = 9.109E-1,  f_negative = 0.000E+0
 accumulated statistics:
 integral =  2.834752E-02,  sigma = 4.424E-05,  chi^2/iteration = 8.962E-01

 MONACO:  grid written to file grid2_2.out.4

 MONACO input parameters:
 ndim = 12,  ncall =      32M,   rtype = 0
 nprn =  0,  acc = -1.0E+0,  alph =  8.75E-1,  nd = 48,  mds =  0

 iteration  5:
 integral =  2.825314E-02,  sigma = 3.271E-05
 efficacy = 1.485E-04,  raw efficacy = 2.001E-06
 f_positive = 9.585E-2,  f_zero = 9.041E-1,  f_negative = 0.000E+0
 accumulated statistics:
 integral =  2.828650E-02,  sigma = 2.630E-05,  chi^2/iteration = 1.578E+00

 MONACO:  grid written to file grid2_2.out.5

 MONACO input parameters:
 ndim = 12,  ncall =      64M,   rtype = 0
 nprn =  0,  acc = -1.0E+0,  alph =  8.75E-1,  nd = 48,  mds =  0

 iteration  6:
 integral =  2.835109E-02,  sigma = 5.336E-05
 efficacy = 8.783E-06,  raw efficacy = 2.658E-06
 f_positive = 9.908E-2,  f_zero = 9.009E-1,  f_negative = 0.000E+0
 accumulated statistics:
 integral =  2.829912E-02,  sigma = 2.359E-05,  chi^2/iteration = 1.479E+00

 MONACO:  grid written to file grid2_2.out.6
 
  result (LO):    2.8299119964512995E-002  +-    2.3590574474489883E-005  fb     8.3361512669200971E-002 %
 
  
 PHASE SPACE           3
  

 MONACO input parameters:
 ndim = 12,  ncall =       2M,   rtype = 0
 nprn =  0,  acc = -1.0E+0,  alph =  8.75E-1,  nd = 48,  mds =  0

 MONACO:  continuing with uniform grid

 iteration  1:
 integral =  3.119867E-02,  sigma = 2.348E-03
 efficacy = 1.157E-05,  raw efficacy = 1.157E-05
 f_positive = 3.832E-3,  f_zero = 9.962E-1,  f_negative = 0.000E+0
 accumulated statistics:
 integral =  3.119867E-02,  sigma = 2.348E-03,  chi^2/iteration = 0.000E+00

 MONACO:  grid written to file grid2_3.out.1

 MONACO input parameters:
 ndim = 12,  ncall =       4M,   rtype = 0
 nprn =  0,  acc = -1.0E+0,  alph =  8.75E-1,  nd = 48,  mds =  0

 iteration  2:
 integral =  2.797800E-02,  sigma = 2.676E-04
 efficacy = 4.213E-05,  raw efficacy = 4.591E-06
 f_positive = 4.400E-2,  f_zero = 9.560E-1,  f_negative = 0.000E+0
 accumulated statistics:
 integral =  2.801928E-02,  sigma = 2.658E-04,  chi^2/iteration = 1.857E+06

 MONACO:  grid written to file grid2_3.out.2

 MONACO input parameters:
 ndim = 12,  ncall =       8M,   rtype = 0
 nprn =  0,  acc = -1.0E+0,  alph =  8.75E-1,  nd = 48,  mds =  0

 iteration  3:
 integral =  2.828104E-02,  sigma = 1.025E-04
 efficacy = 3.480E-04,  raw efficacy = 2.884E-06
 f_positive = 6.858E-2,  f_zero = 9.314E-1,  f_negative = 0.000E+0
 accumulated statistics:
 integral =  2.824718E-02,  sigma = 9.561E-05,  chi^2/iteration = 2.701E+00

 MONACO:  grid written to file grid2_3.out.3

 MONACO input parameters:
 ndim = 12,  ncall =      16M,   rtype = 0
 nprn =  0,  acc = -1.0E+0,  alph =  8.75E-1,  nd = 48,  mds =  0

 iteration  4:
 integral =  2.818041E-02,  sigma = 5.142E-05
 efficacy = 5.553E-04,  raw efficacy = 2.662E-06
 f_positive = 8.581E-2,  f_zero = 9.142E-1,  f_negative = 0.000E+0
 accumulated statistics:
 integral =  2.819539E-02,  sigma = 4.529E-05,  chi^2/iteration = 1.540E+00

 MONACO:  grid written to file grid2_3.out.4

 MONACO input parameters:
 ndim = 12,  ncall =      32M,   rtype = 0
 nprn =  0,  acc = -1.0E+0,  alph =  8.75E-1,  nd = 48,  mds =  0

 iteration  5:
 integral =  2.829527E-02,  sigma = 3.245E-05
 efficacy = 2.425E-04,  raw efficacy = 2.136E-06
 f_positive = 9.458E-2,  f_zero = 9.054E-1,  f_negative = 0.000E+0
 accumulated statistics:
 integral =  2.826139E-02,  sigma = 2.638E-05,  chi^2/iteration = 2.098E+00

 MONACO:  grid written to file grid2_3.out.5

 MONACO input parameters:
 ndim = 12,  ncall =      64M,   rtype = 0
 nprn =  0,  acc = -1.0E+0,  alph =  8.75E-1,  nd = 48,  mds =  0

 iteration  6:
 integral =  2.826285E-02,  sigma = 2.235E-05
 efficacy = 1.480E-04,  raw efficacy = 1.953E-06
 f_positive = 9.834E-2,  f_zero = 9.017E-1,  f_negative = 0.000E+0
 accumulated statistics:
 integral =  2.826224E-02,  sigma = 1.705E-05,  chi^2/iteration = 1.574E+00

 MONACO:  grid written to file grid2_3.out.6
 
  result (LO):    2.8262239642950698E-002  +-    1.7050869524807613E-005  fb     6.0330921187488139E-002 %
 
 
  Total (multi-channel) result (LO):    9.1458571981425665E-002  +-    3.3459258432783385E-005  fb     3.6584059545100522E-002 %
  
   
 Initialising FF ..
   
 ====================================================
   FF 2.0, a package to evaluate one-loop integrals
 written by G. J. van Oldenborgh, NIKHEF-H, Amsterdam
 ====================================================
 for the algorithms used see preprint NIKHEF-H 89/17,
 'New Algorithms for One-loop Integrals', by G.J. van
 Oldenborgh and J.A.M. Vermaseren, published in 
 Zeitschrift fuer Physik C46(1990)425.
 ====================================================
  
 PHASE SPACE            1
  

 MONACO input parameters:
 ndim = 12,  ncall =      64M,   rtype = 0
 nprn =  0,  acc = -1.0E+0,  alph =  8.75E-1,  nd = 48,  mds =  0

 MONACO:  grid read from file grid2_1.out.6                                                                                                                                                                                                                                             

 iteration  1:
 integral =  3.834242E-02,  sigma = 2.399E-05
 efficacy = 2.628E-04,  raw efficacy = 5.755E-06
 f_positive = 2.215E-1,  f_zero = 7.785E-1,  f_negative = 0.000E+0
 accumulated statistics:
 integral =  3.834242E-02,  sigma = 2.399E-05,  chi^2/iteration = 4.657E-10

 MONACO:  grid written to file grid2_1.vout.1
  
  result for virtual contribution, no.            1
  sigma =    3.8342419173806375E-002  +-    2.3989296899176885E-005  fb  
  
 total result for virtual contns so far 
  sigma =    3.8342419173806375E-002  +-    2.3989296899176885E-005  fb
  

 MONACO input parameters:
 ndim = 12,  ncall =      16M,   rtype = 0
 nprn =  0,  acc = -1.0E+0,  alph =  8.75E-1,  nd = 48,  mds =  0

 MONACO:  grid read from file grid2_1.out.6                                                                                                                                                                                                                                             

 iteration  1:
 integral =  5.296906E-04,  sigma = 2.214E-06
 efficacy = 7.492E-05,  raw efficacy = 1.548E-06
 f_positive = 1.712E-1,  f_zero = 7.788E-1,  f_negative = 5.005E-2
 accumulated statistics:
 integral =  5.296906E-04,  sigma = 2.214E-06,  chi^2/iteration = 0.000E+00

 MONACO:  grid written to file grid2_1.vout.2
  
  result for virtual contribution, no.            2
  sigma =    5.2969061875367089E-004  +-    2.2137738579775876E-006  fb  
  
 total result for virtual contns so far 
  sigma =    3.8872109792560047E-002  +-    2.4091225797188540E-005  fb
  

 MONACO input parameters:
 ndim = 12,  ncall =       4M,   rtype = 0
 nprn =  0,  acc = -1.0E+0,  alph =  8.75E-1,  nd = 48,  mds =  0

 MONACO:  grid read from file grid2_1.out.6                                                                                                                                                                                                                                             

 iteration  1:
 integral =  2.579825E-03,  sigma = 1.278E-05
 efficacy = 6.515E-05,  raw efficacy = 2.191E-05
 f_positive = 1.915E-1,  f_zero = 7.786E-1,  f_negative = 2.987E-2
 accumulated statistics:
 integral =  2.579825E-03,  sigma = 1.278E-05,  chi^2/iteration = 7.276E-12

 MONACO:  grid written to file grid2_1.vout.3
  
  result for virtual contribution, no.            3
  sigma =    2.5798246542389431E-003  +-    1.2781897605573967E-005  fb  
  
 total result for virtual contns so far 
  sigma =    4.1451934446798989E-002  +-    2.7272038185850724E-005  fb
  
  
 PHASE SPACE            2
  

 MONACO input parameters:
 ndim = 12,  ncall =      64M,   rtype = 0
 nprn =  0,  acc = -1.0E+0,  alph =  8.75E-1,  nd = 48,  mds =  0

 MONACO:  grid read from file grid2_2.out.6                                                                                                                                                                                                                                             

 iteration  1:
 integral =  3.158889E-02,  sigma = 3.642E-05
 efficacy = 8.379E-05,  raw efficacy = 1.941E-06
 f_positive = 8.627E-2,  f_zero = 9.137E-1,  f_negative = 0.000E+0
 accumulated statistics:
 integral =  3.158889E-02,  sigma = 3.642E-05,  chi^2/iteration = 0.000E+00

 MONACO:  grid written to file grid2_2.vout.1
  
  result for virtual contribution, no.            1
  sigma =    3.1588886937250898E-002  +-    3.6415091475771439E-005  fb  
  
 total result for virtual contns so far 
  sigma =    3.1588886937250898E-002  +-    3.6415091475771439E-005  fb
  

 MONACO input parameters:
 ndim = 12,  ncall =      16M,   rtype = 0
 nprn =  0,  acc = -1.0E+0,  alph =  8.75E-1,  nd = 48,  mds =  0

 MONACO:  grid read from file grid2_2.out.6                                                                                                                                                                                                                                             

 iteration  1:
 integral =  1.774774E-03,  sigma = 9.035E-06
 efficacy = 1.634E-05,  raw efficacy = 4.361E-06
 f_positive = 7.632E-2,  f_zero = 9.136E-1,  f_negative = 1.003E-2
 accumulated statistics:
 integral =  1.774774E-03,  sigma = 9.035E-06,  chi^2/iteration = 0.000E+00

 MONACO:  grid written to file grid2_2.vout.2
  
  result for virtual contribution, no.            2
  sigma =    1.7747739437045608E-003  +-    9.0352156996882174E-006  fb  
  
 total result for virtual contns so far 
  sigma =    3.3363660880955458E-002  +-    3.7519248525639397E-005  fb
  

 MONACO input parameters:
 ndim = 12,  ncall =       4M,   rtype = 0
 nprn =  0,  acc = -1.0E+0,  alph =  8.75E-1,  nd = 48,  mds =  0

 MONACO:  grid read from file grid2_2.out.6                                                                                                                                                                                                                                             

 iteration  1:
 integral =  3.771832E-05,  sigma = 7.419E-07
 efficacy = 4.791E-05,  raw efficacy = 3.459E-07
 f_positive = 5.433E-2,  f_zero = 9.137E-1,  f_negative = 3.200E-2
 accumulated statistics:
 integral =  3.771832E-05,  sigma = 7.419E-07,  chi^2/iteration = 0.000E+00

 MONACO:  grid written to file grid2_2.vout.3
  
  result for virtual contribution, no.            3
  sigma =    3.7718320283653820E-005  +-    7.4185200452258821E-007  fb  
  
 total result for virtual contns so far 
  sigma =    3.3401379201239111E-002  +-    3.7526581969655964E-005  fb
  
  
 PHASE SPACE            3
  

 MONACO input parameters:
 ndim = 12,  ncall =      64M,   rtype = 0
 nprn =  0,  acc = -1.0E+0,  alph =  8.75E-1,  nd = 48,  mds =  0

 MONACO:  grid read from file grid2_3.out.6                                                                                                                                                                                                                                             

 iteration  1:
 integral =  3.153353E-02,  sigma = 2.632E-05
 efficacy = 6.960E-05,  raw efficacy = 2.527E-06
 f_positive = 9.896E-2,  f_zero = 9.010E-1,  f_negative = 0.000E+0
 accumulated statistics:
 integral =  3.153353E-02,  sigma = 2.632E-05,  chi^2/iteration = 0.000E+00

 MONACO:  grid written to file grid2_3.vout.1
  
  result for virtual contribution, no.            1
  sigma =    3.1533534540394294E-002  +-    2.6316977982335720E-005  fb  
  
 total result for virtual contns so far 
  sigma =    3.1533534540394294E-002  +-    2.6316977982335720E-005  fb
  

 MONACO input parameters:
 ndim = 12,  ncall =      16M,   rtype = 0
 nprn =  0,  acc = -1.0E+0,  alph =  8.75E-1,  nd = 48,  mds =  0

 MONACO:  grid read from file grid2_3.out.6                                                                                                                                                                                                                                             

 iteration  1:
 integral =  1.772998E-03,  sigma = 3.939E-06
 efficacy = 1.607E-04,  raw efficacy = 3.034E-06
 f_positive = 8.831E-2,  f_zero = 9.011E-1,  f_negative = 1.062E-2
 accumulated statistics:
 integral =  1.772998E-03,  sigma = 3.939E-06,  chi^2/iteration = 0.000E+00

 MONACO:  grid written to file grid2_3.vout.2
  
  result for virtual contribution, no.            2
  sigma =    1.7729981743092296E-003  +-    3.9390525618809654E-006  fb  
  
 total result for virtual contns so far 
  sigma =    3.3306532714703525E-002  +-    2.6610138391372639E-005  fb
  

 MONACO input parameters:
 ndim = 12,  ncall =       4M,   rtype = 0
 nprn =  0,  acc = -1.0E+0,  alph =  8.75E-1,  nd = 48,  mds =  0

 MONACO:  grid read from file grid2_3.out.6                                                                                                                                                                                                                                             

 iteration  1:
 integral =  3.773456E-05,  sigma = 1.091E-06
 efficacy = 1.459E-05,  raw efficacy = 2.919E-07
 f_positive = 6.278E-2,  f_zero = 9.010E-1,  f_negative = 3.618E-2
 accumulated statistics:
 integral =  3.773456E-05,  sigma = 1.091E-06,  chi^2/iteration = 0.000E+00

 MONACO:  grid written to file grid2_3.vout.3
  
  result for virtual contribution, no.            3
  sigma =    3.7734562314456461E-005  +-    1.0909111685773786E-006  fb  
  
 total result for virtual contns so far 
  sigma =    3.3344267277017982E-002  +-    2.6632490540423194E-005  fb
  
 
  Total (multi-channel) result (NLO virtual):   0.10819758092505607       +-    5.3491101816297818E-005  fb     4.9438352834661671E-002 %
 
   
 Summary for FF ..
   
 
total number of errors and warnings
===================================
vbffferr: no errors
the warning system has been disabled
 
  
 PHASE SPACE            1
  

 MONACO input parameters:
 ndim = 15,  ncall =       2M,   rtype = 0
 nprn =  0,  acc = -1.0E+0,  alph =  8.75E-1,  nd = 48,  mds =  0

 MONACO:  continuing with uniform grid
  External b-quark contributions are included
  
  creal =   -6.5797362673929038       cvirtual =    5.1594725347858095     
  

 iteration  1:
 integral =  1.604292E-03,  sigma = 8.161E-04
 efficacy = 1.806E-06,  raw efficacy = 1.806E-06
 f_positive = 1.376E-2,  f_zero = 9.688E-1,  f_negative = 1.739E-2
 accumulated statistics:
 integral =  1.604292E-03,  sigma = 8.161E-04,  chi^2/iteration = 0.000E+00

 MONACO:  grid written to file grid3_1.out.1

 MONACO input parameters:
 ndim = 15,  ncall =       4M,   rtype = 0
 nprn =  0,  acc = -1.0E+0,  alph =  8.75E-1,  nd = 48,  mds =  0

 iteration  2:
 integral =  1.014560E-03,  sigma = 2.959E-04
 efficacy = 1.498E-06,  raw efficacy = 1.416E-07
 f_positive = 7.581E-2,  f_zero = 8.484E-1,  f_negative = 7.576E-2
 accumulated statistics:
 integral =  1.083074E-03,  sigma = 2.782E-04,  chi^2/iteration = 4.615E+05

 MONACO:  grid written to file grid3_1.out.2

 MONACO input parameters:
 ndim = 15,  ncall =       8M,   rtype = 0
 nprn =  0,  acc = -1.0E+0,  alph =  8.75E-1,  nd = 48,  mds =  0

 iteration  3:
 integral =  1.576688E-03,  sigma = 1.159E-04
 efficacy = 4.351E-06,  raw efficacy = 9.027E-08
 f_positive = 1.162E-1,  f_zero = 7.782E-1,  f_negative = 1.056E-1
 accumulated statistics:
 integral =  1.503637E-03,  sigma = 1.070E-04,  chi^2/iteration = 3.144E+00

 MONACO:  grid written to file grid3_1.out.3

 MONACO input parameters:
 ndim = 15,  ncall =      16M,   rtype = 0
 nprn =  0,  acc = -1.0E+0,  alph =  8.75E-1,  nd = 48,  mds =  0

 iteration  4:
 integral =  1.598510E-03,  sigma = 7.985E-05
 efficacy = 3.141E-06,  raw efficacy = 2.479E-08
 f_positive = 1.323E-1,  f_zero = 7.507E-1,  f_negative = 1.170E-1
 accumulated statistics:
 integral =  1.564579E-03,  sigma = 6.400E-05,  chi^2/iteration = 1.825E+00

 MONACO:  grid written to file grid3_1.out.4

 MONACO input parameters:
 ndim = 15,  ncall =      32M,   rtype = 0
 nprn =  0,  acc = -1.0E+0,  alph =  8.75E-1,  nd = 48,  mds =  0

 iteration  5:
 integral =  1.557346E-03,  sigma = 4.595E-05
 efficacy = 6.835E-06,  raw efficacy = 9.217E-09
 f_positive = 1.353E-1,  f_zero = 7.429E-1,  f_negative = 1.219E-1
 accumulated statistics:
 integral =  1.559806E-03,  sigma = 3.733E-05,  chi^2/iteration = 1.219E+00

 MONACO:  grid written to file grid3_1.out.5

 MONACO input parameters:
 ndim = 15,  ncall =      64M,   rtype = 0
 nprn =  0,  acc = -1.0E+0,  alph =  8.75E-1,  nd = 48,  mds =  0

 iteration  6:
 integral =  1.588427E-03,  sigma = 3.658E-05
 efficacy = 1.245E-06,  raw efficacy = 5.338E-09
 f_positive = 1.352E-1,  f_zero = 7.427E-1,  f_negative = 1.220E-1
 accumulated statistics:
 integral =  1.574406E-03,  sigma = 2.613E-05,  chi^2/iteration = 9.894E-01

 MONACO:  grid written to file grid3_1.out.6
 
  result for real emissions 
  sigma =    1.5744061847924550E-003  +-    2.6125067978842131E-005  fb
  
  
 PHASE SPACE            2
  

 MONACO input parameters:
 ndim = 15,  ncall =       2M,   rtype = 0
 nprn =  0,  acc = -1.0E+0,  alph =  8.75E-1,  nd = 48,  mds =  0

 MONACO:  continuing with uniform grid

 iteration  1:
 integral =  1.123377E-03,  sigma = 2.485E-03
 efficacy = 3.212E-07,  raw efficacy = 3.212E-07
 f_positive = 2.067E-2,  f_zero = 9.552E-1,  f_negative = 2.417E-2
 accumulated statistics:
 integral =  1.123377E-03,  sigma = 2.485E-03,  chi^2/iteration = 2.776E-17

 MONACO:  grid written to file grid3_2.out.1

 MONACO input parameters:
 ndim = 15,  ncall =       4M,   rtype = 0
 nprn =  0,  acc = -1.0E+0,  alph =  8.75E-1,  nd = 48,  mds =  0

 iteration  2:
 integral =  8.566257E-04,  sigma = 5.601E-04
 efficacy = 6.368E-07,  raw efficacy = 5.120E-09
 f_positive = 6.566E-2,  f_zero = 8.805E-1,  f_negative = 5.385E-2
 accumulated statistics:
 integral =  8.695179E-04,  sigma = 5.464E-04,  chi^2/iteration = 1.096E+04

 MONACO:  grid written to file grid3_2.out.2

 MONACO input parameters:
 ndim = 15,  ncall =       8M,   rtype = 0
 nprn =  0,  acc = -1.0E+0,  alph =  8.75E-1,  nd = 48,  mds =  0

 iteration  3:
 integral =  7.794548E-04,  sigma = 2.932E-04
 efficacy = 5.611E-07,  raw efficacy = 4.146E-09
 f_positive = 7.041E-2,  f_zero = 8.710E-1,  f_negative = 5.856E-2
 accumulated statistics:
 integral =  7.995922E-04,  sigma = 2.583E-04,  chi^2/iteration = 3.206E-02

 MONACO:  grid written to file grid3_2.out.3

 MONACO input parameters:
 ndim = 15,  ncall =      16M,   rtype = 0
 nprn =  0,  acc = -1.0E+0,  alph =  8.75E-1,  nd = 48,  mds =  0

 iteration  4:
 integral =  8.567809E-04,  sigma = 1.462E-04
 efficacy = 8.164E-07,  raw efficacy = 5.988E-10
 f_positive = 6.145E-2,  f_zero = 8.785E-1,  f_negative = 6.008E-2
 accumulated statistics:
 integral =  8.429155E-04,  sigma = 1.272E-04,  chi^2/iteration = 3.459E-02

 MONACO:  grid written to file grid3_2.out.4

 MONACO input parameters:
 ndim = 15,  ncall =      32M,   rtype = 0
 nprn =  0,  acc = -1.0E+0,  alph =  8.75E-1,  nd = 48,  mds =  0

 iteration  5:
 integral =  1.293022E-03,  sigma = 1.190E-04
 efficacy = 5.102E-07,  raw efficacy = 6.644E-10
 f_positive = 5.685E-2,  f_zero = 8.858E-1,  f_negative = 5.737E-2
 accumulated statistics:
 integral =  1.082968E-03,  sigma = 8.690E-05,  chi^2/iteration = 2.249E+00

 MONACO:  grid written to file grid3_2.out.5

 MONACO input parameters:
 ndim = 15,  ncall =      64M,   rtype = 0
 nprn =  0,  acc = -1.0E+0,  alph =  8.75E-1,  nd = 48,  mds =  0

 iteration  6:
 integral =  1.295530E-03,  sigma = 6.381E-05
 efficacy = 8.342E-07,  raw efficacy = 5.467E-10
 f_positive = 5.014E-2,  f_zero = 8.930E-1,  f_negative = 5.689E-2
 accumulated statistics:
 integral =  1.221068E-03,  sigma = 5.143E-05,  chi^2/iteration = 2.658E+00

 MONACO:  grid written to file grid3_2.out.6
 
  result for real emissions 
  sigma =    1.2210675169465513E-003  +-    5.1433711003428239E-005  fb
  
  
 PHASE SPACE            3
  

 MONACO input parameters:
 ndim = 15,  ncall =       2M,   rtype = 0
 nprn =  0,  acc = -1.0E+0,  alph =  8.75E-1,  nd = 48,  mds =  0

 MONACO:  continuing with uniform grid

 iteration  1:
 integral = -2.159339E-03,  sigma = 2.685E-03
 efficacy = 7.140E-07,  raw efficacy = 7.140E-07
 f_positive = 2.047E-2,  f_zero = 9.552E-1,  f_negative = 2.432E-2
 accumulated statistics:
 integral = -2.159339E-03,  sigma = 2.685E-03,  chi^2/iteration = 0.000E+00

 MONACO:  grid written to file grid3_3.out.1

 MONACO input parameters:
 ndim = 15,  ncall =       4M,   rtype = 0
 nprn =  0,  acc = -1.0E+0,  alph =  8.75E-1,  nd = 48,  mds =  0

 iteration  2:
 integral =  1.296495E-03,  sigma = 4.570E-04
 efficacy = 1.454E-06,  raw efficacy = 2.960E-08
 f_positive = 7.182E-2,  f_zero = 8.734E-1,  f_negative = 5.482E-2
 accumulated statistics:
 integral =  1.199221E-03,  sigma = 4.505E-04,  chi^2/iteration = 1.610E+06

 MONACO:  grid written to file grid3_3.out.2

 MONACO input parameters:
 ndim = 15,  ncall =       8M,   rtype = 0
 nprn =  0,  acc = -1.0E+0,  alph =  8.75E-1,  nd = 48,  mds =  0

 iteration  3:
 integral =  1.275567E-03,  sigma = 2.732E-04
 efficacy = 1.252E-06,  raw efficacy = 1.409E-09
 f_positive = 7.359E-2,  f_zero = 8.682E-1,  f_negative = 5.826E-2
 accumulated statistics:
 integral =  1.255036E-03,  sigma = 2.336E-04,  chi^2/iteration = 1.631E+00

 MONACO:  grid written to file grid3_3.out.3

 MONACO input parameters:
 ndim = 15,  ncall =      16M,   rtype = 0
 nprn =  0,  acc = -1.0E+0,  alph =  8.75E-1,  nd = 48,  mds =  0

 iteration  4:
 integral =  1.109938E-03,  sigma = 9.822E-05
 efficacy = 3.327E-06,  raw efficacy = 6.416E-10
 f_positive = 6.275E-2,  f_zero = 8.780E-1,  f_negative = 5.929E-2
 accumulated statistics:
 integral =  1.131731E-03,  sigma = 9.054E-05,  chi^2/iteration = 9.792E-01

 MONACO:  grid written to file grid3_3.out.4

 MONACO input parameters:
 ndim = 15,  ncall =      32M,   rtype = 0
 nprn =  0,  acc = -1.0E+0,  alph =  8.75E-1,  nd = 48,  mds =  0

 iteration  5:
 integral =  1.184241E-03,  sigma = 7.537E-05
 efficacy = 1.382E-06,  raw efficacy = 4.506E-10
 f_positive = 5.744E-2,  f_zero = 8.813E-1,  f_negative = 6.129E-2
 accumulated statistics:
 integral =  1.162750E-03,  sigma = 5.792E-05,  chi^2/iteration = 7.190E-01

 MONACO:  grid written to file grid3_3.out.5

 MONACO input parameters:
 ndim = 15,  ncall =      64M,   rtype = 0
 nprn =  0,  acc = -1.0E+0,  alph =  8.75E-1,  nd = 48,  mds =  0

 iteration  6:
 integral =  1.258851E-03,  sigma = 9.499E-05
 efficacy = 2.531E-07,  raw efficacy = 4.451E-10
 f_positive = 5.039E-2,  f_zero = 8.926E-1,  f_negative = 5.705E-2
 accumulated statistics:
 integral =  1.188798E-03,  sigma = 4.945E-05,  chi^2/iteration = 7.258E-01

 MONACO:  grid written to file grid3_3.out.6
 
  result for real emissions 
  sigma =    1.1887984718132955E-003  +-    4.9454840543953055E-005  fb
  
 
  Total (multi-channel) result (NLO real):    3.9842721735523015E-003  +-    7.5985044960907405E-005  fb     1.9071248562108289      %
 
  
  final result at NLO 
  sigma =   0.11218185309860838       +-    9.2924835384479752E-005  fb   8.2834106246041747E-002 %
 LO for different PHASESPACE:
   3.4897212373961969E-002  +-    1.6500746022023350E-005  fb   4.7283851343768460E-002
   2.8299119964512995E-002  +-    2.3590574474489883E-005  fb   8.3361512669200971E-002
   2.8262239642950698E-002  +-    1.7050869524807613E-005  fb   6.0330921187488139E-002
 
  
  
 VIRTUAL CONTRIBUTIONS for different PHASESPACE:
  borntype for different PHASESPACE:
   3.8342419173806375E-002  +-    2.3989296899176885E-005  fb   6.2565945018840066E-002
   3.1588886937250898E-002  +-    3.6415091475771439E-005  fb  0.11527817218791994     
   3.1533534540394294E-002  +-    2.6316977982335720E-005  fb   8.3457114357490772E-002
  boxes for different PHASESPACE:
   5.2969061875367089E-004  +-    2.2137738579775876E-006  fb  0.41793714662843379     
   1.7747739437045608E-003  +-    9.0352156996882174E-006  fb  0.50909107223135297     
   1.7729981743092296E-003  +-    3.9390525618809654E-006  fb  0.22216901398760000     
 pentagons for different PHASESPACE:
   2.5798246542389431E-003  +-    1.2781897605573967E-005  fb  0.49545606072768811     
   3.7718320283653820E-005  +-    7.4185200452258821E-007  fb   1.9668214250889862     
   3.7734562314456461E-005  +-    1.0909111685773786E-006  fb   2.8910131764253708     
   
 TOTAL VIRTUAL CONTRIBUTIONS:
 TOTAL borntype:
  0.10146484065145156        5.0932588615035097E-005   5.0197278474025234E-002  %
 TOTAL boxes:
   4.0774627367674617E-003   1.0102081593385515E-005  0.24775411194546593       %
 TOTAL pentagons:
   2.6552775368370533E-003   1.2849799141376435E-005  0.48393431432719536       %
  
  
  REAL EMISSION for different PHASESPACE:
   1.5744061847924550E-003   2.6125067978842131E-005   1.6593600959644383       %
   1.2210675169465513E-003   5.1433711003428239E-005   4.2121922243943866       %
   1.1887984718132955E-003   4.9454840543953055E-005   4.1600693234841311       %
  
  
  
 !!!!!!!!!!!!!!!!!!!!!!!!!!!!!!!!!!!!!!!!!!!!!!!!!!!!!!!!!!!!!!!!!!!!!!!!!!!!!!!!!!!!!!!!!!!!!!!!!!!!!!!!
   
  PROCESS:          470   :   p p -->  ZZA -->  e- e+ mu- mu+ A
   
  TOTAL result (LO):        0.09145857198143  +-    0.00003345925843 fb    0.03658405954510 %
  NLO virtual result:       0.10819758092506  +-    0.00005349110182 fb    0.04943835283466 %
  QCD real emission:        0.00398427217355  +-    0.00007598504496 fb    1.90712485621083 %
  TOTAL result (NLO):       0.11218185309861  +-    0.00009292483538 fb    0.08283410624604 %
  K-Factor:                  1.2265865371415532     
 !!!!!!!!!!!!!!!!!!!!!!!!!!!!!!!!!!!!!!!!!!!!!!!!!!!!!!!!!!!!!!!!!!!!!!!!!!!!!!!!!!!!!!!!!!!!!!!!!!!!!!!!
  
  
  Endtime: 2024-04-30T21:59:28+0200
  Runtime: 5:56:12 (21372 seconds)
