   
 -----------------------------------------------------------------
 VBFNLO, version 3.0.0 GIT 1571c2fe
 Comput. Phys. Commun. 180 (2009) 1661[arXiv:0811.4559 [hep-ph]]
 arXiV:1107.4038, arXiV:1207.4975, arXiv:1404.3940
 http://www.itp.kit.edu/vbfnlo
 -----------------------------------------------------------------
 Process-specific references (please cite as well if appropriate):
 V. Hankele, D. Zeppenfeld
 Phys. Lett. B661 (2008) 103, e-Print: arXiv:0712.3544 [hep-ph]
 B. Feigl, PhD-thesis, http://digbib.ubka.uni-karlsruhe.de/volltexte/1000037298
 
 
 -----------------------------------------------------------------
   
   
  
        Information on global parameters
 -----------------------------------------------
   PROCESS               =      403
   LOPROCESS_PLUS_JET    =        F
   KK_MOD                =        F
   ANOM_CPL              =        F
   LEPTONS               =    12  -11   13  -14
   DECAY_QUARKS          =    93
   LO_ITERATIONS         =        1
   NLO_ITERATIONS        =        1
   LO_POINTS             =       10
   NLO_POINTS            =       10
   NLO_SWITCH            =        T
   EWCOR_SWITCH          =        F
   FERMIONLOOP           =        0
 Warning: cannot read value for key = NLO_SEMILEP_DECAY. Using default value :            0
   LHA_SWITCH            =        F
   HEPMC_SWITCH          =        F
   LO_GRID               = grid2_1                                           
   NLO_GRID              = grid3_1                                           
   PHTN_GRID             = grid4_1                                           
   FLOOP_GRID            = grid5_1                                           
   ECM                   =  13600.0    
   BEAM1                 =        1
   BEAM2                 =        1
   ID_MUF                =        4
   ID_MUR                =        4
   MUF_USER              =  100.000    
   MUR_USER              =  100.000    
   XIF                   =  1.00000    
   XIR                   =  1.00000    
 Warning: cannot read value for key = SHOWTIMING. Using default value :  T
 
       information on the selected process 
 -----------------------------------------------
 
  pp -> W+ W- Z -> q q~ l+ vl l- vl~
 
 W+ W- Z production with subsequent decay of the Z to quarks and W+ and W- to leptons.
 Process is implemented at LO and NLO QCD.
 Anomalous couplings can be set in "anomV.dat".
 References: V. Hankele, D. Zeppenfeld
 Phys. Lett. B661 (2008) 103, e-Print: arXiv:0712.3544 [hep-ph]
 B. Feigl, PhD-thesis, http://digbib.ubka.uni-karlsruhe.de/volltexte/1000037298
 
 
             Information on PDF sets            
 -----------------------------------------------
 Initializing PDF set CT18
  
               Physics parameters
 -----------------------------------------------
   HTYPE                 =        0
   MODEL                 =        1
   ANOM_CPL              =        F
   KK_MOD                =        F
   SPIN2                 =        F
   HMASS                 =  125.000    
   HWIDTH                = -999.000    
   TOPMASS               =  172.500    
   BOTTOMMASS            =  4.85500    
   CHARMMASS             =  1.65000    
   TAU_MASS              =  1.77684    
   EWSCHEME              =        3
   FERMI_CONST           = 0.116637E-04
   WMASS                 =  80.3980    
   ZMASS                 =  91.1876    
   
 Running in the SM
   
 Higgs mass =   125.00000000000000     
   
   
  
 Information on scale setting in InitScales 
 -------------------------------------------
  
 Dynamical factorization scale chosen:
       invariant VVV mass 
 Dynamical value for alphas chosen:
 alphas = alpha(invariant VVV mass)
  
  
   Information on couplings, masses and widths
 ===============================================
  
   SM coupling parameters 
 ---------------------------
   G_Fermi                         : 0.000011663700
   SIN**2 of the weak mixing angle : 0.22264585
   Q.E.D. fine structure constant  : 1/132.34070    
   SU(2) coupling constant g       : 0.65305673
   U(1) coupling constant g'       : 0.34950127
   Q.C.D. LO alfas(MZ)             : 0.12980813
   Q.C.D. NLO alfas(MZ)            : 0.11798159
  
      particle masses
 ---------------------------
   mass of the Z0 boson            :   91.1876
   mass of the W+/- boson          :   80.3980
   mass of the Higgs boson         :  125.0000
   mass of the top quark           :  172.5000
   mass of the bottom quark at MH  :    2.8039
  (All other fermions have mass equal ZERO)
  
      particle widths
 ---------------------------
   total widths of Z0              :   2.508420 GeV
   total widths of W+ or W-        :   2.097673 GeV
   total widths of Higgs           :   0.004128 GeV
   total widths of top quark       :   1.342520 GeV
  
     branching ratios
 ---------------------------
   W -> lepton anti-lepton         : 10.8397227 %
   W -> massless quark anti-quark  : 33.7404159 %
   W -> top bottom                 :  0.0000000 %
  
   Z -> neutrino anti-neutrino     :  6.6129820 %
   Z -> charged lepton anti-lepton :  3.3460763 %
   Z -> up-type quark anti-quark   : 11.9908090 %
   Z -> down-type quark anti-quark : 15.3804024 %
   Z -> top anti-top               :  0.0000000 %
  
   H -> WW                         : 20.4628169 %
   H -> ZZ                         :  2.5390366 %
   H -> bottom anti-bottom         : 58.7489081 %
   H -> top anti-top               :  0.0000000 %
   H -> charm anti-charm           :  3.4901975 %
   H -> tau anti-tau               :  6.2665676 %
   H -> mu anti-mu                 :  0.0221853 %
   H -> gluon gluon                :  8.0504027 %
   H -> gamma gamma                :  0.2383715 %
   H -> Z gamma                    :  0.1815139 %
  
 Warning: cannot read value for key = MLL_OSONLY. Using default value :  T
 Warning: cannot read value for key = PTMISS_MIN. Using default value :    0.0000000000000000     
 Warning: cannot read value for key = EXISOLCUT. Using default value :    1.0000000000000000     
 Warning: cannot read value for key = MJ_WINDOWV. Using default value :    0.0000000000000000     
 Input Error in line           67  of cuts.dat                                                                                                                                                                                                                                                  
 
 Warning: cannot read value for key = SINGLE_DECAYJET. Using default value :            0
 Warning: cannot read value for key = VBFCUTS_ALWAYS. Using default value :  F
 
          information on cut parameters
 -----------------------------------------------
 
 minimum jet pt        (PT_JET_MIN):     20.00    20.00    20.00   
 maximum jet rapidity                 (Y_JET_MAX):    4.5000000000000000     
 maximum parton pseudorapidity          (Y_P_MAX):    5.0000000000000000     
 minimum jet-jet R-separation           (RJJ_MIN):   0.80000000000000004     
 minimum number of jets                (NJET_MIN):            2
 single jet from hadronic decay (SINGLE_DECAYJET):            0
 exponent of generalised kT algorithm (PGENKTJET):    1.0000000000000000     
 minimum lepton-lepton R-separation     (RLL_MIN):    0.0000000000000000     
 maximum lepton-lepton R-separation     (RLL_MAX):    50.000000000000000     
 minimum jet-lepton R-separation        (RJL_MIN):    0.0000000000000000     
 minimum jet-photon R-separation        (RJG_MIN):    0.0000000000000000     
 minimum lepton-photon R-separation     (RLG_MIN):    0.0000000000000000     
 minimum photon-photon R-separation     (RGG_MIN):    0.0000000000000000     
 maximum photon-photon R-separation     (RGG_MAX):    50.000000000000000     
 maximum lepton rapidity                (Y_L_MAX):    2.5000000000000000     
 minimum lepton pt       (PT_L_MIN):     10.00    10.00   
 minimum invariant dilepton mass        (MLL_MIN):    15.000000000000000     
 maximum invariant dilepton mass        (MLL_MAX):    14000.000000000000     
 m_ll cuts only on opposite-sign l   (MLL_OSONLY):  T
 maximum photon rapidity                (Y_G_MAX):    1.5000000000000000     
 minimum photon pt       (PT_G_MIN):    
 photon isolation cut                 (PHISOLCUT):   0.69999999999999996     
 efficiency of photon isolation cut   (EFISOLCUT):    1.0000000000000000     
 exponent of photon isolation cut   (EXISOLCUT):    1.0000000000000000     
 minimum invariant lepton-photon mass   (MLG_MIN):    0.0000000000000000     
 maximum invariant lepton-photon mass   (MLG_MAX):    1.0000000000000000E+020
 minimal missing transverse momentum (PTMISS_MIN):    0.0000000000000000     
 minimum jet rapidity separation      (ETAJJ_MIN):    0.0000000000000000     
 tagging jets in opposite hemispheres     (YSIGN):    F
 leptons fall inside rapidity gap     (LRAPIDGAP):    F
 min leptons y-dist from tagging jets   (DELY_JL):    0.0000000000000000     
 photons fall inside rapidity gap     (GRAPIDGAP):    T
 min photons y-dist from tagging jets   (DELY_JG):    0.0000000000000000     
 dijet min mass cut on tag jets        (MDIJ_MIN):    600.00000000000000     
 dijet max mass cut on tag jets        (MDIJ_MAX):    14000.000000000000     
 excluded jet-m window               (MJ_WINDOWV):    85.792800000000000        85.792800000000000     
 veto criteria for jets                   (JVETO):    F
 minimum veto-tag y-dist             (DELY_JVETO):    0.0000000000000000     
 maximum |y| for veto jet             (YMAX_VETO):    5.0000000000000000     
 minimum pT for veto jet             (PTMIN_VETO):    10.000000000000000     
 definition of tagging jets          (DEF_TAGJET):            1
 minimal pt for harder tagging jet  (PTMIN_TAG_1):    20.000000000000000     
 minimal pt for softer tagging jet  (PTMIN_TAG_2):    20.000000000000000     
 mass reconst. cut for V -> had   (RECONST_HAD_V):            0
 mass range for RECONST_HAD_V      (V_MASS_RANGE):    20.000000000000000     
 
 
          information on technical cuts
 -----------------------------------------------
  
  
 Hadronically decaying Z bosons / photons with Q^2 <      100.0 GeV^2 are neglected. 

 --------------------PHASE SPACE--------------------

 boson has mass    80.40 GeV and width     2.0977 GeV
 integration range for boson   3 =      0.032  to     9616.652 GeV
 boson has mass    80.40 GeV and width     2.0977 GeV
 integration range for boson   4 =      0.032  to     9616.652 GeV
 boson has mass    91.19 GeV and width     2.5084 GeV
 integration range for boson   2 =      0.032  to     9616.652 GeV

 machine energy =    13600.0  GeV

 ---------------------------------------------------

  Open error on file random.dat
  Using default values.
  Random number generator initialized with seed =            0
 
          information on histogram config
 -----------------------------------------------
 
  Open error on file histograms.dat
  Using default values.
 SMEARING           =      T
 SMEAR_VALUE        =       0.10000000000000001     
 CALC_ERROR_GNUPLOT =      F
 CALC_ERROR_ROOT    =      F
 CALC_ERROR_1D      =      T
 CALC_ERROR_2D      =      F
 
HIST_ID1      =      0.00    250.00  # dS/dpT_j (fb/GeV)
HIST_ID2      =      0.00    500.00  # dS/dpTmax_j (fb/GeV)
HIST_ID3      =      0.00    200.00  # dS/dpTmin_j (fb/GeV)
HIST_ID4      =     -5.00      5.00  # dS/dy_j (fb)
HIST_ID5      =     -5.00      5.00  # dS/dy_j1 (fb)
HIST_ID6      =     -5.00      5.00  # dS/dy_j2 (fb)
HIST_ID7      =      0.00    500.00  # dS/dpTmax_l (fb/GeV)
HIST_ID8      =      0.00    200.00  # dS/dpTmin_l (fb/GeV)
HIST_ID9      =      0.00      5.00  # dS/d|eta|max_l (fb)
HIST_ID10     =      0.00      5.00  # dS/d|eta|min_l (fb)
HIST_ID11     =   -180.00    180.00  # dS/dPhi_jj (fb)
2DHIST_ID1    =      0.00      6.00      0.00    800.00  # d2S/dy_jj dm_jj (fb/GeV)
 
 -----------------------------------------------
 
Starttime: 2024-04-30T14:53:29+0200

 MONACO input parameters:
 ndim = 15,  ncall =    1024,   rtype = 0
 nprn =  0,  acc = -1.0E+0,  alph =  8.75E-1,  nd = 48,  mds =  0

 MONACO:  continuing with uniform grid
  
 W+W-Z amplitude square information:
 -----------------------------------------------
  
  precalculated tensors initialized to                (0.0000000000000000,0.0000000000000000)
  External b-quark contributions are excluded

 iteration  1:
 integral =  1.090950E-01,  sigma = 7.407E-02
 efficacy = 1.516E-03,  raw efficacy = 1.516E-03
 f_positive = 9.961E-2,  f_zero = 9.004E-1,  f_negative = 0.000E+0
 accumulated statistics:
 integral =  1.090950E-01,  sigma = 7.407E-02,  chi^2/iteration = 4.441E-16

 MONACO:  grid written to file grid2_1.out.1
 
  result (LO):   0.10909495360366742       +-    7.4065670962997140E-002  fb     67.891014677059530      %
 
   
 Initialising FF ..
   
 ====================================================
   FF 2.0, a package to evaluate one-loop integrals
 written by G. J. van Oldenborgh, NIKHEF-H, Amsterdam
 ====================================================
 for the algorithms used see preprint NIKHEF-H 89/17,
 'New Algorithms for One-loop Integrals', by G.J. van
 Oldenborgh and J.A.M. Vermaseren, published in 
 Zeitschrift fuer Physik C46(1990)425.
 ====================================================

 MONACO input parameters:
 ndim = 15,  ncall =    1024,   rtype = 0
 nprn =  0,  acc = -1.0E+0,  alph =  8.75E-1,  nd = 48,  mds =  0

 MONACO:  continuing with uniform grid

 iteration  1:
 integral =  4.533599E-01,  sigma = 3.777E-01
 efficacy = 1.175E-03,  raw efficacy = 1.175E-03
 f_positive = 1.094E-1,  f_zero = 8.906E-1,  f_negative = 0.000E+0
 accumulated statistics:
 integral =  4.533599E-01,  sigma = 3.777E-01,  chi^2/iteration = 0.000E+00

 MONACO:  grid written to file grid2_1.vout.1
  
  result for virtual contribution, no.            1
  sigma =   0.45335993587863277       +-   0.37765276497483813       fb  
  
 total result for virtual contns so far 
  sigma =   0.45335993587863277       +-   0.37765276497483813       fb
  

 MONACO input parameters:
 ndim = 15,  ncall =     256,   rtype = 0
 nprn =  0,  acc = -1.0E+0,  alph =  8.75E-1,  nd = 48,  mds =  0

 MONACO:  continuing with uniform grid

 iteration  1:
 integral =  2.796381E-02,  sigma = 4.276E-02
 efficacy = 2.698E-03,  raw efficacy = 2.698E-03
 f_positive = 8.984E-2,  f_zero = 8.867E-1,  f_negative = 2.344E-2
 accumulated statistics:
 integral =  2.796381E-02,  sigma = 4.276E-02,  chi^2/iteration = 0.000E+00

 MONACO:  grid written to file grid2_1.vout.2
  
  result for virtual contribution, no.            2
  sigma =    2.7963814232530297E-002  +-    4.2760724340777760E-002  fb  
  
 total result for virtual contns so far 
  sigma =   0.48132375011116307       +-   0.38006590275804575       fb
  

 MONACO input parameters:
 ndim = 15,  ncall =      64,   rtype = 0
 nprn =  0,  acc = -1.0E+0,  alph =  8.75E-1,  nd = 48,  mds =  0

 MONACO:  continuing with uniform grid

 iteration  1:
 integral =  7.652087E-02,  sigma = 7.550E-02
 efficacy = 1.583E-02,  raw efficacy = 1.583E-02
 f_positive = 9.375E-2,  f_zero = 8.906E-1,  f_negative = 1.562E-2
 accumulated statistics:
 integral =  7.652087E-02,  sigma = 7.550E-02,  chi^2/iteration = 0.000E+00

 MONACO:  grid written to file grid2_1.vout.3
  
  result for virtual contribution, no.            3
  sigma =    7.6520866572894558E-002  +-    7.5502021221349053E-002  fb  
  
 total result for virtual contns so far 
  sigma =   0.55784461668405760       +-   0.38749276851032632       fb
  
   
 Summary for FF ..
   
 
total number of errors and warnings
===================================
vbffferr: no errors
the warning system has been disabled
 

 MONACO input parameters:
 ndim = 18,  ncall =    1024,   rtype = 0
 nprn =  0,  acc = -1.0E+0,  alph =  8.75E-1,  nd = 48,  mds =  0

 MONACO:  continuing with uniform grid
  
 W+ W- Z j amplitude square information:
 -----------------------------------------------
  
  precalculated tensors initialized to                (0.0000000000000000,0.0000000000000000)
  External b-quark contributions are excluded
  
  creal =   -6.5797362673929038       cvirtual =    5.1594725347858095     
  

 iteration  1:
 integral =  1.366066E-01,  sigma = 5.418E-02
 efficacy = 4.075E-03,  raw efficacy = 4.075E-03
 f_positive = 1.865E-1,  f_zero = 7.090E-1,  f_negative = 1.045E-1
 accumulated statistics:
 integral =  1.366066E-01,  sigma = 5.418E-02,  chi^2/iteration = 0.000E+00

 MONACO:  grid written to file grid3_1.out.1
 
  result for real emissions 
  sigma =   0.13660661764998033       +-    5.4182693268511974E-002  fb
  
  
  final result at NLO 
  sigma =   0.69445123433403788       +-   0.39126258433132477       fb   56.341261270352007      %
 
   
 TOTAL VIRTUAL CONTRIBUTIONS:
 TOTAL borntype:
  0.45335993587863277       0.37765276497483813        83.300868711067153       %
 TOTAL boxes:
   2.7963814232530297E-002   4.2760724340777760E-002   152.91449151108370       %
 TOTAL pentagons:
   7.6520866572894558E-002   7.5502021221349053E-002   98.668539187837155       %
  
  
  
 !!!!!!!!!!!!!!!!!!!!!!!!!!!!!!!!!!!!!!!!!!!!!!!!!!!!!!!!!!!!!!!!!!!!!!!!!!!!!!!!!!!!!!!!!!!!!!!!!!!!!!!!
   
  PROCESS:          403   :   p p -->  W+ W- Z -->  ve e+ mu- vmu~ q q~
    with leading order hadronic decay of one vector boson
   
  TOTAL result (LO):        0.10909495360367  +-    0.07406567096300 fb   67.89101467705953 %
  NLO virtual result:       0.55784461668406  +-    0.38749276851033 fb   69.46249133202406 %
  QCD real emission:        0.13660661764998  +-    0.05418269326851 fb   39.66330050520783 %
  TOTAL result (NLO):       0.69445123433404  +-    0.39126258433132 fb   56.34126127035201 %
  K-Factor:                  6.3655669799074257     
 !!!!!!!!!!!!!!!!!!!!!!!!!!!!!!!!!!!!!!!!!!!!!!!!!!!!!!!!!!!!!!!!!!!!!!!!!!!!!!!!!!!!!!!!!!!!!!!!!!!!!!!!
  
  
  Endtime: 2024-04-30T14:53:30+0200
  Runtime: 0:00:00 (0 seconds)
