   
 -----------------------------------------------------------------
 VBFNLO, version 3.0.0 beta0 svn 7626
 Comput. Phys. Commun. 180 (2009) 1661[arXiv:0811.4559 [hep-ph]]
 arXiV:1107.4038, arXiV:1207.4975, arXiv:1404.3940
 http://www.itp.kit.edu/vbfnlo
 -----------------------------------------------------------------
 Process-specific references (please cite as well if appropriate):
 T. Figy, C. Oleari, D. Zeppenfeld
 Phys. Rev. D68 (2003) 073005, e-Print: hep-ph/0306109
 T. Figy, S. Palmer, G. Weiglein
 JHEP 1202 (2012) 105, e-Print: arXiv:1012.4789 [hep-ph]
 
 -----------------------------------------------------------------
   
   
   
 Initialising LoopTools ..
   
 ====================================================
   FF 2.0, a package to evaluate one-loop integrals
 written by G. J. van Oldenborgh, NIKHEF-H, Amsterdam
 ====================================================
 for the algorithms used see preprint NIKHEF-H 89/17,
 'New Algorithms for One-loop Integrals', by G.J. van
 Oldenborgh and J.A.M. Vermaseren, published in 
 Zeitschrift fuer Physik C46(1990)425.
 ====================================================
  
        Information on global parameters
 -----------------------------------------------
   PROCESS               =      104
   LOPROCESS_PLUS_JET    =        F
   KK_MOD                =        F
   ANOM_CPL              =        F
   LO_ITERATIONS         =        6
   NLO_ITERATIONS        =        6
   LO_POINTS             =       26
   NLO_POINTS            =       26
   NLO_SWITCH            =        T
   EWCOR_SWITCH          =        F
   FERMIONLOOP           =        3
   LHA_SWITCH            =        F
   HEPMC_SWITCH          =        F
   LO_GRID               = grid2_1                                           
   NLO_GRID              = grid3_1                                           
   PHTN_GRID             = grid4_1                                           
   FLOOP_GRID            = grid5_1                                           
   ECM                   =  14000.0    
   BEAM1                 =        1
   BEAM2                 =        1
   ID_MUF                =        1
   ID_MUR                =        1
   MUF_USER              =  100.000    
   MUR_USER              =  100.000    
   XIF                   =  1.00000    
   XIR                   =  1.00000    
 
       information on the selected process 
 -----------------------------------------------
 
  pp -> H jj -> b bbar jj
 
 Higgs + 2 jets production in vector boson fusion with Higgs decay
 into b bbar.
 Process is implemented at LO and NLO QCD.
 NLO electroweak corrections in the SM and MSSM are also implemented.
 Anomalous coupling parameters can be set in "anom_HVV.dat".
 The Q**2 of the produced Higgs is generated in the narrow width approximation.
 References: T. Figy, C. Oleari, D. Zeppenfeld
 Phys. Rev. D68 (2003) 073005, e-Print: hep-ph/0306109
 T. Figy, S. Palmer, G. Weiglein
 JHEP 1202 (2012) 105, e-Print: arXiv:1012.4789 [hep-ph]
 
 Initializing PDF set CT10
  
               Physics parameters
 -----------------------------------------------
   HTYPE                 =        0
   MODEL                 =        1
   ANOM_CPL              =        F
   KK_MOD                =        F
   SPIN2                 =        F
   HMASS                 =  120.000    
   HWIDTH                = -999.000    
   TOPMASS               =  172.400    
   BOTTOMMASS            =  4.85500    
   CHARMMASS             =  1.65000    
   TAU_MASS              =  1.77684    
   EWSCHEME              =        3
   FERMI_CONST           = 0.116637E-04
   WMASS                 =  80.3980    
   ZMASS                 =  91.1876    
   
 Running in the SM
   
 Higgs mass =   120.00000000000000     
   
  
 Information on scale setting in InitScales 
 -------------------------------------------
  
 Dynamical factorization scale chosen:
         momentum transfer of W/Z  
 Dynamical value for alphas chosen:
 alphas = alpha(momentum transfer of W/Z)
 Initializing PDF set cteq6l1
  
  
  
  
   Information on couplings, masses and widths
 ===============================================
  
   SM coupling parameters 
 ---------------------------
   G_Fermi                         : 0.000011663700
   SIN**2 of the weak mixing angle : 0.22264585
   Q.E.D. fine structure constant  : 1/132.34070    
   SU(2) coupling constant g       : 0.65305673
   U(1) coupling constant g'       : 0.34950127
   Q.C.D. LO alfas(MZ)             : 0.12980813
   Q.C.D. NLO alfas(MZ)            : 0.11798159
  
      particle masses
 ---------------------------
   mass of the Z0 boson            :   91.1876
   mass of the W+/- boson          :   80.3980
   mass of the Higgs boson         :  120.0000
   mass of the top quark           :  172.4000
   mass of the bottom quark at MH  :    2.8132
  (All other fermions have mass equal ZERO)
  
      particle widths
 ---------------------------
   total widths of Z0              :   2.508420 GeV
   total widths of W+ or W-        :   2.097673 GeV
   total widths of Higgs           :   0.003584 GeV
   total widths of top quark       :   1.339784 GeV
  
     branching ratios
 ---------------------------
   W -> lepton anti-lepton         : 10.8397227 %
   W -> massless quark anti-quark  : 33.7404159 %
   W -> top bottom                 :  0.0000000 %
  
   Z -> neutrino anti-neutrino     :  6.6129820 %
   Z -> charged lepton anti-lepton :  3.3460763 %
   Z -> up-type quark anti-quark   : 11.9908090 %
   Z -> down-type quark anti-quark : 15.3804024 %
   Z -> top anti-top               :  0.0000000 %
  
   H -> WW                         : 13.4042449 %
   H -> ZZ                         :  1.6940721 %
   H -> bottom anti-bottom         : 65.4907510 %
   H -> top anti-top               :  0.0000000 %
   H -> charm anti-charm           :  3.8907341 %
   H -> tau anti-tau               :  6.9292925 %
   H -> mu anti-mu                 :  0.0245341 %
   H -> gluon gluon                :  8.2146118 %
   H -> gamma gamma                :  0.2319526 %
   H -> Z gamma                    :  0.1198070 %
  
 Warning: cannot read value for key = MLL_OSONLY. Using default value :  T
 Warning: cannot read value for key = PTMISS_MIN. Using default value :    0.0000000000000000     
 
          information on cut parameters
 -----------------------------------------------
 
 minimum jet pt        (PT_JET_MIN):     20.00    20.00    20.00    20.00    20.00   
 maximum jet rapidity                 (Y_JET_MAX):    4.5000000000000000     
 maximum parton pseudorapidity          (Y_P_MAX):    5.0000000000000000     
 minimum jet-jet R-separation           (RJJ_MIN):   0.80000000000000004     
 minimum number of jets                (NJET_MIN):            4
 single jet from hadronic decay (SINGLE_DECAYJET):            0
 exponent of generalised kT algorithm (PGENKTJET):    1.0000000000000000     
 minimum lepton-lepton R-separation     (RLL_MIN):    0.0000000000000000     
 maximum lepton-lepton R-separation     (RLL_MAX):    50.000000000000000     
 minimum jet-lepton R-separation        (RJL_MIN):    0.0000000000000000     
 minimum jet-photon R-separation        (RJG_MIN):    0.0000000000000000     
 minimum lepton-photon R-separation     (RLG_MIN):    0.0000000000000000     
 minimum photon-photon R-separation     (RGG_MIN):    0.0000000000000000     
 maximum photon-photon R-separation     (RGG_MAX):    50.000000000000000     
 maximum lepton rapidity                (Y_L_MAX):    2.5000000000000000     
 minimum lepton pt       (PT_L_MIN):    
 minimum invariant dilepton mass        (MLL_MIN):    15.000000000000000     
 maximum invariant dilepton mass        (MLL_MAX):    14000.000000000000     
 m_ll cuts only on opposite-sign l   (MLL_OSONLY):  T
 maximum photon rapidity                (Y_G_MAX):    1.5000000000000000     
 minimum photon pt       (PT_G_MIN):    
 photon isolation cut                 (PHISOLCUT):   0.69999999999999996     
 efficiency of photon isolation cut   (EFISOLCUT):    1.0000000000000000     
 minimum invariant lepton-photon mass   (MLG_MIN):    0.0000000000000000     
 maximum invariant lepton-photon mass   (MLG_MAX):    1.0000000000000000E+020
 minimal missing transverse momentum (PTMISS_MIN):    0.0000000000000000     
 minimum jet rapidity separation      (ETAJJ_MIN):    4.0000000000000000     
 tagging jets in opposite hemispheres     (YSIGN):    T
 leptons fall inside rapidity gap     (LRAPIDGAP):    T
 min leptons y-dist from tagging jets   (DELY_JL):    0.0000000000000000     
 photons fall inside rapidity gap     (GRAPIDGAP):    T
 min photons y-dist from tagging jets   (DELY_JG):    0.0000000000000000     
 dijet min mass cut on tag jets        (MDIJ_MIN):    600.00000000000000     
 dijet max mass cut on tag jets        (MDIJ_MAX):    14000.000000000000     
 veto criteria for jets                   (JVETO):    F
 minimum veto-tag y-dist             (DELY_JVETO):    0.0000000000000000     
 maximum |y| for veto jet             (YMAX_VETO):    5.0000000000000000     
 minimum pT for veto jet             (PTMIN_VETO):    10.000000000000000     
 

        phase space generator information  
 -----------------------------------------------

 boson  6 has mass 120.00 GeV and width  0.0036 GeV
 integration range for boson  6 =    119.462  to      120.538 GeV

 pTjmin =   20.0    20.0    20.0    20.0
 Ejmin  =    0.0     0.0     0.0     0.0
 yjmin  =    0.0     0.0     0.0     0.0
 yjmax  =    4.5     4.5     4.5     4.5
 infoj  =     -1      -1      -1      -1
 machine energy =    14000.0  GeV
 Minimal mom.transfer or mass for parton pair:   100.00 MeV

 -----------------------------------------------

  Random number generator initialized with seed =            0
 
          information on histogram config
 -----------------------------------------------
 
 SMEARING           =      T
 SMEAR_VALUE        =       0.20000000000000001     
 CALC_ERROR_GNUPLOT =      F
 CALC_ERROR_ROOT    =      F
 CALC_ERROR_1D      =      T
 CALC_ERROR_2D      =      F
 
HIST_ID1      =      0.00    250.00  # dS/dpT_j (fb/GeV)
HIST_ID2      =      0.00    500.00  # dS/dpTmax_j (fb/GeV)
HIST_ID3      =      0.00    200.00  # dS/dpTmin_j (fb/GeV)
HIST_ID4      =     -5.00      5.00  # dS/dy_j (fb)
HIST_ID5      =     -5.00      5.00  # dS/dy_j1 (fb)
HIST_ID6      =     -5.00      5.00  # dS/dy_j2 (fb)
HIST_ID7      =      0.00    500.00  # dS/dpTmax_l (fb/GeV)
HIST_ID8      =      0.00    200.00  # dS/dpTmin_l (fb/GeV)
HIST_ID9      =      0.00      5.00  # dS/d|eta|max_l (fb)
HIST_ID10     =      0.00      5.00  # dS/d|eta|min_l (fb)
HIST_ID11     =   -180.00    180.00  # dS/dPhi_jj (fb)
2DHIST_ID1    =      0.00      6.00      0.00    800.00  # d2S/dy_jj dm_jj (fb/GeV)
 
 -----------------------------------------------
 
 
 

 MONACO input parameters:
 ndim =  9,  ncall =       2M,   rtype = 0
 nprn =  0,  acc = -1.0E+0,  alph = 8.75E-1,  nd = 48,  mds =  0

 MONACO:  continuing with uniform grid
  
 Hjj amplitude square information:
 -----------------------------------------------
  
  External b-quark contributions are excluded

 iteration  1:
 integral =  1.579422E+02,  sigma = 6.856E+00
 efficacy = 5.711E-05,  raw efficacy = 5.711E-05
 f_positive = 2.674E-2,  f_zero = 9.733E-1,  f_negative = 0.000E+0
 accumulated statistics:
 integral =  1.579422E+02,  sigma = 6.856E+00,  chi^2/iteration = 0.000E+00

 MONACO:  grid written to file grid2_1.out.1

 MONACO input parameters:
 ndim =  9,  ncall =       4M,   rtype = 0
 nprn =  0,  acc = -1.0E+0,  alph = 8.75E-1,  nd = 48,  mds =  0

 iteration  2:
 integral =  1.519195E+02,  sigma = 5.227E-01
 efficacy = 3.669E-03,  raw efficacy = 4.472E-05
 f_positive = 6.882E-2,  f_zero = 9.312E-1,  f_negative = 0.000E+0
 accumulated statistics:
 integral =  1.519543E+02,  sigma = 5.212E-01,  chi^2/iteration = 7.672E+05

 MONACO:  grid written to file grid2_1.out.2

 MONACO input parameters:
 ndim =  9,  ncall =       8M,   rtype = 0
 nprn =  0,  acc = -1.0E+0,  alph = 8.75E-1,  nd = 48,  mds =  0

 iteration  3:
 integral =  1.534190E+02,  sigma = 2.144E-01
 efficacy = 9.122E-03,  raw efficacy = 4.435E-05
 f_positive = 1.060E-1,  f_zero = 8.940E-1,  f_negative = 0.000E+0
 accumulated statistics:
 integral =  1.532070E+02,  sigma = 1.983E-01,  chi^2/iteration = 7.522E+00

 MONACO:  grid written to file grid2_1.out.3

 MONACO input parameters:
 ndim =  9,  ncall =      16M,   rtype = 0
 nprn =  0,  acc = -1.0E+0,  alph = 8.75E-1,  nd = 48,  mds =  0

 iteration  4:
 integral =  1.531938E+02,  sigma = 1.277E-01
 efficacy = 4.024E-03,  raw efficacy = 4.406E-05
 f_positive = 1.291E-1,  f_zero = 8.709E-1,  f_negative = 0.000E+0
 accumulated statistics:
 integral =  1.531977E+02,  sigma = 1.073E-01,  chi^2/iteration = 3.763E+00

 MONACO:  grid written to file grid2_1.out.4

 MONACO input parameters:
 ndim =  9,  ncall =      32M,   rtype = 0
 nprn =  0,  acc = -1.0E+0,  alph = 8.75E-1,  nd = 48,  mds =  0

 iteration  5:
 integral =  1.532110E+02,  sigma = 8.597E-02
 efficacy = 2.151E-03,  raw efficacy = 4.398E-05
 f_positive = 1.431E-1,  f_zero = 8.569E-1,  f_negative = 0.000E+0
 accumulated statistics:
 integral =  1.532058E+02,  sigma = 6.710E-02,  chi^2/iteration = 2.512E+00

 MONACO:  grid written to file grid2_1.out.5

 MONACO input parameters:
 ndim =  9,  ncall =      64M,   rtype = 0
 nprn =  0,  acc = -1.0E+0,  alph = 8.75E-1,  nd = 48,  mds =  0
  random number setting in monaco saved 

 iteration  6:
 integral =  1.531579E+02,  sigma = 6.031E-02
 efficacy = 9.180E-04,  raw efficacy = 4.389E-05
 f_positive = 1.512E-1,  f_zero = 8.488E-1,  f_negative = 0.000E+0
 accumulated statistics:
 integral =  1.531793E+02,  sigma = 4.485E-02,  chi^2/iteration = 1.954E+00

 MONACO:  grid written to file grid2_1.out.6
 
  result (LO):    153.17928707622144       +-    4.4854467526945281E-002  fb     2.9282332084902486E-002 %
 
   
 Initialising FF ..
   
 ====================================================
   FF 2.0, a package to evaluate one-loop integrals
 written by G. J. van Oldenborgh, NIKHEF-H, Amsterdam
 ====================================================
 for the algorithms used see preprint NIKHEF-H 89/17,
 'New Algorithms for One-loop Integrals', by G.J. van
 Oldenborgh and J.A.M. Vermaseren, published in 
 Zeitschrift fuer Physik C46(1990)425.
 ====================================================
 ====================================================
   FF 2.0, a package to evaluate one-loop integrals
 written by G. J. van Oldenborgh, NIKHEF-H, Amsterdam
 ====================================================
 for the algorithms used see preprint NIKHEF-H 89/17,
 'New Algorithms for One-loop Integrals', by G.J. van
 Oldenborgh and J.A.M. Vermaseren, published in 
 Zeitschrift fuer Physik C46(1990)425.
 ====================================================
 Initializing PDF set CT10

 MONACO input parameters:
 ndim =  9,  ncall =      64M,   rtype = 0
 nprn =  0,  acc = -1.0E+0,  alph = 8.75E-1,  nd = 48,  mds =  0

 MONACO:  grid read from file grid2_1.out.6                                                                                                                                                                                                                                             

 iteration  1:
 integral =  1.324209E+02,  sigma = 5.276E-02
 efficacy = 7.875E-04,  raw efficacy = 4.076E-05
 f_positive = 1.562E-1,  f_zero = 8.438E-1,  f_negative = 0.000E+0
 accumulated statistics:
 integral =  1.324209E+02,  sigma = 5.276E-02,  chi^2/iteration = 9.313E-10

 MONACO:  grid written to file grid2_1.vout.1
  
  result for virtual contribution, no.            1
  sigma =    132.42086211640142       +-    5.2764443978359762E-002  fb  
  
 total result for virtual contns so far 
  sigma =    132.42086211640142       +-    5.2764443978359762E-002  fb
  
   
 Summary for FF ..
   
 
total number of errors and warnings
===================================
vbffferr: no errors
the warning system has been disabled
 
 vbfquadffopen: error: could not open /itp/scratch/rauch/vbfquadnlotest/binaryrelease30/share/VBFNLO/ff/fferr.dat                                                     
         adjust path in vbfquadffopen (vbfquadffinit.f)
vbfquadfferr:  warning cannot open fferr.dat with error texts
 
total number of errors and warnings
===================================
vbfquadfferr: no errors
the warning system has been disabled
 

 MONACO input parameters:
 ndim = 12,  ncall =       2M,   rtype = 0
 nprn =  0,  acc = -1.0E+0,  alph = 8.75E-1,  nd = 48,  mds =  0

 MONACO:  continuing with uniform grid
  
 Hjjj amplitude square information:
 -----------------------------------------------
  
  External b-quark contributions are excluded
  
  creal =   -4.0797362673929065       cvirtual =   -3.7101318663035472     
  virt factor for alphas = 0.12 is   0.81104453988909386     

 iteration  1:
 integral =  4.461932E+01,  sigma = 5.391E+00
 efficacy = 9.965E-06,  raw efficacy = 9.965E-06
 f_positive = 5.133E-2,  f_zero = 9.206E-1,  f_negative = 2.810E-2
 accumulated statistics:
 integral =  4.461932E+01,  sigma = 5.391E+00,  chi^2/iteration = 0.000E+00

 MONACO:  grid written to file grid3_1.out.1

 MONACO input parameters:
 ndim = 12,  ncall =       4M,   rtype = 0
 nprn =  0,  acc = -1.0E+0,  alph = 8.75E-1,  nd = 48,  mds =  0

 iteration  2:
 integral =  4.121884E+01,  sigma = 2.133E+00
 efficacy = 1.139E-05,  raw efficacy = 1.275E-07
 f_positive = 7.212E-2,  f_zero = 8.890E-1,  f_negative = 3.886E-2
 accumulated statistics:
 integral =  4.167917E+01,  sigma = 1.983E+00,  chi^2/iteration = 3.440E+05

 MONACO:  grid written to file grid3_1.out.2

 MONACO input parameters:
 ndim = 12,  ncall =       8M,   rtype = 0
 nprn =  0,  acc = -1.0E+0,  alph = 8.75E-1,  nd = 48,  mds =  0

 iteration  3:
 integral =  3.550900E+01,  sigma = 1.888E+00
 efficacy = 2.584E-06,  raw efficacy = 8.255E-09
 f_positive = 9.126E-2,  f_zero = 8.623E-1,  f_negative = 4.639E-2
 accumulated statistics:
 integral =  3.844170E+01,  sigma = 1.367E+00,  chi^2/iteration = 5.421E+00

 MONACO:  grid written to file grid3_1.out.3

 MONACO input parameters:
 ndim = 12,  ncall =      16M,   rtype = 0
 nprn =  0,  acc = -1.0E+0,  alph = 8.75E-1,  nd = 48,  mds =  0

 iteration  4:
 integral =  3.854686E+01,  sigma = 4.333E-01
 efficacy = 2.725E-05,  raw efficacy = 5.166E-09
 f_positive = 1.001E-1,  f_zero = 8.525E-1,  f_negative = 4.743E-2
 accumulated statistics:
 integral =  3.853726E+01,  sigma = 4.130E-01,  chi^2/iteration = 2.713E+00

 MONACO:  grid written to file grid3_1.out.4

 MONACO input parameters:
 ndim = 12,  ncall =      32M,   rtype = 0
 nprn =  0,  acc = -1.0E+0,  alph = 8.75E-1,  nd = 48,  mds =  0

 iteration  5:
 integral =  3.844920E+01,  sigma = 2.500E-01
 efficacy = 1.813E-05,  raw efficacy = 2.974E-09
 f_positive = 9.990E-2,  f_zero = 8.524E-1,  f_negative = 4.768E-2
 accumulated statistics:
 integral =  3.847281E+01,  sigma = 2.138E-01,  chi^2/iteration = 1.820E+00

 MONACO:  grid written to file grid3_1.out.5

 MONACO input parameters:
 ndim = 12,  ncall =      64M,   rtype = 0
 nprn =  0,  acc = -1.0E+0,  alph = 8.75E-1,  nd = 48,  mds =  0

 iteration  6:
 integral =  3.885633E+01,  sigma = 2.004E-01
 efficacy = 4.397E-06,  raw efficacy = 2.312E-09
 f_positive = 9.969E-2,  f_zero = 8.529E-1,  f_negative = 4.743E-2
 accumulated statistics:
 integral =  3.867697E+01,  sigma = 1.462E-01,  chi^2/iteration = 1.793E+00

 MONACO:  grid written to file grid3_1.out.6
 
  result for real emissions 
  sigma =    38.676965830842434       +-   0.14624257507247831       fb
  
 
total number of errors and warnings
===================================
fferr: no errors
 
  
  final result at NLO 
  sigma =    171.09782794724384       +-   0.15547018142452565       fb   9.0866250781665797E-002 %
 
   
 TOTAL VIRTUAL CONTRIBUTIONS:
 TOTAL borntype:
   132.42086211640142        5.2764443978359762E-002   3.9846020585471216E-002  %
  
  
  
 !!!!!!!!!!!!!!!!!!!!!!!!!!!!!!!!!!!!!!!!!!!!!!!!!!!!!!!!!!!!!!!!!!!!!!!!!!!!!!!!!!!!!!!!!!!!!!!!!!!!!!!!
     VBFNLO 3.0.0 beta0 svn 7626
   
  PROCESS:          104   :   p p --> H jj --> b bbar jj
   
  TOTAL result (LO):          153.17928707622144       +-    4.4854467526945281E-002  fb     2.9282332084902486E-002 %
  NLO virtual result:         132.42086211640142       +-    5.2764443978359762E-002  fb     3.9846020585471216E-002 %
  QCD real emission:          38.676965830842434       +-   0.14624257507247831       fb    0.37811284295692893      %
  TOTAL result (NLO):         171.09782794724384       +-   0.15547018142452565       fb     9.0866250781665797E-002 %
  K-Factor:                   1.1169775706170131     
 !!!!!!!!!!!!!!!!!!!!!!!!!!!!!!!!!!!!!!!!!!!!!!!!!!!!!!!!!!!!!!!!!!!!!!!!!!!!!!!!!!!!!!!!!!!!!!!!!!!!!!!!
  
  
