   
 -----------------------------------------------------------------
 VBFNLO, version 3.0.0 GIT 1571c2fe
 Comput. Phys. Commun. 180 (2009) 1661[arXiv:0811.4559 [hep-ph]]
 arXiV:1107.4038, arXiV:1207.4975, arXiv:1404.3940
 http://www.itp.kit.edu/vbfnlo
 -----------------------------------------------------------------
 Process-specific references (please cite as well if appropriate):
 
 F. Campanario, C. Englert, M. Spannowsky, D. Zeppenfeld
 Europhys.Lett. 88 (2009) 11001, e-Print: arXiv:0908.1638 [hep-ph],
 F. Campanario, C. Englert, M. Spannowsky
 Phys.Rev. D83 (2011) 074009, e-Print: arXiV:1010.1291 [hep-ph]
 
 -----------------------------------------------------------------
   
   
  
        Information on global parameters
 -----------------------------------------------
   PROCESS               =      610
   LOPROCESS_PLUS_JET    =        F
   KK_MOD                =        F
   ANOM_CPL              =        F
   LEPTONS               =    11  -12
   LO_ITERATIONS         =        6
   NLO_ITERATIONS        =        6
   LO_POINTS             =       24
   NLO_POINTS            =       24
   NLO_SWITCH            =        T
   EWCOR_SWITCH          =        F
   FERMIONLOOP           =        3
   LHA_SWITCH            =        F
   HEPMC_SWITCH          =        F
   LO_GRID               = grid2_1                                           
                           grid2_2                                           
   NLO_GRID              = grid3_1                                           
                           grid3_2                                           
   PHTN_GRID             = grid4_1                                           
                           grid4_2                                           
   FLOOP_GRID            = grid5_1                                           
                           grid5_2                                           
   ECM                   =  13600.0    
   BEAM1                 =        1
   BEAM2                 =        1
   ID_MUF                =        0
   ID_MUR                =        0
   MUF_USER              =  100.000    
   MUR_USER              =  100.000    
   XIF                   =  1.00000    
   XIR                   =  1.00000    
 Warning: cannot read value for key = SHOWTIMING. Using default value :  T
 
       information on the selected process 
 -----------------------------------------------
 
  pp -> W- A j -> l- vl~ A j
 
 W- photon production in association with a hadronic jet.
 Process is implemented at LO and NLO QCD.
 Anomalous couplings can be set in "anomV.dat".
 References:
 F. Campanario, C. Englert, M. Spannowsky, D. Zeppenfeld
 Europhys.Lett. 88 (2009) 11001, e-Print: arXiv:0908.1638 [hep-ph],
 F. Campanario, C. Englert, M. Spannowsky
 Phys.Rev. D83 (2011) 074009, e-Print: arXiV:1010.1291 [hep-ph]
 
             Information on PDF sets            
 -----------------------------------------------
 Initializing PDF set CT18
  
               Physics parameters
 -----------------------------------------------
   HTYPE                 =        0
   MODEL                 =        1
   ANOM_CPL              =        F
   KK_MOD                =        F
   SPIN2                 =        F
   HMASS                 =  125.000    
   HWIDTH                = -999.000    
   TOPMASS               =  172.500    
   BOTTOMMASS            =  4.85500    
   CHARMMASS             =  1.65000    
   TAU_MASS              =  1.77684    
   EWSCHEME              =        3
   FERMI_CONST           = 0.116637E-04
   WMASS                 =  80.3980    
   ZMASS                 =  91.1876    
   
 Running in the SM
   
 Higgs mass =   125.00000000000000     
   
   
  
 Information on scale setting in InitScales 
 -------------------------------------------
  
 Constant factorization scale chosen: mu_F =   100.00000000000000       GeV 
 Constant value for alphas chosen: alphas(NLO) =  0.11636176352327796     
 Constant value for alphas chosen: alphas(LO) =  0.12793873092679636     
  
  
   Information on couplings, masses and widths
 ===============================================
  
   SM coupling parameters 
 ---------------------------
   G_Fermi                         : 0.000011663700
   SIN**2 of the weak mixing angle : 0.22264585
   Q.E.D. fine structure constant  : 1/132.34070    
   SU(2) coupling constant g       : 0.65305673
   U(1) coupling constant g'       : 0.34950127
   Q.C.D. LO alfas(MZ)             : 0.12980813
   Q.C.D. NLO alfas(MZ)            : 0.11798159
  
      particle masses
 ---------------------------
   mass of the Z0 boson            :   91.1876
   mass of the W+/- boson          :   80.3980
   mass of the Higgs boson         :  125.0000
   mass of the top quark           :  172.5000
   mass of the bottom quark at MH  :    2.8039
  (All other fermions have mass equal ZERO)
  
      particle widths
 ---------------------------
   total widths of Z0              :   2.508420 GeV
   total widths of W+ or W-        :   2.097673 GeV
   total widths of Higgs           :   0.004128 GeV
   total widths of top quark       :   1.342520 GeV
  
     branching ratios
 ---------------------------
   W -> lepton anti-lepton         : 10.8397227 %
   W -> massless quark anti-quark  : 33.7404159 %
   W -> top bottom                 :  0.0000000 %
  
   Z -> neutrino anti-neutrino     :  6.6129820 %
   Z -> charged lepton anti-lepton :  3.3460763 %
   Z -> up-type quark anti-quark   : 11.9908090 %
   Z -> down-type quark anti-quark : 15.3804024 %
   Z -> top anti-top               :  0.0000000 %
  
   H -> WW                         : 20.4628169 %
   H -> ZZ                         :  2.5390366 %
   H -> bottom anti-bottom         : 58.7489081 %
   H -> top anti-top               :  0.0000000 %
   H -> charm anti-charm           :  3.4901975 %
   H -> tau anti-tau               :  6.2665676 %
   H -> mu anti-mu                 :  0.0221853 %
   H -> gluon gluon                :  8.0504027 %
   H -> gamma gamma                :  0.2383715 %
   H -> Z gamma                    :  0.1815139 %
  
 Warning: cannot read value for key = MLL_OSONLY. Using default value :  T
 Warning: cannot read value for key = PTMISS_MIN. Using default value :    0.0000000000000000     
 Warning: cannot read value for key = EXISOLCUT. Using default value :    1.0000000000000000     
 Warning: cannot read value for key = MJ_WINDOWV. Using default value :    0.0000000000000000     
 
          information on cut parameters
 -----------------------------------------------
 
 minimum jet pt        (PT_JET_MIN):     50.00    50.00   
 maximum jet rapidity                 (Y_JET_MAX):    4.5000000000000000     
 maximum parton pseudorapidity          (Y_P_MAX):    5.0000000000000000     
 minimum jet-jet R-separation           (RJJ_MIN):   0.69999999999999996     
 minimum number of jets                (NJET_MIN):            1
 single jet from hadronic decay (SINGLE_DECAYJET):            0
 exponent of generalised kT algorithm (PGENKTJET):    1.0000000000000000     
 minimum lepton-lepton R-separation     (RLL_MIN):    0.0000000000000000     
 maximum lepton-lepton R-separation     (RLL_MAX):    50.000000000000000     
 minimum jet-lepton R-separation        (RJL_MIN):   0.20000000000000001     
 minimum jet-photon R-separation        (RJG_MIN):    0.0000000000000000     
 minimum lepton-photon R-separation     (RLG_MIN):   0.20000000000000001     
 minimum photon-photon R-separation     (RGG_MIN):    0.0000000000000000     
 maximum photon-photon R-separation     (RGG_MAX):    50.000000000000000     
 maximum lepton rapidity                (Y_L_MAX):    2.5000000000000000     
 minimum lepton pt       (PT_L_MIN):     20.00   
 minimum invariant dilepton mass        (MLL_MIN):    0.0000000000000000     
 maximum invariant dilepton mass        (MLL_MAX):    14000.000000000000     
 m_ll cuts only on opposite-sign l   (MLL_OSONLY):  T
 maximum photon rapidity                (Y_G_MAX):    2.5000000000000000     
 minimum photon pt       (PT_G_MIN):     50.00   
 photon isolation cut                 (PHISOLCUT):   0.59999999999999998     
 efficiency of photon isolation cut   (EFISOLCUT):    1.0000000000000000     
 exponent of photon isolation cut   (EXISOLCUT):    1.0000000000000000     
 minimum invariant lepton-photon mass   (MLG_MIN):    0.0000000000000000     
 maximum invariant lepton-photon mass   (MLG_MAX):    1.0000000000000000E+020
 minimal missing transverse momentum (PTMISS_MIN):    0.0000000000000000     
 minimum jet rapidity separation      (ETAJJ_MIN):    0.0000000000000000     
 tagging jets in opposite hemispheres     (YSIGN):    F
 leptons fall inside rapidity gap     (LRAPIDGAP):    F
 min leptons y-dist from tagging jets   (DELY_JL):    0.0000000000000000     
 photons fall inside rapidity gap     (GRAPIDGAP):    T
 min photons y-dist from tagging jets   (DELY_JG):    0.0000000000000000     
 dijet min mass cut on tag jets        (MDIJ_MIN):    600.00000000000000     
 dijet max mass cut on tag jets        (MDIJ_MAX):    14000.000000000000     
 excluded jet-m window               (MJ_WINDOWV):    85.792800000000000        85.792800000000000     
 veto criteria for jets                   (JVETO):    F
 minimum veto-tag y-dist             (DELY_JVETO):    0.0000000000000000     
 maximum |y| for veto jet             (YMAX_VETO):    5.0000000000000000     
 minimum pT for veto jet             (PTMIN_VETO):    10.000000000000000     
 

        phase space generator information  
 -----------------------------------------------

 boson  3 has mass  80.40 GeV and width  2.0977 GeV
 integration range for boson  3 =      0.032  to     9616.652 GeV

 pTjmin =   50.0    50.0    50.0    50.0
 Ejmin  =    0.0     0.0     0.0     0.0
 yjmin  =    0.0     0.0     0.0     0.0
 yjmax  =    4.5     4.5     4.5     4.5
 infoj  =     -1      -1      -1      -1
 machine energy =    13600.0  GeV
 Minimal mom.transfer or mass for parton pair:   100.00 MeV

 -----------------------------------------------

  Open error on file random.dat
  Using default values.
  Random number generator initialized with seed =            0
 
          information on histogram config
 -----------------------------------------------
 
  Open error on file histograms.dat
  Using default values.
 SMEARING           =      T
 SMEAR_VALUE        =       0.10000000000000001     
 CALC_ERROR_GNUPLOT =      F
 CALC_ERROR_ROOT    =      F
 CALC_ERROR_1D      =      T
 CALC_ERROR_2D      =      F
 
HIST_ID1      =      0.00    250.00  # dS/dpT_j (fb/GeV)
HIST_ID2      =      0.00    500.00  # dS/dpTmax_j (fb/GeV)
HIST_ID3      =      0.00    200.00  # dS/dpTmin_j (fb/GeV)
HIST_ID4      =     -5.00      5.00  # dS/dy_j (fb)
HIST_ID5      =     -5.00      5.00  # dS/dy_j1 (fb)
HIST_ID6      =     -5.00      5.00  # dS/dy_j2 (fb)
HIST_ID7      =      0.00    500.00  # dS/dpTmax_l (fb/GeV)
HIST_ID8      =      0.00    200.00  # dS/dpTmin_l (fb/GeV)
HIST_ID9      =      0.00      5.00  # dS/d|eta|max_l (fb)
HIST_ID10     =      0.00      5.00  # dS/d|eta|min_l (fb)
HIST_ID11     =   -180.00    180.00  # dS/dPhi_jj (fb)
2DHIST_ID1    =      0.00      6.00      0.00    800.00  # d2S/dy_jj dm_jj (fb/GeV)
 
 -----------------------------------------------
 
Starttime: 2024-04-30T16:03:17+0200
  
 PHASE SPACE           1
  

 MONACO input parameters:
 ndim =  9,  ncall =     512k,   rtype = 0
 nprn =  0,  acc = -1.0E+0,  alph =  8.75E-1,  nd = 48,  mds =  0

 MONACO:  continuing with uniform grid
  
 W-Aj amplitude square information:
 -----------------------------------------------
  
  alfas =  0.12793873092679636     
  
 -----------------------------------------------
  External b-quark contributions are excluded

 iteration  1:
 integral =  1.021070E+02,  sigma = 4.559E+00
 efficacy = 1.110E-04,  raw efficacy = 1.110E-04
 f_positive = 3.988E-2,  f_zero = 9.601E-1,  f_negative = 0.000E+0
 accumulated statistics:
 integral =  1.021070E+02,  sigma = 4.559E+00,  chi^2/iteration = 1.705E-13

 MONACO:  grid written to file grid2_1.out.1

 MONACO input parameters:
 ndim =  9,  ncall =       1M,   rtype = 0
 nprn =  0,  acc = -1.0E+0,  alph =  8.75E-1,  nd = 48,  mds =  0

 iteration  2:
 integral =  1.015509E+02,  sigma = 7.994E-01
 efficacy = 1.341E-03,  raw efficacy = 8.869E-05
 f_positive = 7.122E-2,  f_zero = 9.288E-1,  f_negative = 0.000E+0
 accumulated statistics:
 integral =  1.015675E+02,  sigma = 7.874E-01,  chi^2/iteration = 1.444E+04

 MONACO:  grid written to file grid2_1.out.2

 MONACO input parameters:
 ndim =  9,  ncall =       2M,   rtype = 0
 nprn =  0,  acc = -1.0E+0,  alph =  8.75E-1,  nd = 48,  mds =  0

 iteration  3:
 integral =  1.021170E+02,  sigma = 3.470E-01
 efficacy = 4.328E-03,  raw efficacy = 9.085E-05
 f_positive = 8.854E-2,  f_zero = 9.115E-1,  f_negative = 0.000E+0
 accumulated statistics:
 integral =  1.020276E+02,  sigma = 3.176E-01,  chi^2/iteration = 4.223E-01

 MONACO:  grid written to file grid2_1.out.3

 MONACO input parameters:
 ndim =  9,  ncall =       4M,   rtype = 0
 nprn =  0,  acc = -1.0E+0,  alph =  8.75E-1,  nd = 48,  mds =  0

 iteration  4:
 integral =  1.023404E+02,  sigma = 2.089E-01
 efficacy = 4.340E-03,  raw efficacy = 7.511E-05
 f_positive = 9.679E-2,  f_zero = 9.032E-1,  f_negative = 0.000E+0
 accumulated statistics:
 integral =  1.022459E+02,  sigma = 1.745E-01,  chi^2/iteration = 5.497E-01

 MONACO:  grid written to file grid2_1.out.4

 MONACO input parameters:
 ndim =  9,  ncall =       8M,   rtype = 0
 nprn =  0,  acc = -1.0E+0,  alph =  8.75E-1,  nd = 48,  mds =  0

 iteration  5:
 integral =  1.021803E+02,  sigma = 1.404E-01
 efficacy = 1.943E-03,  raw efficacy = 7.064E-05
 f_positive = 1.014E-1,  f_zero = 8.986E-1,  f_negative = 0.000E+0
 accumulated statistics:
 integral =  1.022061E+02,  sigma = 1.094E-01,  chi^2/iteration = 3.950E-01

 MONACO:  grid written to file grid2_1.out.5

 MONACO input parameters:
 ndim =  9,  ncall =      16M,   rtype = 0
 nprn =  0,  acc = -1.0E+0,  alph =  8.75E-1,  nd = 48,  mds =  0

 iteration  6:
 integral =  1.022160E+02,  sigma = 9.777E-02
 efficacy = 1.581E-03,  raw efficacy = 6.840E-05
 f_positive = 1.042E-1,  f_zero = 8.958E-1,  f_negative = 0.000E+0
 accumulated statistics:
 integral =  1.022116E+02,  sigma = 7.289E-02,  chi^2/iteration = 2.974E-01

 MONACO:  grid written to file grid2_1.out.6
 
  result (LO):    102.21157532607509       +-    7.2893099180289439E-002  fb     7.1315894454953926E-002 %
 
  
 PHASE SPACE           2
  

 MONACO input parameters:
 ndim =  9,  ncall =     512k,   rtype = 0
 nprn =  0,  acc = -1.0E+0,  alph =  8.75E-1,  nd = 48,  mds =  0

 MONACO:  continuing with uniform grid

 iteration  1:
 integral =  3.046903E+02,  sigma = 7.569E+00
 efficacy = 2.337E-04,  raw efficacy = 2.337E-04
 f_positive = 9.115E-2,  f_zero = 9.089E-1,  f_negative = 0.000E+0
 accumulated statistics:
 integral =  3.046903E+02,  sigma = 7.569E+00,  chi^2/iteration = 2.274E-13

 MONACO:  grid written to file grid2_2.out.1

 MONACO input parameters:
 ndim =  9,  ncall =       1M,   rtype = 0
 nprn =  0,  acc = -1.0E+0,  alph =  8.75E-1,  nd = 48,  mds =  0

 iteration  2:
 integral =  3.102842E+02,  sigma = 1.245E+00
 efficacy = 1.087E-03,  raw efficacy = 9.089E-05
 f_positive = 3.848E-1,  f_zero = 6.152E-1,  f_negative = 0.000E+0
 accumulated statistics:
 integral =  3.101368E+02,  sigma = 1.229E+00,  chi^2/iteration = 5.318E+05

 MONACO:  grid written to file grid2_2.out.2

 MONACO input parameters:
 ndim =  9,  ncall =       2M,   rtype = 0
 nprn =  0,  acc = -1.0E+0,  alph =  8.75E-1,  nd = 48,  mds =  0

 iteration  3:
 integral =  3.116642E+02,  sigma = 6.185E-01
 efficacy = 6.122E-04,  raw efficacy = 1.171E-05
 f_positive = 5.459E-1,  f_zero = 4.541E-1,  f_negative = 0.000E+0
 accumulated statistics:
 integral =  3.113554E+02,  sigma = 5.525E-01,  chi^2/iteration = 1.765E+00

 MONACO:  grid written to file grid2_2.out.3

 MONACO input parameters:
 ndim =  9,  ncall =       4M,   rtype = 0
 nprn =  0,  acc = -1.0E+0,  alph =  8.75E-1,  nd = 48,  mds =  0

 iteration  4:
 integral =  3.110121E+02,  sigma = 3.358E-01
 efficacy = 2.339E-03,  raw efficacy = 2.150E-05
 f_positive = 6.094E-1,  f_zero = 3.906E-1,  f_negative = 0.000E+0
 accumulated statistics:
 integral =  3.111047E+02,  sigma = 2.869E-01,  chi^2/iteration = 1.023E+00

 MONACO:  grid written to file grid2_2.out.4

 MONACO input parameters:
 ndim =  9,  ncall =       8M,   rtype = 0
 nprn =  0,  acc = -1.0E+0,  alph =  8.75E-1,  nd = 48,  mds =  0

 iteration  5:
 integral =  3.110121E+02,  sigma = 2.219E-01
 efficacy = 2.351E-03,  raw efficacy = 1.443E-05
 f_positive = 6.328E-1,  f_zero = 3.672E-1,  f_negative = 0.000E+0
 accumulated statistics:
 integral =  3.110468E+02,  sigma = 1.756E-01,  chi^2/iteration = 7.040E-01

 MONACO:  grid written to file grid2_2.out.5

 MONACO input parameters:
 ndim =  9,  ncall =      16M,   rtype = 0
 nprn =  0,  acc = -1.0E+0,  alph =  8.75E-1,  nd = 48,  mds =  0

 iteration  6:
 integral =  3.114427E+02,  sigma = 1.578E-01
 efficacy = 8.926E-04,  raw efficacy = 7.506E-06
 f_positive = 6.453E-1,  f_zero = 3.547E-1,  f_negative = 0.000E+0
 accumulated statistics:
 integral =  3.112658E+02,  sigma = 1.173E-01,  chi^2/iteration = 1.231E+00

 MONACO:  grid written to file grid2_2.out.6
 
  result (LO):    311.26582640629442       +-   0.11734532175564921       fb     3.7699391260021808E-002 %
 
 
  Total (multi-channel) result (LO):    413.47740173236951       +-   0.13814242087803572       fb     3.3409908328545318E-002 %
  
   
 Initialising FF ..
   
 ====================================================
   FF 2.0, a package to evaluate one-loop integrals
 written by G. J. van Oldenborgh, NIKHEF-H, Amsterdam
 ====================================================
 for the algorithms used see preprint NIKHEF-H 89/17,
 'New Algorithms for One-loop Integrals', by G.J. van
 Oldenborgh and J.A.M. Vermaseren, published in 
 Zeitschrift fuer Physik C46(1990)425.
 ====================================================
  
 PHASE SPACE            1
  

 MONACO input parameters:
 ndim =  9,  ncall =      16M,   rtype = 0
 nprn =  0,  acc = -1.0E+0,  alph =  8.75E-1,  nd = 48,  mds =  0

 MONACO:  grid read from file grid2_1.out.6                                                                                                                                                                                                                                             
  
 W-Aj virtual amplitude square information:
 -----------------------------------------------
  
  
 -----------------------------------------------

 iteration  1:
 integral =  9.584936E+01,  sigma = 9.103E-02
 efficacy = 6.630E-04,  raw efficacy = 7.830E-05
 f_positive = 1.060E-1,  f_zero = 8.940E-1,  f_negative = 0.000E+0
 accumulated statistics:
 integral =  9.584936E+01,  sigma = 9.103E-02,  chi^2/iteration = 0.000E+00

 MONACO:  grid written to file grid2_1.vout.1
  
  result for virtual contribution, no.            1
  sigma =    95.849359786581928       +-    9.1026797963363840E-002  fb  
  
 total result for virtual contns so far 
  sigma =    95.849359786581928       +-    9.1026797963363840E-002  fb
  

 MONACO input parameters:
 ndim =  9,  ncall =       1M,   rtype = 0
 nprn =  0,  acc = -1.0E+0,  alph =  8.75E-1,  nd = 48,  mds =  0

 MONACO:  grid read from file grid2_1.out.6                                                                                                                                                                                                                                             

 iteration  1:
 integral = -5.009126E+00,  sigma = 3.214E-02
 efficacy = 1.242E-03,  raw efficacy = 1.021E-04
 f_positive = 1.171E-2,  f_zero = 8.943E-1,  f_negative = 9.398E-2
 accumulated statistics:
 integral = -5.009126E+00,  sigma = 3.214E-02,  chi^2/iteration = 0.000E+00

 MONACO:  grid written to file grid2_1.vout.2
  
  result for virtual contribution, no.            2
  sigma =   -5.0091262709215814       +-    3.2140791481463489E-002  fb  
  
 total result for virtual contns so far 
  sigma =    90.840233515660344       +-    9.6534493444146566E-002  fb
  
  
 PHASE SPACE            2
  

 MONACO input parameters:
 ndim =  9,  ncall =      16M,   rtype = 0
 nprn =  0,  acc = -1.0E+0,  alph =  8.75E-1,  nd = 48,  mds =  0

 MONACO:  grid read from file grid2_2.out.6                                                                                                                                                                                                                                             

 iteration  1:
 integral =  2.950865E+02,  sigma = 1.677E-01
 efficacy = 2.177E-04,  raw efficacy = 7.375E-06
 f_positive = 6.505E-1,  f_zero = 3.495E-1,  f_negative = 0.000E+0
 accumulated statistics:
 integral =  2.950865E+02,  sigma = 1.677E-01,  chi^2/iteration = 0.000E+00

 MONACO:  grid written to file grid2_2.vout.1
  
  result for virtual contribution, no.            1
  sigma =    295.08650215847848       +-   0.16766229826399651       fb  
  
 total result for virtual contns so far 
  sigma =    295.08650215847848       +-   0.16766229826399651       fb
  

 MONACO input parameters:
 ndim =  9,  ncall =       1M,   rtype = 0
 nprn =  0,  acc = -1.0E+0,  alph =  8.75E-1,  nd = 48,  mds =  0

 MONACO:  grid read from file grid2_2.out.6                                                                                                                                                                                                                                             

 iteration  1:
 integral = -1.988948E+01,  sigma = 9.915E-02
 efficacy = 5.694E-04,  raw efficacy = 1.952E-05
 f_positive = 1.801E-1,  f_zero = 3.489E-1,  f_negative = 4.710E-1
 accumulated statistics:
 integral = -1.988948E+01,  sigma = 9.915E-02,  chi^2/iteration = 0.000E+00

 MONACO:  grid written to file grid2_2.vout.2
  
  result for virtual contribution, no.            2
  sigma =   -19.889478851119449       +-    9.9149652612441491E-002  fb  
  
 total result for virtual contns so far 
  sigma =    275.19702330735902       +-   0.19478526605555452       fb
  
 
  Total (multi-channel) result (NLO virtual):    366.03725682301939       +-   0.21739413123829063       fb     5.9391257907771292E-002 %
 
   
 Summary for FF ..
   
 
total number of errors and warnings
===================================
vbffferr: no errors
the warning system has been disabled
 
  
 PHASE SPACE            1
  

 MONACO input parameters:
 ndim = 12,  ncall =     512k,   rtype = 0
 nprn =  0,  acc = -1.0E+0,  alph =  8.75E-1,  nd = 48,  mds =  0

 MONACO:  continuing with uniform grid
  
 W-Ajj amplitude square information:
 ------------------------------------------------
  
  
 ------------------------------------------------
  External b-quark contributions are excluded

 iteration  1:
 integral =  4.300051E+01,  sigma = 4.792E+00
 efficacy = 5.857E-05,  raw efficacy = 5.857E-05
 f_positive = 5.214E-2,  f_zero = 9.006E-1,  f_negative = 4.729E-2
 accumulated statistics:
 integral =  4.300051E+01,  sigma = 4.792E+00,  chi^2/iteration = 1.421E-14

 MONACO:  grid written to file grid3_1.out.1

 MONACO input parameters:
 ndim = 12,  ncall =       1M,   rtype = 0
 nprn =  0,  acc = -1.0E+0,  alph =  8.75E-1,  nd = 48,  mds =  0

 iteration  2:
 integral =  4.306335E+01,  sigma = 2.624E+00
 efficacy = 3.675E-05,  raw efficacy = 1.711E-06
 f_positive = 1.073E-1,  f_zero = 8.366E-1,  f_negative = 5.612E-2
 accumulated statistics:
 integral =  4.304885E+01,  sigma = 2.301E+00,  chi^2/iteration = 1.323E+02

 MONACO:  grid written to file grid3_1.out.2

 MONACO input parameters:
 ndim = 12,  ncall =       2M,   rtype = 0
 nprn =  0,  acc = -1.0E+0,  alph =  8.75E-1,  nd = 48,  mds =  0

 iteration  3:
 integral =  4.683644E+01,  sigma = 1.177E+00
 efficacy = 3.365E-05,  raw efficacy = 3.379E-07
 f_positive = 1.302E-1,  f_zero = 8.178E-1,  f_negative = 5.196E-2
 accumulated statistics:
 integral =  4.605119E+01,  sigma = 1.048E+00,  chi^2/iteration = 2.147E+00

 MONACO:  grid written to file grid3_1.out.3

 MONACO input parameters:
 ndim = 12,  ncall =       4M,   rtype = 0
 nprn =  0,  acc = -1.0E+0,  alph =  8.75E-1,  nd = 48,  mds =  0

 iteration  4:
 integral =  4.457497E+01,  sigma = 6.399E-01
 efficacy = 4.478E-05,  raw efficacy = 6.143E-08
 f_positive = 1.321E-1,  f_zero = 8.183E-1,  f_negative = 4.960E-2
 accumulated statistics:
 integral =  4.497591E+01,  sigma = 5.461E-01,  chi^2/iteration = 1.796E+00

 MONACO:  grid written to file grid3_1.out.4

 MONACO input parameters:
 ndim = 12,  ncall =       8M,   rtype = 0
 nprn =  0,  acc = -1.0E+0,  alph =  8.75E-1,  nd = 48,  mds =  0

 iteration  5:
 integral =  4.387364E+01,  sigma = 6.555E-01
 efficacy = 1.049E-05,  raw efficacy = 3.454E-08
 f_positive = 1.375E-1,  f_zero = 8.136E-1,  f_negative = 4.891E-2
 accumulated statistics:
 integral =  4.452434E+01,  sigma = 4.196E-01,  chi^2/iteration = 1.754E+00

 MONACO:  grid written to file grid3_1.out.5

 MONACO input parameters:
 ndim = 12,  ncall =      16M,   rtype = 0
 nprn =  0,  acc = -1.0E+0,  alph =  8.75E-1,  nd = 48,  mds =  0

 iteration  6:
 integral =  4.337285E+01,  sigma = 3.459E-01
 efficacy = 1.822E-05,  raw efficacy = 6.941E-09
 f_positive = 1.331E-1,  f_zero = 8.157E-1,  f_negative = 5.125E-2
 accumulated statistics:
 integral =  4.383885E+01,  sigma = 2.669E-01,  chi^2/iteration = 2.436E+00

 MONACO:  grid written to file grid3_1.out.6
 
  result for real emissions 
  sigma =    43.838847978691042       +-   0.26692141510987455       fb
  
  
 PHASE SPACE            2
  

 MONACO input parameters:
 ndim = 12,  ncall =     512k,   rtype = 0
 nprn =  0,  acc = -1.0E+0,  alph =  8.75E-1,  nd = 48,  mds =  0

 MONACO:  continuing with uniform grid

 iteration  1:
 integral =  1.854550E+02,  sigma = 2.969E+01
 efficacy = 1.420E-05,  raw efficacy = 1.420E-05
 f_positive = 8.243E-2,  f_zero = 8.342E-1,  f_negative = 8.335E-2
 accumulated statistics:
 integral =  1.854550E+02,  sigma = 2.969E+01,  chi^2/iteration = 0.000E+00

 MONACO:  grid written to file grid3_2.out.1

 MONACO input parameters:
 ndim = 12,  ncall =       1M,   rtype = 0
 nprn =  0,  acc = -1.0E+0,  alph =  8.75E-1,  nd = 48,  mds =  0

 iteration  2:
 integral =  1.916434E+02,  sigma = 6.282E+00
 efficacy = 9.228E-05,  raw efficacy = 2.884E-06
 f_positive = 2.593E-1,  f_zero = 5.952E-1,  f_negative = 1.455E-1
 accumulated statistics:
 integral =  1.913783E+02,  sigma = 6.146E+00,  chi^2/iteration = 4.158E+04

 MONACO:  grid written to file grid3_2.out.2

 MONACO input parameters:
 ndim = 12,  ncall =       2M,   rtype = 0
 nprn =  0,  acc = -1.0E+0,  alph =  8.75E-1,  nd = 48,  mds =  0

 iteration  3:
 integral =  1.917403E+02,  sigma = 3.306E+00
 efficacy = 8.680E-05,  raw efficacy = 1.576E-07
 f_positive = 3.831E-1,  f_zero = 4.482E-1,  f_negative = 1.686E-1
 accumulated statistics:
 integral =  1.916590E+02,  sigma = 2.912E+00,  chi^2/iteration = 4.427E-02

 MONACO:  grid written to file grid3_2.out.3

 MONACO input parameters:
 ndim = 12,  ncall =       4M,   rtype = 0
 nprn =  0,  acc = -1.0E+0,  alph =  8.75E-1,  nd = 48,  mds =  0

 iteration  4:
 integral =  1.938582E+02,  sigma = 1.745E+00
 efficacy = 7.712E-05,  raw efficacy = 3.130E-07
 f_positive = 4.438E-1,  f_zero = 3.890E-1,  f_negative = 1.672E-1
 accumulated statistics:
 integral =  1.932773E+02,  sigma = 1.496E+00,  chi^2/iteration = 2.320E-01

 MONACO:  grid written to file grid3_2.out.4

 MONACO input parameters:
 ndim = 12,  ncall =       8M,   rtype = 0
 nprn =  0,  acc = -1.0E+0,  alph =  8.75E-1,  nd = 48,  mds =  0

 iteration  5:
 integral =  1.932599E+02,  sigma = 1.588E+00
 efficacy = 2.762E-05,  raw efficacy = 3.418E-08
 f_positive = 4.447E-1,  f_zero = 3.879E-1,  f_negative = 1.674E-1
 accumulated statistics:
 integral =  1.932691E+02,  sigma = 1.089E+00,  chi^2/iteration = 1.547E-01

 MONACO:  grid written to file grid3_2.out.5

 MONACO input parameters:
 ndim = 12,  ncall =      16M,   rtype = 0
 nprn =  0,  acc = -1.0E+0,  alph =  8.75E-1,  nd = 48,  mds =  0

 iteration  6:
 integral =  1.910408E+02,  sigma = 1.900E+00
 efficacy = 6.558E-06,  raw efficacy = 1.212E-08
 f_positive = 4.525E-1,  f_zero = 3.783E-1,  f_negative = 1.692E-1
 accumulated statistics:
 integral =  1.927183E+02,  sigma = 9.449E-01,  chi^2/iteration = 3.747E-01

 MONACO:  grid written to file grid3_2.out.6
 
  result for real emissions 
  sigma =    192.71825331115997       +-   0.94491893577165842       fb
  
 
  Total (multi-channel) result (NLO real):    236.55710128985100       +-   0.98189553264290874       fb    0.41507759745491729      %
 
  
  final result at NLO 
  sigma =    602.59435811287040       +-    1.0056734287635090       fb  0.16689061475997738      %
 LO for different PHASESPACE:
   102.21157532607509       +-    7.2893099180289439E-002  fb   7.1315894454953926E-002
   311.26582640629442       +-   0.11734532175564921       fb   3.7699391260021808E-002
 
  
  
 VIRTUAL CONTRIBUTIONS for different PHASESPACE:
  borntype for different PHASESPACE:
   95.849359786581928       +-    9.1026797963363840E-002  fb   9.4968602989152981E-002
   295.08650215847848       +-   0.16766229826399651       fb   5.6818016763759728E-002
  boxes for different PHASESPACE:
  -5.0091262709215814       +-    3.2140791481463489E-002  fb -0.64164466501959849     
  -19.889478851119449       +-    9.9149652612441491E-002  fb -0.49850301938334096     
   
 TOTAL VIRTUAL CONTRIBUTIONS:
 TOTAL borntype:
   390.93586194506042       0.19077873101220794        4.8800519364738844E-002  %
 TOTAL boxes:
  -24.898605122041030       0.10422899831727608      -0.41861380509629148       %
  
  
  REAL EMISSION for different PHASESPACE:
   43.838847978691042       0.26692141510987455       0.60886959264900919       %
   192.71825331115997       0.94491893577165842       0.49031107304921795       %
  
  
  
 !!!!!!!!!!!!!!!!!!!!!!!!!!!!!!!!!!!!!!!!!!!!!!!!!!!!!!!!!!!!!!!!!!!!!!!!!!!!!!!!!!!!!!!!!!!!!!!!!!!!!!!!
   
  PROCESS:          610   :   p p -->  W- A j -->  e- ve~ A j
   
  TOTAL result (LO):      413.47740173236951  +-    0.13814242087804 fb    0.03340990832855 %
  NLO virtual result:     366.03725682301939  +-    0.21739413123829 fb    0.05939125790777 %
  QCD real emission:      236.55710128985100  +-    0.98189553264291 fb    0.41507759745492 %
  TOTAL result (NLO):     602.59435811287040  +-    1.00567342876351 fb    0.16689061475998 %
  K-Factor:                  1.4573816019645740     
 !!!!!!!!!!!!!!!!!!!!!!!!!!!!!!!!!!!!!!!!!!!!!!!!!!!!!!!!!!!!!!!!!!!!!!!!!!!!!!!!!!!!!!!!!!!!!!!!!!!!!!!!
  
  
  Endtime: 2024-04-30T23:01:29+0200
  Runtime: 6:58:12 (25092 seconds)
