running on itppc61
command to run:
/itp/fast/robin/vbfnlo-installs/mpi-disable/bin/vbfnlo
   
 -----------------------------------------------------------------
 VBFNLO, version 3.0.0 beta2 GIT a9d9ebca
 Comput. Phys. Commun. 180 (2009) 1661[arXiv:0811.4559 [hep-ph]]
 arXiV:1107.4038, arXiV:1207.4975, arXiv:1404.3940
 http://www.itp.kit.edu/vbfnlo
 -----------------------------------------------------------------
 Process-specific references (please cite as well if appropriate):
 G. Bozzi, F. Campanario, V. Hankele et al.
 Phys. Rev. D81 (2010) 094030, e-Print: arXiv:0911.0438 [hep-ph]
 
 -----------------------------------------------------------------
   
   
  
        Information on global parameters
 -----------------------------------------------
   PROCESS               =      460
   LOPROCESS_PLUS_JET    =        F
   KK_MOD                =        F
   ANOM_CPL              =        F
   LEPTONS               =    12  -11   13  -14
   LO_ITERATIONS         =        6
   NLO_ITERATIONS        =        6
   LO_POINTS             =       26
   NLO_POINTS            =       26
   NLO_SWITCH            =        T
   EWCOR_SWITCH          =        F
   FERMIONLOOP           =        3
   LHA_SWITCH            =        F
   HEPMC_SWITCH          =        F
   LO_GRID               = grid2_1                                           
                           grid2_2                                           
                           grid2_3                                           
   NLO_GRID              = grid3_1                                           
                           grid3_2                                           
                           grid3_3                                           
   PHTN_GRID             = grid4_1                                           
                           grid4_2                                           
                           grid4_3                                           
   FLOOP_GRID            = grid5_1                                           
                           grid5_2                                           
                           grid5_3                                           
   ECM                   =  14000.0    
   BEAM1                 =        1
   BEAM2                 =        1
   ID_MUF                =        4
   ID_MUR                =        4
   MUF_USER              =  100.000    
   MUR_USER              =  100.000    
   XIF                   =  1.00000    
   XIR                   =  1.00000    
 Warning: cannot read value for key = SHOWTIMING. Using default value :  T
 
       information on the selected process 
 -----------------------------------------------
 
  pp -> W+ W- A -> l+ l- vl vl~ A
 
 W+ W- photon production with subsequent decay of the  W bosons to leptons.
 Process is implemented at LO and NLO QCD.
 Anomalous couplings can be set in "anomV.dat".
 References: G. Bozzi, F. Campanario, V. Hankele et al.
 Phys. Rev. D81 (2010) 094030, e-Print: arXiv:0911.0438 [hep-ph]
 
 Initializing PDF set CT10
  
               Physics parameters
 -----------------------------------------------
   HTYPE                 =        0
   MODEL                 =        1
   ANOM_CPL              =        F
   KK_MOD                =        F
   SPIN2                 =        F
   HMASS                 =  120.000    
   HWIDTH                = -999.000    
   TOPMASS               =  172.400    
   BOTTOMMASS            =  4.85500    
   CHARMMASS             =  1.65000    
   TAU_MASS              =  1.77684    
   EWSCHEME              =        3
   FERMI_CONST           = 0.116637E-04
   WMASS                 =  80.3980    
   ZMASS                 =  91.1876    
   
 Running in the SM
   
 Higgs mass =   120.00000000000000     
   
   
  
 Information on scale setting in InitScales 
 -------------------------------------------
  
 Dynamical factorization scale chosen:
       invariant VVV mass 
 Dynamical value for alphas chosen:
 alphas = alpha(invariant VVV mass)
 Initializing PDF set cteq6l1
  
  
  
  
   Information on couplings, masses and widths
 ===============================================
  
   SM coupling parameters 
 ---------------------------
   G_Fermi                         : 0.000011663700
   SIN**2 of the weak mixing angle : 0.22264585
   Q.E.D. fine structure constant  : 1/132.34070    
   SU(2) coupling constant g       : 0.65305673
   U(1) coupling constant g'       : 0.34950127
   Q.C.D. LO alfas(MZ)             : 0.12980813
   Q.C.D. NLO alfas(MZ)            : 0.11798159
  
      particle masses
 ---------------------------
   mass of the Z0 boson            :   91.1876
   mass of the W+/- boson          :   80.3980
   mass of the Higgs boson         :  120.0000
   mass of the top quark           :  172.4000
   mass of the bottom quark at MH  :    2.8132
  (All other fermions have mass equal ZERO)
  
      particle widths
 ---------------------------
   total widths of Z0              :   2.508420 GeV
   total widths of W+ or W-        :   2.097673 GeV
   total widths of Higgs           :   0.003578 GeV
   total widths of top quark       :   1.339784 GeV
  
     branching ratios
 ---------------------------
   W -> lepton anti-lepton         : 10.8397227 %
   W -> massless quark anti-quark  : 33.7404159 %
   W -> top bottom                 :  0.0000000 %
  
   Z -> neutrino anti-neutrino     :  6.6129820 %
   Z -> charged lepton anti-lepton :  3.3460763 %
   Z -> up-type quark anti-quark   : 11.9908090 %
   Z -> down-type quark anti-quark : 15.3804024 %
   Z -> top anti-top               :  0.0000000 %
  
   H -> WW                         : 13.4257085 %
   H -> ZZ                         :  1.5167593 %
   H -> bottom anti-bottom         : 65.5969832 %
   H -> top anti-top               :  0.0000000 %
   H -> charm anti-charm           :  3.8970452 %
   H -> tau anti-tau               :  6.9405324 %
   H -> mu anti-mu                 :  0.0245739 %
   H -> gluon gluon                :  8.2279367 %
   H -> gamma gamma                :  0.2323288 %
   H -> Z gamma                    :  0.1381319 %
  
 Warning: cannot read value for key = MLL_OSONLY. Using default value :  T
 Warning: cannot read value for key = PTMISS_MIN. Using default value :    0.0000000000000000     
 
          information on cut parameters
 -----------------------------------------------
 
 minimum jet pt        (PT_JET_MIN):     20.00   
 maximum jet rapidity                 (Y_JET_MAX):    4.5000000000000000     
 maximum parton pseudorapidity          (Y_P_MAX):    5.0000000000000000     
 minimum jet-jet R-separation           (RJJ_MIN):   0.80000000000000004     
 minimum number of jets                (NJET_MIN):            0
 single jet from hadronic decay (SINGLE_DECAYJET):            0
 exponent of generalised kT algorithm (PGENKTJET):    1.0000000000000000     
 minimum lepton-lepton R-separation     (RLL_MIN):    0.0000000000000000     
 maximum lepton-lepton R-separation     (RLL_MAX):    50.000000000000000     
 minimum jet-lepton R-separation        (RJL_MIN):   0.40000000000000002     
 minimum jet-photon R-separation        (RJG_MIN):   0.69999999999999996     
 minimum lepton-photon R-separation     (RLG_MIN):   0.40000000000000002     
 minimum photon-photon R-separation     (RGG_MIN):    0.0000000000000000     
 maximum photon-photon R-separation     (RGG_MAX):    50.000000000000000     
 maximum lepton rapidity                (Y_L_MAX):    2.5000000000000000     
 minimum lepton pt       (PT_L_MIN):     20.00    20.00   
 minimum invariant dilepton mass        (MLL_MIN):    15.000000000000000     
 maximum invariant dilepton mass        (MLL_MAX):    14000.000000000000     
 m_ll cuts only on opposite-sign l   (MLL_OSONLY):  T
 maximum photon rapidity                (Y_G_MAX):    2.5000000000000000     
 minimum photon pt       (PT_G_MIN):     20.00   
 photon isolation cut                 (PHISOLCUT):   0.69999999999999996     
 efficiency of photon isolation cut   (EFISOLCUT):    1.0000000000000000     
 minimum invariant lepton-photon mass   (MLG_MIN):    0.0000000000000000     
 maximum invariant lepton-photon mass   (MLG_MAX):    1.0000000000000000E+020
 minimal missing transverse momentum (PTMISS_MIN):    0.0000000000000000     
 minimum jet rapidity separation      (ETAJJ_MIN):    0.0000000000000000     
 tagging jets in opposite hemispheres     (YSIGN):    F
 leptons fall inside rapidity gap     (LRAPIDGAP):    F
 min leptons y-dist from tagging jets   (DELY_JL):    0.0000000000000000     
 photons fall inside rapidity gap     (GRAPIDGAP):    T
 min photons y-dist from tagging jets   (DELY_JG):    0.0000000000000000     
 dijet min mass cut on tag jets        (MDIJ_MIN):    600.00000000000000     
 dijet max mass cut on tag jets        (MDIJ_MAX):    14000.000000000000     
 veto criteria for jets                   (JVETO):    F
 minimum veto-tag y-dist             (DELY_JVETO):    0.0000000000000000     
 maximum |y| for veto jet             (YMAX_VETO):    5.0000000000000000     
 minimum pT for veto jet             (PTMIN_VETO):    10.000000000000000     
 

 --------------------PHASE SPACE--------------------

 boson has mass    80.40 GeV and width     2.0977 GeV
 integration range for boson   3 =      0.032  to     9899.495 GeV
 boson has mass    80.40 GeV and width     2.0977 GeV
 integration range for boson   4 =      0.032  to     9899.495 GeV
 boson has mass     0.00 GeV and width     0.0000 GeV
 integration range for boson   1 =      0.032  to     9899.495 GeV

 machine energy =    14000.0  GeV

 ---------------------------------------------------

  Open error on file random.dat
  Using default values.
  Random number generator initialized with seed =            0
 
          information on histogram config
 -----------------------------------------------
 
  Open error on file histograms.dat
  Using default values.
 SMEARING           =      F
 CALC_ERROR_GNUPLOT =      F
 CALC_ERROR_ROOT    =      F
 CALC_ERROR_1D      =      T
 CALC_ERROR_2D      =      F
 
HIST_ID1      =      0.00    250.00  # dS/dpT_j (fb/GeV)
HIST_ID2      =      0.00    500.00  # dS/dpTmax_j (fb/GeV)
HIST_ID3      =      0.00    200.00  # dS/dpTmin_j (fb/GeV)
HIST_ID4      =     -5.00      5.00  # dS/dy_j (fb)
HIST_ID5      =     -5.00      5.00  # dS/dy_j1 (fb)
HIST_ID6      =     -5.00      5.00  # dS/dy_j2 (fb)
HIST_ID7      =      0.00    500.00  # dS/dpTmax_l (fb/GeV)
HIST_ID8      =      0.00    200.00  # dS/dpTmin_l (fb/GeV)
HIST_ID9      =      0.00      5.00  # dS/d|eta|max_l (fb)
HIST_ID10     =      0.00      5.00  # dS/d|eta|min_l (fb)
HIST_ID11     =   -180.00    180.00  # dS/dPhi_jj (fb)
2DHIST_ID1    =      0.00      6.00      0.00    800.00  # d2S/dy_jj dm_jj (fb/GeV)
 
 -----------------------------------------------
 
 
 
Starttime: 2016-11-30T11:43:30+0100
  
 PHASE SPACE           1
  

 MONACO input parameters:
 ndim = 12,  ncall =       2M,   rtype = 0
 nprn =  0,  acc = -1.0E+0,  alph = 8.75E-1,  nd = 48,  mds =  0

 MONACO:  continuing with uniform grid
  
 W+W-A amplitude square information:
 -----------------------------------------------
  
  precalculated tensors initialized to  (  0.0000000000000000     ,  0.0000000000000000     )
  External b-quark contributions are excluded

 iteration  1:
 integral =  1.046975E+00,  sigma = 1.016E-02
 efficacy = 2.691E-04,  raw efficacy = 2.691E-04
 f_positive = 5.583E-2,  f_zero = 9.442E-1,  f_negative = 0.000E+0
 accumulated statistics:
 integral =  1.046975E+00,  sigma = 1.016E-02,  chi^2/iteration = 0.000E+00

 MONACO:  grid written to file grid2_1.out.1

 MONACO input parameters:
 ndim = 12,  ncall =       4M,   rtype = 0
 nprn =  0,  acc = -1.0E+0,  alph = 8.75E-1,  nd = 48,  mds =  0

 iteration  2:
 integral =  1.054520E+00,  sigma = 2.581E-03
 efficacy = 1.266E-03,  raw efficacy = 7.789E-05
 f_positive = 2.052E-1,  f_zero = 7.948E-1,  f_negative = 0.000E+0
 accumulated statistics:
 integral =  1.054063E+00,  sigma = 2.502E-03,  chi^2/iteration = 5.182E+05

 MONACO:  grid written to file grid2_1.out.2

 MONACO input parameters:
 ndim = 12,  ncall =       8M,   rtype = 0
 nprn =  0,  acc = -1.0E+0,  alph = 8.75E-1,  nd = 48,  mds =  0

 iteration  3:
 integral =  1.057514E+00,  sigma = 1.339E-03
 efficacy = 1.059E-03,  raw efficacy = 4.641E-05
 f_positive = 2.943E-1,  f_zero = 7.057E-1,  f_negative = 0.000E+0
 accumulated statistics:
 integral =  1.056746E+00,  sigma = 1.180E-03,  chi^2/iteration = 1.998E+00

 MONACO:  grid written to file grid2_1.out.3

 MONACO input parameters:
 ndim = 12,  ncall =      16M,   rtype = 0
 nprn =  0,  acc = -1.0E+0,  alph = 8.75E-1,  nd = 48,  mds =  0

 iteration  4:
 integral =  1.056698E+00,  sigma = 8.641E-04
 efficacy = 1.165E-03,  raw efficacy = 3.556E-05
 f_positive = 3.304E-1,  f_zero = 6.696E-1,  f_negative = 0.000E+0
 accumulated statistics:
 integral =  1.056715E+00,  sigma = 6.972E-04,  chi^2/iteration = 9.995E-01

 MONACO:  grid written to file grid2_1.out.4

 MONACO input parameters:
 ndim = 12,  ncall =      32M,   rtype = 0
 nprn =  0,  acc = -1.0E+0,  alph = 8.75E-1,  nd = 48,  mds =  0

 iteration  5:
 integral =  1.056951E+00,  sigma = 5.875E-04
 efficacy = 5.233E-04,  raw efficacy = 4.270E-05
 f_positive = 3.469E-1,  f_zero = 6.531E-1,  f_negative = 0.000E+0
 accumulated statistics:
 integral =  1.056853E+00,  sigma = 4.493E-04,  chi^2/iteration = 6.886E-01

 MONACO:  grid written to file grid2_1.out.5

 MONACO input parameters:
 ndim = 12,  ncall =      64M,   rtype = 0
 nprn =  0,  acc = -1.0E+0,  alph = 8.75E-1,  nd = 48,  mds =  0

 iteration  6:
 integral =  1.056800E+00,  sigma = 4.345E-04
 efficacy = 1.230E-04,  raw efficacy = 2.416E-05
 f_positive = 3.560E-1,  f_zero = 6.440E-1,  f_negative = 0.000E+0
 accumulated statistics:
 integral =  1.056825E+00,  sigma = 3.123E-04,  chi^2/iteration = 5.183E-01

 MONACO:  grid written to file grid2_1.out.6
 
  result (LO):    1.0568253339399512       +-    3.1234345035117907E-004  fb     2.9554879157441396E-002 %
 
  
 PHASE SPACE           2
  

 MONACO input parameters:
 ndim = 12,  ncall =       2M,   rtype = 0
 nprn =  0,  acc = -1.0E+0,  alph = 8.75E-1,  nd = 48,  mds =  0

 MONACO:  continuing with uniform grid

 iteration  1:
 integral =  3.167334E-01,  sigma = 2.644E-02
 efficacy = 1.219E-05,  raw efficacy = 1.219E-05
 f_positive = 3.037E-2,  f_zero = 9.696E-1,  f_negative = 0.000E+0
 accumulated statistics:
 integral =  3.167334E-01,  sigma = 2.644E-02,  chi^2/iteration = 0.000E+00

 MONACO:  grid written to file grid2_2.out.1

 MONACO input parameters:
 ndim = 12,  ncall =       4M,   rtype = 0
 nprn =  0,  acc = -1.0E+0,  alph = 8.75E-1,  nd = 48,  mds =  0

 iteration  2:
 integral =  3.155675E-01,  sigma = 2.671E-03
 efficacy = 2.133E-04,  raw efficacy = 3.934E-06
 f_positive = 9.625E-2,  f_zero = 9.038E-1,  f_negative = 0.000E+0
 accumulated statistics:
 integral =  3.155793E-01,  sigma = 2.658E-03,  chi^2/iteration = 1.925E+03

 MONACO:  grid written to file grid2_2.out.2

 MONACO input parameters:
 ndim = 12,  ncall =       8M,   rtype = 0
 nprn =  0,  acc = -1.0E+0,  alph = 8.75E-1,  nd = 48,  mds =  0

 iteration  3:
 integral =  3.139706E-01,  sigma = 8.219E-04
 efficacy = 6.823E-04,  raw efficacy = 3.331E-06
 f_positive = 1.177E-1,  f_zero = 8.823E-1,  f_negative = 0.000E+0
 accumulated statistics:
 integral =  3.141111E-01,  sigma = 7.852E-04,  chi^2/iteration = 3.364E-01

 MONACO:  grid written to file grid2_2.out.3

 MONACO input parameters:
 ndim = 12,  ncall =      16M,   rtype = 0
 nprn =  0,  acc = -1.0E+0,  alph = 8.75E-1,  nd = 48,  mds =  0

 iteration  4:
 integral =  3.155676E-01,  sigma = 4.234E-04
 efficacy = 9.694E-04,  raw efficacy = 2.986E-06
 f_positive = 1.266E-1,  f_zero = 8.734E-1,  f_negative = 0.000E+0
 accumulated statistics:
 integral =  3.152395E-01,  sigma = 3.727E-04,  chi^2/iteration = 1.501E+00

 MONACO:  grid written to file grid2_2.out.4

 MONACO input parameters:
 ndim = 12,  ncall =      32M,   rtype = 0
 nprn =  0,  acc = -1.0E+0,  alph = 8.75E-1,  nd = 48,  mds =  0

 iteration  5:
 integral =  3.148451E-01,  sigma = 2.658E-04
 efficacy = 8.599E-04,  raw efficacy = 2.282E-06
 f_positive = 1.310E-1,  f_zero = 8.690E-1,  f_negative = 0.000E+0
 accumulated statistics:
 integral =  3.149781E-01,  sigma = 2.164E-04,  chi^2/iteration = 1.248E+00

 MONACO:  grid written to file grid2_2.out.5

 MONACO input parameters:
 ndim = 12,  ncall =      64M,   rtype = 0
 nprn =  0,  acc = -1.0E+0,  alph = 8.75E-1,  nd = 48,  mds =  0

 iteration  6:
 integral =  3.146097E-01,  sigma = 1.799E-04
 efficacy = 5.544E-04,  raw efficacy = 2.282E-06
 f_positive = 1.344E-1,  f_zero = 8.656E-1,  f_negative = 0.000E+0
 accumulated statistics:
 integral =  3.147603E-01,  sigma = 1.384E-04,  chi^2/iteration = 1.364E+00

 MONACO:  grid written to file grid2_2.out.6
 
  result (LO):   0.31476031330183968       +-    1.3835547441829423E-004  fb     4.3955819260358311E-002 %
 
  
 PHASE SPACE           3
  

 MONACO input parameters:
 ndim = 12,  ncall =       2M,   rtype = 0
 nprn =  0,  acc = -1.0E+0,  alph = 8.75E-1,  nd = 48,  mds =  0

 MONACO:  continuing with uniform grid

 iteration  1:
 integral =  3.315807E-01,  sigma = 2.604E-02
 efficacy = 9.652E-06,  raw efficacy = 9.652E-06
 f_positive = 1.106E-2,  f_zero = 9.889E-1,  f_negative = 0.000E+0
 accumulated statistics:
 integral =  3.315807E-01,  sigma = 2.604E-02,  chi^2/iteration = 0.000E+00

 MONACO:  grid written to file grid2_3.out.1

 MONACO input parameters:
 ndim = 12,  ncall =       4M,   rtype = 0
 nprn =  0,  acc = -1.0E+0,  alph = 8.75E-1,  nd = 48,  mds =  0

 iteration  2:
 integral =  3.246086E-01,  sigma = 2.464E-03
 efficacy = 2.512E-04,  raw efficacy = 5.069E-06
 f_positive = 5.938E-2,  f_zero = 9.406E-1,  f_negative = 0.000E+0
 accumulated statistics:
 integral =  3.246705E-01,  sigma = 2.453E-03,  chi^2/iteration = 7.105E+04

 MONACO:  grid written to file grid2_3.out.2

 MONACO input parameters:
 ndim = 12,  ncall =       8M,   rtype = 0
 nprn =  0,  acc = -1.0E+0,  alph = 8.75E-1,  nd = 48,  mds =  0

 iteration  3:
 integral =  3.237659E-01,  sigma = 7.940E-04
 efficacy = 6.609E-04,  raw efficacy = 4.358E-06
 f_positive = 9.535E-2,  f_zero = 9.046E-1,  f_negative = 0.000E+0
 accumulated statistics:
 integral =  3.238517E-01,  sigma = 7.554E-04,  chi^2/iteration = 1.942E-01

 MONACO:  grid written to file grid2_3.out.3

 MONACO input parameters:
 ndim = 12,  ncall =      16M,   rtype = 0
 nprn =  0,  acc = -1.0E+0,  alph = 8.75E-1,  nd = 48,  mds =  0

 iteration  4:
 integral =  3.242907E-01,  sigma = 4.217E-04
 efficacy = 8.711E-04,  raw efficacy = 3.325E-06
 f_positive = 1.133E-1,  f_zero = 8.867E-1,  f_negative = 0.000E+0
 accumulated statistics:
 integral =  3.241864E-01,  sigma = 3.682E-04,  chi^2/iteration = 2.258E-01

 MONACO:  grid written to file grid2_3.out.4

 MONACO input parameters:
 ndim = 12,  ncall =      32M,   rtype = 0
 nprn =  0,  acc = -1.0E+0,  alph = 8.75E-1,  nd = 48,  mds =  0

 iteration  5:
 integral =  3.236384E-01,  sigma = 2.680E-04
 efficacy = 8.123E-04,  raw efficacy = 4.237E-06
 f_positive = 1.230E-1,  f_zero = 8.770E-1,  f_negative = 0.000E+0
 accumulated statistics:
 integral =  3.238282E-01,  sigma = 2.167E-04,  chi^2/iteration = 6.331E-01

 MONACO:  grid written to file grid2_3.out.5

 MONACO input parameters:
 ndim = 12,  ncall =      64M,   rtype = 0
 nprn =  0,  acc = -1.0E+0,  alph = 8.75E-1,  nd = 48,  mds =  0

 iteration  6:
 integral =  3.242102E-01,  sigma = 1.854E-04
 efficacy = 2.338E-04,  raw efficacy = 3.440E-06
 f_positive = 1.284E-1,  f_zero = 8.716E-1,  f_negative = 0.000E+0
 accumulated statistics:
 integral =  3.240487E-01,  sigma = 1.409E-04,  chi^2/iteration = 9.234E-01

 MONACO:  grid written to file grid2_3.out.6
 
  result (LO):   0.32404870578290929       +-    1.4087144320428389E-004  fb     4.3472305456037905E-002 %
 
 
  Total (multi-channel) result (LO):    1.6956343530247002       +-    3.6952054312209561E-004  fb     2.1792466191955760E-002 %
  
   
 Initialising FF ..
   
 ====================================================
   FF 2.0, a package to evaluate one-loop integrals
 written by G. J. van Oldenborgh, NIKHEF-H, Amsterdam
 ====================================================
 for the algorithms used see preprint NIKHEF-H 89/17,
 'New Algorithms for One-loop Integrals', by G.J. van
 Oldenborgh and J.A.M. Vermaseren, published in 
 Zeitschrift fuer Physik C46(1990)425.
 ====================================================
 Initializing PDF set CT10
  
 PHASE SPACE            1
  

 MONACO input parameters:
 ndim = 12,  ncall =      64M,   rtype = 0
 nprn =  0,  acc = -1.0E+0,  alph = 8.75E-1,  nd = 48,  mds =  0

 MONACO:  grid read from file grid2_1.out.6                                                                                                                                                                                                                                             

 iteration  1:
 integral =  1.324442E+00,  sigma = 5.323E-04
 efficacy = 2.122E-04,  raw efficacy = 3.483E-05
 f_positive = 3.556E-1,  f_zero = 6.444E-1,  f_negative = 0.000E+0
 accumulated statistics:
 integral =  1.324442E+00,  sigma = 5.323E-04,  chi^2/iteration = 0.000E+00

 MONACO:  grid written to file grid2_1.vout.1
  
  result for virtual contribution, no.            1
  sigma =    1.3244423704019219       +-    5.3226119124080641E-004  fb  
  
 total result for virtual contns so far 
  sigma =    1.3244423704019219       +-    5.3226119124080641E-004  fb
  

 MONACO input parameters:
 ndim = 12,  ncall =      16M,   rtype = 0
 nprn =  0,  acc = -1.0E+0,  alph = 8.75E-1,  nd = 48,  mds =  0

 MONACO:  grid read from file grid2_1.out.6                                                                                                                                                                                                                                             

 iteration  1:
 integral =  4.766049E-02,  sigma = 1.174E-04
 efficacy = 1.148E-04,  raw efficacy = 3.840E-06
 f_positive = 2.439E-1,  f_zero = 6.448E-1,  f_negative = 1.113E-1
 accumulated statistics:
 integral =  4.766049E-02,  sigma = 1.174E-04,  chi^2/iteration = 0.000E+00

 MONACO:  grid written to file grid2_1.vout.2
  
  result for virtual contribution, no.            2
  sigma =    4.7660494702051290E-002  +-    1.1743821740066955E-004  fb  
  
 total result for virtual contns so far 
  sigma =    1.3721028651039733       +-    5.4506303360925994E-004  fb
  

 MONACO input parameters:
 ndim = 12,  ncall =       4M,   rtype = 0
 nprn =  0,  acc = -1.0E+0,  alph = 8.75E-1,  nd = 48,  mds =  0

 MONACO:  grid read from file grid2_1.out.6                                                                                                                                                                                                                                             

 iteration  1:
 integral =  2.692670E-02,  sigma = 2.746E-04
 efficacy = 8.378E-05,  raw efficacy = 3.433E-06
 f_positive = 2.103E-1,  f_zero = 6.447E-1,  f_negative = 1.450E-1
 accumulated statistics:
 integral =  2.692670E-02,  sigma = 2.746E-04,  chi^2/iteration = 0.000E+00

 MONACO:  grid written to file grid2_1.vout.3
  
  result for virtual contribution, no.            3
  sigma =    2.6926696210727793E-002  +-    2.7457698007724756E-004  fb  
  
 total result for virtual contns so far 
  sigma =    1.3990295613147010       +-    6.1031649870839182E-004  fb
  
  
 PHASE SPACE            2
  

 MONACO input parameters:
 ndim = 12,  ncall =      64M,   rtype = 0
 nprn =  0,  acc = -1.0E+0,  alph = 8.75E-1,  nd = 48,  mds =  0

 MONACO:  grid read from file grid2_2.out.6                                                                                                                                                                                                                                             

 iteration  1:
 integral =  4.058321E-01,  sigma = 2.285E-04
 efficacy = 3.847E-04,  raw efficacy = 2.257E-06
 f_positive = 1.368E-1,  f_zero = 8.632E-1,  f_negative = 0.000E+0
 accumulated statistics:
 integral =  4.058321E-01,  sigma = 2.285E-04,  chi^2/iteration = 4.657E-10

 MONACO:  grid written to file grid2_2.vout.1
  
  result for virtual contribution, no.            1
  sigma =   0.40583214872159745       +-    2.2853763073713335E-004  fb  
  
 total result for virtual contns so far 
  sigma =   0.40583214872159745       +-    2.2853763073713335E-004  fb
  

 MONACO input parameters:
 ndim = 12,  ncall =      16M,   rtype = 0
 nprn =  0,  acc = -1.0E+0,  alph = 8.75E-1,  nd = 48,  mds =  0

 MONACO:  grid read from file grid2_2.out.6                                                                                                                                                                                                                                             

 iteration  1:
 integral =  7.126520E-03,  sigma = 1.289E-05
 efficacy = 4.096E-04,  raw efficacy = 1.635E-06
 f_positive = 1.011E-1,  f_zero = 8.631E-1,  f_negative = 3.581E-2
 accumulated statistics:
 integral =  7.126520E-03,  sigma = 1.289E-05,  chi^2/iteration = 0.000E+00

 MONACO:  grid written to file grid2_2.vout.2
  
  result for virtual contribution, no.            2
  sigma =    7.1265196927665095E-003  +-    1.2893417385092190E-005  fb  
  
 total result for virtual contns so far 
  sigma =   0.41295866841436396       +-    2.2890104603257827E-004  fb
  

 MONACO input parameters:
 ndim = 12,  ncall =       4M,   rtype = 0
 nprn =  0,  acc = -1.0E+0,  alph = 8.75E-1,  nd = 48,  mds =  0

 MONACO:  grid read from file grid2_2.out.6                                                                                                                                                                                                                                             

 iteration  1:
 integral = -3.543707E-05,  sigma = 9.431E-06
 efficacy = 2.546E-06,  raw efficacy = 2.995E-08
 f_positive = 6.777E-2,  f_zero = 8.631E-1,  f_negative = 6.908E-2
 accumulated statistics:
 integral = -3.543707E-05,  sigma = 9.431E-06,  chi^2/iteration = 0.000E+00

 MONACO:  grid written to file grid2_2.vout.3
  
  result for virtual contribution, no.            3
  sigma =   -3.5437068164766379E-005  +-    9.4308924763454387E-006  fb  
  
 total result for virtual contns so far 
  sigma =   0.41292323134619918       +-    2.2909524352921192E-004  fb
  
  
 PHASE SPACE            3
  

 MONACO input parameters:
 ndim = 12,  ncall =      64M,   rtype = 0
 nprn =  0,  acc = -1.0E+0,  alph = 8.75E-1,  nd = 48,  mds =  0

 MONACO:  grid read from file grid2_3.out.6                                                                                                                                                                                                                                             

 iteration  1:
 integral =  4.170276E-01,  sigma = 2.330E-04
 efficacy = 6.261E-04,  raw efficacy = 3.959E-06
 f_positive = 1.309E-1,  f_zero = 8.691E-1,  f_negative = 0.000E+0
 accumulated statistics:
 integral =  4.170276E-01,  sigma = 2.330E-04,  chi^2/iteration = 0.000E+00

 MONACO:  grid written to file grid2_3.vout.1
  
  result for virtual contribution, no.            1
  sigma =   0.41702761198925159       +-    2.3297212137513967E-004  fb  
  
 total result for virtual contns so far 
  sigma =   0.41702761198925159       +-    2.3297212137513967E-004  fb
  

 MONACO input parameters:
 ndim = 12,  ncall =      16M,   rtype = 0
 nprn =  0,  acc = -1.0E+0,  alph = 8.75E-1,  nd = 48,  mds =  0

 MONACO:  grid read from file grid2_3.out.6                                                                                                                                                                                                                                             

 iteration  1:
 integral =  2.708206E-02,  sigma = 5.124E-05
 efficacy = 1.059E-04,  raw efficacy = 3.969E-06
 f_positive = 1.182E-1,  f_zero = 8.692E-1,  f_negative = 1.261E-2
 accumulated statistics:
 integral =  2.708206E-02,  sigma = 5.124E-05,  chi^2/iteration = 5.821E-11

 MONACO:  grid written to file grid2_3.vout.2
  
  result for virtual contribution, no.            2
  sigma =    2.7082061823141865E-002  +-    5.1242311164867088E-005  fb  
  
 total result for virtual contns so far 
  sigma =   0.44410967381239347       +-    2.3854094782982201E-004  fb
  

 MONACO input parameters:
 ndim = 12,  ncall =       4M,   rtype = 0
 nprn =  0,  acc = -1.0E+0,  alph = 8.75E-1,  nd = 48,  mds =  0

 MONACO:  grid read from file grid2_3.out.6                                                                                                                                                                                                                                             

 iteration  1:
 integral =  2.649575E-05,  sigma = 8.889E-06
 efficacy = 2.403E-06,  raw efficacy = 2.379E-08
 f_positive = 6.637E-2,  f_zero = 8.692E-1,  f_negative = 6.446E-2
 accumulated statistics:
 integral =  2.649575E-05,  sigma = 8.889E-06,  chi^2/iteration = 1.776E-15

 MONACO:  grid written to file grid2_3.vout.3
  
  result for virtual contribution, no.            3
  sigma =    2.6495749601040351E-005  +-    8.8887359528655272E-006  fb  
  
 total result for virtual contns so far 
  sigma =   0.44413616956199453       +-    2.3870650057840827E-004  fb
  
 
  Total (multi-channel) result (NLO virtual):    2.2560889622228948       +-    6.9422737818510807E-004  fb     3.0771276745270491E-002 %
 
   
 Summary for FF ..
   
 
total number of errors and warnings
===================================
vbffferr: no errors
the warning system has been disabled
 
  
 PHASE SPACE            1
  

 MONACO input parameters:
 ndim = 15,  ncall =       2M,   rtype = 0
 nprn =  0,  acc = -1.0E+0,  alph = 8.75E-1,  nd = 48,  mds =  0

 MONACO:  continuing with uniform grid
  
 W+ W- A j amplitude square information:
 -----------------------------------------------
  
  precalculated tensors initialized to  (  0.0000000000000000     ,  0.0000000000000000     )
  External b-quark contributions are excluded
  
  creal =   -6.5797362673929038       cvirtual =    5.1594725347858095     
  

 iteration  1:
 integral =  5.610778E-01,  sigma = 2.022E-02
 efficacy = 5.182E-05,  raw efficacy = 5.182E-05
 f_positive = 4.421E-2,  f_zero = 9.155E-1,  f_negative = 4.028E-2
 accumulated statistics:
 integral =  5.610778E-01,  sigma = 2.022E-02,  chi^2/iteration = 0.000E+00

 MONACO:  grid written to file grid3_1.out.1

 MONACO input parameters:
 ndim = 15,  ncall =       4M,   rtype = 0
 nprn =  0,  acc = -1.0E+0,  alph = 8.75E-1,  nd = 48,  mds =  0

 iteration  2:
 integral =  5.710393E-01,  sigma = 1.454E-02
 efficacy = 1.149E-05,  raw efficacy = 1.224E-06
 f_positive = 1.571E-1,  f_zero = 7.419E-1,  f_negative = 1.010E-1
 accumulated statistics:
 integral =  5.676447E-01,  sigma = 1.180E-02,  chi^2/iteration = 1.600E+05

 MONACO:  grid written to file grid3_1.out.2

 MONACO input parameters:
 ndim = 15,  ncall =       8M,   rtype = 0
 nprn =  0,  acc = -1.0E+0,  alph = 8.75E-1,  nd = 48,  mds =  0

 iteration  3:
 integral =  5.626137E-01,  sigma = 4.483E-03
 efficacy = 3.616E-05,  raw efficacy = 1.715E-06
 f_positive = 2.434E-1,  f_zero = 6.322E-1,  f_negative = 1.244E-1
 accumulated statistics:
 integral =  5.632479E-01,  sigma = 4.191E-03,  chi^2/iteration = 3.188E-01

 MONACO:  grid written to file grid3_1.out.3

 MONACO input parameters:
 ndim = 15,  ncall =      16M,   rtype = 0
 nprn =  0,  acc = -1.0E+0,  alph = 8.75E-1,  nd = 48,  mds =  0

 iteration  4:
 integral =  5.647583E-01,  sigma = 2.180E-03
 efficacy = 7.572E-05,  raw efficacy = 4.433E-07
 f_positive = 2.812E-1,  f_zero = 5.801E-1,  f_negative = 1.386E-1
 accumulated statistics:
 integral =  5.644365E-01,  sigma = 1.934E-03,  chi^2/iteration = 2.105E-01

 MONACO:  grid written to file grid3_1.out.4

 MONACO input parameters:
 ndim = 15,  ncall =      32M,   rtype = 0
 nprn =  0,  acc = -1.0E+0,  alph = 8.75E-1,  nd = 48,  mds =  0

 iteration  5:
 integral =  5.659952E-01,  sigma = 1.276E-03
 efficacy = 4.903E-05,  raw efficacy = 8.878E-08
 f_positive = 2.950E-1,  f_zero = 5.609E-1,  f_negative = 1.441E-1
 accumulated statistics:
 integral =  5.655224E-01,  sigma = 1.065E-03,  chi^2/iteration = 2.911E-01

 MONACO:  grid written to file grid3_1.out.5

 MONACO input parameters:
 ndim = 15,  ncall =      64M,   rtype = 0
 nprn =  0,  acc = -1.0E+0,  alph = 8.75E-1,  nd = 48,  mds =  0

 iteration  6:
 integral =  5.635998E-01,  sigma = 9.257E-04
 efficacy = 2.279E-05,  raw efficacy = 6.903E-08
 f_positive = 3.054E-1,  f_zero = 5.456E-1,  f_negative = 1.490E-1
 accumulated statistics:
 integral =  5.644269E-01,  sigma = 6.988E-04,  chi^2/iteration = 6.823E-01

 MONACO:  grid written to file grid3_1.out.6
 
  result for real emissions 
  sigma =   0.56442693419870726       +-    6.9875057430872410E-004  fb
  
  
 PHASE SPACE            2
  

 MONACO input parameters:
 ndim = 15,  ncall =       2M,   rtype = 0
 nprn =  0,  acc = -1.0E+0,  alph = 8.75E-1,  nd = 48,  mds =  0

 MONACO:  continuing with uniform grid

 iteration  1:
 integral =  7.939021E-02,  sigma = 2.544E-02
 efficacy = 1.783E-06,  raw efficacy = 1.783E-06
 f_positive = 1.043E-1,  f_zero = 7.980E-1,  f_negative = 9.769E-2
 accumulated statistics:
 integral =  7.939021E-02,  sigma = 2.544E-02,  chi^2/iteration = 1.776E-15

 MONACO:  grid written to file grid3_2.out.1

 MONACO input parameters:
 ndim = 15,  ncall =       4M,   rtype = 0
 nprn =  0,  acc = -1.0E+0,  alph = 8.75E-1,  nd = 48,  mds =  0

 iteration  2:
 integral =  6.054482E-02,  sigma = 7.283E-03
 efficacy = 5.373E-06,  raw efficacy = 1.185E-07
 f_positive = 1.686E-1,  f_zero = 7.351E-1,  f_negative = 9.632E-2
 accumulated statistics:
 integral =  6.197242E-02,  sigma = 7.002E-03,  chi^2/iteration = 5.072E+05

 MONACO:  grid written to file grid3_2.out.2

 MONACO input parameters:
 ndim = 15,  ncall =       8M,   rtype = 0
 nprn =  0,  acc = -1.0E+0,  alph = 8.75E-1,  nd = 48,  mds =  0

 iteration  3:
 integral =  7.336873E-02,  sigma = 2.889E-03
 efficacy = 8.893E-06,  raw efficacy = 8.371E-09
 f_positive = 1.465E-1,  f_zero = 7.726E-1,  f_negative = 8.091E-2
 accumulated statistics:
 integral =  7.171098E-02,  sigma = 2.671E-03,  chi^2/iteration = 2.771E+00

 MONACO:  grid written to file grid3_2.out.3

 MONACO input parameters:
 ndim = 15,  ncall =      16M,   rtype = 0
 nprn =  0,  acc = -1.0E+0,  alph = 8.75E-1,  nd = 48,  mds =  0

 iteration  4:
 integral =  7.234547E-02,  sigma = 1.960E-03
 efficacy = 2.695E-06,  raw efficacy = 2.705E-09
 f_positive = 1.179E-1,  f_zero = 8.012E-1,  f_negative = 8.082E-2
 accumulated statistics:
 integral =  7.212335E-02,  sigma = 1.580E-03,  chi^2/iteration = 1.404E+00

 MONACO:  grid written to file grid3_2.out.4

 MONACO input parameters:
 ndim = 15,  ncall =      32M,   rtype = 0
 nprn =  0,  acc = -1.0E+0,  alph = 8.75E-1,  nd = 48,  mds =  0

 iteration  5:
 integral =  7.296641E-02,  sigma = 8.651E-04
 efficacy = 1.049E-05,  raw efficacy = 8.127E-10
 f_positive = 1.005E-1,  f_zero = 8.151E-1,  f_negative = 8.433E-2
 accumulated statistics:
 integral =  7.277196E-02,  sigma = 7.588E-04,  chi^2/iteration = 1.009E+00

 MONACO:  grid written to file grid3_2.out.5

 MONACO input parameters:
 ndim = 15,  ncall =      64M,   rtype = 0
 nprn =  0,  acc = -1.0E+0,  alph = 8.75E-1,  nd = 48,  mds =  0

 iteration  6:
 integral =  7.200914E-02,  sigma = 5.533E-04
 efficacy = 3.638E-06,  raw efficacy = 5.047E-10
 f_positive = 8.771E-2,  f_zero = 8.313E-1,  f_negative = 8.100E-2
 accumulated statistics:
 integral =  7.227394E-02,  sigma = 4.471E-04,  chi^2/iteration = 9.216E-01

 MONACO:  grid written to file grid3_2.out.6
 
  result for real emissions 
  sigma =    7.2273937145740957E-002  +-    4.4709562710772475E-004  fb
  
  
 PHASE SPACE            3
  

 MONACO input parameters:
 ndim = 15,  ncall =       2M,   rtype = 0
 nprn =  0,  acc = -1.0E+0,  alph = 8.75E-1,  nd = 48,  mds =  0

 MONACO:  continuing with uniform grid

 iteration  1:
 integral =  5.950066E-02,  sigma = 3.213E-02
 efficacy = 1.353E-06,  raw efficacy = 1.353E-06
 f_positive = 6.783E-2,  f_zero = 8.677E-1,  f_negative = 6.444E-2
 accumulated statistics:
 integral =  5.950066E-02,  sigma = 3.213E-02,  chi^2/iteration = 0.000E+00

 MONACO:  grid written to file grid3_3.out.1

 MONACO input parameters:
 ndim = 15,  ncall =       4M,   rtype = 0
 nprn =  0,  acc = -1.0E+0,  alph = 8.75E-1,  nd = 48,  mds =  0

 iteration  2:
 integral =  7.532509E-02,  sigma = 1.029E-02
 efficacy = 2.553E-06,  raw efficacy = 8.232E-08
 f_positive = 1.264E-1,  f_zero = 7.953E-1,  f_negative = 7.835E-2
 accumulated statistics:
 integral =  7.385214E-02,  sigma = 9.801E-03,  chi^2/iteration = 2.201E+05

 MONACO:  grid written to file grid3_3.out.2

 MONACO input parameters:
 ndim = 15,  ncall =       8M,   rtype = 0
 nprn =  0,  acc = -1.0E+0,  alph = 8.75E-1,  nd = 48,  mds =  0

 iteration  3:
 integral =  7.912970E-02,  sigma = 2.492E-03
 efficacy = 1.237E-05,  raw efficacy = 9.131E-09
 f_positive = 1.171E-1,  f_zero = 8.103E-1,  f_negative = 7.264E-2
 accumulated statistics:
 integral =  7.880932E-02,  sigma = 2.415E-03,  chi^2/iteration = 4.924E-01

 MONACO:  grid written to file grid3_3.out.3

 MONACO input parameters:
 ndim = 15,  ncall =      16M,   rtype = 0
 nprn =  0,  acc = -1.0E+0,  alph = 8.75E-1,  nd = 48,  mds =  0

 iteration  4:
 integral =  7.640814E-02,  sigma = 1.156E-03
 efficacy = 1.586E-05,  raw efficacy = 8.659E-09
 f_positive = 1.010E-1,  f_zero = 8.254E-1,  f_negative = 7.356E-2
 accumulated statistics:
 integral =  7.685554E-02,  sigma = 1.042E-03,  chi^2/iteration = 6.484E-01

 MONACO:  grid written to file grid3_3.out.4

 MONACO input parameters:
 ndim = 15,  ncall =      32M,   rtype = 0
 nprn =  0,  acc = -1.0E+0,  alph = 8.75E-1,  nd = 48,  mds =  0

 iteration  5:
 integral =  7.608323E-02,  sigma = 7.939E-04
 efficacy = 6.195E-06,  raw efficacy = 9.380E-10
 f_positive = 8.800E-2,  f_zero = 8.371E-1,  f_negative = 7.494E-2
 accumulated statistics:
 integral =  7.636677E-02,  sigma = 6.316E-04,  chi^2/iteration = 5.481E-01

 MONACO:  grid written to file grid3_3.out.5

 MONACO input parameters:
 ndim = 15,  ncall =      64M,   rtype = 0
 nprn =  0,  acc = -1.0E+0,  alph = 8.75E-1,  nd = 48,  mds =  0

 iteration  6:
 integral =  7.770965E-02,  sigma = 5.839E-04
 efficacy = 3.859E-06,  raw efficacy = 6.961E-10
 f_positive = 7.907E-2,  f_zero = 8.452E-1,  f_negative = 7.576E-2
 accumulated statistics:
 integral =  7.709082E-02,  sigma = 4.288E-04,  chi^2/iteration = 1.020E+00

 MONACO:  grid written to file grid3_3.out.6
 
  result for real emissions 
  sigma =    7.7090823717630388E-002  +-    4.2875218536233796E-004  fb
  
 
  Total (multi-channel) result (NLO real):   0.71379169506207862       +-    9.3379617761511638E-004  fb    0.13082194484399318      %
 
  
  final result at NLO 
  sigma =    2.9698806572849734       +-    1.1635836686505921E-003  fb   3.9179475639749280E-002 %
 
 
 LO for different PHASESPACE:
   1.0568253339399512       +-    3.1234345035117907E-004  fb   2.9554879157441396E-002
  0.31476031330183968       +-    1.3835547441829423E-004  fb   4.3955819260358311E-002
  0.32404870578290929       +-    1.4087144320428389E-004  fb   4.3472305456037905E-002
  
  
 VIRTUAL CONTRIBUTIONS for different PHASESPACE:
  borntype for different PHASESPACE:
   1.3244423704019219       +-    5.3226119124080641E-004  fb   4.0187568982656741E-002
  0.40583214872159745       +-    2.2853763073713335E-004  fb   5.6313338274713950E-002
  0.41702761198925159       +-    2.3297212137513967E-004  fb   5.5864915098510132E-002
  boxes for different PHASESPACE:
   4.7660494702051290E-002  +-    1.1743821740066955E-004  fb  0.24640578771754768     
   7.1265196927665095E-003  +-    1.2893417385092190E-005  fb  0.18092165518295195     
   2.7082061823141865E-002  +-    5.1242311164867088E-005  fb  0.18921126278900993     
 pentagons for different PHASESPACE:
   2.6926696210727793E-002  +-    2.7457698007724756E-004  fb   1.0197202728786834     
  -3.5437068164766379E-005  +-    9.4308924763454387E-006  fb  -26.613072030948057     
   2.6495749601040351E-005  +-    8.8887359528655272E-006  fb   33.547780631639547     
   
 TOTAL VIRTUAL CONTRIBUTIONS:
 TOTAL borntype:
   2.1473021311127711        6.2434560437473851E-004   2.9075815430369419E-002  %
 TOTAL boxes:
   8.1869076217959663E-002   1.2877790793311633E-004  0.15729737512888445       %
 TOTAL pentagons:
   2.6917754892164067E-002   2.7488264650225077E-004   1.0211945520845458       %
  
  
  REAL EMISSION for different PHASESPACE:
  0.56442693419870726        6.9875057430872410E-004  0.12379823356599919       %
   7.2273937145740957E-002   4.4709562710772475E-004  0.61861252446528958       %
   7.7090823717630388E-002   4.2875218536233796E-004  0.55616500730719765       %
  
  
  
 !!!!!!!!!!!!!!!!!!!!!!!!!!!!!!!!!!!!!!!!!!!!!!!!!!!!!!!!!!!!!!!!!!!!!!!!!!!!!!!!!!!!!!!!!!!!!!!!!!!!!!!!
   
  PROCESS:          460   :   p p -->  W+ W- A -->  ve e+ mu- vmu~ A
   
  TOTAL result (LO):          1.6956343530247002       +-    3.6952054312209561E-004  fb     2.1792466191955760E-002 %
  NLO virtual result:         2.2560889622228948       +-    6.9422737818510807E-004  fb     3.0771276745270491E-002 %
  QCD real emission:         0.71379169506207862       +-    9.3379617761511638E-004  fb    0.13082194484399318      %
  TOTAL result (NLO):         2.9698806572849734       +-    1.1635836686505921E-003  fb     3.9179475639749280E-002 %
  K-Factor:                   1.7514864876305742     
 !!!!!!!!!!!!!!!!!!!!!!!!!!!!!!!!!!!!!!!!!!!!!!!!!!!!!!!!!!!!!!!!!!!!!!!!!!!!!!!!!!!!!!!!!!!!!!!!!!!!!!!!
  
  
  Endtime: 2016-11-30T23:30:38+0100
  Runtime: 11:47:07 (42427 seconds)
