   
 -----------------------------------------------------------------
 VBFNLO, version 3.0.0 GIT 1571c2fe
 Comput. Phys. Commun. 180 (2009) 1661[arXiv:0811.4559 [hep-ph]]
 arXiV:1107.4038, arXiV:1207.4975, arXiv:1404.3940
 http://www.itp.kit.edu/vbfnlo
 -----------------------------------------------------------------
 Process-specific references (please cite as well if appropriate):
 G. Bozzi, F. Campanario, V. Hankele et al.
 Phys. Rev. D81 (2010) 094030, e-Print: arXiv:0911.0438 [hep-ph]
 
 -----------------------------------------------------------------
   
   
  
        Information on global parameters
 -----------------------------------------------
   PROCESS               =      460
   LOPROCESS_PLUS_JET    =        F
   KK_MOD                =        F
   ANOM_CPL              =        F
   LEPTONS               =    12  -11   13  -14
   LO_ITERATIONS         =        6
   NLO_ITERATIONS        =        6
   LO_POINTS             =       26
   NLO_POINTS            =       26
   NLO_SWITCH            =        T
   EWCOR_SWITCH          =        F
   FERMIONLOOP           =        3
   LHA_SWITCH            =        F
   HEPMC_SWITCH          =        F
   LO_GRID               = grid2_1                                           
                           grid2_2                                           
                           grid2_3                                           
   NLO_GRID              = grid3_1                                           
                           grid3_2                                           
                           grid3_3                                           
   PHTN_GRID             = grid4_1                                           
                           grid4_2                                           
                           grid4_3                                           
   FLOOP_GRID            = grid5_1                                           
                           grid5_2                                           
                           grid5_3                                           
   ECM                   =  13600.0    
   BEAM1                 =        1
   BEAM2                 =        1
   ID_MUF                =        4
   ID_MUR                =        4
   MUF_USER              =  100.000    
   MUR_USER              =  100.000    
   XIF                   =  1.00000    
   XIR                   =  1.00000    
 Warning: cannot read value for key = SHOWTIMING. Using default value :  T
 
       information on the selected process 
 -----------------------------------------------
 
  pp -> W+ W- A -> l+ l- vl vl~ A
 
 W+ W- photon production with subsequent decay of the  W bosons to leptons.
 Process is implemented at LO and NLO QCD.
 Anomalous couplings can be set in "anomV.dat".
 References: G. Bozzi, F. Campanario, V. Hankele et al.
 Phys. Rev. D81 (2010) 094030, e-Print: arXiv:0911.0438 [hep-ph]
 
             Information on PDF sets            
 -----------------------------------------------
 Initializing PDF set CT18
  
               Physics parameters
 -----------------------------------------------
   HTYPE                 =        0
   MODEL                 =        1
   ANOM_CPL              =        F
   KK_MOD                =        F
   SPIN2                 =        F
   HMASS                 =  125.000    
   HWIDTH                = -999.000    
   TOPMASS               =  172.500    
   BOTTOMMASS            =  4.85500    
   CHARMMASS             =  1.65000    
   TAU_MASS              =  1.77684    
   EWSCHEME              =        3
   FERMI_CONST           = 0.116637E-04
   WMASS                 =  80.3980    
   ZMASS                 =  91.1876    
   
 Running in the SM
   
 Higgs mass =   125.00000000000000     
   
   
  
 Information on scale setting in InitScales 
 -------------------------------------------
  
 Dynamical factorization scale chosen:
       invariant VVV mass 
 Dynamical value for alphas chosen:
 alphas = alpha(invariant VVV mass)
  
  
   Information on couplings, masses and widths
 ===============================================
  
   SM coupling parameters 
 ---------------------------
   G_Fermi                         : 0.000011663700
   SIN**2 of the weak mixing angle : 0.22264585
   Q.E.D. fine structure constant  : 1/132.34070    
   SU(2) coupling constant g       : 0.65305673
   U(1) coupling constant g'       : 0.34950127
   Q.C.D. LO alfas(MZ)             : 0.12980813
   Q.C.D. NLO alfas(MZ)            : 0.11798159
  
      particle masses
 ---------------------------
   mass of the Z0 boson            :   91.1876
   mass of the W+/- boson          :   80.3980
   mass of the Higgs boson         :  125.0000
   mass of the top quark           :  172.5000
   mass of the bottom quark at MH  :    2.8039
  (All other fermions have mass equal ZERO)
  
      particle widths
 ---------------------------
   total widths of Z0              :   2.508420 GeV
   total widths of W+ or W-        :   2.097673 GeV
   total widths of Higgs           :   0.004128 GeV
   total widths of top quark       :   1.342520 GeV
  
     branching ratios
 ---------------------------
   W -> lepton anti-lepton         : 10.8397227 %
   W -> massless quark anti-quark  : 33.7404159 %
   W -> top bottom                 :  0.0000000 %
  
   Z -> neutrino anti-neutrino     :  6.6129820 %
   Z -> charged lepton anti-lepton :  3.3460763 %
   Z -> up-type quark anti-quark   : 11.9908090 %
   Z -> down-type quark anti-quark : 15.3804024 %
   Z -> top anti-top               :  0.0000000 %
  
   H -> WW                         : 20.4628169 %
   H -> ZZ                         :  2.5390366 %
   H -> bottom anti-bottom         : 58.7489081 %
   H -> top anti-top               :  0.0000000 %
   H -> charm anti-charm           :  3.4901975 %
   H -> tau anti-tau               :  6.2665676 %
   H -> mu anti-mu                 :  0.0221853 %
   H -> gluon gluon                :  8.0504027 %
   H -> gamma gamma                :  0.2383715 %
   H -> Z gamma                    :  0.1815139 %
  
 Warning: cannot read value for key = MLL_OSONLY. Using default value :  T
 Warning: cannot read value for key = PTMISS_MIN. Using default value :    0.0000000000000000     
 Warning: cannot read value for key = EXISOLCUT. Using default value :    1.0000000000000000     
 Warning: cannot read value for key = MJ_WINDOWV. Using default value :    0.0000000000000000     
 
          information on cut parameters
 -----------------------------------------------
 
 minimum jet pt        (PT_JET_MIN):     20.00   
 maximum jet rapidity                 (Y_JET_MAX):    4.5000000000000000     
 maximum parton pseudorapidity          (Y_P_MAX):    5.0000000000000000     
 minimum jet-jet R-separation           (RJJ_MIN):   0.80000000000000004     
 minimum number of jets                (NJET_MIN):            0
 single jet from hadronic decay (SINGLE_DECAYJET):            0
 exponent of generalised kT algorithm (PGENKTJET):    1.0000000000000000     
 minimum lepton-lepton R-separation     (RLL_MIN):    0.0000000000000000     
 maximum lepton-lepton R-separation     (RLL_MAX):    50.000000000000000     
 minimum jet-lepton R-separation        (RJL_MIN):   0.40000000000000002     
 minimum jet-photon R-separation        (RJG_MIN):   0.69999999999999996     
 minimum lepton-photon R-separation     (RLG_MIN):   0.40000000000000002     
 minimum photon-photon R-separation     (RGG_MIN):    0.0000000000000000     
 maximum photon-photon R-separation     (RGG_MAX):    50.000000000000000     
 maximum lepton rapidity                (Y_L_MAX):    2.5000000000000000     
 minimum lepton pt       (PT_L_MIN):     20.00    20.00   
 minimum invariant dilepton mass        (MLL_MIN):    15.000000000000000     
 maximum invariant dilepton mass        (MLL_MAX):    14000.000000000000     
 m_ll cuts only on opposite-sign l   (MLL_OSONLY):  T
 maximum photon rapidity                (Y_G_MAX):    2.5000000000000000     
 minimum photon pt       (PT_G_MIN):     20.00   
 photon isolation cut                 (PHISOLCUT):   0.69999999999999996     
 efficiency of photon isolation cut   (EFISOLCUT):    1.0000000000000000     
 exponent of photon isolation cut   (EXISOLCUT):    1.0000000000000000     
 minimum invariant lepton-photon mass   (MLG_MIN):    0.0000000000000000     
 maximum invariant lepton-photon mass   (MLG_MAX):    1.0000000000000000E+020
 minimal missing transverse momentum (PTMISS_MIN):    0.0000000000000000     
 minimum jet rapidity separation      (ETAJJ_MIN):    0.0000000000000000     
 tagging jets in opposite hemispheres     (YSIGN):    F
 leptons fall inside rapidity gap     (LRAPIDGAP):    F
 min leptons y-dist from tagging jets   (DELY_JL):    0.0000000000000000     
 photons fall inside rapidity gap     (GRAPIDGAP):    T
 min photons y-dist from tagging jets   (DELY_JG):    0.0000000000000000     
 dijet min mass cut on tag jets        (MDIJ_MIN):    600.00000000000000     
 dijet max mass cut on tag jets        (MDIJ_MAX):    14000.000000000000     
 excluded jet-m window               (MJ_WINDOWV):    85.792800000000000        85.792800000000000     
 veto criteria for jets                   (JVETO):    F
 minimum veto-tag y-dist             (DELY_JVETO):    0.0000000000000000     
 maximum |y| for veto jet             (YMAX_VETO):    5.0000000000000000     
 minimum pT for veto jet             (PTMIN_VETO):    10.000000000000000     
 

 --------------------PHASE SPACE--------------------

 boson has mass    80.40 GeV and width     2.0977 GeV
 integration range for boson   3 =      0.032  to     9616.652 GeV
 boson has mass    80.40 GeV and width     2.0977 GeV
 integration range for boson   4 =      0.032  to     9616.652 GeV
 boson has mass     0.00 GeV and width     0.0000 GeV
 integration range for boson   1 =      0.032  to     9616.652 GeV

 machine energy =    13600.0  GeV

 ---------------------------------------------------

  Open error on file random.dat
  Using default values.
  Random number generator initialized with seed =            0
 
          information on histogram config
 -----------------------------------------------
 
  Open error on file histograms.dat
  Using default values.
 SMEARING           =      T
 SMEAR_VALUE        =       0.10000000000000001     
 CALC_ERROR_GNUPLOT =      F
 CALC_ERROR_ROOT    =      F
 CALC_ERROR_1D      =      T
 CALC_ERROR_2D      =      F
 
HIST_ID1      =      0.00    250.00  # dS/dpT_j (fb/GeV)
HIST_ID2      =      0.00    500.00  # dS/dpTmax_j (fb/GeV)
HIST_ID3      =      0.00    200.00  # dS/dpTmin_j (fb/GeV)
HIST_ID4      =     -5.00      5.00  # dS/dy_j (fb)
HIST_ID5      =     -5.00      5.00  # dS/dy_j1 (fb)
HIST_ID6      =     -5.00      5.00  # dS/dy_j2 (fb)
HIST_ID7      =      0.00    500.00  # dS/dpTmax_l (fb/GeV)
HIST_ID8      =      0.00    200.00  # dS/dpTmin_l (fb/GeV)
HIST_ID9      =      0.00      5.00  # dS/d|eta|max_l (fb)
HIST_ID10     =      0.00      5.00  # dS/d|eta|min_l (fb)
HIST_ID11     =   -180.00    180.00  # dS/dPhi_jj (fb)
2DHIST_ID1    =      0.00      6.00      0.00    800.00  # d2S/dy_jj dm_jj (fb/GeV)
 
 -----------------------------------------------
 
Starttime: 2024-04-30T16:03:15+0200
  
 PHASE SPACE           1
  

 MONACO input parameters:
 ndim = 12,  ncall =       2M,   rtype = 0
 nprn =  0,  acc = -1.0E+0,  alph =  8.75E-1,  nd = 48,  mds =  0

 MONACO:  continuing with uniform grid
  
 W+W-A amplitude square information:
 -----------------------------------------------
  
  precalculated tensors initialized to                (0.0000000000000000,0.0000000000000000)
  External b-quark contributions are excluded

 iteration  1:
 integral =  1.193569E+00,  sigma = 1.185E-02
 efficacy = 1.632E-04,  raw efficacy = 1.632E-04
 f_positive = 5.638E-2,  f_zero = 9.436E-1,  f_negative = 0.000E+0
 accumulated statistics:
 integral =  1.193569E+00,  sigma = 1.185E-02,  chi^2/iteration = 0.000E+00

 MONACO:  grid written to file grid2_1.out.1

 MONACO input parameters:
 ndim = 12,  ncall =       4M,   rtype = 0
 nprn =  0,  acc = -1.0E+0,  alph =  8.75E-1,  nd = 48,  mds =  0

 iteration  2:
 integral =  1.201749E+00,  sigma = 2.985E-03
 efficacy = 9.201E-04,  raw efficacy = 6.706E-05
 f_positive = 2.064E-1,  f_zero = 7.936E-1,  f_negative = 0.000E+0
 accumulated statistics:
 integral =  1.201261E+00,  sigma = 2.895E-03,  chi^2/iteration = 4.478E+05

 MONACO:  grid written to file grid2_1.out.2

 MONACO input parameters:
 ndim = 12,  ncall =       8M,   rtype = 0
 nprn =  0,  acc = -1.0E+0,  alph =  8.75E-1,  nd = 48,  mds =  0

 iteration  3:
 integral =  1.203512E+00,  sigma = 1.611E-03
 efficacy = 2.971E-04,  raw efficacy = 2.186E-05
 f_positive = 2.923E-1,  f_zero = 7.077E-1,  f_negative = 0.000E+0
 accumulated statistics:
 integral =  1.202980E+00,  sigma = 1.408E-03,  chi^2/iteration = 9.094E-01

 MONACO:  grid written to file grid2_1.out.3

 MONACO input parameters:
 ndim = 12,  ncall =      16M,   rtype = 0
 nprn =  0,  acc = -1.0E+0,  alph =  8.75E-1,  nd = 48,  mds =  0

 iteration  4:
 integral =  1.201994E+00,  sigma = 9.861E-04
 efficacy = 9.877E-04,  raw efficacy = 3.515E-05
 f_positive = 3.299E-1,  f_zero = 6.701E-1,  f_negative = 0.000E+0
 accumulated statistics:
 integral =  1.202318E+00,  sigma = 8.076E-04,  chi^2/iteration = 6.192E-01

 MONACO:  grid written to file grid2_1.out.4

 MONACO input parameters:
 ndim = 12,  ncall =      32M,   rtype = 0
 nprn =  0,  acc = -1.0E+0,  alph =  8.75E-1,  nd = 48,  mds =  0

 iteration  5:
 integral =  1.203103E+00,  sigma = 7.096E-04
 efficacy = 1.760E-04,  raw efficacy = 1.579E-05
 f_positive = 3.456E-1,  f_zero = 6.544E-1,  f_negative = 0.000E+0
 accumulated statistics:
 integral =  1.202761E+00,  sigma = 5.331E-04,  chi^2/iteration = 5.901E-01

 MONACO:  grid written to file grid2_1.out.5

 MONACO input parameters:
 ndim = 12,  ncall =      64M,   rtype = 0
 nprn =  0,  acc = -1.0E+0,  alph =  8.75E-1,  nd = 48,  mds =  0

 iteration  6:
 integral =  1.202499E+00,  sigma = 5.019E-04
 efficacy = 1.502E-04,  raw efficacy = 3.572E-05
 f_positive = 3.451E-1,  f_zero = 6.549E-1,  f_negative = 0.000E+0
 accumulated statistics:
 integral =  1.202622E+00,  sigma = 3.654E-04,  chi^2/iteration = 4.747E-01

 MONACO:  grid written to file grid2_1.out.6
 
  result (LO):    1.2026219836271281       +-    3.6541227092692279E-004  fb     3.0384632569648632E-002 %
 
  
 PHASE SPACE           2
  

 MONACO input parameters:
 ndim = 12,  ncall =       2M,   rtype = 0
 nprn =  0,  acc = -1.0E+0,  alph =  8.75E-1,  nd = 48,  mds =  0

 MONACO:  continuing with uniform grid

 iteration  1:
 integral =  3.667638E-01,  sigma = 2.886E-02
 efficacy = 1.282E-05,  raw efficacy = 1.282E-05
 f_positive = 3.072E-2,  f_zero = 9.693E-1,  f_negative = 0.000E+0
 accumulated statistics:
 integral =  3.667638E-01,  sigma = 2.886E-02,  chi^2/iteration = 2.842E-14

 MONACO:  grid written to file grid2_2.out.1

 MONACO input parameters:
 ndim = 12,  ncall =       4M,   rtype = 0
 nprn =  0,  acc = -1.0E+0,  alph =  8.75E-1,  nd = 48,  mds =  0

 iteration  2:
 integral =  3.582700E-01,  sigma = 3.018E-03
 efficacy = 2.083E-04,  raw efficacy = 3.237E-06
 f_positive = 9.889E-2,  f_zero = 9.011E-1,  f_negative = 0.000E+0
 accumulated statistics:
 integral =  3.583618E-01,  sigma = 3.001E-03,  chi^2/iteration = 8.565E+04

 MONACO:  grid written to file grid2_2.out.2

 MONACO input parameters:
 ndim = 12,  ncall =       8M,   rtype = 0
 nprn =  0,  acc = -1.0E+0,  alph =  8.75E-1,  nd = 48,  mds =  0

 iteration  3:
 integral =  3.602207E-01,  sigma = 9.373E-04
 efficacy = 4.193E-04,  raw efficacy = 2.707E-06
 f_positive = 1.212E-1,  f_zero = 8.788E-1,  f_negative = 0.000E+0
 accumulated statistics:
 integral =  3.600555E-01,  sigma = 8.947E-04,  chi^2/iteration = 4.352E-01

 MONACO:  grid written to file grid2_2.out.3

 MONACO input parameters:
 ndim = 12,  ncall =      16M,   rtype = 0
 nprn =  0,  acc = -1.0E+0,  alph =  8.75E-1,  nd = 48,  mds =  0

 iteration  4:
 integral =  3.610084E-01,  sigma = 4.841E-04
 efficacy = 6.745E-04,  raw efficacy = 2.934E-06
 f_positive = 1.269E-1,  f_zero = 8.731E-1,  f_negative = 0.000E+0
 accumulated statistics:
 integral =  3.607926E-01,  sigma = 4.258E-04,  chi^2/iteration = 6.563E-01

 MONACO:  grid written to file grid2_2.out.4

 MONACO input parameters:
 ndim = 12,  ncall =      32M,   rtype = 0
 nprn =  0,  acc = -1.0E+0,  alph =  8.75E-1,  nd = 48,  mds =  0

 iteration  5:
 integral =  3.606658E-01,  sigma = 3.030E-04
 efficacy = 6.730E-04,  raw efficacy = 2.159E-06
 f_positive = 1.303E-1,  f_zero = 8.697E-1,  f_negative = 0.000E+0
 accumulated statistics:
 integral =  3.607084E-01,  sigma = 2.469E-04,  chi^2/iteration = 4.571E-01

 MONACO:  grid written to file grid2_2.out.5

 MONACO input parameters:
 ndim = 12,  ncall =      64M,   rtype = 0
 nprn =  0,  acc = -1.0E+0,  alph =  8.75E-1,  nd = 48,  mds =  0

 iteration  6:
 integral =  3.604519E-01,  sigma = 2.059E-04
 efficacy = 6.268E-04,  raw efficacy = 2.294E-06
 f_positive = 1.342E-1,  f_zero = 8.658E-1,  f_negative = 0.000E+0
 accumulated statistics:
 integral =  3.605572E-01,  sigma = 1.581E-04,  chi^2/iteration = 5.020E-01

 MONACO:  grid written to file grid2_2.out.6
 
  result (LO):   0.36055717325042902       +-    1.5812940000423906E-004  fb     4.3856955771729586E-002 %
 
  
 PHASE SPACE           3
  

 MONACO input parameters:
 ndim = 12,  ncall =       2M,   rtype = 0
 nprn =  0,  acc = -1.0E+0,  alph =  8.75E-1,  nd = 48,  mds =  0

 MONACO:  continuing with uniform grid

 iteration  1:
 integral =  3.792378E-01,  sigma = 2.830E-02
 efficacy = 1.463E-05,  raw efficacy = 1.463E-05
 f_positive = 1.122E-2,  f_zero = 9.888E-1,  f_negative = 0.000E+0
 accumulated statistics:
 integral =  3.792378E-01,  sigma = 2.830E-02,  chi^2/iteration = 0.000E+00

 MONACO:  grid written to file grid2_3.out.1

 MONACO input parameters:
 ndim = 12,  ncall =       4M,   rtype = 0
 nprn =  0,  acc = -1.0E+0,  alph =  8.75E-1,  nd = 48,  mds =  0

 iteration  2:
 integral =  3.690641E-01,  sigma = 2.532E-03
 efficacy = 4.368E-04,  raw efficacy = 4.531E-06
 f_positive = 6.225E-2,  f_zero = 9.378E-1,  f_negative = 0.000E+0
 accumulated statistics:
 integral =  3.691449E-01,  sigma = 2.522E-03,  chi^2/iteration = 1.282E+05

 MONACO:  grid written to file grid2_3.out.2

 MONACO input parameters:
 ndim = 12,  ncall =       8M,   rtype = 0
 nprn =  0,  acc = -1.0E+0,  alph =  8.75E-1,  nd = 48,  mds =  0

 iteration  3:
 integral =  3.695720E-01,  sigma = 8.659E-04
 efficacy = 9.000E-04,  raw efficacy = 5.465E-06
 f_positive = 9.860E-2,  f_zero = 9.014E-1,  f_negative = 0.000E+0
 accumulated statistics:
 integral =  3.695270E-01,  sigma = 8.190E-04,  chi^2/iteration = 1.538E-01

 MONACO:  grid written to file grid2_3.out.3

 MONACO input parameters:
 ndim = 12,  ncall =      16M,   rtype = 0
 nprn =  0,  acc = -1.0E+0,  alph =  8.75E-1,  nd = 48,  mds =  0

 iteration  4:
 integral =  3.699210E-01,  sigma = 4.734E-04
 efficacy = 6.800E-04,  raw efficacy = 4.087E-06
 f_positive = 1.161E-1,  f_zero = 8.839E-1,  f_negative = 0.000E+0
 accumulated statistics:
 integral =  3.698223E-01,  sigma = 4.098E-04,  chi^2/iteration = 1.637E-01

 MONACO:  grid written to file grid2_3.out.4

 MONACO input parameters:
 ndim = 12,  ncall =      32M,   rtype = 0
 nprn =  0,  acc = -1.0E+0,  alph =  8.75E-1,  nd = 48,  mds =  0

 iteration  5:
 integral =  3.697290E-01,  sigma = 3.044E-04
 efficacy = 6.650E-04,  raw efficacy = 4.130E-06
 f_positive = 1.244E-1,  f_zero = 8.756E-1,  f_negative = 0.000E+0
 accumulated statistics:
 integral =  3.697622E-01,  sigma = 2.444E-04,  chi^2/iteration = 1.202E-01

 MONACO:  grid written to file grid2_3.out.5

 MONACO input parameters:
 ndim = 12,  ncall =      64M,   rtype = 0
 nprn =  0,  acc = -1.0E+0,  alph =  8.75E-1,  nd = 48,  mds =  0

 iteration  6:
 integral =  3.703788E-01,  sigma = 2.102E-04
 efficacy = 4.893E-04,  raw efficacy = 3.689E-06
 f_positive = 1.295E-1,  f_zero = 8.705E-1,  f_negative = 0.000E+0
 accumulated statistics:
 integral =  3.701166E-01,  sigma = 1.594E-04,  chi^2/iteration = 1.005E+00

 MONACO:  grid written to file grid2_3.out.6
 
  result (LO):   0.37011655486497452       +-    1.5936909218226871E-004  fb     4.3059163414187064E-002 %
 
 
  Total (multi-channel) result (LO):    1.9332957117425316       +-    4.2887007640155065E-004  fb     2.2183366662257710E-002 %
  
   
 Initialising FF ..
   
 ====================================================
   FF 2.0, a package to evaluate one-loop integrals
 written by G. J. van Oldenborgh, NIKHEF-H, Amsterdam
 ====================================================
 for the algorithms used see preprint NIKHEF-H 89/17,
 'New Algorithms for One-loop Integrals', by G.J. van
 Oldenborgh and J.A.M. Vermaseren, published in 
 Zeitschrift fuer Physik C46(1990)425.
 ====================================================
  
 PHASE SPACE            1
  

 MONACO input parameters:
 ndim = 12,  ncall =      64M,   rtype = 0
 nprn =  0,  acc = -1.0E+0,  alph =  8.75E-1,  nd = 48,  mds =  0

 MONACO:  grid read from file grid2_1.out.6                                                                                                                                                                                                                                             

 iteration  1:
 integral =  1.313905E+00,  sigma = 5.305E-04
 efficacy = 1.945E-04,  raw efficacy = 2.366E-05
 f_positive = 3.517E-1,  f_zero = 6.483E-1,  f_negative = 0.000E+0
 accumulated statistics:
 integral =  1.313905E+00,  sigma = 5.305E-04,  chi^2/iteration = 9.313E-10

 MONACO:  grid written to file grid2_1.vout.1
  
  result for virtual contribution, no.            1
  sigma =    1.3139050150593998       +-    5.3050743130587312E-004  fb  
  
 total result for virtual contns so far 
  sigma =    1.3139050150593998       +-    5.3050743130587312E-004  fb
  

 MONACO input parameters:
 ndim = 12,  ncall =      16M,   rtype = 0
 nprn =  0,  acc = -1.0E+0,  alph =  8.75E-1,  nd = 48,  mds =  0

 MONACO:  grid read from file grid2_1.out.6                                                                                                                                                                                                                                             

 iteration  1:
 integral =  4.725967E-02,  sigma = 1.202E-04
 efficacy = 1.026E-04,  raw efficacy = 2.398E-06
 f_positive = 2.417E-1,  f_zero = 6.487E-1,  f_negative = 1.095E-1
 accumulated statistics:
 integral =  4.725967E-02,  sigma = 1.202E-04,  chi^2/iteration = 0.000E+00

 MONACO:  grid written to file grid2_1.vout.2
  
  result for virtual contribution, no.            2
  sigma =    4.7259671616916750E-002  +-    1.2018526821806695E-004  fb  
  
 total result for virtual contns so far 
  sigma =    1.3611646866763165       +-    5.4395094757469110E-004  fb
  

 MONACO input parameters:
 ndim = 12,  ncall =       4M,   rtype = 0
 nprn =  0,  acc = -1.0E+0,  alph =  8.75E-1,  nd = 48,  mds =  0

 MONACO:  grid read from file grid2_1.out.6                                                                                                                                                                                                                                             

 iteration  1:
 integral =  2.777972E-02,  sigma = 2.997E-04
 efficacy = 5.834E-05,  raw efficacy = 3.761E-06
 f_positive = 2.085E-1,  f_zero = 6.487E-1,  f_negative = 1.427E-1
 accumulated statistics:
 integral =  2.777972E-02,  sigma = 2.997E-04,  chi^2/iteration = 0.000E+00

 MONACO:  grid written to file grid2_1.vout.3
  
  result for virtual contribution, no.            3
  sigma =    2.7779722087229168E-002  +-    2.9968762630395583E-004  fb  
  
 total result for virtual contns so far 
  sigma =    1.3889444087635456       +-    6.2104372368385129E-004  fb
  
  
 PHASE SPACE            2
  

 MONACO input parameters:
 ndim = 12,  ncall =      64M,   rtype = 0
 nprn =  0,  acc = -1.0E+0,  alph =  8.75E-1,  nd = 48,  mds =  0

 MONACO:  grid read from file grid2_2.out.6                                                                                                                                                                                                                                             

 iteration  1:
 integral =  3.972607E-01,  sigma = 2.239E-04
 efficacy = 4.819E-04,  raw efficacy = 2.289E-06
 f_positive = 1.369E-1,  f_zero = 8.631E-1,  f_negative = 0.000E+0
 accumulated statistics:
 integral =  3.972607E-01,  sigma = 2.239E-04,  chi^2/iteration = 0.000E+00

 MONACO:  grid written to file grid2_2.vout.1
  
  result for virtual contribution, no.            1
  sigma =   0.39726066938093108       +-    2.2387459552227122E-004  fb  
  
 total result for virtual contns so far 
  sigma =   0.39726066938093108       +-    2.2387459552227122E-004  fb
  

 MONACO input parameters:
 ndim = 12,  ncall =      16M,   rtype = 0
 nprn =  0,  acc = -1.0E+0,  alph =  8.75E-1,  nd = 48,  mds =  0

 MONACO:  grid read from file grid2_2.out.6                                                                                                                                                                                                                                             

 iteration  1:
 integral =  6.963003E-03,  sigma = 1.248E-05
 efficacy = 3.538E-04,  raw efficacy = 1.422E-06
 f_positive = 1.011E-1,  f_zero = 8.631E-1,  f_negative = 3.583E-2
 accumulated statistics:
 integral =  6.963003E-03,  sigma = 1.248E-05,  chi^2/iteration = 0.000E+00

 MONACO:  grid written to file grid2_2.vout.2
  
  result for virtual contribution, no.            2
  sigma =    6.9630027062117343E-003  +-    1.2484026830333129E-005  fb  
  
 total result for virtual contns so far 
  sigma =   0.40422367208714283       +-    2.2422240174915846E-004  fb
  

 MONACO input parameters:
 ndim = 12,  ncall =       4M,   rtype = 0
 nprn =  0,  acc = -1.0E+0,  alph =  8.75E-1,  nd = 48,  mds =  0

 MONACO:  grid read from file grid2_2.out.6                                                                                                                                                                                                                                             

 iteration  1:
 integral = -3.861658E-05,  sigma = 9.397E-06
 efficacy = 2.418E-06,  raw efficacy = 4.263E-08
 f_positive = 6.771E-2,  f_zero = 8.631E-1,  f_negative = 6.917E-2
 accumulated statistics:
 integral = -3.861658E-05,  sigma = 9.397E-06,  chi^2/iteration = 0.000E+00

 MONACO:  grid written to file grid2_2.vout.3
  
  result for virtual contribution, no.            3
  sigma =   -3.8616577342784512E-005  +-    9.3970939408245068E-006  fb  
  
 total result for virtual contns so far 
  sigma =   0.40418505550980005       +-    2.2441923005993425E-004  fb
  
  
 PHASE SPACE            3
  

 MONACO input parameters:
 ndim = 12,  ncall =      64M,   rtype = 0
 nprn =  0,  acc = -1.0E+0,  alph =  8.75E-1,  nd = 48,  mds =  0

 MONACO:  grid read from file grid2_3.out.6                                                                                                                                                                                                                                             

 iteration  1:
 integral =  4.084445E-01,  sigma = 2.283E-04
 efficacy = 5.153E-04,  raw efficacy = 4.226E-06
 f_positive = 1.323E-1,  f_zero = 8.677E-1,  f_negative = 0.000E+0
 accumulated statistics:
 integral =  4.084445E-01,  sigma = 2.283E-04,  chi^2/iteration = 0.000E+00

 MONACO:  grid written to file grid2_3.vout.1
  
  result for virtual contribution, no.            1
  sigma =   0.40844451354669331       +-    2.2834893113909540E-004  fb  
  
 total result for virtual contns so far 
  sigma =   0.40844451354669331       +-    2.2834893113909540E-004  fb
  

 MONACO input parameters:
 ndim = 12,  ncall =      16M,   rtype = 0
 nprn =  0,  acc = -1.0E+0,  alph =  8.75E-1,  nd = 48,  mds =  0

 MONACO:  grid read from file grid2_3.out.6                                                                                                                                                                                                                                             

 iteration  1:
 integral =  2.659645E-02,  sigma = 4.845E-05
 efficacy = 1.608E-04,  raw efficacy = 4.095E-06
 f_positive = 1.197E-1,  f_zero = 8.678E-1,  f_negative = 1.242E-2
 accumulated statistics:
 integral =  2.659645E-02,  sigma = 4.845E-05,  chi^2/iteration = 0.000E+00

 MONACO:  grid written to file grid2_3.vout.2
  
  result for virtual contribution, no.            2
  sigma =    2.6596451841046861E-002  +-    4.8446883269741842E-005  fb  
  
 total result for virtual contns so far 
  sigma =   0.43504096538774017       +-    2.3343164920575641E-004  fb
  

 MONACO input parameters:
 ndim = 12,  ncall =       4M,   rtype = 0
 nprn =  0,  acc = -1.0E+0,  alph =  8.75E-1,  nd = 48,  mds =  0

 MONACO:  grid read from file grid2_3.out.6                                                                                                                                                                                                                                             

 iteration  1:
 integral =  1.528459E-05,  sigma = 1.006E-05
 efficacy = 1.115E-06,  raw efficacy = 1.129E-08
 f_positive = 6.708E-2,  f_zero = 8.679E-1,  f_negative = 6.505E-2
 accumulated statistics:
 integral =  1.528459E-05,  sigma = 1.006E-05,  chi^2/iteration = 4.441E-16

 MONACO:  grid written to file grid2_3.vout.3
  
  result for virtual contribution, no.            3
  sigma =    1.5284594062101785E-005  +-    1.0063075886671675E-005  fb  
  
 total result for virtual contns so far 
  sigma =   0.43505624998180226       +-    2.3364845462193887E-004  fb
  
 
  Total (multi-channel) result (NLO virtual):    2.2281857142551478       +-    7.0046477277234843E-004  fb     3.1436552540976340E-002 %
 
   
 Summary for FF ..
   
 
total number of errors and warnings
===================================
vbffferr: no errors
the warning system has been disabled
 
  
 PHASE SPACE            1
  

 MONACO input parameters:
 ndim = 15,  ncall =       2M,   rtype = 0
 nprn =  0,  acc = -1.0E+0,  alph =  8.75E-1,  nd = 48,  mds =  0

 MONACO:  continuing with uniform grid
  
 W+ W- A j amplitude square information:
 -----------------------------------------------
  
  precalculated tensors initialized to                (0.0000000000000000,0.0000000000000000)
  External b-quark contributions are excluded
  
  creal =   -6.5797362673929038       cvirtual =    5.1594725347858095     
  

 iteration  1:
 integral =  5.426087E-01,  sigma = 2.063E-02
 efficacy = 2.907E-05,  raw efficacy = 2.907E-05
 f_positive = 4.467E-2,  f_zero = 9.148E-1,  f_negative = 4.056E-2
 accumulated statistics:
 integral =  5.426087E-01,  sigma = 2.063E-02,  chi^2/iteration = 0.000E+00

 MONACO:  grid written to file grid3_1.out.1

 MONACO input parameters:
 ndim = 15,  ncall =       4M,   rtype = 0
 nprn =  0,  acc = -1.0E+0,  alph =  8.75E-1,  nd = 48,  mds =  0

 iteration  2:
 integral =  5.323660E-01,  sigma = 1.117E-02
 efficacy = 1.454E-05,  raw efficacy = 1.211E-06
 f_positive = 1.601E-1,  f_zero = 7.387E-1,  f_negative = 1.012E-1
 accumulated statistics:
 integral =  5.346887E-01,  sigma = 9.824E-03,  chi^2/iteration = 1.906E+05

 MONACO:  grid written to file grid3_1.out.2

 MONACO input parameters:
 ndim = 15,  ncall =       8M,   rtype = 0
 nprn =  0,  acc = -1.0E+0,  alph =  8.75E-1,  nd = 48,  mds =  0

 iteration  3:
 integral =  5.386865E-01,  sigma = 3.794E-03
 efficacy = 7.180E-05,  raw efficacy = 9.344E-07
 f_positive = 2.395E-1,  f_zero = 6.356E-1,  f_negative = 1.249E-1
 accumulated statistics:
 integral =  5.381677E-01,  sigma = 3.539E-03,  chi^2/iteration = 3.347E-01

 MONACO:  grid written to file grid3_1.out.3

 MONACO input parameters:
 ndim = 15,  ncall =      16M,   rtype = 0
 nprn =  0,  acc = -1.0E+0,  alph =  8.75E-1,  nd = 48,  mds =  0

 iteration  4:
 integral =  5.467402E-01,  sigma = 2.383E-03
 efficacy = 4.376E-05,  raw efficacy = 3.668E-07
 f_positive = 2.835E-1,  f_zero = 5.751E-1,  f_negative = 1.413E-1
 accumulated statistics:
 integral =  5.440662E-01,  sigma = 1.976E-03,  chi^2/iteration = 2.186E+00

 MONACO:  grid written to file grid3_1.out.4

 MONACO input parameters:
 ndim = 15,  ncall =      32M,   rtype = 0
 nprn =  0,  acc = -1.0E+0,  alph =  8.75E-1,  nd = 48,  mds =  0

 iteration  5:
 integral =  5.454241E-01,  sigma = 1.524E-03
 efficacy = 3.073E-05,  raw efficacy = 4.776E-08
 f_positive = 2.956E-1,  f_zero = 5.579E-1,  f_negative = 1.465E-1
 accumulated statistics:
 integral =  5.449176E-01,  sigma = 1.207E-03,  chi^2/iteration = 1.556E+00

 MONACO:  grid written to file grid3_1.out.5

 MONACO input parameters:
 ndim = 15,  ncall =      64M,   rtype = 0
 nprn =  0,  acc = -1.0E+0,  alph =  8.75E-1,  nd = 48,  mds =  0

 iteration  6:
 integral =  5.435406E-01,  sigma = 8.733E-04
 efficacy = 4.755E-05,  raw efficacy = 5.022E-08
 f_positive = 3.080E-1,  f_zero = 5.455E-1,  f_negative = 1.465E-1
 accumulated statistics:
 integral =  5.440137E-01,  sigma = 7.076E-04,  chi^2/iteration = 1.381E+00

 MONACO:  grid written to file grid3_1.out.6
 
  result for real emissions 
  sigma =   0.54401371508043384       +-    7.0755462825102694E-004  fb
  
  
 PHASE SPACE            2
  

 MONACO input parameters:
 ndim = 15,  ncall =       2M,   rtype = 0
 nprn =  0,  acc = -1.0E+0,  alph =  8.75E-1,  nd = 48,  mds =  0

 MONACO:  continuing with uniform grid

 iteration  1:
 integral =  5.912065E-02,  sigma = 2.137E-02
 efficacy = 2.095E-06,  raw efficacy = 2.095E-06
 f_positive = 1.057E-1,  f_zero = 7.964E-1,  f_negative = 9.791E-2
 accumulated statistics:
 integral =  5.912065E-02,  sigma = 2.137E-02,  chi^2/iteration = 8.882E-16

 MONACO:  grid written to file grid3_2.out.1

 MONACO input parameters:
 ndim = 15,  ncall =       4M,   rtype = 0
 nprn =  0,  acc = -1.0E+0,  alph =  8.75E-1,  nd = 48,  mds =  0

 iteration  2:
 integral =  6.428690E-02,  sigma = 1.058E-02
 efficacy = 2.427E-06,  raw efficacy = 1.705E-07
 f_positive = 1.715E-1,  f_zero = 7.244E-1,  f_negative = 1.040E-1
 accumulated statistics:
 integral =  6.327086E-02,  sigma = 9.478E-03,  chi^2/iteration = 4.694E+04

 MONACO:  grid written to file grid3_2.out.2

 MONACO input parameters:
 ndim = 15,  ncall =       8M,   rtype = 0
 nprn =  0,  acc = -1.0E+0,  alph =  8.75E-1,  nd = 48,  mds =  0

 iteration  3:
 integral =  6.597865E-02,  sigma = 2.869E-03
 efficacy = 8.492E-06,  raw efficacy = 1.054E-08
 f_positive = 1.439E-1,  f_zero = 7.644E-1,  f_negative = 9.173E-2
 accumulated statistics:
 integral =  6.575144E-02,  sigma = 2.746E-03,  chi^2/iteration = 1.217E-01

 MONACO:  grid written to file grid3_2.out.3

 MONACO input parameters:
 ndim = 15,  ncall =      16M,   rtype = 0
 nprn =  0,  acc = -1.0E+0,  alph =  8.75E-1,  nd = 48,  mds =  0

 iteration  4:
 integral =  6.964872E-02,  sigma = 1.176E-03
 efficacy = 9.274E-06,  raw efficacy = 2.784E-09
 f_positive = 1.183E-1,  f_zero = 7.950E-1,  f_negative = 8.672E-2
 accumulated statistics:
 integral =  6.904483E-02,  sigma = 1.081E-03,  chi^2/iteration = 9.122E-01

 MONACO:  grid written to file grid3_2.out.4

 MONACO input parameters:
 ndim = 15,  ncall =      32M,   rtype = 0
 nprn =  0,  acc = -1.0E+0,  alph =  8.75E-1,  nd = 48,  mds =  0

 iteration  5:
 integral =  7.016408E-02,  sigma = 7.417E-04
 efficacy = 7.728E-06,  raw efficacy = 2.619E-09
 f_positive = 9.913E-2,  f_zero = 8.160E-1,  f_negative = 8.489E-2
 accumulated statistics:
 integral =  6.980576E-02,  sigma = 6.115E-04,  chi^2/iteration = 8.511E-01

 MONACO:  grid written to file grid3_2.out.5

 MONACO input parameters:
 ndim = 15,  ncall =      64M,   rtype = 0
 nprn =  0,  acc = -1.0E+0,  alph =  8.75E-1,  nd = 48,  mds =  0

 iteration  6:
 integral =  6.984389E-02,  sigma = 4.182E-04
 efficacy = 1.207E-05,  raw efficacy = 7.392E-10
 f_positive = 8.940E-2,  f_zero = 8.252E-1,  f_negative = 8.537E-2
 accumulated statistics:
 integral =  6.983174E-02,  sigma = 3.452E-04,  chi^2/iteration = 6.390E-01

 MONACO:  grid written to file grid3_2.out.6
 
  result for real emissions 
  sigma =    6.9831740007757229E-002  +-    3.4522187488532591E-004  fb
  
  
 PHASE SPACE            3
  

 MONACO input parameters:
 ndim = 15,  ncall =       2M,   rtype = 0
 nprn =  0,  acc = -1.0E+0,  alph =  8.75E-1,  nd = 48,  mds =  0

 MONACO:  continuing with uniform grid

 iteration  1:
 integral =  5.244083E-02,  sigma = 2.837E-02
 efficacy = 1.210E-06,  raw efficacy = 1.210E-06
 f_positive = 6.871E-2,  f_zero = 8.667E-1,  f_negative = 6.464E-2
 accumulated statistics:
 integral =  5.244083E-02,  sigma = 2.837E-02,  chi^2/iteration = 0.000E+00

 MONACO:  grid written to file grid3_3.out.1

 MONACO input parameters:
 ndim = 15,  ncall =       4M,   rtype = 0
 nprn =  0,  acc = -1.0E+0,  alph =  8.75E-1,  nd = 48,  mds =  0

 iteration  2:
 integral =  7.632032E-02,  sigma = 8.061E-03
 efficacy = 6.331E-06,  raw efficacy = 1.469E-07
 f_positive = 1.230E-1,  f_zero = 7.992E-1,  f_negative = 7.781E-2
 accumulated statistics:
 integral =  7.453666E-02,  sigma = 7.754E-03,  chi^2/iteration = 6.555E+05

 MONACO:  grid written to file grid3_3.out.2

 MONACO input parameters:
 ndim = 15,  ncall =       8M,   rtype = 0
 nprn =  0,  acc = -1.0E+0,  alph =  8.75E-1,  nd = 48,  mds =  0

 iteration  3:
 integral =  7.456361E-02,  sigma = 3.055E-03
 efficacy = 7.967E-06,  raw efficacy = 1.051E-08
 f_positive = 1.185E-1,  f_zero = 8.099E-1,  f_negative = 7.167E-2
 accumulated statistics:
 integral =  7.455999E-02,  sigma = 2.842E-03,  chi^2/iteration = 6.555E-01

 MONACO:  grid written to file grid3_3.out.3

 MONACO input parameters:
 ndim = 15,  ncall =      16M,   rtype = 0
 nprn =  0,  acc = -1.0E+0,  alph =  8.75E-1,  nd = 48,  mds =  0

 iteration  4:
 integral =  7.425946E-02,  sigma = 1.068E-03
 efficacy = 2.924E-05,  raw efficacy = 6.094E-09
 f_positive = 1.037E-1,  f_zero = 8.207E-1,  f_negative = 7.558E-2
 accumulated statistics:
 integral =  7.429663E-02,  sigma = 9.996E-04,  chi^2/iteration = 3.327E-01

 MONACO:  grid written to file grid3_3.out.4

 MONACO input parameters:
 ndim = 15,  ncall =      32M,   rtype = 0
 nprn =  0,  acc = -1.0E+0,  alph =  8.75E-1,  nd = 48,  mds =  0

 iteration  5:
 integral =  7.701029E-02,  sigma = 9.688E-04
 efficacy = 4.060E-06,  raw efficacy = 3.036E-09
 f_positive = 9.201E-2,  f_zero = 8.319E-1,  f_negative = 7.610E-2
 accumulated statistics:
 integral =  7.569595E-02,  sigma = 6.957E-04,  chi^2/iteration = 1.489E+00

 MONACO:  grid written to file grid3_3.out.5

 MONACO input parameters:
 ndim = 15,  ncall =      64M,   rtype = 0
 nprn =  0,  acc = -1.0E+0,  alph =  8.75E-1,  nd = 48,  mds =  0

 iteration  6:
 integral =  7.464270E-02,  sigma = 5.055E-04
 efficacy = 8.425E-06,  raw efficacy = 6.787E-10
 f_positive = 7.944E-2,  f_zero = 8.439E-1,  f_negative = 7.665E-2
 accumulated statistics:
 integral =  7.500663E-02,  sigma = 4.089E-04,  chi^2/iteration = 1.491E+00

 MONACO:  grid written to file grid3_3.out.6
 
  result for real emissions 
  sigma =    7.5006627351808047E-002  +-    4.0893255215055898E-004  fb
  
 
  Total (multi-channel) result (NLO real):   0.68885208243999918       +-    8.8715135521914086E-004  fb    0.12878691635463180      %
 
  
  final result at NLO 
  sigma =    2.9170377966951468       +-    1.1303488067681479E-003  fb   3.8749885519096625E-002 %
 LO for different PHASESPACE:
   1.2026219836271281       +-    3.6541227092692279E-004  fb   3.0384632569648632E-002
  0.36055717325042902       +-    1.5812940000423906E-004  fb   4.3856955771729586E-002
  0.37011655486497452       +-    1.5936909218226871E-004  fb   4.3059163414187064E-002
 
  
  
 VIRTUAL CONTRIBUTIONS for different PHASESPACE:
  borntype for different PHASESPACE:
   1.3139050150593998       +-    5.3050743130587312E-004  fb   4.0376391384874165E-002
  0.39726066938093108       +-    2.2387459552227122E-004  fb   5.6354583470632748E-002
  0.40844451354669331       +-    2.2834893113909540E-004  fb   5.5906964977016541E-002
  boxes for different PHASESPACE:
   4.7259671616916750E-002  +-    1.2018526821806695E-004  fb  0.25430830157323026     
   6.9630027062117343E-003  +-    1.2484026830333129E-005  fb  0.17929085133337744     
   2.6596451841046861E-002  +-    4.8446883269741842E-005  fb  0.18215543772260914     
 pentagons for different PHASESPACE:
   2.7779722087229168E-002  +-    2.9968762630395583E-004  fb   1.0787999439408631     
  -3.8616577342784512E-005  +-    9.3970939408245068E-006  fb  -24.334352206851776     
   1.5284594062101785E-005  +-    1.0063075886671675E-005  fb   65.838031718638263     
   
 TOTAL VIRTUAL CONTRIBUTIONS:
 TOTAL borntype:
   2.1196101979870243        6.1943619812163348E-004   2.9224061986015484E-002  %
 TOTAL boxes:
   8.0819126164175345E-002   1.3018237254367875E-004  0.16107866877851076       %
 TOTAL pentagons:
   2.7756390103948488E-002   3.0000374036090460E-004   1.0808456691860213       %
  
  
  REAL EMISSION for different PHASESPACE:
  0.54401371508043384        7.0755462825102694E-004  0.13006190995504832       %
   6.9831740007757229E-002   3.4522187488532591E-004  0.49436241291850541       %
   7.5006627351808047E-002   4.0893255215055898E-004  0.54519522685977906       %
  
  
  
 !!!!!!!!!!!!!!!!!!!!!!!!!!!!!!!!!!!!!!!!!!!!!!!!!!!!!!!!!!!!!!!!!!!!!!!!!!!!!!!!!!!!!!!!!!!!!!!!!!!!!!!!
   
  PROCESS:          460   :   p p -->  W+ W- A -->  ve e+ mu- vmu~ A
   
  TOTAL result (LO):        1.93329571174253  +-    0.00042887007640 fb    0.02218336666226 %
  NLO virtual result:       2.22818571425515  +-    0.00070046477277 fb    0.03143655254098 %
  QCD real emission:        0.68885208244000  +-    0.00088715135522 fb    0.12878691635463 %
  TOTAL result (NLO):       2.91703779669515  +-    0.00113034880677 fb    0.03874988551910 %
  K-Factor:                  1.5088420146889696     
 !!!!!!!!!!!!!!!!!!!!!!!!!!!!!!!!!!!!!!!!!!!!!!!!!!!!!!!!!!!!!!!!!!!!!!!!!!!!!!!!!!!!!!!!!!!!!!!!!!!!!!!!
  
  
  Endtime: 2024-04-30T20:48:37+0200
  Runtime: 4:45:21 (17121 seconds)
