   
 Initialising LoopTools ..
   
 ====================================================
   FF 2.0, a package to evaluate one-loop integrals
 written by G. J. van Oldenborgh, NIKHEF-H, Amsterdam
 ====================================================
 for the algorithms used see preprint NIKHEF-H 89/17,
 'New Algorithms for One-loop Integrals', by G.J. van
 Oldenborgh and J.A.M. Vermaseren, published in 
 Zeitschrift fuer Physik C46(1990)425.
 ====================================================
 
 TIME=        2012           7          18         120          11          46          35         252
  
        Information on global parameters
 -----------------------------------------------
   PROCESS               =   100
   LOPROCESS_PLUS_JET    =     F
   KK_MOD                =     F
   LO_ITERATIONS         =     6
   NLO_ITERATIONS        =     6
   LO_POINTS             =    22
   NLO_POINTS            =    22
   NLO_SWITCH            =     T
   EWCOR_SWITCH          =     F
 Warning: cannot read value for key = FERMIONLOOP. Using default value :            3
   LHA_SWITCH            =     F
   HEPMC_SWITCH          =     F
   UNWEIGHTING_SWITCH    =     T
   PRENEVUNW             =  1000
   TAUMASS               =     F
   LO_GRID               = grid2_1                                           
   NLO_GRID              = grid3_1                                           
   PHTN_GRID             = grid4_1                                           
 Warning: cannot read value for key = FLOOP_GRID. Using default values : grid5                                             
   ECM                   =  14000.    
   BEAM1                 =     1
   BEAM2                 =     1
   ID_MUF                =     1
   ID_MUR                =     1
   MUF_USER              =  100.00    
   MUR_USER              =  100.00    
   XIF                   =  1.0000    
   XIR                   =  1.0000    
 
       information on the selected process 
 -----------------------------------------------
                                                                                                     
  pp -> H jj                                                                                         
                                                                                                     
 Higgs + 2 jets production in vector boson fusion, without Higgs decay.                              
 Process is implemented at LO and NLO QCD.                                                           
 NLO electroweak corrections in the SM and MSSM are also implemented.                                
 The Q**2 of the produced Higgs is generated in the narrow width approximation.                      
 Anomalous coupling parameters can be set in "anom_HVV.dat".                                         
 References: T. Figy, C. Oleari, D. Zeppenfeld                                                       
 Phys. Rev. D68 (2003) 073005, e-Print: hep-ph/0306109                                               
 T. Figy, S. Palmer, G. Weiglein                                                                     
 JHEP 1202 (2012) 105, e-Print: arXiv:1012.4789 [hep-ph]                                             
                                                                                                     
 Initializing PDF set CT10
  
               Physics parameters
 -----------------------------------------------
   MODEL                 =     1
   HTYPE                 =     0
   HMASS                 =  120.00    
 Warning: cannot read value for key = HWIDTH. Using default value :   -999.00000000000000     
   TOPMASS               =  172.40    
   BOTTOMMASS            =  4.8550    
   CHARMMASS             =  1.6500    
 Warning: cannot read value for key = TAU_MASS. Using default value :    1.7768400000000000     
   EWSCHEME              =     3
   FERMI_CONST           = 0.11664E-04
   WMASS                 =  80.398    
   ZMASS                 =  91.188    
   ANOM_CPL              =     F
   KK_MOD                =     F
 Warning: cannot read value for key = SPIN2. Using default value :  F
   
 Running in the SM
   
 Higgs mass =   120.00000000000000     
   
  
 Information on scale setting in InitScales 
 -------------------------------------------
  
 Dynamical factorization scale chosen:
         momentum transfer of W/Z  
 Dynamical value for alphas chosen:
 alphas = alpha(momentum transfer of W/Z)
 Initializing PDF set cteq6l1
  
  
  
  
   Information on couplings, masses and widths
 ===============================================
  
   SM coupling parameters 
 ---------------------------
   G_Fermi                         : 0.000011663700
   SIN**2 of the weak mixing angle : 0.22264585
   Q.E.D. fine structure constant  : 1/132.34070    
   Q.C.D. LO alfas(MZ)             : 0.12980813
   Q.C.D. NLO alfas(MZ)            : 0.11798159
  
      particle masses
 ---------------------------
   mass of the Z0 boson            :   91.1876
   mass of the W+/- boson          :   80.3980
   mass of the Higgs boson         :  120.0000
   mass of the top quark           :  172.4000
   mass of the bottom quark at MH  :    2.8132
  (All other fermions have mass equal ZERO)
  
      particle widths
 ---------------------------
   total widths of Z0              :   2.508420 GeV
   total widths of W+ or W-        :   2.097673 GeV
   total widths of Higgs           :   0.003450 GeV
   total widths of top quark       :   1.339784 GeV
  
     branching ratios
 ---------------------------
   W -> lepton anti-lepton         : 10.8397227 %
   W -> massless quark anti-quark  : 33.7404159 %
   W -> top bottom                 :  0.0000000 %
  
   Z -> neutrino anti-neutrino     :  6.6129820 %
   Z -> charged lepton anti-lepton :  3.3460763 %
   Z -> up-type quark anti-quark   : 11.9908090 %
   Z -> down-type quark anti-quark : 15.3804024 %
   Z -> top anti-top               :  0.0000000 %
  
   H -> WW                         : 13.9250464 %
   H -> ZZ                         :  1.7598927 %
   H -> bottom anti-bottom         : 68.0352944 %
   H -> top anti-top               :  0.0000000 %
   H -> charm anti-charm           :  4.0419026 %
   H -> tau anti-tau               :  7.1985196 %
   H -> mu anti-mu                 :  0.0254873 %
   H -> gluon gluon                :  4.6484304 %
   H -> gamma gamma                :  0.2409647 %
   H -> Z gamma                    :  0.1244619 %
  
 Warning: cannot read value for key = MLG_MIN. Using default value :    0.0000000000000000     
 Warning: cannot read value for key = MLG_MAX. Using default value :    14000.000000000000     
 
          information on cut parameters
 -----------------------------------------------
 
 minimum jet pt        (PT_JET_MIN):     20.00    20.00    20.00    20.00   
 maximum jet rapidity                 (Y_JET_MAX):    4.5000000000000000     
 maximum parton pseudorapidity          (Y_P_MAX):    5.0000000000000000     
 minimum jet-jet R-separation           (RJJ_MIN):   0.80000000000000004     
 minimum number of jets                (NJET_MIN):            2
 exponent of generalised kT algorithm (PGENKTJET):    1.0000000000000000     
 minimum lepton-lepton R-separation     (RLL_MIN):    0.0000000000000000     
 maximum lepton-lepton R-separation     (RLL_MAX):    50.000000000000000     
 minimum jet-lepton R-separation        (RJL_MIN):    0.0000000000000000     
 minimum jet-photon R-separation        (RJG_MIN):    0.0000000000000000     
 minimum lepton-photon R-separation     (RLG_MIN):    0.0000000000000000     
 minimum photon-photon R-separation     (RGG_MIN):    0.0000000000000000     
 maximum photon-photon R-separation     (RGG_MAX):    50.000000000000000     
 maximum lepton rapidity                (Y_L_MAX):    2.5000000000000000     
 minimum lepton pt                     (PT_L_MIN):    10.000000000000000     
 minimum invariant dilepton mass        (MLL_MIN):    15.000000000000000     
 maximum invariant dilepton mass        (MLL_MAX):    14000.000000000000     
 maximum photon rapidity                (Y_G_MAX):    1.5000000000000000     
 minimum photon pt                     (PT_G_MIN):    20.000000000000000     
 photon isolation cut                 (PHISOLCUT):   0.69999999999999996     
 efficiency of photon isolation cut   (EFISOLCUT):    1.0000000000000000     
 minimum invariant lepton-photon mass   (MLG_MIN):    0.0000000000000000     
 maximum invariant lepton-photon mass   (MLG_MAX):    14000.000000000000     
 minimum jet rapidity separation      (ETAJJ_MIN):    4.0000000000000000     
 tagging jets in opposite hemispheres     (YSIGN):    T
 leptons fall inside rapidity gap     (LRAPIDGAP):    T
 min leptons y-dist from tagging jets   (DELY_JL):    0.0000000000000000     
 photons fall inside rapidity gap     (GRAPIDGAP):    T
 min photons y-dist from tagging jets   (DELY_JG):    0.0000000000000000     
 dijet min mass cut on tag jets        (MDIJ_MIN):    600.00000000000000     
 dijet max mass cut on tag jets        (MDIJ_MAX):    14000.000000000000     
 veto criteria for jets                   (JVETO):    F
 minimun veto-tag y-dist             (DELY_JVETO):    0.0000000000000000     
 maximum |y| for veto jet             (YMAX_VETO):    5.0000000000000000     
 minimum pT for veto jet             (PTMIN_VETO):    10.000000000000000     
 

        phase space generator information  
 -----------------------------------------------

 boson  6 has mass 120.00 GeV and width  0.0034 GeV
 integration range for boson  6 =    119.483  to      120.517 GeV

 pTjmin =   20.0    20.0    20.0    20.0
 Ejmin  =    0.0     0.0     0.0     0.0
 yjmin  =    0.0     0.0     0.0     0.0
 yjmax  =    4.5     4.5     4.5     4.5
 infoj  =     -1      -1      -1      -1
 machine energy =    14000.0  GeV
 Minimal mom.transfer or mass for parton pair:   100.00 MeV

 -----------------------------------------------

  Random number generator initialized with seed =            1
 
          information on histogram config
 -----------------------------------------------
 
 SMEARING           =      T
 SMEAR_VALUE        =       0.20000000000000001     
 CALC_ERROR_GNUPLOT =      F
 CALC_ERROR_1D      =      T
 CALC_ERROR_2D      =      F
 
HIST_ID1      =      0.00    250.00  # dS/dpT_j (fb/GeV)
HIST_ID2      =      0.00    500.00  # dS/dpTmax_j (fb/GeV)
HIST_ID3      =      0.00    200.00  # dS/dpTmin_j (fb/GeV)
HIST_ID4      =     -5.00      5.00  # dS/deta_j (fb)
HIST_ID5      =     -5.00      5.00  # dS/deta_j1 (fb)
HIST_ID6      =     -5.00      5.00  # dS/deta_j2 (fb)
HIST_ID7      =      0.00    500.00  # dS/dpTmax_l (fb/GeV)
HIST_ID8      =      0.00    200.00  # dS/dpTmin_l (fb/GeV)
HIST_ID9      =      0.00      5.00  # dS/d|eta|max_l (fb)
HIST_ID10     =      0.00      5.00  # dS/d|eta|min_l (fb)
HIST_ID11     =   -180.00    180.00  # dS/dPhi_jj (fb)
2DHIST_ID1    =      0.00      6.00      0.00    800.00  # d2S/deta_jj dm_jj (fb/GeV)
 
 -----------------------------------------------
 
 
 
 Warning: cannot read value for key = XSECFILE. Using default value : xsection

 MONACO input parameters:
 ndim =  9,  ncall =     128k,   rtype = 0
 nprn =  0,  acc = -1.0E+0,  alph = 8.75E-1,  nd = 48,  mds =  0

 MONACO:  continuing with uniform grid
  
 Hjj amplitude square information:
 -----------------------------------------------
  
  External b-quark contributions are excluded

 iteration  1:
 integral =  1.251124E+03,  sigma = 8.749E+01
 efficacy = 4.010E-04,  raw efficacy = 4.010E-04
 f_positive = 3.957E-2,  f_zero = 9.604E-1,  f_negative = 0.000E+0
 accumulated statistics:
 integral =  1.251124E+03,  sigma = 8.749E+01,  chi^2/iteration = 2.842E-14

 MONACO:  grid written to file grid2_1.out.1

 MONACO input parameters:
 ndim =  9,  ncall =     256k,   rtype = 0
 nprn =  0,  acc = -1.0E+0,  alph = 8.75E-1,  nd = 48,  mds =  0

 iteration  2:
 integral =  1.249372E+03,  sigma = 8.041E+00
 efficacy = 1.245E-02,  raw efficacy = 2.635E-04
 f_positive = 2.191E-1,  f_zero = 7.809E-1,  f_negative = 0.000E+0
 accumulated statistics:
 integral =  1.249386E+03,  sigma = 8.008E+00,  chi^2/iteration = 3.977E+02

 MONACO:  grid written to file grid2_1.out.2

 MONACO input parameters:
 ndim =  9,  ncall =     512k,   rtype = 0
 nprn =  0,  acc = -1.0E+0,  alph = 8.75E-1,  nd = 48,  mds =  0

 iteration  3:
 integral =  1.256035E+03,  sigma = 3.012E+00
 efficacy = 2.867E-02,  raw efficacy = 2.463E-04
 f_positive = 3.915E-1,  f_zero = 6.085E-1,  f_negative = 0.000E+0
 accumulated statistics:
 integral =  1.255211E+03,  sigma = 2.819E+00,  chi^2/iteration = 6.044E-01

 MONACO:  grid written to file grid2_1.out.3

 MONACO input parameters:
 ndim =  9,  ncall =       1M,   rtype = 0
 nprn =  0,  acc = -1.0E+0,  alph = 8.75E-1,  nd = 48,  mds =  0

 iteration  4:
 integral =  1.257186E+03,  sigma = 1.694E+00
 efficacy = 3.960E-02,  raw efficacy = 2.443E-04
 f_positive = 4.643E-1,  f_zero = 5.357E-1,  f_negative = 0.000E+0
 accumulated statistics:
 integral =  1.256662E+03,  sigma = 1.452E+00,  chi^2/iteration = 4.824E-01

 MONACO:  grid written to file grid2_1.out.4

 MONACO input parameters:
 ndim =  9,  ncall =       2M,   rtype = 0
 nprn =  0,  acc = -1.0E+0,  alph = 8.75E-1,  nd = 48,  mds =  0

 iteration  5:
 integral =  1.257862E+03,  sigma = 1.098E+00
 efficacy = 2.354E-02,  raw efficacy = 2.433E-04
 f_positive = 5.041E-1,  f_zero = 4.959E-1,  f_negative = 0.000E+0
 accumulated statistics:
 integral =  1.257425E+03,  sigma = 8.760E-01,  chi^2/iteration = 4.665E-01

 MONACO:  grid written to file grid2_1.out.5

 MONACO input parameters:
 ndim =  9,  ncall =       4M,   rtype = 0
 nprn =  0,  acc = -1.0E+0,  alph = 8.75E-1,  nd = 48,  mds =  0
  random number setting in monaco saved 

 iteration  6:
 integral =  1.257421E+03,  sigma = 7.572E-01
 efficacy = 7.701E-03,  raw efficacy = 2.393E-04
 f_positive = 5.273E-1,  f_zero = 4.727E-1,  f_negative = 0.000E+0
 accumulated statistics:
 integral =  1.257423E+03,  sigma = 5.728E-01,  chi^2/iteration = 3.499E-01

 MONACO:  grid written to file grid2_1.out.6
 
  result (LO):    1257.4226727549735       +-   0.57283884121442885       fb    4.55565859934239092E-002 %
 
   
 Initialising FF ..
   
 ====================================================
   FF 2.0, a package to evaluate one-loop integrals
 written by G. J. van Oldenborgh, NIKHEF-H, Amsterdam
 ====================================================
 for the algorithms used see preprint NIKHEF-H 89/17,
 'New Algorithms for One-loop Integrals', by G.J. van
 Oldenborgh and J.A.M. Vermaseren, published in 
 Zeitschrift fuer Physik C46(1990)425.
 ====================================================
  No NLO fermion loop calculation performed.
 Initializing PDF set CT10

 MONACO input parameters:
 ndim =  9,  ncall =       4M,   rtype = 0
 nprn =  0,  acc = -1.0E+0,  alph = 8.75E-1,  nd = 48,  mds =  0

 MONACO:  grid read from file grid2_1.out.6                                                                                       

 iteration  1:
 integral =  1.109509E+03,  sigma = 6.724E-01
 efficacy = 4.633E-03,  raw efficacy = 2.240E-04
 f_positive = 5.425E-1,  f_zero = 4.575E-1,  f_negative = 0.000E+0
 accumulated statistics:
 integral =  1.109509E+03,  sigma = 6.724E-01,  chi^2/iteration = 4.657E-10

 MONACO:  grid written to file grid2_1.vout.1
  
  result for virtual contribution, no.            1
  sigma =    1109.5085474062873       +-   0.67243060940755139       fb  
  
 total result for virtual contns so far 
  sigma =    1109.5085474062873       +-   0.67243060940755139       fb
  
   
 Summary for FF ..
   
 
total number of errors and warnings
===================================
vbffferr: no errors
the warning system has been disabled
 

 MONACO input parameters:
 ndim = 12,  ncall =     128k,   rtype = 0
 nprn =  0,  acc = -1.0E+0,  alph = 8.75E-1,  nd = 48,  mds =  0

 MONACO:  continuing with uniform grid
  
 Hjjj amplitude square information:
 -----------------------------------------------
  
  External b-quark contributions are excluded
  
  creal =   -4.0797362673929065       cvirtual =   -3.7101318663035472     
  virt factor for alphas = 0.12 is   0.81104453988909386     

 iteration  1:
 integral =  2.284030E+02,  sigma = 8.886E+01
 efficacy = 3.209E-05,  raw efficacy = 3.209E-05
 f_positive = 6.170E-2,  f_zero = 8.988E-1,  f_negative = 3.952E-2
 accumulated statistics:
 integral =  2.284030E+02,  sigma = 8.886E+01,  chi^2/iteration = 0.000E+00

 MONACO:  grid written to file grid3_1.out.1

 MONACO input parameters:
 ndim = 12,  ncall =     256k,   rtype = 0
 nprn =  0,  acc = -1.0E+0,  alph = 8.75E-1,  nd = 48,  mds =  0

 iteration  2:
 integral =  2.310258E+02,  sigma = 1.920E+01
 efficacy = 9.495E-05,  raw efficacy = 3.323E-06
 f_positive = 1.229E-1,  f_zero = 8.178E-1,  f_negative = 5.926E-2
 accumulated statistics:
 integral =  2.309088E+02,  sigma = 1.877E+01,  chi^2/iteration = 8.323E+02

 MONACO:  grid written to file grid3_1.out.2

 MONACO input parameters:
 ndim = 12,  ncall =     512k,   rtype = 0
 nprn =  0,  acc = -1.0E+0,  alph = 8.75E-1,  nd = 48,  mds =  0

 iteration  3:
 integral =  1.741452E+02,  sigma = 4.613E+01
 efficacy = 7.362E-06,  raw efficacy = 8.705E-09
 f_positive = 1.871E-1,  f_zero = 7.334E-1,  f_negative = 7.944E-2
 accumulated statistics:
 integral =  2.228469E+02,  sigma = 1.738E+01,  chi^2/iteration = 1.300E+00

 MONACO:  grid written to file grid3_1.out.3

 MONACO input parameters:
 ndim = 12,  ncall =       1M,   rtype = 0
 nprn =  0,  acc = -1.0E+0,  alph = 8.75E-1,  nd = 48,  mds =  0

 iteration  4:
 integral =  2.006007E+02,  sigma = 9.068E+00
 efficacy = 4.766E-05,  raw efficacy = 1.251E-07
 f_positive = 2.177E-1,  f_zero = 6.861E-1,  f_negative = 9.613E-2
 accumulated statistics:
 integral =  2.053590E+02,  sigma = 8.040E+00,  chi^2/iteration = 1.294E+00

 MONACO:  grid written to file grid3_1.out.4

 MONACO input parameters:
 ndim = 12,  ncall =       2M,   rtype = 0
 nprn =  0,  acc = -1.0E+0,  alph = 8.75E-1,  nd = 48,  mds =  0

 iteration  5:
 integral =  2.212920E+02,  sigma = 4.299E+00
 efficacy = 1.006E-04,  raw efficacy = 5.113E-08
 f_positive = 2.425E-1,  f_zero = 6.554E-1,  f_negative = 1.022E-1
 accumulated statistics:
 integral =  2.177495E+02,  sigma = 3.791E+00,  chi^2/iteration = 1.881E+00

 MONACO:  grid written to file grid3_1.out.5

 MONACO input parameters:
 ndim = 12,  ncall =       4M,   rtype = 0
 nprn =  0,  acc = -1.0E+0,  alph = 8.75E-1,  nd = 48,  mds =  0

 iteration  6:
 integral =  2.148019E+02,  sigma = 2.706E+00
 efficacy = 6.579E-05,  raw efficacy = 2.941E-08
 f_positive = 2.555E-1,  f_zero = 6.370E-1,  f_negative = 1.075E-1
 accumulated statistics:
 integral =  2.157968E+02,  sigma = 2.202E+00,  chi^2/iteration = 1.511E+00

 MONACO:  grid written to file grid3_1.out.6
 
  result for real emissions 
  sigma =    215.79675246955301       +-    2.2023566673905433       fb
  
 
total number of errors and warnings
===================================
fferr: no errors
 
  
  final result at NLO 
  sigma =    1325.3052998758403       +-    2.3027239988474064       fb  0.17375045576767364      %
  
  
  
 !!!!!!!!!!!!!!!!!!!!!!!!!!!!!!!!!!!!!!!!!!!!!!!!!!!!!!!!!!!!!!!!!!!!!!!!!!!!!!!!!!!!!!!!!!!!!!!!!!!!!!!!
  TOTAL result (LO):          1257.4226727549735       +-   0.57283884121442885       fb    4.55565859934239092E-002 %
  NLO virtual result:         1109.5085474062873       +-   0.67243060940755139       fb    6.06061675666673544E-002 %
  QCD real emission:          215.79675246955301       +-    2.2023566673905433       fb     1.0205698844802014      %
  TOTAL result (NLO):         1325.3052998758403       +-    2.3027239988474064       fb    0.17375045576767364      %
  K-Factor:                   1.0539855281694086     
 !!!!!!!!!!!!!!!!!!!!!!!!!!!!!!!!!!!!!!!!!!!!!!!!!!!!!!!!!!!!!!!!!!!!!!!!!!!!!!!!!!!!!!!!!!!!!!!!!!!!!!!!
  
  
 
 TIME=        2012           7          18         120          11          55           7         142
