   
 -----------------------------------------------------------------
 VBFNLO, version 3.0.0 beta2 GIT a9d9ebca
 Comput. Phys. Commun. 180 (2009) 1661[arXiv:0811.4559 [hep-ph]]
 arXiV:1107.4038, arXiV:1207.4975, arXiv:1404.3940
 http://www.itp.kit.edu/vbfnlo
 -----------------------------------------------------------------
 Process-specific references (please cite as well if appropriate):
 B. Jager, C. Oleari, D. Zeppenfeld
 Phys. Rev. D80 (2009) 034022, e-Print: arXiv:0907.0580 [hep-ph]
 B. Feigl, PhD-thesis, http://digbib.ubka.uni-karlsruhe.de/volltexte/1000037298
 
 -----------------------------------------------------------------
   
   
  
        Information on global parameters
 -----------------------------------------------
   PROCESS               =      261
   LOPROCESS_PLUS_JET    =        F
   KK_MOD                =        F
   ANOM_CPL              =        F
   LEPTONS               =    11  -12
   DECAY_QUARKS          =    93
   LO_ITERATIONS         =        1
   NLO_ITERATIONS        =        1
   LO_POINTS             =       10
   NLO_POINTS            =       10
   NLO_SWITCH            =        T
   EWCOR_SWITCH          =        F
   FERMIONLOOP           =        3
 Warning: cannot read value for key = NLO_SEMILEP_DECAY. Using default value :            0
   LHA_SWITCH            =        F
   HEPMC_SWITCH          =        F
   LO_GRID               = grid2_1                                           
   NLO_GRID              = grid3_1                                           
   PHTN_GRID             = grid4_1                                           
   FLOOP_GRID            = grid5_1                                           
   ECM                   =  14000.0    
   BEAM1                 =        1
   BEAM2                 =        1
   ID_MUF                =        1
   ID_MUR                =        1
   MUF_USER              =  80.4230    
   MUR_USER              =  80.4230    
   XIF                   =  1.00000    
   XIR                   =  1.00000    
 Warning: cannot read value for key = SHOWTIMING. Using default value :  T
 
       information on the selected process 
 -----------------------------------------------
 
  pp -> W- W- jj -> q q~ l- vl~ jj
 
 W- W- plus 2 jets production in vector boson fusion with subsequent decay
 of one W- to quarks and the other W- to leptons.
 The Higgs contribution is included.
 Process is implemented at LO and NLO QCD.
 Anomalous couplings can be set in "anomV.dat".
 References: B. Jager, C. Oleari, D. Zeppenfeld
 Phys. Rev. D80 (2009) 034022, e-Print: arXiv:0907.0580 [hep-ph]
 B. Feigl, PhD-thesis, http://digbib.ubka.uni-karlsruhe.de/volltexte/1000037298
 
 Initializing PDF set CT10
  
               Physics parameters
 -----------------------------------------------
   HTYPE                 =        0
   MODEL                 =        1
   ANOM_CPL              =        F
   KK_MOD                =        F
   SPIN2                 =        F
   HMASS                 =  126.000    
   HWIDTH                = -999.000    
   TOPMASS               =  174.300    
   BOTTOMMASS            =  4.85500    
   CHARMMASS             =  1.65000    
   TAU_MASS              =  1.77684    
   EWSCHEME              =        3
   FERMI_CONST           = 0.116639E-04
   WMASS                 =  80.4230    
   ZMASS                 =  91.1880    
   
 Running in the SM
   
 Higgs mass =   126.00000000000000     
   
   
  
 Information on scale setting in InitScales 
 -------------------------------------------
  
 Dynamical factorization scale chosen:
         momentum transfer of W/Z  
 Dynamical value for alphas chosen:
 alphas = alpha(momentum transfer of W/Z)
 Initializing PDF set cteq6l1
  
  
  
  
   Information on couplings, masses and widths
 ===============================================
  
   SM coupling parameters 
 ---------------------------
   G_Fermi                         : 0.000011663900
   SIN**2 of the weak mixing angle : 0.22216916
   Q.E.D. fine structure constant  : 1/132.53994    
   SU(2) coupling constant g       : 0.65326540
   U(1) coupling constant g'       : 0.34913145
   Q.C.D. LO alfas(MZ)             : 0.12980804
   Q.C.D. NLO alfas(MZ)            : 0.11798151
  
      particle masses
 ---------------------------
   mass of the Z0 boson            :   91.1880
   mass of the W+/- boson          :   80.4230
   mass of the Higgs boson         :  126.0000
   mass of the top quark           :  174.3000
   mass of the bottom quark at MH  :    2.8020
  (All other fermions have mass equal ZERO)
  
      particle widths
 ---------------------------
   total widths of Z0              :   2.509827 GeV
   total widths of W+ or W-        :   2.099666 GeV
   total widths of Higgs           :   0.004263 GeV
   total widths of top quark       :   1.392127 GeV
  
     branching ratios
 ---------------------------
   W -> lepton anti-lepton         : 10.8397229 %
   W -> massless quark anti-quark  : 33.7404157 %
   W -> top bottom                 :  0.0000000 %
  
   Z -> neutrino anti-neutrino     :  6.6094738 %
   Z -> charged lepton anti-lepton :  3.3456921 %
   Z -> up-type quark anti-quark   : 11.9950893 %
   Z -> down-type quark anti-quark : 15.3814412 %
   Z -> top anti-top               :  0.0000000 %
  
   H -> WW                         : 22.0244944 %
   H -> ZZ                         :  2.7828464 %
   H -> bottom anti-bottom         : 57.2588454 %
   H -> top anti-top               :  0.0000000 %
   H -> charm anti-charm           :  3.4016723 %
   H -> tau anti-tau               :  6.1171641 %
   H -> mu anti-mu                 :  0.0216560 %
   H -> gluon gluon                :  7.9653063 %
   H -> gamma gamma                :  0.2380633 %
   H -> Z gamma                    :  0.1899518 %
  
 Warning: cannot read value for key = MLL_OSONLY. Using default value :  T
 Warning: cannot read value for key = VBFCUTS_ALWAYS. Using default value :  F
 
          information on cut parameters
 -----------------------------------------------
 
 minimum jet pt        (PT_JET_MIN):     20.00    20.00    20.00    20.00    20.00   
 maximum jet rapidity                 (Y_JET_MAX):    4.5000000000000000     
 maximum parton pseudorapidity          (Y_P_MAX):    4.5000000000000000     
 minimum jet-jet R-separation           (RJJ_MIN):   0.29999999999999999     
 minimum number of jets                (NJET_MIN):            4
 single jet from hadronic decay (SINGLE_DECAYJET):            0
 exponent of generalised kT algorithm (PGENKTJET):    1.0000000000000000     
 minimum lepton-lepton R-separation     (RLL_MIN):   0.29999999999999999     
 maximum lepton-lepton R-separation     (RLL_MAX):    50.000000000000000     
 minimum jet-lepton R-separation        (RJL_MIN):   0.29999999999999999     
 minimum jet-photon R-separation        (RJG_MIN):    0.0000000000000000     
 minimum lepton-photon R-separation     (RLG_MIN):    0.0000000000000000     
 minimum photon-photon R-separation     (RGG_MIN):   0.59999999999999998     
 maximum photon-photon R-separation     (RGG_MAX):    50.000000000000000     
 maximum lepton rapidity                (Y_L_MAX):    2.5000000000000000     
 minimum lepton pt       (PT_L_MIN):     10.00   
 minimum invariant dilepton mass        (MLL_MIN):    0.0000000000000000     
 maximum invariant dilepton mass        (MLL_MAX):    1.0000000000000000E+020
 m_ll cuts only on opposite-sign l   (MLL_OSONLY):  T
 maximum photon rapidity                (Y_G_MAX):    1.5000000000000000     
 minimum photon pt       (PT_G_MIN):    
 photon isolation cut                 (PHISOLCUT):   0.69999999999999996     
 efficiency of photon isolation cut   (EFISOLCUT):    1.0000000000000000     
 minimum invariant lepton-photon mass   (MLG_MIN):    0.0000000000000000     
 maximum invariant lepton-photon mass   (MLG_MAX):    1.0000000000000000E+020
 minimal missing transverse momentum (PTMISS_MIN):    0.0000000000000000     
 minimum jet rapidity separation      (ETAJJ_MIN):    4.0000000000000000     
 tagging jets in opposite hemispheres     (YSIGN):    T
 leptons fall inside rapidity gap     (LRAPIDGAP):    F
 min leptons y-dist from tagging jets   (DELY_JL):    0.0000000000000000     
 photons fall inside rapidity gap     (GRAPIDGAP):    F
 min photons y-dist from tagging jets   (DELY_JG):    0.0000000000000000     
 dijet min mass cut on tag jets        (MDIJ_MIN):    600.00000000000000     
 dijet max mass cut on tag jets        (MDIJ_MAX):    1.0000000000000000E+020
 veto criteria for jets                   (JVETO):    F
 minimum veto-tag y-dist             (DELY_JVETO):    0.0000000000000000     
 maximum |y| for veto jet             (YMAX_VETO):    4.5000000000000000     
 minimum pT for veto jet             (PTMIN_VETO):    50.000000000000000     
 definition of tagging jets          (DEF_TAGJET):            2
 max |y| for "central region"       (ETA_CENTRAL):    2.0000000000000000     
 minimal pt for harder tagging jet  (PTMIN_TAG_1):    20.000000000000000     
 minimal pt for softer tagging jet  (PTMIN_TAG_2):    20.000000000000000     
 mass reconst. cut for V -> had   (RECONST_HAD_V):            0
 mass range for RECONST_HAD_V      (V_MASS_RANGE):    20.000000000000000     
 

        phase space generator information  
 -----------------------------------------------

 boson  0 has mass   160.85 GeV and width   500.0000 GeV
 integration range for boson  0 =      0.032  to     9899.495 GeV
 boson  3 has mass    80.42 GeV and width     2.0997 GeV
 integration range for boson  3 =      0.032  to     9899.495 GeV
 boson  4 has mass    80.42 GeV and width     2.0997 GeV
 integration range for boson  4 =      0.032  to     9899.495 GeV

 machine energy =    14000.0  GeV
 Minimal mom.transfer or mass for parton pair:   100.00 MeV

 -----------------------------------------------

  Open error on file random.dat
  Using default values.
  Random number generator initialized with seed =            0
 
          information on histogram config
 -----------------------------------------------
 
  Open error on file histograms.dat
  Using default values.
 SMEARING           =      F
 CALC_ERROR_GNUPLOT =      F
 CALC_ERROR_ROOT    =      F
 CALC_ERROR_1D      =      T
 CALC_ERROR_2D      =      F
 
HIST_ID1      =      0.00    250.00  # dS/dpT_j (fb/GeV)
HIST_ID2      =      0.00    500.00  # dS/dpTmax_j (fb/GeV)
HIST_ID3      =      0.00    200.00  # dS/dpTmin_j (fb/GeV)
HIST_ID4      =     -5.00      5.00  # dS/dy_j (fb)
HIST_ID5      =     -5.00      5.00  # dS/dy_j1 (fb)
HIST_ID6      =     -5.00      5.00  # dS/dy_j2 (fb)
HIST_ID7      =      0.00    500.00  # dS/dpTmax_l (fb/GeV)
HIST_ID8      =      0.00    200.00  # dS/dpTmin_l (fb/GeV)
HIST_ID9      =      0.00      5.00  # dS/d|eta|max_l (fb)
HIST_ID10     =      0.00      5.00  # dS/d|eta|min_l (fb)
HIST_ID11     =   -180.00    180.00  # dS/dPhi_jj (fb)
2DHIST_ID1    =      0.00      6.00      0.00    800.00  # d2S/dy_jj dm_jj (fb/GeV)
 
 -----------------------------------------------
 
 
 
Starttime: 2016-12-02T09:06:36+0100

 MONACO input parameters:
 ndim = 15,  ncall =    1024,   rtype = 0
 nprn =  0,  acc = -1.0E+0,  alph =  8.75E-1,  nd = 48,  mds =  0

 MONACO:  continuing with uniform grid
  
 W-W- jj amplitude square information:
 -----------------------------------------------
  
  VV -> WW tensors initialized to  (  0.0000000000000000     ,  0.0000000000000000     )
  External b-quark contributions are excluded

 iteration  1:
 integral =  1.179896E+00,  sigma = 1.167E+00
 efficacy = 9.876E-04,  raw efficacy = 9.876E-04
 f_positive = 1.660E-2,  f_zero = 9.834E-1,  f_negative = 0.000E+0
 accumulated statistics:
 integral =  1.179896E+00,  sigma = 1.167E+00,  chi^2/iteration = 0.000E+00

 MONACO:  grid written to file grid2_1.out.1
 
  result (LO):    1.1798955464310101       +-    1.1667765631136395       fb     98.888123329471540      %
 
   
 Initialising FF ..
   
 ====================================================
   FF 2.0, a package to evaluate one-loop integrals
 written by G. J. van Oldenborgh, NIKHEF-H, Amsterdam
 ====================================================
 for the algorithms used see preprint NIKHEF-H 89/17,
 'New Algorithms for One-loop Integrals', by G.J. van
 Oldenborgh and J.A.M. Vermaseren, published in 
 Zeitschrift fuer Physik C46(1990)425.
 ====================================================
 Initializing PDF set CT10

 MONACO input parameters:
 ndim = 15,  ncall =    1024,   rtype = 0
 nprn =  0,  acc = -1.0E+0,  alph =  8.75E-1,  nd = 48,  mds =  0

 MONACO:  continuing with uniform grid

 iteration  1:
 integral =  1.856129E+00,  sigma = 1.809E+00
 efficacy = 1.002E-03,  raw efficacy = 1.002E-03
 f_positive = 2.148E-2,  f_zero = 9.785E-1,  f_negative = 0.000E+0
 accumulated statistics:
 integral =  1.856129E+00,  sigma = 1.809E+00,  chi^2/iteration = 0.000E+00

 MONACO:  grid written to file grid2_1.vout.1
  
  result for virtual contribution, no.            1
  sigma =    1.8561288703255570       +-    1.8088923095816809       fb  
  
 total result for virtual contns so far 
  sigma =    1.8561288703255570       +-    1.8088923095816809       fb
  

 MONACO input parameters:
 ndim = 15,  ncall =      64,   rtype = 0
 nprn =  0,  acc = -1.0E+0,  alph =  8.75E-1,  nd = 48,  mds =  0

 MONACO:  continuing with uniform grid

 iteration  1:
 integral =  3.355789E-01,  sigma = 3.356E-01
 efficacy = 1.562E-02,  raw efficacy = 1.562E-02
 f_positive = 1.562E-2,  f_zero = 9.688E-1,  f_negative = 1.562E-2
 accumulated statistics:
 integral =  3.355789E-01,  sigma = 3.356E-01,  chi^2/iteration = 0.000E+00

 MONACO:  grid written to file grid2_1.vout.2
  
  result for virtual contribution, no.            2
  sigma =   0.33557885073507765       +-   0.33557901235225901       fb  
  
 total result for virtual contns so far 
  sigma =    2.1917077210606344       +-    1.8397566853241940       fb
  

 MONACO input parameters:
 ndim = 15,  ncall =       8,   rtype = 0
 nprn =  0,  acc = -1.0E+0,  alph =  8.75E-1,  nd = 48,  mds =  0

 MONACO:  continuing with uniform grid

 iteration  1:
 integral =  0.000000E+00,  sigma = 0.000E+00
 efficacy = 0.000E+00,  raw efficacy = 0.000E+00
 f_positive = 0.000E+0,  f_zero = 1.000E+0,  f_negative = 0.000E+0
 accumulated statistics:
 integral =  0.000000E+00,  sigma = 0.000E+00,  chi^2/iteration = 0.000E+00

 MONACO:  grid written to file grid2_1.vout.3
  
  result for virtual contribution, no.            3
  sigma =    0.0000000000000000       +-    0.0000000000000000       fb  
  
 total result for virtual contns so far 
  sigma =    2.1917077210606344       +-    1.8397566853241940       fb
  
   
 Summary for FF ..
   
 
total number of errors and warnings
===================================
vbffferr: no errors
the warning system has been disabled
 

 MONACO input parameters:
 ndim = 18,  ncall =    1024,   rtype = 0
 nprn =  0,  acc = -1.0E+0,  alph =  8.75E-1,  nd = 48,  mds =  0

 MONACO:  continuing with uniform grid
  
 W-W- jjj amplitude square information:
 -----------------------------------------------
  
  VV -> WW tensors initialized to  (  0.0000000000000000     ,  0.0000000000000000     )
  External b-quark contributions are excluded
  
  creal =   -4.0797362673929065       cvirtual =   -3.7101318663035472     
  virt factor for alphas = 0.12 is   0.81104453988909386     

 iteration  1:
 integral = -6.812146E-02,  sigma = 7.215E-02
 efficacy = 9.299E-04,  raw efficacy = 9.299E-04
 f_positive = 3.613E-2,  f_zero = 9.473E-1,  f_negative = 1.660E-2
 accumulated statistics:
 integral = -6.812146E-02,  sigma = 7.215E-02,  chi^2/iteration = 0.000E+00

 MONACO:  grid written to file grid3_1.out.1
 
  result for real emissions 
  sigma =   -6.8121463989252659E-002  +-    7.2145651533376223E-002  fb
  
  
  final result at NLO 
  sigma =    2.1235862570713819       +-    1.8411707297885878       fb   86.701009843966943      %
 
   
 TOTAL VIRTUAL CONTRIBUTIONS:
 TOTAL borntype:
   1.8561288703255570        1.8088923095816809        97.455103387536298       %
 TOTAL boxes:
  0.33557885073507765       0.33557901235225901        100.00004816071721       %
 TOTAL pentagons:
   0.0000000000000000        0.0000000000000000                            NaN  %
  
  
  
 !!!!!!!!!!!!!!!!!!!!!!!!!!!!!!!!!!!!!!!!!!!!!!!!!!!!!!!!!!!!!!!!!!!!!!!!!!!!!!!!!!!!!!!!!!!!!!!!!!!!!!!!
   
  PROCESS:          261   :   p p -->  W- W- jj -->  q q~ e- ve~ jj
    with leading order hadronic decay of one vector boson
   
  TOTAL result (LO):          1.1798955464310101       +-    1.1667765631136395       fb     98.888123329471540      %
  NLO virtual result:         2.1917077210606344       +-    1.8397566853241940       fb     83.941698413777516      %
  QCD real emission:         -6.8121463989252659E-002  +-    7.2145651533376223E-002  fb    -105.90737090553199      %
  TOTAL result (NLO):         2.1235862570713819       +-    1.8411707297885878       fb     86.701009843966943      %
  K-Factor:                   1.7998086894173648     
 !!!!!!!!!!!!!!!!!!!!!!!!!!!!!!!!!!!!!!!!!!!!!!!!!!!!!!!!!!!!!!!!!!!!!!!!!!!!!!!!!!!!!!!!!!!!!!!!!!!!!!!!
  
  
  Endtime: 2016-12-02T09:06:36+0100
  Runtime: 0:00:00 (0 seconds)
