   
 -----------------------------------------------------------------
 VBFNLO, version 3.0.0 GIT 1571c2fe
 Comput. Phys. Commun. 180 (2009) 1661[arXiv:0811.4559 [hep-ph]]
 arXiV:1107.4038, arXiV:1207.4975, arXiv:1404.3940
 http://www.itp.kit.edu/vbfnlo
 -----------------------------------------------------------------
 Process-specific references (please cite as well if appropriate):
 G. Bozzi, F. Campanario, M. Rauch, D. Zeppenfeld
 Phys.Rev. D83 (2011) 114035, e-Print: arXiv:1103.4613 [hep-ph]
 
 -----------------------------------------------------------------
   
   
  
        Information on global parameters
 -----------------------------------------------
   PROCESS               =      510
   LOPROCESS_PLUS_JET    =        F
   KK_MOD                =        F
   ANOM_CPL              =        F
   LEPTONS               =   -12   11
   LO_ITERATIONS         =        1
   NLO_ITERATIONS        =        1
   LO_POINTS             =       10
   NLO_POINTS            =       10
   NLO_SWITCH            =        T
   EWCOR_SWITCH          =        F
   FERMIONLOOP           =        3
   LHA_SWITCH            =        F
   HEPMC_SWITCH          =        F
   LO_GRID               = grid2_1                                           
                           grid2_2                                           
                           grid2_3                                           
                           grid2_4                                           
   NLO_GRID              = grid3_1                                           
                           grid3_2                                           
                           grid3_3                                           
                           grid3_4                                           
   PHTN_GRID             = grid4_1                                           
                           grid4_2                                           
                           grid4_3                                           
                           grid4_4                                           
   FLOOP_GRID            = grid5_1                                           
                           grid5_2                                           
                           grid5_3                                           
                           grid5_4                                           
   ECM                   =  13600.0    
   BEAM1                 =        1
   BEAM2                 =        1
   ID_MUF                =        4
   ID_MUR                =        4
   MUF_USER              =  100.000    
   MUR_USER              =  100.000    
   XIF                   =  1.00000    
   XIR                   =  1.00000    
 Warning: cannot read value for key = SHOWTIMING. Using default value :  T
 
       information on the selected process 
 -----------------------------------------------
 
  pp -> W- A A -> l- vl~ A A
 
 W- photon photon production with subsequent decay of the W boson to leptons.
 Process is implemented at LO and NLO QCD.
 Anomalous couplings can be set in "anomV.dat".
 References: G. Bozzi, F. Campanario, M. Rauch, D. Zeppenfeld
 Phys.Rev. D83 (2011) 114035, e-Print: arXiv:1103.4613 [hep-ph]
 
             Information on PDF sets            
 -----------------------------------------------
 Initializing PDF set CT18
  
               Physics parameters
 -----------------------------------------------
   HTYPE                 =        0
   MODEL                 =        1
   ANOM_CPL              =        F
   KK_MOD                =        F
   SPIN2                 =        F
   HMASS                 =  125.000    
   HWIDTH                = -999.000    
   TOPMASS               =  172.500    
   BOTTOMMASS            =  4.85500    
   CHARMMASS             =  1.65000    
   TAU_MASS              =  1.77684    
   EWSCHEME              =        3
   FERMI_CONST           = 0.116637E-04
   WMASS                 =  80.3980    
   ZMASS                 =  91.1876    
   
 Running in the SM
   
 Higgs mass =   125.00000000000000     
   
   
  
 Information on scale setting in InitScales 
 -------------------------------------------
  
 Dynamical factorization scale chosen:
       invariant VVV mass 
 Dynamical value for alphas chosen:
 alphas = alpha(invariant VVV mass)
  
  
   Information on couplings, masses and widths
 ===============================================
  
   SM coupling parameters 
 ---------------------------
   G_Fermi                         : 0.000011663700
   SIN**2 of the weak mixing angle : 0.22264585
   Q.E.D. fine structure constant  : 1/132.34070    
   SU(2) coupling constant g       : 0.65305673
   U(1) coupling constant g'       : 0.34950127
   Q.C.D. LO alfas(MZ)             : 0.12980813
   Q.C.D. NLO alfas(MZ)            : 0.11798159
  
      particle masses
 ---------------------------
   mass of the Z0 boson            :   91.1876
   mass of the W+/- boson          :   80.3980
   mass of the Higgs boson         :  125.0000
   mass of the top quark           :  172.5000
   mass of the bottom quark at MH  :    2.8039
  (All other fermions have mass equal ZERO)
  
      particle widths
 ---------------------------
   total widths of Z0              :   2.508420 GeV
   total widths of W+ or W-        :   2.097673 GeV
   total widths of Higgs           :   0.004128 GeV
   total widths of top quark       :   1.342520 GeV
  
     branching ratios
 ---------------------------
   W -> lepton anti-lepton         : 10.8397227 %
   W -> massless quark anti-quark  : 33.7404159 %
   W -> top bottom                 :  0.0000000 %
  
   Z -> neutrino anti-neutrino     :  6.6129820 %
   Z -> charged lepton anti-lepton :  3.3460763 %
   Z -> up-type quark anti-quark   : 11.9908090 %
   Z -> down-type quark anti-quark : 15.3804024 %
   Z -> top anti-top               :  0.0000000 %
  
   H -> WW                         : 20.4628169 %
   H -> ZZ                         :  2.5390366 %
   H -> bottom anti-bottom         : 58.7489081 %
   H -> top anti-top               :  0.0000000 %
   H -> charm anti-charm           :  3.4901975 %
   H -> tau anti-tau               :  6.2665676 %
   H -> mu anti-mu                 :  0.0221853 %
   H -> gluon gluon                :  8.0504027 %
   H -> gamma gamma                :  0.2383715 %
   H -> Z gamma                    :  0.1815139 %
  
 Warning: cannot read value for key = MLL_OSONLY. Using default value :  T
 Warning: cannot read value for key = PTMISS_MIN. Using default value :    0.0000000000000000     
 Warning: cannot read value for key = EXISOLCUT. Using default value :    1.0000000000000000     
 Warning: cannot read value for key = MJ_WINDOWV. Using default value :    0.0000000000000000     
 
          information on cut parameters
 -----------------------------------------------
 
 minimum jet pt        (PT_JET_MIN):     30.00   
 maximum jet rapidity                 (Y_JET_MAX):    4.5000000000000000     
 maximum parton pseudorapidity          (Y_P_MAX):    5.0000000000000000     
 minimum jet-jet R-separation           (RJJ_MIN):   0.80000000000000004     
 minimum number of jets                (NJET_MIN):            0
 single jet from hadronic decay (SINGLE_DECAYJET):            0
 exponent of generalised kT algorithm (PGENKTJET):    1.0000000000000000     
 minimum lepton-lepton R-separation     (RLL_MIN):    0.0000000000000000     
 maximum lepton-lepton R-separation     (RLL_MAX):    50.000000000000000     
 minimum jet-lepton R-separation        (RJL_MIN):   0.40000000000000002     
 minimum jet-photon R-separation        (RJG_MIN):   0.69999999999999996     
 minimum lepton-photon R-separation     (RLG_MIN):   0.40000000000000002     
 minimum photon-photon R-separation     (RGG_MIN):   0.40000000000000002     
 maximum photon-photon R-separation     (RGG_MAX):    50.000000000000000     
 maximum lepton rapidity                (Y_L_MAX):    2.5000000000000000     
 minimum lepton pt       (PT_L_MIN):     20.00   
 minimum invariant dilepton mass        (MLL_MIN):    15.000000000000000     
 maximum invariant dilepton mass        (MLL_MAX):    14000.000000000000     
 m_ll cuts only on opposite-sign l   (MLL_OSONLY):  T
 maximum photon rapidity                (Y_G_MAX):    2.5000000000000000     
 minimum photon pt       (PT_G_MIN):     20.00    20.00   
 photon isolation cut                 (PHISOLCUT):   0.69999999999999996     
 efficiency of photon isolation cut   (EFISOLCUT):    1.0000000000000000     
 exponent of photon isolation cut   (EXISOLCUT):    1.0000000000000000     
 minimum invariant lepton-photon mass   (MLG_MIN):    0.0000000000000000     
 maximum invariant lepton-photon mass   (MLG_MAX):    1.0000000000000000E+020
 minimal missing transverse momentum (PTMISS_MIN):    0.0000000000000000     
 minimum jet rapidity separation      (ETAJJ_MIN):    0.0000000000000000     
 tagging jets in opposite hemispheres     (YSIGN):    F
 leptons fall inside rapidity gap     (LRAPIDGAP):    F
 min leptons y-dist from tagging jets   (DELY_JL):    0.0000000000000000     
 photons fall inside rapidity gap     (GRAPIDGAP):    T
 min photons y-dist from tagging jets   (DELY_JG):    0.0000000000000000     
 dijet min mass cut on tag jets        (MDIJ_MIN):    600.00000000000000     
 dijet max mass cut on tag jets        (MDIJ_MAX):    14000.000000000000     
 excluded jet-m window               (MJ_WINDOWV):    85.792800000000000        85.792800000000000     
 veto criteria for jets                   (JVETO):    F
 minimum veto-tag y-dist             (DELY_JVETO):    0.0000000000000000     
 maximum |y| for veto jet             (YMAX_VETO):    3.0000000000000000     
 minimum pT for veto jet             (PTMIN_VETO):    50.000000000000000     
 

 --------------------PHASE SPACE--------------------

 boson has mass    80.40 GeV and width     2.0977 GeV
 integration range for boson   4 =      0.032  to     9616.652 GeV
 boson has mass     0.00 GeV and width     0.0000 GeV
 integration range for boson   1 =      0.032  to     9616.652 GeV
 boson has mass     0.00 GeV and width     0.0000 GeV
 integration range for boson   1 =      0.032  to     9616.652 GeV

 machine energy =    13600.0  GeV

 ---------------------------------------------------

  Open error on file random.dat
  Using default values.
  Random number generator initialized with seed =            0
 
          information on histogram config
 -----------------------------------------------
 
  Open error on file histograms.dat
  Using default values.
 SMEARING           =      T
 SMEAR_VALUE        =       0.10000000000000001     
 CALC_ERROR_GNUPLOT =      F
 CALC_ERROR_ROOT    =      F
 CALC_ERROR_1D      =      T
 CALC_ERROR_2D      =      F
 
HIST_ID1      =      0.00    250.00  # dS/dpT_j (fb/GeV)
HIST_ID2      =      0.00    500.00  # dS/dpTmax_j (fb/GeV)
HIST_ID3      =      0.00    200.00  # dS/dpTmin_j (fb/GeV)
HIST_ID4      =     -5.00      5.00  # dS/dy_j (fb)
HIST_ID5      =     -5.00      5.00  # dS/dy_j1 (fb)
HIST_ID6      =     -5.00      5.00  # dS/dy_j2 (fb)
HIST_ID7      =      0.00    500.00  # dS/dpTmax_l (fb/GeV)
HIST_ID8      =      0.00    200.00  # dS/dpTmin_l (fb/GeV)
HIST_ID9      =      0.00      5.00  # dS/d|eta|max_l (fb)
HIST_ID10     =      0.00      5.00  # dS/d|eta|min_l (fb)
HIST_ID11     =   -180.00    180.00  # dS/dPhi_jj (fb)
2DHIST_ID1    =      0.00      6.00      0.00    800.00  # d2S/dy_jj dm_jj (fb/GeV)
 
 -----------------------------------------------
 
Starttime: 2024-04-30T14:53:29+0200
  
 PHASE SPACE           1
  

 MONACO input parameters:
 ndim =  9,  ncall =    2048,   rtype = 0
 nprn =  0,  acc = -1.0E+0,  alph =  8.75E-1,  nd = 48,  mds =  0

 MONACO:  continuing with uniform grid
  
 AAW- amplitude square information:
 -----------------------------------------------
  
  precalculated tensors initialized to                (0.0000000000000000,0.0000000000000000)
  External b-quark contributions are excluded

 iteration  1:
 integral =  8.790992E-01,  sigma = 2.877E-01
 efficacy = 2.197E-03,  raw efficacy = 2.197E-03
 f_positive = 4.590E-2,  f_zero = 9.541E-1,  f_negative = 0.000E+0
 accumulated statistics:
 integral =  8.790992E-01,  sigma = 2.877E-01,  chi^2/iteration = 1.776E-15

 MONACO:  grid written to file grid2_1.out.1
 
  result (LO):   0.87909920586736423       +-   0.28766025405471640       fb     32.722160608812757      %
 
  
 PHASE SPACE           2
  

 MONACO input parameters:
 ndim =  9,  ncall =    1024,   rtype = 0
 nprn =  0,  acc = -1.0E+0,  alph =  8.75E-1,  nd = 48,  mds =  0

 MONACO:  continuing with uniform grid

 iteration  1:
 integral =  1.044296E-01,  sigma = 6.441E-02
 efficacy = 1.901E-03,  raw efficacy = 1.901E-03
 f_positive = 1.172E-2,  f_zero = 9.883E-1,  f_negative = 0.000E+0
 accumulated statistics:
 integral =  1.044296E-01,  sigma = 6.441E-02,  chi^2/iteration = 4.441E-16

 MONACO:  grid written to file grid2_2.out.1
 
  result (LO):   0.10442961599680554       +-    6.4408197383253193E-002  fb     61.676179471179339      %
 
  
 PHASE SPACE           3
  

 MONACO input parameters:
 ndim =  9,  ncall =    1024,   rtype = 0
 nprn =  0,  acc = -1.0E+0,  alph =  8.75E-1,  nd = 48,  mds =  0

 MONACO:  continuing with uniform grid

 iteration  1:
 integral =  1.943503E+00,  sigma = 1.901E+00
 efficacy = 9.984E-04,  raw efficacy = 9.984E-04
 f_positive = 1.074E-2,  f_zero = 9.893E-1,  f_negative = 0.000E+0
 accumulated statistics:
 integral =  1.943503E+00,  sigma = 1.901E+00,  chi^2/iteration = 0.000E+00

 MONACO:  grid written to file grid2_3.out.1
 
  result (LO):    1.9435028877181519       +-    1.9010006309256577       fb     97.813110695071018      %
 
  
 PHASE SPACE           4
  

 MONACO input parameters:
 ndim =  9,  ncall =    1024,   rtype = 0
 nprn =  0,  acc = -1.0E+0,  alph =  8.75E-1,  nd = 48,  mds =  0

 MONACO:  continuing with uniform grid

 iteration  1:
 integral =  1.067271E-03,  sigma = 1.067E-03
 efficacy = 9.766E-04,  raw efficacy = 9.766E-04
 f_positive = 9.766E-4,  f_zero = 9.990E-1,  f_negative = 0.000E+0
 accumulated statistics:
 integral =  1.067271E-03,  sigma = 1.067E-03,  chi^2/iteration = 2.220E-16

 MONACO:  grid written to file grid2_4.out.1
 
  result (LO):    1.0672708755327636E-003  +-    1.0672708755327636E-003  fb     100.00000000000000      %
 
 
  Total (multi-channel) result (LO):    2.9280989804578543       +-    1.9237207114079358       fb     65.698623039960609      %
  
   
 Initialising FF ..
   
 ====================================================
   FF 2.0, a package to evaluate one-loop integrals
 written by G. J. van Oldenborgh, NIKHEF-H, Amsterdam
 ====================================================
 for the algorithms used see preprint NIKHEF-H 89/17,
 'New Algorithms for One-loop Integrals', by G.J. van
 Oldenborgh and J.A.M. Vermaseren, published in 
 Zeitschrift fuer Physik C46(1990)425.
 ====================================================
  
 PHASE SPACE            1
  

 MONACO input parameters:
 ndim =  9,  ncall =    2048,   rtype = 0
 nprn =  0,  acc = -1.0E+0,  alph =  8.75E-1,  nd = 48,  mds =  0

 MONACO:  continuing with uniform grid

 iteration  1:
 integral =  1.926366E+00,  sigma = 1.190E+00
 efficacy = 8.069E-04,  raw efficacy = 8.069E-04
 f_positive = 5.176E-2,  f_zero = 9.482E-1,  f_negative = 0.000E+0
 accumulated statistics:
 integral =  1.926366E+00,  sigma = 1.190E+00,  chi^2/iteration = 8.882E-16

 MONACO:  grid written to file grid2_1.vout.1
  
  result for virtual contribution, no.            1
  sigma =    1.9263661939455237       +-    1.1899583193184369       fb  
  
 total result for virtual contns so far 
  sigma =    1.9263661939455237       +-    1.1899583193184369       fb
  

 MONACO input parameters:
 ndim =  9,  ncall =     512,   rtype = 0
 nprn =  0,  acc = -1.0E+0,  alph =  8.75E-1,  nd = 48,  mds =  0

 MONACO:  continuing with uniform grid

 iteration  1:
 integral =  2.303986E-03,  sigma = 1.594E-03
 efficacy = 3.251E-03,  raw efficacy = 3.251E-03
 f_positive = 3.320E-2,  f_zero = 9.551E-1,  f_negative = 1.172E-2
 accumulated statistics:
 integral =  2.303986E-03,  sigma = 1.594E-03,  chi^2/iteration = 0.000E+00

 MONACO:  grid written to file grid2_1.vout.2
  
  result for virtual contribution, no.            2
  sigma =    2.3039857564891185E-003  +-    1.5944291188485999E-003  fb  
  Box instabilites           0
           total calls           0
           instabilities [%]   0.0000000000000000     
  
 total result for virtual contns so far 
  sigma =    1.9286701797020127       +-    1.1899593875084034       fb
  

 MONACO input parameters:
 ndim =  9,  ncall =     128,   rtype = 0
 nprn =  0,  acc = -1.0E+0,  alph =  8.75E-1,  nd = 48,  mds =  0

 MONACO:  continuing with uniform grid

 iteration  1:
 integral =  3.075229E-02,  sigma = 4.326E-02
 efficacy = 5.752E-03,  raw efficacy = 5.752E-03
 f_positive = 3.906E-2,  f_zero = 9.297E-1,  f_negative = 3.125E-2
 accumulated statistics:
 integral =  3.075229E-02,  sigma = 4.326E-02,  chi^2/iteration = 1.110E-16

 MONACO:  grid written to file grid2_1.vout.3
  
  result for virtual contribution, no.            3
  sigma =    3.0752291226957849E-002  +-    4.3259527814130942E-002  fb  
  Pentagon instabilites           0
           total calls          18
           instabilities [%]   0.0000000000000000     
  
 total result for virtual contns so far 
  sigma =    1.9594224709289705       +-    1.1907454516671796       fb
  
  
 PHASE SPACE            2
  

 MONACO input parameters:
 ndim =  9,  ncall =     256,   rtype = 0
 nprn =  0,  acc = -1.0E+0,  alph =  8.75E-1,  nd = 48,  mds =  0

 MONACO:  continuing with uniform grid

 iteration  1:
 integral =  2.113326E-04,  sigma = 1.945E-04
 efficacy = 4.260E-03,  raw efficacy = 4.260E-03
 f_positive = 1.172E-2,  f_zero = 9.883E-1,  f_negative = 0.000E+0
 accumulated statistics:
 integral =  2.113326E-04,  sigma = 1.945E-04,  chi^2/iteration = 0.000E+00

 MONACO:  grid written to file grid2_2.vout.1
  
  result for virtual contribution, no.            1
  sigma =    2.1133263718246744E-004  +-    1.9452074924874711E-004  fb  
  
 total result for virtual contns so far 
  sigma =    2.1133263718246744E-004  +-    1.9452074924874711E-004  fb
  

 MONACO input parameters:
 ndim =  9,  ncall =      64,   rtype = 0
 nprn =  0,  acc = -1.0E+0,  alph =  8.75E-1,  nd = 48,  mds =  0

 MONACO:  continuing with uniform grid

 iteration  1:
 integral =  0.000000E+00,  sigma = 0.000E+00
 efficacy = 0.000E+00,  raw efficacy = 0.000E+00
 f_positive = 0.000E+0,  f_zero = 1.000E+0,  f_negative = 0.000E+0
 accumulated statistics:
 integral =  0.000000E+00,  sigma = 0.000E+00,  chi^2/iteration = 0.000E+00

 MONACO:  grid written to file grid2_2.vout.2
  
  result for virtual contribution, no.            2
  sigma =    0.0000000000000000       +-    0.0000000000000000       fb  
  Box instabilites           0
           total calls           0
           instabilities [%]   0.0000000000000000     
  
 total result for virtual contns so far 
  sigma =    2.1133263718246744E-004  +-    1.9452074924874711E-004  fb
  

 MONACO input parameters:
 ndim =  9,  ncall =      32,   rtype = 0
 nprn =  0,  acc = -1.0E+0,  alph =  8.75E-1,  nd = 48,  mds =  0

 MONACO:  continuing with uniform grid

 iteration  1:
 integral =  9.992790E-07,  sigma = 9.993E-07
 efficacy = 3.125E-02,  raw efficacy = 3.125E-02
 f_positive = 3.125E-2,  f_zero = 9.688E-1,  f_negative = 0.000E+0
 accumulated statistics:
 integral =  9.992790E-07,  sigma = 9.993E-07,  chi^2/iteration = 0.000E+00

 MONACO:  grid written to file grid2_2.vout.3
  
  result for virtual contribution, no.            3
  sigma =    9.9927896717039989E-007  +-    9.9927896717039989E-007  fb  
  Pentagon instabilites           0
           total calls           2
           instabilities [%]   0.0000000000000000     
  
 total result for virtual contns so far 
  sigma =    2.1233191614963783E-004  +-    1.9452331594631061E-004  fb
  
  
 PHASE SPACE            3
  

 MONACO input parameters:
 ndim =  9,  ncall =     256,   rtype = 0
 nprn =  0,  acc = -1.0E+0,  alph =  8.75E-1,  nd = 48,  mds =  0

 MONACO:  continuing with uniform grid

 iteration  1:
 integral =  9.102232E-02,  sigma = 9.090E-02
 efficacy = 3.912E-03,  raw efficacy = 3.912E-03
 f_positive = 7.812E-3,  f_zero = 9.922E-1,  f_negative = 0.000E+0
 accumulated statistics:
 integral =  9.102232E-02,  sigma = 9.090E-02,  chi^2/iteration = 0.000E+00

 MONACO:  grid written to file grid2_3.vout.1
  
  result for virtual contribution, no.            1
  sigma =    9.1022324557946427E-002  +-    9.0895102765479005E-002  fb  
  
 total result for virtual contns so far 
  sigma =    9.1022324557946427E-002  +-    9.0895102765479005E-002  fb
  

 MONACO input parameters:
 ndim =  9,  ncall =      64,   rtype = 0
 nprn =  0,  acc = -1.0E+0,  alph =  8.75E-1,  nd = 48,  mds =  0

 MONACO:  continuing with uniform grid

 iteration  1:
 integral =  0.000000E+00,  sigma = 0.000E+00
 efficacy = 0.000E+00,  raw efficacy = 0.000E+00
 f_positive = 0.000E+0,  f_zero = 1.000E+0,  f_negative = 0.000E+0
 accumulated statistics:
 integral =  0.000000E+00,  sigma = 0.000E+00,  chi^2/iteration = 0.000E+00

 MONACO:  grid written to file grid2_3.vout.2
  
  result for virtual contribution, no.            2
  sigma =    0.0000000000000000       +-    0.0000000000000000       fb  
  Box instabilites           0
           total calls           0
           instabilities [%]   0.0000000000000000     
  
 total result for virtual contns so far 
  sigma =    9.1022324557946427E-002  +-    9.0895102765479005E-002  fb
  

 MONACO input parameters:
 ndim =  9,  ncall =      32,   rtype = 0
 nprn =  0,  acc = -1.0E+0,  alph =  8.75E-1,  nd = 48,  mds =  0

 MONACO:  continuing with uniform grid

 iteration  1:
 integral =  1.286154E-04,  sigma = 1.286E-04
 efficacy = 3.125E-02,  raw efficacy = 3.125E-02
 f_positive = 3.125E-2,  f_zero = 9.688E-1,  f_negative = 0.000E+0
 accumulated statistics:
 integral =  1.286154E-04,  sigma = 1.286E-04,  chi^2/iteration = 1.110E-16

 MONACO:  grid written to file grid2_3.vout.3
  
  result for virtual contribution, no.            3
  sigma =    1.2861537561304167E-004  +-    1.2861537561304167E-004  fb  
  Pentagon instabilites           0
           total calls           2
           instabilities [%]   0.0000000000000000     
  
 total result for virtual contns so far 
  sigma =    9.1150939933559466E-002  +-    9.0895193759966394E-002  fb
  
  
 PHASE SPACE            4
  

 MONACO input parameters:
 ndim =  9,  ncall =      64,   rtype = 0
 nprn =  0,  acc = -1.0E+0,  alph =  8.75E-1,  nd = 48,  mds =  0

 MONACO:  continuing with uniform grid

 iteration  1:
 integral =  0.000000E+00,  sigma = 0.000E+00
 efficacy = 0.000E+00,  raw efficacy = 0.000E+00
 f_positive = 0.000E+0,  f_zero = 1.000E+0,  f_negative = 0.000E+0
 accumulated statistics:
 integral =  0.000000E+00,  sigma = 0.000E+00,  chi^2/iteration = 0.000E+00

 MONACO:  grid written to file grid2_4.vout.1
  
  result for virtual contribution, no.            1
  sigma =    0.0000000000000000       +-    0.0000000000000000       fb  
  
 total result for virtual contns so far 
  sigma =    0.0000000000000000       +-    0.0000000000000000       fb
  

 MONACO input parameters:
 ndim =  9,  ncall =      32,   rtype = 0
 nprn =  0,  acc = -1.0E+0,  alph =  8.75E-1,  nd = 48,  mds =  0

 MONACO:  continuing with uniform grid

 iteration  1:
 integral =  0.000000E+00,  sigma = 0.000E+00
 efficacy = 0.000E+00,  raw efficacy = 0.000E+00
 f_positive = 0.000E+0,  f_zero = 1.000E+0,  f_negative = 0.000E+0
 accumulated statistics:
 integral =  0.000000E+00,  sigma = 0.000E+00,  chi^2/iteration = 0.000E+00

 MONACO:  grid written to file grid2_4.vout.2
  
  result for virtual contribution, no.            2
  sigma =    0.0000000000000000       +-    0.0000000000000000       fb  
  Box instabilites           0
           total calls           0
           instabilities [%]   0.0000000000000000     
  
 total result for virtual contns so far 
  sigma =    0.0000000000000000       +-    0.0000000000000000       fb
  

 MONACO input parameters:
 ndim =  9,  ncall =       8,   rtype = 0
 nprn =  0,  acc = -1.0E+0,  alph =  8.75E-1,  nd = 48,  mds =  0

 MONACO:  continuing with uniform grid

 iteration  1:
 integral =  0.000000E+00,  sigma = 0.000E+00
 efficacy = 0.000E+00,  raw efficacy = 0.000E+00
 f_positive = 0.000E+0,  f_zero = 1.000E+0,  f_negative = 0.000E+0
 accumulated statistics:
 integral =  0.000000E+00,  sigma = 0.000E+00,  chi^2/iteration = 0.000E+00

 MONACO:  grid written to file grid2_4.vout.3
  
  result for virtual contribution, no.            3
  sigma =    0.0000000000000000       +-    0.0000000000000000       fb  
  Pentagon instabilites           0
           total calls           0
           instabilities [%]   0.0000000000000000     
  
 total result for virtual contns so far 
  sigma =    0.0000000000000000       +-    0.0000000000000000       fb
  
 
  Total (multi-channel) result (NLO virtual):    2.0507857427786798       +-    1.1942096569505951       fb     58.231809985792061      %
 
   
 Summary for FF ..
   
 
total number of errors and warnings
===================================
vbffferr: no errors
the warning system has been disabled
 
  
 PHASE SPACE            1
  

 MONACO input parameters:
 ndim = 12,  ncall =    2048,   rtype = 0
 nprn =  0,  acc = -1.0E+0,  alph =  8.75E-1,  nd = 48,  mds =  0

 MONACO:  continuing with uniform grid
  
 AAW-j amplitude square information:
 -----------------------------------------------
  
  precalculated tensors initialized to                (0.0000000000000000,0.0000000000000000)
  External b-quark contributions are excluded
  
  creal =   -6.5797362673929038       cvirtual =    5.1594725347858095     
  

 iteration  1:
 integral =  7.004590E-01,  sigma = 4.518E-01
 efficacy = 8.268E-04,  raw efficacy = 8.268E-04
 f_positive = 4.541E-2,  f_zero = 9.160E-1,  f_negative = 3.857E-2
 accumulated statistics:
 integral =  7.004590E-01,  sigma = 4.518E-01,  chi^2/iteration = 0.000E+00

 MONACO:  grid written to file grid3_1.out.1
 
  result for real emissions 
  sigma =   0.70045903887699101       +-   0.45179968558641243       fb
  
  
 PHASE SPACE            2
  

 MONACO input parameters:
 ndim = 12,  ncall =    1024,   rtype = 0
 nprn =  0,  acc = -1.0E+0,  alph =  8.75E-1,  nd = 48,  mds =  0

 MONACO:  continuing with uniform grid

 iteration  1:
 integral =  1.428742E-02,  sigma = 3.563E-02
 efficacy = 4.162E-04,  raw efficacy = 4.162E-04
 f_positive = 1.172E-2,  f_zero = 9.688E-1,  f_negative = 1.953E-2
 accumulated statistics:
 integral =  1.428742E-02,  sigma = 3.563E-02,  chi^2/iteration = 0.000E+00

 MONACO:  grid written to file grid3_2.out.1
 
  result for real emissions 
  sigma =    1.4287415741419791E-002  +-    3.5632550030627985E-002  fb
  
  
 PHASE SPACE            3
  

 MONACO input parameters:
 ndim = 12,  ncall =    1024,   rtype = 0
 nprn =  0,  acc = -1.0E+0,  alph =  8.75E-1,  nd = 48,  mds =  0

 MONACO:  continuing with uniform grid

 iteration  1:
 integral = -8.101693E-03,  sigma = 1.316E-02
 efficacy = 6.530E-04,  raw efficacy = 6.530E-04
 f_positive = 1.562E-2,  f_zero = 9.688E-1,  f_negative = 1.562E-2
 accumulated statistics:
 integral = -8.101693E-03,  sigma = 1.316E-02,  chi^2/iteration = 0.000E+00

 MONACO:  grid written to file grid3_3.out.1
 
  result for real emissions 
  sigma =   -8.1016934561200984E-003  +-    1.3160317512669701E-002  fb
  
  
 PHASE SPACE            4
  

 MONACO input parameters:
 ndim = 12,  ncall =    1024,   rtype = 0
 nprn =  0,  acc = -1.0E+0,  alph =  8.75E-1,  nd = 48,  mds =  0

 MONACO:  continuing with uniform grid

 iteration  1:
 integral =  1.135308E-01,  sigma = 1.070E-01
 efficacy = 1.038E-03,  raw efficacy = 1.038E-03
 f_positive = 3.906E-3,  f_zero = 9.951E-1,  f_negative = 9.766E-4
 accumulated statistics:
 integral =  1.135308E-01,  sigma = 1.070E-01,  chi^2/iteration = 2.220E-16

 MONACO:  grid written to file grid3_4.out.1
 
  result for real emissions 
  sigma =   0.11353082251448743       +-   0.10700621666050367       fb
  
 
  Total (multi-channel) result (NLO real):   0.82017558367677812       +-   0.46584993171481226       fb     56.798805156628319      %
 
  
  final result at NLO 
  sigma =    2.8709613264554581       +-    1.2818552428541818       fb   44.648990254312622      %
  
  Box instabilites           0
           total calls           0
           instabilities [%]   0.0000000000000000     
  FBox instabilites           0
           total calls           0
           instabilities [%]   0.0000000000000000     
  Pentagon instabilites           0
           total calls          22
           instabilities [%]   0.0000000000000000     
  Hexagon instabilites           0
           total calls           0
           instabilities [%]   0.0000000000000000     
 LO for different PHASESPACE:
  0.87909920586736423       +-   0.28766025405471640       fb   32.722160608812757     
  0.10442961599680554       +-    6.4408197383253193E-002  fb   61.676179471179339     
   1.9435028877181519       +-    1.9010006309256577       fb   97.813110695071018     
   1.0672708755327636E-003  +-    1.0672708755327636E-003  fb   100.00000000000000     
 
  
  
 VIRTUAL CONTRIBUTIONS for different PHASESPACE:
  borntype for different PHASESPACE:
   1.9263661939455237       +-    1.1899583193184369       fb   61.772176186356397     
   2.1133263718246744E-004  +-    1.9452074924874711E-004  fb   92.044821775822200     
   9.1022324557946427E-002  +-    9.0895102765479005E-002  fb   99.860230121472640     
   0.0000000000000000       +-    0.0000000000000000       fb                       NaN
  boxes for different PHASESPACE:
   2.3039857564891185E-003  +-    1.5944291188485999E-003  fb   69.203080546740793     
   0.0000000000000000       +-    0.0000000000000000       fb                       NaN
   0.0000000000000000       +-    0.0000000000000000       fb                       NaN
   0.0000000000000000       +-    0.0000000000000000       fb                       NaN
 pentagons for different PHASESPACE:
   3.0752291226957849E-002  +-    4.3259527814130942E-002  fb   140.67090967260705     
   9.9927896717039989E-007  +-    9.9927896717039989E-007  fb   100.00000000000000     
   1.2861537561304167E-004  +-    1.2861537561304167E-004  fb   100.00000000000000     
   0.0000000000000000       +-    0.0000000000000000       fb                       NaN
   
 TOTAL VIRTUAL CONTRIBUTIONS:
 TOTAL borntype:
   2.0175998511406523        1.1934248025159473        59.150718208134450       %
 TOTAL boxes:
   2.3039857564891185E-003   1.5944291188485999E-003   69.203080546740793       %
 TOTAL pentagons:
   3.0881905881538062E-002   4.3259719019140323E-002   140.08111800185887       %
  
  
  REAL EMISSION for different PHASESPACE:
  0.70045903887699101       0.45179968558641243        64.500514735416786       %
   1.4287415741419791E-002   3.5632550030627985E-002   249.39814642145393       %
  -8.1016934561200984E-003   1.3160317512669701E-002  -162.43909478861198       %
  0.11353082251448743       0.10700621666050367        94.253009262615734       %
  
  
  
 !!!!!!!!!!!!!!!!!!!!!!!!!!!!!!!!!!!!!!!!!!!!!!!!!!!!!!!!!!!!!!!!!!!!!!!!!!!!!!!!!!!!!!!!!!!!!!!!!!!!!!!!
   
  PROCESS:          510   :   p p -->  W- A A -->  e- ve~ A A
   
  TOTAL result (LO):        2.92809898045785  +-    1.92372071140794 fb   65.69862303996061 %
  NLO virtual result:       2.05078574277868  +-    1.19420965695060 fb   58.23180998579206 %
  QCD real emission:        0.82017558367678  +-    0.46584993171481 fb   56.79880515662832 %
  TOTAL result (NLO):       2.87096132645546  +-    1.28185524285418 fb   44.64899025431262 %
  K-Factor:                 0.98048643355851928     
 !!!!!!!!!!!!!!!!!!!!!!!!!!!!!!!!!!!!!!!!!!!!!!!!!!!!!!!!!!!!!!!!!!!!!!!!!!!!!!!!!!!!!!!!!!!!!!!!!!!!!!!!
  
  
  Endtime: 2024-04-30T14:53:29+0200
  Runtime: 0:00:00 (0 seconds)
