running on itppc44
command to run:
/itp/fast/robin/vbfnlo-installs/mpi-disable/bin/vbfnlo
   
 -----------------------------------------------------------------
 VBFNLO, version 3.0.0 beta2 GIT a9d9ebca
 Comput. Phys. Commun. 180 (2009) 1661[arXiv:0811.4559 [hep-ph]]
 arXiV:1107.4038, arXiV:1207.4975, arXiv:1404.3940
 http://www.itp.kit.edu/vbfnlo
 -----------------------------------------------------------------
 Process-specific references (please cite as well if appropriate):
 G. Bozzi, F. Campanario, M. Rauch, D. Zeppenfeld
 Phys.Rev. D83 (2011) 114035, e-Print: arXiv:1103.4613 [hep-ph]
 
 -----------------------------------------------------------------
   
   
  
        Information on global parameters
 -----------------------------------------------
   PROCESS               =      510
   LOPROCESS_PLUS_JET    =        F
   KK_MOD                =        F
   ANOM_CPL              =        F
   LEPTONS               =   -12   11
   LO_ITERATIONS         =        6
   NLO_ITERATIONS        =        6
   LO_POINTS             =       26
   NLO_POINTS            =       26
   NLO_SWITCH            =        T
   EWCOR_SWITCH          =        F
   FERMIONLOOP           =        3
   LHA_SWITCH            =        F
   HEPMC_SWITCH          =        F
   LO_GRID               = grid2_1                                           
                           grid2_2                                           
                           grid2_3                                           
                           grid2_4                                           
   NLO_GRID              = grid3_1                                           
                           grid3_2                                           
                           grid3_3                                           
                           grid3_4                                           
   PHTN_GRID             = grid4_1                                           
                           grid4_2                                           
                           grid4_3                                           
                           grid4_4                                           
   FLOOP_GRID            = grid5_1                                           
                           grid5_2                                           
                           grid5_3                                           
                           grid5_4                                           
   ECM                   =  14000.0    
   BEAM1                 =        1
   BEAM2                 =        1
   ID_MUF                =        4
   ID_MUR                =        4
   MUF_USER              =  100.000    
   MUR_USER              =  100.000    
   XIF                   =  1.00000    
   XIR                   =  1.00000    
 Warning: cannot read value for key = SHOWTIMING. Using default value :  T
 
       information on the selected process 
 -----------------------------------------------
 
  pp -> W- A A -> l- vl~ A A
 
 W- photon photon production with subsequent decay of the W boson to leptons.
 Process is implemented at LO and NLO QCD.
 Anomalous couplings can be set in "anomV.dat".
 References: G. Bozzi, F. Campanario, M. Rauch, D. Zeppenfeld
 Phys.Rev. D83 (2011) 114035, e-Print: arXiv:1103.4613 [hep-ph]
 
 Initializing PDF set CT10
  
               Physics parameters
 -----------------------------------------------
   HTYPE                 =        0
   MODEL                 =        1
   ANOM_CPL              =        F
   KK_MOD                =        F
   SPIN2                 =        F
   HMASS                 =  120.000    
   HWIDTH                = -999.000    
   TOPMASS               =  172.400    
   BOTTOMMASS            =  4.85500    
   CHARMMASS             =  1.65000    
   TAU_MASS              =  1.77684    
   EWSCHEME              =        3
   FERMI_CONST           = 0.116637E-04
   WMASS                 =  80.3980    
   ZMASS                 =  91.1876    
   
 Running in the SM
   
 Higgs mass =   120.00000000000000     
   
   
  
 Information on scale setting in InitScales 
 -------------------------------------------
  
 Dynamical factorization scale chosen:
       invariant VVV mass 
 Dynamical value for alphas chosen:
 alphas = alpha(invariant VVV mass)
 Initializing PDF set cteq6l1
  
  
  
  
   Information on couplings, masses and widths
 ===============================================
  
   SM coupling parameters 
 ---------------------------
   G_Fermi                         : 0.000011663700
   SIN**2 of the weak mixing angle : 0.22264585
   Q.E.D. fine structure constant  : 1/132.34070    
   SU(2) coupling constant g       : 0.65305673
   U(1) coupling constant g'       : 0.34950127
   Q.C.D. LO alfas(MZ)             : 0.12980813
   Q.C.D. NLO alfas(MZ)            : 0.11798159
  
      particle masses
 ---------------------------
   mass of the Z0 boson            :   91.1876
   mass of the W+/- boson          :   80.3980
   mass of the Higgs boson         :  120.0000
   mass of the top quark           :  172.4000
   mass of the bottom quark at MH  :    2.8132
  (All other fermions have mass equal ZERO)
  
      particle widths
 ---------------------------
   total widths of Z0              :   2.508420 GeV
   total widths of W+ or W-        :   2.097673 GeV
   total widths of Higgs           :   0.003578 GeV
   total widths of top quark       :   1.339784 GeV
  
     branching ratios
 ---------------------------
   W -> lepton anti-lepton         : 10.8397227 %
   W -> massless quark anti-quark  : 33.7404159 %
   W -> top bottom                 :  0.0000000 %
  
   Z -> neutrino anti-neutrino     :  6.6129820 %
   Z -> charged lepton anti-lepton :  3.3460763 %
   Z -> up-type quark anti-quark   : 11.9908090 %
   Z -> down-type quark anti-quark : 15.3804024 %
   Z -> top anti-top               :  0.0000000 %
  
   H -> WW                         : 13.4257085 %
   H -> ZZ                         :  1.5167593 %
   H -> bottom anti-bottom         : 65.5969832 %
   H -> top anti-top               :  0.0000000 %
   H -> charm anti-charm           :  3.8970452 %
   H -> tau anti-tau               :  6.9405324 %
   H -> mu anti-mu                 :  0.0245739 %
   H -> gluon gluon                :  8.2279367 %
   H -> gamma gamma                :  0.2323288 %
   H -> Z gamma                    :  0.1381319 %
  
 Warning: cannot read value for key = MLL_OSONLY. Using default value :  T
 Warning: cannot read value for key = PTMISS_MIN. Using default value :    0.0000000000000000     
 
          information on cut parameters
 -----------------------------------------------
 
 minimum jet pt        (PT_JET_MIN):     30.00   
 maximum jet rapidity                 (Y_JET_MAX):    4.5000000000000000     
 maximum parton pseudorapidity          (Y_P_MAX):    5.0000000000000000     
 minimum jet-jet R-separation           (RJJ_MIN):   0.80000000000000004     
 minimum number of jets                (NJET_MIN):            0
 single jet from hadronic decay (SINGLE_DECAYJET):            0
 exponent of generalised kT algorithm (PGENKTJET):    1.0000000000000000     
 minimum lepton-lepton R-separation     (RLL_MIN):    0.0000000000000000     
 maximum lepton-lepton R-separation     (RLL_MAX):    50.000000000000000     
 minimum jet-lepton R-separation        (RJL_MIN):   0.40000000000000002     
 minimum jet-photon R-separation        (RJG_MIN):   0.69999999999999996     
 minimum lepton-photon R-separation     (RLG_MIN):   0.40000000000000002     
 minimum photon-photon R-separation     (RGG_MIN):   0.40000000000000002     
 maximum photon-photon R-separation     (RGG_MAX):    50.000000000000000     
 maximum lepton rapidity                (Y_L_MAX):    2.5000000000000000     
 minimum lepton pt       (PT_L_MIN):     20.00   
 minimum invariant dilepton mass        (MLL_MIN):    15.000000000000000     
 maximum invariant dilepton mass        (MLL_MAX):    14000.000000000000     
 m_ll cuts only on opposite-sign l   (MLL_OSONLY):  T
 maximum photon rapidity                (Y_G_MAX):    2.5000000000000000     
 minimum photon pt       (PT_G_MIN):     20.00    20.00   
 photon isolation cut                 (PHISOLCUT):   0.69999999999999996     
 efficiency of photon isolation cut   (EFISOLCUT):    1.0000000000000000     
 minimum invariant lepton-photon mass   (MLG_MIN):    0.0000000000000000     
 maximum invariant lepton-photon mass   (MLG_MAX):    1.0000000000000000E+020
 minimal missing transverse momentum (PTMISS_MIN):    0.0000000000000000     
 minimum jet rapidity separation      (ETAJJ_MIN):    0.0000000000000000     
 tagging jets in opposite hemispheres     (YSIGN):    F
 leptons fall inside rapidity gap     (LRAPIDGAP):    F
 min leptons y-dist from tagging jets   (DELY_JL):    0.0000000000000000     
 photons fall inside rapidity gap     (GRAPIDGAP):    T
 min photons y-dist from tagging jets   (DELY_JG):    0.0000000000000000     
 dijet min mass cut on tag jets        (MDIJ_MIN):    600.00000000000000     
 dijet max mass cut on tag jets        (MDIJ_MAX):    14000.000000000000     
 veto criteria for jets                   (JVETO):    F
 minimum veto-tag y-dist             (DELY_JVETO):    0.0000000000000000     
 maximum |y| for veto jet             (YMAX_VETO):    3.0000000000000000     
 minimum pT for veto jet             (PTMIN_VETO):    50.000000000000000     
 

 --------------------PHASE SPACE--------------------

 boson has mass    80.40 GeV and width     2.0977 GeV
 integration range for boson   4 =      0.032  to     9899.495 GeV
 boson has mass     0.00 GeV and width     0.0000 GeV
 integration range for boson   1 =      0.032  to     9899.495 GeV
 boson has mass     0.00 GeV and width     0.0000 GeV
 integration range for boson   1 =      0.032  to     9899.495 GeV

 machine energy =    14000.0  GeV

 ---------------------------------------------------

  Open error on file random.dat
  Using default values.
  Random number generator initialized with seed =            0
 
          information on histogram config
 -----------------------------------------------
 
  Open error on file histograms.dat
  Using default values.
 SMEARING           =      F
 CALC_ERROR_GNUPLOT =      F
 CALC_ERROR_ROOT    =      F
 CALC_ERROR_1D      =      T
 CALC_ERROR_2D      =      F
 
HIST_ID1      =      0.00    250.00  # dS/dpT_j (fb/GeV)
HIST_ID2      =      0.00    500.00  # dS/dpTmax_j (fb/GeV)
HIST_ID3      =      0.00    200.00  # dS/dpTmin_j (fb/GeV)
HIST_ID4      =     -5.00      5.00  # dS/dy_j (fb)
HIST_ID5      =     -5.00      5.00  # dS/dy_j1 (fb)
HIST_ID6      =     -5.00      5.00  # dS/dy_j2 (fb)
HIST_ID7      =      0.00    500.00  # dS/dpTmax_l (fb/GeV)
HIST_ID8      =      0.00    200.00  # dS/dpTmin_l (fb/GeV)
HIST_ID9      =      0.00      5.00  # dS/d|eta|max_l (fb)
HIST_ID10     =      0.00      5.00  # dS/d|eta|min_l (fb)
HIST_ID11     =   -180.00    180.00  # dS/dPhi_jj (fb)
2DHIST_ID1    =      0.00      6.00      0.00    800.00  # d2S/dy_jj dm_jj (fb/GeV)
 
 -----------------------------------------------
 
 
 
Starttime: 2016-11-30T11:43:28+0100
  
 PHASE SPACE           1
  

 MONACO input parameters:
 ndim =  9,  ncall =       4M,   rtype = 0
 nprn =  0,  acc = -1.0E+0,  alph = 8.75E-1,  nd = 48,  mds =  0

 MONACO:  continuing with uniform grid
  
 AAW- amplitude square information:
 -----------------------------------------------
  
  precalculated tensors initialized to  (  0.0000000000000000     ,  0.0000000000000000     )
  External b-quark contributions are excluded

 iteration  1:
 integral =  1.067936E+00,  sigma = 2.222E-02
 efficacy = 4.278E-05,  raw efficacy = 4.278E-05
 f_positive = 4.461E-2,  f_zero = 9.554E-1,  f_negative = 0.000E+0
 accumulated statistics:
 integral =  1.067936E+00,  sigma = 2.222E-02,  chi^2/iteration = 4.547E-13

 MONACO:  grid written to file grid2_1.out.1

 MONACO input parameters:
 ndim =  9,  ncall =       8M,   rtype = 0
 nprn =  0,  acc = -1.0E+0,  alph = 8.75E-1,  nd = 48,  mds =  0

 iteration  2:
 integral =  1.156193E+00,  sigma = 5.042E-03
 efficacy = 5.700E-05,  raw efficacy = 2.182E-06
 f_positive = 2.490E-1,  f_zero = 7.510E-1,  f_negative = 0.000E+0
 accumulated statistics:
 integral =  1.151871E+00,  sigma = 4.917E-03,  chi^2/iteration = 1.501E+07

 MONACO:  grid written to file grid2_1.out.2

 MONACO input parameters:
 ndim =  9,  ncall =      16M,   rtype = 0
 nprn =  0,  acc = -1.0E+0,  alph = 8.75E-1,  nd = 48,  mds =  0

 iteration  3:
 integral =  1.151441E+00,  sigma = 1.727E-03
 efficacy = 2.817E-04,  raw efficacy = 9.255E-07
 f_positive = 3.872E-1,  f_zero = 6.128E-1,  f_negative = 0.000E+0
 accumulated statistics:
 integral =  1.151488E+00,  sigma = 1.630E-03,  chi^2/iteration = 1.501E+01

 MONACO:  grid written to file grid2_1.out.3

 MONACO input parameters:
 ndim =  9,  ncall =      32M,   rtype = 0
 nprn =  0,  acc = -1.0E+0,  alph = 8.75E-1,  nd = 48,  mds =  0

 iteration  4:
 integral =  1.151367E+00,  sigma = 9.656E-04
 efficacy = 3.833E-04,  raw efficacy = 5.309E-07
 f_positive = 4.605E-1,  f_zero = 5.395E-1,  f_negative = 0.000E+0
 accumulated statistics:
 integral =  1.151398E+00,  sigma = 8.307E-04,  chi^2/iteration = 7.508E+00

 MONACO:  grid written to file grid2_1.out.4

 MONACO input parameters:
 ndim =  9,  ncall =      64M,   rtype = 0
 nprn =  0,  acc = -1.0E+0,  alph = 8.75E-1,  nd = 48,  mds =  0

 iteration  5:
 integral =  1.152228E+00,  sigma = 6.313E-04
 efficacy = 2.712E-04,  raw efficacy = 5.545E-07
 f_positive = 4.873E-1,  f_zero = 5.127E-1,  f_negative = 0.000E+0
 accumulated statistics:
 integral =  1.151924E+00,  sigma = 5.027E-04,  chi^2/iteration = 5.216E+00

 MONACO:  grid written to file grid2_1.out.5

 MONACO input parameters:
 ndim =  9,  ncall =     128M,   rtype = 0
 nprn =  0,  acc = -1.0E+0,  alph = 8.75E-1,  nd = 48,  mds =  0

 iteration  6:
 integral =  1.151875E+00,  sigma = 4.429E-04
 efficacy = 1.631E-04,  raw efficacy = 2.685E-07
 f_positive = 4.990E-1,  f_zero = 5.010E-1,  f_negative = 0.000E+0
 accumulated statistics:
 integral =  1.151897E+00,  sigma = 3.323E-04,  chi^2/iteration = 3.914E+00

 MONACO:  grid written to file grid2_1.out.6
 
  result (LO):    1.1518966188862005       +-    3.3232457879808259E-004  fb     2.8850208720936788E-002 %
 
  
 PHASE SPACE           2
  

 MONACO input parameters:
 ndim =  9,  ncall =       2M,   rtype = 0
 nprn =  0,  acc = -1.0E+0,  alph = 8.75E-1,  nd = 48,  mds =  0

 MONACO:  continuing with uniform grid

 iteration  1:
 integral =  3.842202E-01,  sigma = 1.678E-02
 efficacy = 1.909E-05,  raw efficacy = 1.909E-05
 f_positive = 1.529E-2,  f_zero = 9.847E-1,  f_negative = 0.000E+0
 accumulated statistics:
 integral =  3.842202E-01,  sigma = 1.678E-02,  chi^2/iteration = 0.000E+00

 MONACO:  grid written to file grid2_2.out.1

 MONACO input parameters:
 ndim =  9,  ncall =       4M,   rtype = 0
 nprn =  0,  acc = -1.0E+0,  alph = 8.75E-1,  nd = 48,  mds =  0

 iteration  2:
 integral =  3.956005E-01,  sigma = 2.508E-03
 efficacy = 1.049E-04,  raw efficacy = 1.190E-05
 f_positive = 9.219E-2,  f_zero = 9.078E-1,  f_negative = 0.000E+0
 accumulated statistics:
 integral =  3.953517E-01,  sigma = 2.481E-03,  chi^2/iteration = 4.499E+05

 MONACO:  grid written to file grid2_2.out.2

 MONACO input parameters:
 ndim =  9,  ncall =       8M,   rtype = 0
 nprn =  0,  acc = -1.0E+0,  alph = 8.75E-1,  nd = 48,  mds =  0

 iteration  3:
 integral =  3.969444E-01,  sigma = 1.090E-03
 efficacy = 3.136E-04,  raw efficacy = 9.769E-06
 f_positive = 1.279E-1,  f_zero = 8.721E-1,  f_negative = 0.000E+0
 accumulated statistics:
 integral =  3.966866E-01,  sigma = 9.982E-04,  chi^2/iteration = 7.954E-01

 MONACO:  grid written to file grid2_2.out.3

 MONACO input parameters:
 ndim =  9,  ncall =      16M,   rtype = 0
 nprn =  0,  acc = -1.0E+0,  alph = 8.75E-1,  nd = 48,  mds =  0

 iteration  4:
 integral =  3.968531E-01,  sigma = 6.803E-04
 efficacy = 1.607E-04,  raw efficacy = 7.491E-06
 f_positive = 1.380E-1,  f_zero = 8.620E-1,  f_negative = 0.000E+0
 accumulated statistics:
 integral =  3.968003E-01,  sigma = 5.621E-04,  chi^2/iteration = 4.072E-01

 MONACO:  grid written to file grid2_2.out.4

 MONACO input parameters:
 ndim =  9,  ncall =      32M,   rtype = 0
 nprn =  0,  acc = -1.0E+0,  alph = 8.75E-1,  nd = 48,  mds =  0

 iteration  5:
 integral =  3.976095E-01,  sigma = 4.604E-04
 efficacy = 1.401E-04,  raw efficacy = 7.367E-06
 f_positive = 1.374E-1,  f_zero = 8.626E-1,  f_negative = 0.000E+0
 accumulated statistics:
 integral =  3.972847E-01,  sigma = 3.562E-04,  chi^2/iteration = 6.849E-01

 MONACO:  grid written to file grid2_2.out.5

 MONACO input parameters:
 ndim =  9,  ncall =      64M,   rtype = 0
 nprn =  0,  acc = -1.0E+0,  alph = 8.75E-1,  nd = 48,  mds =  0

 iteration  6:
 integral =  3.970830E-01,  sigma = 3.178E-04
 efficacy = 1.622E-04,  raw efficacy = 5.979E-06
 f_positive = 1.370E-1,  f_zero = 8.630E-1,  f_negative = 0.000E+0
 accumulated statistics:
 integral =  3.971724E-01,  sigma = 2.371E-04,  chi^2/iteration = 5.583E-01

 MONACO:  grid written to file grid2_2.out.6
 
  result (LO):   0.39717240194587544       +-    2.3713300185269090E-004  fb     5.9705306987821914E-002 %
 
  
 PHASE SPACE           3
  

 MONACO input parameters:
 ndim =  9,  ncall =       2M,   rtype = 0
 nprn =  0,  acc = -1.0E+0,  alph = 8.75E-1,  nd = 48,  mds =  0

 MONACO:  continuing with uniform grid

 iteration  1:
 integral =  3.995352E-01,  sigma = 1.617E-02
 efficacy = 3.684E-05,  raw efficacy = 3.684E-05
 f_positive = 1.538E-2,  f_zero = 9.846E-1,  f_negative = 0.000E+0
 accumulated statistics:
 integral =  3.995352E-01,  sigma = 1.617E-02,  chi^2/iteration = 0.000E+00

 MONACO:  grid written to file grid2_3.out.1

 MONACO input parameters:
 ndim =  9,  ncall =       4M,   rtype = 0
 nprn =  0,  acc = -1.0E+0,  alph = 8.75E-1,  nd = 48,  mds =  0

 iteration  2:
 integral =  3.957386E-01,  sigma = 2.372E-03
 efficacy = 2.055E-04,  raw efficacy = 1.235E-05
 f_positive = 9.241E-2,  f_zero = 9.076E-1,  f_negative = 0.000E+0
 accumulated statistics:
 integral =  3.958186E-01,  sigma = 2.346E-03,  chi^2/iteration = 5.400E+04

 MONACO:  grid written to file grid2_3.out.2

 MONACO input parameters:
 ndim =  9,  ncall =       8M,   rtype = 0
 nprn =  0,  acc = -1.0E+0,  alph = 8.75E-1,  nd = 48,  mds =  0

 iteration  3:
 integral =  3.973031E-01,  sigma = 1.155E-03
 efficacy = 1.822E-04,  raw efficacy = 9.270E-06
 f_positive = 1.274E-1,  f_zero = 8.726E-1,  f_negative = 0.000E+0
 accumulated statistics:
 integral =  3.970138E-01,  sigma = 1.036E-03,  chi^2/iteration = 3.762E-01

 MONACO:  grid written to file grid2_3.out.3

 MONACO input parameters:
 ndim =  9,  ncall =      16M,   rtype = 0
 nprn =  0,  acc = -1.0E+0,  alph = 8.75E-1,  nd = 48,  mds =  0

 iteration  4:
 integral =  3.964826E-01,  sigma = 6.517E-04
 efficacy = 5.345E-04,  raw efficacy = 7.899E-06
 f_positive = 1.362E-1,  f_zero = 8.638E-1,  f_negative = 0.000E+0
 accumulated statistics:
 integral =  3.966332E-01,  sigma = 5.516E-04,  chi^2/iteration = 2.823E-01

 MONACO:  grid written to file grid2_3.out.4

 MONACO input parameters:
 ndim =  9,  ncall =      32M,   rtype = 0
 nprn =  0,  acc = -1.0E+0,  alph = 8.75E-1,  nd = 48,  mds =  0

 iteration  5:
 integral =  3.973197E-01,  sigma = 4.456E-04
 efficacy = 1.676E-04,  raw efficacy = 7.048E-06
 f_positive = 1.392E-1,  f_zero = 8.608E-1,  f_negative = 0.000E+0
 accumulated statistics:
 integral =  3.970486E-01,  sigma = 3.466E-04,  chi^2/iteration = 5.006E-01

 MONACO:  grid written to file grid2_3.out.5

 MONACO input parameters:
 ndim =  9,  ncall =      64M,   rtype = 0
 nprn =  0,  acc = -1.0E+0,  alph = 8.75E-1,  nd = 48,  mds =  0

 iteration  6:
 integral =  3.968171E-01,  sigma = 3.131E-04
 efficacy = 2.014E-04,  raw efficacy = 6.043E-06
 f_positive = 1.402E-1,  f_zero = 8.598E-1,  f_negative = 0.000E+0
 accumulated statistics:
 integral =  3.969211E-01,  sigma = 2.323E-04,  chi^2/iteration = 4.369E-01

 MONACO:  grid written to file grid2_3.out.6
 
  result (LO):   0.39692113656244404       +-    2.3234471841505756E-004  fb     5.8536746223013206E-002 %
 
  
 PHASE SPACE           4
  

 MONACO input parameters:
 ndim =  9,  ncall =       2M,   rtype = 0
 nprn =  0,  acc = -1.0E+0,  alph = 8.75E-1,  nd = 48,  mds =  0

 MONACO:  continuing with uniform grid

 iteration  1:
 integral =  7.246735E-04,  sigma = 6.759E-05
 efficacy = 8.860E-06,  raw efficacy = 8.860E-06
 f_positive = 6.585E-4,  f_zero = 9.993E-1,  f_negative = 0.000E+0
 accumulated statistics:
 integral =  7.246735E-04,  sigma = 6.759E-05,  chi^2/iteration = 0.000E+00

 MONACO:  grid written to file grid2_4.out.1

 MONACO input parameters:
 ndim =  9,  ncall =       4M,   rtype = 0
 nprn =  0,  acc = -1.0E+0,  alph = 8.75E-1,  nd = 48,  mds =  0

 iteration  2:
 integral =  7.546210E-04,  sigma = 1.754E-05
 efficacy = 1.830E-05,  raw efficacy = 2.356E-07
 f_positive = 1.183E-2,  f_zero = 9.882E-1,  f_negative = 0.000E+0
 accumulated statistics:
 integral =  7.527316E-04,  sigma = 1.698E-05,  chi^2/iteration = 1.840E+05

 MONACO:  grid written to file grid2_4.out.2

 MONACO input parameters:
 ndim =  9,  ncall =       8M,   rtype = 0
 nprn =  0,  acc = -1.0E+0,  alph = 8.75E-1,  nd = 48,  mds =  0

 iteration  3:
 integral =  7.675276E-04,  sigma = 5.080E-06
 efficacy = 6.493E-05,  raw efficacy = 1.595E-07
 f_positive = 2.055E-2,  f_zero = 9.794E-1,  f_negative = 0.000E+0
 accumulated statistics:
 integral =  7.663115E-04,  sigma = 4.867E-06,  chi^2/iteration = 8.812E-01

 MONACO:  grid written to file grid2_4.out.3

 MONACO input parameters:
 ndim =  9,  ncall =      16M,   rtype = 0
 nprn =  0,  acc = -1.0E+0,  alph = 8.75E-1,  nd = 48,  mds =  0

 iteration  4:
 integral =  7.702729E-04,  sigma = 2.720E-06
 efficacy = 1.570E-04,  raw efficacy = 2.189E-07
 f_positive = 2.981E-2,  f_zero = 9.702E-1,  f_negative = 0.000E+0
 accumulated statistics:
 integral =  7.693302E-04,  sigma = 2.374E-06,  chi^2/iteration = 6.930E-01

 MONACO:  grid written to file grid2_4.out.4

 MONACO input parameters:
 ndim =  9,  ncall =      32M,   rtype = 0
 nprn =  0,  acc = -1.0E+0,  alph = 8.75E-1,  nd = 48,  mds =  0

 iteration  5:
 integral =  7.637392E-04,  sigma = 1.681E-06
 efficacy = 9.688E-05,  raw efficacy = 1.787E-07
 f_positive = 3.734E-2,  f_zero = 9.627E-1,  f_negative = 0.000E+0
 accumulated statistics:
 integral =  7.656060E-04,  sigma = 1.372E-06,  chi^2/iteration = 1.693E+00

 MONACO:  grid written to file grid2_4.out.5

 MONACO input parameters:
 ndim =  9,  ncall =      64M,   rtype = 0
 nprn =  0,  acc = -1.0E+0,  alph = 8.75E-1,  nd = 48,  mds =  0

 iteration  6:
 integral =  7.673210E-04,  sigma = 1.174E-06
 efficacy = 9.090E-05,  raw efficacy = 1.172E-07
 f_positive = 4.328E-2,  f_zero = 9.567E-1,  f_negative = 0.000E+0
 accumulated statistics:
 integral =  7.665958E-04,  sigma = 8.921E-07,  chi^2/iteration = 1.496E+00

 MONACO:  grid written to file grid2_4.out.6
 
  result (LO):    7.6659576955646794E-004  +-    8.9207766186997173E-007  fb    0.11636871703402489      %
 
 
  Total (multi-channel) result (LO):    1.9467567531640764       +-    4.6974093947506698E-004  fb     2.4129411068516599E-002 %
  
   
 Initialising FF ..
   
 ====================================================
   FF 2.0, a package to evaluate one-loop integrals
 written by G. J. van Oldenborgh, NIKHEF-H, Amsterdam
 ====================================================
 for the algorithms used see preprint NIKHEF-H 89/17,
 'New Algorithms for One-loop Integrals', by G.J. van
 Oldenborgh and J.A.M. Vermaseren, published in 
 Zeitschrift fuer Physik C46(1990)425.
 ====================================================
 Initializing PDF set CT10
  
 PHASE SPACE            1
  

 MONACO input parameters:
 ndim =  9,  ncall =     128M,   rtype = 0
 nprn =  0,  acc = -1.0E+0,  alph = 8.75E-1,  nd = 48,  mds =  0

 MONACO:  grid read from file grid2_1.out.6                                                                                                                                                                                                                                             

 iteration  1:
 integral =  1.477400E+00,  sigma = 5.557E-04
 efficacy = 4.002E-04,  raw efficacy = 4.534E-07
 f_positive = 5.060E-1,  f_zero = 4.940E-1,  f_negative = 0.000E+0
 accumulated statistics:
 integral =  1.477400E+00,  sigma = 5.557E-04,  chi^2/iteration = 1.863E-09

 MONACO:  grid written to file grid2_1.vout.1
  
  result for virtual contribution, no.            1
  sigma =    1.4773996638795235       +-    5.5570106354805009E-004  fb  
  
 total result for virtual contns so far 
  sigma =    1.4773996638795235       +-    5.5570106354805009E-004  fb
  

 MONACO input parameters:
 ndim =  9,  ncall =      32M,   rtype = 0
 nprn =  0,  acc = -1.0E+0,  alph = 8.75E-1,  nd = 48,  mds =  0

 MONACO:  grid read from file grid2_1.out.6                                                                                                                                                                                                                                             

 iteration  1:
 integral =  6.011540E-02,  sigma = 6.920E-05
 efficacy = 1.845E-04,  raw efficacy = 2.897E-07
 f_positive = 3.348E-1,  f_zero = 4.940E-1,  f_negative = 1.712E-1
 accumulated statistics:
 integral =  6.011540E-02,  sigma = 6.920E-05,  chi^2/iteration = 0.000E+00

 MONACO:  grid written to file grid2_1.vout.2
  
  result for virtual contribution, no.            2
  sigma =    6.0115396913355060E-002  +-    6.9201712271101871E-005  fb  
  Box instabilites           0
           total calls           0
           instabilities [%]   0.0000000000000000     
  
 total result for virtual contns so far 
  sigma =    1.5375150607928785       +-    5.5999334729056052E-004  fb
  

 MONACO input parameters:
 ndim =  9,  ncall =       8M,   rtype = 0
 nprn =  0,  acc = -1.0E+0,  alph = 8.75E-1,  nd = 48,  mds =  0

 MONACO:  grid read from file grid2_1.out.6                                                                                                                                                                                                                                             

 iteration  1:
 integral =  7.104949E-02,  sigma = 2.400E-04
 efficacy = 2.155E-04,  raw efficacy = 4.011E-06
 f_positive = 2.800E-1,  f_zero = 4.938E-1,  f_negative = 2.262E-1
 accumulated statistics:
 integral =  7.104949E-02,  sigma = 2.400E-04,  chi^2/iteration = 0.000E+00

 MONACO:  grid written to file grid2_1.vout.3
  
  result for virtual contribution, no.            3
  sigma =    7.1049486081843680E-002  +-    2.4004619088018180E-004  fb  
  Pentagon instabilites         292
           total calls     8492412
           instabilities [%]   3.4383635650272267E-003
  
 total result for virtual contns so far 
  sigma =    1.6085645468747221       +-    6.0927393081090472E-004  fb
  
  
 PHASE SPACE            2
  

 MONACO input parameters:
 ndim =  9,  ncall =      16M,   rtype = 0
 nprn =  0,  acc = -1.0E+0,  alph = 8.75E-1,  nd = 48,  mds =  0

 MONACO:  grid read from file grid2_2.out.6                                                                                                                                                                                                                                             

 iteration  1:
 integral =  5.108009E-01,  sigma = 8.133E-04
 efficacy = 2.260E-04,  raw efficacy = 6.962E-06
 f_positive = 1.373E-1,  f_zero = 8.627E-1,  f_negative = 0.000E+0
 accumulated statistics:
 integral =  5.108009E-01,  sigma = 8.133E-04,  chi^2/iteration = 0.000E+00

 MONACO:  grid written to file grid2_2.vout.1
  
  result for virtual contribution, no.            1
  sigma =   0.51080089804452133       +-    8.1325361003592867E-004  fb  
  
 total result for virtual contns so far 
  sigma =   0.51080089804452133       +-    8.1325361003592867E-004  fb
  

 MONACO input parameters:
 ndim =  9,  ncall =       4M,   rtype = 0
 nprn =  0,  acc = -1.0E+0,  alph = 8.75E-1,  nd = 48,  mds =  0

 MONACO:  grid read from file grid2_2.out.6                                                                                                                                                                                                                                             

 iteration  1:
 integral =  2.379191E-02,  sigma = 1.209E-04
 efficacy = 1.702E-04,  raw efficacy = 6.375E-06
 f_positive = 1.128E-1,  f_zero = 8.625E-1,  f_negative = 2.475E-2
 accumulated statistics:
 integral =  2.379191E-02,  sigma = 1.209E-04,  chi^2/iteration = 0.000E+00

 MONACO:  grid written to file grid2_2.vout.2
  
  result for virtual contribution, no.            2
  sigma =    2.3791910950742966E-002  +-    1.2089250087407367E-004  fb  
  Box instabilites           0
           total calls           0
           instabilities [%]   0.0000000000000000     
  
 total result for virtual contns so far 
  sigma =   0.53459280899526429       +-    8.2219002122627246E-004  fb
  

 MONACO input parameters:
 ndim =  9,  ncall =       2M,   rtype = 0
 nprn =  0,  acc = -1.0E+0,  alph = 8.75E-1,  nd = 48,  mds =  0

 MONACO:  grid read from file grid2_2.out.6                                                                                                                                                                                                                                             

 iteration  1:
 integral =  2.151238E-04,  sigma = 2.328E-05
 efficacy = 7.450E-06,  raw efficacy = 1.029E-06
 f_positive = 7.094E-2,  f_zero = 8.626E-1,  f_negative = 6.643E-2
 accumulated statistics:
 integral =  2.151238E-04,  sigma = 2.328E-05,  chi^2/iteration = 0.000E+00

 MONACO:  grid written to file grid2_2.vout.3
  
  result for virtual contribution, no.            3
  sigma =    2.1512384467458007E-004  +-    2.3281475211174542E-005  fb  
  Pentagon instabilites           7
           total calls      576184
           instabilities [%]   1.2148896880163282E-003
  
 total result for virtual contns so far 
  sigma =   0.53480793283993888       +-    8.2251957915423929E-004  fb
  
  
 PHASE SPACE            3
  

 MONACO input parameters:
 ndim =  9,  ncall =      16M,   rtype = 0
 nprn =  0,  acc = -1.0E+0,  alph = 8.75E-1,  nd = 48,  mds =  0

 MONACO:  grid read from file grid2_3.out.6                                                                                                                                                                                                                                             

 iteration  1:
 integral =  5.120264E-01,  sigma = 7.917E-04
 efficacy = 3.081E-04,  raw efficacy = 6.450E-06
 f_positive = 1.404E-1,  f_zero = 8.596E-1,  f_negative = 0.000E+0
 accumulated statistics:
 integral =  5.120264E-01,  sigma = 7.917E-04,  chi^2/iteration = 5.821E-11

 MONACO:  grid written to file grid2_3.vout.1
  
  result for virtual contribution, no.            1
  sigma =   0.51202639722514098       +-    7.9172179712311036E-004  fb  
  
 total result for virtual contns so far 
  sigma =   0.51202639722514098       +-    7.9172179712311036E-004  fb
  

 MONACO input parameters:
 ndim =  9,  ncall =       4M,   rtype = 0
 nprn =  0,  acc = -1.0E+0,  alph = 8.75E-1,  nd = 48,  mds =  0

 MONACO:  grid read from file grid2_3.out.6                                                                                                                                                                                                                                             

 iteration  1:
 integral =  2.366253E-02,  sigma = 1.129E-04
 efficacy = 3.490E-04,  raw efficacy = 4.610E-06
 f_positive = 1.151E-1,  f_zero = 8.593E-1,  f_negative = 2.557E-2
 accumulated statistics:
 integral =  2.366253E-02,  sigma = 1.129E-04,  chi^2/iteration = 7.276E-12

 MONACO:  grid written to file grid2_3.vout.2
  
  result for virtual contribution, no.            2
  sigma =    2.3662527116728567E-002  +-    1.1286321633495919E-004  fb  
  Box instabilites           0
           total calls           0
           instabilities [%]   0.0000000000000000     
  
 total result for virtual contns so far 
  sigma =   0.53568892434186954       +-    7.9972589656789246E-004  fb
  

 MONACO input parameters:
 ndim =  9,  ncall =       2M,   rtype = 0
 nprn =  0,  acc = -1.0E+0,  alph = 8.75E-1,  nd = 48,  mds =  0

 MONACO:  grid read from file grid2_3.out.6                                                                                                                                                                                                                                             

 iteration  1:
 integral =  2.150596E-04,  sigma = 1.706E-05
 efficacy = 2.531E-05,  raw efficacy = 1.053E-06
 f_positive = 7.260E-2,  f_zero = 8.592E-1,  f_negative = 6.815E-2
 accumulated statistics:
 integral =  2.150596E-04,  sigma = 1.706E-05,  chi^2/iteration = 0.000E+00

 MONACO:  grid written to file grid2_3.vout.3
  
  result for virtual contribution, no.            3
  sigma =    2.1505956630626472E-004  +-    1.7061439642541669E-005  fb  
  Pentagon instabilites           7
           total calls      590370
           instabilities [%]   1.1856971052052103E-003
  
 total result for virtual contns so far 
  sigma =   0.53590398390817584       +-    7.9990787117267164E-004  fb
  
  
 PHASE SPACE            4
  

 MONACO input parameters:
 ndim =  9,  ncall =       4M,   rtype = 0
 nprn =  0,  acc = -1.0E+0,  alph = 8.75E-1,  nd = 48,  mds =  0

 MONACO:  grid read from file grid2_4.out.6                                                                                                                                                                                                                                             

 iteration  1:
 integral =  9.724902E-04,  sigma = 5.728E-06
 efficacy = 2.425E-04,  raw efficacy = 2.708E-07
 f_positive = 4.691E-2,  f_zero = 9.531E-1,  f_negative = 0.000E+0
 accumulated statistics:
 integral =  9.724902E-04,  sigma = 5.728E-06,  chi^2/iteration = 7.276E-12

 MONACO:  grid written to file grid2_4.vout.1
  
  result for virtual contribution, no.            1
  sigma =    9.7249016087194468E-004  +-    5.7279105731573329E-006  fb  
  
 total result for virtual contns so far 
  sigma =    9.7249016087194468E-004  +-    5.7279105731573329E-006  fb
  

 MONACO input parameters:
 ndim =  9,  ncall =       2M,   rtype = 0
 nprn =  0,  acc = -1.0E+0,  alph = 8.75E-1,  nd = 48,  mds =  0

 MONACO:  grid read from file grid2_4.out.6                                                                                                                                                                                                                                             

 iteration  1:
 integral =  2.116380E-06,  sigma = 2.244E-07
 efficacy = 5.756E-06,  raw efficacy = 7.097E-09
 f_positive = 2.303E-2,  f_zero = 9.532E-1,  f_negative = 2.376E-2
 accumulated statistics:
 integral =  2.116380E-06,  sigma = 2.244E-07,  chi^2/iteration = 1.421E-14

 MONACO:  grid written to file grid2_4.vout.2
  
  result for virtual contribution, no.            2
  sigma =    2.1163797972801566E-006  +-    2.2442412593062157E-007  fb  
  Box instabilites           0
           total calls           0
           instabilities [%]   0.0000000000000000     
  
 total result for virtual contns so far 
  sigma =    9.7460654066922482E-004  +-    5.7323054456638378E-006  fb
  

 MONACO input parameters:
 ndim =  9,  ncall =     512k,   rtype = 0
 nprn =  0,  acc = -1.0E+0,  alph = 8.75E-1,  nd = 48,  mds =  0

 MONACO:  grid read from file grid2_4.out.6                                                                                                                                                                                                                                             

 iteration  1:
 integral = -2.657467E-07,  sigma = 1.439E-07
 efficacy = 6.605E-06,  raw efficacy = 9.906E-09
 f_positive = 2.168E-2,  f_zero = 9.535E-1,  f_negative = 2.484E-2
 accumulated statistics:
 integral = -2.657467E-07,  sigma = 1.439E-07,  chi^2/iteration = 4.441E-16

 MONACO:  grid written to file grid2_4.vout.3
  
  result for virtual contribution, no.            3
  sigma =   -2.6574671498999363E-007  +-    1.4386914405016912E-007  fb  
  Pentagon instabilites           0
           total calls       48780
           instabilities [%]   0.0000000000000000     
  
 total result for virtual contns so far 
  sigma =    9.7434079395423479E-004  +-    5.7341105720937247E-006  fb
  
 
  Total (multi-channel) result (NLO virtual):    2.6802508044167910       +-    1.2990914760885341E-003  fb     4.8469026627946853E-002 %
 
   
 Summary for FF ..
   
 
total number of errors and warnings
===================================
vbffferr: no errors
the warning system has been disabled
 
  
 PHASE SPACE            1
  

 MONACO input parameters:
 ndim = 12,  ncall =     128M,   rtype = 0
 nprn =  0,  acc = -1.0E+0,  alph = 8.75E-1,  nd = 48,  mds =  0

 MONACO:  continuing with uniform grid
  
 AAW-j amplitude square information:
 -----------------------------------------------
  
  precalculated tensors initialized to  (  0.0000000000000000     ,  0.0000000000000000     )
  External b-quark contributions are excluded
  
  creal =   -6.5797362673929038       cvirtual =    5.1594725347858095     
  

 iteration  1:
 integral =  2.498704E+00,  sigma = 4.180E-02
 efficacy = 1.008E-06,  raw efficacy = 1.008E-06
 f_positive = 3.837E-2,  f_zero = 9.311E-1,  f_negative = 3.058E-2
 accumulated statistics:
 integral =  2.498704E+00,  sigma = 4.180E-02,  chi^2/iteration = 4.547E-13

 MONACO:  grid written to file grid3_1.out.1

 MONACO input parameters:
 ndim = 12,  ncall =     128M,   rtype = 0
 nprn =  0,  acc = -1.0E+0,  alph = 8.75E-1,  nd = 48,  mds =  0

 iteration  2:
 integral =  2.484342E+00,  sigma = 8.917E-03
 efficacy = 4.212E-06,  raw efficacy = 2.132E-08
 f_positive = 1.893E-1,  f_zero = 7.069E-1,  f_negative = 1.038E-1
 accumulated statistics:
 integral =  2.484967E+00,  sigma = 8.721E-03,  chi^2/iteration = 1.129E+05

 MONACO:  grid written to file grid3_1.out.2

 MONACO input parameters:
 ndim = 12,  ncall =     128M,   rtype = 0
 nprn =  0,  acc = -1.0E+0,  alph = 8.75E-1,  nd = 48,  mds =  0

 iteration  3:
 integral =  2.489594E+00,  sigma = 4.206E-03
 efficacy = 9.390E-06,  raw efficacy = 1.168E-08
 f_positive = 3.158E-1,  f_zero = 5.479E-1,  f_negative = 1.364E-1
 accumulated statistics:
 integral =  2.488721E+00,  sigma = 3.788E-03,  chi^2/iteration = 3.413E-01

 MONACO:  grid written to file grid3_1.out.3

 MONACO input parameters:
 ndim = 12,  ncall =     128M,   rtype = 0
 nprn =  0,  acc = -1.0E+0,  alph = 8.75E-1,  nd = 48,  mds =  0

 iteration  4:
 integral =  2.489516E+00,  sigma = 2.866E-03
 efficacy = 4.544E-05,  raw efficacy = 7.616E-09
 f_positive = 3.572E-1,  f_zero = 4.916E-1,  f_negative = 1.511E-1
 accumulated statistics:
 integral =  2.489227E+00,  sigma = 2.285E-03,  chi^2/iteration = 1.846E-01

 MONACO:  grid written to file grid3_1.out.4

 MONACO input parameters:
 ndim = 12,  ncall =     128M,   rtype = 0
 nprn =  0,  acc = -1.0E+0,  alph = 8.75E-1,  nd = 48,  mds =  0

 iteration  5:
 integral =  2.490117E+00,  sigma = 2.876E-03
 efficacy = 1.354E-05,  raw efficacy = 5.758E-09
 f_positive = 3.892E-1,  f_zero = 4.573E-1,  f_negative = 1.535E-1
 accumulated statistics:
 integral =  2.489571E+00,  sigma = 1.789E-03,  chi^2/iteration = 1.427E-01

 MONACO:  grid written to file grid3_1.out.5

 MONACO input parameters:
 ndim = 12,  ncall =     128M,   rtype = 0
 nprn =  0,  acc = -1.0E+0,  alph = 8.75E-1,  nd = 48,  mds =  0

 iteration  6:
 integral =  2.485908E+00,  sigma = 2.551E-03
 efficacy = 3.585E-05,  raw efficacy = 6.407E-09
 f_positive = 4.100E-1,  f_zero = 4.379E-1,  f_negative = 1.521E-1
 accumulated statistics:
 integral =  2.488363E+00,  sigma = 1.465E-03,  chi^2/iteration = 4.526E-01

 MONACO:  grid written to file grid3_1.out.6
 
  result for real emissions 
  sigma =    2.4883632990486149       +-    1.4648773084690084E-003  fb
  
  
 PHASE SPACE            2
  

 MONACO input parameters:
 ndim = 12,  ncall =      64M,   rtype = 0
 nprn =  0,  acc = -1.0E+0,  alph = 8.75E-1,  nd = 48,  mds =  0

 MONACO:  continuing with uniform grid

 iteration  1:
 integral =  7.754413E-01,  sigma = 3.894E-02
 efficacy = 5.345E-07,  raw efficacy = 5.345E-07
 f_positive = 1.460E-2,  f_zero = 9.702E-1,  f_negative = 1.520E-2
 accumulated statistics:
 integral =  7.754413E-01,  sigma = 3.894E-02,  chi^2/iteration = 0.000E+00

 MONACO:  grid written to file grid3_2.out.1

 MONACO input parameters:
 ndim = 12,  ncall =      64M,   rtype = 0
 nprn =  0,  acc = -1.0E+0,  alph = 8.75E-1,  nd = 48,  mds =  0

 iteration  2:
 integral =  7.520332E-01,  sigma = 5.862E-03
 efficacy = 7.152E-06,  raw efficacy = 8.065E-08
 f_positive = 6.780E-2,  f_zero = 8.831E-1,  f_negative = 4.913E-2
 accumulated statistics:
 integral =  7.525520E-01,  sigma = 5.797E-03,  chi^2/iteration = 3.534E+05

 MONACO:  grid written to file grid3_2.out.2

 MONACO input parameters:
 ndim = 12,  ncall =      64M,   rtype = 0
 nprn =  0,  acc = -1.0E+0,  alph = 8.75E-1,  nd = 48,  mds =  0

 iteration  3:
 integral =  7.608249E-01,  sigma = 3.188E-03
 efficacy = 1.115E-05,  raw efficacy = 1.428E-08
 f_positive = 9.253E-2,  f_zero = 8.453E-1,  f_negative = 6.218E-2
 accumulated statistics:
 integral =  7.589040E-01,  sigma = 2.793E-03,  chi^2/iteration = 1.917E+00

 MONACO:  grid written to file grid3_2.out.3

 MONACO input parameters:
 ndim = 12,  ncall =      64M,   rtype = 0
 nprn =  0,  acc = -1.0E+0,  alph = 8.75E-1,  nd = 48,  mds =  0

 iteration  4:
 integral =  7.620857E-01,  sigma = 2.259E-03
 efficacy = 1.474E-05,  raw efficacy = 9.637E-09
 f_positive = 9.801E-2,  f_zero = 8.390E-1,  f_negative = 6.298E-2
 accumulated statistics:
 integral =  7.608277E-01,  sigma = 1.756E-03,  chi^2/iteration = 1.351E+00

 MONACO:  grid written to file grid3_2.out.4

 MONACO input parameters:
 ndim = 12,  ncall =      64M,   rtype = 0
 nprn =  0,  acc = -1.0E+0,  alph = 8.75E-1,  nd = 48,  mds =  0

 iteration  5:
 integral =  7.675298E-01,  sigma = 2.098E-03
 efficacy = 1.494E-05,  raw efficacy = 3.412E-09
 f_positive = 1.013E-1,  f_zero = 8.349E-1,  f_negative = 6.379E-2
 accumulated statistics:
 integral =  7.635899E-01,  sigma = 1.347E-03,  chi^2/iteration = 2.901E+00

 MONACO:  grid written to file grid3_2.out.5

 MONACO input parameters:
 ndim = 12,  ncall =      64M,   rtype = 0
 nprn =  0,  acc = -1.0E+0,  alph = 8.75E-1,  nd = 48,  mds =  0

 iteration  6:
 integral =  7.673174E-01,  sigma = 1.974E-03
 efficacy = 2.000E-05,  raw efficacy = 4.639E-09
 f_positive = 9.485E-2,  f_zero = 8.443E-1,  f_negative = 6.086E-2
 accumulated statistics:
 integral =  7.647735E-01,  sigma = 1.113E-03,  chi^2/iteration = 2.784E+00

 MONACO:  grid written to file grid3_2.out.6
 
  result for real emissions 
  sigma =   0.76477354412540344       +-    1.1125070704987618E-003  fb
  
  
 PHASE SPACE            3
  

 MONACO input parameters:
 ndim = 12,  ncall =      64M,   rtype = 0
 nprn =  0,  acc = -1.0E+0,  alph = 8.75E-1,  nd = 48,  mds =  0

 MONACO:  continuing with uniform grid

 iteration  1:
 integral =  7.250199E-01,  sigma = 3.114E-02
 efficacy = 5.828E-07,  raw efficacy = 5.828E-07
 f_positive = 1.462E-2,  f_zero = 9.702E-1,  f_negative = 1.521E-2
 accumulated statistics:
 integral =  7.250199E-01,  sigma = 3.114E-02,  chi^2/iteration = 0.000E+00

 MONACO:  grid written to file grid3_3.out.1

 MONACO input parameters:
 ndim = 12,  ncall =      64M,   rtype = 0
 nprn =  0,  acc = -1.0E+0,  alph = 8.75E-1,  nd = 48,  mds =  0

 iteration  2:
 integral =  7.715873E-01,  sigma = 1.178E-02
 efficacy = 1.309E-06,  raw efficacy = 1.694E-08
 f_positive = 6.654E-2,  f_zero = 8.831E-1,  f_negative = 5.036E-2
 accumulated statistics:
 integral =  7.657550E-01,  sigma = 1.102E-02,  chi^2/iteration = 1.956E+06

 MONACO:  grid written to file grid3_3.out.2

 MONACO input parameters:
 ndim = 12,  ncall =      64M,   rtype = 0
 nprn =  0,  acc = -1.0E+0,  alph = 8.75E-1,  nd = 48,  mds =  0

 iteration  3:
 integral =  7.642601E-01,  sigma = 3.422E-03
 efficacy = 7.822E-06,  raw efficacy = 4.413E-09
 f_positive = 9.072E-2,  f_zero = 8.476E-1,  f_negative = 6.164E-2
 accumulated statistics:
 integral =  7.643915E-01,  sigma = 3.268E-03,  chi^2/iteration = 1.972E+00

 MONACO:  grid written to file grid3_3.out.3

 MONACO input parameters:
 ndim = 12,  ncall =      64M,   rtype = 0
 nprn =  0,  acc = -1.0E+0,  alph = 8.75E-1,  nd = 48,  mds =  0

 iteration  4:
 integral =  7.676934E-01,  sigma = 2.382E-03
 efficacy = 1.928E-05,  raw efficacy = 5.707E-09
 f_positive = 9.713E-2,  f_zero = 8.368E-1,  f_negative = 6.608E-2
 accumulated statistics:
 integral =  7.665479E-01,  sigma = 1.925E-03,  chi^2/iteration = 1.320E+00

 MONACO:  grid written to file grid3_3.out.4

 MONACO input parameters:
 ndim = 12,  ncall =      64M,   rtype = 0
 nprn =  0,  acc = -1.0E+0,  alph = 8.75E-1,  nd = 48,  mds =  0

 iteration  5:
 integral =  7.624894E-01,  sigma = 1.971E-03
 efficacy = 2.104E-05,  raw efficacy = 3.202E-09
 f_positive = 1.017E-1,  f_zero = 8.330E-1,  f_negative = 6.530E-2
 accumulated statistics:
 integral =  7.645667E-01,  sigma = 1.377E-03,  chi^2/iteration = 1.603E+00

 MONACO:  grid written to file grid3_3.out.5

 MONACO input parameters:
 ndim = 12,  ncall =      64M,   rtype = 0
 nprn =  0,  acc = -1.0E+0,  alph = 8.75E-1,  nd = 48,  mds =  0

 iteration  6:
 integral =  7.682857E-01,  sigma = 1.856E-03
 efficacy = 4.354E-05,  raw efficacy = 3.536E-09
 f_positive = 1.011E-1,  f_zero = 8.352E-1,  f_negative = 6.363E-2
 accumulated statistics:
 integral =  7.658870E-01,  sigma = 1.106E-03,  chi^2/iteration = 1.850E+00

 MONACO:  grid written to file grid3_3.out.6
 
  result for real emissions 
  sigma =   0.76588697952902951       +-    1.1059106635842582E-003  fb
  
  
 PHASE SPACE            4
  

 MONACO input parameters:
 ndim = 12,  ncall =      64M,   rtype = 0
 nprn =  0,  acc = -1.0E+0,  alph = 8.75E-1,  nd = 48,  mds =  0

 MONACO:  continuing with uniform grid

 iteration  1:
 integral =  5.569663E-02,  sigma = 2.384E-03
 efficacy = 9.861E-07,  raw efficacy = 9.861E-07
 f_positive = 3.439E-3,  f_zero = 9.958E-1,  f_negative = 7.154E-4
 accumulated statistics:
 integral =  5.569663E-02,  sigma = 2.384E-03,  chi^2/iteration = 0.000E+00

 MONACO:  grid written to file grid3_4.out.1

 MONACO input parameters:
 ndim = 12,  ncall =      64M,   rtype = 0
 nprn =  0,  acc = -1.0E+0,  alph = 8.75E-1,  nd = 48,  mds =  0

 iteration  2:
 integral =  5.397065E-02,  sigma = 3.422E-04
 efficacy = 1.569E-05,  raw efficacy = 1.830E-07
 f_positive = 1.921E-2,  f_zero = 9.794E-1,  f_negative = 1.422E-3
 accumulated statistics:
 integral =  5.400550E-02,  sigma = 3.387E-04,  chi^2/iteration = 5.136E+05

 MONACO:  grid written to file grid3_4.out.2

 MONACO input parameters:
 ndim = 12,  ncall =      64M,   rtype = 0
 nprn =  0,  acc = -1.0E+0,  alph = 8.75E-1,  nd = 48,  mds =  0

 iteration  3:
 integral =  5.335076E-02,  sigma = 2.502E-04
 efficacy = 5.125E-06,  raw efficacy = 1.964E-07
 f_positive = 3.383E-2,  f_zero = 9.648E-1,  f_negative = 1.349E-3
 accumulated statistics:
 integral =  5.358188E-02,  sigma = 2.013E-04,  chi^2/iteration = 2.931E+00

 MONACO:  grid written to file grid3_4.out.3

 MONACO input parameters:
 ndim = 12,  ncall =      64M,   rtype = 0
 nprn =  0,  acc = -1.0E+0,  alph = 8.75E-1,  nd = 48,  mds =  0

 iteration  4:
 integral =  5.343946E-02,  sigma = 1.797E-04
 efficacy = 3.648E-05,  raw efficacy = 1.716E-07
 f_positive = 3.830E-2,  f_zero = 9.597E-1,  f_negative = 2.021E-3
 accumulated statistics:
 integral =  5.350262E-02,  sigma = 1.340E-04,  chi^2/iteration = 1.605E+00

 MONACO:  grid written to file grid3_4.out.4

 MONACO input parameters:
 ndim = 12,  ncall =      64M,   rtype = 0
 nprn =  0,  acc = -1.0E+0,  alph = 8.75E-1,  nd = 48,  mds =  0

 iteration  5:
 integral =  5.319415E-02,  sigma = 1.492E-04
 efficacy = 3.341E-05,  raw efficacy = 1.167E-07
 f_positive = 4.682E-2,  f_zero = 9.515E-1,  f_negative = 1.701E-3
 accumulated statistics:
 integral =  5.336487E-02,  sigma = 9.971E-05,  chi^2/iteration = 1.858E+00

 MONACO:  grid written to file grid3_4.out.5

 MONACO input parameters:
 ndim = 12,  ncall =      64M,   rtype = 0
 nprn =  0,  acc = -1.0E+0,  alph = 8.75E-1,  nd = 48,  mds =  0

 iteration  6:
 integral =  5.340262E-02,  sigma = 1.425E-04
 efficacy = 4.425E-05,  raw efficacy = 9.631E-08
 f_positive = 5.131E-2,  f_zero = 9.472E-1,  f_negative = 1.532E-3
 accumulated statistics:
 integral =  5.337727E-02,  sigma = 8.170E-05,  chi^2/iteration = 1.405E+00

 MONACO:  grid written to file grid3_4.out.6
 
  result for real emissions 
  sigma =    5.3377273532834016E-002  +-    8.1702165589856725E-005  fb
  
 
  Total (multi-channel) result (NLO real):    4.0724010962358816       +-    2.1478480277870196E-003  fb     5.2741563933186117E-002 %
 
  
  final result at NLO 
  sigma =    6.7526519006526726       +-    2.5101573284785311E-003  fb   3.7172911700600379E-002 %
  
  Box instabilites           0
           total calls           0
           instabilities [%]   0.0000000000000000     
  FBox instabilites           0
           total calls           0
           instabilities [%]   0.0000000000000000     
  Pentagon instabilites         306
           total calls     9707746
           instabilities [%]   3.1521220270905315E-003
  Hexagon instabilites           0
           total calls           0
           instabilities [%]   0.0000000000000000     
 
 
 LO for different PHASESPACE:
   1.1518966188862005       +-    3.3232457879808259E-004  fb   2.8850208720936788E-002
  0.39717240194587544       +-    2.3713300185269090E-004  fb   5.9705306987821914E-002
  0.39692113656244404       +-    2.3234471841505756E-004  fb   5.8536746223013206E-002
   7.6659576955646794E-004  +-    8.9207766186997173E-007  fb  0.11636871703402489     
  
  
 VIRTUAL CONTRIBUTIONS for different PHASESPACE:
  borntype for different PHASESPACE:
   1.4773996638795235       +-    5.5570106354805009E-004  fb   3.7613455392891272E-002
  0.51080089804452133       +-    8.1325361003592867E-004  fb  0.15921146833321453     
  0.51202639722514098       +-    7.9172179712311036E-004  fb  0.15462519147718584     
   9.7249016087194468E-004  +-    5.7279105731573329E-006  fb  0.58899419280721876     
  boxes for different PHASESPACE:
   6.0115396913355060E-002  +-    6.9201712271101871E-005  fb  0.11511478892976955     
   2.3791910950742966E-002  +-    1.2089250087407367E-004  fb  0.50812438363761814     
   2.3662527116728567E-002  +-    1.1286321633495919E-004  fb  0.47697025671940552     
   2.1163797972801566E-006  +-    2.2442412593062157E-007  fb   10.604151779327976     
 pentagons for different PHASESPACE:
   7.1049486081843680E-002  +-    2.4004619088018180E-004  fb  0.33785774411326014     
   2.1512384467458007E-004  +-    2.3281475211174542E-005  fb   10.822359207270889     
   2.1505956630626472E-004  +-    1.7061439642541669E-005  fb   7.9333553654826039     
  -2.6574671498999363E-007  +-    1.4386914405016912E-007  fb  -54.137694253562586     
   
 TOTAL VIRTUAL CONTRIBUTIONS:
 TOTAL borntype:
   2.5011994493100578        1.2637410016551199E-003   5.0525399004214391E-002  %
 TOTAL boxes:
  0.10757195136062386        1.7928198380344964E-004  0.16666238878797066       %
 TOTAL pentagons:
   7.1479403746109532E-002   2.4177533841378428E-004  0.33824476106789519       %
  
  
  REAL EMISSION for different PHASESPACE:
   2.4883632990486149        1.4648773084690084E-003   5.8869109226497608E-002  %
  0.76477354412540344        1.1125070704987618E-003  0.14546882263965172       %
  0.76588697952902951        1.1059106635842582E-003  0.14439606536519539       %
   5.3377273532834016E-002   8.1702165589856725E-005  0.15306545310823941       %
  
  
  
 !!!!!!!!!!!!!!!!!!!!!!!!!!!!!!!!!!!!!!!!!!!!!!!!!!!!!!!!!!!!!!!!!!!!!!!!!!!!!!!!!!!!!!!!!!!!!!!!!!!!!!!!
   
  PROCESS:          510   :   p p -->  W- A A -->  e- ve~ A A
   
  TOTAL result (LO):          1.9467567531640764       +-    4.6974093947506698E-004  fb     2.4129411068516599E-002 %
  NLO virtual result:         2.6802508044167910       +-    1.2990914760885341E-003  fb     4.8469026627946853E-002 %
  QCD real emission:          4.0724010962358816       +-    2.1478480277870196E-003  fb     5.2741563933186117E-002 %
  TOTAL result (NLO):         6.7526519006526726       +-    2.5101573284785311E-003  fb     3.7172911700600379E-002 %
  K-Factor:                   3.4686675105544356     
 !!!!!!!!!!!!!!!!!!!!!!!!!!!!!!!!!!!!!!!!!!!!!!!!!!!!!!!!!!!!!!!!!!!!!!!!!!!!!!!!!!!!!!!!!!!!!!!!!!!!!!!!
  
  
  Endtime: 2016-11-30T23:54:17+0100
  Runtime: 12:10:48 (43848 seconds)
