   
 -----------------------------------------------------------------
 VBFNLO, version 3.0.0 GIT 1571c2fe
 Comput. Phys. Commun. 180 (2009) 1661[arXiv:0811.4559 [hep-ph]]
 arXiV:1107.4038, arXiV:1207.4975, arXiv:1404.3940
 http://www.itp.kit.edu/vbfnlo
 -----------------------------------------------------------------
 Process-specific references (please cite as well if appropriate):
 G. Bozzi, F. Campanario, M. Rauch et al.
 Phys. Lett. B696 (2011) 380, e-Print: arXiv:1011.2206 [hep-ph]
 B. Feigl, PhD-thesis, http://digbib.ubka.uni-karlsruhe.de/volltexte/1000037298
 
 -----------------------------------------------------------------
   
   
  
        Information on global parameters
 -----------------------------------------------
   PROCESS               =      491
   LOPROCESS_PLUS_JET    =        F
   KK_MOD                =        F
   ANOM_CPL              =        F
   LEPTONS               =    98
   DECAY_QUARKS          =    93
   LO_ITERATIONS         =        1
   NLO_ITERATIONS        =        1
   LO_POINTS             =       10
   NLO_POINTS            =       10
   NLO_SWITCH            =        T
   EWCOR_SWITCH          =        F
   FERMIONLOOP           =        3
   NLO_SEMILEP_DECAY     =        0
   LHA_SWITCH            =        F
   HEPMC_SWITCH          =        F
   LO_GRID               = grid2_1                                           
                           grid2_2                                           
                           grid2_3                                           
   NLO_GRID              = grid3_1                                           
                           grid3_2                                           
                           grid3_3                                           
   PHTN_GRID             = grid4_1                                           
                           grid4_2                                           
                           grid4_3                                           
   FLOOP_GRID            = grid5_1                                           
                           grid5_2                                           
                           grid5_3                                           
   ECM                   =  13600.0    
   BEAM1                 =        1
   BEAM2                 =        1
   ID_MUF                =        4
   ID_MUR                =        4
   MUF_USER              =  100.000    
   MUR_USER              =  100.000    
   XIF                   =  1.00000    
   XIR                   =  1.00000    
 Warning: cannot read value for key = SHOWTIMING. Using default value :  T
 
       information on the selected process 
 -----------------------------------------------
 
  pp -> W- Z A -> q q~ l+ l- A
 
 W- Z photon production with subsequent decay of the W boson to quarks
 and Z boson to leptons.
 Process is implemented at LO and NLO QCD.
 Anomalous couplings can be set in "anomV.dat".
 References: G. Bozzi, F. Campanario, M. Rauch et al.
 Phys. Lett. B696 (2011) 380, e-Print: arXiv:1011.2206 [hep-ph]
 B. Feigl, PhD-thesis, http://digbib.ubka.uni-karlsruhe.de/volltexte/1000037298
 
             Information on PDF sets            
 -----------------------------------------------
 Initializing PDF set CT18
  
               Physics parameters
 -----------------------------------------------
   HTYPE                 =        0
   MODEL                 =        1
   ANOM_CPL              =        F
   KK_MOD                =        F
   SPIN2                 =        F
   HMASS                 =  125.000    
   HWIDTH                = -999.000    
   TOPMASS               =  172.500    
   BOTTOMMASS            =  4.85500    
   CHARMMASS             =  1.65000    
   TAU_MASS              =  1.77684    
   EWSCHEME              =        3
   FERMI_CONST           = 0.116637E-04
   WMASS                 =  80.3980    
   ZMASS                 =  91.1876    
   
 Running in the SM
   
 Higgs mass =   125.00000000000000     
   
   
  
 Information on scale setting in InitScales 
 -------------------------------------------
  
 Dynamical factorization scale chosen:
       invariant VVV mass 
 Dynamical value for alphas chosen:
 alphas = alpha(invariant VVV mass)
  
  
   Information on couplings, masses and widths
 ===============================================
  
   SM coupling parameters 
 ---------------------------
   G_Fermi                         : 0.000011663700
   SIN**2 of the weak mixing angle : 0.22264585
   Q.E.D. fine structure constant  : 1/132.34070    
   SU(2) coupling constant g       : 0.65305673
   U(1) coupling constant g'       : 0.34950127
   Q.C.D. LO alfas(MZ)             : 0.12980813
   Q.C.D. NLO alfas(MZ)            : 0.11798159
  
      particle masses
 ---------------------------
   mass of the Z0 boson            :   91.1876
   mass of the W+/- boson          :   80.3980
   mass of the Higgs boson         :  125.0000
   mass of the top quark           :  172.5000
   mass of the bottom quark at MH  :    2.8039
  (All other fermions have mass equal ZERO)
  
      particle widths
 ---------------------------
   total widths of Z0              :   2.508420 GeV
   total widths of W+ or W-        :   2.097673 GeV
   total widths of Higgs           :   0.004128 GeV
   total widths of top quark       :   1.342520 GeV
  
     branching ratios
 ---------------------------
   W -> lepton anti-lepton         : 10.8397227 %
   W -> massless quark anti-quark  : 33.7404159 %
   W -> top bottom                 :  0.0000000 %
  
   Z -> neutrino anti-neutrino     :  6.6129820 %
   Z -> charged lepton anti-lepton :  3.3460763 %
   Z -> up-type quark anti-quark   : 11.9908090 %
   Z -> down-type quark anti-quark : 15.3804024 %
   Z -> top anti-top               :  0.0000000 %
  
   H -> WW                         : 20.4628169 %
   H -> ZZ                         :  2.5390366 %
   H -> bottom anti-bottom         : 58.7489081 %
   H -> top anti-top               :  0.0000000 %
   H -> charm anti-charm           :  3.4901975 %
   H -> tau anti-tau               :  6.2665676 %
   H -> mu anti-mu                 :  0.0221853 %
   H -> gluon gluon                :  8.0504027 %
   H -> gamma gamma                :  0.2383715 %
   H -> Z gamma                    :  0.1815139 %
  
 Warning: cannot read value for key = EXISOLCUT. Using default value :    1.0000000000000000     
 Warning: cannot read value for key = MJ_WINDOWV. Using default value :    0.0000000000000000     
 
          information on cut parameters
 -----------------------------------------------
 
 minimum jet pt        (PT_JET_MIN):     20.00    20.00    20.00   
 maximum jet rapidity                 (Y_JET_MAX):    4.5000000000000000     
 maximum parton pseudorapidity          (Y_P_MAX):    5.0000000000000000     
 minimum jet-jet R-separation           (RJJ_MIN):   0.80000000000000004     
 minimum number of jets                (NJET_MIN):            2
 single jet from hadronic decay (SINGLE_DECAYJET):            0
 exponent of generalised kT algorithm (PGENKTJET):    1.0000000000000000     
 minimum lepton-lepton R-separation     (RLL_MIN):   0.40000000000000002     
 maximum lepton-lepton R-separation     (RLL_MAX):    50.000000000000000     
 minimum jet-lepton R-separation        (RJL_MIN):   0.59999999999999998     
 minimum jet-photon R-separation        (RJG_MIN):   0.59999999999999998     
 minimum lepton-photon R-separation     (RLG_MIN):   0.59999999999999998     
 minimum photon-photon R-separation     (RGG_MIN):   0.59999999999999998     
 maximum photon-photon R-separation     (RGG_MAX):    50.000000000000000     
 maximum lepton rapidity                (Y_L_MAX):    2.5000000000000000     
 minimum lepton pt       (PT_L_MIN):     10.00    10.00   
 minimum invariant dilepton mass        (MLL_MIN):    15.000000000000000     
 maximum invariant dilepton mass        (MLL_MAX):    1.0000000000000000E+020
 m_ll cuts only on opposite-sign l   (MLL_OSONLY):  T
 maximum photon rapidity                (Y_G_MAX):    1.5000000000000000     
 minimum photon pt       (PT_G_MIN):     20.00   
 photon isolation cut                 (PHISOLCUT):   0.69999999999999996     
 efficiency of photon isolation cut   (EFISOLCUT):    1.0000000000000000     
 exponent of photon isolation cut   (EXISOLCUT):    1.0000000000000000     
 minimum invariant lepton-photon mass   (MLG_MIN):    0.0000000000000000     
 maximum invariant lepton-photon mass   (MLG_MAX):    1.0000000000000000E+020
 minimal missing transverse momentum (PTMISS_MIN):    0.0000000000000000     
 minimum jet rapidity separation      (ETAJJ_MIN):    0.0000000000000000     
 tagging jets in opposite hemispheres     (YSIGN):    F
 leptons fall inside rapidity gap     (LRAPIDGAP):    F
 min leptons y-dist from tagging jets   (DELY_JL):    0.0000000000000000     
 photons fall inside rapidity gap     (GRAPIDGAP):    F
 min photons y-dist from tagging jets   (DELY_JG):    0.0000000000000000     
 dijet min mass cut on tag jets        (MDIJ_MIN):    600.00000000000000     
 dijet max mass cut on tag jets        (MDIJ_MAX):    1.0000000000000000E+020
 excluded jet-m window               (MJ_WINDOWV):    85.792800000000000        85.792800000000000     
 veto criteria for jets                   (JVETO):    F
 minimum veto-tag y-dist             (DELY_JVETO):    0.0000000000000000     
 maximum |y| for veto jet             (YMAX_VETO):    4.5000000000000000     
 minimum pT for veto jet             (PTMIN_VETO):    50.000000000000000     
 definition of tagging jets          (DEF_TAGJET):            1
 minimal pt for harder tagging jet  (PTMIN_TAG_1):    20.000000000000000     
 minimal pt for softer tagging jet  (PTMIN_TAG_2):    20.000000000000000     
 mass reconst. cut for V -> had   (RECONST_HAD_V):            0
 mass range for RECONST_HAD_V      (V_MASS_RANGE):    20.000000000000000     
 

 --------------------PHASE SPACE--------------------

 boson has mass    80.40 GeV and width     2.0977 GeV
 integration range for boson   4 =      0.032  to     9616.652 GeV
 boson has mass    91.19 GeV and width     2.5084 GeV
 integration range for boson   2 =      0.032  to     9616.652 GeV
 boson has mass     0.00 GeV and width     0.0000 GeV
 integration range for boson   1 =      0.032  to     9616.652 GeV

 machine energy =    13600.0  GeV

 ---------------------------------------------------

  Open error on file random.dat
  Using default values.
  Random number generator initialized with seed =            0
 
          information on histogram config
 -----------------------------------------------
 
  Open error on file histograms.dat
  Using default values.
 SMEARING           =      T
 SMEAR_VALUE        =       0.10000000000000001     
 CALC_ERROR_GNUPLOT =      F
 CALC_ERROR_ROOT    =      F
 CALC_ERROR_1D      =      T
 CALC_ERROR_2D      =      F
 
HIST_ID1      =      0.00    250.00  # dS/dpT_j (fb/GeV)
HIST_ID2      =      0.00    500.00  # dS/dpTmax_j (fb/GeV)
HIST_ID3      =      0.00    200.00  # dS/dpTmin_j (fb/GeV)
HIST_ID4      =     -5.00      5.00  # dS/dy_j (fb)
HIST_ID5      =     -5.00      5.00  # dS/dy_j1 (fb)
HIST_ID6      =     -5.00      5.00  # dS/dy_j2 (fb)
HIST_ID7      =      0.00    500.00  # dS/dpTmax_l (fb/GeV)
HIST_ID8      =      0.00    200.00  # dS/dpTmin_l (fb/GeV)
HIST_ID9      =      0.00      5.00  # dS/d|eta|max_l (fb)
HIST_ID10     =      0.00      5.00  # dS/d|eta|min_l (fb)
HIST_ID11     =   -180.00    180.00  # dS/dPhi_jj (fb)
2DHIST_ID1    =      0.00      6.00      0.00    800.00  # d2S/dy_jj dm_jj (fb/GeV)
 
 -----------------------------------------------
 
Starttime: 2024-04-30T14:53:29+0200
  
 PHASE SPACE           1
  

 MONACO input parameters:
 ndim = 12,  ncall =    1024,   rtype = 0
 nprn =  0,  acc = -1.0E+0,  alph =  8.75E-1,  nd = 48,  mds =  0

 MONACO:  continuing with uniform grid
  
 W-ZA amplitude square information:
 -----------------------------------------------
  
  precalculated tensors initialized to                (0.0000000000000000,0.0000000000000000)
  External b-quark contributions are excluded

 iteration  1:
 integral =  1.150027E+00,  sigma = 8.837E-01
 efficacy = 1.287E-03,  raw efficacy = 1.287E-03
 f_positive = 1.660E-2,  f_zero = 9.834E-1,  f_negative = 0.000E+0
 accumulated statistics:
 integral =  1.150027E+00,  sigma = 8.837E-01,  chi^2/iteration = 0.000E+00

 MONACO:  grid written to file grid2_1.out.1
 
  result (LO):    1.1500272017226927       +-   0.88374311488753254       fb     76.845409705415875      %
 
  
 PHASE SPACE           2
  

 MONACO input parameters:
 ndim = 12,  ncall =    2048,   rtype = 0
 nprn =  0,  acc = -1.0E+0,  alph =  8.75E-1,  nd = 48,  mds =  0

 MONACO:  continuing with uniform grid

 iteration  1:
 integral =  1.828842E-03,  sigma = 1.790E-03
 efficacy = 4.991E-04,  raw efficacy = 4.991E-04
 f_positive = 2.930E-3,  f_zero = 9.971E-1,  f_negative = 0.000E+0
 accumulated statistics:
 integral =  1.828842E-03,  sigma = 1.790E-03,  chi^2/iteration = 2.220E-16

 MONACO:  grid written to file grid2_2.out.1
 
  result (LO):    1.8288422209165483E-003  +-    1.7895739467997265E-003  fb     97.852834232078152      %
 
  
 PHASE SPACE           3
  

 MONACO input parameters:
 ndim = 12,  ncall =    2048,   rtype = 0
 nprn =  0,  acc = -1.0E+0,  alph =  8.75E-1,  nd = 48,  mds =  0

 MONACO:  continuing with uniform grid

 iteration  1:
 integral =  1.838635E-01,  sigma = 7.393E-02
 efficacy = 1.584E-03,  raw efficacy = 1.584E-03
 f_positive = 1.465E-2,  f_zero = 9.854E-1,  f_negative = 0.000E+0
 accumulated statistics:
 integral =  1.838635E-01,  sigma = 7.393E-02,  chi^2/iteration = 8.882E-16

 MONACO:  grid written to file grid2_3.out.1
 
  result (LO):   0.18386351883978963       +-    7.3928487114366295E-002  fb     40.208349965707029      %
 
 
  Total (multi-channel) result (LO):    1.3357195627833989       +-   0.88683172975094238       fb     66.393557035501132      %
  
   
 Initialising FF ..
   
 ====================================================
   FF 2.0, a package to evaluate one-loop integrals
 written by G. J. van Oldenborgh, NIKHEF-H, Amsterdam
 ====================================================
 for the algorithms used see preprint NIKHEF-H 89/17,
 'New Algorithms for One-loop Integrals', by G.J. van
 Oldenborgh and J.A.M. Vermaseren, published in 
 Zeitschrift fuer Physik C46(1990)425.
 ====================================================
  
 PHASE SPACE            1
  

 MONACO input parameters:
 ndim = 12,  ncall =    1024,   rtype = 0
 nprn =  0,  acc = -1.0E+0,  alph =  8.75E-1,  nd = 48,  mds =  0

 MONACO:  continuing with uniform grid

 iteration  1:
 integral =  2.183466E-01,  sigma = 1.753E-01
 efficacy = 1.223E-03,  raw efficacy = 1.223E-03
 f_positive = 1.074E-2,  f_zero = 9.893E-1,  f_negative = 0.000E+0
 accumulated statistics:
 integral =  2.183466E-01,  sigma = 1.753E-01,  chi^2/iteration = 0.000E+00

 MONACO:  grid written to file grid2_1.vout.1
  
  result for virtual contribution, no.            1
  sigma =   0.21834659276462781       +-   0.17531428863609003       fb  
  
 total result for virtual contns so far 
  sigma =   0.21834659276462781       +-   0.17531428863609003       fb
  

 MONACO input parameters:
 ndim = 12,  ncall =     256,   rtype = 0
 nprn =  0,  acc = -1.0E+0,  alph =  8.75E-1,  nd = 48,  mds =  0

 MONACO:  continuing with uniform grid

 iteration  1:
 integral =  7.697306E-01,  sigma = 7.711E-01
 efficacy = 3.899E-03,  raw efficacy = 3.899E-03
 f_positive = 7.812E-3,  f_zero = 9.844E-1,  f_negative = 7.812E-3
 accumulated statistics:
 integral =  7.697306E-01,  sigma = 7.711E-01,  chi^2/iteration = 1.110E-16

 MONACO:  grid written to file grid2_1.vout.2
  
  result for virtual contribution, no.            2
  sigma =   0.76973056984437771       +-   0.77113907612483523       fb  
  Box instabilites           0
           total calls           0
           instabilities [%]   0.0000000000000000     
  
 total result for virtual contns so far 
  sigma =   0.98807716260900547       +-   0.79081639748214805       fb
  

 MONACO input parameters:
 ndim = 12,  ncall =      64,   rtype = 0
 nprn =  0,  acc = -1.0E+0,  alph =  8.75E-1,  nd = 48,  mds =  0

 MONACO:  continuing with uniform grid

 iteration  1:
 integral =  3.297145E-04,  sigma = 5.609E-04
 efficacy = 9.843E-03,  raw efficacy = 9.843E-03
 f_positive = 1.562E-2,  f_zero = 9.688E-1,  f_negative = 1.562E-2
 accumulated statistics:
 integral =  3.297145E-04,  sigma = 5.609E-04,  chi^2/iteration = 5.551E-17

 MONACO:  grid written to file grid2_1.vout.3
  
  result for virtual contribution, no.            3
  sigma =    3.2971447946150690E-004  +-    5.6092737190372409E-004  fb  
  Pentagon instabilites           0
           total calls           4
           instabilities [%]   0.0000000000000000     
  
 total result for virtual contns so far 
  sigma =   0.98840687708846697       +-   0.79081659641547686       fb
  
  
 PHASE SPACE            2
  

 MONACO input parameters:
 ndim = 12,  ncall =    2048,   rtype = 0
 nprn =  0,  acc = -1.0E+0,  alph =  8.75E-1,  nd = 48,  mds =  0

 MONACO:  continuing with uniform grid

 iteration  1:
 integral =  8.637353E-06,  sigma = 8.637E-06
 efficacy = 4.883E-04,  raw efficacy = 4.883E-04
 f_positive = 9.766E-4,  f_zero = 9.990E-1,  f_negative = 0.000E+0
 accumulated statistics:
 integral =  8.637353E-06,  sigma = 8.637E-06,  chi^2/iteration = 0.000E+00

 MONACO:  grid written to file grid2_2.vout.1
  
  result for virtual contribution, no.            1
  sigma =    8.6373532406792445E-006  +-    8.6373532406454936E-006  fb  
  
 total result for virtual contns so far 
  sigma =    8.6373532406792445E-006  +-    8.6373532406454936E-006  fb
  

 MONACO input parameters:
 ndim = 12,  ncall =     512,   rtype = 0
 nprn =  0,  acc = -1.0E+0,  alph =  8.75E-1,  nd = 48,  mds =  0

 MONACO:  continuing with uniform grid

 iteration  1:
 integral =  1.229936E-09,  sigma = 1.230E-09
 efficacy = 1.953E-03,  raw efficacy = 1.953E-03
 f_positive = 1.953E-3,  f_zero = 9.980E-1,  f_negative = 0.000E+0
 accumulated statistics:
 integral =  1.229936E-09,  sigma = 1.230E-09,  chi^2/iteration = 0.000E+00

 MONACO:  grid written to file grid2_2.vout.2
  
  result for virtual contribution, no.            2
  sigma =    1.2299358246998990E-009  +-    1.2299358246998990E-009  fb  
  Box instabilites           0
           total calls           0
           instabilities [%]   0.0000000000000000     
  
 total result for virtual contns so far 
  sigma =    8.6385831765039437E-006  +-    8.6373533282152664E-006  fb
  

 MONACO input parameters:
 ndim = 12,  ncall =     128,   rtype = 0
 nprn =  0,  acc = -1.0E+0,  alph =  8.75E-1,  nd = 48,  mds =  0

 MONACO:  continuing with uniform grid

 iteration  1:
 integral =  0.000000E+00,  sigma = 0.000E+00
 efficacy = 0.000E+00,  raw efficacy = 0.000E+00
 f_positive = 0.000E+0,  f_zero = 1.000E+0,  f_negative = 0.000E+0
 accumulated statistics:
 integral =  0.000000E+00,  sigma = 0.000E+00,  chi^2/iteration = 0.000E+00

 MONACO:  grid written to file grid2_2.vout.3
  
  result for virtual contribution, no.            3
  sigma =    0.0000000000000000       +-    0.0000000000000000       fb  
  Pentagon instabilites           0
           total calls           0
           instabilities [%]   0.0000000000000000     
  
 total result for virtual contns so far 
  sigma =    8.6385831765039437E-006  +-    8.6373533282152664E-006  fb
  
  
 PHASE SPACE            3
  

 MONACO input parameters:
 ndim = 12,  ncall =    2048,   rtype = 0
 nprn =  0,  acc = -1.0E+0,  alph =  8.75E-1,  nd = 48,  mds =  0

 MONACO:  continuing with uniform grid

 iteration  1:
 integral =  1.466188E-01,  sigma = 7.992E-02
 efficacy = 1.241E-03,  raw efficacy = 1.241E-03
 f_positive = 1.172E-2,  f_zero = 9.883E-1,  f_negative = 0.000E+0
 accumulated statistics:
 integral =  1.466188E-01,  sigma = 7.992E-02,  chi^2/iteration = 4.441E-16

 MONACO:  grid written to file grid2_3.vout.1
  
  result for virtual contribution, no.            1
  sigma =   0.14661882659591471       +-    7.9920934921573719E-002  fb  
  
 total result for virtual contns so far 
  sigma =   0.14661882659591471       +-    7.9920934921573719E-002  fb
  

 MONACO input parameters:
 ndim = 12,  ncall =     512,   rtype = 0
 nprn =  0,  acc = -1.0E+0,  alph =  8.75E-1,  nd = 48,  mds =  0

 MONACO:  continuing with uniform grid

 iteration  1:
 integral =  4.116740E-02,  sigma = 2.253E-02
 efficacy = 4.315E-03,  raw efficacy = 4.315E-03
 f_positive = 1.562E-2,  f_zero = 9.844E-1,  f_negative = 0.000E+0
 accumulated statistics:
 integral =  4.116740E-02,  sigma = 2.253E-02,  chi^2/iteration = 0.000E+00

 MONACO:  grid written to file grid2_3.vout.2
  
  result for virtual contribution, no.            2
  sigma =    4.1167400321741578E-002  +-    2.2534074280662907E-002  fb  
  Box instabilites           0
           total calls           0
           instabilities [%]   0.0000000000000000     
  
 total result for virtual contns so far 
  sigma =   0.18778622691765628       +-    8.3036981775741675E-002  fb
  

 MONACO input parameters:
 ndim = 12,  ncall =     128,   rtype = 0
 nprn =  0,  acc = -1.0E+0,  alph =  8.75E-1,  nd = 48,  mds =  0

 MONACO:  continuing with uniform grid

 iteration  1:
 integral =  6.321040E-05,  sigma = 6.321E-05
 efficacy = 7.812E-03,  raw efficacy = 7.813E-03
 f_positive = 7.812E-3,  f_zero = 9.922E-1,  f_negative = 0.000E+0
 accumulated statistics:
 integral =  6.321040E-05,  sigma = 6.321E-05,  chi^2/iteration = 0.000E+00

 MONACO:  grid written to file grid2_3.vout.3
  
  result for virtual contribution, no.            3
  sigma =    6.3210399061161584E-005  +-    6.3210399061161584E-005  fb  
  Pentagon instabilites           0
           total calls           2
           instabilities [%]   0.0000000000000000     
  
 total result for virtual contns so far 
  sigma =   0.18784943731671744       +-    8.3037005834624145E-002  fb
  
 
  Total (multi-channel) result (NLO virtual):    1.1762649529883609       +-   0.79516415511436533       fb     67.600769120444369      %
 
   
 Summary for FF ..
   
 
total number of errors and warnings
===================================
vbffferr: no errors
the warning system has been disabled
 
  
 PHASE SPACE            1
  

 MONACO input parameters:
 ndim = 15,  ncall =    1024,   rtype = 0
 nprn =  0,  acc = -1.0E+0,  alph =  8.75E-1,  nd = 48,  mds =  0

 MONACO:  continuing with uniform grid
  
 W- Z A j amplitude square information:
 -----------------------------------------------
  
  precalculated tensors initialized to                (0.0000000000000000,0.0000000000000000)
  External b-quark contributions are excluded
  
  creal =   -6.5797362673929038       cvirtual =    5.1594725347858095     
  

 iteration  1:
 integral = -1.544168E-01,  sigma = 3.692E-01
 efficacy = 4.567E-04,  raw efficacy = 4.567E-04
 f_positive = 1.074E-2,  f_zero = 9.775E-1,  f_negative = 1.172E-2
 accumulated statistics:
 integral = -1.544168E-01,  sigma = 3.692E-01,  chi^2/iteration = 0.000E+00

 MONACO:  grid written to file grid3_1.out.1
 
  result for real emissions 
  sigma =  -0.15441681413014260       +-   0.36923963968307694       fb
  
  
 PHASE SPACE            2
  

 MONACO input parameters:
 ndim = 15,  ncall =    2048,   rtype = 0
 nprn =  0,  acc = -1.0E+0,  alph =  8.75E-1,  nd = 48,  mds =  0

 MONACO:  continuing with uniform grid

 iteration  1:
 integral = -2.550526E-03,  sigma = 4.204E-03
 efficacy = 2.989E-04,  raw efficacy = 2.989E-04
 f_positive = 1.807E-2,  f_zero = 9.790E-1,  f_negative = 2.930E-3
 accumulated statistics:
 integral = -2.550526E-03,  sigma = 4.204E-03,  chi^2/iteration = 5.551E-17

 MONACO:  grid written to file grid3_2.out.1
 
  result for real emissions 
  sigma =   -2.5505259299555849E-003  +-    4.2043988529854946E-003  fb
  
  
 PHASE SPACE            3
  

 MONACO input parameters:
 ndim = 15,  ncall =    2048,   rtype = 0
 nprn =  0,  acc = -1.0E+0,  alph =  8.75E-1,  nd = 48,  mds =  0

 MONACO:  continuing with uniform grid

 iteration  1:
 integral = -9.748609E-03,  sigma = 7.950E-02
 efficacy = 8.133E-05,  raw efficacy = 8.133E-05
 f_positive = 3.564E-2,  f_zero = 9.424E-1,  f_negative = 2.197E-2
 accumulated statistics:
 integral = -9.748609E-03,  sigma = 7.950E-02,  chi^2/iteration = 0.000E+00

 MONACO:  grid written to file grid3_3.out.1
 
  result for real emissions 
  sigma =   -9.7486089029385267E-003  +-    7.9499355617352233E-002  fb
  
 
  Total (multi-channel) result (NLO real):  -0.16671594896303671       +-   0.37772441809681528       fb    -226.56765621180139      %
 
  
  final result at NLO 
  sigma =    1.0095490040253241       +-   0.88031912941007939       fb   87.199246980585102      %
  
  Box instabilites           0
           total calls           0
           instabilities [%]   0.0000000000000000     
  FBox instabilites           0
           total calls           0
           instabilities [%]   0.0000000000000000     
  Pentagon instabilites           0
           total calls           6
           instabilities [%]   0.0000000000000000     
  Hexagon instabilites           0
           total calls           0
           instabilities [%]   0.0000000000000000     
 LO for different PHASESPACE:
   1.1500272017226927       +-   0.88374311488753254       fb   76.845409705415875     
   1.8288422209165483E-003  +-    1.7895739467997265E-003  fb   97.852834232078152     
  0.18386351883978963       +-    7.3928487114366295E-002  fb   40.208349965707029     
 
  
  
 VIRTUAL CONTRIBUTIONS for different PHASESPACE:
  borntype for different PHASESPACE:
  0.21834659276462781       +-   0.17531428863609003       fb   80.291744614066161     
   8.6373532406792445E-006  +-    8.6373532406454936E-006  fb   99.999999999609244     
  0.14661882659591471       +-    7.9920934921573719E-002  fb   54.509326514962424     
  boxes for different PHASESPACE:
  0.76973056984437771       +-   0.77113907612483523       fb   100.18298692239057     
   1.2299358246998990E-009  +-    1.2299358246998990E-009  fb   100.00000000000000     
   4.1167400321741578E-002  +-    2.2534074280662907E-002  fb   54.737666465574883     
 pentagons for different PHASESPACE:
   3.2971447946150690E-004  +-    5.6092737190372409E-004  fb   170.12518613675581     
   0.0000000000000000       +-    0.0000000000000000       fb                       NaN
   6.3210399061161584E-005  +-    6.3210399061161584E-005  fb   100.00000000000000     
   
 TOTAL VIRTUAL CONTRIBUTIONS:
 TOTAL borntype:
  0.36497405671378325       0.19267188615187369        52.790570345379138       %
 TOTAL boxes:
  0.81089797139605513       0.77146824900986744        95.137523612458310       %
 TOTAL pentagons:
   3.9292487852266847E-004   5.6447769761106600E-004   143.66046246127436       %
  
  
  REAL EMISSION for different PHASESPACE:
 -0.15441681413014260       0.36923963968307694       -239.11880436276940       %
  -2.5505259299555849E-003   4.2043988529854946E-003  -164.84438772432753       %
  -9.7486089029385267E-003   7.9499355617352233E-002  -815.49435831186861       %
  
  
  
 !!!!!!!!!!!!!!!!!!!!!!!!!!!!!!!!!!!!!!!!!!!!!!!!!!!!!!!!!!!!!!!!!!!!!!!!!!!!!!!!!!!!!!!!!!!!!!!!!!!!!!!!
   
  PROCESS:          491   :   p p -->  W- Z A -->  q q~ e/mu- e/mu+ A
    with leading order hadronic decay of one vector boson
   
  TOTAL result (LO):        1.33571956278340  +-    0.88683172975094 fb   66.39355703550113 %
  NLO virtual result:       1.17626495298836  +-    0.79516415511437 fb   67.60076912044437 %
  QCD real emission:       -0.16671594896304  +-    0.37772441809682 fb -226.56765621180139 %
  TOTAL result (NLO):       1.00954900402532  +-    0.88031912941008 fb   87.19924698058510 %
  K-Factor:                 0.75580910256461764     
 !!!!!!!!!!!!!!!!!!!!!!!!!!!!!!!!!!!!!!!!!!!!!!!!!!!!!!!!!!!!!!!!!!!!!!!!!!!!!!!!!!!!!!!!!!!!!!!!!!!!!!!!
  
  
  Endtime: 2024-04-30T14:53:29+0200
  Runtime: 0:00:00 (0 seconds)
