running on itppc80
command to run:
/itp/fast/robin/vbfnlo-installs/mpi-disable/bin/vbfnlo
   
 -----------------------------------------------------------------
 VBFNLO, version 3.0.0 beta2 GIT a9d9ebca
 Comput. Phys. Commun. 180 (2009) 1661[arXiv:0811.4559 [hep-ph]]
 arXiV:1107.4038, arXiV:1207.4975, arXiv:1404.3940
 http://www.itp.kit.edu/vbfnlo
 -----------------------------------------------------------------
 Process-specific references (please cite as well if appropriate):
 G. Bozzi, F. Campanario, M. Rauch et al.
 Phys. Lett. B696 (2011) 380, e-Print: arXiv:1011.2206 [hep-ph]
 B. Feigl, PhD-thesis, http://digbib.ubka.uni-karlsruhe.de/volltexte/1000037298
 
 -----------------------------------------------------------------
   
   
  
        Information on global parameters
 -----------------------------------------------
   PROCESS               =      491
   LOPROCESS_PLUS_JET    =        F
   KK_MOD                =        F
   ANOM_CPL              =        F
   LEPTONS               =    98
   DECAY_QUARKS          =    93
   LO_ITERATIONS         =        6
   NLO_ITERATIONS        =        6
   LO_POINTS             =       26
   NLO_POINTS            =       26
   NLO_SWITCH            =        T
   EWCOR_SWITCH          =        F
   FERMIONLOOP           =        3
   NLO_SEMILEP_DECAY     =        0
   LHA_SWITCH            =        F
   HEPMC_SWITCH          =        F
   LO_GRID               = grid2_1                                           
                           grid2_2                                           
                           grid2_3                                           
   NLO_GRID              = grid3_1                                           
                           grid3_2                                           
                           grid3_3                                           
   PHTN_GRID             = grid4_1                                           
                           grid4_2                                           
                           grid4_3                                           
   FLOOP_GRID            = grid5_1                                           
                           grid5_2                                           
                           grid5_3                                           
   ECM                   =  8000.00    
   BEAM1                 =        1
   BEAM2                 =        1
   ID_MUF                =        4
   ID_MUR                =        4
   MUF_USER              =  100.000    
   MUR_USER              =  100.000    
   XIF                   =  1.00000    
   XIR                   =  1.00000    
 Warning: cannot read value for key = SHOWTIMING. Using default value :  T
 
       information on the selected process 
 -----------------------------------------------
 
  pp -> W- Z A -> q q~ l+ l- A
 
 W- Z photon production with subsequent decay of the W boson to quarks
 and Z boson to leptons.
 Process is implemented at LO and NLO QCD.
 Anomalous couplings can be set in "anomV.dat".
 References: G. Bozzi, F. Campanario, M. Rauch et al.
 Phys. Lett. B696 (2011) 380, e-Print: arXiv:1011.2206 [hep-ph]
 B. Feigl, PhD-thesis, http://digbib.ubka.uni-karlsruhe.de/volltexte/1000037298
 
 Initializing PDF set CT10
  
               Physics parameters
 -----------------------------------------------
   HTYPE                 =        0
   MODEL                 =        1
   ANOM_CPL              =        F
   KK_MOD                =        F
   SPIN2                 =        F
   HMASS                 =  126.000    
   HWIDTH                = -999.000    
   TOPMASS               =  172.400    
   BOTTOMMASS            =  4.85500    
   CHARMMASS             =  1.65000    
   TAU_MASS              =  1.77684    
   EWSCHEME              =        3
   FERMI_CONST           = 0.116637E-04
   WMASS                 =  80.3980    
   ZMASS                 =  91.1876    
   
 Running in the SM
   
 Higgs mass =   126.00000000000000     
   
   
  
 Information on scale setting in InitScales 
 -------------------------------------------
  
 Dynamical factorization scale chosen:
       invariant VVV mass 
 Dynamical value for alphas chosen:
 alphas = alpha(invariant VVV mass)
 Initializing PDF set cteq6l1
  
  
  
  
   Information on couplings, masses and widths
 ===============================================
  
   SM coupling parameters 
 ---------------------------
   G_Fermi                         : 0.000011663700
   SIN**2 of the weak mixing angle : 0.22264585
   Q.E.D. fine structure constant  : 1/132.34070    
   SU(2) coupling constant g       : 0.65305673
   U(1) coupling constant g'       : 0.34950127
   Q.C.D. LO alfas(MZ)             : 0.12980813
   Q.C.D. NLO alfas(MZ)            : 0.11798159
  
      particle masses
 ---------------------------
   mass of the Z0 boson            :   91.1876
   mass of the W+/- boson          :   80.3980
   mass of the Higgs boson         :  126.0000
   mass of the top quark           :  172.4000
   mass of the bottom quark at MH  :    2.8020
  (All other fermions have mass equal ZERO)
  
      particle widths
 ---------------------------
   total widths of Z0              :   2.508420 GeV
   total widths of W+ or W-        :   2.097673 GeV
   total widths of Higgs           :   0.004266 GeV
   total widths of top quark       :   1.339784 GeV
  
     branching ratios
 ---------------------------
   W -> lepton anti-lepton         : 10.8397227 %
   W -> massless quark anti-quark  : 33.7404159 %
   W -> top bottom                 :  0.0000000 %
  
   Z -> neutrino anti-neutrino     :  6.6129820 %
   Z -> charged lepton anti-lepton :  3.3460763 %
   Z -> up-type quark anti-quark   : 11.9908090 %
   Z -> down-type quark anti-quark : 15.3804024 %
   Z -> top anti-top               :  0.0000000 %
  
   H -> WW                         : 22.0654221 %
   H -> ZZ                         :  2.7791171 %
   H -> bottom anti-bottom         : 57.2146401 %
   H -> top anti-top               :  0.0000000 %
   H -> charm anti-charm           :  3.3990464 %
   H -> tau anti-tau               :  6.1125329 %
   H -> mu anti-mu                 :  0.0216396 %
   H -> gluon gluon                :  7.9785074 %
   H -> gamma gamma                :  0.2385994 %
   H -> Z gamma                    :  0.1904951 %
  
 
          information on cut parameters
 -----------------------------------------------
 
 minimum jet pt        (PT_JET_MIN):     20.00    20.00    20.00   
 maximum jet rapidity                 (Y_JET_MAX):    4.5000000000000000     
 maximum parton pseudorapidity          (Y_P_MAX):    5.0000000000000000     
 minimum jet-jet R-separation           (RJJ_MIN):   0.80000000000000004     
 minimum number of jets                (NJET_MIN):            2
 single jet from hadronic decay (SINGLE_DECAYJET):            0
 exponent of generalised kT algorithm (PGENKTJET):    1.0000000000000000     
 minimum lepton-lepton R-separation     (RLL_MIN):   0.40000000000000002     
 maximum lepton-lepton R-separation     (RLL_MAX):    50.000000000000000     
 minimum jet-lepton R-separation        (RJL_MIN):   0.59999999999999998     
 minimum jet-photon R-separation        (RJG_MIN):   0.59999999999999998     
 minimum lepton-photon R-separation     (RLG_MIN):   0.59999999999999998     
 minimum photon-photon R-separation     (RGG_MIN):   0.59999999999999998     
 maximum photon-photon R-separation     (RGG_MAX):    50.000000000000000     
 maximum lepton rapidity                (Y_L_MAX):    2.5000000000000000     
 minimum lepton pt       (PT_L_MIN):     10.00    10.00   
 minimum invariant dilepton mass        (MLL_MIN):    15.000000000000000     
 maximum invariant dilepton mass        (MLL_MAX):    1.0000000000000000E+020
 m_ll cuts only on opposite-sign l   (MLL_OSONLY):  T
 maximum photon rapidity                (Y_G_MAX):    1.5000000000000000     
 minimum photon pt       (PT_G_MIN):     20.00   
 photon isolation cut                 (PHISOLCUT):   0.69999999999999996     
 efficiency of photon isolation cut   (EFISOLCUT):    1.0000000000000000     
 minimum invariant lepton-photon mass   (MLG_MIN):    0.0000000000000000     
 maximum invariant lepton-photon mass   (MLG_MAX):    1.0000000000000000E+020
 minimal missing transverse momentum (PTMISS_MIN):    0.0000000000000000     
 minimum jet rapidity separation      (ETAJJ_MIN):    0.0000000000000000     
 tagging jets in opposite hemispheres     (YSIGN):    F
 leptons fall inside rapidity gap     (LRAPIDGAP):    F
 min leptons y-dist from tagging jets   (DELY_JL):    0.0000000000000000     
 photons fall inside rapidity gap     (GRAPIDGAP):    F
 min photons y-dist from tagging jets   (DELY_JG):    0.0000000000000000     
 dijet min mass cut on tag jets        (MDIJ_MIN):    600.00000000000000     
 dijet max mass cut on tag jets        (MDIJ_MAX):    1.0000000000000000E+020
 veto criteria for jets                   (JVETO):    F
 minimum veto-tag y-dist             (DELY_JVETO):    0.0000000000000000     
 maximum |y| for veto jet             (YMAX_VETO):    4.5000000000000000     
 minimum pT for veto jet             (PTMIN_VETO):    50.000000000000000     
 definition of tagging jets          (DEF_TAGJET):            1
 minimal pt for harder tagging jet  (PTMIN_TAG_1):    20.000000000000000     
 minimal pt for softer tagging jet  (PTMIN_TAG_2):    20.000000000000000     
 mass reconst. cut for V -> had   (RECONST_HAD_V):            0
 mass range for RECONST_HAD_V      (V_MASS_RANGE):    20.000000000000000     
 

 --------------------PHASE SPACE--------------------

 boson has mass    80.40 GeV and width     2.0977 GeV
 integration range for boson   4 =      0.032  to     5656.854 GeV
 boson has mass    91.19 GeV and width     2.5084 GeV
 integration range for boson   2 =      0.032  to     5656.854 GeV
 boson has mass     0.00 GeV and width     0.0000 GeV
 integration range for boson   1 =      0.032  to     5656.854 GeV

 machine energy =     8000.0  GeV

 ---------------------------------------------------

  Open error on file random.dat
  Using default values.
  Random number generator initialized with seed =            0
 
          information on histogram config
 -----------------------------------------------
 
  Open error on file histograms.dat
  Using default values.
 SMEARING           =      F
 CALC_ERROR_GNUPLOT =      F
 CALC_ERROR_ROOT    =      F
 CALC_ERROR_1D      =      T
 CALC_ERROR_2D      =      F
 
HIST_ID1      =      0.00    250.00  # dS/dpT_j (fb/GeV)
HIST_ID2      =      0.00    500.00  # dS/dpTmax_j (fb/GeV)
HIST_ID3      =      0.00    200.00  # dS/dpTmin_j (fb/GeV)
HIST_ID4      =     -5.00      5.00  # dS/dy_j (fb)
HIST_ID5      =     -5.00      5.00  # dS/dy_j1 (fb)
HIST_ID6      =     -5.00      5.00  # dS/dy_j2 (fb)
HIST_ID7      =      0.00    500.00  # dS/dpTmax_l (fb/GeV)
HIST_ID8      =      0.00    200.00  # dS/dpTmin_l (fb/GeV)
HIST_ID9      =      0.00      5.00  # dS/d|eta|max_l (fb)
HIST_ID10     =      0.00      5.00  # dS/d|eta|min_l (fb)
HIST_ID11     =   -180.00    180.00  # dS/dPhi_jj (fb)
2DHIST_ID1    =      0.00      6.00      0.00    800.00  # d2S/dy_jj dm_jj (fb/GeV)
 
 -----------------------------------------------
 
 
 
Starttime: 2016-11-30T11:43:29+0100
  
 PHASE SPACE           1
  

 MONACO input parameters:
 ndim = 12,  ncall =       2M,   rtype = 0
 nprn =  0,  acc = -1.0E+0,  alph = 8.75E-1,  nd = 48,  mds =  0

 MONACO:  continuing with uniform grid
  
 W-ZA amplitude square information:
 -----------------------------------------------
  
  precalculated tensors initialized to  (  0.0000000000000000     ,  0.0000000000000000     )
  External b-quark contributions are excluded

 iteration  1:
 integral =  1.539834E-01,  sigma = 3.972E-03
 efficacy = 7.114E-05,  raw efficacy = 7.114E-05
 f_positive = 1.412E-2,  f_zero = 9.859E-1,  f_negative = 0.000E+0
 accumulated statistics:
 integral =  1.539834E-01,  sigma = 3.972E-03,  chi^2/iteration = 0.000E+00

 MONACO:  grid written to file grid2_1.out.1

 MONACO input parameters:
 ndim = 12,  ncall =       4M,   rtype = 0
 nprn =  0,  acc = -1.0E+0,  alph = 8.75E-1,  nd = 48,  mds =  0

 iteration  2:
 integral =  1.590658E-01,  sigma = 7.539E-04
 efficacy = 2.426E-04,  raw efficacy = 1.533E-05
 f_positive = 1.286E-1,  f_zero = 8.714E-1,  f_negative = 0.000E+0
 accumulated statistics:
 integral =  1.588890E-01,  sigma = 7.407E-04,  chi^2/iteration = 1.580E+06

 MONACO:  grid written to file grid2_1.out.2

 MONACO input parameters:
 ndim = 12,  ncall =       8M,   rtype = 0
 nprn =  0,  acc = -1.0E+0,  alph = 8.75E-1,  nd = 48,  mds =  0

 iteration  3:
 integral =  1.572744E-01,  sigma = 3.310E-04
 efficacy = 3.933E-04,  raw efficacy = 4.658E-06
 f_positive = 2.007E-1,  f_zero = 7.993E-1,  f_negative = 0.000E+0
 accumulated statistics:
 integral =  1.575432E-01,  sigma = 3.022E-04,  chi^2/iteration = 5.541E+00

 MONACO:  grid written to file grid2_1.out.3

 MONACO input parameters:
 ndim = 12,  ncall =      16M,   rtype = 0
 nprn =  0,  acc = -1.0E+0,  alph = 8.75E-1,  nd = 48,  mds =  0

 iteration  4:
 integral =  1.569208E-01,  sigma = 2.019E-04
 efficacy = 6.230E-04,  raw efficacy = 4.508E-06
 f_positive = 2.338E-1,  f_zero = 7.662E-1,  f_negative = 0.000E+0
 accumulated statistics:
 integral =  1.571128E-01,  sigma = 1.679E-04,  chi^2/iteration = 4.237E+00

 MONACO:  grid written to file grid2_1.out.4

 MONACO input parameters:
 ndim = 12,  ncall =      32M,   rtype = 0
 nprn =  0,  acc = -1.0E+0,  alph = 8.75E-1,  nd = 48,  mds =  0

 iteration  5:
 integral =  1.570834E-01,  sigma = 1.368E-04
 efficacy = 3.313E-04,  raw efficacy = 2.077E-06
 f_positive = 2.483E-1,  f_zero = 7.517E-1,  f_negative = 0.000E+0
 accumulated statistics:
 integral =  1.570952E-01,  sigma = 1.061E-04,  chi^2/iteration = 2.831E+00

 MONACO:  grid written to file grid2_1.out.5

 MONACO input parameters:
 ndim = 12,  ncall =      64M,   rtype = 0
 nprn =  0,  acc = -1.0E+0,  alph = 8.75E-1,  nd = 48,  mds =  0

 iteration  6:
 integral =  1.570404E-01,  sigma = 9.957E-05
 efficacy = 1.615E-04,  raw efficacy = 1.323E-06
 f_positive = 2.543E-1,  f_zero = 7.457E-1,  f_negative = 0.000E+0
 accumulated statistics:
 integral =  1.570661E-01,  sigma = 7.259E-05,  chi^2/iteration = 2.158E+00

 MONACO:  grid written to file grid2_1.out.6
 
  result (LO):   0.15706607308511542       +-    7.2593890437976501E-005  fb     4.6218695745094018E-002 %
 
  
 PHASE SPACE           2
  

 MONACO input parameters:
 ndim = 12,  ncall =       4M,   rtype = 0
 nprn =  0,  acc = -1.0E+0,  alph = 8.75E-1,  nd = 48,  mds =  0

 MONACO:  continuing with uniform grid

 iteration  1:
 integral =  6.932268E-03,  sigma = 5.965E-04
 efficacy = 8.097E-06,  raw efficacy = 8.097E-06
 f_positive = 1.705E-3,  f_zero = 9.983E-1,  f_negative = 0.000E+0
 accumulated statistics:
 integral =  6.932268E-03,  sigma = 5.965E-04,  chi^2/iteration = 2.842E-14

 MONACO:  grid written to file grid2_2.out.1

 MONACO input parameters:
 ndim = 12,  ncall =       8M,   rtype = 0
 nprn =  0,  acc = -1.0E+0,  alph = 8.75E-1,  nd = 48,  mds =  0

 iteration  2:
 integral =  6.373555E-03,  sigma = 6.114E-05
 efficacy = 5.941E-05,  raw efficacy = 1.724E-06
 f_positive = 1.757E-2,  f_zero = 9.824E-1,  f_negative = 0.000E+0
 accumulated statistics:
 integral =  6.379365E-03,  sigma = 6.082E-05,  chi^2/iteration = 8.683E+05

 MONACO:  grid written to file grid2_2.out.2

 MONACO input parameters:
 ndim = 12,  ncall =      16M,   rtype = 0
 nprn =  0,  acc = -1.0E+0,  alph = 8.75E-1,  nd = 48,  mds =  0

 iteration  3:
 integral =  6.438822E-03,  sigma = 2.429E-05
 efficacy = 1.193E-04,  raw efficacy = 1.149E-06
 f_positive = 3.182E-2,  f_zero = 9.682E-1,  f_negative = 0.000E+0
 accumulated statistics:
 integral =  6.430644E-03,  sigma = 2.256E-05,  chi^2/iteration = 1.692E+00

 MONACO:  grid written to file grid2_2.out.3

 MONACO input parameters:
 ndim = 12,  ncall =      32M,   rtype = 0
 nprn =  0,  acc = -1.0E+0,  alph = 8.75E-1,  nd = 48,  mds =  0

 iteration  4:
 integral =  6.433724E-03,  sigma = 1.345E-05
 efficacy = 1.361E-04,  raw efficacy = 8.064E-07
 f_positive = 3.952E-2,  f_zero = 9.605E-1,  f_negative = 0.000E+0
 accumulated statistics:
 integral =  6.432916E-03,  sigma = 1.155E-05,  chi^2/iteration = 8.531E-01

 MONACO:  grid written to file grid2_2.out.4

 MONACO input parameters:
 ndim = 12,  ncall =      64M,   rtype = 0
 nprn =  0,  acc = -1.0E+0,  alph = 8.75E-1,  nd = 48,  mds =  0

 iteration  5:
 integral =  6.426921E-03,  sigma = 9.277E-06
 efficacy = 3.219E-05,  raw efficacy = 5.329E-07
 f_positive = 4.327E-2,  f_zero = 9.567E-1,  f_negative = 0.000E+0
 accumulated statistics:
 integral =  6.429271E-03,  sigma = 7.234E-06,  chi^2/iteration = 6.233E-01

 MONACO:  grid written to file grid2_2.out.5

 MONACO input parameters:
 ndim = 12,  ncall =     128M,   rtype = 0
 nprn =  0,  acc = -1.0E+0,  alph = 8.75E-1,  nd = 48,  mds =  0

 iteration  6:
 integral =  6.429972E-03,  sigma = 6.598E-06
 efficacy = 2.331E-05,  raw efficacy = 3.785E-07
 f_positive = 4.485E-2,  f_zero = 9.552E-1,  f_negative = 0.000E+0
 accumulated statistics:
 integral =  6.429654E-03,  sigma = 4.875E-06,  chi^2/iteration = 4.688E-01

 MONACO:  grid written to file grid2_2.out.6
 
  result (LO):    6.4296536976016028E-003  +-    4.8746837874933313E-006  fb     7.5815650682892796E-002 %
 
  
 PHASE SPACE           3
  

 MONACO input parameters:
 ndim = 12,  ncall =       4M,   rtype = 0
 nprn =  0,  acc = -1.0E+0,  alph = 8.75E-1,  nd = 48,  mds =  0

 MONACO:  continuing with uniform grid

 iteration  1:
 integral =  2.355152E-01,  sigma = 6.287E-03
 efficacy = 2.138E-05,  raw efficacy = 2.138E-05
 f_positive = 1.916E-2,  f_zero = 9.808E-1,  f_negative = 0.000E+0
 accumulated statistics:
 integral =  2.355152E-01,  sigma = 6.287E-03,  chi^2/iteration = 0.000E+00

 MONACO:  grid written to file grid2_3.out.1

 MONACO input parameters:
 ndim = 12,  ncall =       8M,   rtype = 0
 nprn =  0,  acc = -1.0E+0,  alph = 8.75E-1,  nd = 48,  mds =  0

 iteration  2:
 integral =  2.404859E-01,  sigma = 1.010E-03
 efficacy = 3.521E-04,  raw efficacy = 1.317E-05
 f_positive = 8.123E-2,  f_zero = 9.188E-1,  f_negative = 0.000E+0
 accumulated statistics:
 integral =  2.403608E-01,  sigma = 9.970E-04,  chi^2/iteration = 6.094E+05

 MONACO:  grid written to file grid2_3.out.2

 MONACO input parameters:
 ndim = 12,  ncall =      16M,   rtype = 0
 nprn =  0,  acc = -1.0E+0,  alph = 8.75E-1,  nd = 48,  mds =  0

 iteration  3:
 integral =  2.412483E-01,  sigma = 4.386E-04
 efficacy = 5.850E-04,  raw efficacy = 6.542E-06
 f_positive = 1.093E-1,  f_zero = 8.907E-1,  f_negative = 0.000E+0
 accumulated statistics:
 integral =  2.411044E-01,  sigma = 4.015E-04,  chi^2/iteration = 1.273E+00

 MONACO:  grid written to file grid2_3.out.3

 MONACO input parameters:
 ndim = 12,  ncall =      32M,   rtype = 0
 nprn =  0,  acc = -1.0E+0,  alph = 8.75E-1,  nd = 48,  mds =  0

 iteration  4:
 integral =  2.405722E-01,  sigma = 2.561E-04
 efficacy = 2.859E-04,  raw efficacy = 7.205E-06
 f_positive = 1.193E-1,  f_zero = 8.807E-1,  f_negative = 0.000E+0
 accumulated statistics:
 integral =  2.407261E-01,  sigma = 2.159E-04,  chi^2/iteration = 1.261E+00

 MONACO:  grid written to file grid2_3.out.4

 MONACO input parameters:
 ndim = 12,  ncall =      64M,   rtype = 0
 nprn =  0,  acc = -1.0E+0,  alph = 8.75E-1,  nd = 48,  mds =  0

 iteration  5:
 integral =  2.406243E-01,  sigma = 1.686E-04
 efficacy = 5.215E-04,  raw efficacy = 4.973E-06
 f_positive = 1.213E-1,  f_zero = 8.787E-1,  f_negative = 0.000E+0
 accumulated statistics:
 integral =  2.406629E-01,  sigma = 1.329E-04,  chi^2/iteration = 8.867E-01

 MONACO:  grid written to file grid2_3.out.5

 MONACO input parameters:
 ndim = 12,  ncall =     128M,   rtype = 0
 nprn =  0,  acc = -1.0E+0,  alph = 8.75E-1,  nd = 48,  mds =  0

 iteration  6:
 integral =  2.405393E-01,  sigma = 1.172E-04
 efficacy = 2.377E-04,  raw efficacy = 4.734E-06
 f_positive = 1.226E-1,  f_zero = 8.774E-1,  f_negative = 0.000E+0
 accumulated statistics:
 integral =  2.405934E-01,  sigma = 8.789E-05,  chi^2/iteration = 7.866E-01

 MONACO:  grid written to file grid2_3.out.6
 
  result (LO):   0.24059337584974899       +-    8.7893341990793276E-005  fb     3.6531904371998519E-002 %
 
 
  Total (multi-channel) result (LO):   0.40408910263246600       +-    1.1410028500078137E-004  fb     2.8236417230127535E-002 %
  
   
 Initialising FF ..
   
 ====================================================
   FF 2.0, a package to evaluate one-loop integrals
 written by G. J. van Oldenborgh, NIKHEF-H, Amsterdam
 ====================================================
 for the algorithms used see preprint NIKHEF-H 89/17,
 'New Algorithms for One-loop Integrals', by G.J. van
 Oldenborgh and J.A.M. Vermaseren, published in 
 Zeitschrift fuer Physik C46(1990)425.
 ====================================================
 Initializing PDF set CT10
  
 PHASE SPACE            1
  

 MONACO input parameters:
 ndim = 12,  ncall =      64M,   rtype = 0
 nprn =  0,  acc = -1.0E+0,  alph = 8.75E-1,  nd = 48,  mds =  0

 MONACO:  grid read from file grid2_1.out.6                                                                                                                                                                                                                                             

 iteration  1:
 integral =  1.937505E-01,  sigma = 1.206E-04
 efficacy = 1.495E-04,  raw efficacy = 2.763E-06
 f_positive = 2.489E-1,  f_zero = 7.511E-1,  f_negative = 0.000E+0
 accumulated statistics:
 integral =  1.937505E-01,  sigma = 1.206E-04,  chi^2/iteration = 4.657E-10

 MONACO:  grid written to file grid2_1.vout.1
  
  result for virtual contribution, no.            1
  sigma =   0.19375054573456724       +-    1.2062601907368682E-004  fb  
  
 total result for virtual contns so far 
  sigma =   0.19375054573456724       +-    1.2062601907368682E-004  fb
  

 MONACO input parameters:
 ndim = 12,  ncall =      16M,   rtype = 0
 nprn =  0,  acc = -1.0E+0,  alph = 8.75E-1,  nd = 48,  mds =  0

 MONACO:  grid read from file grid2_1.out.6                                                                                                                                                                                                                                             

 iteration  1:
 integral =  1.095618E-02,  sigma = 2.420E-05
 efficacy = 1.953E-04,  raw efficacy = 4.755E-07
 f_positive = 1.855E-1,  f_zero = 7.512E-1,  f_negative = 6.334E-2
 accumulated statistics:
 integral =  1.095618E-02,  sigma = 2.420E-05,  chi^2/iteration = 0.000E+00

 MONACO:  grid written to file grid2_1.vout.2
  
  result for virtual contribution, no.            2
  sigma =    1.0956177319203397E-002  +-    2.4198157083950439E-005  fb  
  Box instabilites           0
           total calls           0
           instabilities [%]   0.0000000000000000     
  
 total result for virtual contns so far 
  sigma =   0.20470672305377063       +-    1.2302921313178021E-004  fb
  

 MONACO input parameters:
 ndim = 12,  ncall =       4M,   rtype = 0
 nprn =  0,  acc = -1.0E+0,  alph = 8.75E-1,  nd = 48,  mds =  0

 MONACO:  grid read from file grid2_1.out.6                                                                                                                                                                                                                                             

 iteration  1:
 integral =  1.379222E-02,  sigma = 6.600E-05
 efficacy = 2.873E-04,  raw efficacy = 1.230E-06
 f_positive = 1.680E-1,  f_zero = 7.511E-1,  f_negative = 8.091E-2
 accumulated statistics:
 integral =  1.379222E-02,  sigma = 6.600E-05,  chi^2/iteration = 0.000E+00

 MONACO:  grid written to file grid2_1.vout.3
  
  result for virtual contribution, no.            3
  sigma =    1.3792215075933936E-002  +-    6.5999553246846681E-005  fb  
  Pentagon instabilites         126
           total calls     2087980
           instabilities [%]   6.0345405607333405E-003
  
 total result for virtual contns so far 
  sigma =   0.21849893812970456       +-    1.3961421243057008E-004  fb
  
  
 PHASE SPACE            2
  

 MONACO input parameters:
 ndim = 12,  ncall =     128M,   rtype = 0
 nprn =  0,  acc = -1.0E+0,  alph = 8.75E-1,  nd = 48,  mds =  0

 MONACO:  grid read from file grid2_2.out.6                                                                                                                                                                                                                                             

 iteration  1:
 integral =  8.256876E-03,  sigma = 2.036E-05
 efficacy = 3.283E-06,  raw efficacy = 2.655E-07
 f_positive = 4.524E-2,  f_zero = 9.548E-1,  f_negative = 0.000E+0
 accumulated statistics:
 integral =  8.256876E-03,  sigma = 2.036E-05,  chi^2/iteration = 0.000E+00

 MONACO:  grid written to file grid2_2.vout.1
  
  result for virtual contribution, no.            1
  sigma =    8.2568757081885342E-003  +-    2.0362794793779723E-005  fb  
  
 total result for virtual contns so far 
  sigma =    8.2568757081885342E-003  +-    2.0362794793779723E-005  fb
  

 MONACO input parameters:
 ndim = 12,  ncall =      32M,   rtype = 0
 nprn =  0,  acc = -1.0E+0,  alph = 8.75E-1,  nd = 48,  mds =  0

 MONACO:  grid read from file grid2_2.out.6                                                                                                                                                                                                                                             

 iteration  1:
 integral =  7.505952E-04,  sigma = 1.880E-06
 efficacy = 5.136E-05,  raw efficacy = 4.599E-07
 f_positive = 4.064E-2,  f_zero = 9.548E-1,  f_negative = 4.557E-3
 accumulated statistics:
 integral =  7.505952E-04,  sigma = 1.880E-06,  chi^2/iteration = 2.910E-11

 MONACO:  grid written to file grid2_2.vout.2
  
  result for virtual contribution, no.            2
  sigma =    7.5059517899275254E-004  +-    1.8799101002544233E-006  fb  
  Box instabilites           0
           total calls           0
           instabilities [%]   0.0000000000000000     
  
 total result for virtual contns so far 
  sigma =    9.0074708871812868E-003  +-    2.0449388103281263E-005  fb
  

 MONACO input parameters:
 ndim = 12,  ncall =       8M,   rtype = 0
 nprn =  0,  acc = -1.0E+0,  alph = 8.75E-1,  nd = 48,  mds =  0

 MONACO:  grid read from file grid2_2.out.6                                                                                                                                                                                                                                             

 iteration  1:
 integral =  1.207241E-05,  sigma = 5.593E-07
 efficacy = 6.612E-06,  raw efficacy = 3.435E-08
 f_positive = 2.288E-2,  f_zero = 9.548E-1,  f_negative = 2.232E-2
 accumulated statistics:
 integral =  1.207241E-05,  sigma = 5.593E-07,  chi^2/iteration = 5.684E-14

 MONACO:  grid written to file grid2_2.vout.3
  
  result for virtual contribution, no.            3
  sigma =    1.2072405076278182E-005  +-    5.5934173752823852E-007  fb  
  Pentagon instabilites         127
           total calls      758480
           instabilities [%]   1.6744014344478430E-002
  
 total result for virtual contns so far 
  sigma =    9.0195432922575650E-003  +-    2.0457036368398094E-005  fb
  
  
 PHASE SPACE            3
  

 MONACO input parameters:
 ndim = 12,  ncall =     128M,   rtype = 0
 nprn =  0,  acc = -1.0E+0,  alph = 8.75E-1,  nd = 48,  mds =  0

 MONACO:  grid read from file grid2_3.out.6                                                                                                                                                                                                                                             

 iteration  1:
 integral =  3.044032E-01,  sigma = 1.461E-04
 efficacy = 1.346E-04,  raw efficacy = 4.224E-06
 f_positive = 1.223E-1,  f_zero = 8.777E-1,  f_negative = 0.000E+0
 accumulated statistics:
 integral =  3.044032E-01,  sigma = 1.461E-04,  chi^2/iteration = 0.000E+00

 MONACO:  grid written to file grid2_3.vout.1
  
  result for virtual contribution, no.            1
  sigma =   0.30440315819942138       +-    1.4613912645661698E-004  fb  
  
 total result for virtual contns so far 
  sigma =   0.30440315819942138       +-    1.4613912645661698E-004  fb
  

 MONACO input parameters:
 ndim = 12,  ncall =      32M,   rtype = 0
 nprn =  0,  acc = -1.0E+0,  alph = 8.75E-1,  nd = 48,  mds =  0

 MONACO:  grid read from file grid2_3.out.6                                                                                                                                                                                                                                             

 iteration  1:
 integral =  3.550061E-02,  sigma = 4.327E-05
 efficacy = 2.505E-04,  raw efficacy = 8.201E-06
 f_positive = 1.157E-1,  f_zero = 8.777E-1,  f_negative = 6.613E-3
 accumulated statistics:
 integral =  3.550061E-02,  sigma = 4.327E-05,  chi^2/iteration = 1.164E-10

 MONACO:  grid written to file grid2_3.vout.2
  
  result for virtual contribution, no.            2
  sigma =    3.5500612652357967E-002  +-    4.3274994081727436E-005  fb  
  Box instabilites           0
           total calls           0
           instabilities [%]   0.0000000000000000     
  
 total result for virtual contns so far 
  sigma =   0.33990377085177936       +-    1.5241184138470551E-004  fb
  

 MONACO input parameters:
 ndim = 12,  ncall =       8M,   rtype = 0
 nprn =  0,  acc = -1.0E+0,  alph = 8.75E-1,  nd = 48,  mds =  0

 MONACO:  grid read from file grid2_3.out.6                                                                                                                                                                                                                                             

 iteration  1:
 integral =  8.271550E-04,  sigma = 1.904E-05
 efficacy = 1.279E-05,  raw efficacy = 9.030E-07
 f_positive = 6.523E-2,  f_zero = 8.778E-1,  f_negative = 5.700E-2
 accumulated statistics:
 integral =  8.271550E-04,  sigma = 1.904E-05,  chi^2/iteration = 4.547E-13

 MONACO:  grid written to file grid2_3.vout.3
  
  result for virtual contribution, no.            3
  sigma =    8.2715502741410938E-004  +-    1.9037706141343309E-005  fb  
  Pentagon instabilites        1068
           total calls     2051580
           instabilities [%]   5.2057438657035063E-002
  
 total result for virtual contns so far 
  sigma =   0.34073092587919346       +-    1.5359623579176923E-004  fb
  
 
  Total (multi-channel) result (NLO virtual):   0.56824940730115558       +-    2.0857234308265101E-004  fb     3.6704366146767267E-002 %
 
   
 Summary for FF ..
   
 
total number of errors and warnings
===================================
vbffferr: no errors
the warning system has been disabled
 
  
 PHASE SPACE            1
  

 MONACO input parameters:
 ndim = 15,  ncall =       2M,   rtype = 0
 nprn =  0,  acc = -1.0E+0,  alph = 8.75E-1,  nd = 48,  mds =  0

 MONACO:  continuing with uniform grid
  
 W- Z A j amplitude square information:
 -----------------------------------------------
  
  precalculated tensors initialized to  (  0.0000000000000000     ,  0.0000000000000000     )
  External b-quark contributions are excluded
  
  creal =   -6.5797362673929038       cvirtual =    5.1594725347858095     
  

 iteration  1:
 integral =  1.417554E-01,  sigma = 8.105E-03
 efficacy = 1.752E-05,  raw efficacy = 1.752E-05
 f_positive = 1.999E-2,  f_zero = 9.681E-1,  f_negative = 1.191E-2
 accumulated statistics:
 integral =  1.417554E-01,  sigma = 8.105E-03,  chi^2/iteration = 0.000E+00

 MONACO:  grid written to file grid3_1.out.1

 MONACO input parameters:
 ndim = 15,  ncall =       4M,   rtype = 0
 nprn =  0,  acc = -1.0E+0,  alph = 8.75E-1,  nd = 48,  mds =  0

 iteration  2:
 integral =  1.439044E-01,  sigma = 1.871E-03
 efficacy = 5.517E-05,  raw efficacy = 1.423E-06
 f_positive = 1.118E-1,  f_zero = 8.400E-1,  f_negative = 4.822E-2
 accumulated statistics:
 integral =  1.437957E-01,  sigma = 1.823E-03,  chi^2/iteration = 6.674E+04

 MONACO:  grid written to file grid3_1.out.2

 MONACO input parameters:
 ndim = 15,  ncall =       8M,   rtype = 0
 nprn =  0,  acc = -1.0E+0,  alph = 8.75E-1,  nd = 48,  mds =  0

 iteration  3:
 integral =  1.440161E-01,  sigma = 9.357E-04
 efficacy = 3.326E-05,  raw efficacy = 7.911E-07
 f_positive = 1.821E-1,  f_zero = 7.492E-1,  f_negative = 6.878E-2
 accumulated statistics:
 integral =  1.439701E-01,  sigma = 8.325E-04,  chi^2/iteration = 7.830E-02

 MONACO:  grid written to file grid3_1.out.3

 MONACO input parameters:
 ndim = 15,  ncall =      16M,   rtype = 0
 nprn =  0,  acc = -1.0E+0,  alph = 8.75E-1,  nd = 48,  mds =  0

 iteration  4:
 integral =  1.436643E-01,  sigma = 5.530E-04
 efficacy = 7.140E-05,  raw efficacy = 2.101E-07
 f_positive = 2.075E-1,  f_zero = 7.206E-1,  f_negative = 7.188E-2
 accumulated statistics:
 integral =  1.437580E-01,  sigma = 4.606E-04,  chi^2/iteration = 8.596E-02

 MONACO:  grid written to file grid3_1.out.4

 MONACO input parameters:
 ndim = 15,  ncall =      32M,   rtype = 0
 nprn =  0,  acc = -1.0E+0,  alph = 8.75E-1,  nd = 48,  mds =  0

 iteration  5:
 integral =  1.433720E-01,  sigma = 3.836E-04
 efficacy = 2.652E-05,  raw efficacy = 1.147E-07
 f_positive = 2.246E-1,  f_zero = 6.968E-1,  f_negative = 7.864E-2
 accumulated statistics:
 integral =  1.435301E-01,  sigma = 2.948E-04,  chi^2/iteration = 1.955E-01

 MONACO:  grid written to file grid3_1.out.5

 MONACO input parameters:
 ndim = 15,  ncall =      64M,   rtype = 0
 nprn =  0,  acc = -1.0E+0,  alph = 8.75E-1,  nd = 48,  mds =  0

 iteration  6:
 integral =  1.445099E-01,  sigma = 2.564E-04
 efficacy = 4.764E-05,  raw efficacy = 1.697E-08
 f_positive = 2.088E-1,  f_zero = 7.144E-1,  f_negative = 7.678E-2
 accumulated statistics:
 integral =  1.440878E-01,  sigma = 1.935E-04,  chi^2/iteration = 1.719E+00

 MONACO:  grid written to file grid3_1.out.6
 
  result for real emissions 
  sigma =   0.14408780000181393       +-    1.9348154609846914E-004  fb
  
  
 PHASE SPACE            2
  

 MONACO input parameters:
 ndim = 15,  ncall =       4M,   rtype = 0
 nprn =  0,  acc = -1.0E+0,  alph = 8.75E-1,  nd = 48,  mds =  0

 MONACO:  continuing with uniform grid

 iteration  1:
 integral =  5.896269E-02,  sigma = 1.989E-02
 efficacy = 7.773E-07,  raw efficacy = 7.773E-07
 f_positive = 2.051E-2,  f_zero = 9.761E-1,  f_negative = 3.341E-3
 accumulated statistics:
 integral =  5.896269E-02,  sigma = 1.989E-02,  chi^2/iteration = 0.000E+00

 MONACO:  grid written to file grid3_2.out.1

 MONACO input parameters:
 ndim = 15,  ncall =       8M,   rtype = 0
 nprn =  0,  acc = -1.0E+0,  alph = 8.75E-1,  nd = 48,  mds =  0

 iteration  2:
 integral =  3.972405E-02,  sigma = 3.103E-03
 efficacy = 1.872E-06,  raw efficacy = 3.450E-08
 f_positive = 6.923E-2,  f_zero = 9.219E-1,  f_negative = 8.853E-3
 accumulated statistics:
 integral =  4.018124E-02,  sigma = 3.066E-03,  chi^2/iteration = 9.133E+05

 MONACO:  grid written to file grid3_2.out.2

 MONACO input parameters:
 ndim = 15,  ncall =      16M,   rtype = 0
 nprn =  0,  acc = -1.0E+0,  alph = 8.75E-1,  nd = 48,  mds =  0

 iteration  3:
 integral =  3.992852E-02,  sigma = 7.489E-04
 efficacy = 5.722E-06,  raw efficacy = 6.435E-09
 f_positive = 1.079E-1,  f_zero = 8.825E-1,  f_negative = 9.538E-3
 accumulated statistics:
 integral =  3.994274E-02,  sigma = 7.275E-04,  chi^2/iteration = 9.197E-01

 MONACO:  grid written to file grid3_2.out.3

 MONACO input parameters:
 ndim = 15,  ncall =      32M,   rtype = 0
 nprn =  0,  acc = -1.0E+0,  alph = 8.75E-1,  nd = 48,  mds =  0

 iteration  4:
 integral =  3.819436E-02,  sigma = 2.788E-04
 efficacy = 7.974E-06,  raw efficacy = 1.797E-09
 f_positive = 9.995E-2,  f_zero = 8.908E-1,  f_negative = 9.288E-3
 accumulated statistics:
 integral =  3.841821E-02,  sigma = 2.603E-04,  chi^2/iteration = 2.978E+00

 MONACO:  grid written to file grid3_2.out.4

 MONACO input parameters:
 ndim = 15,  ncall =      64M,   rtype = 0
 nprn =  0,  acc = -1.0E+0,  alph = 8.75E-1,  nd = 48,  mds =  0

 iteration  5:
 integral =  3.837103E-02,  sigma = 1.240E-04
 efficacy = 2.205E-05,  raw efficacy = 3.210E-10
 f_positive = 1.054E-1,  f_zero = 8.862E-1,  f_negative = 8.383E-3
 accumulated statistics:
 integral =  3.837977E-02,  sigma = 1.120E-04,  chi^2/iteration = 1.994E+00

 MONACO:  grid written to file grid3_2.out.5

 MONACO input parameters:
 ndim = 15,  ncall =     128M,   rtype = 0
 nprn =  0,  acc = -1.0E+0,  alph = 8.75E-1,  nd = 48,  mds =  0

 iteration  6:
 integral =  3.837237E-02,  sigma = 9.312E-05
 efficacy = 8.195E-06,  raw efficacy = 3.076E-11
 f_positive = 1.014E-1,  f_zero = 8.911E-1,  f_negative = 7.478E-3
 accumulated statistics:
 integral =  3.837539E-02,  sigma = 7.160E-05,  chi^2/iteration = 1.496E+00

 MONACO:  grid written to file grid3_2.out.6
 
  result for real emissions 
  sigma =    3.8375391396440202E-002  +-    7.1596443110431835E-005  fb
  
  
 PHASE SPACE            3
  

 MONACO input parameters:
 ndim = 15,  ncall =       4M,   rtype = 0
 nprn =  0,  acc = -1.0E+0,  alph = 8.75E-1,  nd = 48,  mds =  0

 MONACO:  continuing with uniform grid

 iteration  1:
 integral =  1.053159E-01,  sigma = 1.180E-02
 efficacy = 7.053E-06,  raw efficacy = 7.053E-06
 f_positive = 3.265E-2,  f_zero = 9.456E-1,  f_negative = 2.178E-2
 accumulated statistics:
 integral =  1.053159E-01,  sigma = 1.180E-02,  chi^2/iteration = 0.000E+00

 MONACO:  grid written to file grid3_3.out.1

 MONACO input parameters:
 ndim = 15,  ncall =       8M,   rtype = 0
 nprn =  0,  acc = -1.0E+0,  alph = 8.75E-1,  nd = 48,  mds =  0

 iteration  2:
 integral =  1.081540E-01,  sigma = 4.211E-03
 efficacy = 5.555E-06,  raw efficacy = 1.280E-07
 f_positive = 8.942E-2,  f_zero = 8.665E-1,  f_negative = 4.408E-2
 accumulated statistics:
 integral =  1.078334E-01,  sigma = 3.966E-03,  chi^2/iteration = 5.133E+04

 MONACO:  grid written to file grid3_3.out.2

 MONACO input parameters:
 ndim = 15,  ncall =      16M,   rtype = 0
 nprn =  0,  acc = -1.0E+0,  alph = 8.75E-1,  nd = 48,  mds =  0

 iteration  3:
 integral =  1.104419E-01,  sigma = 1.371E-03
 efficacy = 1.307E-05,  raw efficacy = 6.563E-08
 f_positive = 1.002E-1,  f_zero = 8.476E-1,  f_negative = 5.220E-2
 accumulated statistics:
 integral =  1.101634E-01,  sigma = 1.296E-03,  chi^2/iteration = 4.378E-01

 MONACO:  grid written to file grid3_3.out.3

 MONACO input parameters:
 ndim = 15,  ncall =      32M,   rtype = 0
 nprn =  0,  acc = -1.0E+0,  alph = 8.75E-1,  nd = 48,  mds =  0

 iteration  4:
 integral =  1.101721E-01,  sigma = 7.355E-04
 efficacy = 1.209E-05,  raw efficacy = 1.715E-08
 f_positive = 1.017E-1,  f_zero = 8.387E-1,  f_negative = 5.961E-2
 accumulated statistics:
 integral =  1.101700E-01,  sigma = 6.397E-04,  chi^2/iteration = 2.189E-01

 MONACO:  grid written to file grid3_3.out.4

 MONACO input parameters:
 ndim = 15,  ncall =      64M,   rtype = 0
 nprn =  0,  acc = -1.0E+0,  alph = 8.75E-1,  nd = 48,  mds =  0

 iteration  5:
 integral =  1.102655E-01,  sigma = 4.312E-04
 efficacy = 1.495E-05,  raw efficacy = 1.539E-08
 f_positive = 9.651E-2,  f_zero = 8.416E-1,  f_negative = 6.188E-2
 accumulated statistics:
 integral =  1.102357E-01,  sigma = 3.576E-04,  chi^2/iteration = 1.511E-01

 MONACO:  grid written to file grid3_3.out.5

 MONACO input parameters:
 ndim = 15,  ncall =     128M,   rtype = 0
 nprn =  0,  acc = -1.0E+0,  alph = 8.75E-1,  nd = 48,  mds =  0

 iteration  6:
 integral =  1.097366E-01,  sigma = 2.633E-04
 efficacy = 1.845E-05,  raw efficacy = 5.753E-09
 f_positive = 9.170E-2,  f_zero = 8.443E-1,  f_negative = 6.396E-2
 accumulated statistics:
 integral =  1.099121E-01,  sigma = 2.120E-04,  chi^2/iteration = 4.290E-01

 MONACO:  grid written to file grid3_3.out.6
 
  result for real emissions 
  sigma =   0.10991212558117996       +-    2.1204008347637028E-004  fb
  
 
  Total (multi-channel) result (NLO real):   0.29237531697943409       +-    2.9584143784700852E-004  fb    0.10118550392809603      %
 
  
  final result at NLO 
  sigma =   0.86062472428058956       +-    3.6197317393195383E-004  fb   4.2059351041132731E-002 %
  
  Box instabilites           0
           total calls           0
           instabilities [%]   0.0000000000000000     
  FBox instabilites           0
           total calls           0
           instabilities [%]   0.0000000000000000     
  Pentagon instabilites        1321
           total calls     4898040
           instabilities [%]   2.6969971662134242E-002
  Hexagon instabilites           0
           total calls           0
           instabilities [%]   0.0000000000000000     
 
 
 LO for different PHASESPACE:
  0.15706607308511542       +-    7.2593890437976501E-005  fb   4.6218695745094018E-002
   6.4296536976016028E-003  +-    4.8746837874933313E-006  fb   7.5815650682892796E-002
  0.24059337584974899       +-    8.7893341990793276E-005  fb   3.6531904371998519E-002
  
  
 VIRTUAL CONTRIBUTIONS for different PHASESPACE:
  borntype for different PHASESPACE:
  0.19375054573456724       +-    1.2062601907368682E-004  fb   6.2258415126706823E-002
   8.2568757081885342E-003  +-    2.0362794793779723E-005  fb  0.24661622038933528     
  0.30440315819942138       +-    1.4613912645661698E-004  fb   4.8008413355842362E-002
  boxes for different PHASESPACE:
   1.0956177319203397E-002  +-    2.4198157083950439E-005  fb  0.22086313847382896     
   7.5059517899275254E-004  +-    1.8799101002544233E-006  fb  0.25045592522684917     
   3.5500612652357967E-002  +-    4.3274994081727436E-005  fb  0.12189928806440778     
 pentagons for different PHASESPACE:
   1.3792215075933936E-002  +-    6.5999553246846681E-005  fb  0.47852758156309089     
   1.2072405076278182E-005  +-    5.5934173752823852E-007  fb   4.6332253929030580     
   8.2715502741410938E-004  +-    1.9037706141343309E-005  fb   2.3015886394186436     
   
 TOTAL VIRTUAL CONTRIBUTIONS:
 TOTAL borntype:
  0.50641057964217717        1.9058311617476016E-004   3.7634110312115436E-002  %
 TOTAL boxes:
   4.7207385150554115E-002   4.9616630085266013E-005  0.10510353396407854       %
 TOTAL pentagons:
   1.4631442508424323E-002   6.8692708107097019E-005  0.46948691537109838       %
  
  
  REAL EMISSION for different PHASESPACE:
  0.14408780000181393        1.9348154609846914E-004  0.13428031109922797       %
   3.8375391396440202E-002   7.1596443110431835E-005  0.18656863293145018       %
  0.10991212558117996        2.1204008347637028E-004  0.19291782626818516       %
  
  
  
 !!!!!!!!!!!!!!!!!!!!!!!!!!!!!!!!!!!!!!!!!!!!!!!!!!!!!!!!!!!!!!!!!!!!!!!!!!!!!!!!!!!!!!!!!!!!!!!!!!!!!!!!
   
  PROCESS:          491   :   p p -->  W- Z A -->  q q~ e/mu- e/mu+ A
    with leading order hadronic decay of one vector boson
   
  TOTAL result (LO):         0.40408910263246600       +-    1.1410028500078137E-004  fb     2.8236417230127535E-002 %
  NLO virtual result:        0.56824940730115558       +-    2.0857234308265101E-004  fb     3.6704366146767267E-002 %
  QCD real emission:         0.29237531697943409       +-    2.9584143784700852E-004  fb    0.10118550392809603      %
  TOTAL result (NLO):        0.86062472428058956       +-    3.6197317393195383E-004  fb     4.2059351041132731E-002 %
  K-Factor:                   2.1297894911641793     
 !!!!!!!!!!!!!!!!!!!!!!!!!!!!!!!!!!!!!!!!!!!!!!!!!!!!!!!!!!!!!!!!!!!!!!!!!!!!!!!!!!!!!!!!!!!!!!!!!!!!!!!!
  
  
  Endtime: 2016-11-30T20:09:18+0100
  Runtime: 8:25:49 (30349 seconds)
