   
 -----------------------------------------------------------------
 VBFNLO, version 3.0.0 beta0 svn 7626
 Comput. Phys. Commun. 180 (2009) 1661[arXiv:0811.4559 [hep-ph]]
 arXiV:1107.4038, arXiV:1207.4975, arXiv:1404.3940
 http://www.itp.kit.edu/vbfnlo
 -----------------------------------------------------------------
 Process-specific references (please cite as well if appropriate):
 B. Jager, C. Oleari, D. Zeppenfeld
 Phys. Rev. D80 (2009) 034022, e-Print: arXiv:0907.0580 [hep-ph]
 
 -----------------------------------------------------------------
   
   
   
 Initialising LoopTools ..
   
 ====================================================
   FF 2.0, a package to evaluate one-loop integrals
 written by G. J. van Oldenborgh, NIKHEF-H, Amsterdam
 ====================================================
 for the algorithms used see preprint NIKHEF-H 89/17,
 'New Algorithms for One-loop Integrals', by G.J. van
 Oldenborgh and J.A.M. Vermaseren, published in 
 Zeitschrift fuer Physik C46(1990)425.
 ====================================================
  
        Information on global parameters
 -----------------------------------------------
   PROCESS               =      250
   LOPROCESS_PLUS_JET    =        F
   KK_MOD                =        F
   ANOM_CPL              =        F
   LEPTONS               =   -11   12  -13   14
   LO_ITERATIONS         =        6
   NLO_ITERATIONS        =        6
   LO_POINTS             =       26
   NLO_POINTS            =       26
   NLO_SWITCH            =        T
   EWCOR_SWITCH          =        F
   FERMIONLOOP           =        3
   LHA_SWITCH            =        F
   HEPMC_SWITCH          =        F
   LO_GRID               = grid2_1                                           
   NLO_GRID              = grid3_1                                           
   PHTN_GRID             = grid4_1                                           
   FLOOP_GRID            = grid5_1                                           
   ECM                   =  14000.0    
   BEAM1                 =        1
   BEAM2                 =        1
   ID_MUF                =        1
   ID_MUR                =        1
   MUF_USER              =  80.4230    
   MUR_USER              =  80.4230    
   XIF                   =  1.00000    
   XIR                   =  1.00000    
 
       information on the selected process 
 -----------------------------------------------
 
  pp -> W+ W+ jj -> l+ vl l+ vl jj
 
 W+ W+ plus 2 jets production in vector boson fusion with fully leptonic decay.
 The Higgs contribution is included.
 Process is implemented at LO and NLO QCD.
 Anomalous couplings can be set in "anomV.dat".
 References: B. Jager, C. Oleari, D. Zeppenfeld
 Phys. Rev. D80 (2009) 034022, e-Print: arXiv:0907.0580 [hep-ph]
 
 Initializing PDF set CT10
  
               Physics parameters
 -----------------------------------------------
   HTYPE                 =        0
   MODEL                 =        1
   ANOM_CPL              =        F
   KK_MOD                =        F
   SPIN2                 =        F
   HMASS                 =  120.000    
   HWIDTH                = -999.000    
   TOPMASS               =  174.300    
   BOTTOMMASS            =  4.85500    
   CHARMMASS             =  1.65000    
   TAU_MASS              =  1.77684    
   EWSCHEME              =        3
   FERMI_CONST           = 0.116639E-04
   WMASS                 =  80.4230    
   ZMASS                 =  91.1880    
   
 Running in the SM
   
 Higgs mass =   120.00000000000000     
   
  
 Information on scale setting in InitScales 
 -------------------------------------------
  
 Dynamical factorization scale chosen:
         momentum transfer of W/Z  
 Dynamical value for alphas chosen:
 alphas = alpha(momentum transfer of W/Z)
 Initializing PDF set cteq6l1
  
  
  
  
   Information on couplings, masses and widths
 ===============================================
  
   SM coupling parameters 
 ---------------------------
   G_Fermi                         : 0.000011663900
   SIN**2 of the weak mixing angle : 0.22216916
   Q.E.D. fine structure constant  : 1/132.53994    
   SU(2) coupling constant g       : 0.65326540
   U(1) coupling constant g'       : 0.34913145
   Q.C.D. LO alfas(MZ)             : 0.12980804
   Q.C.D. NLO alfas(MZ)            : 0.11798151
  
      particle masses
 ---------------------------
   mass of the Z0 boson            :   91.1880
   mass of the W+/- boson          :   80.4230
   mass of the Higgs boson         :  120.0000
   mass of the top quark           :  174.3000
   mass of the bottom quark at MH  :    2.8132
  (All other fermions have mass equal ZERO)
  
      particle widths
 ---------------------------
   total widths of Z0              :   2.509827 GeV
   total widths of W+ or W-        :   2.099666 GeV
   total widths of Higgs           :   0.003582 GeV
   total widths of top quark       :   1.392127 GeV
  
     branching ratios
 ---------------------------
   W -> lepton anti-lepton         : 10.8397229 %
   W -> massless quark anti-quark  : 33.7404157 %
   W -> top bottom                 :  0.0000000 %
  
   Z -> neutrino anti-neutrino     :  6.6094738 %
   Z -> charged lepton anti-lepton :  3.3456921 %
   Z -> up-type quark anti-quark   : 11.9950893 %
   Z -> down-type quark anti-quark : 15.3814412 %
   Z -> top anti-top               :  0.0000000 %
  
   H -> WW                         : 13.3744522 %
   H -> ZZ                         :  1.6961953 %
   H -> bottom anti-bottom         : 65.5266319 %
   H -> top anti-top               :  0.0000000 %
   H -> charm anti-charm           :  3.8928654 %
   H -> tau anti-tau               :  6.9329839 %
   H -> mu anti-mu                 :  0.0245471 %
   H -> gluon gluon                :  8.2011123 %
   H -> gamma gamma                :  0.2313882 %
   H -> Z gamma                    :  0.1198237 %
  
 Warning: cannot read value for key = MLL_OSONLY. Using default value :  T
 Warning: cannot read value for key = PTMISS_MIN. Using default value :    0.0000000000000000     
 
          information on cut parameters
 -----------------------------------------------
 
 minimum jet pt        (PT_JET_MIN):     20.00    20.00    20.00   
 maximum jet rapidity                 (Y_JET_MAX):    4.5000000000000000     
 maximum parton pseudorapidity          (Y_P_MAX):    5.0000000000000000     
 minimum jet-jet R-separation           (RJJ_MIN):   0.69999999999999996     
 minimum number of jets                (NJET_MIN):            2
 single jet from hadronic decay (SINGLE_DECAYJET):            0
 exponent of generalised kT algorithm (PGENKTJET):    1.0000000000000000     
 minimum lepton-lepton R-separation     (RLL_MIN):   0.10000000000000001     
 maximum lepton-lepton R-separation     (RLL_MAX):    50.000000000000000     
 minimum jet-lepton R-separation        (RJL_MIN):   0.40000000000000002     
 minimum jet-photon R-separation        (RJG_MIN):   0.59999999999999998     
 minimum lepton-photon R-separation     (RLG_MIN):   0.59999999999999998     
 minimum photon-photon R-separation     (RGG_MIN):   0.59999999999999998     
 maximum photon-photon R-separation     (RGG_MAX):    50.000000000000000     
 maximum lepton rapidity                (Y_L_MAX):    2.5000000000000000     
 minimum lepton pt       (PT_L_MIN):     20.00    20.00   
 minimum invariant dilepton mass        (MLL_MIN):    0.0000000000000000     
 maximum invariant dilepton mass        (MLL_MAX):    14000.000000000000     
 m_ll cuts only on opposite-sign l   (MLL_OSONLY):  T
 maximum photon rapidity                (Y_G_MAX):    1.5000000000000000     
 minimum photon pt       (PT_G_MIN):    
 photon isolation cut                 (PHISOLCUT):   0.69999999999999996     
 efficiency of photon isolation cut   (EFISOLCUT):    1.0000000000000000     
 minimum invariant lepton-photon mass   (MLG_MIN):    0.0000000000000000     
 maximum invariant lepton-photon mass   (MLG_MAX):    1.0000000000000000E+020
 minimal missing transverse momentum (PTMISS_MIN):    0.0000000000000000     
 minimum jet rapidity separation      (ETAJJ_MIN):    4.0000000000000000     
 tagging jets in opposite hemispheres     (YSIGN):    F
 leptons fall inside rapidity gap     (LRAPIDGAP):    T
 min leptons y-dist from tagging jets   (DELY_JL):   -20.000000000000000     
 photons fall inside rapidity gap     (GRAPIDGAP):    F
 min photons y-dist from tagging jets   (DELY_JG):    20.000000000000000     
 dijet min mass cut on tag jets        (MDIJ_MIN):    600.00000000000000     
 dijet max mass cut on tag jets        (MDIJ_MAX):    14000.000000000000     
 veto criteria for jets                   (JVETO):    F
 minimum veto-tag y-dist             (DELY_JVETO):   -20.000000000000000     
 maximum |y| for veto jet             (YMAX_VETO):    5.0000000000000000     
 minimum pT for veto jet             (PTMIN_VETO):    15.000000000000000     
 

        phase space generator information  
 -----------------------------------------------

 boson  0 has mass   160.85 GeV and width   500.0000 GeV
 integration range for boson  0 =      0.032  to     9899.495 GeV
 boson  3 has mass    80.42 GeV and width     2.0997 GeV
 integration range for boson  3 =      0.032  to     9899.495 GeV
 boson  4 has mass    80.42 GeV and width     2.0997 GeV
 integration range for boson  4 =      0.032  to     9899.495 GeV

 machine energy =    14000.0  GeV
 Minimal mom.transfer or mass for parton pair:   100.00 MeV

 -----------------------------------------------

  Random number generator initialized with seed =            0
 
          information on histogram config
 -----------------------------------------------
 
 SMEARING           =      T
 SMEAR_VALUE        =       0.20000000000000001     
 CALC_ERROR_GNUPLOT =      F
 CALC_ERROR_ROOT    =      F
 CALC_ERROR_1D      =      T
 CALC_ERROR_2D      =      F
 
HIST_ID1      =      0.00    250.00  # dS/dpT_j (fb/GeV)
HIST_ID2      =      0.00    500.00  # dS/dpTmax_j (fb/GeV)
HIST_ID3      =      0.00    200.00  # dS/dpTmin_j (fb/GeV)
HIST_ID4      =     -5.00      5.00  # dS/dy_j (fb)
HIST_ID5      =     -5.00      5.00  # dS/dy_j1 (fb)
HIST_ID6      =     -5.00      5.00  # dS/dy_j2 (fb)
HIST_ID7      =      0.00    500.00  # dS/dpTmax_l (fb/GeV)
HIST_ID8      =      0.00    200.00  # dS/dpTmin_l (fb/GeV)
HIST_ID9      =      0.00      5.00  # dS/d|eta|max_l (fb)
HIST_ID10     =      0.00      5.00  # dS/d|eta|min_l (fb)
HIST_ID11     =   -180.00    180.00  # dS/dPhi_jj (fb)
2DHIST_ID1    =      0.00      6.00      0.00    800.00  # d2S/dy_jj dm_jj (fb/GeV)
 
 -----------------------------------------------
 
 
 

 MONACO input parameters:
 ndim = 15,  ncall =       2M,   rtype = 0
 nprn =  0,  acc = -1.0E+0,  alph = 8.75E-1,  nd = 48,  mds =  0

 MONACO:  continuing with uniform grid
  
 W+W+ jj amplitude square information:
 -----------------------------------------------
  
  VV -> WW tensors initialized to  (  0.0000000000000000     ,  0.0000000000000000     )
  External b-quark contributions are excluded

 iteration  1:
 integral =  1.421159E+00,  sigma = 1.488E-01
 efficacy = 7.857E-06,  raw efficacy = 7.857E-06
 f_positive = 1.539E-2,  f_zero = 9.846E-1,  f_negative = 0.000E+0
 accumulated statistics:
 integral =  1.421159E+00,  sigma = 1.488E-01,  chi^2/iteration = 1.421E-14

 MONACO:  grid written to file grid2_1.out.1

 MONACO input parameters:
 ndim = 15,  ncall =       4M,   rtype = 0
 nprn =  0,  acc = -1.0E+0,  alph = 8.75E-1,  nd = 48,  mds =  0

 iteration  2:
 integral =  1.351167E+00,  sigma = 1.161E-02
 efficacy = 6.784E-05,  raw efficacy = 6.104E-07
 f_positive = 1.219E-1,  f_zero = 8.781E-1,  f_negative = 0.000E+0
 accumulated statistics:
 integral =  1.351590E+00,  sigma = 1.157E-02,  chi^2/iteration = 2.198E+05

 MONACO:  grid written to file grid2_1.out.2

 MONACO input parameters:
 ndim = 15,  ncall =       8M,   rtype = 0
 nprn =  0,  acc = -1.0E+0,  alph = 8.75E-1,  nd = 48,  mds =  0

 iteration  3:
 integral =  1.356196E+00,  sigma = 2.898E-03
 efficacy = 3.054E-04,  raw efficacy = 3.677E-07
 f_positive = 2.564E-1,  f_zero = 7.436E-1,  f_negative = 0.000E+0
 accumulated statistics:
 integral =  1.355924E+00,  sigma = 2.811E-03,  chi^2/iteration = 3.689E-01

 MONACO:  grid written to file grid2_1.out.3

 MONACO input parameters:
 ndim = 15,  ncall =      16M,   rtype = 0
 nprn =  0,  acc = -1.0E+0,  alph = 8.75E-1,  nd = 48,  mds =  0

 iteration  4:
 integral =  1.357900E+00,  sigma = 1.337E-03
 efficacy = 1.476E-03,  raw efficacy = 2.018E-07
 f_positive = 3.201E-1,  f_zero = 6.799E-1,  f_negative = 0.000E+0
 accumulated statistics:
 integral =  1.357536E+00,  sigma = 1.207E-03,  chi^2/iteration = 3.860E-01

 MONACO:  grid written to file grid2_1.out.4

 MONACO input parameters:
 ndim = 15,  ncall =      32M,   rtype = 0
 nprn =  0,  acc = -1.0E+0,  alph = 8.75E-1,  nd = 48,  mds =  0

 iteration  5:
 integral =  1.355391E+00,  sigma = 8.295E-04
 efficacy = 4.164E-04,  raw efficacy = 1.884E-07
 f_positive = 3.516E-1,  f_zero = 6.484E-1,  f_negative = 0.000E+0
 accumulated statistics:
 integral =  1.356079E+00,  sigma = 6.837E-04,  chi^2/iteration = 9.723E-01

 MONACO:  grid written to file grid2_1.out.5

 MONACO input parameters:
 ndim = 15,  ncall =      64M,   rtype = 0
 nprn =  0,  acc = -1.0E+0,  alph = 8.75E-1,  nd = 48,  mds =  0
  random number setting in monaco saved 

 iteration  6:
 integral =  1.355532E+00,  sigma = 5.508E-04
 efficacy = 5.764E-04,  raw efficacy = 2.248E-07
 f_positive = 3.624E-1,  f_zero = 6.376E-1,  f_negative = 0.000E+0
 accumulated statistics:
 integral =  1.355748E+00,  sigma = 4.289E-04,  chi^2/iteration = 8.261E-01

 MONACO:  grid written to file grid2_1.out.6
 
  result (LO):    1.3557475993585697       +-    4.2892621238727188E-004  fb     3.1637615481687385E-002 %
 
   
 Initialising FF ..
   
 ====================================================
   FF 2.0, a package to evaluate one-loop integrals
 written by G. J. van Oldenborgh, NIKHEF-H, Amsterdam
 ====================================================
 for the algorithms used see preprint NIKHEF-H 89/17,
 'New Algorithms for One-loop Integrals', by G.J. van
 Oldenborgh and J.A.M. Vermaseren, published in 
 Zeitschrift fuer Physik C46(1990)425.
 ====================================================
 ====================================================
   FF 2.0, a package to evaluate one-loop integrals
 written by G. J. van Oldenborgh, NIKHEF-H, Amsterdam
 ====================================================
 for the algorithms used see preprint NIKHEF-H 89/17,
 'New Algorithms for One-loop Integrals', by G.J. van
 Oldenborgh and J.A.M. Vermaseren, published in 
 Zeitschrift fuer Physik C46(1990)425.
 ====================================================
 Initializing PDF set CT10

 MONACO input parameters:
 ndim = 15,  ncall =      64M,   rtype = 0
 nprn =  0,  acc = -1.0E+0,  alph = 8.75E-1,  nd = 48,  mds =  0

 MONACO:  grid read from file grid2_1.out.6                                                                                                                                                                                                                                             

 iteration  1:
 integral =  1.147464E+00,  sigma = 4.593E-04
 efficacy = 5.339E-04,  raw efficacy = 2.146E-07
 f_positive = 3.718E-1,  f_zero = 6.282E-1,  f_negative = 0.000E+0
 accumulated statistics:
 integral =  1.147464E+00,  sigma = 4.593E-04,  chi^2/iteration = 9.313E-10

 MONACO:  grid written to file grid2_1.vout.1
  
  result for virtual contribution, no.            1
  sigma =    1.1474637206555123       +-    4.5934750020501145E-004  fb  
  
 total result for virtual contns so far 
  sigma =    1.1474637206555123       +-    4.5934750020501145E-004  fb
  

 MONACO input parameters:
 ndim = 15,  ncall =       4M,   rtype = 0
 nprn =  0,  acc = -1.0E+0,  alph = 8.75E-1,  nd = 48,  mds =  0

 MONACO:  grid read from file grid2_1.out.6                                                                                                                                                                                                                                             

 iteration  1:
 integral =  9.435596E-03,  sigma = 1.145E-04
 efficacy = 8.401E-05,  raw efficacy = 4.701E-08
 f_positive = 2.157E-1,  f_zero = 6.281E-1,  f_negative = 1.562E-1
 accumulated statistics:
 integral =  9.435596E-03,  sigma = 1.145E-04,  chi^2/iteration = 9.095E-13

 MONACO:  grid written to file grid2_1.vout.2
  
  result for virtual contribution, no.            2
  sigma =    9.4355958699471939E-003  +-    1.1449520303868280E-004  fb  
  
 total result for virtual contns so far 
  sigma =    1.1568993165254595       +-    4.7340181396300353E-004  fb
  

 MONACO input parameters:
 ndim = 15,  ncall =     512k,   rtype = 0
 nprn =  0,  acc = -1.0E+0,  alph = 8.75E-1,  nd = 48,  mds =  0

 MONACO:  grid read from file grid2_1.out.6                                                                                                                                                                                                                                             
 criterion chosen: mv5/mvc.gt.0.1d0

 iteration  1:
 integral = -4.144849E-03,  sigma = 1.652E-04
 efficacy = 1.560E-04,  raw efficacy = 2.337E-07
 f_positive = 1.640E-1,  f_zero = 6.281E-1,  f_negative = 2.080E-1
 accumulated statistics:
 integral = -4.144849E-03,  sigma = 1.652E-04,  chi^2/iteration = 0.000E+00

 MONACO:  grid written to file grid2_1.vout.3
  
  result for virtual contribution, no.            3
  sigma =   -4.1448494991256253E-003  +-    1.6522826848043540E-004  fb  
  
 total result for virtual contns so far 
  sigma =    1.1527544670263339       +-    5.0140767661505244E-004  fb
  
   
 Summary for FF ..
   
 
total number of errors and warnings
===================================
vbffferr: no errors
the warning system has been disabled
 
 vbfquadffopen: error: could not open /itp/scratch/rauch/vbfquadnlotest/binaryrelease30/share/VBFNLO/ff/fferr.dat                                                     
         adjust path in vbfquadffopen (vbfquadffinit.f)
vbfquadfferr:  warning cannot open fferr.dat with error texts
 
total number of errors and warnings
===================================
vbfquadfferr: no errors
the warning system has been disabled
 

 MONACO input parameters:
 ndim = 18,  ncall =       2M,   rtype = 0
 nprn =  0,  acc = -1.0E+0,  alph = 8.75E-1,  nd = 48,  mds =  0

 MONACO:  continuing with uniform grid
  
 W+W+ jjj amplitude square information:
 -----------------------------------------------
  
  VV -> WW tensors initialized to  (  0.0000000000000000     ,  0.0000000000000000     )
  External b-quark contributions are excluded
  
  creal =   -4.0797362673929065       cvirtual =   -3.7101318663035472     
  virt factor for alphas = 0.12 is   0.81104453988909386     

 iteration  1:
 integral =  2.875557E-01,  sigma = 1.033E-01
 efficacy = 1.499E-06,  raw efficacy = 1.499E-06
 f_positive = 2.340E-2,  f_zero = 9.597E-1,  f_negative = 1.686E-2
 accumulated statistics:
 integral =  2.875557E-01,  sigma = 1.033E-01,  chi^2/iteration = 0.000E+00

 MONACO:  grid written to file grid3_1.out.1

 MONACO input parameters:
 ndim = 18,  ncall =       4M,   rtype = 0
 nprn =  0,  acc = -1.0E+0,  alph = 8.75E-1,  nd = 48,  mds =  0

 iteration  2:
 integral =  2.031066E-01,  sigma = 2.687E-02
 efficacy = 2.266E-06,  raw efficacy = 1.248E-08
 f_positive = 6.879E-2,  f_zero = 8.965E-1,  f_negative = 3.466E-2
 accumulated statistics:
 integral =  2.084603E-01,  sigma = 2.601E-02,  chi^2/iteration = 6.261E+05

 MONACO:  grid written to file grid3_1.out.2

 MONACO input parameters:
 ndim = 18,  ncall =       8M,   rtype = 0
 nprn =  0,  acc = -1.0E+0,  alph = 8.75E-1,  nd = 48,  mds =  0

 iteration  3:
 integral =  2.491235E-01,  sigma = 6.956E-03
 efficacy = 1.249E-05,  raw efficacy = 6.031E-09
 f_positive = 1.063E-1,  f_zero = 8.475E-1,  f_negative = 4.620E-2
 accumulated statistics:
 integral =  2.464085E-01,  sigma = 6.720E-03,  chi^2/iteration = 2.908E+00

 MONACO:  grid written to file grid3_1.out.3

 MONACO input parameters:
 ndim = 18,  ncall =      16M,   rtype = 0
 nprn =  0,  acc = -1.0E+0,  alph = 8.75E-1,  nd = 48,  mds =  0

 iteration  4:
 integral =  2.502323E-01,  sigma = 2.690E-03
 efficacy = 1.617E-05,  raw efficacy = 2.211E-09
 f_positive = 1.507E-1,  f_zero = 7.899E-1,  f_negative = 5.933E-2
 accumulated statistics:
 integral =  2.497044E-01,  sigma = 2.497E-03,  chi^2/iteration = 1.593E+00

 MONACO:  grid written to file grid3_1.out.4

 MONACO input parameters:
 ndim = 18,  ncall =      32M,   rtype = 0
 nprn =  0,  acc = -1.0E+0,  alph = 8.75E-1,  nd = 48,  mds =  0

 iteration  5:
 integral =  2.527442E-01,  sigma = 1.498E-03
 efficacy = 1.294E-05,  raw efficacy = 3.128E-09
 f_positive = 1.667E-1,  f_zero = 7.699E-1,  f_negative = 6.345E-2
 accumulated statistics:
 integral =  2.519397E-01,  sigma = 1.285E-03,  chi^2/iteration = 1.425E+00

 MONACO:  grid written to file grid3_1.out.5

 MONACO input parameters:
 ndim = 18,  ncall =      64M,   rtype = 0
 nprn =  0,  acc = -1.0E+0,  alph = 8.75E-1,  nd = 48,  mds =  0

 iteration  6:
 integral =  2.516442E-01,  sigma = 9.934E-04
 efficacy = 1.033E-05,  raw efficacy = 1.173E-09
 f_positive = 1.790E-1,  f_zero = 7.494E-1,  f_negative = 7.161E-2
 accumulated statistics:
 integral =  2.517548E-01,  sigma = 7.859E-04,  chi^2/iteration = 1.077E+00

 MONACO:  grid written to file grid3_1.out.6
 
  result for real emissions 
  sigma =   0.25175479413392138       +-    7.8585163327277489E-004  fb
  
 
total number of errors and warnings
===================================
fferr: no errors
 
  
  final result at NLO 
  sigma =    1.4045092611602552       +-    9.3218691671037351E-004  fb   6.6371005338925315E-002 %
 
   
 TOTAL VIRTUAL CONTRIBUTIONS:
 TOTAL borntype:
   1.1474637206555123        4.5934750020501145E-004   4.0031548879174997E-002  %
 TOTAL boxes:
   9.4355958699471939E-003   1.1449520303868280E-004   1.2134390304204874       %
 TOTAL pentagons:
  -4.1448494991256253E-003   1.6522826848043540E-004  -3.9863514589683180       %
  
  
  
 !!!!!!!!!!!!!!!!!!!!!!!!!!!!!!!!!!!!!!!!!!!!!!!!!!!!!!!!!!!!!!!!!!!!!!!!!!!!!!!!!!!!!!!!!!!!!!!!!!!!!!!!
     VBFNLO 3.0.0 beta0 svn 7626
   
  PROCESS:          250   :   p p -->  W+ W+ jj -->  e+ ve mu+ vmu jj
   
  TOTAL result (LO):          1.3557475993585697       +-    4.2892621238727188E-004  fb     3.1637615481687385E-002 %
  NLO virtual result:         1.1527544670263339       +-    5.0140767661505244E-004  fb     4.3496485240997827E-002 %
  QCD real emission:         0.25175479413392138       +-    7.8585163327277489E-004  fb    0.31214962002063795      %
  TOTAL result (NLO):         1.4045092611602552       +-    9.3218691671037351E-004  fb     6.6371005338925315E-002 %
  K-Factor:                   1.0359666222715465     
 !!!!!!!!!!!!!!!!!!!!!!!!!!!!!!!!!!!!!!!!!!!!!!!!!!!!!!!!!!!!!!!!!!!!!!!!!!!!!!!!!!!!!!!!!!!!!!!!!!!!!!!!
  
  
