   
 -----------------------------------------------------------------
 VBFNLO, version 3.0.0 GIT 1571c2fe
 Comput. Phys. Commun. 180 (2009) 1661[arXiv:0811.4559 [hep-ph]]
 arXiV:1107.4038, arXiV:1207.4975, arXiv:1404.3940
 http://www.itp.kit.edu/vbfnlo
 -----------------------------------------------------------------
 Process-specific references (please cite as well if appropriate):
 
 J. Frank, M. Rauch and D. Zeppenfeld,
 arXiv:1305.1883 [hep-ph],
 J. Frank diploma thesis
 e-Print: www-itp.particle.uni-karlsruhe.de/prep/diploma/PSFiles/Diplom_Frank.pdf
 
 -----------------------------------------------------------------
   
   
  
        Information on global parameters
 -----------------------------------------------
   PROCESS               =      196
   LOPROCESS_PLUS_JET    =        F
   KK_MOD                =        F
   ANOM_CPL              =        F
   LEPTONS               =   -11   11  -11   11
   LO_ITERATIONS         =        6
   NLO_ITERATIONS        =        6
   LO_POINTS             =       26
   NLO_POINTS            =       26
   NLO_SWITCH            =        T
   EWCOR_SWITCH          =        F
   FERMIONLOOP           =        3
   LHA_SWITCH            =        F
   HEPMC_SWITCH          =        F
   LO_GRID               = grid2_1                                           
   NLO_GRID              = grid3_1                                           
   PHTN_GRID             = grid4_1                                           
   FLOOP_GRID            = grid5_1                                           
   ECM                   =  13600.0    
   BEAM1                 =        1
   BEAM2                 =        1
   ID_MUF                =        1
   ID_MUR                =        1
   MUF_USER              =  100.000    
   MUR_USER              =  100.000    
   XIF                   =  1.00000    
   XIR                   =  1.00000    
 Warning: cannot read value for key = SHOWTIMING. Using default value :  T
 
       information on the selected process 
 -----------------------------------------------
 
  pp -> spin-2 (or Higgs) jj -> Z Z jj -> l+ l- l+ l- jj
 
 Z pair + 2 jets production in vector boson fusion.
 Only the resonant spin-2 (or Higgs) diagrams are included.
 The vector bosons subsequently decay into l+ l- l+ l-.
 For spin-2, set spin2=true and use "spin2coupl.dat".
 For Higgs instead of spin-2, set spin2=false.
 Process is implemented at LO and NLO QCD.
 References:
 J. Frank, M. Rauch and D. Zeppenfeld,
 arXiv:1305.1883 [hep-ph],
 J. Frank diploma thesis
 e-Print: www-itp.particle.uni-karlsruhe.de/prep/diploma/PSFiles/Diplom_Frank.pdf
 
             Information on PDF sets            
 -----------------------------------------------
 Initializing PDF set CT18
  
               Physics parameters
 -----------------------------------------------
   HTYPE                 =        0
   MODEL                 =        1
   ANOM_CPL              =        F
   KK_MOD                =        F
   SPIN2                 =        T
   HMASS                 =  125.000    
   HWIDTH                = -999.000    
   TOPMASS               =  172.500    
   BOTTOMMASS            =  4.85500    
   CHARMMASS             =  1.65000    
   TAU_MASS              =  1.77684    
   EWSCHEME              =        3
   FERMI_CONST           = 0.116637E-04
   WMASS                 =  80.3980    
   ZMASS                 =  91.1876    
   
 Running in the SM
   
 Higgs mass =   125.00000000000000     
   
   
  
 Information on scale setting in InitScales 
 -------------------------------------------
  
 Dynamical factorization scale chosen:
         momentum transfer of W/Z  
 Dynamical value for alphas chosen:
 alphas = alpha(momentum transfer of W/Z)
  
  
   Information on couplings, masses and widths
 ===============================================
  
   SM coupling parameters 
 ---------------------------
   G_Fermi                         : 0.000011663700
   SIN**2 of the weak mixing angle : 0.22264585
   Q.E.D. fine structure constant  : 1/132.34070    
   SU(2) coupling constant g       : 0.65305673
   U(1) coupling constant g'       : 0.34950127
   Q.C.D. LO alfas(MZ)             : 0.12980813
   Q.C.D. NLO alfas(MZ)            : 0.11798159
  
      particle masses
 ---------------------------
   mass of the Z0 boson            :   91.1876
   mass of the W+/- boson          :   80.3980
   mass of the Higgs boson         :  125.0000
   mass of the top quark           :  172.5000
   mass of the bottom quark at MH  :    2.8039
  (All other fermions have mass equal ZERO)
  
      particle widths
 ---------------------------
   total widths of Z0              :   2.508420 GeV
   total widths of W+ or W-        :   2.097673 GeV
   total widths of Higgs           :   0.004128 GeV
   total widths of top quark       :   1.342520 GeV
  
     branching ratios
 ---------------------------
   W -> lepton anti-lepton         : 10.8397227 %
   W -> massless quark anti-quark  : 33.7404159 %
   W -> top bottom                 :  0.0000000 %
  
   Z -> neutrino anti-neutrino     :  6.6129820 %
   Z -> charged lepton anti-lepton :  3.3460763 %
   Z -> up-type quark anti-quark   : 11.9908090 %
   Z -> down-type quark anti-quark : 15.3804024 %
   Z -> top anti-top               :  0.0000000 %
  
   H -> WW                         : 20.4628169 %
   H -> ZZ                         :  2.5390366 %
   H -> bottom anti-bottom         : 58.7489081 %
   H -> top anti-top               :  0.0000000 %
   H -> charm anti-charm           :  3.4901975 %
   H -> tau anti-tau               :  6.2665676 %
   H -> mu anti-mu                 :  0.0221853 %
   H -> gluon gluon                :  8.0504027 %
   H -> gamma gamma                :  0.2383715 %
   H -> Z gamma                    :  0.1815139 %
  
  
   Information on spin-2 parameters  
 ------------------------------------------------
   F1                    =  1.00000    
   F2                    =  1.00000    
   F3                    =  0.00000    
   F4                    =  0.00000    
   F5                    =  1.00000    
 Warning: cannot read value for key = F9. Using default value :    0.0000000000000000     
   F6                    =  0.00000    
   F7                    =  0.00000    
   LAMBDA                =  20000.0    
   SP2MASS               =  130.000    
   MSP2TRIPPM            =  130.000    
   MSP2TRIPN             =  130.000    
   BRRAT                 =  1.00000    
   BRRATTRIPPM           =  1.00000    
   BRRATTRIPN            =  1.00000    
   NFF                   =  3.00000    
   LAMBDAFF              =  400.000    
  
 sp2tripnwidth is set to 1
 (it is 0 because the spin-2 triplet couplings are 0)
 sp2trippmwidth is set to 1
 (it is 0 because the spin-2 triplet couplings are 0)
 sp2width   2.1853963123305879E-005
 sp2widthww   0.0000000000000000     
 sp2widthzz   0.0000000000000000     
 sp2widthaa   2.1853963123305879E-005
 sp2widthaz   0.0000000000000000     
 sp2widthgg   0.0000000000000000     
 sp2tripnwidth   1.0000000000000000     
 sp2tripnwidthww   0.0000000000000000     
 sp2tripnwidthzz   0.0000000000000000     
 sp2tripnwidthaa   0.0000000000000000     
 sp2tripnwidthaz   0.0000000000000000     
 sp2trippmwidth   1.0000000000000000     
 sp2trippmwidthwa   0.0000000000000000     
 sp2trippmwidthwz   0.0000000000000000     
 Warning: cannot read value for key = MLL_OSONLY. Using default value :  T
 Warning: cannot read value for key = PTMISS_MIN. Using default value :    0.0000000000000000     
 Warning: cannot read value for key = EXISOLCUT. Using default value :    1.0000000000000000     
 Warning: cannot read value for key = MJ_WINDOWV. Using default value :    0.0000000000000000     
 
          information on cut parameters
 -----------------------------------------------
 
 minimum jet pt        (PT_JET_MIN):     20.00    20.00    20.00   
 maximum jet rapidity                 (Y_JET_MAX):    4.5000000000000000     
 maximum parton pseudorapidity          (Y_P_MAX):    5.0000000000000000     
 minimum jet-jet R-separation           (RJJ_MIN):   0.80000000000000004     
 minimum number of jets                (NJET_MIN):            2
 single jet from hadronic decay (SINGLE_DECAYJET):            0
 exponent of generalised kT algorithm (PGENKTJET):    1.0000000000000000     
 minimum lepton-lepton R-separation     (RLL_MIN):    0.0000000000000000     
 maximum lepton-lepton R-separation     (RLL_MAX):    50.000000000000000     
 minimum jet-lepton R-separation        (RJL_MIN):    0.0000000000000000     
 minimum jet-photon R-separation        (RJG_MIN):    0.0000000000000000     
 minimum lepton-photon R-separation     (RLG_MIN):    0.0000000000000000     
 minimum photon-photon R-separation     (RGG_MIN):    0.0000000000000000     
 maximum photon-photon R-separation     (RGG_MAX):    50.000000000000000     
 maximum lepton rapidity                (Y_L_MAX):    2.5000000000000000     
 minimum lepton pt       (PT_L_MIN):     10.00    10.00    10.00    10.00   
 minimum invariant dilepton mass        (MLL_MIN):    15.000000000000000     
 maximum invariant dilepton mass        (MLL_MAX):    14000.000000000000     
 m_ll cuts only on opposite-sign l   (MLL_OSONLY):  T
 maximum photon rapidity                (Y_G_MAX):    1.5000000000000000     
 minimum photon pt       (PT_G_MIN):    
 photon isolation cut                 (PHISOLCUT):   0.69999999999999996     
 efficiency of photon isolation cut   (EFISOLCUT):    1.0000000000000000     
 exponent of photon isolation cut   (EXISOLCUT):    1.0000000000000000     
 minimum invariant lepton-photon mass   (MLG_MIN):    0.0000000000000000     
 maximum invariant lepton-photon mass   (MLG_MAX):    1.0000000000000000E+020
 minimal missing transverse momentum (PTMISS_MIN):    0.0000000000000000     
 minimum jet rapidity separation      (ETAJJ_MIN):    4.0000000000000000     
 tagging jets in opposite hemispheres     (YSIGN):    T
 leptons fall inside rapidity gap     (LRAPIDGAP):    T
 min leptons y-dist from tagging jets   (DELY_JL):    0.0000000000000000     
 photons fall inside rapidity gap     (GRAPIDGAP):    T
 min photons y-dist from tagging jets   (DELY_JG):    0.0000000000000000     
 dijet min mass cut on tag jets        (MDIJ_MIN):    600.00000000000000     
 dijet max mass cut on tag jets        (MDIJ_MAX):    14000.000000000000     
 excluded jet-m window               (MJ_WINDOWV):    85.792800000000000        85.792800000000000     
 veto criteria for jets                   (JVETO):    F
 minimum veto-tag y-dist             (DELY_JVETO):    0.0000000000000000     
 maximum |y| for veto jet             (YMAX_VETO):    5.0000000000000000     
 minimum pT for veto jet             (PTMIN_VETO):    10.000000000000000     
 

        phase space generator information  
 -----------------------------------------------

 boson 39 has mass   130.00 GeV and width     0.0000 GeV
 integration range for boson 39 =    129.997  to      130.003 GeV
 boson  2 has mass    91.19 GeV and width     2.5084 GeV
 integration range for boson  2 =      0.032  to     9616.652 GeV
 boson  2 has mass    91.19 GeV and width     2.5084 GeV
 integration range for boson  2 =      0.032  to     9616.652 GeV

 machine energy =    13600.0  GeV
 Minimal mom.transfer or mass for parton pair:   100.00 MeV

 -----------------------------------------------

  Open error on file random.dat
  Using default values.
  Random number generator initialized with seed =            0
 
          information on histogram config
 -----------------------------------------------
 
  Open error on file histograms.dat
  Using default values.
 SMEARING           =      T
 SMEAR_VALUE        =       0.10000000000000001     
 CALC_ERROR_GNUPLOT =      F
 CALC_ERROR_ROOT    =      F
 CALC_ERROR_1D      =      T
 CALC_ERROR_2D      =      F
 
HIST_ID1      =      0.00    250.00  # dS/dpT_j (fb/GeV)
HIST_ID2      =      0.00    500.00  # dS/dpTmax_j (fb/GeV)
HIST_ID3      =      0.00    200.00  # dS/dpTmin_j (fb/GeV)
HIST_ID4      =     -5.00      5.00  # dS/dy_j (fb)
HIST_ID5      =     -5.00      5.00  # dS/dy_j1 (fb)
HIST_ID6      =     -5.00      5.00  # dS/dy_j2 (fb)
HIST_ID7      =      0.00    500.00  # dS/dpTmax_l (fb/GeV)
HIST_ID8      =      0.00    200.00  # dS/dpTmin_l (fb/GeV)
HIST_ID9      =      0.00      5.00  # dS/d|eta|max_l (fb)
HIST_ID10     =      0.00      5.00  # dS/d|eta|min_l (fb)
HIST_ID11     =   -180.00    180.00  # dS/dPhi_jj (fb)
2DHIST_ID1    =      0.00      6.00      0.00    800.00  # d2S/dy_jj dm_jj (fb/GeV)
 
 -----------------------------------------------
 
Starttime: 2024-04-30T16:03:09+0200

 MONACO input parameters:
 ndim = 15,  ncall =       2M,   rtype = 0
 nprn =  0,  acc = -1.0E+0,  alph =  8.75E-1,  nd = 48,  mds =  0

 MONACO:  continuing with uniform grid
  
 VV (-> Spin2) -> ZZ jj -> 4l
 amplitude square information:
  
  VV jj (to spin-2) to ZZ tensors
 initialized to                (0.0000000000000000,0.0000000000000000)
  External b-quark contributions are excluded

 iteration  1:
 integral =  9.060802E-07,  sigma = 1.126E-07
 efficacy = 5.269E-06,  raw efficacy = 5.269E-06
 f_positive = 4.456E-3,  f_zero = 9.955E-1,  f_negative = 0.000E+0
 accumulated statistics:
 integral =  9.060802E-07,  sigma = 1.126E-07,  chi^2/iteration = 1.421E-14

 MONACO:  grid written to file grid2_1.out.1

 MONACO input parameters:
 ndim = 15,  ncall =       4M,   rtype = 0
 nprn =  0,  acc = -1.0E+0,  alph =  8.75E-1,  nd = 48,  mds =  0

 iteration  2:
 integral =  8.343009E-07,  sigma = 1.625E-08
 efficacy = 1.455E-05,  raw efficacy = 1.497E-06
 f_positive = 4.807E-2,  f_zero = 9.519E-1,  f_negative = 0.000E+0
 accumulated statistics:
 integral =  8.357664E-07,  sigma = 1.608E-08,  chi^2/iteration = 3.983E+05

 MONACO:  grid written to file grid2_1.out.2

 MONACO input parameters:
 ndim = 15,  ncall =       8M,   rtype = 0
 nprn =  0,  acc = -1.0E+0,  alph =  8.75E-1,  nd = 48,  mds =  0

 iteration  3:
 integral =  8.224734E-07,  sigma = 3.175E-09
 efficacy = 2.216E-04,  raw efficacy = 6.645E-07
 f_positive = 9.370E-2,  f_zero = 9.063E-1,  f_negative = 0.000E+0
 accumulated statistics:
 integral =  8.229721E-07,  sigma = 3.115E-09,  chi^2/iteration = 1.056E+00

 MONACO:  grid written to file grid2_1.out.3

 MONACO input parameters:
 ndim = 15,  ncall =      16M,   rtype = 0
 nprn =  0,  acc = -1.0E+0,  alph =  8.75E-1,  nd = 48,  mds =  0

 iteration  4:
 integral =  8.189015E-07,  sigma = 1.232E-09
 efficacy = 1.046E-03,  raw efficacy = 3.977E-07
 f_positive = 1.374E-1,  f_zero = 8.626E-1,  f_negative = 0.000E+0
 accumulated statistics:
 integral =  8.194517E-07,  sigma = 1.145E-09,  chi^2/iteration = 1.266E+00

 MONACO:  grid written to file grid2_1.out.4

 MONACO input parameters:
 ndim = 15,  ncall =      32M,   rtype = 0
 nprn =  0,  acc = -1.0E+0,  alph =  8.75E-1,  nd = 48,  mds =  0

 iteration  5:
 integral =  8.193677E-07,  sigma = 7.213E-10
 efficacy = 3.682E-04,  raw efficacy = 3.742E-07
 f_positive = 1.577E-1,  f_zero = 8.423E-1,  f_negative = 0.000E+0
 accumulated statistics:
 integral =  8.193916E-07,  sigma = 6.103E-10,  chi^2/iteration = 8.454E-01

 MONACO:  grid written to file grid2_1.out.5

 MONACO input parameters:
 ndim = 15,  ncall =      64M,   rtype = 0
 nprn =  0,  acc = -1.0E+0,  alph =  8.75E-1,  nd = 48,  mds =  0

 iteration  6:
 integral =  8.175985E-07,  sigma = 4.723E-10
 efficacy = 4.138E-04,  raw efficacy = 4.017E-07
 f_positive = 1.682E-1,  f_zero = 8.318E-1,  f_negative = 0.000E+0
 accumulated statistics:
 integral =  8.182700E-07,  sigma = 3.735E-10,  chi^2/iteration = 1.984E+00

 MONACO:  grid written to file grid2_1.out.6
 
  result (LO):    8.1827004456897854E-007  +-    3.7351900673952007E-010  fb     4.5647400783963704E-002 %
 
   
 Initialising FF ..
   
 ====================================================
   FF 2.0, a package to evaluate one-loop integrals
 written by G. J. van Oldenborgh, NIKHEF-H, Amsterdam
 ====================================================
 for the algorithms used see preprint NIKHEF-H 89/17,
 'New Algorithms for One-loop Integrals', by G.J. van
 Oldenborgh and J.A.M. Vermaseren, published in 
 Zeitschrift fuer Physik C46(1990)425.
 ====================================================

 MONACO input parameters:
 ndim = 15,  ncall =      64M,   rtype = 0
 nprn =  0,  acc = -1.0E+0,  alph =  8.75E-1,  nd = 48,  mds =  0

 MONACO:  grid read from file grid2_1.out.6                                                                                                                                                                                                                                             

 iteration  1:
 integral =  7.186430E-07,  sigma = 4.099E-10
 efficacy = 2.082E-04,  raw efficacy = 3.650E-07
 f_positive = 1.745E-1,  f_zero = 8.255E-1,  f_negative = 0.000E+0
 accumulated statistics:
 integral =  7.186430E-07,  sigma = 4.099E-10,  chi^2/iteration = 4.657E-10

 MONACO:  grid written to file grid2_1.vout.1
  
  result for virtual contribution, no.            1
  sigma =    7.1864297635706476E-007  +-    4.0986587287427795E-010  fb  
  
 total result for virtual contns so far 
  sigma =    7.1864297635706476E-007  +-    4.0986587287427795E-010  fb
  
   
 Summary for FF ..
   
 
total number of errors and warnings
===================================
vbffferr: no errors
the warning system has been disabled
 

 MONACO input parameters:
 ndim = 18,  ncall =       2M,   rtype = 0
 nprn =  0,  acc = -1.0E+0,  alph =  8.75E-1,  nd = 48,  mds =  0

 MONACO:  continuing with uniform grid
  
 VV jjj (-> Spin2) -> ZZ amplitude square info:
 -----------------------------------------------
  
  VV jj (to spin-2) to ZZ tensors
 initialized to                (0.0000000000000000,0.0000000000000000)
  External b-quark contributions are excluded
  
  creal =   -4.0797362673929065       cvirtual =   -3.7101318663035472     
  virt factor for alphas = 0.12 is   0.81104453988909386     

 iteration  1:
 integral =  2.798187E-08,  sigma = 1.208E-07
 efficacy = 1.217E-07,  raw efficacy = 1.217E-07
 f_positive = 6.742E-3,  f_zero = 9.884E-1,  f_negative = 4.848E-3
 accumulated statistics:
 integral =  2.798187E-08,  sigma = 1.208E-07,  chi^2/iteration = 0.000E+00

 MONACO:  grid written to file grid3_1.out.1

 MONACO input parameters:
 ndim = 18,  ncall =       4M,   rtype = 0
 nprn =  0,  acc = -1.0E+0,  alph =  8.75E-1,  nd = 48,  mds =  0

 iteration  2:
 integral =  1.525375E-07,  sigma = 1.645E-08
 efficacy = 3.701E-06,  raw efficacy = 8.149E-08
 f_positive = 3.168E-2,  f_zero = 9.520E-1,  f_negative = 1.631E-2
 accumulated statistics:
 integral =  1.502694E-07,  sigma = 1.630E-08,  chi^2/iteration = 1.044E+06

 MONACO:  grid written to file grid3_1.out.2

 MONACO input parameters:
 ndim = 18,  ncall =       8M,   rtype = 0
 nprn =  0,  acc = -1.0E+0,  alph =  8.75E-1,  nd = 48,  mds =  0

 iteration  3:
 integral =  1.482807E-07,  sigma = 6.088E-09
 efficacy = 4.280E-06,  raw efficacy = 9.603E-09
 f_positive = 6.118E-2,  f_zero = 9.117E-1,  f_negative = 2.709E-2
 accumulated statistics:
 integral =  1.485243E-07,  sigma = 5.703E-09,  chi^2/iteration = 1.057E+00

 MONACO:  grid written to file grid3_1.out.3

 MONACO input parameters:
 ndim = 18,  ncall =      16M,   rtype = 0
 nprn =  0,  acc = -1.0E+0,  alph =  8.75E-1,  nd = 48,  mds =  0

 iteration  4:
 integral =  1.548396E-07,  sigma = 2.763E-09
 efficacy = 8.143E-06,  raw efficacy = 2.092E-09
 f_positive = 7.645E-2,  f_zero = 8.912E-1,  f_negative = 3.237E-2
 accumulated statistics:
 integral =  1.536395E-07,  sigma = 2.486E-09,  chi^2/iteration = 1.025E+00

 MONACO:  grid written to file grid3_1.out.4

 MONACO input parameters:
 ndim = 18,  ncall =      32M,   rtype = 0
 nprn =  0,  acc = -1.0E+0,  alph =  8.75E-1,  nd = 48,  mds =  0

 iteration  5:
 integral =  1.462707E-07,  sigma = 1.925E-09
 efficacy = 7.812E-06,  raw efficacy = 1.057E-09
 f_positive = 8.133E-2,  f_zero = 8.839E-1,  f_negative = 3.474E-2
 accumulated statistics:
 integral =  1.490331E-07,  sigma = 1.522E-09,  chi^2/iteration = 2.514E+00

 MONACO:  grid written to file grid3_1.out.5

 MONACO input parameters:
 ndim = 18,  ncall =      64M,   rtype = 0
 nprn =  0,  acc = -1.0E+0,  alph =  8.75E-1,  nd = 48,  mds =  0

 iteration  6:
 integral =  1.480556E-07,  sigma = 1.051E-09
 efficacy = 7.032E-06,  raw efficacy = 4.754E-10
 f_positive = 8.544E-2,  f_zero = 8.764E-1,  f_negative = 3.818E-2
 accumulated statistics:
 integral =  1.483712E-07,  sigma = 8.649E-10,  chi^2/iteration = 1.955E+00

 MONACO:  grid written to file grid3_1.out.6
 
  result for real emissions 
  sigma =    1.4837115031866164E-007  +-    8.6491674911213395E-010  fb
  
  
  final result at NLO 
  sigma =    8.6701412667572637E-007  +-    9.5711598912655086E-010  fb  0.11039220235041496      %
 
   
 TOTAL VIRTUAL CONTRIBUTIONS:
 TOTAL borntype:
   7.1864297635706476E-007   4.0986587287427795E-010   5.7033309495622492E-002  %
  
  
  
 !!!!!!!!!!!!!!!!!!!!!!!!!!!!!!!!!!!!!!!!!!!!!!!!!!!!!!!!!!!!!!!!!!!!!!!!!!!!!!!!!!!!!!!!!!!!!!!!!!!!!!!!
   
  PROCESS:          196   :   p p --> spin2 jj --> Z Z jj -->  e+ e- e+ e- jj
    with spin-two particles
   
  TOTAL result (LO):        0.00000081827004  +-    0.00000000037352 fb    0.04564740078396 %
  NLO virtual result:       0.00000071864298  +-    0.00000000040987 fb    0.05703330949562 %
  QCD real emission:        0.00000014837115  +-    0.00000000086492 fb    0.58294132468106 %
  TOTAL result (NLO):       0.00000086701413  +-    0.00000000095712 fb    0.11039220235041 %
  K-Factor:                  1.0595696768203504     
 !!!!!!!!!!!!!!!!!!!!!!!!!!!!!!!!!!!!!!!!!!!!!!!!!!!!!!!!!!!!!!!!!!!!!!!!!!!!!!!!!!!!!!!!!!!!!!!!!!!!!!!!
  
  
  Endtime: 2024-04-30T17:32:12+0200
  Runtime: 1:29:02 (5342 seconds)
