   
 -----------------------------------------------------
 VBFNLO, version 2.7.0 rc1 svn 6148
 Comput. Phys. Commun. 180 (2009) 1661 [arXiv:0811.4559 [hep-ph]]
 arXiV: 1107.4038, arXiV: 1207.4975
 http://www.itp.kit.edu/~vbfnloweb/
 -----------------------------------------------------
   
   
   
 Initialising LoopTools ..
   
 ====================================================
   FF 2.0, a package to evaluate one-loop integrals
 written by G. J. van Oldenborgh, NIKHEF-H, Amsterdam
 ====================================================
 for the algorithms used see preprint NIKHEF-H 89/17,
 'New Algorithms for One-loop Integrals', by G.J. van
 Oldenborgh and J.A.M. Vermaseren, published in 
 Zeitschrift fuer Physik C46(1990)425.
 ====================================================
  
        Information on global parameters
 -----------------------------------------------
   PROCESS               =      492
   LOPROCESS_PLUS_JET    =        F
   KK_MOD                =        F
   ANOM_CPL              =        F
   LEPTONS               =    98
   DECAY_QUARKS          =    93
   LO_ITERATIONS         =        6
   NLO_ITERATIONS        =        6
   LO_POINTS             =       25
   NLO_POINTS            =       25
   NLO_SWITCH            =        T
   EWCOR_SWITCH          =        F
   FERMIONLOOP           =        3
   NLO_SEMILEP_DECAY     =        0
   LHA_SWITCH            =        F
   HEPMC_SWITCH          =        F
   LO_GRID               = grid2_1                                           
                           grid2_2                                           
                           grid2_3                                           
   NLO_GRID              = grid3_1                                           
                           grid3_2                                           
                           grid3_3                                           
   PHTN_GRID             = grid4_1                                           
                           grid4_2                                           
                           grid4_3                                           
   FLOOP_GRID            = grid5_1                                           
                           grid5_2                                           
                           grid5_3                                           
   ECM                   =  8000.00    
   BEAM1                 =        1
   BEAM2                 =        1
   ID_MUF                =        4
   ID_MUR                =        4
   MUF_USER              =  100.000    
   MUR_USER              =  100.000    
   XIF                   =  1.00000    
   XIR                   =  1.00000    
 
       information on the selected process 
 -----------------------------------------------
 
  pp -> W- Z A -> l- vl~ q q~ A
 
 W- Z photon production with subsequent decay of the W boson to leptons
 and the Z boson to quarks.
 Process is implemented at LO and NLO QCD.
 Anomalous couplings can be set in "anomV.dat".
 References: G. Bozzi, F. Campanario, M. Rauch et al.
 Phys. Lett. B696 (2011) 380, e-Print: arXiv:1011.2206 [hep-ph]
 B. Feigl, PhD-thesis, http://digbib.ubka.uni-karlsruhe.de/volltexte/1000037298
 
 Initializing PDF set CT10
  
               Physics parameters
 -----------------------------------------------
   HTYPE                 =        0
   MODEL                 =        1
   ANOM_CPL              =        F
   KK_MOD                =        F
   SPIN2                 =        F
   HMASS                 =  126.000    
   HWIDTH                = -999.000    
   TOPMASS               =  172.400    
   BOTTOMMASS            =  4.85500    
   CHARMMASS             =  1.65000    
   TAU_MASS              =  1.77684    
   EWSCHEME              =        3
   FERMI_CONST           = 0.116637E-04
   WMASS                 =  80.3980    
   ZMASS                 =  91.1876    
   
 Running in the SM
   
 Higgs mass =   126.00000000000000     
   
  
 Information on scale setting in InitScales 
 -------------------------------------------
  
 Dynamical factorization scale chosen:
       invariant VVV mass 
 Dynamical value for alphas chosen:
 alphas = alpha(invariant VVV mass)
 Initializing PDF set cteq6l1
  
  
  
  
   Information on couplings, masses and widths
 ===============================================
  
   SM coupling parameters 
 ---------------------------
   G_Fermi                         : 0.000011663700
   SIN**2 of the weak mixing angle : 0.22264585
   Q.E.D. fine structure constant  : 1/132.34070    
   SU(2) coupling constant g       : 0.65305673
   U(1) coupling constant g'       : 0.34950127
   Q.C.D. LO alfas(MZ)             : 0.12980813
   Q.C.D. NLO alfas(MZ)            : 0.11798159
  
      particle masses
 ---------------------------
   mass of the Z0 boson            :   91.1876
   mass of the W+/- boson          :   80.3980
   mass of the Higgs boson         :  126.0000
   mass of the top quark           :  172.4000
   mass of the bottom quark at MH  :    2.8020
  (All other fermions have mass equal ZERO)
  
      particle widths
 ---------------------------
   total widths of Z0              :   2.508420 GeV
   total widths of W+ or W-        :   2.097673 GeV
   total widths of Higgs           :   0.004277 GeV
   total widths of top quark       :   1.339784 GeV
  
     branching ratios
 ---------------------------
   W -> lepton anti-lepton         : 10.8397227 %
   W -> massless quark anti-quark  : 33.7404159 %
   W -> top bottom                 :  0.0000000 %
  
   Z -> neutrino anti-neutrino     :  6.6129820 %
   Z -> charged lepton anti-lepton :  3.3460763 %
   Z -> up-type quark anti-quark   : 11.9908090 %
   Z -> down-type quark anti-quark : 15.3804024 %
   Z -> top anti-top               :  0.0000000 %
  
   H -> WW                         : 22.0125356 %
   H -> ZZ                         :  3.0338266 %
   H -> bottom anti-bottom         : 57.0764080 %
   H -> top anti-top               :  0.0000000 %
   H -> charm anti-charm           :  3.3908342 %
   H -> tau anti-tau               :  6.0977649 %
   H -> mu anti-mu                 :  0.0215873 %
   H -> gluon gluon                :  7.9592311 %
   H -> gamma gamma                :  0.2380229 %
   H -> Z gamma                    :  0.1697893 %
  
 
          information on cut parameters
 -----------------------------------------------
 
 minimum jet pt        (PT_JET_MIN):     20.00    20.00    20.00   
 maximum jet rapidity                 (Y_JET_MAX):    4.5000000000000000     
 maximum parton pseudorapidity          (Y_P_MAX):    5.0000000000000000     
 minimum jet-jet R-separation           (RJJ_MIN):   0.80000000000000004     
 minimum number of jets                (NJET_MIN):            2
 single jet from hadronic decay (SINGLE_DECAYJET):            0
 exponent of generalised kT algorithm (PGENKTJET):    1.0000000000000000     
 minimum lepton-lepton R-separation     (RLL_MIN):   0.40000000000000002     
 maximum lepton-lepton R-separation     (RLL_MAX):    50.000000000000000     
 minimum jet-lepton R-separation        (RJL_MIN):   0.59999999999999998     
 minimum jet-photon R-separation        (RJG_MIN):   0.59999999999999998     
 minimum lepton-photon R-separation     (RLG_MIN):   0.59999999999999998     
 minimum photon-photon R-separation     (RGG_MIN):   0.59999999999999998     
 maximum photon-photon R-separation     (RGG_MAX):    50.000000000000000     
 maximum lepton rapidity                (Y_L_MAX):    2.5000000000000000     
 minimum lepton pt       (PT_L_MIN):     10.00   
 minimum invariant dilepton mass        (MLL_MIN):    15.000000000000000     
 maximum invariant dilepton mass        (MLL_MAX):    1.0000000000000000E+020
 m_ll cuts only on opposite-sign l   (MLL_OSONLY):  T
 maximum photon rapidity                (Y_G_MAX):    1.5000000000000000     
 minimum photon pt       (PT_G_MIN):     20.00   
 photon isolation cut                 (PHISOLCUT):   0.69999999999999996     
 efficiency of photon isolation cut   (EFISOLCUT):    1.0000000000000000     
 minimum invariant lepton-photon mass   (MLG_MIN):    0.0000000000000000     
 maximum invariant lepton-photon mass   (MLG_MAX):    1.0000000000000000E+020
 minimal missing transverse momentum (PTMISS_MIN):    0.0000000000000000     
 minimum jet rapidity separation      (ETAJJ_MIN):    0.0000000000000000     
 tagging jets in opposite hemispheres     (YSIGN):    F
 leptons fall inside rapidity gap     (LRAPIDGAP):    F
 min leptons y-dist from tagging jets   (DELY_JL):    0.0000000000000000     
 photons fall inside rapidity gap     (GRAPIDGAP):    F
 min photons y-dist from tagging jets   (DELY_JG):    0.0000000000000000     
 dijet min mass cut on tag jets        (MDIJ_MIN):    600.00000000000000     
 dijet max mass cut on tag jets        (MDIJ_MAX):    1.0000000000000000E+020
 veto criteria for jets                   (JVETO):    F
 minimum veto-tag y-dist             (DELY_JVETO):    0.0000000000000000     
 maximum |y| for veto jet             (YMAX_VETO):    4.5000000000000000     
 minimum pT for veto jet             (PTMIN_VETO):    50.000000000000000     
 definition of tagging jets          (DEF_TAGJET):            1
 minimal pt for harder tagging jet  (PTMIN_TAG_1):    20.000000000000000     
 minimal pt for softer tagging jet  (PTMIN_TAG_2):    20.000000000000000     
 mass reconst. cut for V -> had   (RECONST_HAD_V):            0
 mass range for RECONST_HAD_V      (V_MASS_RANGE):    20.000000000000000     
 

 --------------------PHASE SPACE--------------------

 boson has mass    80.40 GeV and width     2.0977 GeV
 integration range for boson   4 =      0.032  to     5656.854 GeV
 boson has mass    91.19 GeV and width     2.5084 GeV
 integration range for boson   2 =      0.032  to     5656.854 GeV
 boson has mass     0.00 GeV and width     0.0000 GeV
 integration range for boson   1 =      0.032  to     5656.854 GeV

 machine energy =     8000.0  GeV

 ---------------------------------------------------

  Random number generator initialized with seed =            0
 
          information on histogram config
 -----------------------------------------------
 
 SMEARING           =      T
 SMEAR_VALUE        =       0.20000000000000001     
 CALC_ERROR_GNUPLOT =      F
 CALC_ERROR_1D      =      T
 CALC_ERROR_2D      =      F
 
HIST_ID1      =      0.00    250.00  # dS/dpT_j (fb/GeV)
HIST_ID2      =      0.00    500.00  # dS/dpTmax_j (fb/GeV)
HIST_ID3      =      0.00    200.00  # dS/dpTmin_j (fb/GeV)
HIST_ID4      =     -5.00      5.00  # dS/deta_j (fb)
HIST_ID5      =     -5.00      5.00  # dS/deta_j1 (fb)
HIST_ID6      =     -5.00      5.00  # dS/deta_j2 (fb)
HIST_ID7      =      0.00    500.00  # dS/dpTmax_l (fb/GeV)
HIST_ID8      =      0.00    200.00  # dS/dpTmin_l (fb/GeV)
HIST_ID9      =      0.00      5.00  # dS/d|eta|max_l (fb)
HIST_ID10     =      0.00      5.00  # dS/d|eta|min_l (fb)
HIST_ID11     =   -180.00    180.00  # dS/dPhi_jj (fb)
2DHIST_ID1    =      0.00      6.00      0.00    800.00  # d2S/deta_jj dm_jj (fb/GeV)
 
 -----------------------------------------------
 
 
 
  
 PHASE SPACE           1
  

 MONACO input parameters:
 ndim = 12,  ncall =       1M,   rtype = 0
 nprn =  0,  acc = -1.0E+0,  alph = 8.75E-1,  nd = 48,  mds =  0

 MONACO:  continuing with uniform grid
  
 W-ZA amplitude square information:
 -----------------------------------------------
  
  precalculated tensors initialized to  (  0.0000000000000000     ,  0.0000000000000000     )
  External b-quark contributions are excluded

 iteration  1:
 integral =  3.908586E-01,  sigma = 1.534E-02
 efficacy = 4.895E-05,  raw efficacy = 4.895E-05
 f_positive = 2.496E-2,  f_zero = 9.750E-1,  f_negative = 0.000E+0
 accumulated statistics:
 integral =  3.908586E-01,  sigma = 1.534E-02,  chi^2/iteration = 0.000E+00

 MONACO:  grid written to file grid2_1.out.1

 MONACO input parameters:
 ndim = 12,  ncall =       2M,   rtype = 0
 nprn =  0,  acc = -1.0E+0,  alph = 8.75E-1,  nd = 48,  mds =  0

 iteration  2:
 integral =  4.077319E-01,  sigma = 3.404E-03
 efficacy = 8.255E-05,  raw efficacy = 3.756E-06
 f_positive = 1.915E-1,  f_zero = 8.085E-1,  f_negative = 0.000E+0
 accumulated statistics:
 integral =  4.069399E-01,  sigma = 3.323E-03,  chi^2/iteration = 1.154E+06

 MONACO:  grid written to file grid2_1.out.2

 MONACO input parameters:
 ndim = 12,  ncall =       4M,   rtype = 0
 nprn =  0,  acc = -1.0E+0,  alph = 8.75E-1,  nd = 48,  mds =  0

 iteration  3:
 integral =  4.051673E-01,  sigma = 1.300E-03
 efficacy = 8.621E-04,  raw efficacy = 1.441E-05
 f_positive = 2.850E-1,  f_zero = 7.150E-1,  f_negative = 0.000E+0
 accumulated statistics:
 integral =  4.054025E-01,  sigma = 1.210E-03,  chi^2/iteration = 1.400E+00

 MONACO:  grid written to file grid2_1.out.3

 MONACO input parameters:
 ndim = 12,  ncall =       8M,   rtype = 0
 nprn =  0,  acc = -1.0E+0,  alph = 8.75E-1,  nd = 48,  mds =  0

 iteration  4:
 integral =  4.042846E-01,  sigma = 7.256E-04
 efficacy = 1.137E-03,  raw efficacy = 1.066E-05
 f_positive = 3.288E-1,  f_zero = 6.712E-1,  f_negative = 0.000E+0
 accumulated statistics:
 integral =  4.045802E-01,  sigma = 6.223E-04,  chi^2/iteration = 1.014E+00

 MONACO:  grid written to file grid2_1.out.4

 MONACO input parameters:
 ndim = 12,  ncall =      16M,   rtype = 0
 nprn =  0,  acc = -1.0E+0,  alph = 8.75E-1,  nd = 48,  mds =  0

 iteration  5:
 integral =  4.053326E-01,  sigma = 4.792E-04
 efficacy = 3.759E-04,  raw efficacy = 1.380E-05
 f_positive = 3.505E-1,  f_zero = 6.495E-1,  f_negative = 0.000E+0
 accumulated statistics:
 integral =  4.050525E-01,  sigma = 3.797E-04,  chi^2/iteration = 9.819E-01

 MONACO:  grid written to file grid2_1.out.5

 MONACO input parameters:
 ndim = 12,  ncall =      32M,   rtype = 0
 nprn =  0,  acc = -1.0E+0,  alph = 8.75E-1,  nd = 48,  mds =  0
  random number setting in monaco saved 

 iteration  6:
 integral =  4.054356E-01,  sigma = 4.335E-04
 efficacy = 4.185E-05,  raw efficacy = 1.246E-05
 f_positive = 3.586E-1,  f_zero = 6.414E-1,  f_negative = 0.000E+0
 accumulated statistics:
 integral =  4.052189E-01,  sigma = 2.856E-04,  chi^2/iteration = 8.469E-01

 MONACO:  grid written to file grid2_1.out.6
 
  result (LO):   0.40521885893936799       +-    2.8561302262761424E-004  fb     7.0483645152939409E-002 %
 
  
 PHASE SPACE           2
  

 MONACO input parameters:
 ndim = 12,  ncall =       2M,   rtype = 0
 nprn =  0,  acc = -1.0E+0,  alph = 8.75E-1,  nd = 48,  mds =  0

 MONACO:  continuing with uniform grid

 iteration  1:
 integral =  2.107686E-01,  sigma = 1.109E-02
 efficacy = 2.681E-05,  raw efficacy = 2.681E-05
 f_positive = 2.613E-2,  f_zero = 9.739E-1,  f_negative = 0.000E+0
 accumulated statistics:
 integral =  2.107686E-01,  sigma = 1.109E-02,  chi^2/iteration = 0.000E+00

 MONACO:  grid written to file grid2_2.out.1

 MONACO input parameters:
 ndim = 12,  ncall =       4M,   rtype = 0
 nprn =  0,  acc = -1.0E+0,  alph = 8.75E-1,  nd = 48,  mds =  0

 iteration  2:
 integral =  2.079817E-01,  sigma = 1.648E-03
 efficacy = 1.351E-04,  raw efficacy = 6.284E-06
 f_positive = 9.045E-2,  f_zero = 9.095E-1,  f_negative = 0.000E+0
 accumulated statistics:
 integral =  2.080419E-01,  sigma = 1.630E-03,  chi^2/iteration = 6.181E+04

 MONACO:  grid written to file grid2_2.out.2

 MONACO input parameters:
 ndim = 12,  ncall =       8M,   rtype = 0
 nprn =  0,  acc = -1.0E+0,  alph = 8.75E-1,  nd = 48,  mds =  0

 iteration  3:
 integral =  2.083435E-01,  sigma = 6.645E-04
 efficacy = 3.872E-04,  raw efficacy = 4.426E-06
 f_positive = 1.163E-1,  f_zero = 8.837E-1,  f_negative = 0.000E+0
 accumulated statistics:
 integral =  2.083005E-01,  sigma = 6.153E-04,  chi^2/iteration = 9.116E-02

 MONACO:  grid written to file grid2_2.out.3

 MONACO input parameters:
 ndim = 12,  ncall =      16M,   rtype = 0
 nprn =  0,  acc = -1.0E+0,  alph = 8.75E-1,  nd = 48,  mds =  0

 iteration  4:
 integral =  2.080021E-01,  sigma = 3.764E-04
 efficacy = 6.388E-04,  raw efficacy = 3.123E-06
 f_positive = 1.248E-1,  f_zero = 8.752E-1,  f_negative = 0.000E+0
 accumulated statistics:
 integral =  2.080834E-01,  sigma = 3.211E-04,  chi^2/iteration = 1.311E-01

 MONACO:  grid written to file grid2_2.out.4

 MONACO input parameters:
 ndim = 12,  ncall =      32M,   rtype = 0
 nprn =  0,  acc = -1.0E+0,  alph = 8.75E-1,  nd = 48,  mds =  0

 iteration  5:
 integral =  2.080709E-01,  sigma = 2.501E-04
 efficacy = 1.670E-04,  raw efficacy = 3.389E-06
 f_positive = 1.271E-1,  f_zero = 8.729E-1,  f_negative = 0.000E+0
 accumulated statistics:
 integral =  2.080756E-01,  sigma = 1.973E-04,  chi^2/iteration = 8.774E-02

 MONACO:  grid written to file grid2_2.out.5

 MONACO input parameters:
 ndim = 12,  ncall =      64M,   rtype = 0
 nprn =  0,  acc = -1.0E+0,  alph = 8.75E-1,  nd = 48,  mds =  0
  random number setting in monaco saved 

 iteration  6:
 integral =  2.080389E-01,  sigma = 1.724E-04
 efficacy = 2.149E-04,  raw efficacy = 2.083E-06
 f_positive = 1.271E-1,  f_zero = 8.729E-1,  f_negative = 0.000E+0
 accumulated statistics:
 integral =  2.080548E-01,  sigma = 1.298E-04,  chi^2/iteration = 7.072E-02

 MONACO:  grid written to file grid2_2.out.6
 
  result (LO):   0.20805477396637045       +-    1.2981780545917091E-004  fb     6.2395975340683314E-002 %
 
  
 PHASE SPACE           3
  

 MONACO input parameters:
 ndim = 12,  ncall =       2M,   rtype = 0
 nprn =  0,  acc = -1.0E+0,  alph = 8.75E-1,  nd = 48,  mds =  0

 MONACO:  continuing with uniform grid

 iteration  1:
 integral =  8.307475E-02,  sigma = 5.315E-03
 efficacy = 1.660E-05,  raw efficacy = 1.660E-05
 f_positive = 5.263E-3,  f_zero = 9.947E-1,  f_negative = 0.000E+0
 accumulated statistics:
 integral =  8.307475E-02,  sigma = 5.315E-03,  chi^2/iteration = 0.000E+00

 MONACO:  grid written to file grid2_3.out.1

 MONACO input parameters:
 ndim = 12,  ncall =       4M,   rtype = 0
 nprn =  0,  acc = -1.0E+0,  alph = 8.75E-1,  nd = 48,  mds =  0

 iteration  2:
 integral =  7.975694E-02,  sigma = 6.990E-04
 efficacy = 2.179E-04,  raw efficacy = 7.121E-06
 f_positive = 3.977E-2,  f_zero = 9.602E-1,  f_negative = 0.000E+0
 accumulated statistics:
 integral =  7.981336E-02,  sigma = 6.931E-04,  chi^2/iteration = 3.831E+05

 MONACO:  grid written to file grid2_3.out.2

 MONACO input parameters:
 ndim = 12,  ncall =       8M,   rtype = 0
 nprn =  0,  acc = -1.0E+0,  alph = 8.75E-1,  nd = 48,  mds =  0

 iteration  3:
 integral =  7.958834E-02,  sigma = 2.680E-04
 efficacy = 4.231E-04,  raw efficacy = 4.325E-06
 f_positive = 6.542E-2,  f_zero = 9.346E-1,  f_negative = 0.000E+0
 accumulated statistics:
 integral =  7.961761E-02,  sigma = 2.500E-04,  chi^2/iteration = 4.748E-01

 MONACO:  grid written to file grid2_3.out.3

 MONACO input parameters:
 ndim = 12,  ncall =      16M,   rtype = 0
 nprn =  0,  acc = -1.0E+0,  alph = 8.75E-1,  nd = 48,  mds =  0

 iteration  4:
 integral =  7.950333E-02,  sigma = 1.544E-04
 efficacy = 3.044E-04,  raw efficacy = 3.411E-06
 f_positive = 7.957E-2,  f_zero = 9.204E-1,  f_negative = 0.000E+0
 accumulated statistics:
 integral =  7.953490E-02,  sigma = 1.314E-04,  chi^2/iteration = 3.130E-01

 MONACO:  grid written to file grid2_3.out.4

 MONACO input parameters:
 ndim = 12,  ncall =      32M,   rtype = 0
 nprn =  0,  acc = -1.0E+0,  alph = 8.75E-1,  nd = 48,  mds =  0

 iteration  5:
 integral =  7.950801E-02,  sigma = 1.019E-04
 efficacy = 1.573E-04,  raw efficacy = 3.172E-06
 f_positive = 8.588E-2,  f_zero = 9.141E-1,  f_negative = 0.000E+0
 accumulated statistics:
 integral =  7.951810E-02,  sigma = 8.050E-05,  chi^2/iteration = 2.174E-01

 MONACO:  grid written to file grid2_3.out.5

 MONACO input parameters:
 ndim = 12,  ncall =      64M,   rtype = 0
 nprn =  0,  acc = -1.0E+0,  alph = 8.75E-1,  nd = 48,  mds =  0
  random number setting in monaco saved 

 iteration  6:
 integral =  7.955811E-02,  sigma = 6.907E-05
 efficacy = 2.443E-04,  raw efficacy = 2.400E-06
 f_positive = 8.851E-2,  f_zero = 9.115E-1,  f_negative = 0.000E+0
 accumulated statistics:
 integral =  7.954115E-02,  sigma = 5.242E-05,  chi^2/iteration = 1.986E-01

 MONACO:  grid written to file grid2_3.out.6
 
  result (LO):    7.9541147678164253E-002  +-    5.2421255142587815E-005  fb     6.5904574767631341E-002 %
 
 
  Total (multi-channel) result (LO):   0.69281478058390267       +-    3.1808088483818313E-004  fb     4.5911388404575509E-002 %
  
   
 Initialising FF ..
   
 ====================================================
   FF 2.0, a package to evaluate one-loop integrals
 written by G. J. van Oldenborgh, NIKHEF-H, Amsterdam
 ====================================================
 for the algorithms used see preprint NIKHEF-H 89/17,
 'New Algorithms for One-loop Integrals', by G.J. van
 Oldenborgh and J.A.M. Vermaseren, published in 
 Zeitschrift fuer Physik C46(1990)425.
 ====================================================
 Initializing PDF set CT10
  
 PHASE SPACE            1
  

 MONACO input parameters:
 ndim = 12,  ncall =      32M,   rtype = 0
 nprn =  0,  acc = -1.0E+0,  alph = 8.75E-1,  nd = 48,  mds =  0

 MONACO:  grid read from file grid2_1.out.6                                                                                                                                                                                                                                             

 iteration  1:
 integral =  5.021194E-01,  sigma = 4.725E-04
 efficacy = 1.699E-04,  raw efficacy = 1.385E-05
 f_positive = 3.215E-1,  f_zero = 6.785E-1,  f_negative = 0.000E+0
 accumulated statistics:
 integral =  5.021194E-01,  sigma = 4.725E-04,  chi^2/iteration = 2.328E-10

 MONACO:  grid written to file grid2_1.vout.1
  
  result for virtual contribution, no.            1
  sigma =   0.50211935597780333       +-    4.7246878362541302E-004  fb  
  
 total result for virtual contns so far 
  sigma =   0.50211935597780333       +-    4.7246878362541302E-004  fb
  

 MONACO input parameters:
 ndim = 12,  ncall =       8M,   rtype = 0
 nprn =  0,  acc = -1.0E+0,  alph = 8.75E-1,  nd = 48,  mds =  0

 MONACO:  grid read from file grid2_1.out.6                                                                                                                                                                                                                                             

 iteration  1:
 integral =  2.722999E-02,  sigma = 1.098E-04
 efficacy = 1.117E-04,  raw efficacy = 1.898E-06
 f_positive = 2.334E-1,  f_zero = 6.783E-1,  f_negative = 8.831E-2
 accumulated statistics:
 integral =  2.722999E-02,  sigma = 1.098E-04,  chi^2/iteration = 7.276E-12

 MONACO:  grid written to file grid2_1.vout.2
  
  result for virtual contribution, no.            2
  sigma =    2.7229992067123808E-002  +-    1.0981924740324150E-004  fb  
  Box instabilites           0
           total calls           0
           instabilities [%]   0.0000000000000000     
  
 total result for virtual contns so far 
  sigma =   0.52934934804492717       +-    4.8506393248796769E-004  fb
  

 MONACO input parameters:
 ndim = 12,  ncall =       2M,   rtype = 0
 nprn =  0,  acc = -1.0E+0,  alph = 8.75E-1,  nd = 48,  mds =  0

 MONACO:  grid read from file grid2_1.out.6                                                                                                                                                                                                                                             

 iteration  1:
 integral =  3.286536E-02,  sigma = 2.610E-04
 efficacy = 3.904E-04,  raw efficacy = 4.518E-06
 f_positive = 2.089E-1,  f_zero = 6.781E-1,  f_negative = 1.130E-1
 accumulated statistics:
 integral =  3.286536E-02,  sigma = 2.610E-04,  chi^2/iteration = 0.000E+00

 MONACO:  grid written to file grid2_1.vout.3
  
  result for virtual contribution, no.            3
  sigma =    3.2865361741152191E-002  +-    2.6101280658550615E-004  fb  
  Pentagon instabilites         142
           total calls     2700016
           instabilities [%]   5.2592280934631499E-003
  
 total result for virtual contns so far 
  sigma =   0.56221470978607935       +-    5.5083092124746827E-004  fb
  
  
 PHASE SPACE            2
  

 MONACO input parameters:
 ndim = 12,  ncall =      64M,   rtype = 0
 nprn =  0,  acc = -1.0E+0,  alph = 8.75E-1,  nd = 48,  mds =  0

 MONACO:  grid read from file grid2_2.out.6                                                                                                                                                                                                                                             

 iteration  1:
 integral =  2.618319E-01,  sigma = 2.089E-04
 efficacy = 3.951E-04,  raw efficacy = 1.905E-06
 f_positive = 1.269E-1,  f_zero = 8.731E-1,  f_negative = 0.000E+0
 accumulated statistics:
 integral =  2.618319E-01,  sigma = 2.089E-04,  chi^2/iteration = 2.328E-10

 MONACO:  grid written to file grid2_2.vout.1
  
  result for virtual contribution, no.            1
  sigma =   0.26183189391406242       +-    2.0891434448401712E-004  fb  
  
 total result for virtual contns so far 
  sigma =   0.26183189391406242       +-    2.0891434448401712E-004  fb
  

 MONACO input parameters:
 ndim = 12,  ncall =      16M,   rtype = 0
 nprn =  0,  acc = -1.0E+0,  alph = 8.75E-1,  nd = 48,  mds =  0

 MONACO:  grid read from file grid2_2.out.6                                                                                                                                                                                                                                             

 iteration  1:
 integral =  3.016407E-02,  sigma = 6.483E-05
 efficacy = 1.832E-04,  raw efficacy = 4.811E-06
 f_positive = 1.194E-1,  f_zero = 8.731E-1,  f_negative = 7.491E-3
 accumulated statistics:
 integral =  3.016407E-02,  sigma = 6.483E-05,  chi^2/iteration = 0.000E+00

 MONACO:  grid written to file grid2_2.vout.2
  
  result for virtual contribution, no.            2
  sigma =    3.0164070992996221E-002  +-    6.4834184813337847E-005  fb  
  Box instabilites           0
           total calls           0
           instabilities [%]   0.0000000000000000     
  
 total result for virtual contns so far 
  sigma =   0.29199596490705865       +-    2.1874339956121333E-004  fb
  

 MONACO input parameters:
 ndim = 12,  ncall =       4M,   rtype = 0
 nprn =  0,  acc = -1.0E+0,  alph = 8.75E-1,  nd = 48,  mds =  0

 MONACO:  grid read from file grid2_2.out.6                                                                                                                                                                                                                                             

 iteration  1:
 integral =  4.036177E-06,  sigma = 1.053E-05
 efficacy = 1.963E-07,  raw efficacy = 4.804E-09
 f_positive = 6.010E-2,  f_zero = 8.730E-1,  f_negative = 6.689E-2
 accumulated statistics:
 integral =  4.036177E-06,  sigma = 1.053E-05,  chi^2/iteration = 0.000E+00

 MONACO:  grid written to file grid2_2.vout.3
  
  result for virtual contribution, no.            3
  sigma =    4.0361771734013332E-006  +-    1.0526029668481714E-005  fb  
  Pentagon instabilites        1066
           total calls     2131280
           instabilities [%]   5.0016891257835663E-002
  
 total result for virtual contns so far 
  sigma =   0.29200000108423207       +-    2.1899651173518353E-004  fb
  
  
 PHASE SPACE            3
  

 MONACO input parameters:
 ndim = 12,  ncall =      64M,   rtype = 0
 nprn =  0,  acc = -1.0E+0,  alph = 8.75E-1,  nd = 48,  mds =  0

 MONACO:  grid read from file grid2_3.out.6                                                                                                                                                                                                                                             

 iteration  1:
 integral =  1.017567E-01,  sigma = 8.550E-05
 efficacy = 3.894E-04,  raw efficacy = 2.919E-06
 f_positive = 9.050E-2,  f_zero = 9.095E-1,  f_negative = 0.000E+0
 accumulated statistics:
 integral =  1.017567E-01,  sigma = 8.550E-05,  chi^2/iteration = 0.000E+00

 MONACO:  grid written to file grid2_3.vout.1
  
  result for virtual contribution, no.            1
  sigma =   0.10175672454636721       +-    8.5495740381129445E-005  fb  
  
 total result for virtual contns so far 
  sigma =   0.10175672454636721       +-    8.5495740381129445E-005  fb
  

 MONACO input parameters:
 ndim = 12,  ncall =      16M,   rtype = 0
 nprn =  0,  acc = -1.0E+0,  alph = 8.75E-1,  nd = 48,  mds =  0

 MONACO:  grid read from file grid2_3.out.6                                                                                                                                                                                                                                             

 iteration  1:
 integral =  1.036687E-02,  sigma = 2.296E-05
 efficacy = 1.495E-04,  raw efficacy = 4.615E-06
 f_positive = 8.438E-2,  f_zero = 9.095E-1,  f_negative = 6.077E-3
 accumulated statistics:
 integral =  1.036687E-02,  sigma = 2.296E-05,  chi^2/iteration = 5.821E-11

 MONACO:  grid written to file grid2_3.vout.2
  
  result for virtual contribution, no.            2
  sigma =    1.0366871326905912E-002  +-    2.2955131274841481E-005  fb  
  Box instabilites           0
           total calls           0
           instabilities [%]   0.0000000000000000     
  
 total result for virtual contns so far 
  sigma =   0.11212359587327311       +-    8.8523780280570333E-005  fb
  

 MONACO input parameters:
 ndim = 12,  ncall =       4M,   rtype = 0
 nprn =  0,  acc = -1.0E+0,  alph = 8.75E-1,  nd = 48,  mds =  0

 MONACO:  grid read from file grid2_3.out.6                                                                                                                                                                                                                                             

 iteration  1:
 integral =  1.196041E-04,  sigma = 5.369E-06
 efficacy = 7.054E-06,  raw efficacy = 2.303E-07
 f_positive = 4.887E-2,  f_zero = 9.096E-1,  f_negative = 4.151E-2
 accumulated statistics:
 integral =  1.196041E-04,  sigma = 5.369E-06,  chi^2/iteration = 0.000E+00

 MONACO:  grid written to file grid2_3.vout.3
  
  result for virtual contribution, no.            3
  sigma =    1.1960406300616170E-004  +-    5.3688133597829761E-006  fb  
  Pentagon instabilites         410
           total calls     1516620
           instabilities [%]   2.7033798842162178E-002
  
 total result for virtual contns so far 
  sigma =   0.11224319993627928       +-    8.8686435445646796E-005  fb
  
 
  Total (multi-channel) result (NLO virtual):   0.96645791080659060       +-    5.9936588140014095E-004  fb     6.2016759829708418E-002 %
 
   
 Summary for FF ..
   
 
total number of errors and warnings
===================================
vbffferr: no errors
the warning system has been disabled
 
  
 PHASE SPACE            1
  

 MONACO input parameters:
 ndim = 15,  ncall =       1M,   rtype = 0
 nprn =  0,  acc = -1.0E+0,  alph = 8.75E-1,  nd = 48,  mds =  0

 MONACO:  continuing with uniform grid
  
 W- Z A j amplitude square information:
 -----------------------------------------------
  
  precalculated tensors initialized to  (  0.0000000000000000     ,  0.0000000000000000     )
  External b-quark contributions are excluded
  
  creal =   -6.5797362673929038       cvirtual =    5.1594725347858095     
  

 iteration  1:
 integral =  5.022560E-01,  sigma = 3.295E-02
 efficacy = 4.440E-05,  raw efficacy = 4.440E-05
 f_positive = 3.265E-2,  f_zero = 9.477E-1,  f_negative = 1.961E-2
 accumulated statistics:
 integral =  5.022560E-01,  sigma = 3.295E-02,  chi^2/iteration = 2.842E-14

 MONACO:  grid written to file grid3_1.out.1

 MONACO input parameters:
 ndim = 15,  ncall =       2M,   rtype = 0
 nprn =  0,  acc = -1.0E+0,  alph = 8.75E-1,  nd = 48,  mds =  0

 iteration  2:
 integral =  4.735763E-01,  sigma = 1.207E-02
 efficacy = 2.790E-05,  raw efficacy = 3.361E-06
 f_positive = 1.533E-1,  f_zero = 7.897E-1,  f_negative = 5.708E-2
 accumulated statistics:
 integral =  4.769707E-01,  sigma = 1.134E-02,  chi^2/iteration = 6.678E+05

 MONACO:  grid written to file grid3_1.out.2

 MONACO input parameters:
 ndim = 15,  ncall =       4M,   rtype = 0
 nprn =  0,  acc = -1.0E+0,  alph = 8.75E-1,  nd = 48,  mds =  0

 iteration  3:
 integral =  4.853284E-01,  sigma = 7.333E-03
 efficacy = 1.995E-05,  raw efficacy = 1.088E-06
 f_positive = 2.465E-1,  f_zero = 6.756E-1,  f_negative = 7.794E-2
 accumulated statistics:
 integral =  4.828631E-01,  sigma = 6.157E-03,  chi^2/iteration = 1.051E+00

 MONACO:  grid written to file grid3_1.out.3

 MONACO input parameters:
 ndim = 15,  ncall =       8M,   rtype = 0
 nprn =  0,  acc = -1.0E+0,  alph = 8.75E-1,  nd = 48,  mds =  0

 iteration  4:
 integral =  4.762350E-01,  sigma = 4.098E-03
 efficacy = 2.634E-05,  raw efficacy = 5.530E-07
 f_positive = 2.672E-1,  f_zero = 6.575E-1,  f_negative = 7.528E-2
 accumulated statistics:
 integral =  4.782694E-01,  sigma = 3.411E-03,  chi^2/iteration = 9.270E-01

 MONACO:  grid written to file grid3_1.out.4

 MONACO input parameters:
 ndim = 15,  ncall =      16M,   rtype = 0
 nprn =  0,  acc = -1.0E+0,  alph = 8.75E-1,  nd = 48,  mds =  0

 iteration  5:
 integral =  4.851087E-01,  sigma = 1.858E-03
 efficacy = 7.416E-05,  raw efficacy = 2.289E-07
 f_positive = 2.862E-1,  f_zero = 6.301E-1,  f_negative = 8.376E-2
 accumulated statistics:
 integral =  4.835440E-01,  sigma = 1.632E-03,  chi^2/iteration = 1.651E+00

 MONACO:  grid written to file grid3_1.out.5

 MONACO input parameters:
 ndim = 15,  ncall =      32M,   rtype = 0
 nprn =  0,  acc = -1.0E+0,  alph = 8.75E-1,  nd = 48,  mds =  0

 iteration  6:
 integral =  4.843143E-01,  sigma = 1.154E-03
 efficacy = 3.708E-05,  raw efficacy = 1.118E-07
 f_positive = 3.003E-1,  f_zero = 6.107E-1,  f_negative = 8.901E-2
 accumulated statistics:
 integral =  4.840574E-01,  sigma = 9.423E-04,  chi^2/iteration = 1.276E+00

 MONACO:  grid written to file grid3_1.out.6
 
  result for real emissions 
  sigma =   0.48405736168283048       +-    9.4230943653692575E-004  fb
  
  
 PHASE SPACE            2
  

 MONACO input parameters:
 ndim = 15,  ncall =       2M,   rtype = 0
 nprn =  0,  acc = -1.0E+0,  alph = 8.75E-1,  nd = 48,  mds =  0

 MONACO:  continuing with uniform grid

 iteration  1:
 integral =  1.645460E-01,  sigma = 5.178E-02
 efficacy = 1.648E-06,  raw efficacy = 1.648E-06
 f_positive = 5.245E-2,  f_zero = 9.120E-1,  f_negative = 3.560E-2
 accumulated statistics:
 integral =  1.645460E-01,  sigma = 5.178E-02,  chi^2/iteration = 1.776E-15

 MONACO:  grid written to file grid3_2.out.1

 MONACO input parameters:
 ndim = 15,  ncall =       4M,   rtype = 0
 nprn =  0,  acc = -1.0E+0,  alph = 8.75E-1,  nd = 48,  mds =  0

 iteration  2:
 integral =  1.162218E-01,  sigma = 1.580E-02
 efficacy = 2.203E-06,  raw efficacy = 4.923E-07
 f_positive = 1.024E-1,  f_zero = 8.549E-1,  f_negative = 4.268E-2
 accumulated statistics:
 integral =  1.203385E-01,  sigma = 1.511E-02,  chi^2/iteration = 7.968E+05

 MONACO:  grid written to file grid3_2.out.2

 MONACO input parameters:
 ndim = 15,  ncall =       8M,   rtype = 0
 nprn =  0,  acc = -1.0E+0,  alph = 8.75E-1,  nd = 48,  mds =  0

 iteration  3:
 integral =  1.153251E-01,  sigma = 6.856E-03
 efficacy = 2.411E-06,  raw efficacy = 6.998E-08
 f_positive = 9.828E-2,  f_zero = 8.686E-1,  f_negative = 3.315E-2
 accumulated statistics:
 integral =  1.161808E-01,  sigma = 6.244E-03,  chi^2/iteration = 8.881E-01

 MONACO:  grid written to file grid3_2.out.3

 MONACO input parameters:
 ndim = 15,  ncall =      16M,   rtype = 0
 nprn =  0,  acc = -1.0E+0,  alph = 8.75E-1,  nd = 48,  mds =  0

 iteration  4:
 integral =  1.117687E-01,  sigma = 2.625E-03
 efficacy = 5.768E-06,  raw efficacy = 3.030E-08
 f_positive = 1.018E-1,  f_zero = 8.681E-1,  f_negative = 3.010E-2
 accumulated statistics:
 integral =  1.124313E-01,  sigma = 2.420E-03,  chi^2/iteration = 6.562E-01

 MONACO:  grid written to file grid3_2.out.4

 MONACO input parameters:
 ndim = 15,  ncall =      32M,   rtype = 0
 nprn =  0,  acc = -1.0E+0,  alph = 8.75E-1,  nd = 48,  mds =  0

 iteration  5:
 integral =  1.137995E-01,  sigma = 2.583E-03
 efficacy = 1.520E-06,  raw efficacy = 3.352E-08
 f_positive = 9.654E-2,  f_zero = 8.670E-1,  f_negative = 3.647E-2
 accumulated statistics:
 integral =  1.130708E-01,  sigma = 1.766E-03,  chi^2/iteration = 4.873E-01

 MONACO:  grid written to file grid3_2.out.5

 MONACO input parameters:
 ndim = 15,  ncall =      64M,   rtype = 0
 nprn =  0,  acc = -1.0E+0,  alph = 8.75E-1,  nd = 48,  mds =  0

 iteration  6:
 integral =  1.145985E-01,  sigma = 1.860E-03
 efficacy = 1.034E-06,  raw efficacy = 7.453E-09
 f_positive = 9.243E-2,  f_zero = 8.625E-1,  f_negative = 4.505E-2
 accumulated statistics:
 integral =  1.137948E-01,  sigma = 1.281E-03,  chi^2/iteration = 4.542E-01

 MONACO:  grid written to file grid3_2.out.6
 
  result for real emissions 
  sigma =   0.11379479296237005       +-    1.2807067046238867E-003  fb
  
  
 PHASE SPACE            3
  

 MONACO input parameters:
 ndim = 15,  ncall =       2M,   rtype = 0
 nprn =  0,  acc = -1.0E+0,  alph = 8.75E-1,  nd = 48,  mds =  0

 MONACO:  continuing with uniform grid

 iteration  1:
 integral =  2.013173E-01,  sigma = 2.855E-02
 efficacy = 5.119E-06,  raw efficacy = 5.119E-06
 f_positive = 3.965E-2,  f_zero = 9.514E-1,  f_negative = 8.979E-3
 accumulated statistics:
 integral =  2.013173E-01,  sigma = 2.855E-02,  chi^2/iteration = 7.105E-15

 MONACO:  grid written to file grid3_3.out.1

 MONACO input parameters:
 ndim = 15,  ncall =       4M,   rtype = 0
 nprn =  0,  acc = -1.0E+0,  alph = 8.75E-1,  nd = 48,  mds =  0

 iteration  2:
 integral =  2.195002E-01,  sigma = 7.211E-03
 efficacy = 2.563E-05,  raw efficacy = 6.004E-07
 f_positive = 1.069E-1,  f_zero = 8.796E-1,  f_negative = 1.351E-2
 accumulated statistics:
 integral =  2.184097E-01,  sigma = 6.992E-03,  chi^2/iteration = 3.813E+05

 MONACO:  grid written to file grid3_3.out.2

 MONACO input parameters:
 ndim = 15,  ncall =       8M,   rtype = 0
 nprn =  0,  acc = -1.0E+0,  alph = 8.75E-1,  nd = 48,  mds =  0

 iteration  3:
 integral =  2.306522E-01,  sigma = 1.302E-02
 efficacy = 2.175E-06,  raw efficacy = 3.925E-08
 f_positive = 1.380E-1,  f_zero = 8.470E-1,  f_negative = 1.505E-2
 accumulated statistics:
 integral =  2.211491E-01,  sigma = 6.160E-03,  chi^2/iteration = 1.067E+00

 MONACO:  grid written to file grid3_3.out.3

 MONACO input parameters:
 ndim = 15,  ncall =      16M,   rtype = 0
 nprn =  0,  acc = -1.0E+0,  alph = 8.75E-1,  nd = 48,  mds =  0

 iteration  4:
 integral =  2.170114E-01,  sigma = 2.670E-03
 efficacy = 9.076E-06,  raw efficacy = 9.533E-09
 f_positive = 1.488E-1,  f_zero = 8.405E-1,  f_negative = 1.067E-2
 accumulated statistics:
 integral =  2.176659E-01,  sigma = 2.450E-03,  chi^2/iteration = 7.236E-01

 MONACO:  grid written to file grid3_3.out.4

 MONACO input parameters:
 ndim = 15,  ncall =      32M,   rtype = 0
 nprn =  0,  acc = -1.0E+0,  alph = 8.75E-1,  nd = 48,  mds =  0

 iteration  5:
 integral =  2.266772E-01,  sigma = 2.187E-03
 efficacy = 6.959E-06,  raw efficacy = 1.753E-09
 f_positive = 1.486E-1,  f_zero = 8.372E-1,  f_negative = 1.415E-2
 accumulated statistics:
 integral =  2.226802E-01,  sigma = 1.632E-03,  chi^2/iteration = 2.992E+00

 MONACO:  grid written to file grid3_3.out.5

 MONACO input parameters:
 ndim = 15,  ncall =      64M,   rtype = 0
 nprn =  0,  acc = -1.0E+0,  alph = 8.75E-1,  nd = 48,  mds =  0

 iteration  6:
 integral =  2.252833E-01,  sigma = 1.082E-03
 efficacy = 8.421E-06,  raw efficacy = 6.982E-10
 f_positive = 1.582E-1,  f_zero = 8.289E-1,  f_negative = 1.293E-2
 accumulated statistics:
 integral =  2.244880E-01,  sigma = 9.019E-04,  chi^2/iteration = 2.686E+00

 MONACO:  grid written to file grid3_3.out.6
 
  result for real emissions 
  sigma =   0.22448801804581353       +-    9.0189985402216240E-004  fb
  
 
  Total (multi-channel) result (NLO real):   0.82234017269101400       +-    1.8279989289220911E-003  fb    0.22229230549933782      %
 
 
total number of errors and warnings
===================================
fferr: no errors
 
  
  final result at NLO 
  sigma =    1.7887980834976045       +-    1.9237514246718259E-003  fb  0.10754435855109760      %
  
  Box instabilites           0
           total calls           0
           instabilities [%]   0.0000000000000000     
  FBox instabilites           0
           total calls           0
           instabilities [%]   0.0000000000000000     
  Pentagon instabilites        1618
           total calls     6347916
           instabilities [%]   2.5488680064449497E-002
  Hexagon instabilites           0
           total calls           0
           instabilities [%]   0.0000000000000000     
 
 
 LO for different PHASESPACE:
  0.40521885893936799       +-    2.8561302262761424E-004  fb   7.0483645152939409E-002
  0.20805477396637045       +-    1.2981780545917091E-004  fb   6.2395975340683314E-002
   7.9541147678164253E-002  +-    5.2421255142587815E-005  fb   6.5904574767631341E-002
  
  
 VIRTUAL CONTRIBUTIONS for different PHASESPACE:
  borntype for different PHASESPACE:
  0.50211935597780333       +-    4.7246878362541302E-004  fb   9.4094915481867811E-002
  0.26183189391406242       +-    2.0891434448401712E-004  fb   7.9789494458068683E-002
  0.10175672454636721       +-    8.5495740381129445E-005  fb   8.4019744898698887E-002
  boxes for different PHASESPACE:
   2.7229992067123808E-002  +-    1.0981924740324150E-004  fb  0.40330253175443270     
   3.0164070992996221E-002  +-    6.4834184813337847E-005  fb  0.21493844391359396     
   1.0366871326905912E-002  +-    2.2955131274841481E-005  fb  0.22142776302493813     
 pentagons for different PHASESPACE:
   3.2865361741152191E-002  +-    2.6101280658550615E-004  fb  0.79418814447029296     
   4.0361771734013332E-006  +-    1.0526029668481714E-005  fb   260.79206180167029     
   1.1960406300616170E-004  +-    5.3688133597829761E-006  fb   4.4888218885226232     
   
 TOTAL VIRTUAL CONTRIBUTIONS:
 TOTAL borntype:
  0.86570797443823289        5.2362341091187036E-004   6.0484993366458843E-002  %
 TOTAL boxes:
   6.7760934387025934E-002   1.2957884346014831E-004  0.19122942242803331       %
 TOTAL pentagons:
   3.2989001981331756E-002   2.6128013062442541E-004  0.79202193134633780       %
  
  
  REAL EMISSION for different PHASESPACE:
  0.48405736168283048        9.4230943653692575E-004  0.19466896098036338       %
  0.11379479296237005        1.2807067046238867E-003   1.1254528184320298       %
  0.22448801804581353        9.0189985402216240E-004  0.40175857129181064       %
  
  
  
 !!!!!!!!!!!!!!!!!!!!!!!!!!!!!!!!!!!!!!!!!!!!!!!!!!!!!!!!!!!!!!!!!!!!!!!!!!!!!!!!!!!!!!!!!!!!!!!!!!!!!!!!
     VBFNLO 2.7.0 rc1 svn 6148
   
  PROCESS:          492   :   p p -->  W- Z A -->  e/mu- ve/mu~ q q~ A
    with leading order hadronic decay of one vector boson
   
  TOTAL result (LO):         0.69281478058390267       +-    3.1808088483818313E-004  fb     4.5911388404575509E-002 %
  NLO virtual result:        0.96645791080659049       +-    5.9936588140014095E-004  fb     6.2016759829708432E-002 %
  QCD real emission:         0.82234017269101400       +-    1.8279989289220911E-003  fb    0.22229230549933782      %
  TOTAL result (NLO):         1.7887980834976045       +-    1.9237514246718259E-003  fb    0.10754435855109760      %
  K-Factor:                   2.5819282925661744     
 !!!!!!!!!!!!!!!!!!!!!!!!!!!!!!!!!!!!!!!!!!!!!!!!!!!!!!!!!!!!!!!!!!!!!!!!!!!!!!!!!!!!!!!!!!!!!!!!!!!!!!!!
  
  
