running on itppc42
command to run:
/itp/fast/robin/vbfnlo-installs/mpi-disable/bin/vbfnlo
   
 -----------------------------------------------------------------
 VBFNLO, version 3.0.0 beta2 GIT a9d9ebca
 Comput. Phys. Commun. 180 (2009) 1661[arXiv:0811.4559 [hep-ph]]
 arXiV:1107.4038, arXiV:1207.4975, arXiv:1404.3940
 http://www.itp.kit.edu/vbfnlo
 -----------------------------------------------------------------
 Process-specific references (please cite as well if appropriate):
 G. Bozzi, F. Campanario, M. Rauch, D. Zeppenfeld
 Phys.Rev. D83 (2011) 114035, e-Print: arXiv:1103.4613 [hep-ph]
 
 -----------------------------------------------------------------
   
   
  
        Information on global parameters
 -----------------------------------------------
   PROCESS               =      500
   LOPROCESS_PLUS_JET    =        F
   KK_MOD                =        F
   ANOM_CPL              =        F
   LEPTONS               =    12  -11
   LO_ITERATIONS         =        6
   NLO_ITERATIONS        =        6
   LO_POINTS             =       26
   NLO_POINTS            =       26
   NLO_SWITCH            =        T
   EWCOR_SWITCH          =        F
   FERMIONLOOP           =        3
   LHA_SWITCH            =        F
   HEPMC_SWITCH          =        F
   LO_GRID               = grid2_1                                           
                           grid2_2                                           
                           grid2_3                                           
                           grid2_4                                           
   NLO_GRID              = grid3_1                                           
                           grid3_2                                           
                           grid3_3                                           
                           grid3_4                                           
   PHTN_GRID             = grid4_1                                           
                           grid4_2                                           
                           grid4_3                                           
                           grid4_4                                           
   FLOOP_GRID            = grid5_1                                           
                           grid5_2                                           
                           grid5_3                                           
                           grid5_4                                           
   ECM                   =  14000.0    
   BEAM1                 =        1
   BEAM2                 =        1
   ID_MUF                =        4
   ID_MUR                =        4
   MUF_USER              =  100.000    
   MUR_USER              =  100.000    
   XIF                   =  1.00000    
   XIR                   =  1.00000    
 Warning: cannot read value for key = SHOWTIMING. Using default value :  T
 
       information on the selected process 
 -----------------------------------------------
 
  pp -> W+ A A -> l+ vl A A
 
 W+ photon photon production with subsequent decay of the W boson to leptons.
 Process is implemented at LO and NLO QCD.
 Anomalous couplings can be set in "anomV.dat".
 References: G. Bozzi, F. Campanario, M. Rauch, D. Zeppenfeld
 Phys.Rev. D83 (2011) 114035, e-Print: arXiv:1103.4613 [hep-ph]
 
 Initializing PDF set CT10
  
               Physics parameters
 -----------------------------------------------
   HTYPE                 =        0
   MODEL                 =        1
   ANOM_CPL              =        F
   KK_MOD                =        F
   SPIN2                 =        F
   HMASS                 =  120.000    
   HWIDTH                = -999.000    
   TOPMASS               =  172.400    
   BOTTOMMASS            =  4.85500    
   CHARMMASS             =  1.65000    
   TAU_MASS              =  1.77684    
   EWSCHEME              =        3
   FERMI_CONST           = 0.116637E-04
   WMASS                 =  80.3980    
   ZMASS                 =  91.1876    
   
 Running in the SM
   
 Higgs mass =   120.00000000000000     
   
   
  
 Information on scale setting in InitScales 
 -------------------------------------------
  
 Dynamical factorization scale chosen:
       invariant VVV mass 
 Dynamical value for alphas chosen:
 alphas = alpha(invariant VVV mass)
 Initializing PDF set cteq6l1
  
  
  
  
   Information on couplings, masses and widths
 ===============================================
  
   SM coupling parameters 
 ---------------------------
   G_Fermi                         : 0.000011663700
   SIN**2 of the weak mixing angle : 0.22264585
   Q.E.D. fine structure constant  : 1/132.34070    
   SU(2) coupling constant g       : 0.65305673
   U(1) coupling constant g'       : 0.34950127
   Q.C.D. LO alfas(MZ)             : 0.12980813
   Q.C.D. NLO alfas(MZ)            : 0.11798159
  
      particle masses
 ---------------------------
   mass of the Z0 boson            :   91.1876
   mass of the W+/- boson          :   80.3980
   mass of the Higgs boson         :  120.0000
   mass of the top quark           :  172.4000
   mass of the bottom quark at MH  :    2.8132
  (All other fermions have mass equal ZERO)
  
      particle widths
 ---------------------------
   total widths of Z0              :   2.508420 GeV
   total widths of W+ or W-        :   2.097673 GeV
   total widths of Higgs           :   0.003578 GeV
   total widths of top quark       :   1.339784 GeV
  
     branching ratios
 ---------------------------
   W -> lepton anti-lepton         : 10.8397227 %
   W -> massless quark anti-quark  : 33.7404159 %
   W -> top bottom                 :  0.0000000 %
  
   Z -> neutrino anti-neutrino     :  6.6129820 %
   Z -> charged lepton anti-lepton :  3.3460763 %
   Z -> up-type quark anti-quark   : 11.9908090 %
   Z -> down-type quark anti-quark : 15.3804024 %
   Z -> top anti-top               :  0.0000000 %
  
   H -> WW                         : 13.4257085 %
   H -> ZZ                         :  1.5167593 %
   H -> bottom anti-bottom         : 65.5969832 %
   H -> top anti-top               :  0.0000000 %
   H -> charm anti-charm           :  3.8970452 %
   H -> tau anti-tau               :  6.9405324 %
   H -> mu anti-mu                 :  0.0245739 %
   H -> gluon gluon                :  8.2279367 %
   H -> gamma gamma                :  0.2323288 %
   H -> Z gamma                    :  0.1381319 %
  
 Warning: cannot read value for key = MLL_OSONLY. Using default value :  T
 Warning: cannot read value for key = PTMISS_MIN. Using default value :    0.0000000000000000     
 
          information on cut parameters
 -----------------------------------------------
 
 minimum jet pt        (PT_JET_MIN):     30.00   
 maximum jet rapidity                 (Y_JET_MAX):    4.5000000000000000     
 maximum parton pseudorapidity          (Y_P_MAX):    5.0000000000000000     
 minimum jet-jet R-separation           (RJJ_MIN):   0.80000000000000004     
 minimum number of jets                (NJET_MIN):            0
 single jet from hadronic decay (SINGLE_DECAYJET):            0
 exponent of generalised kT algorithm (PGENKTJET):    1.0000000000000000     
 minimum lepton-lepton R-separation     (RLL_MIN):    0.0000000000000000     
 maximum lepton-lepton R-separation     (RLL_MAX):    50.000000000000000     
 minimum jet-lepton R-separation        (RJL_MIN):   0.40000000000000002     
 minimum jet-photon R-separation        (RJG_MIN):   0.69999999999999996     
 minimum lepton-photon R-separation     (RLG_MIN):   0.40000000000000002     
 minimum photon-photon R-separation     (RGG_MIN):   0.40000000000000002     
 maximum photon-photon R-separation     (RGG_MAX):    50.000000000000000     
 maximum lepton rapidity                (Y_L_MAX):    2.5000000000000000     
 minimum lepton pt       (PT_L_MIN):     20.00   
 minimum invariant dilepton mass        (MLL_MIN):    15.000000000000000     
 maximum invariant dilepton mass        (MLL_MAX):    14000.000000000000     
 m_ll cuts only on opposite-sign l   (MLL_OSONLY):  T
 maximum photon rapidity                (Y_G_MAX):    2.5000000000000000     
 minimum photon pt       (PT_G_MIN):     20.00    20.00   
 photon isolation cut                 (PHISOLCUT):   0.69999999999999996     
 efficiency of photon isolation cut   (EFISOLCUT):    1.0000000000000000     
 minimum invariant lepton-photon mass   (MLG_MIN):    0.0000000000000000     
 maximum invariant lepton-photon mass   (MLG_MAX):    1.0000000000000000E+020
 minimal missing transverse momentum (PTMISS_MIN):    0.0000000000000000     
 minimum jet rapidity separation      (ETAJJ_MIN):    0.0000000000000000     
 tagging jets in opposite hemispheres     (YSIGN):    F
 leptons fall inside rapidity gap     (LRAPIDGAP):    F
 min leptons y-dist from tagging jets   (DELY_JL):    0.0000000000000000     
 photons fall inside rapidity gap     (GRAPIDGAP):    T
 min photons y-dist from tagging jets   (DELY_JG):    0.0000000000000000     
 dijet min mass cut on tag jets        (MDIJ_MIN):    600.00000000000000     
 dijet max mass cut on tag jets        (MDIJ_MAX):    14000.000000000000     
 veto criteria for jets                   (JVETO):    F
 minimum veto-tag y-dist             (DELY_JVETO):    0.0000000000000000     
 maximum |y| for veto jet             (YMAX_VETO):    3.0000000000000000     
 minimum pT for veto jet             (PTMIN_VETO):    50.000000000000000     
 

 --------------------PHASE SPACE--------------------

 boson has mass    80.40 GeV and width     2.0977 GeV
 integration range for boson   3 =      0.032  to     9899.495 GeV
 boson has mass     0.00 GeV and width     0.0000 GeV
 integration range for boson   1 =      0.032  to     9899.495 GeV
 boson has mass     0.00 GeV and width     0.0000 GeV
 integration range for boson   1 =      0.032  to     9899.495 GeV

 machine energy =    14000.0  GeV

 ---------------------------------------------------

  Open error on file random.dat
  Using default values.
  Random number generator initialized with seed =            0
 
          information on histogram config
 -----------------------------------------------
 
  Open error on file histograms.dat
  Using default values.
 SMEARING           =      F
 CALC_ERROR_GNUPLOT =      F
 CALC_ERROR_ROOT    =      F
 CALC_ERROR_1D      =      T
 CALC_ERROR_2D      =      F
 
HIST_ID1      =      0.00    250.00  # dS/dpT_j (fb/GeV)
HIST_ID2      =      0.00    500.00  # dS/dpTmax_j (fb/GeV)
HIST_ID3      =      0.00    200.00  # dS/dpTmin_j (fb/GeV)
HIST_ID4      =     -5.00      5.00  # dS/dy_j (fb)
HIST_ID5      =     -5.00      5.00  # dS/dy_j1 (fb)
HIST_ID6      =     -5.00      5.00  # dS/dy_j2 (fb)
HIST_ID7      =      0.00    500.00  # dS/dpTmax_l (fb/GeV)
HIST_ID8      =      0.00    200.00  # dS/dpTmin_l (fb/GeV)
HIST_ID9      =      0.00      5.00  # dS/d|eta|max_l (fb)
HIST_ID10     =      0.00      5.00  # dS/d|eta|min_l (fb)
HIST_ID11     =   -180.00    180.00  # dS/dPhi_jj (fb)
2DHIST_ID1    =      0.00      6.00      0.00    800.00  # d2S/dy_jj dm_jj (fb/GeV)
 
 -----------------------------------------------
 
 
 
Starttime: 2016-11-30T11:43:28+0100
  
 PHASE SPACE           1
  

 MONACO input parameters:
 ndim =  9,  ncall =       4M,   rtype = 0
 nprn =  0,  acc = -1.0E+0,  alph = 8.75E-1,  nd = 48,  mds =  0

 MONACO:  continuing with uniform grid
  
 AAW+ amplitude square information:
 -----------------------------------------------
  
  precalculated tensors initialized to  (  0.0000000000000000     ,  0.0000000000000000     )
  External b-quark contributions are excluded

 iteration  1:
 integral =  1.577949E+00,  sigma = 4.219E-02
 efficacy = 2.065E-05,  raw efficacy = 2.065E-05
 f_positive = 4.450E-2,  f_zero = 9.555E-1,  f_negative = 0.000E+0
 accumulated statistics:
 integral =  1.577949E+00,  sigma = 4.219E-02,  chi^2/iteration = 0.000E+00

 MONACO:  grid written to file grid2_1.out.1

 MONACO input parameters:
 ndim =  9,  ncall =       8M,   rtype = 0
 nprn =  0,  acc = -1.0E+0,  alph = 8.75E-1,  nd = 48,  mds =  0

 iteration  2:
 integral =  1.564704E+00,  sigma = 6.087E-03
 efficacy = 1.549E-04,  raw efficacy = 2.133E-06
 f_positive = 2.268E-1,  f_zero = 7.732E-1,  f_negative = 0.000E+0
 accumulated statistics:
 integral =  1.564974E+00,  sigma = 6.025E-03,  chi^2/iteration = 9.654E+04

 MONACO:  grid written to file grid2_1.out.2

 MONACO input parameters:
 ndim =  9,  ncall =      16M,   rtype = 0
 nprn =  0,  acc = -1.0E+0,  alph = 8.75E-1,  nd = 48,  mds =  0

 iteration  3:
 integral =  1.563500E+00,  sigma = 2.674E-03
 efficacy = 2.772E-04,  raw efficacy = 1.908E-06
 f_positive = 3.566E-1,  f_zero = 6.434E-1,  f_negative = 0.000E+0
 accumulated statistics:
 integral =  1.563743E+00,  sigma = 2.444E-03,  chi^2/iteration = 1.465E-01

 MONACO:  grid written to file grid2_1.out.3

 MONACO input parameters:
 ndim =  9,  ncall =      32M,   rtype = 0
 nprn =  0,  acc = -1.0E+0,  alph = 8.75E-1,  nd = 48,  mds =  0

 iteration  4:
 integral =  1.563914E+00,  sigma = 1.675E-03
 efficacy = 2.661E-04,  raw efficacy = 1.276E-06
 f_positive = 4.022E-1,  f_zero = 5.978E-1,  f_negative = 0.000E+0
 accumulated statistics:
 integral =  1.563860E+00,  sigma = 1.382E-03,  chi^2/iteration = 7.493E-02

 MONACO:  grid written to file grid2_1.out.4

 MONACO input parameters:
 ndim =  9,  ncall =      64M,   rtype = 0
 nprn =  0,  acc = -1.0E+0,  alph = 8.75E-1,  nd = 48,  mds =  0

 iteration  5:
 integral =  1.564853E+00,  sigma = 1.102E-03
 efficacy = 3.386E-04,  raw efficacy = 7.080E-07
 f_positive = 4.242E-1,  f_zero = 5.758E-1,  f_negative = 0.000E+0
 accumulated statistics:
 integral =  1.564467E+00,  sigma = 8.616E-04,  chi^2/iteration = 1.553E-01

 MONACO:  grid written to file grid2_1.out.5

 MONACO input parameters:
 ndim =  9,  ncall =     128M,   rtype = 0
 nprn =  0,  acc = -1.0E+0,  alph = 8.75E-1,  nd = 48,  mds =  0

 iteration  6:
 integral =  1.564083E+00,  sigma = 7.618E-04
 efficacy = 2.098E-04,  raw efficacy = 2.844E-07
 f_positive = 4.366E-1,  f_zero = 5.634E-1,  f_negative = 0.000E+0
 accumulated statistics:
 integral =  1.564251E+00,  sigma = 5.707E-04,  chi^2/iteration = 1.444E-01

 MONACO:  grid written to file grid2_1.out.6
 
  result (LO):    1.5642511700173154       +-    5.7071607829568382E-004  fb     3.6484938559410908E-002 %
 
  
 PHASE SPACE           2
  

 MONACO input parameters:
 ndim =  9,  ncall =       2M,   rtype = 0
 nprn =  0,  acc = -1.0E+0,  alph = 8.75E-1,  nd = 48,  mds =  0

 MONACO:  continuing with uniform grid

 iteration  1:
 integral =  5.150257E-01,  sigma = 2.412E-02
 efficacy = 3.612E-05,  raw efficacy = 3.612E-05
 f_positive = 2.676E-2,  f_zero = 9.732E-1,  f_negative = 0.000E+0
 accumulated statistics:
 integral =  5.150257E-01,  sigma = 2.412E-02,  chi^2/iteration = 0.000E+00

 MONACO:  grid written to file grid2_2.out.1

 MONACO input parameters:
 ndim =  9,  ncall =       4M,   rtype = 0
 nprn =  0,  acc = -1.0E+0,  alph = 8.75E-1,  nd = 48,  mds =  0

 iteration  2:
 integral =  4.824166E-01,  sigma = 3.235E-03
 efficacy = 1.903E-04,  raw efficacy = 8.557E-06
 f_positive = 1.258E-1,  f_zero = 8.742E-1,  f_negative = 0.000E+0
 accumulated statistics:
 integral =  4.829930E-01,  sigma = 3.206E-03,  chi^2/iteration = 1.796E+06

 MONACO:  grid written to file grid2_2.out.2

 MONACO input parameters:
 ndim =  9,  ncall =       8M,   rtype = 0
 nprn =  0,  acc = -1.0E+0,  alph = 8.75E-1,  nd = 48,  mds =  0

 iteration  3:
 integral =  4.835944E-01,  sigma = 1.362E-03
 efficacy = 2.881E-04,  raw efficacy = 5.228E-06
 f_positive = 1.602E-1,  f_zero = 8.398E-1,  f_negative = 0.000E+0
 accumulated statistics:
 integral =  4.835025E-01,  sigma = 1.253E-03,  chi^2/iteration = 1.826E+00

 MONACO:  grid written to file grid2_2.out.3

 MONACO input parameters:
 ndim =  9,  ncall =      16M,   rtype = 0
 nprn =  0,  acc = -1.0E+0,  alph = 8.75E-1,  nd = 48,  mds =  0

 iteration  4:
 integral =  4.826644E-01,  sigma = 8.161E-04
 efficacy = 3.484E-04,  raw efficacy = 4.051E-06
 f_positive = 1.606E-1,  f_zero = 8.394E-1,  f_negative = 0.000E+0
 accumulated statistics:
 integral =  4.829139E-01,  sigma = 6.839E-04,  chi^2/iteration = 1.070E+00

 MONACO:  grid written to file grid2_2.out.4

 MONACO input parameters:
 ndim =  9,  ncall =      32M,   rtype = 0
 nprn =  0,  acc = -1.0E+0,  alph = 8.75E-1,  nd = 48,  mds =  0

 iteration  5:
 integral =  4.817967E-01,  sigma = 5.410E-04
 efficacy = 2.593E-04,  raw efficacy = 4.184E-06
 f_positive = 1.590E-1,  f_zero = 8.410E-1,  f_negative = 0.000E+0
 accumulated statistics:
 integral =  4.822267E-01,  sigma = 4.243E-04,  chi^2/iteration = 1.260E+00

 MONACO:  grid written to file grid2_2.out.5

 MONACO input parameters:
 ndim =  9,  ncall =      64M,   rtype = 0
 nprn =  0,  acc = -1.0E+0,  alph = 8.75E-1,  nd = 48,  mds =  0

 iteration  6:
 integral =  4.820009E-01,  sigma = 3.775E-04
 efficacy = 3.672E-04,  raw efficacy = 4.153E-06
 f_positive = 1.574E-1,  f_zero = 8.426E-1,  f_negative = 0.000E+0
 accumulated statistics:
 integral =  4.821007E-01,  sigma = 2.820E-04,  chi^2/iteration = 9.848E-01

 MONACO:  grid written to file grid2_2.out.6
 
  result (LO):   0.48210066211095121       +-    2.8203367370186323E-004  fb     5.8500992814848218E-002 %
 
  
 PHASE SPACE           3
  

 MONACO input parameters:
 ndim =  9,  ncall =       2M,   rtype = 0
 nprn =  0,  acc = -1.0E+0,  alph = 8.75E-1,  nd = 48,  mds =  0

 MONACO:  continuing with uniform grid

 iteration  1:
 integral =  5.172339E-01,  sigma = 3.592E-02
 efficacy = 1.189E-05,  raw efficacy = 1.189E-05
 f_positive = 2.674E-2,  f_zero = 9.733E-1,  f_negative = 0.000E+0
 accumulated statistics:
 integral =  5.172339E-01,  sigma = 3.592E-02,  chi^2/iteration = 0.000E+00

 MONACO:  grid written to file grid2_3.out.1

 MONACO input parameters:
 ndim =  9,  ncall =       4M,   rtype = 0
 nprn =  0,  acc = -1.0E+0,  alph = 8.75E-1,  nd = 48,  mds =  0

 iteration  2:
 integral =  4.851541E-01,  sigma = 3.228E-03
 efficacy = 2.759E-04,  raw efficacy = 7.576E-06
 f_positive = 1.295E-1,  f_zero = 8.705E-1,  f_negative = 0.000E+0
 accumulated statistics:
 integral =  4.854112E-01,  sigma = 3.215E-03,  chi^2/iteration = 7.914E+05

 MONACO:  grid written to file grid2_3.out.2

 MONACO input parameters:
 ndim =  9,  ncall =       8M,   rtype = 0
 nprn =  0,  acc = -1.0E+0,  alph = 8.75E-1,  nd = 48,  mds =  0

 iteration  3:
 integral =  4.810626E-01,  sigma = 1.345E-03
 efficacy = 3.194E-04,  raw efficacy = 4.710E-06
 f_positive = 1.622E-1,  f_zero = 8.378E-1,  f_negative = 0.000E+0
 accumulated statistics:
 integral =  4.817104E-01,  sigma = 1.241E-03,  chi^2/iteration = 2.348E+00

 MONACO:  grid written to file grid2_3.out.3

 MONACO input parameters:
 ndim =  9,  ncall =      16M,   rtype = 0
 nprn =  0,  acc = -1.0E+0,  alph = 8.75E-1,  nd = 48,  mds =  0

 iteration  4:
 integral =  4.814759E-01,  sigma = 8.139E-04
 efficacy = 2.529E-04,  raw efficacy = 5.932E-06
 f_positive = 1.646E-1,  f_zero = 8.354E-1,  f_negative = 0.000E+0
 accumulated statistics:
 integral =  4.815464E-01,  sigma = 6.806E-04,  chi^2/iteration = 1.187E+00

 MONACO:  grid written to file grid2_3.out.4

 MONACO input parameters:
 ndim =  9,  ncall =      32M,   rtype = 0
 nprn =  0,  acc = -1.0E+0,  alph = 8.75E-1,  nd = 48,  mds =  0

 iteration  5:
 integral =  4.812468E-01,  sigma = 5.530E-04
 efficacy = 1.711E-04,  raw efficacy = 3.609E-06
 f_positive = 1.616E-1,  f_zero = 8.384E-1,  f_negative = 0.000E+0
 accumulated statistics:
 integral =  4.813660E-01,  sigma = 4.292E-04,  chi^2/iteration = 8.300E-01

 MONACO:  grid written to file grid2_3.out.5

 MONACO input parameters:
 ndim =  9,  ncall =      64M,   rtype = 0
 nprn =  0,  acc = -1.0E+0,  alph = 8.75E-1,  nd = 48,  mds =  0

 iteration  6:
 integral =  4.810594E-01,  sigma = 3.808E-04
 efficacy = 2.063E-04,  raw efficacy = 3.669E-06
 f_positive = 1.595E-1,  f_zero = 8.405E-1,  f_negative = 0.000E+0
 accumulated statistics:
 integral =  4.811944E-01,  sigma = 2.849E-04,  chi^2/iteration = 6.938E-01

 MONACO:  grid written to file grid2_3.out.6
 
  result (LO):   0.48119443344976853       +-    2.8486459688354993E-004  fb     5.9199478855419201E-002 %
 
  
 PHASE SPACE           4
  

 MONACO input parameters:
 ndim =  9,  ncall =       2M,   rtype = 0
 nprn =  0,  acc = -1.0E+0,  alph = 8.75E-1,  nd = 48,  mds =  0

 MONACO:  continuing with uniform grid

 iteration  1:
 integral =  8.947580E-04,  sigma = 1.811E-04
 efficacy = 2.579E-06,  raw efficacy = 2.579E-06
 f_positive = 6.738E-4,  f_zero = 9.993E-1,  f_negative = 0.000E+0
 accumulated statistics:
 integral =  8.947580E-04,  sigma = 1.811E-04,  chi^2/iteration = 0.000E+00

 MONACO:  grid written to file grid2_4.out.1

 MONACO input parameters:
 ndim =  9,  ncall =       4M,   rtype = 0
 nprn =  0,  acc = -1.0E+0,  alph = 8.75E-1,  nd = 48,  mds =  0

 iteration  2:
 integral =  8.951661E-04,  sigma = 2.505E-05
 efficacy = 1.937E-05,  raw efficacy = 4.612E-07
 f_positive = 1.018E-2,  f_zero = 9.898E-1,  f_negative = 0.000E+0
 accumulated statistics:
 integral =  8.951584E-04,  sigma = 2.481E-05,  chi^2/iteration = 4.979E+00

 MONACO:  grid written to file grid2_4.out.2

 MONACO input parameters:
 ndim =  9,  ncall =       8M,   rtype = 0
 nprn =  0,  acc = -1.0E+0,  alph = 8.75E-1,  nd = 48,  mds =  0

 iteration  3:
 integral =  8.811421E-04,  sigma = 5.719E-06
 efficacy = 9.027E-05,  raw efficacy = 2.652E-07
 f_positive = 2.284E-2,  f_zero = 9.772E-1,  f_negative = 0.000E+0
 accumulated statistics:
 integral =  8.818493E-04,  sigma = 5.573E-06,  chi^2/iteration = 3.030E-01

 MONACO:  grid written to file grid2_4.out.3

 MONACO input parameters:
 ndim =  9,  ncall =      16M,   rtype = 0
 nprn =  0,  acc = -1.0E+0,  alph = 8.75E-1,  nd = 48,  mds =  0

 iteration  4:
 integral =  8.831856E-04,  sigma = 3.104E-06
 efficacy = 1.344E-04,  raw efficacy = 2.388E-07
 f_positive = 3.325E-2,  f_zero = 9.667E-1,  f_negative = 0.000E+0
 accumulated statistics:
 integral =  8.828693E-04,  sigma = 2.712E-06,  chi^2/iteration = 1.734E-01

 MONACO:  grid written to file grid2_4.out.4

 MONACO input parameters:
 ndim =  9,  ncall =      32M,   rtype = 0
 nprn =  0,  acc = -1.0E+0,  alph = 8.75E-1,  nd = 48,  mds =  0

 iteration  5:
 integral =  8.762867E-04,  sigma = 1.874E-06
 efficacy = 1.814E-04,  raw efficacy = 1.543E-07
 f_positive = 4.002E-2,  f_zero = 9.600E-1,  f_negative = 0.000E+0
 accumulated statistics:
 integral =  8.784147E-04,  sigma = 1.542E-06,  chi^2/iteration = 1.445E+00

 MONACO:  grid written to file grid2_4.out.5

 MONACO input parameters:
 ndim =  9,  ncall =      64M,   rtype = 0
 nprn =  0,  acc = -1.0E+0,  alph = 8.75E-1,  nd = 48,  mds =  0

 iteration  6:
 integral =  8.789441E-04,  sigma = 1.314E-06
 efficacy = 5.750E-05,  raw efficacy = 1.465E-07
 f_positive = 4.569E-2,  f_zero = 9.543E-1,  f_negative = 0.000E+0
 accumulated statistics:
 integral =  8.787212E-04,  sigma = 1.000E-06,  chi^2/iteration = 1.101E+00

 MONACO:  grid written to file grid2_4.out.6
 
  result (LO):    8.7872123255066021E-004  +-    1.0002842579077300E-006  fb    0.11383408308050204      %
 
 
  Total (multi-channel) result (LO):    2.5284249868105859       +-    6.9743004972054232E-004  fb     2.7583576865386733E-002 %
  
   
 Initialising FF ..
   
 ====================================================
   FF 2.0, a package to evaluate one-loop integrals
 written by G. J. van Oldenborgh, NIKHEF-H, Amsterdam
 ====================================================
 for the algorithms used see preprint NIKHEF-H 89/17,
 'New Algorithms for One-loop Integrals', by G.J. van
 Oldenborgh and J.A.M. Vermaseren, published in 
 Zeitschrift fuer Physik C46(1990)425.
 ====================================================
 Initializing PDF set CT10
  
 PHASE SPACE            1
  

 MONACO input parameters:
 ndim =  9,  ncall =     128M,   rtype = 0
 nprn =  0,  acc = -1.0E+0,  alph = 8.75E-1,  nd = 48,  mds =  0

 MONACO:  grid read from file grid2_1.out.6                                                                                                                                                                                                                                             

 iteration  1:
 integral =  1.985765E+00,  sigma = 9.585E-04
 efficacy = 2.357E-04,  raw efficacy = 6.915E-07
 f_positive = 4.424E-1,  f_zero = 5.576E-1,  f_negative = 0.000E+0
 accumulated statistics:
 integral =  1.985765E+00,  sigma = 9.585E-04,  chi^2/iteration = 0.000E+00

 MONACO:  grid written to file grid2_1.vout.1
  
  result for virtual contribution, no.            1
  sigma =    1.9857645174576837       +-    9.5849800548422756E-004  fb  
  
 total result for virtual contns so far 
  sigma =    1.9857645174576837       +-    9.5849800548422756E-004  fb
  

 MONACO input parameters:
 ndim =  9,  ncall =      32M,   rtype = 0
 nprn =  0,  acc = -1.0E+0,  alph = 8.75E-1,  nd = 48,  mds =  0

 MONACO:  grid read from file grid2_1.out.6                                                                                                                                                                                                                                             

 iteration  1:
 integral =  5.835871E-02,  sigma = 9.352E-05
 efficacy = 1.015E-04,  raw efficacy = 3.393E-07
 f_positive = 2.777E-1,  f_zero = 5.575E-1,  f_negative = 1.648E-1
 accumulated statistics:
 integral =  5.835871E-02,  sigma = 9.352E-05,  chi^2/iteration = 5.821E-11

 MONACO:  grid written to file grid2_1.vout.2
  
  result for virtual contribution, no.            2
  sigma =    5.8358708042232560E-002  +-    9.3521165375331757E-005  fb  
  Box instabilites           0
           total calls           0
           instabilities [%]   0.0000000000000000     
  
 total result for virtual contns so far 
  sigma =    2.0441232254999164       +-    9.6304965338782117E-004  fb
  

 MONACO input parameters:
 ndim =  9,  ncall =       8M,   rtype = 0
 nprn =  0,  acc = -1.0E+0,  alph = 8.75E-1,  nd = 48,  mds =  0

 MONACO:  grid read from file grid2_1.out.6                                                                                                                                                                                                                                             
 Momemtum is not conserved: p5sq=0. here=   1.0527128324611112E-007
 Corrected by p4=-(p1+p2+p3+p5)

 iteration  1:
 integral =  1.087289E-01,  sigma = 3.906E-04
 efficacy = 4.103E-04,  raw efficacy = 4.385E-06
 f_positive = 2.490E-1,  f_zero = 5.574E-1,  f_negative = 1.936E-1
 accumulated statistics:
 integral =  1.087289E-01,  sigma = 3.906E-04,  chi^2/iteration = 0.000E+00

 MONACO:  grid written to file grid2_1.vout.3
  
  result for virtual contribution, no.            3
  sigma =   0.10872893020086631       +-    3.9064249328355221E-004  fb  
  Pentagon instabilites         226
           total calls     7424970
           instabilities [%]   3.0437833418855563E-003
  
 total result for virtual contns so far 
  sigma =    2.1528521557007827       +-    1.0392623309103397E-003  fb
  
  
 PHASE SPACE            2
  

 MONACO input parameters:
 ndim =  9,  ncall =      16M,   rtype = 0
 nprn =  0,  acc = -1.0E+0,  alph = 8.75E-1,  nd = 48,  mds =  0

 MONACO:  grid read from file grid2_2.out.6                                                                                                                                                                                                                                             

 iteration  1:
 integral =  6.180357E-01,  sigma = 9.477E-04
 efficacy = 4.839E-04,  raw efficacy = 4.089E-06
 f_positive = 1.565E-1,  f_zero = 8.435E-1,  f_negative = 0.000E+0
 accumulated statistics:
 integral =  6.180357E-01,  sigma = 9.477E-04,  chi^2/iteration = 0.000E+00

 MONACO:  grid written to file grid2_2.vout.1
  
  result for virtual contribution, no.            1
  sigma =   0.61803572168119469       +-    9.4774793296147476E-004  fb  
  
 total result for virtual contns so far 
  sigma =   0.61803572168119469       +-    9.4774793296147476E-004  fb
  

 MONACO input parameters:
 ndim =  9,  ncall =       4M,   rtype = 0
 nprn =  0,  acc = -1.0E+0,  alph = 8.75E-1,  nd = 48,  mds =  0

 MONACO:  grid read from file grid2_2.out.6                                                                                                                                                                                                                                             

 iteration  1:
 integral =  2.730794E-02,  sigma = 1.280E-04
 efficacy = 3.705E-04,  raw efficacy = 3.885E-06
 f_positive = 1.261E-1,  f_zero = 8.436E-1,  f_negative = 3.032E-2
 accumulated statistics:
 integral =  2.730794E-02,  sigma = 1.280E-04,  chi^2/iteration = 0.000E+00

 MONACO:  grid written to file grid2_2.vout.2
  
  result for virtual contribution, no.            2
  sigma =    2.7307943913243798E-002  +-    1.2800158472441161E-004  fb  
  Box instabilites           0
           total calls           0
           instabilities [%]   0.0000000000000000     
  
 total result for virtual contns so far 
  sigma =   0.64534366559443845       +-    9.5635273310881947E-004  fb
  

 MONACO input parameters:
 ndim =  9,  ncall =       2M,   rtype = 0
 nprn =  0,  acc = -1.0E+0,  alph = 8.75E-1,  nd = 48,  mds =  0

 MONACO:  grid read from file grid2_2.out.6                                                                                                                                                                                                                                             

 iteration  1:
 integral =  4.975978E-05,  sigma = 3.396E-05
 efficacy = 1.101E-06,  raw efficacy = 7.009E-08
 f_positive = 8.253E-2,  f_zero = 8.434E-1,  f_negative = 7.407E-2
 accumulated statistics:
 integral =  4.975978E-05,  sigma = 3.396E-05,  chi^2/iteration = 0.000E+00

 MONACO:  grid written to file grid2_2.vout.3
  
  result for virtual contribution, no.            3
  sigma =    4.9759778765545366E-005  +-    3.3964669590516262E-005  fb  
  Pentagon instabilites          11
           total calls      656832
           instabilities [%]   1.6747052518756699E-003
  
 total result for virtual contns so far 
  sigma =   0.64539342537320399       +-    9.5695566715762841E-004  fb
  
  
 PHASE SPACE            3
  

 MONACO input parameters:
 ndim =  9,  ncall =      16M,   rtype = 0
 nprn =  0,  acc = -1.0E+0,  alph = 8.75E-1,  nd = 48,  mds =  0

 MONACO:  grid read from file grid2_3.out.6                                                                                                                                                                                                                                             

 iteration  1:
 integral =  6.176544E-01,  sigma = 9.548E-04
 efficacy = 2.916E-04,  raw efficacy = 3.485E-06
 f_positive = 1.575E-1,  f_zero = 8.425E-1,  f_negative = 0.000E+0
 accumulated statistics:
 integral =  6.176544E-01,  sigma = 9.548E-04,  chi^2/iteration = 5.821E-11

 MONACO:  grid written to file grid2_3.vout.1
  
  result for virtual contribution, no.            1
  sigma =   0.61765443091853278       +-    9.5483215412621653E-004  fb  
  
 total result for virtual contns so far 
  sigma =   0.61765443091853278       +-    9.5483215412621653E-004  fb
  

 MONACO input parameters:
 ndim =  9,  ncall =       4M,   rtype = 0
 nprn =  0,  acc = -1.0E+0,  alph = 8.75E-1,  nd = 48,  mds =  0

 MONACO:  grid read from file grid2_3.out.6                                                                                                                                                                                                                                             

 iteration  1:
 integral =  2.729628E-02,  sigma = 1.342E-04
 efficacy = 2.890E-04,  raw efficacy = 2.928E-06
 f_positive = 1.264E-1,  f_zero = 8.430E-1,  f_negative = 3.055E-2
 accumulated statistics:
 integral =  2.729628E-02,  sigma = 1.342E-04,  chi^2/iteration = 0.000E+00

 MONACO:  grid written to file grid2_3.vout.2
  
  result for virtual contribution, no.            2
  sigma =    2.7296277856780373E-002  +-    1.3420769846710052E-004  fb  
  Box instabilites           0
           total calls           0
           instabilities [%]   0.0000000000000000     
  
 total result for virtual contns so far 
  sigma =   0.64495070877531313       +-    9.6421789491854331E-004  fb
  

 MONACO input parameters:
 ndim =  9,  ncall =       2M,   rtype = 0
 nprn =  0,  acc = -1.0E+0,  alph = 8.75E-1,  nd = 48,  mds =  0

 MONACO:  grid read from file grid2_3.out.6                                                                                                                                                                                                                                             

 iteration  1:
 integral =  4.875108E-05,  sigma = 2.341E-05
 efficacy = 3.892E-06,  raw efficacy = 3.819E-08
 f_positive = 8.271E-2,  f_zero = 8.430E-1,  f_negative = 7.427E-2
 accumulated statistics:
 integral =  4.875108E-05,  sigma = 2.341E-05,  chi^2/iteration = 8.882E-16

 MONACO:  grid written to file grid2_3.vout.3
  
  result for virtual contribution, no.            3
  sigma =    4.8751075308117010E-005  +-    2.3412028409329365E-005  fb  
  Pentagon instabilites           6
           total calls      658408
           instabilities [%]   9.1128904873573834E-004
  
 total result for virtual contns so far 
  sigma =   0.64499945985062124       +-    9.6450208499276261E-004  fb
  
  
 PHASE SPACE            4
  

 MONACO input parameters:
 ndim =  9,  ncall =       4M,   rtype = 0
 nprn =  0,  acc = -1.0E+0,  alph = 8.75E-1,  nd = 48,  mds =  0

 MONACO:  grid read from file grid2_4.out.6                                                                                                                                                                                                                                             

 iteration  1:
 integral =  1.122107E-03,  sigma = 6.660E-06
 efficacy = 2.027E-04,  raw efficacy = 2.405E-07
 f_positive = 4.921E-2,  f_zero = 9.508E-1,  f_negative = 0.000E+0
 accumulated statistics:
 integral =  1.122107E-03,  sigma = 6.660E-06,  chi^2/iteration = 0.000E+00

 MONACO:  grid written to file grid2_4.vout.1
  
  result for virtual contribution, no.            1
  sigma =    1.1221072154410843E-003  +-    6.6600870937458410E-006  fb  
  
 total result for virtual contns so far 
  sigma =    1.1221072154410843E-003  +-    6.6600870937458410E-006  fb
  

 MONACO input parameters:
 ndim =  9,  ncall =       2M,   rtype = 0
 nprn =  0,  acc = -1.0E+0,  alph = 8.75E-1,  nd = 48,  mds =  0

 MONACO:  grid read from file grid2_4.out.6                                                                                                                                                                                                                                             

 iteration  1:
 integral =  1.968365E-06,  sigma = 1.227E-07
 efficacy = 3.045E-05,  raw efficacy = 2.417E-08
 f_positive = 2.464E-2,  f_zero = 9.509E-1,  f_negative = 2.442E-2
 accumulated statistics:
 integral =  1.968365E-06,  sigma = 1.227E-07,  chi^2/iteration = 5.684E-14

 MONACO:  grid written to file grid2_4.vout.2
  
  result for virtual contribution, no.            2
  sigma =    1.9683652869065651E-006  +-    1.2268482328695818E-007  fb  
  Box instabilites           0
           total calls           0
           instabilities [%]   0.0000000000000000     
  
 total result for virtual contns so far 
  sigma =    1.1240755807279909E-003  +-    6.6612169805633024E-006  fb
  

 MONACO input parameters:
 ndim =  9,  ncall =     512k,   rtype = 0
 nprn =  0,  acc = -1.0E+0,  alph = 8.75E-1,  nd = 48,  mds =  0

 MONACO:  grid read from file grid2_4.out.6                                                                                                                                                                                                                                             

 iteration  1:
 integral = -3.078132E-07,  sigma = 2.400E-07
 efficacy = 2.916E-06,  raw efficacy = 1.689E-08
 f_positive = 2.302E-2,  f_zero = 9.508E-1,  f_negative = 2.621E-2
 accumulated statistics:
 integral = -3.078132E-07,  sigma = 2.400E-07,  chi^2/iteration = 0.000E+00

 MONACO:  grid written to file grid2_4.vout.3
  
  result for virtual contribution, no.            3
  sigma =   -3.0781319759282868E-007  +-    2.4000999905590474E-007  fb  
  Pentagon instabilites           0
           total calls       51622
           instabilities [%]   0.0000000000000000     
  
 total result for virtual contns so far 
  sigma =    1.1237677675303981E-003  +-    6.6655394726752377E-006  fb
  
 
  Total (multi-channel) result (NLO virtual):    3.4443688086921385       +-    1.7105961074216621E-003  fb     4.9663558185315024E-002 %
 
   
 Summary for FF ..
   
 
total number of errors and warnings
===================================
vbffferr: no errors
the warning system has been disabled
 
  
 PHASE SPACE            1
  

 MONACO input parameters:
 ndim = 12,  ncall =     128M,   rtype = 0
 nprn =  0,  acc = -1.0E+0,  alph = 8.75E-1,  nd = 48,  mds =  0

 MONACO:  continuing with uniform grid
  
 AAW+j amplitude square information:
 -----------------------------------------------
  
  precalculated tensors initialized to  (  0.0000000000000000     ,  0.0000000000000000     )
  External b-quark contributions are excluded
  
  creal =   -6.5797362673929038       cvirtual =    5.1594725347858095     
  

 iteration  1:
 integral =  2.760910E+00,  sigma = 4.443E-02
 efficacy = 1.158E-06,  raw efficacy = 1.158E-06
 f_positive = 3.855E-2,  f_zero = 9.311E-1,  f_negative = 3.039E-2
 accumulated statistics:
 integral =  2.760910E+00,  sigma = 4.443E-02,  chi^2/iteration = 4.547E-13

 MONACO:  grid written to file grid3_1.out.1

 MONACO input parameters:
 ndim = 12,  ncall =     128M,   rtype = 0
 nprn =  0,  acc = -1.0E+0,  alph = 8.75E-1,  nd = 48,  mds =  0

 iteration  2:
 integral =  2.806711E+00,  sigma = 9.459E-03
 efficacy = 7.174E-06,  raw efficacy = 2.342E-08
 f_positive = 1.867E-1,  f_zero = 7.130E-1,  f_negative = 1.002E-1
 accumulated statistics:
 integral =  2.804725E+00,  sigma = 9.251E-03,  chi^2/iteration = 1.017E+06

 MONACO:  grid written to file grid3_1.out.2

 MONACO input parameters:
 ndim = 12,  ncall =     128M,   rtype = 0
 nprn =  0,  acc = -1.0E+0,  alph = 8.75E-1,  nd = 48,  mds =  0

 iteration  3:
 integral =  2.815399E+00,  sigma = 4.662E-03
 efficacy = 1.773E-05,  raw efficacy = 2.422E-08
 f_positive = 2.961E-1,  f_zero = 5.681E-1,  f_negative = 1.358E-1
 accumulated statistics:
 integral =  2.813237E+00,  sigma = 4.164E-03,  chi^2/iteration = 2.078E+00

 MONACO:  grid written to file grid3_1.out.3

 MONACO input parameters:
 ndim = 12,  ncall =     128M,   rtype = 0
 nprn =  0,  acc = -1.0E+0,  alph = 8.75E-1,  nd = 48,  mds =  0

 iteration  4:
 integral =  2.815765E+00,  sigma = 3.416E-03
 efficacy = 3.003E-05,  raw efficacy = 1.918E-08
 f_positive = 3.429E-1,  f_zero = 5.090E-1,  f_negative = 1.481E-1
 accumulated statistics:
 integral =  2.814748E+00,  sigma = 2.641E-03,  chi^2/iteration = 1.149E+00

 MONACO:  grid written to file grid3_1.out.4

 MONACO input parameters:
 ndim = 12,  ncall =     128M,   rtype = 0
 nprn =  0,  acc = -1.0E+0,  alph = 8.75E-1,  nd = 48,  mds =  0

 iteration  5:
 integral =  2.817392E+00,  sigma = 3.534E-03
 efficacy = 1.916E-05,  raw efficacy = 8.416E-09
 f_positive = 3.690E-1,  f_zero = 4.791E-1,  f_negative = 1.519E-1
 accumulated statistics:
 integral =  2.815696E+00,  sigma = 2.116E-03,  chi^2/iteration = 8.860E-01

 MONACO:  grid written to file grid3_1.out.5

 MONACO input parameters:
 ndim = 12,  ncall =     128M,   rtype = 0
 nprn =  0,  acc = -1.0E+0,  alph = 8.75E-1,  nd = 48,  mds =  0

 iteration  6:
 integral =  2.815075E+00,  sigma = 3.056E-03
 efficacy = 3.546E-05,  raw efficacy = 1.898E-08
 f_positive = 3.734E-1,  f_zero = 4.695E-1,  f_negative = 1.571E-1
 accumulated statistics:
 integral =  2.815494E+00,  sigma = 1.739E-03,  chi^2/iteration = 6.715E-01

 MONACO:  grid written to file grid3_1.out.6
 
  result for real emissions 
  sigma =    2.8154944030800904       +-    1.7394593943918727E-003  fb
  
  
 PHASE SPACE            2
  

 MONACO input parameters:
 ndim = 12,  ncall =      64M,   rtype = 0
 nprn =  0,  acc = -1.0E+0,  alph = 8.75E-1,  nd = 48,  mds =  0

 MONACO:  continuing with uniform grid

 iteration  1:
 integral =  7.035846E-01,  sigma = 3.836E-02
 efficacy = 6.540E-07,  raw efficacy = 6.540E-07
 f_positive = 2.351E-2,  f_zero = 9.519E-1,  f_negative = 2.459E-2
 accumulated statistics:
 integral =  7.035846E-01,  sigma = 3.836E-02,  chi^2/iteration = 5.684E-14

 MONACO:  grid written to file grid3_2.out.1

 MONACO input parameters:
 ndim = 12,  ncall =      64M,   rtype = 0
 nprn =  0,  acc = -1.0E+0,  alph = 8.75E-1,  nd = 48,  mds =  0

 iteration  2:
 integral =  8.036164E-01,  sigma = 7.279E-03
 efficacy = 4.204E-06,  raw efficacy = 3.532E-08
 f_positive = 8.059E-2,  f_zero = 8.563E-1,  f_negative = 6.312E-2
 accumulated statistics:
 integral =  8.001402E-01,  sigma = 7.151E-03,  chi^2/iteration = 6.564E+06

 MONACO:  grid written to file grid3_2.out.2

 MONACO input parameters:
 ndim = 12,  ncall =      64M,   rtype = 0
 nprn =  0,  acc = -1.0E+0,  alph = 8.75E-1,  nd = 48,  mds =  0

 iteration  3:
 integral =  8.065707E-01,  sigma = 5.286E-03
 efficacy = 2.986E-06,  raw efficacy = 6.047E-09
 f_positive = 1.033E-1,  f_zero = 8.243E-1,  f_negative = 7.231E-2
 accumulated statistics:
 integral =  8.042988E-01,  sigma = 4.250E-03,  chi^2/iteration = 7.087E+00

 MONACO:  grid written to file grid3_2.out.3

 MONACO input parameters:
 ndim = 12,  ncall =      64M,   rtype = 0
 nprn =  0,  acc = -1.0E+0,  alph = 8.75E-1,  nd = 48,  mds =  0

 iteration  4:
 integral =  8.041723E-01,  sigma = 2.935E-03
 efficacy = 1.433E-05,  raw efficacy = 2.916E-09
 f_positive = 1.059E-1,  f_zero = 8.232E-1,  f_negative = 7.084E-2
 accumulated statistics:
 integral =  8.042131E-01,  sigma = 2.415E-03,  chi^2/iteration = 3.544E+00

 MONACO:  grid written to file grid3_2.out.4

 MONACO input parameters:
 ndim = 12,  ncall =      64M,   rtype = 0
 nprn =  0,  acc = -1.0E+0,  alph = 8.75E-1,  nd = 48,  mds =  0

 iteration  5:
 integral =  8.030065E-01,  sigma = 2.601E-03
 efficacy = 8.975E-06,  raw efficacy = 4.679E-09
 f_positive = 1.048E-1,  f_zero = 8.271E-1,  f_negative = 6.803E-2
 accumulated statistics:
 integral =  8.036544E-01,  sigma = 1.770E-03,  chi^2/iteration = 2.401E+00

 MONACO:  grid written to file grid3_2.out.5

 MONACO input parameters:
 ndim = 12,  ncall =      64M,   rtype = 0
 nprn =  0,  acc = -1.0E+0,  alph = 8.75E-1,  nd = 48,  mds =  0

 iteration  6:
 integral =  8.001476E-01,  sigma = 3.436E-03
 efficacy = 5.815E-06,  raw efficacy = 1.801E-09
 f_positive = 9.963E-2,  f_zero = 8.319E-1,  f_negative = 6.848E-2
 accumulated statistics:
 integral =  8.029191E-01,  sigma = 1.573E-03,  chi^2/iteration = 2.007E+00

 MONACO:  grid written to file grid3_2.out.6
 
  result for real emissions 
  sigma =   0.80291905466523839       +-    1.5734184353847840E-003  fb
  
  
 PHASE SPACE            3
  

 MONACO input parameters:
 ndim = 12,  ncall =      64M,   rtype = 0
 nprn =  0,  acc = -1.0E+0,  alph = 8.75E-1,  nd = 48,  mds =  0

 MONACO:  continuing with uniform grid

 iteration  1:
 integral =  8.270804E-01,  sigma = 3.851E-02
 efficacy = 7.196E-07,  raw efficacy = 7.196E-07
 f_positive = 2.355E-2,  f_zero = 9.519E-1,  f_negative = 2.457E-2
 accumulated statistics:
 integral =  8.270804E-01,  sigma = 3.851E-02,  chi^2/iteration = 0.000E+00

 MONACO:  grid written to file grid3_3.out.1

 MONACO input parameters:
 ndim = 12,  ncall =      64M,   rtype = 0
 nprn =  0,  acc = -1.0E+0,  alph = 8.75E-1,  nd = 48,  mds =  0

 iteration  2:
 integral =  8.112945E-01,  sigma = 7.611E-03
 efficacy = 5.167E-06,  raw efficacy = 2.945E-08
 f_positive = 8.516E-2,  f_zero = 8.507E-1,  f_negative = 6.410E-2
 accumulated statistics:
 integral =  8.118879E-01,  sigma = 7.467E-03,  chi^2/iteration = 1.617E+05

 MONACO:  grid written to file grid3_3.out.2

 MONACO input parameters:
 ndim = 12,  ncall =      64M,   rtype = 0
 nprn =  0,  acc = -1.0E+0,  alph = 8.75E-1,  nd = 48,  mds =  0

 iteration  3:
 integral =  7.994386E-01,  sigma = 3.154E-03
 efficacy = 2.182E-05,  raw efficacy = 1.582E-08
 f_positive = 1.042E-1,  f_zero = 8.226E-1,  f_negative = 7.317E-2
 accumulated statistics:
 integral =  8.013232E-01,  sigma = 2.905E-03,  chi^2/iteration = 2.521E+00

 MONACO:  grid written to file grid3_3.out.3

 MONACO input parameters:
 ndim = 12,  ncall =      64M,   rtype = 0
 nprn =  0,  acc = -1.0E+0,  alph = 8.75E-1,  nd = 48,  mds =  0

 iteration  4:
 integral =  8.016663E-01,  sigma = 3.251E-03
 efficacy = 5.375E-06,  raw efficacy = 6.200E-09
 f_positive = 1.091E-1,  f_zero = 8.182E-1,  f_negative = 7.276E-2
 accumulated statistics:
 integral =  8.014756E-01,  sigma = 2.166E-03,  chi^2/iteration = 1.264E+00

 MONACO:  grid written to file grid3_3.out.4

 MONACO input parameters:
 ndim = 12,  ncall =      64M,   rtype = 0
 nprn =  0,  acc = -1.0E+0,  alph = 8.75E-1,  nd = 48,  mds =  0

 iteration  5:
 integral =  8.054767E-01,  sigma = 2.359E-03
 efficacy = 3.837E-05,  raw efficacy = 4.028E-09
 f_positive = 1.004E-1,  f_zero = 8.277E-1,  f_negative = 7.191E-2
 accumulated statistics:
 integral =  8.033058E-01,  sigma = 1.596E-03,  chi^2/iteration = 1.363E+00

 MONACO:  grid written to file grid3_3.out.5

 MONACO input parameters:
 ndim = 12,  ncall =      64M,   rtype = 0
 nprn =  0,  acc = -1.0E+0,  alph = 8.75E-1,  nd = 48,  mds =  0

 iteration  6:
 integral =  8.044118E-01,  sigma = 2.571E-03
 efficacy = 9.707E-06,  raw efficacy = 1.197E-09
 f_positive = 9.913E-2,  f_zero = 8.319E-1,  f_negative = 6.895E-2
 accumulated statistics:
 integral =  8.036132E-01,  sigma = 1.356E-03,  chi^2/iteration = 1.055E+00

 MONACO:  grid written to file grid3_3.out.6
 
  result for real emissions 
  sigma =   0.80361324124509359       +-    1.3557436732596570E-003  fb
  
  
 PHASE SPACE            4
  

 MONACO input parameters:
 ndim = 12,  ncall =      64M,   rtype = 0
 nprn =  0,  acc = -1.0E+0,  alph = 8.75E-1,  nd = 48,  mds =  0

 MONACO:  continuing with uniform grid

 iteration  1:
 integral =  6.132571E-02,  sigma = 2.292E-03
 efficacy = 1.319E-06,  raw efficacy = 1.319E-06
 f_positive = 3.442E-3,  f_zero = 9.958E-1,  f_negative = 7.126E-4
 accumulated statistics:
 integral =  6.132571E-02,  sigma = 2.292E-03,  chi^2/iteration = 0.000E+00

 MONACO:  grid written to file grid3_4.out.1

 MONACO input parameters:
 ndim = 12,  ncall =      64M,   rtype = 0
 nprn =  0,  acc = -1.0E+0,  alph = 8.75E-1,  nd = 48,  mds =  0

 iteration  2:
 integral =  6.097774E-02,  sigma = 4.228E-04
 efficacy = 1.254E-05,  raw efficacy = 2.432E-07
 f_positive = 1.751E-2,  f_zero = 9.811E-1,  f_negative = 1.351E-3
 accumulated statistics:
 integral =  6.098919E-02,  sigma = 4.158E-04,  chi^2/iteration = 2.229E+04

 MONACO:  grid written to file grid3_4.out.2

 MONACO input parameters:
 ndim = 12,  ncall =      64M,   rtype = 0
 nprn =  0,  acc = -1.0E+0,  alph = 8.75E-1,  nd = 48,  mds =  0

 iteration  3:
 integral =  6.039731E-02,  sigma = 2.158E-04
 efficacy = 1.923E-05,  raw efficacy = 1.901E-07
 f_positive = 3.280E-2,  f_zero = 9.659E-1,  f_negative = 1.313E-3
 accumulated statistics:
 integral =  6.052287E-02,  sigma = 1.915E-04,  chi^2/iteration = 1.619E+00

 MONACO:  grid written to file grid3_4.out.3

 MONACO input parameters:
 ndim = 12,  ncall =      64M,   rtype = 0
 nprn =  0,  acc = -1.0E+0,  alph = 8.75E-1,  nd = 48,  mds =  0

 iteration  4:
 integral =  6.030605E-02,  sigma = 1.912E-04
 efficacy = 2.325E-05,  raw efficacy = 1.112E-07
 f_positive = 4.087E-2,  f_zero = 9.578E-1,  f_negative = 1.346E-3
 accumulated statistics:
 integral =  6.041428E-02,  sigma = 1.353E-04,  chi^2/iteration = 1.130E+00

 MONACO:  grid written to file grid3_4.out.4

 MONACO input parameters:
 ndim = 12,  ncall =      64M,   rtype = 0
 nprn =  0,  acc = -1.0E+0,  alph = 8.75E-1,  nd = 48,  mds =  0

 iteration  5:
 integral =  6.039033E-02,  sigma = 1.717E-04
 efficacy = 3.039E-05,  raw efficacy = 1.233E-07
 f_positive = 4.458E-2,  f_zero = 9.540E-1,  f_negative = 1.431E-3
 accumulated statistics:
 integral =  6.040510E-02,  sigma = 1.063E-04,  chi^2/iteration = 7.575E-01

 MONACO:  grid written to file grid3_4.out.5

 MONACO input parameters:
 ndim = 12,  ncall =      64M,   rtype = 0
 nprn =  0,  acc = -1.0E+0,  alph = 8.75E-1,  nd = 48,  mds =  0

 iteration  6:
 integral =  6.050331E-02,  sigma = 2.182E-04
 efficacy = 6.693E-06,  raw efficacy = 1.516E-07
 f_positive = 4.810E-2,  f_zero = 9.505E-1,  f_negative = 1.431E-3
 accumulated statistics:
 integral =  6.042392E-02,  sigma = 9.554E-05,  chi^2/iteration = 6.090E-01

 MONACO:  grid written to file grid3_4.out.6
 
  result for real emissions 
  sigma =    6.0423922604392048E-002  +-    9.5543202498652629E-005  fb
  
 
  Total (multi-channel) result (NLO real):    4.4824506215948139       +-    2.7108179519610182E-003  fb     6.0476247945739435E-002 %
 
  
  final result at NLO 
  sigma =    7.9268194302869537       +-    3.2054130796825972E-003  fb   4.0437569038538831E-002 %
  
  Box instabilites           0
           total calls           0
           instabilities [%]   0.0000000000000000     
  FBox instabilites           0
           total calls           0
           instabilities [%]   0.0000000000000000     
  Pentagon instabilites         243
           total calls     8791832
           instabilities [%]   2.7639290650685773E-003
  Hexagon instabilites           0
           total calls           0
           instabilities [%]   0.0000000000000000     
 
 
 LO for different PHASESPACE:
   1.5642511700173154       +-    5.7071607829568382E-004  fb   3.6484938559410908E-002
  0.48210066211095121       +-    2.8203367370186323E-004  fb   5.8500992814848218E-002
  0.48119443344976853       +-    2.8486459688354993E-004  fb   5.9199478855419201E-002
   8.7872123255066021E-004  +-    1.0002842579077300E-006  fb  0.11383408308050204     
  
  
 VIRTUAL CONTRIBUTIONS for different PHASESPACE:
  borntype for different PHASESPACE:
   1.9857645174576837       +-    9.5849800548422756E-004  fb   4.8268462703289938E-002
  0.61803572168119469       +-    9.4774793296147476E-004  fb  0.15334840684991305     
  0.61765443091853278       +-    9.5483215412621653E-004  fb  0.15459002742136188     
   1.1221072154410843E-003  +-    6.6600870937458410E-006  fb  0.59353393348672623     
  boxes for different PHASESPACE:
   5.8358708042232560E-002  +-    9.3521165375331757E-005  fb  0.16025228884034429     
   2.7307943913243798E-002  +-    1.2800158472441161E-004  fb  0.46873387879756651     
   2.7296277856780373E-002  +-    1.3420769846710052E-004  fb  0.49167032652315795     
   1.9683652869065651E-006  +-    1.2268482328695818E-007  fb   6.2328280275541061     
 pentagons for different PHASESPACE:
  0.10872893020086631       +-    3.9064249328355221E-004  fb  0.35928109709336559     
   4.9759778765545366E-005  +-    3.3964669590516262E-005  fb   68.257276123651209     
   4.8751075308117010E-005  +-    2.3412028409329365E-005  fb   48.023614374371114     
  -3.0781319759282868E-007  +-    2.4000999905590474E-007  fb  -77.972614862793137     
   
 TOTAL VIRTUAL CONTRIBUTIONS:
 TOTAL borntype:
   3.2225767772728520        1.6518757127167278E-003   5.1259468024673391E-002  %
 TOTAL boxes:
  0.11296489817754364        2.0770733122478589E-004  0.18386891377385065       %
 TOTAL pentagons:
  0.10882713324174238        3.9281463442471433E-004  0.36095284578721587       %
  
  
  REAL EMISSION for different PHASESPACE:
   2.8154944030800904        1.7394593943918727E-003   6.1781667634961075E-002  %
  0.80291905466523839        1.5734184353847840E-003  0.19596227368657859       %
  0.80361324124509359        1.3557436732596570E-003  0.16870598985640275       %
   6.0423922604392048E-002   9.5543202498652629E-005  0.15812148298314524       %
  
  
  
 !!!!!!!!!!!!!!!!!!!!!!!!!!!!!!!!!!!!!!!!!!!!!!!!!!!!!!!!!!!!!!!!!!!!!!!!!!!!!!!!!!!!!!!!!!!!!!!!!!!!!!!!
   
  PROCESS:          500   :   p p -->  W+ A A -->  ve e+ A A
   
  TOTAL result (LO):          2.5284249868105859       +-    6.9743004972054232E-004  fb     2.7583576865386733E-002 %
  NLO virtual result:         3.4443688086921380       +-    1.7105961074216621E-003  fb     4.9663558185315024E-002 %
  QCD real emission:          4.4824506215948139       +-    2.7108179519610182E-003  fb     6.0476247945739435E-002 %
  TOTAL result (NLO):         7.9268194302869537       +-    3.2054130796825972E-003  fb     4.0437569038538831E-002 %
  K-Factor:                   3.1350819073679652     
 !!!!!!!!!!!!!!!!!!!!!!!!!!!!!!!!!!!!!!!!!!!!!!!!!!!!!!!!!!!!!!!!!!!!!!!!!!!!!!!!!!!!!!!!!!!!!!!!!!!!!!!!
  
  
  Endtime: 2016-12-01T00:00:13+0100
  Runtime: 12:16:44 (44204 seconds)
