   
 -----------------------------------------------------------------
 VBFNLO, version 3.0.0 GIT 1571c2fe
 Comput. Phys. Commun. 180 (2009) 1661[arXiv:0811.4559 [hep-ph]]
 arXiV:1107.4038, arXiV:1207.4975, arXiv:1404.3940
 http://www.itp.kit.edu/vbfnlo
 -----------------------------------------------------------------
 Process-specific references (please cite as well if appropriate):
 G. Bozzi, F. Campanario, M. Rauch, D. Zeppenfeld
 Phys.Rev. D83 (2011) 114035, e-Print: arXiv:1103.4613 [hep-ph]
 
 -----------------------------------------------------------------
   
   
  
        Information on global parameters
 -----------------------------------------------
   PROCESS               =      500
   LOPROCESS_PLUS_JET    =        F
   KK_MOD                =        F
   ANOM_CPL              =        F
   LEPTONS               =    12  -11
   LO_ITERATIONS         =        1
   NLO_ITERATIONS        =        1
   LO_POINTS             =       10
   NLO_POINTS            =       10
   NLO_SWITCH            =        T
   EWCOR_SWITCH          =        F
   FERMIONLOOP           =        3
   LHA_SWITCH            =        F
   HEPMC_SWITCH          =        F
   LO_GRID               = grid2_1                                           
                           grid2_2                                           
                           grid2_3                                           
                           grid2_4                                           
   NLO_GRID              = grid3_1                                           
                           grid3_2                                           
                           grid3_3                                           
                           grid3_4                                           
   PHTN_GRID             = grid4_1                                           
                           grid4_2                                           
                           grid4_3                                           
                           grid4_4                                           
   FLOOP_GRID            = grid5_1                                           
                           grid5_2                                           
                           grid5_3                                           
                           grid5_4                                           
   ECM                   =  13600.0    
   BEAM1                 =        1
   BEAM2                 =        1
   ID_MUF                =        4
   ID_MUR                =        4
   MUF_USER              =  100.000    
   MUR_USER              =  100.000    
   XIF                   =  1.00000    
   XIR                   =  1.00000    
 Warning: cannot read value for key = SHOWTIMING. Using default value :  T
 
       information on the selected process 
 -----------------------------------------------
 
  pp -> W+ A A -> l+ vl A A
 
 W+ photon photon production with subsequent decay of the W boson to leptons.
 Process is implemented at LO and NLO QCD.
 Anomalous couplings can be set in "anomV.dat".
 References: G. Bozzi, F. Campanario, M. Rauch, D. Zeppenfeld
 Phys.Rev. D83 (2011) 114035, e-Print: arXiv:1103.4613 [hep-ph]
 
             Information on PDF sets            
 -----------------------------------------------
 Initializing PDF set CT18
  
               Physics parameters
 -----------------------------------------------
   HTYPE                 =        0
   MODEL                 =        1
   ANOM_CPL              =        F
   KK_MOD                =        F
   SPIN2                 =        F
   HMASS                 =  125.000    
   HWIDTH                = -999.000    
   TOPMASS               =  172.500    
   BOTTOMMASS            =  4.85500    
   CHARMMASS             =  1.65000    
   TAU_MASS              =  1.77684    
   EWSCHEME              =        3
   FERMI_CONST           = 0.116637E-04
   WMASS                 =  80.3980    
   ZMASS                 =  91.1876    
   
 Running in the SM
   
 Higgs mass =   125.00000000000000     
   
   
  
 Information on scale setting in InitScales 
 -------------------------------------------
  
 Dynamical factorization scale chosen:
       invariant VVV mass 
 Dynamical value for alphas chosen:
 alphas = alpha(invariant VVV mass)
  
  
   Information on couplings, masses and widths
 ===============================================
  
   SM coupling parameters 
 ---------------------------
   G_Fermi                         : 0.000011663700
   SIN**2 of the weak mixing angle : 0.22264585
   Q.E.D. fine structure constant  : 1/132.34070    
   SU(2) coupling constant g       : 0.65305673
   U(1) coupling constant g'       : 0.34950127
   Q.C.D. LO alfas(MZ)             : 0.12980813
   Q.C.D. NLO alfas(MZ)            : 0.11798159
  
      particle masses
 ---------------------------
   mass of the Z0 boson            :   91.1876
   mass of the W+/- boson          :   80.3980
   mass of the Higgs boson         :  125.0000
   mass of the top quark           :  172.5000
   mass of the bottom quark at MH  :    2.8039
  (All other fermions have mass equal ZERO)
  
      particle widths
 ---------------------------
   total widths of Z0              :   2.508420 GeV
   total widths of W+ or W-        :   2.097673 GeV
   total widths of Higgs           :   0.004128 GeV
   total widths of top quark       :   1.342520 GeV
  
     branching ratios
 ---------------------------
   W -> lepton anti-lepton         : 10.8397227 %
   W -> massless quark anti-quark  : 33.7404159 %
   W -> top bottom                 :  0.0000000 %
  
   Z -> neutrino anti-neutrino     :  6.6129820 %
   Z -> charged lepton anti-lepton :  3.3460763 %
   Z -> up-type quark anti-quark   : 11.9908090 %
   Z -> down-type quark anti-quark : 15.3804024 %
   Z -> top anti-top               :  0.0000000 %
  
   H -> WW                         : 20.4628169 %
   H -> ZZ                         :  2.5390366 %
   H -> bottom anti-bottom         : 58.7489081 %
   H -> top anti-top               :  0.0000000 %
   H -> charm anti-charm           :  3.4901975 %
   H -> tau anti-tau               :  6.2665676 %
   H -> mu anti-mu                 :  0.0221853 %
   H -> gluon gluon                :  8.0504027 %
   H -> gamma gamma                :  0.2383715 %
   H -> Z gamma                    :  0.1815139 %
  
 Warning: cannot read value for key = MLL_OSONLY. Using default value :  T
 Warning: cannot read value for key = PTMISS_MIN. Using default value :    0.0000000000000000     
 Warning: cannot read value for key = EXISOLCUT. Using default value :    1.0000000000000000     
 Warning: cannot read value for key = MJ_WINDOWV. Using default value :    0.0000000000000000     
 
          information on cut parameters
 -----------------------------------------------
 
 minimum jet pt        (PT_JET_MIN):     30.00   
 maximum jet rapidity                 (Y_JET_MAX):    4.5000000000000000     
 maximum parton pseudorapidity          (Y_P_MAX):    5.0000000000000000     
 minimum jet-jet R-separation           (RJJ_MIN):   0.80000000000000004     
 minimum number of jets                (NJET_MIN):            0
 single jet from hadronic decay (SINGLE_DECAYJET):            0
 exponent of generalised kT algorithm (PGENKTJET):    1.0000000000000000     
 minimum lepton-lepton R-separation     (RLL_MIN):    0.0000000000000000     
 maximum lepton-lepton R-separation     (RLL_MAX):    50.000000000000000     
 minimum jet-lepton R-separation        (RJL_MIN):   0.40000000000000002     
 minimum jet-photon R-separation        (RJG_MIN):   0.69999999999999996     
 minimum lepton-photon R-separation     (RLG_MIN):   0.40000000000000002     
 minimum photon-photon R-separation     (RGG_MIN):   0.40000000000000002     
 maximum photon-photon R-separation     (RGG_MAX):    50.000000000000000     
 maximum lepton rapidity                (Y_L_MAX):    2.5000000000000000     
 minimum lepton pt       (PT_L_MIN):     20.00   
 minimum invariant dilepton mass        (MLL_MIN):    15.000000000000000     
 maximum invariant dilepton mass        (MLL_MAX):    14000.000000000000     
 m_ll cuts only on opposite-sign l   (MLL_OSONLY):  T
 maximum photon rapidity                (Y_G_MAX):    2.5000000000000000     
 minimum photon pt       (PT_G_MIN):     20.00    20.00   
 photon isolation cut                 (PHISOLCUT):   0.69999999999999996     
 efficiency of photon isolation cut   (EFISOLCUT):    1.0000000000000000     
 exponent of photon isolation cut   (EXISOLCUT):    1.0000000000000000     
 minimum invariant lepton-photon mass   (MLG_MIN):    0.0000000000000000     
 maximum invariant lepton-photon mass   (MLG_MAX):    1.0000000000000000E+020
 minimal missing transverse momentum (PTMISS_MIN):    0.0000000000000000     
 minimum jet rapidity separation      (ETAJJ_MIN):    0.0000000000000000     
 tagging jets in opposite hemispheres     (YSIGN):    F
 leptons fall inside rapidity gap     (LRAPIDGAP):    F
 min leptons y-dist from tagging jets   (DELY_JL):    0.0000000000000000     
 photons fall inside rapidity gap     (GRAPIDGAP):    T
 min photons y-dist from tagging jets   (DELY_JG):    0.0000000000000000     
 dijet min mass cut on tag jets        (MDIJ_MIN):    600.00000000000000     
 dijet max mass cut on tag jets        (MDIJ_MAX):    14000.000000000000     
 excluded jet-m window               (MJ_WINDOWV):    85.792800000000000        85.792800000000000     
 veto criteria for jets                   (JVETO):    F
 minimum veto-tag y-dist             (DELY_JVETO):    0.0000000000000000     
 maximum |y| for veto jet             (YMAX_VETO):    3.0000000000000000     
 minimum pT for veto jet             (PTMIN_VETO):    50.000000000000000     
 

 --------------------PHASE SPACE--------------------

 boson has mass    80.40 GeV and width     2.0977 GeV
 integration range for boson   3 =      0.032  to     9616.652 GeV
 boson has mass     0.00 GeV and width     0.0000 GeV
 integration range for boson   1 =      0.032  to     9616.652 GeV
 boson has mass     0.00 GeV and width     0.0000 GeV
 integration range for boson   1 =      0.032  to     9616.652 GeV

 machine energy =    13600.0  GeV

 ---------------------------------------------------

  Open error on file random.dat
  Using default values.
  Random number generator initialized with seed =            0
 
          information on histogram config
 -----------------------------------------------
 
  Open error on file histograms.dat
  Using default values.
 SMEARING           =      T
 SMEAR_VALUE        =       0.10000000000000001     
 CALC_ERROR_GNUPLOT =      F
 CALC_ERROR_ROOT    =      F
 CALC_ERROR_1D      =      T
 CALC_ERROR_2D      =      F
 
HIST_ID1      =      0.00    250.00  # dS/dpT_j (fb/GeV)
HIST_ID2      =      0.00    500.00  # dS/dpTmax_j (fb/GeV)
HIST_ID3      =      0.00    200.00  # dS/dpTmin_j (fb/GeV)
HIST_ID4      =     -5.00      5.00  # dS/dy_j (fb)
HIST_ID5      =     -5.00      5.00  # dS/dy_j1 (fb)
HIST_ID6      =     -5.00      5.00  # dS/dy_j2 (fb)
HIST_ID7      =      0.00    500.00  # dS/dpTmax_l (fb/GeV)
HIST_ID8      =      0.00    200.00  # dS/dpTmin_l (fb/GeV)
HIST_ID9      =      0.00      5.00  # dS/d|eta|max_l (fb)
HIST_ID10     =      0.00      5.00  # dS/d|eta|min_l (fb)
HIST_ID11     =   -180.00    180.00  # dS/dPhi_jj (fb)
2DHIST_ID1    =      0.00      6.00      0.00    800.00  # d2S/dy_jj dm_jj (fb/GeV)
 
 -----------------------------------------------
 
Starttime: 2024-04-30T14:53:29+0200
  
 PHASE SPACE           1
  

 MONACO input parameters:
 ndim =  9,  ncall =    2048,   rtype = 0
 nprn =  0,  acc = -1.0E+0,  alph =  8.75E-1,  nd = 48,  mds =  0

 MONACO:  continuing with uniform grid
  
 AAW+ amplitude square information:
 -----------------------------------------------
  
  precalculated tensors initialized to                (0.0000000000000000,0.0000000000000000)
  External b-quark contributions are excluded

 iteration  1:
 integral =  5.193084E+00,  sigma = 1.964E+00
 efficacy = 1.858E-03,  raw efficacy = 1.858E-03
 f_positive = 4.150E-2,  f_zero = 9.585E-1,  f_negative = 0.000E+0
 accumulated statistics:
 integral =  5.193084E+00,  sigma = 1.964E+00,  chi^2/iteration = 0.000E+00

 MONACO:  grid written to file grid2_1.out.1
 
  result (LO):    5.1930841495814661       +-    1.9642831554553619       fb     37.824982204720719      %
 
  
 PHASE SPACE           2
  

 MONACO input parameters:
 ndim =  9,  ncall =    1024,   rtype = 0
 nprn =  0,  acc = -1.0E+0,  alph =  8.75E-1,  nd = 48,  mds =  0

 MONACO:  continuing with uniform grid

 iteration  1:
 integral =  1.375391E-01,  sigma = 4.927E-02
 efficacy = 5.058E-03,  raw efficacy = 5.058E-03
 f_positive = 3.223E-2,  f_zero = 9.678E-1,  f_negative = 0.000E+0
 accumulated statistics:
 integral =  1.375391E-01,  sigma = 4.927E-02,  chi^2/iteration = 8.882E-16

 MONACO:  grid written to file grid2_2.out.1
 
  result (LO):   0.13753905814903641       +-    4.9270365764522525E-002  fb     35.822817480059726      %
 
  
 PHASE SPACE           3
  

 MONACO input parameters:
 ndim =  9,  ncall =    1024,   rtype = 0
 nprn =  0,  acc = -1.0E+0,  alph =  8.75E-1,  nd = 48,  mds =  0

 MONACO:  continuing with uniform grid

 iteration  1:
 integral =  2.024190E-01,  sigma = 1.576E-01
 efficacy = 1.268E-03,  raw efficacy = 1.268E-03
 f_positive = 2.441E-2,  f_zero = 9.756E-1,  f_negative = 0.000E+0
 accumulated statistics:
 integral =  2.024190E-01,  sigma = 1.576E-01,  chi^2/iteration = 4.441E-16

 MONACO:  grid written to file grid2_3.out.1
 
  result (LO):   0.20241896875390900       +-   0.15756417033405526       fb     77.840615088605659      %
 
  
 PHASE SPACE           4
  

 MONACO input parameters:
 ndim =  9,  ncall =    1024,   rtype = 0
 nprn =  0,  acc = -1.0E+0,  alph =  8.75E-1,  nd = 48,  mds =  0

 MONACO:  continuing with uniform grid

 iteration  1:
 integral =  5.788225E-04,  sigma = 5.674E-04
 efficacy = 9.964E-04,  raw efficacy = 9.964E-04
 f_positive = 1.953E-3,  f_zero = 9.980E-1,  f_negative = 0.000E+0
 accumulated statistics:
 integral =  5.788225E-04,  sigma = 5.674E-04,  chi^2/iteration = 0.000E+00

 MONACO:  grid written to file grid2_4.out.1
 
  result (LO):    5.7882254536273793E-004  +-    5.6741561058806290E-004  fb     98.029286373507361      %
 
 
  Total (multi-channel) result (LO):    5.5336209990297736       +-    1.9712084297409489       fb     35.622396801056070      %
  
   
 Initialising FF ..
   
 ====================================================
   FF 2.0, a package to evaluate one-loop integrals
 written by G. J. van Oldenborgh, NIKHEF-H, Amsterdam
 ====================================================
 for the algorithms used see preprint NIKHEF-H 89/17,
 'New Algorithms for One-loop Integrals', by G.J. van
 Oldenborgh and J.A.M. Vermaseren, published in 
 Zeitschrift fuer Physik C46(1990)425.
 ====================================================
  
 PHASE SPACE            1
  

 MONACO input parameters:
 ndim =  9,  ncall =    2048,   rtype = 0
 nprn =  0,  acc = -1.0E+0,  alph =  8.75E-1,  nd = 48,  mds =  0

 MONACO:  continuing with uniform grid

 iteration  1:
 integral =  3.020865E+00,  sigma = 2.102E+00
 efficacy = 7.198E-04,  raw efficacy = 7.198E-04
 f_positive = 5.811E-2,  f_zero = 9.419E-1,  f_negative = 0.000E+0
 accumulated statistics:
 integral =  3.020865E+00,  sigma = 2.102E+00,  chi^2/iteration = 4.441E-16

 MONACO:  grid written to file grid2_1.vout.1
  
  result for virtual contribution, no.            1
  sigma =    3.0208649652619308       +-    2.1022974939151315       fb  
  
 total result for virtual contns so far 
  sigma =    3.0208649652619308       +-    2.1022974939151315       fb
  

 MONACO input parameters:
 ndim =  9,  ncall =     512,   rtype = 0
 nprn =  0,  acc = -1.0E+0,  alph =  8.75E-1,  nd = 48,  mds =  0

 MONACO:  continuing with uniform grid

 iteration  1:
 integral =  1.340192E-02,  sigma = 8.069E-03
 efficacy = 4.571E-03,  raw efficacy = 4.571E-03
 f_positive = 3.906E-2,  f_zero = 9.492E-1,  f_negative = 1.172E-2
 accumulated statistics:
 integral =  1.340192E-02,  sigma = 8.069E-03,  chi^2/iteration = 0.000E+00

 MONACO:  grid written to file grid2_1.vout.2
  
  result for virtual contribution, no.            2
  sigma =    1.3401918242286332E-002  +-    8.0687179326927524E-003  fb  
  Box instabilites           0
           total calls           0
           instabilities [%]   0.0000000000000000     
  
 total result for virtual contns so far 
  sigma =    3.0342668835042170       +-    2.1023129779200147       fb
  

 MONACO input parameters:
 ndim =  9,  ncall =     128,   rtype = 0
 nprn =  0,  acc = -1.0E+0,  alph =  8.75E-1,  nd = 48,  mds =  0

 MONACO:  continuing with uniform grid

 iteration  1:
 integral =  1.983314E-02,  sigma = 2.642E-02
 efficacy = 6.174E-03,  raw efficacy = 6.174E-03
 f_positive = 3.125E-2,  f_zero = 9.453E-1,  f_negative = 2.344E-2
 accumulated statistics:
 integral =  1.983314E-02,  sigma = 2.642E-02,  chi^2/iteration = 1.110E-16

 MONACO:  grid written to file grid2_1.vout.3
  
  result for virtual contribution, no.            3
  sigma =    1.9833140157974206E-002  +-    2.6423392801029358E-002  fb  
  Pentagon instabilites           0
           total calls          14
           instabilities [%]   0.0000000000000000     
  
 total result for virtual contns so far 
  sigma =    3.0541000236621914       +-    2.1024790255358168       fb
  
  
 PHASE SPACE            2
  

 MONACO input parameters:
 ndim =  9,  ncall =     256,   rtype = 0
 nprn =  0,  acc = -1.0E+0,  alph =  8.75E-1,  nd = 48,  mds =  0

 MONACO:  continuing with uniform grid

 iteration  1:
 integral =  7.432042E-02,  sigma = 5.267E-02
 efficacy = 5.777E-03,  raw efficacy = 5.777E-03
 f_positive = 2.734E-2,  f_zero = 9.727E-1,  f_negative = 0.000E+0
 accumulated statistics:
 integral =  7.432042E-02,  sigma = 5.267E-02,  chi^2/iteration = 0.000E+00

 MONACO:  grid written to file grid2_2.vout.1
  
  result for virtual contribution, no.            1
  sigma =    7.4320415168170201E-002  +-    5.2670223779308141E-002  fb  
  
 total result for virtual contns so far 
  sigma =    7.4320415168170201E-002  +-    5.2670223779308141E-002  fb
  

 MONACO input parameters:
 ndim =  9,  ncall =      64,   rtype = 0
 nprn =  0,  acc = -1.0E+0,  alph =  8.75E-1,  nd = 48,  mds =  0

 MONACO:  continuing with uniform grid

 iteration  1:
 integral =  3.994949E-03,  sigma = 3.981E-03
 efficacy = 1.568E-02,  raw efficacy = 1.568E-02
 f_positive = 3.125E-2,  f_zero = 9.688E-1,  f_negative = 0.000E+0
 accumulated statistics:
 integral =  3.994949E-03,  sigma = 3.981E-03,  chi^2/iteration = 0.000E+00

 MONACO:  grid written to file grid2_2.vout.2
  
  result for virtual contribution, no.            2
  sigma =    3.9949487816076336E-003  +-    3.9809936861343459E-003  fb  
  Box instabilites           0
           total calls           0
           instabilities [%]   0.0000000000000000     
  
 total result for virtual contns so far 
  sigma =    7.8315363949777839E-002  +-    5.2820458003423623E-002  fb
  

 MONACO input parameters:
 ndim =  9,  ncall =      32,   rtype = 0
 nprn =  0,  acc = -1.0E+0,  alph =  8.75E-1,  nd = 48,  mds =  0

 MONACO:  continuing with uniform grid

 iteration  1:
 integral = -2.129402E-04,  sigma = 2.129E-04
 efficacy = 3.125E-02,  raw efficacy = 3.125E-02
 f_positive = 0.000E+0,  f_zero = 9.688E-1,  f_negative = 3.125E-2
 accumulated statistics:
 integral = -2.129402E-04,  sigma = 2.129E-04,  chi^2/iteration = 0.000E+00

 MONACO:  grid written to file grid2_2.vout.3
  
  result for virtual contribution, no.            3
  sigma =   -2.1294015741219908E-004  +-    2.1294015741219908E-004  fb  
  Pentagon instabilites           0
           total calls           2
           instabilities [%]   0.0000000000000000     
  
 total result for virtual contns so far 
  sigma =    7.8102423792365636E-002  +-    5.2820887224677301E-002  fb
  
  
 PHASE SPACE            3
  

 MONACO input parameters:
 ndim =  9,  ncall =     256,   rtype = 0
 nprn =  0,  acc = -1.0E+0,  alph =  8.75E-1,  nd = 48,  mds =  0

 MONACO:  continuing with uniform grid

 iteration  1:
 integral =  7.321714E-01,  sigma = 6.436E-01
 efficacy = 4.465E-03,  raw efficacy = 4.465E-03
 f_positive = 3.906E-2,  f_zero = 9.609E-1,  f_negative = 0.000E+0
 accumulated statistics:
 integral =  7.321714E-01,  sigma = 6.436E-01,  chi^2/iteration = 2.220E-16

 MONACO:  grid written to file grid2_3.vout.1
  
  result for virtual contribution, no.            1
  sigma =   0.73217143227933745       +-   0.64359664410481443       fb  
  
 total result for virtual contns so far 
  sigma =   0.73217143227933745       +-   0.64359664410481443       fb
  

 MONACO input parameters:
 ndim =  9,  ncall =      64,   rtype = 0
 nprn =  0,  acc = -1.0E+0,  alph =  8.75E-1,  nd = 48,  mds =  0

 MONACO:  continuing with uniform grid

 iteration  1:
 integral =  1.066262E-03,  sigma = 1.098E-03
 efficacy = 1.518E-02,  raw efficacy = 1.518E-02
 f_positive = 1.562E-2,  f_zero = 9.688E-1,  f_negative = 1.562E-2
 accumulated statistics:
 integral =  1.066262E-03,  sigma = 1.098E-03,  chi^2/iteration = 0.000E+00

 MONACO:  grid written to file grid2_3.vout.2
  
  result for virtual contribution, no.            2
  sigma =    1.0662615254161587E-003  +-    1.0984135324027930E-003  fb  
  Box instabilites           0
           total calls           0
           instabilities [%]   0.0000000000000000     
  
 total result for virtual contns so far 
  sigma =   0.73323769380475357       +-   0.64359758142434575       fb
  

 MONACO input parameters:
 ndim =  9,  ncall =      32,   rtype = 0
 nprn =  0,  acc = -1.0E+0,  alph =  8.75E-1,  nd = 48,  mds =  0

 MONACO:  continuing with uniform grid

 iteration  1:
 integral =  5.748935E-04,  sigma = 5.692E-04
 efficacy = 3.156E-02,  raw efficacy = 3.156E-02
 f_positive = 6.250E-2,  f_zero = 9.375E-1,  f_negative = 0.000E+0
 accumulated statistics:
 integral =  5.748935E-04,  sigma = 5.692E-04,  chi^2/iteration = 0.000E+00

 MONACO:  grid written to file grid2_3.vout.3
  
  result for virtual contribution, no.            3
  sigma =    5.7489346817119770E-004  +-    5.6915968888081965E-004  fb  
  Pentagon instabilites           0
           total calls           4
           instabilities [%]   0.0000000000000000     
  
 total result for virtual contns so far 
  sigma =   0.73381258727292475       +-   0.64359783308990315       fb
  
  
 PHASE SPACE            4
  

 MONACO input parameters:
 ndim =  9,  ncall =      64,   rtype = 0
 nprn =  0,  acc = -1.0E+0,  alph =  8.75E-1,  nd = 48,  mds =  0

 MONACO:  continuing with uniform grid

 iteration  1:
 integral =  0.000000E+00,  sigma = 0.000E+00
 efficacy = 0.000E+00,  raw efficacy = 0.000E+00
 f_positive = 0.000E+0,  f_zero = 1.000E+0,  f_negative = 0.000E+0
 accumulated statistics:
 integral =  0.000000E+00,  sigma = 0.000E+00,  chi^2/iteration = 0.000E+00

 MONACO:  grid written to file grid2_4.vout.1
  
  result for virtual contribution, no.            1
  sigma =    0.0000000000000000       +-    0.0000000000000000       fb  
  
 total result for virtual contns so far 
  sigma =    0.0000000000000000       +-    0.0000000000000000       fb
  

 MONACO input parameters:
 ndim =  9,  ncall =      32,   rtype = 0
 nprn =  0,  acc = -1.0E+0,  alph =  8.75E-1,  nd = 48,  mds =  0

 MONACO:  continuing with uniform grid

 iteration  1:
 integral =  0.000000E+00,  sigma = 0.000E+00
 efficacy = 0.000E+00,  raw efficacy = 0.000E+00
 f_positive = 0.000E+0,  f_zero = 1.000E+0,  f_negative = 0.000E+0
 accumulated statistics:
 integral =  0.000000E+00,  sigma = 0.000E+00,  chi^2/iteration = 0.000E+00

 MONACO:  grid written to file grid2_4.vout.2
  
  result for virtual contribution, no.            2
  sigma =    0.0000000000000000       +-    0.0000000000000000       fb  
  Box instabilites           0
           total calls           0
           instabilities [%]   0.0000000000000000     
  
 total result for virtual contns so far 
  sigma =    0.0000000000000000       +-    0.0000000000000000       fb
  

 MONACO input parameters:
 ndim =  9,  ncall =       8,   rtype = 0
 nprn =  0,  acc = -1.0E+0,  alph =  8.75E-1,  nd = 48,  mds =  0

 MONACO:  continuing with uniform grid

 iteration  1:
 integral =  0.000000E+00,  sigma = 0.000E+00
 efficacy = 0.000E+00,  raw efficacy = 0.000E+00
 f_positive = 0.000E+0,  f_zero = 1.000E+0,  f_negative = 0.000E+0
 accumulated statistics:
 integral =  0.000000E+00,  sigma = 0.000E+00,  chi^2/iteration = 0.000E+00

 MONACO:  grid written to file grid2_4.vout.3
  
  result for virtual contribution, no.            3
  sigma =    0.0000000000000000       +-    0.0000000000000000       fb  
  Pentagon instabilites           0
           total calls           0
           instabilities [%]   0.0000000000000000     
  
 total result for virtual contns so far 
  sigma =    0.0000000000000000       +-    0.0000000000000000       fb
  
 
  Total (multi-channel) result (NLO virtual):    3.8660150347274818       +-    2.1994149835134023       fb     56.891009573335523      %
 
   
 Summary for FF ..
   
 
total number of errors and warnings
===================================
vbffferr: no errors
the warning system has been disabled
 
  
 PHASE SPACE            1
  

 MONACO input parameters:
 ndim = 12,  ncall =    2048,   rtype = 0
 nprn =  0,  acc = -1.0E+0,  alph =  8.75E-1,  nd = 48,  mds =  0

 MONACO:  continuing with uniform grid
  
 AAW+j amplitude square information:
 -----------------------------------------------
  
  precalculated tensors initialized to                (0.0000000000000000,0.0000000000000000)
  External b-quark contributions are excluded
  
  creal =   -6.5797362673929038       cvirtual =    5.1594725347858095     
  

 iteration  1:
 integral =  1.243624E+00,  sigma = 1.011E+00
 efficacy = 6.207E-04,  raw efficacy = 6.207E-04
 f_positive = 4.199E-2,  f_zero = 9.229E-1,  f_negative = 3.516E-2
 accumulated statistics:
 integral =  1.243624E+00,  sigma = 1.011E+00,  chi^2/iteration = 2.220E-16

 MONACO:  grid written to file grid3_1.out.1
 
  result for real emissions 
  sigma =    1.2436243195633143       +-    1.0110655794087648       fb
  
  
 PHASE SPACE            2
  

 MONACO input parameters:
 ndim = 12,  ncall =    1024,   rtype = 0
 nprn =  0,  acc = -1.0E+0,  alph =  8.75E-1,  nd = 48,  mds =  0

 MONACO:  continuing with uniform grid

 iteration  1:
 integral = -4.794210E-03,  sigma = 2.344E-02
 efficacy = 3.373E-04,  raw efficacy = 3.373E-04
 f_positive = 2.246E-2,  f_zero = 9.482E-1,  f_negative = 2.930E-2
 accumulated statistics:
 integral = -4.794210E-03,  sigma = 2.344E-02,  chi^2/iteration = 0.000E+00

 MONACO:  grid written to file grid3_2.out.1
 
  result for real emissions 
  sigma =   -4.7942096318304211E-003  +-    2.3439234789559019E-002  fb
  
  
 PHASE SPACE            3
  

 MONACO input parameters:
 ndim = 12,  ncall =    1024,   rtype = 0
 nprn =  0,  acc = -1.0E+0,  alph =  8.75E-1,  nd = 48,  mds =  0

 MONACO:  continuing with uniform grid

 iteration  1:
 integral =  1.167748E-01,  sigma = 8.897E-02
 efficacy = 1.360E-03,  raw efficacy = 1.360E-03
 f_positive = 2.734E-2,  f_zero = 9.482E-1,  f_negative = 2.441E-2
 accumulated statistics:
 integral =  1.167748E-01,  sigma = 8.897E-02,  chi^2/iteration = 0.000E+00

 MONACO:  grid written to file grid3_3.out.1
 
  result for real emissions 
  sigma =   0.11677483129239245       +-    8.8970311553770054E-002  fb
  
  
 PHASE SPACE            4
  

 MONACO input parameters:
 ndim = 12,  ncall =    1024,   rtype = 0
 nprn =  0,  acc = -1.0E+0,  alph =  8.75E-1,  nd = 48,  mds =  0

 MONACO:  continuing with uniform grid

 iteration  1:
 integral =  6.243974E-05,  sigma = 5.301E-05
 efficacy = 1.169E-03,  raw efficacy = 1.169E-03
 f_positive = 3.906E-3,  f_zero = 9.951E-1,  f_negative = 9.766E-4
 accumulated statistics:
 integral =  6.243974E-05,  sigma = 5.301E-05,  chi^2/iteration = 0.000E+00

 MONACO:  grid written to file grid3_4.out.1
 
  result for real emissions 
  sigma =    6.2439739028516500E-005  +-    5.3006982106103548E-005  fb
  
 
  Total (multi-channel) result (NLO real):    1.3556673809629047       +-    1.0152431840403642       fb     74.888811097546380      %
 
  
  final result at NLO 
  sigma =    5.2216824156903865       +-    2.4224254358893433       fb   46.391665425884803      %
  
  Box instabilites           0
           total calls           0
           instabilities [%]   0.0000000000000000     
  FBox instabilites           0
           total calls           0
           instabilities [%]   0.0000000000000000     
  Pentagon instabilites           0
           total calls          20
           instabilities [%]   0.0000000000000000     
  Hexagon instabilites           0
           total calls           0
           instabilities [%]   0.0000000000000000     
 LO for different PHASESPACE:
   5.1930841495814661       +-    1.9642831554553619       fb   37.824982204720719     
  0.13753905814903641       +-    4.9270365764522525E-002  fb   35.822817480059726     
  0.20241896875390900       +-   0.15756417033405526       fb   77.840615088605659     
   5.7882254536273793E-004  +-    5.6741561058806290E-004  fb   98.029286373507361     
 
  
  
 VIRTUAL CONTRIBUTIONS for different PHASESPACE:
  borntype for different PHASESPACE:
   3.0208649652619308       +-    2.1022974939151315       fb   69.592567628485412     
   7.4320415168170201E-002  +-    5.2670223779308141E-002  fb   70.869119420454538     
  0.73217143227933745       +-   0.64359664410481443       fb   87.902452312461975     
   0.0000000000000000       +-    0.0000000000000000       fb                       NaN
  boxes for different PHASESPACE:
   1.3401918242286332E-002  +-    8.0687179326927524E-003  fb   60.205694340336841     
   3.9949487816076336E-003  +-    3.9809936861343459E-003  fb   99.650681492149900     
   1.0662615254161587E-003  +-    1.0984135324027930E-003  fb   103.01539596245728     
   0.0000000000000000       +-    0.0000000000000000       fb                       NaN
 pentagons for different PHASESPACE:
   1.9833140157974206E-002  +-    2.6423392801029358E-002  fb   133.22848823011742     
  -2.1294015741219908E-004  +-    2.1294015741219908E-004  fb  -100.00000000000000     
   5.7489346817119770E-004  +-    5.6915968888081965E-004  fb   99.002636208649605     
   0.0000000000000000       +-    0.0000000000000000       fb                       NaN
   
 TOTAL VIRTUAL CONTRIBUTIONS:
 TOTAL borntype:
   3.8273568127094384        2.1992374918816258        57.460999836196500       %
 TOTAL boxes:
   1.8463128549310124E-002   9.0641619631692764E-003   49.093315571959003       %
 TOTAL pentagons:
   2.0195093468733202E-002   2.6430379743385749E-002   130.87525335946700       %
  
  
  REAL EMISSION for different PHASESPACE:
   1.2436243195633143        1.0110655794087648        81.299920201286341       %
  -4.7942096318304211E-003   2.3439234789559019E-002  -488.90717322700715       %
  0.11677483129239245        8.8970311553770054E-002   76.189629707961060       %
   6.2439739028516500E-005   5.3006982106103548E-005   84.893023146517365       %
  
  
  
 !!!!!!!!!!!!!!!!!!!!!!!!!!!!!!!!!!!!!!!!!!!!!!!!!!!!!!!!!!!!!!!!!!!!!!!!!!!!!!!!!!!!!!!!!!!!!!!!!!!!!!!!
   
  PROCESS:          500   :   p p -->  W+ A A -->  ve e+ A A
   
  TOTAL result (LO):        5.53362099902977  +-    1.97120842974095 fb   35.62239680105607 %
  NLO virtual result:       3.86601503472748  +-    2.19941498351340 fb   56.89100957333552 %
  QCD real emission:        1.35566738096290  +-    1.01524318404036 fb   74.88881109754638 %
  TOTAL result (NLO):       5.22168241569039  +-    2.42242543588934 fb   46.39166542588480 %
  K-Factor:                 0.94362848785739384     
 !!!!!!!!!!!!!!!!!!!!!!!!!!!!!!!!!!!!!!!!!!!!!!!!!!!!!!!!!!!!!!!!!!!!!!!!!!!!!!!!!!!!!!!!!!!!!!!!!!!!!!!!
  
  
  Endtime: 2024-04-30T14:53:29+0200
  Runtime: 0:00:00 (0 seconds)
