   
 -----------------------------------------------------------------
 VBFNLO, version 3.0.0 beta0 svn 7626
  (sub-program GGFLO)
 Comput. Phys. Commun. 180 (2009) 1661[arXiv:0811.4559 [hep-ph]]
 arXiV:1107.4038, arXiV:1207.4975, arXiv:1404.3940
 http://www.itp.kit.edu/vbfnlo
 -----------------------------------------------------------------
 Process-specific references (please cite as well if appropriate):
 V. Del Duca, W. Kilgore, C. Oleari et al.
 Nucl. Phys. B616 (2001) 367, e-Print: hep-ph/0108030
 F. Campanario, M. Kubocz, D. Zeppenfeld
 Phys.Rev. D84 (2011) 095025, e-Print: arXiv:1011.3819 [hep-ph]
 
 -----------------------------------------------------------------
   
   
   
 Initialising LoopTools ..
   
 ====================================================
   FF 2.0, a package to evaluate one-loop integrals
 written by G. J. van Oldenborgh, NIKHEF-H, Amsterdam
 ====================================================
 for the algorithms used see preprint NIKHEF-H 89/17,
 'New Algorithms for One-loop Integrals', by G.J. van
 Oldenborgh and J.A.M. Vermaseren, published in 
 Zeitschrift fuer Physik C46(1990)425.
 ====================================================
  
        Information on global parameters
 -----------------------------------------------
   PROCESS               =     4105
   KK_MOD                =        F
   ANOM_CPL              =        F
   LEPTONS               =    12  -11   13  -14
   LO_ITERATIONS         =        6
   NLO_ITERATIONS        =        6
   LO_POINTS             =       26
   NLO_POINTS            =       26
   NLO_SWITCH            =        F
   FERMIONLOOP           =        3
   LO_GRID               = grid2_1                                           
   NLO_GRID              = grid3_1                                           
   LHA_SWITCH            =        F
   HEPMC_SWITCH          =        F
   ECM                   =  14000.0    
   BEAM1                 =        1
   BEAM2                 =        1
   ID_MUF                =        5
   ID_MUR                =        5
   MUF_USER              =  100.000    
   MUR_USER              =  100.000    
   XIF                   =  1.00000    
   XIR                   =  1.00000    
 
       information on the selected process 
 -----------------------------------------------
 
  pp -> H jj -> W+ W- jj -> l+ l- vl vl~ jj
 
 Higgs + 2 jets production in gluon fusion, with Higgs decay into W+W-, which
 subsequently decay into leptons
 Process is implemented only at LO (i.e. one-loop level).
 The Q**2 of the produced Higgs is generated in the narrow width approximation.
 References: V. Del Duca, W. Kilgore, C. Oleari et al.
 Nucl. Phys. B616 (2001) 367, e-Print: hep-ph/0108030
 F. Campanario, M. Kubocz, D. Zeppenfeld
 Phys.Rev. D84 (2011) 095025, e-Print: arXiv:1011.3819 [hep-ph]
 
 Initializing PDF set CT10
  
               Physics parameters
 -----------------------------------------------
   HTYPE                 =        0
   MODEL                 =        1
   ANOM_CPL              =        F
   KK_MOD                =        F
   SPIN2                 =        F
   HMASS                 =  120.000    
   HWIDTH                = -999.000    
   TOPMASS               =  172.400    
   BOTTOMMASS            =  4.85500    
   CHARMMASS             =  1.65000    
   TAU_MASS              =  1.77684    
   EWSCHEME              =        3
   FERMI_CONST           = 0.116637E-04
   WMASS                 =  80.3980    
   ZMASS                 =  91.1876    
   
 Running in the SM
   
 Higgs mass =   120.00000000000000     
   
  
 Information on scale setting in InitScales 
 -------------------------------------------
  
 Dynamical factorization scale chosen:
               mu_F = sqrt(pt_j1*pt_j2)
 Dynamical scale for alphas chosen:
    alphas = alpha(pt_j1)*alpha(pt_j2)* alpha(m_H)^2
 Initializing PDF set cteq6l1
  
  
  
  
   Information on couplings, masses and widths
 ===============================================
  
   SM coupling parameters 
 ---------------------------
   G_Fermi                         : 0.000011663700
   SIN**2 of the weak mixing angle : 0.22264585
   Q.E.D. fine structure constant  : 1/132.34070    
   SU(2) coupling constant g       : 0.65305673
   U(1) coupling constant g'       : 0.34950127
   Q.C.D. LO alfas(MZ)             : 0.12980813
   Q.C.D. NLO alfas(MZ)            : 0.11798159
  
      particle masses
 ---------------------------
   mass of the Z0 boson            :   91.1876
   mass of the W+/- boson          :   80.3980
   mass of the Higgs boson         :  120.0000
   mass of the top quark           :  172.4000
   mass of the bottom quark at MH  :    2.8132
  (All other fermions have mass equal ZERO)
  
      particle widths
 ---------------------------
   total widths of Z0              :   2.508420 GeV
   total widths of W+ or W-        :   2.097673 GeV
   total widths of Higgs           :   0.003584 GeV
   total widths of top quark       :   1.339784 GeV
  
     branching ratios
 ---------------------------
   W -> lepton anti-lepton         : 10.8397227 %
   W -> massless quark anti-quark  : 33.7404159 %
   W -> top bottom                 :  0.0000000 %
  
   Z -> neutrino anti-neutrino     :  6.6129820 %
   Z -> charged lepton anti-lepton :  3.3460763 %
   Z -> up-type quark anti-quark   : 11.9908090 %
   Z -> down-type quark anti-quark : 15.3804024 %
   Z -> top anti-top               :  0.0000000 %
  
   H -> WW                         : 13.4042449 %
   H -> ZZ                         :  1.6940721 %
   H -> bottom anti-bottom         : 65.4907510 %
   H -> top anti-top               :  0.0000000 %
   H -> charm anti-charm           :  3.8907341 %
   H -> tau anti-tau               :  6.9292925 %
   H -> mu anti-mu                 :  0.0245341 %
   H -> gluon gluon                :  8.2146118 %
   H -> gamma gamma                :  0.2319526 %
   H -> Z gamma                    :  0.1198070 %
  
   Q_LOOP                =        3
   SUBPRQQ               =        T
   SUBPRQG               =        T
   SUBPRGG               =        T
   HIGGS_MIX             =        0
  External b-quark contributions are excluded
 --------- PROCESS PARAMETERS IN GLUON FUSION ---------
 
 ------- FURTHER PROCESS INFO  -------
   m_top             =  172.4000
   m_bottom(m_Higgs) =    2.8132
 
 Gram det in Cij ->   9.9999999999999995E-007
 Gram det in Dij ->   9.9999999999999995E-007
 
 ------------------- PROCESS(ES) ---------------------
 QUARK - QUARK SCATTERING 
 QUARK - GLUON SCATTERING 
 GLUON - GLUON SCATTERING 
 
 cp-even SM Higgs (coupling via top-loop) 
 cp-even SM Higgs (coupling via bottom-loop) 
 -----------------------------------------------------
 Warning: cannot read value for key = MLL_OSONLY. Using default value :  T
 Warning: cannot read value for key = PTMISS_MIN. Using default value :    0.0000000000000000     
 
          information on cut parameters
 -----------------------------------------------
 
 minimum jet pt        (PT_JET_MIN):     20.00    20.00   
 maximum jet rapidity                 (Y_JET_MAX):    4.5000000000000000     
 maximum parton pseudorapidity          (Y_P_MAX):    5.0000000000000000     
 minimum jet-jet R-separation           (RJJ_MIN):   0.80000000000000004     
 minimum number of jets                (NJET_MIN):            2
 single jet from hadronic decay (SINGLE_DECAYJET):            0
 exponent of generalised kT algorithm (PGENKTJET):    1.0000000000000000     
 minimum lepton-lepton R-separation     (RLL_MIN):    0.0000000000000000     
 maximum lepton-lepton R-separation     (RLL_MAX):    50.000000000000000     
 minimum jet-lepton R-separation        (RJL_MIN):    0.0000000000000000     
 minimum jet-photon R-separation        (RJG_MIN):    0.0000000000000000     
 minimum lepton-photon R-separation     (RLG_MIN):    0.0000000000000000     
 minimum photon-photon R-separation     (RGG_MIN):    0.0000000000000000     
 maximum photon-photon R-separation     (RGG_MAX):    50.000000000000000     
 maximum lepton rapidity                (Y_L_MAX):    2.5000000000000000     
 minimum lepton pt       (PT_L_MIN):     10.00    10.00   
 minimum invariant dilepton mass        (MLL_MIN):    15.000000000000000     
 maximum invariant dilepton mass        (MLL_MAX):    14000.000000000000     
 m_ll cuts only on opposite-sign l   (MLL_OSONLY):  T
 maximum photon rapidity                (Y_G_MAX):    1.5000000000000000     
 minimum photon pt       (PT_G_MIN):    
 photon isolation cut                 (PHISOLCUT):   0.69999999999999996     
 efficiency of photon isolation cut   (EFISOLCUT):    1.0000000000000000     
 minimum invariant lepton-photon mass   (MLG_MIN):    0.0000000000000000     
 maximum invariant lepton-photon mass   (MLG_MAX):    1.0000000000000000E+020
 minimal missing transverse momentum (PTMISS_MIN):    0.0000000000000000     
 minimum jet rapidity separation      (ETAJJ_MIN):    0.0000000000000000     
 tagging jets in opposite hemispheres     (YSIGN):    F
 leptons fall inside rapidity gap     (LRAPIDGAP):    F
 min leptons y-dist from tagging jets   (DELY_JL):    0.0000000000000000     
 photons fall inside rapidity gap     (GRAPIDGAP):    T
 min photons y-dist from tagging jets   (DELY_JG):    0.0000000000000000     
 dijet min mass cut on tag jets        (MDIJ_MIN):    600.00000000000000     
 dijet max mass cut on tag jets        (MDIJ_MAX):    14000.000000000000     
 veto criteria for jets                   (JVETO):    F
 minimum veto-tag y-dist             (DELY_JVETO):    0.0000000000000000     
 maximum |y| for veto jet             (YMAX_VETO):    5.0000000000000000     
 minimum pT for veto jet             (PTMIN_VETO):    10.000000000000000     
 

        phase space generator information  
 -----------------------------------------------

 boson  6 has mass   120.00 GeV and width     0.0036 GeV
 integration range for boson  6 =    119.462  to      120.538 GeV
 boson  3 has mass    80.40 GeV and width     2.0977 GeV
 integration range for boson  3 =      0.032  to     9899.495 GeV
 boson  4 has mass    80.40 GeV and width     2.0977 GeV
 integration range for boson  4 =      0.032  to     9899.495 GeV

 machine energy =    14000.0  GeV
 Minimal mom.transfer or mass for parton pair:   100.00 MeV

 -----------------------------------------------

  Random number generator initialized with seed =            0
  Random number generator initialized with seed =            0
 
          information on histogram config
 -----------------------------------------------
 
 SMEARING           =      T
 SMEAR_VALUE        =       0.20000000000000001     
 CALC_ERROR_GNUPLOT =      F
 CALC_ERROR_ROOT    =      F
 CALC_ERROR_1D      =      T
 CALC_ERROR_2D      =      F
 
HIST_ID1      =      0.00    250.00  # dS/dpT_j (fb/GeV)
HIST_ID2      =      0.00    500.00  # dS/dpTmax_j (fb/GeV)
HIST_ID3      =      0.00    200.00  # dS/dpTmin_j (fb/GeV)
HIST_ID4      =     -5.00      5.00  # dS/dy_j (fb)
HIST_ID5      =     -5.00      5.00  # dS/dy_j1 (fb)
HIST_ID6      =     -5.00      5.00  # dS/dy_j2 (fb)
HIST_ID7      =      0.00    500.00  # dS/dpTmax_l (fb/GeV)
HIST_ID8      =      0.00    200.00  # dS/dpTmin_l (fb/GeV)
HIST_ID9      =      0.00      5.00  # dS/d|eta|max_l (fb)
HIST_ID10     =      0.00      5.00  # dS/d|eta|min_l (fb)
HIST_ID11     =   -180.00    180.00  # dS/dPhi_jj (fb)
2DHIST_ID1    =      0.00      6.00      0.00    800.00  # d2S/dy_jj dm_jj (fb/GeV)
 
 -----------------------------------------------
 
 
 
   
 Initialising FF ..
   
 ====================================================
   FF 2.0, a package to evaluate one-loop integrals
 written by G. J. van Oldenborgh, NIKHEF-H, Amsterdam
 ====================================================
 for the algorithms used see preprint NIKHEF-H 89/17,
 'New Algorithms for One-loop Integrals', by G.J. van
 Oldenborgh and J.A.M. Vermaseren, published in 
 Zeitschrift fuer Physik C46(1990)425.
 ====================================================
 ====================================================
   FF 2.0, a package to evaluate one-loop integrals
 written by G. J. van Oldenborgh, NIKHEF-H, Amsterdam
 ====================================================
 for the algorithms used see preprint NIKHEF-H 89/17,
 'New Algorithms for One-loop Integrals', by G.J. van
 Oldenborgh and J.A.M. Vermaseren, published in 
 Zeitschrift fuer Physik C46(1990)425.
 ====================================================

 MONACO input parameters:
 ndim = 15,  ncall =       2M,   rtype = 0
 nprn =  0,  acc = -1.0E+0,  alph = 8.75E-1,  nd = 48,  mds =  0

 MONACO:  continuing with uniform grid

 iteration  1:
 integral =  7.974227E-01,  sigma = 2.010E-02
 efficacy = 8.686E-05,  raw efficacy = 8.686E-05
 f_positive = 1.912E-2,  f_zero = 9.809E-1,  f_negative = 0.000E+0
 accumulated statistics:
 integral =  7.974227E-01,  sigma = 2.010E-02,  chi^2/iteration = 2.274E-13

 MONACO:  grid written to file grid2_1.out.1

 MONACO input parameters:
 ndim = 15,  ncall =       4M,   rtype = 0
 nprn =  0,  acc = -1.0E+0,  alph = 8.75E-1,  nd = 48,  mds =  0

 iteration  2:
 integral =  8.051625E-01,  sigma = 4.314E-03
 efficacy = 3.314E-04,  raw efficacy = 1.712E-05
 f_positive = 6.805E-2,  f_zero = 9.319E-1,  f_negative = 0.000E+0
 accumulated statistics:
 integral =  8.048217E-01,  sigma = 4.218E-03,  chi^2/iteration = 1.417E+05

 MONACO:  grid written to file grid2_1.out.2

 MONACO input parameters:
 ndim = 15,  ncall =       8M,   rtype = 0
 nprn =  0,  acc = -1.0E+0,  alph = 8.75E-1,  nd = 48,  mds =  0

 iteration  3:
 integral =  8.126840E-01,  sigma = 2.025E-03
 efficacy = 4.986E-04,  raw efficacy = 1.029E-05
 f_positive = 1.035E-1,  f_zero = 8.965E-1,  f_negative = 0.000E+0
 accumulated statistics:
 integral =  8.112116E-01,  sigma = 1.825E-03,  chi^2/iteration = 2.966E+00

 MONACO:  grid written to file grid2_1.out.3

 MONACO input parameters:
 ndim = 15,  ncall =      16M,   rtype = 0
 nprn =  0,  acc = -1.0E+0,  alph = 8.75E-1,  nd = 48,  mds =  0

 iteration  4:
 integral =  8.124702E-01,  sigma = 1.235E-03
 efficacy = 6.232E-04,  raw efficacy = 3.684E-06
 f_positive = 1.216E-1,  f_zero = 8.784E-1,  f_negative = 0.000E+0
 accumulated statistics:
 integral =  8.120747E-01,  sigma = 1.023E-03,  chi^2/iteration = 1.646E+00

 MONACO:  grid written to file grid2_1.out.4

 MONACO input parameters:
 ndim = 15,  ncall =      32M,   rtype = 0
 nprn =  0,  acc = -1.0E+0,  alph = 8.75E-1,  nd = 48,  mds =  0

 iteration  5:
 integral =  8.107417E-01,  sigma = 8.281E-04
 efficacy = 6.316E-04,  raw efficacy = 3.123E-06
 f_positive = 1.330E-1,  f_zero = 8.670E-1,  f_negative = 0.000E+0
 accumulated statistics:
 integral =  8.112693E-01,  sigma = 6.437E-04,  chi^2/iteration = 1.439E+00

 MONACO:  grid written to file grid2_1.out.5

 MONACO input parameters:
 ndim = 15,  ncall =      64M,   rtype = 0
 nprn =  0,  acc = -1.0E+0,  alph = 8.75E-1,  nd = 48,  mds =  0
  random number setting in monaco saved 

 iteration  6:
 integral =  8.115376E-01,  sigma = 5.879E-04
 efficacy = 1.597E-04,  raw efficacy = 2.109E-06
 f_positive = 1.398E-1,  f_zero = 8.602E-1,  f_negative = 0.000E+0
 accumulated statistics:
 integral =  8.114156E-01,  sigma = 4.341E-04,  chi^2/iteration = 1.103E+00

 MONACO:  grid written to file grid2_1.out.6
   
 Summary for FF ..
   
 
total number of errors and warnings
===================================
vbffferr: no errors
the warning system has been disabled
 
 vbfquadffopen: error: could not open /itp/scratch/rauch/vbfquadnlotest/binaryrelease30/share/VBFNLO/ff/fferr.dat                                                     
         adjust path in vbfquadffopen (vbfquadffinit.f)
vbfquadfferr:  warning cannot open fferr.dat with error texts
 
total number of errors and warnings
===================================
vbfquadfferr: no errors
the warning system has been disabled
 
 
  result (LO):   0.81141557793852948       +-    4.3409267862395398E-004  fb     5.3498193826498071E-002 %
 
 number of events in the last iteration =             67108864
 number of events after cuts in the last iteration =              9393087
 maximal weight in the last iteration =   7.5724999085884155E-005
 average weight in the last iteration =   8.6397324636297873E-008
 ratio largest / average weight =   876.47388856842008     
 estimated number of unweighted events:       10716
 
 
  
 
total number of errors and warnings
===================================
fferr: no errors
 
  
  
 !!!!!!!!!!!!!!!!!!!!!!!!!!!!!!!!!!!!!!!!!!!!!!!!!!!!!!!!!!!!!!!!!!!!!!!!!!!!!!!!!!!!!!!!!!!!!!!!!!!!!!!!
     VBFNLO 3.0.0 beta0 svn 7626
   
  GLUON FUSION (1-loop):
  PROCESS:         4105   :   p p --> H jj --> W+ W- jj -->  ve e+ mu- vmu~ jj
   
  TOTAL result (LO):         0.81141557793852948       +-    4.3409267862395398E-004  fb     5.3498193826498071E-002 %
 !!!!!!!!!!!!!!!!!!!!!!!!!!!!!!!!!!!!!!!!!!!!!!!!!!!!!!!!!!!!!!!!!!!!!!!!!!!!!!!!!!!!!!!!!!!!!!!!!!!!!!!!
  
  
