running on itppc57
command to run:
/itp/fast/robin/vbfnlo-installs/mpi-disable/bin/vbfnlo
   
 -----------------------------------------------------------------
 VBFNLO, version 3.0.0 beta2 GIT a9d9ebca
 Comput. Phys. Commun. 180 (2009) 1661[arXiv:0811.4559 [hep-ph]]
 arXiV:1107.4038, arXiV:1207.4975, arXiv:1404.3940
 http://www.itp.kit.edu/vbfnlo
 -----------------------------------------------------------------
 Process-specific references (please cite as well if appropriate):
 G. Bozzi, F. Campanario, M. Rauch, D. Zeppenfeld
 Phys.Rev. D84 (2011) 074028, e-Print: arXiv:1107.3149 [hep-ph]
 
 -----------------------------------------------------------------
   
   
  
        Information on global parameters
 -----------------------------------------------
   PROCESS               =      520
   LOPROCESS_PLUS_JET    =        F
   KK_MOD                =        F
   ANOM_CPL              =        F
   LEPTONS               =    11  -11
   LO_ITERATIONS         =        6
   NLO_ITERATIONS        =        6
   LO_POINTS             =       26
   NLO_POINTS            =       26
   NLO_SWITCH            =        T
   EWCOR_SWITCH          =        F
   FERMIONLOOP           =        3
   LHA_SWITCH            =        F
   HEPMC_SWITCH          =        F
   LO_GRID               = grid2_1                                           
                           grid2_2                                           
                           grid2_3                                           
                           grid2_4                                           
   NLO_GRID              = grid3_1                                           
                           grid3_2                                           
                           grid3_3                                           
                           grid3_4                                           
   PHTN_GRID             = grid4_1                                           
                           grid4_2                                           
                           grid4_3                                           
                           grid4_4                                           
   FLOOP_GRID            = grid5_1                                           
                           grid5_2                                           
                           grid5_3                                           
                           grid5_4                                           
   ECM                   =  14000.0    
   BEAM1                 =        1
   BEAM2                 =        1
   ID_MUF                =        4
   ID_MUR                =        4
   MUF_USER              =  100.000    
   MUR_USER              =  100.000    
   XIF                   =  1.00000    
   XIR                   =  1.00000    
 Warning: cannot read value for key = SHOWTIMING. Using default value :  T
 
       information on the selected process 
 -----------------------------------------------
 
  pp -> Z A A -> l+ l- A A
 
 Z photon photon production with subsequent decay of the Z boson to leptons.
 Process is implemented at LO and NLO QCD.
 Anomalous couplings can be set in "anomV.dat".
 References: G. Bozzi, F. Campanario, M. Rauch, D. Zeppenfeld
 Phys.Rev. D84 (2011) 074028, e-Print: arXiv:1107.3149 [hep-ph]
 
 Initializing PDF set CT10
  
               Physics parameters
 -----------------------------------------------
   HTYPE                 =        0
   MODEL                 =        1
   ANOM_CPL              =        F
   KK_MOD                =        F
   SPIN2                 =        F
   HMASS                 =  120.000    
   HWIDTH                = -999.000    
   TOPMASS               =  172.400    
   BOTTOMMASS            =  4.85500    
   CHARMMASS             =  1.65000    
   TAU_MASS              =  1.77684    
   EWSCHEME              =        3
   FERMI_CONST           = 0.116637E-04
   WMASS                 =  80.3980    
   ZMASS                 =  91.1876    
   
 Running in the SM
   
 Higgs mass =   120.00000000000000     
   
   
  
 Information on scale setting in InitScales 
 -------------------------------------------
  
 Dynamical factorization scale chosen:
       invariant VVV mass 
 Dynamical value for alphas chosen:
 alphas = alpha(invariant VVV mass)
 Initializing PDF set cteq6l1
  
  
  
  
   Information on couplings, masses and widths
 ===============================================
  
   SM coupling parameters 
 ---------------------------
   G_Fermi                         : 0.000011663700
   SIN**2 of the weak mixing angle : 0.22264585
   Q.E.D. fine structure constant  : 1/132.34070    
   SU(2) coupling constant g       : 0.65305673
   U(1) coupling constant g'       : 0.34950127
   Q.C.D. LO alfas(MZ)             : 0.12980813
   Q.C.D. NLO alfas(MZ)            : 0.11798159
  
      particle masses
 ---------------------------
   mass of the Z0 boson            :   91.1876
   mass of the W+/- boson          :   80.3980
   mass of the Higgs boson         :  120.0000
   mass of the top quark           :  172.4000
   mass of the bottom quark at MH  :    2.8132
  (All other fermions have mass equal ZERO)
  
      particle widths
 ---------------------------
   total widths of Z0              :   2.508420 GeV
   total widths of W+ or W-        :   2.097673 GeV
   total widths of Higgs           :   0.003578 GeV
   total widths of top quark       :   1.339784 GeV
  
     branching ratios
 ---------------------------
   W -> lepton anti-lepton         : 10.8397227 %
   W -> massless quark anti-quark  : 33.7404159 %
   W -> top bottom                 :  0.0000000 %
  
   Z -> neutrino anti-neutrino     :  6.6129820 %
   Z -> charged lepton anti-lepton :  3.3460763 %
   Z -> up-type quark anti-quark   : 11.9908090 %
   Z -> down-type quark anti-quark : 15.3804024 %
   Z -> top anti-top               :  0.0000000 %
  
   H -> WW                         : 13.4257085 %
   H -> ZZ                         :  1.5167593 %
   H -> bottom anti-bottom         : 65.5969832 %
   H -> top anti-top               :  0.0000000 %
   H -> charm anti-charm           :  3.8970452 %
   H -> tau anti-tau               :  6.9405324 %
   H -> mu anti-mu                 :  0.0245739 %
   H -> gluon gluon                :  8.2279367 %
   H -> gamma gamma                :  0.2323288 %
   H -> Z gamma                    :  0.1381319 %
  
 Warning: cannot read value for key = MLL_OSONLY. Using default value :  T
 Warning: cannot read value for key = PTMISS_MIN. Using default value :    0.0000000000000000     
 
          information on cut parameters
 -----------------------------------------------
 
 minimum jet pt        (PT_JET_MIN):     30.00   
 maximum jet rapidity                 (Y_JET_MAX):    4.5000000000000000     
 maximum parton pseudorapidity          (Y_P_MAX):    5.0000000000000000     
 minimum jet-jet R-separation           (RJJ_MIN):   0.80000000000000004     
 minimum number of jets                (NJET_MIN):            0
 single jet from hadronic decay (SINGLE_DECAYJET):            0
 exponent of generalised kT algorithm (PGENKTJET):    1.0000000000000000     
 minimum lepton-lepton R-separation     (RLL_MIN):    0.0000000000000000     
 maximum lepton-lepton R-separation     (RLL_MAX):    50.000000000000000     
 minimum jet-lepton R-separation        (RJL_MIN):   0.40000000000000002     
 minimum jet-photon R-separation        (RJG_MIN):   0.69999999999999996     
 minimum lepton-photon R-separation     (RLG_MIN):   0.40000000000000002     
 minimum photon-photon R-separation     (RGG_MIN):   0.40000000000000002     
 maximum photon-photon R-separation     (RGG_MAX):    50.000000000000000     
 maximum lepton rapidity                (Y_L_MAX):    2.5000000000000000     
 minimum lepton pt       (PT_L_MIN):     20.00    20.00   
 minimum invariant dilepton mass        (MLL_MIN):    15.000000000000000     
 maximum invariant dilepton mass        (MLL_MAX):    14000.000000000000     
 m_ll cuts only on opposite-sign l   (MLL_OSONLY):  T
 maximum photon rapidity                (Y_G_MAX):    2.5000000000000000     
 minimum photon pt       (PT_G_MIN):     20.00    20.00   
 photon isolation cut                 (PHISOLCUT):   0.69999999999999996     
 efficiency of photon isolation cut   (EFISOLCUT):    1.0000000000000000     
 minimum invariant lepton-photon mass   (MLG_MIN):    0.0000000000000000     
 maximum invariant lepton-photon mass   (MLG_MAX):    1.0000000000000000E+020
 minimal missing transverse momentum (PTMISS_MIN):    0.0000000000000000     
 minimum jet rapidity separation      (ETAJJ_MIN):    0.0000000000000000     
 tagging jets in opposite hemispheres     (YSIGN):    F
 leptons fall inside rapidity gap     (LRAPIDGAP):    F
 min leptons y-dist from tagging jets   (DELY_JL):    0.0000000000000000     
 photons fall inside rapidity gap     (GRAPIDGAP):    T
 min photons y-dist from tagging jets   (DELY_JG):    0.0000000000000000     
 dijet min mass cut on tag jets        (MDIJ_MIN):    600.00000000000000     
 dijet max mass cut on tag jets        (MDIJ_MAX):    14000.000000000000     
 veto criteria for jets                   (JVETO):    F
 minimum veto-tag y-dist             (DELY_JVETO):    0.0000000000000000     
 maximum |y| for veto jet             (YMAX_VETO):    3.0000000000000000     
 minimum pT for veto jet             (PTMIN_VETO):    50.000000000000000     
 

 --------------------PHASE SPACE--------------------

 boson has mass    91.19 GeV and width     2.5084 GeV
 integration range for boson   2 =      0.032  to     9899.495 GeV
 boson has mass     0.00 GeV and width     0.0000 GeV
 integration range for boson   1 =      0.032  to     9899.495 GeV
 boson has mass     0.00 GeV and width     0.0000 GeV
 integration range for boson   1 =      0.032  to     9899.495 GeV

 machine energy =    14000.0  GeV

 ---------------------------------------------------

  Open error on file random.dat
  Using default values.
  Random number generator initialized with seed =            0
 
          information on histogram config
 -----------------------------------------------
 
  Open error on file histograms.dat
  Using default values.
 SMEARING           =      F
 CALC_ERROR_GNUPLOT =      F
 CALC_ERROR_ROOT    =      F
 CALC_ERROR_1D      =      T
 CALC_ERROR_2D      =      F
 
HIST_ID1      =      0.00    250.00  # dS/dpT_j (fb/GeV)
HIST_ID2      =      0.00    500.00  # dS/dpTmax_j (fb/GeV)
HIST_ID3      =      0.00    200.00  # dS/dpTmin_j (fb/GeV)
HIST_ID4      =     -5.00      5.00  # dS/dy_j (fb)
HIST_ID5      =     -5.00      5.00  # dS/dy_j1 (fb)
HIST_ID6      =     -5.00      5.00  # dS/dy_j2 (fb)
HIST_ID7      =      0.00    500.00  # dS/dpTmax_l (fb/GeV)
HIST_ID8      =      0.00    200.00  # dS/dpTmin_l (fb/GeV)
HIST_ID9      =      0.00      5.00  # dS/d|eta|max_l (fb)
HIST_ID10     =      0.00      5.00  # dS/d|eta|min_l (fb)
HIST_ID11     =   -180.00    180.00  # dS/dPhi_jj (fb)
2DHIST_ID1    =      0.00      6.00      0.00    800.00  # d2S/dy_jj dm_jj (fb/GeV)
 
 -----------------------------------------------
 
 
 
Starttime: 2016-11-30T11:43:30+0100
  
 PHASE SPACE           1
  

 MONACO input parameters:
 ndim =  9,  ncall =       4M,   rtype = 0
 nprn =  0,  acc = -1.0E+0,  alph = 8.75E-1,  nd = 48,  mds =  0

 MONACO:  continuing with uniform grid
  
 ZAA (Z->l+l-) amplitude square information:
 -----------------------------------------------
  
  precalculated tensors initialized to  (  0.0000000000000000     ,  0.0000000000000000     )
  External b-quark contributions are included

 iteration  1:
 integral =  1.676195E+00,  sigma = 8.577E-02
 efficacy = 9.154E-06,  raw efficacy = 9.154E-06
 f_positive = 2.996E-2,  f_zero = 9.700E-1,  f_negative = 0.000E+0
 accumulated statistics:
 integral =  1.676195E+00,  sigma = 8.577E-02,  chi^2/iteration = 0.000E+00

 MONACO:  grid written to file grid2_1.out.1

 MONACO input parameters:
 ndim =  9,  ncall =       8M,   rtype = 0
 nprn =  0,  acc = -1.0E+0,  alph = 8.75E-1,  nd = 48,  mds =  0

 iteration  2:
 integral =  1.567122E+00,  sigma = 5.117E-03
 efficacy = 3.115E-04,  raw efficacy = 1.259E-06
 f_positive = 2.191E-1,  f_zero = 7.809E-1,  f_negative = 0.000E+0
 accumulated statistics:
 integral =  1.567509E+00,  sigma = 5.108E-03,  chi^2/iteration = 1.612E+06

 MONACO:  grid written to file grid2_1.out.2

 MONACO input parameters:
 ndim =  9,  ncall =      16M,   rtype = 0
 nprn =  0,  acc = -1.0E+0,  alph = 8.75E-1,  nd = 48,  mds =  0

 iteration  3:
 integral =  1.570233E+00,  sigma = 1.811E-03
 efficacy = 3.473E-04,  raw efficacy = 5.809E-07
 f_positive = 3.727E-1,  f_zero = 6.273E-1,  f_negative = 0.000E+0
 accumulated statistics:
 integral =  1.569928E+00,  sigma = 1.707E-03,  chi^2/iteration = 1.864E+00

 MONACO:  grid written to file grid2_1.out.3

 MONACO input parameters:
 ndim =  9,  ncall =      32M,   rtype = 0
 nprn =  0,  acc = -1.0E+0,  alph = 8.75E-1,  nd = 48,  mds =  0

 iteration  4:
 integral =  1.570537E+00,  sigma = 1.041E-03
 efficacy = 2.859E-04,  raw efficacy = 2.662E-07
 f_positive = 4.225E-1,  f_zero = 5.775E-1,  f_negative = 0.000E+0
 accumulated statistics:
 integral =  1.570372E+00,  sigma = 8.885E-04,  chi^2/iteration = 9.785E-01

 MONACO:  grid written to file grid2_1.out.4

 MONACO input parameters:
 ndim =  9,  ncall =      64M,   rtype = 0
 nprn =  0,  acc = -1.0E+0,  alph = 8.75E-1,  nd = 48,  mds =  0

 iteration  5:
 integral =  1.570036E+00,  sigma = 6.935E-04
 efficacy = 2.701E-04,  raw efficacy = 1.810E-07
 f_positive = 4.376E-1,  f_zero = 5.624E-1,  f_negative = 0.000E+0
 accumulated statistics:
 integral =  1.570163E+00,  sigma = 5.467E-04,  chi^2/iteration = 6.821E-01

 MONACO:  grid written to file grid2_1.out.5

 MONACO input parameters:
 ndim =  9,  ncall =     128M,   rtype = 0
 nprn =  0,  acc = -1.0E+0,  alph = 8.75E-1,  nd = 48,  mds =  0

 iteration  6:
 integral =  1.569092E+00,  sigma = 4.726E-04
 efficacy = 3.128E-04,  raw efficacy = 1.217E-07
 f_positive = 4.475E-1,  f_zero = 5.525E-1,  f_negative = 0.000E+0
 accumulated statistics:
 integral =  1.569550E+00,  sigma = 3.575E-04,  chi^2/iteration = 1.061E+00

 MONACO:  grid written to file grid2_1.out.6
 
  result (LO):    1.5695498109021446       +-    3.5750576617094514E-004  fb     2.2777599263667729E-002 %
 
  
 PHASE SPACE           2
  

 MONACO input parameters:
 ndim =  9,  ncall =       2M,   rtype = 0
 nprn =  0,  acc = -1.0E+0,  alph = 8.75E-1,  nd = 48,  mds =  0

 MONACO:  continuing with uniform grid

 iteration  1:
 integral =  8.358096E-01,  sigma = 3.324E-02
 efficacy = 1.801E-05,  raw efficacy = 1.801E-05
 f_positive = 8.721E-3,  f_zero = 9.913E-1,  f_negative = 0.000E+0
 accumulated statistics:
 integral =  8.358096E-01,  sigma = 3.324E-02,  chi^2/iteration = 0.000E+00

 MONACO:  grid written to file grid2_2.out.1

 MONACO input parameters:
 ndim =  9,  ncall =       4M,   rtype = 0
 nprn =  0,  acc = -1.0E+0,  alph = 8.75E-1,  nd = 48,  mds =  0

 iteration  2:
 integral =  7.835873E-01,  sigma = 4.529E-03
 efficacy = 9.058E-05,  raw efficacy = 2.545E-06
 f_positive = 6.444E-2,  f_zero = 9.356E-1,  f_negative = 0.000E+0
 accumulated statistics:
 integral =  7.845387E-01,  sigma = 4.487E-03,  chi^2/iteration = 2.423E+06

 MONACO:  grid written to file grid2_2.out.2

 MONACO input parameters:
 ndim =  9,  ncall =       8M,   rtype = 0
 nprn =  0,  acc = -1.0E+0,  alph = 8.75E-1,  nd = 48,  mds =  0

 iteration  3:
 integral =  7.770946E-01,  sigma = 1.816E-03
 efficacy = 5.031E-04,  raw efficacy = 2.804E-06
 f_positive = 9.979E-2,  f_zero = 9.002E-1,  f_negative = 0.000E+0
 accumulated statistics:
 integral =  7.781420E-01,  sigma = 1.683E-03,  chi^2/iteration = 4.788E+00

 MONACO:  grid written to file grid2_2.out.3

 MONACO input parameters:
 ndim =  9,  ncall =      16M,   rtype = 0
 nprn =  0,  acc = -1.0E+0,  alph = 8.75E-1,  nd = 48,  mds =  0

 iteration  4:
 integral =  7.758828E-01,  sigma = 1.112E-03
 efficacy = 2.345E-04,  raw efficacy = 1.069E-06
 f_positive = 1.132E-1,  f_zero = 8.868E-1,  f_negative = 0.000E+0
 accumulated statistics:
 integral =  7.765697E-01,  sigma = 9.281E-04,  chi^2/iteration = 3.021E+00

 MONACO:  grid written to file grid2_2.out.4

 MONACO input parameters:
 ndim =  9,  ncall =      32M,   rtype = 0
 nprn =  0,  acc = -1.0E+0,  alph = 8.75E-1,  nd = 48,  mds =  0

 iteration  5:
 integral =  7.750366E-01,  sigma = 7.399E-04
 efficacy = 4.002E-04,  raw efficacy = 1.060E-06
 f_positive = 1.175E-1,  f_zero = 8.825E-1,  f_negative = 0.000E+0
 accumulated statistics:
 integral =  7.756324E-01,  sigma = 5.785E-04,  chi^2/iteration = 2.570E+00

 MONACO:  grid written to file grid2_2.out.5

 MONACO input parameters:
 ndim =  9,  ncall =      64M,   rtype = 0
 nprn =  0,  acc = -1.0E+0,  alph = 8.75E-1,  nd = 48,  mds =  0

 iteration  6:
 integral =  7.761789E-01,  sigma = 5.184E-04
 efficacy = 1.745E-04,  raw efficacy = 1.519E-06
 f_positive = 1.202E-1,  f_zero = 8.798E-1,  f_negative = 0.000E+0
 accumulated statistics:
 integral =  7.759355E-01,  sigma = 3.861E-04,  chi^2/iteration = 2.051E+00

 MONACO:  grid written to file grid2_2.out.6
 
  result (LO):   0.77593550744993078       +-    3.8606788404044174E-004  fb     4.9755151083268827E-002 %
 
  
 PHASE SPACE           3
  

 MONACO input parameters:
 ndim =  9,  ncall =       2M,   rtype = 0
 nprn =  0,  acc = -1.0E+0,  alph = 8.75E-1,  nd = 48,  mds =  0

 MONACO:  continuing with uniform grid

 iteration  1:
 integral =  9.966831E-01,  sigma = 1.854E-01
 efficacy = 2.601E-06,  raw efficacy = 2.601E-06
 f_positive = 8.765E-3,  f_zero = 9.912E-1,  f_negative = 0.000E+0
 accumulated statistics:
 integral =  9.966831E-01,  sigma = 1.854E-01,  chi^2/iteration = 3.553E-15

 MONACO:  grid written to file grid2_3.out.1

 MONACO input parameters:
 ndim =  9,  ncall =       4M,   rtype = 0
 nprn =  0,  acc = -1.0E+0,  alph = 8.75E-1,  nd = 48,  mds =  0

 iteration  2:
 integral =  7.736411E-01,  sigma = 6.877E-03
 efficacy = 1.189E-04,  raw efficacy = 6.324E-06
 f_positive = 4.909E-2,  f_zero = 9.509E-1,  f_negative = 0.000E+0
 accumulated statistics:
 integral =  7.739475E-01,  sigma = 6.872E-03,  chi^2/iteration = 1.445E+06

 MONACO:  grid written to file grid2_3.out.2

 MONACO input parameters:
 ndim =  9,  ncall =       8M,   rtype = 0
 nprn =  0,  acc = -1.0E+0,  alph = 8.75E-1,  nd = 48,  mds =  0

 iteration  3:
 integral =  7.749729E-01,  sigma = 2.165E-03
 efficacy = 3.849E-04,  raw efficacy = 1.931E-06
 f_positive = 9.390E-2,  f_zero = 9.061E-1,  f_negative = 0.000E+0
 accumulated statistics:
 integral =  7.748803E-01,  sigma = 2.065E-03,  chi^2/iteration = 1.465E+00

 MONACO:  grid written to file grid2_3.out.3

 MONACO input parameters:
 ndim =  9,  ncall =      16M,   rtype = 0
 nprn =  0,  acc = -1.0E+0,  alph = 8.75E-1,  nd = 48,  mds =  0

 iteration  4:
 integral =  7.763635E-01,  sigma = 1.174E-03
 efficacy = 4.265E-04,  raw efficacy = 2.266E-06
 f_positive = 1.112E-1,  f_zero = 8.888E-1,  f_negative = 0.000E+0
 accumulated statistics:
 integral =  7.760013E-01,  sigma = 1.021E-03,  chi^2/iteration = 9.276E-01

 MONACO:  grid written to file grid2_3.out.4

 MONACO input parameters:
 ndim =  9,  ncall =      32M,   rtype = 0
 nprn =  0,  acc = -1.0E+0,  alph = 8.75E-1,  nd = 48,  mds =  0

 iteration  5:
 integral =  7.751800E-01,  sigma = 7.632E-04
 efficacy = 1.824E-04,  raw efficacy = 1.694E-06
 f_positive = 1.175E-1,  f_zero = 8.825E-1,  f_negative = 0.000E+0
 accumulated statistics:
 integral =  7.754746E-01,  sigma = 6.112E-04,  chi^2/iteration = 7.569E-01

 MONACO:  grid written to file grid2_3.out.5

 MONACO input parameters:
 ndim =  9,  ncall =      64M,   rtype = 0
 nprn =  0,  acc = -1.0E+0,  alph = 8.75E-1,  nd = 48,  mds =  0

 iteration  6:
 integral =  7.755962E-01,  sigma = 5.209E-04
 efficacy = 3.006E-04,  raw efficacy = 1.248E-06
 f_positive = 1.184E-1,  f_zero = 8.816E-1,  f_negative = 0.000E+0
 accumulated statistics:
 integral =  7.755450E-01,  sigma = 3.965E-04,  chi^2/iteration = 5.734E-01

 MONACO:  grid written to file grid2_3.out.6
 
  result (LO):   0.77554503501985883       +-    3.9646419310908896E-004  fb     5.1120718360209344E-002 %
 
  
 PHASE SPACE           4
  

 MONACO input parameters:
 ndim =  9,  ncall =       2M,   rtype = 0
 nprn =  0,  acc = -1.0E+0,  alph = 8.75E-1,  nd = 48,  mds =  0

 MONACO:  continuing with uniform grid

 iteration  1:
 integral =  1.035377E-01,  sigma = 2.832E-02
 efficacy = 2.565E-06,  raw efficacy = 2.565E-06
 f_positive = 4.053E-5,  f_zero = 1.000E+0,  f_negative = 0.000E+0
 accumulated statistics:
 integral =  1.035377E-01,  sigma = 2.832E-02,  chi^2/iteration = 1.776E-15

 MONACO:  grid written to file grid2_4.out.1

 MONACO input parameters:
 ndim =  9,  ncall =       4M,   rtype = 0
 nprn =  0,  acc = -1.0E+0,  alph = 8.75E-1,  nd = 48,  mds =  0

 iteration  2:
 integral =  8.978586E-02,  sigma = 9.911E-04
 efficacy = 1.508E-04,  raw efficacy = 6.342E-07
 f_positive = 1.198E-2,  f_zero = 9.880E-1,  f_negative = 0.000E+0
 accumulated statistics:
 integral =  8.980267E-02,  sigma = 9.905E-04,  chi^2/iteration = 2.354E+05

 MONACO:  grid written to file grid2_4.out.2

 MONACO input parameters:
 ndim =  9,  ncall =       8M,   rtype = 0
 nprn =  0,  acc = -1.0E+0,  alph = 8.75E-1,  nd = 48,  mds =  0

 iteration  3:
 integral =  9.084319E-02,  sigma = 3.440E-04
 efficacy = 2.132E-04,  raw efficacy = 5.361E-07
 f_positive = 3.837E-2,  f_zero = 9.616E-1,  f_negative = 0.000E+0
 accumulated statistics:
 integral =  9.073120E-02,  sigma = 3.249E-04,  chi^2/iteration = 1.220E+00

 MONACO:  grid written to file grid2_4.out.3

 MONACO input parameters:
 ndim =  9,  ncall =      16M,   rtype = 0
 nprn =  0,  acc = -1.0E+0,  alph = 8.75E-1,  nd = 48,  mds =  0

 iteration  4:
 integral =  9.078051E-02,  sigma = 1.985E-04
 efficacy = 1.784E-04,  raw efficacy = 5.005E-07
 f_positive = 5.411E-2,  f_zero = 9.459E-1,  f_negative = 0.000E+0
 accumulated statistics:
 integral =  9.076711E-02,  sigma = 1.694E-04,  chi^2/iteration = 6.185E-01

 MONACO:  grid written to file grid2_4.out.4

 MONACO input parameters:
 ndim =  9,  ncall =      32M,   rtype = 0
 nprn =  0,  acc = -1.0E+0,  alph = 8.75E-1,  nd = 48,  mds =  0

 iteration  5:
 integral =  9.080919E-02,  sigma = 1.339E-04
 efficacy = 1.744E-04,  raw efficacy = 3.850E-07
 f_positive = 6.475E-2,  f_zero = 9.353E-1,  f_negative = 0.000E+0
 accumulated statistics:
 integral =  9.079300E-02,  sigma = 1.051E-04,  chi^2/iteration = 4.250E-01

 MONACO:  grid written to file grid2_4.out.5

 MONACO input parameters:
 ndim =  9,  ncall =      64M,   rtype = 0
 nprn =  0,  acc = -1.0E+0,  alph = 8.75E-1,  nd = 48,  mds =  0

 iteration  6:
 integral =  9.100661E-02,  sigma = 9.533E-05
 efficacy = 7.039E-05,  raw efficacy = 3.375E-07
 f_positive = 7.082E-2,  f_zero = 9.292E-1,  f_negative = 0.000E+0
 accumulated statistics:
 integral =  9.091017E-02,  sigma = 7.060E-05,  chi^2/iteration = 8.855E-01

 MONACO:  grid written to file grid2_4.out.6
 
  result (LO):    9.0910167987762788E-002  +-    7.0601594066436177E-005  fb     7.7660833357980047E-002 %
 
 
  Total (multi-channel) result (LO):    3.2119405213596970       +-    6.6259129592479652E-004  fb     2.0629002670457440E-002 %
  
   
 Initialising FF ..
   
 ====================================================
   FF 2.0, a package to evaluate one-loop integrals
 written by G. J. van Oldenborgh, NIKHEF-H, Amsterdam
 ====================================================
 for the algorithms used see preprint NIKHEF-H 89/17,
 'New Algorithms for One-loop Integrals', by G.J. van
 Oldenborgh and J.A.M. Vermaseren, published in 
 Zeitschrift fuer Physik C46(1990)425.
 ====================================================
 Initializing PDF set CT10
  
 PHASE SPACE            1
  

 MONACO input parameters:
 ndim =  9,  ncall =     128M,   rtype = 0
 nprn =  0,  acc = -1.0E+0,  alph = 8.75E-1,  nd = 48,  mds =  0

 MONACO:  grid read from file grid2_1.out.6                                                                                                                                                                                                                                             

 iteration  1:
 integral =  1.964820E+00,  sigma = 5.946E-04
 efficacy = 1.340E-04,  raw efficacy = 1.550E-07
 f_positive = 4.556E-1,  f_zero = 5.444E-1,  f_negative = 0.000E+0
 accumulated statistics:
 integral =  1.964820E+00,  sigma = 5.946E-04,  chi^2/iteration = 0.000E+00

 MONACO:  grid written to file grid2_1.vout.1
  
  result for virtual contribution, no.            1
  sigma =    1.9648196405175087       +-    5.9457964315743164E-004  fb  
  
 total result for virtual contns so far 
  sigma =    1.9648196405175087       +-    5.9457964315743164E-004  fb
  

 MONACO input parameters:
 ndim =  9,  ncall =      32M,   rtype = 0
 nprn =  0,  acc = -1.0E+0,  alph = 8.75E-1,  nd = 48,  mds =  0

 MONACO:  grid read from file grid2_1.out.6                                                                                                                                                                                                                                             

 iteration  1:
 integral =  1.619218E-02,  sigma = 1.768E-05
 efficacy = 1.689E-04,  raw efficacy = 2.287E-07
 f_positive = 3.402E-1,  f_zero = 5.444E-1,  f_negative = 1.154E-1
 accumulated statistics:
 integral =  1.619218E-02,  sigma = 1.768E-05,  chi^2/iteration = 0.000E+00

 MONACO:  grid written to file grid2_1.vout.2
  
  result for virtual contribution, no.            2
  sigma =    1.6192182171247717E-002  +-    1.7675396276500044E-005  fb  
  Box instabilites           0
           total calls           0
           instabilities [%]   0.0000000000000000     
  
 total result for virtual contns so far 
  sigma =    1.9810118226887563       +-    5.9484230825551578E-004  fb
  

 MONACO input parameters:
 ndim =  9,  ncall =       8M,   rtype = 0
 nprn =  0,  acc = -1.0E+0,  alph = 8.75E-1,  nd = 48,  mds =  0

 MONACO:  grid read from file grid2_1.out.6                                                                                                                                                                                                                                             
 Momemtum is not conserved: p5sq=0. here=   1.0945223039016128E-007
 Corrected by p4=-(p1+p2+p3+p5)

 iteration  1:
 integral =  7.362789E-02,  sigma = 1.381E-04
 efficacy = 2.988E-04,  raw efficacy = 2.305E-06
 f_positive = 3.537E-1,  f_zero = 5.445E-1,  f_negative = 1.019E-1
 accumulated statistics:
 integral =  7.362789E-02,  sigma = 1.381E-04,  chi^2/iteration = 0.000E+00

 MONACO:  grid written to file grid2_1.vout.3
  
  result for virtual contribution, no.            3
  sigma =    7.3627892774530704E-002  +-    1.3809673416128679E-004  fb  
  Pentagon instabilites         360
           total calls     7642360
           instabilities [%]   4.7105867820934890E-003
  
 total result for virtual contns so far 
  sigma =    2.0546397154632872       +-    6.1066200117312289E-004  fb
  
  
 PHASE SPACE            2
  

 MONACO input parameters:
 ndim =  9,  ncall =      16M,   rtype = 0
 nprn =  0,  acc = -1.0E+0,  alph = 8.75E-1,  nd = 48,  mds =  0

 MONACO:  grid read from file grid2_2.out.6                                                                                                                                                                                                                                             

 iteration  1:
 integral =  9.782971E-01,  sigma = 1.277E-03
 efficacy = 5.451E-04,  raw efficacy = 1.358E-06
 f_positive = 1.196E-1,  f_zero = 8.804E-1,  f_negative = 0.000E+0
 accumulated statistics:
 integral =  9.782971E-01,  sigma = 1.277E-03,  chi^2/iteration = 0.000E+00

 MONACO:  grid written to file grid2_2.vout.1
  
  result for virtual contribution, no.            1
  sigma =   0.97829708525958103       +-    1.2767519918569473E-003  fb  
  
 total result for virtual contns so far 
  sigma =   0.97829708525958103       +-    1.2767519918569473E-003  fb
  

 MONACO input parameters:
 ndim =  9,  ncall =       4M,   rtype = 0
 nprn =  0,  acc = -1.0E+0,  alph = 8.75E-1,  nd = 48,  mds =  0

 MONACO:  grid read from file grid2_2.out.6                                                                                                                                                                                                                                             

 iteration  1:
 integral =  2.778211E-02,  sigma = 1.347E-04
 efficacy = 2.187E-04,  raw efficacy = 1.129E-05
 f_positive = 9.514E-2,  f_zero = 8.804E-1,  f_negative = 2.448E-2
 accumulated statistics:
 integral =  2.778211E-02,  sigma = 1.347E-04,  chi^2/iteration = 0.000E+00

 MONACO:  grid written to file grid2_2.vout.2
  
  result for virtual contribution, no.            2
  sigma =    2.7782113928637657E-002  +-    1.3474532995210090E-004  fb  
  Box instabilites           0
           total calls           0
           instabilities [%]   0.0000000000000000     
  
 total result for virtual contns so far 
  sigma =    1.0060791991882188       +-    1.2838426510498016E-003  fb
  

 MONACO input parameters:
 ndim =  9,  ncall =       2M,   rtype = 0
 nprn =  0,  acc = -1.0E+0,  alph = 8.75E-1,  nd = 48,  mds =  0

 MONACO:  grid read from file grid2_2.out.6                                                                                                                                                                                                                                             

 iteration  1:
 integral =  1.437734E-03,  sigma = 3.882E-05
 efficacy = 4.062E-05,  raw efficacy = 1.501E-06
 f_positive = 7.557E-2,  f_zero = 8.803E-1,  f_negative = 4.408E-2
 accumulated statistics:
 integral =  1.437734E-03,  sigma = 3.882E-05,  chi^2/iteration = 0.000E+00

 MONACO:  grid written to file grid2_2.vout.3
  
  result for virtual contribution, no.            3
  sigma =    1.4377339659216791E-003  +-    3.8823623803670839E-005  fb  
  Pentagon instabilites           3
           total calls      501862
           instabilities [%]   5.9777389003351522E-004
  
 total result for virtual contns so far 
  sigma =    1.0075169331541405       +-    1.2844295334582710E-003  fb
  
  
 PHASE SPACE            3
  

 MONACO input parameters:
 ndim =  9,  ncall =      16M,   rtype = 0
 nprn =  0,  acc = -1.0E+0,  alph = 8.75E-1,  nd = 48,  mds =  0

 MONACO:  grid read from file grid2_3.out.6                                                                                                                                                                                                                                             

 iteration  1:
 integral =  9.799009E-01,  sigma = 1.316E-03
 efficacy = 3.267E-04,  raw efficacy = 1.939E-06
 f_positive = 1.202E-1,  f_zero = 8.798E-1,  f_negative = 0.000E+0
 accumulated statistics:
 integral =  9.799009E-01,  sigma = 1.316E-03,  chi^2/iteration = 1.164E-10

 MONACO:  grid written to file grid2_3.vout.1
  
  result for virtual contribution, no.            1
  sigma =   0.97990090814841646       +-    1.3156994161618858E-003  fb  
  
 total result for virtual contns so far 
  sigma =   0.97990090814841646       +-    1.3156994161618858E-003  fb
  

 MONACO input parameters:
 ndim =  9,  ncall =       4M,   rtype = 0
 nprn =  0,  acc = -1.0E+0,  alph = 8.75E-1,  nd = 48,  mds =  0

 MONACO:  grid read from file grid2_3.out.6                                                                                                                                                                                                                                             

 iteration  1:
 integral =  2.763689E-02,  sigma = 1.219E-04
 efficacy = 4.355E-04,  raw efficacy = 1.143E-05
 f_positive = 9.525E-2,  f_zero = 8.800E-1,  f_negative = 2.475E-2
 accumulated statistics:
 integral =  2.763689E-02,  sigma = 1.219E-04,  chi^2/iteration = 7.276E-12

 MONACO:  grid written to file grid2_3.vout.2
  
  result for virtual contribution, no.            2
  sigma =    2.7636887002338486E-002  +-    1.2188709818992004E-004  fb  
  Box instabilites           0
           total calls           0
           instabilities [%]   0.0000000000000000     
  
 total result for virtual contns so far 
  sigma =    1.0075377951507549       +-    1.3213331973404309E-003  fb
  

 MONACO input parameters:
 ndim =  9,  ncall =       2M,   rtype = 0
 nprn =  0,  acc = -1.0E+0,  alph = 8.75E-1,  nd = 48,  mds =  0

 MONACO:  grid read from file grid2_3.out.6                                                                                                                                                                                                                                             

 iteration  1:
 integral =  1.439451E-03,  sigma = 3.873E-05
 efficacy = 4.487E-05,  raw efficacy = 4.828E-06
 f_positive = 7.564E-2,  f_zero = 8.801E-1,  f_negative = 4.427E-2
 accumulated statistics:
 integral =  1.439451E-03,  sigma = 3.873E-05,  chi^2/iteration = 0.000E+00

 MONACO:  grid written to file grid2_3.vout.3
  
  result for virtual contribution, no.            3
  sigma =    1.4394512294484004E-003  +-    3.8729848517194693E-005  fb  
  Pentagon instabilites           2
           total calls      502952
           instabilities [%]   3.9765226105075634E-004
  
 total result for virtual contns so far 
  sigma =    1.0089772463802034       +-    1.3219006844540368E-003  fb
  
  
 PHASE SPACE            4
  

 MONACO input parameters:
 ndim =  9,  ncall =       4M,   rtype = 0
 nprn =  0,  acc = -1.0E+0,  alph = 8.75E-1,  nd = 48,  mds =  0

 MONACO:  grid read from file grid2_4.out.6                                                                                                                                                                                                                                             

 iteration  1:
 integral =  1.164758E-01,  sigma = 4.804E-04
 efficacy = 3.115E-04,  raw efficacy = 5.915E-07
 f_positive = 7.311E-2,  f_zero = 9.269E-1,  f_negative = 0.000E+0
 accumulated statistics:
 integral =  1.164758E-01,  sigma = 4.804E-04,  chi^2/iteration = 0.000E+00

 MONACO:  grid written to file grid2_4.vout.1
  
  result for virtual contribution, no.            1
  sigma =   0.11647578702926321       +-    4.8044351825558146E-004  fb  
  
 total result for virtual contns so far 
  sigma =   0.11647578702926321       +-    4.8044351825558146E-004  fb
  

 MONACO input parameters:
 ndim =  9,  ncall =       2M,   rtype = 0
 nprn =  0,  acc = -1.0E+0,  alph = 8.75E-1,  nd = 48,  mds =  0

 MONACO:  grid read from file grid2_4.out.6                                                                                                                                                                                                                                             

 iteration  1:
 integral =  4.687125E-05,  sigma = 8.229E-07
 efficacy = 1.096E-04,  raw efficacy = 1.311E-07
 f_positive = 5.227E-2,  f_zero = 9.271E-1,  f_negative = 2.063E-2
 accumulated statistics:
 integral =  4.687125E-05,  sigma = 8.229E-07,  chi^2/iteration = 0.000E+00

 MONACO:  grid written to file grid2_4.vout.2
  
  result for virtual contribution, no.            2
  sigma =    4.6871247782435065E-005  +-    8.2286439281470275E-007  fb  
  Box instabilites           0
           total calls           0
           instabilities [%]   0.0000000000000000     
  
 total result for virtual contns so far 
  sigma =   0.11652265827704565       +-    4.8044422292250555E-004  fb
  

 MONACO input parameters:
 ndim =  9,  ncall =     512k,   rtype = 0
 nprn =  0,  acc = -1.0E+0,  alph = 8.75E-1,  nd = 48,  mds =  0

 MONACO:  grid read from file grid2_4.out.6                                                                                                                                                                                                                                             

 iteration  1:
 integral =  1.055238E-05,  sigma = 2.998E-06
 efficacy = 1.012E-05,  raw efficacy = 1.158E-07
 f_positive = 3.661E-2,  f_zero = 9.272E-1,  f_negative = 3.622E-2
 accumulated statistics:
 integral =  1.055238E-05,  sigma = 2.998E-06,  chi^2/iteration = 3.553E-15

 MONACO:  grid written to file grid2_4.vout.3
  
  result for virtual contribution, no.            3
  sigma =    1.0552381577782197E-005  +-    2.9976553145077437E-006  fb  
  Pentagon instabilites           1
           total calls       76368
           instabilities [%]   1.3094489838675885E-003
  
 total result for virtual contns so far 
  sigma =   0.11653321065862343       +-    4.8045357452827298E-004  fb
  
 
  Total (multi-channel) result (NLO virtual):    4.1876671056562538       +-    2.0002310773842209E-003  fb     4.7764806201584700E-002 %
 
   
 Summary for FF ..
   
 
total number of errors and warnings
===================================
vbffferr: no errors
the warning system has been disabled
 
  
 PHASE SPACE            1
  

 MONACO input parameters:
 ndim = 12,  ncall =     128M,   rtype = 0
 nprn =  0,  acc = -1.0E+0,  alph = 8.75E-1,  nd = 48,  mds =  0

 MONACO:  continuing with uniform grid
  
 Z A A j (Z -> l+ l-) amplitude square information:
 -----------------------------------------------
  
  precalculated tensors initialized to  (  0.0000000000000000     ,  0.0000000000000000     )
  External b-quark contributions are included
  
  creal =   -6.5797362673929038       cvirtual =    5.1594725347858095     
  

 iteration  1:
 integral =  1.287901E-01,  sigma = 2.976E-02
 efficacy = 5.793E-08,  raw efficacy = 5.793E-08
 f_positive = 2.390E-2,  f_zero = 9.535E-1,  f_negative = 2.257E-2
 accumulated statistics:
 integral =  1.287901E-01,  sigma = 2.976E-02,  chi^2/iteration = 0.000E+00

 MONACO:  grid written to file grid3_1.out.1

 MONACO input parameters:
 ndim = 12,  ncall =     128M,   rtype = 0
 nprn =  0,  acc = -1.0E+0,  alph = 8.75E-1,  nd = 48,  mds =  0

 iteration  2:
 integral =  1.881952E-01,  sigma = 4.696E-03
 efficacy = 9.889E-07,  raw efficacy = 1.782E-09
 f_positive = 1.277E-1,  f_zero = 7.776E-1,  f_negative = 9.467E-2
 accumulated statistics:
 integral =  1.867516E-01,  sigma = 4.639E-03,  chi^2/iteration = 3.888E+06

 MONACO:  grid written to file grid3_1.out.2

 MONACO input parameters:
 ndim = 12,  ncall =     128M,   rtype = 0
 nprn =  0,  acc = -1.0E+0,  alph = 8.75E-1,  nd = 48,  mds =  0

 iteration  3:
 integral =  1.825921E-01,  sigma = 1.267E-02
 efficacy = 1.143E-07,  raw efficacy = 9.741E-11
 f_positive = 1.978E-1,  f_zero = 6.613E-1,  f_negative = 1.408E-1
 accumulated statistics:
 integral =  1.862596E-01,  sigma = 4.356E-03,  chi^2/iteration = 3.984E+00

 MONACO:  grid written to file grid3_1.out.3

 MONACO input parameters:
 ndim = 12,  ncall =     128M,   rtype = 0
 nprn =  0,  acc = -1.0E+0,  alph = 8.75E-1,  nd = 48,  mds =  0

 iteration  4:
 integral =  1.946333E-01,  sigma = 3.593E-03
 efficacy = 6.899E-07,  raw efficacy = 1.329E-10
 f_positive = 2.694E-1,  f_zero = 5.554E-1,  f_negative = 1.752E-1
 accumulated statistics:
 integral =  1.912433E-01,  sigma = 2.772E-03,  chi^2/iteration = 3.091E+00

 MONACO:  grid written to file grid3_1.out.4

 MONACO input parameters:
 ndim = 12,  ncall =     128M,   rtype = 0
 nprn =  0,  acc = -1.0E+0,  alph = 8.75E-1,  nd = 48,  mds =  0

 iteration  5:
 integral =  1.940770E-01,  sigma = 1.969E-03
 efficacy = 1.354E-06,  raw efficacy = 2.657E-11
 f_positive = 2.683E-1,  f_zero = 5.530E-1,  f_negative = 1.787E-1
 accumulated statistics:
 integral =  1.931266E-01,  sigma = 1.605E-03,  chi^2/iteration = 2.293E+00

 MONACO:  grid written to file grid3_1.out.5

 MONACO input parameters:
 ndim = 12,  ncall =     128M,   rtype = 0
 nprn =  0,  acc = -1.0E+0,  alph = 8.75E-1,  nd = 48,  mds =  0

 iteration  6:
 integral =  1.874918E-01,  sigma = 2.889E-03
 efficacy = 6.581E-07,  raw efficacy = 6.926E-11
 f_positive = 2.518E-1,  f_zero = 5.730E-1,  f_negative = 1.752E-1
 accumulated statistics:
 integral =  1.917972E-01,  sigma = 1.403E-03,  chi^2/iteration = 2.446E+00

 MONACO:  grid written to file grid3_1.out.6
 
  result for real emissions 
  sigma =   0.19179723831355822       +-    1.4030789951579106E-003  fb
  
  
 PHASE SPACE            2
  

 MONACO input parameters:
 ndim = 12,  ncall =      64M,   rtype = 0
 nprn =  0,  acc = -1.0E+0,  alph = 8.75E-1,  nd = 48,  mds =  0

 MONACO:  continuing with uniform grid

 iteration  1:
 integral =  1.047969E-01,  sigma = 5.308E-02
 efficacy = 4.084E-08,  raw efficacy = 4.084E-08
 f_positive = 7.793E-3,  f_zero = 9.828E-1,  f_negative = 9.386E-3
 accumulated statistics:
 integral =  1.047969E-01,  sigma = 5.308E-02,  chi^2/iteration = 0.000E+00

 MONACO:  grid written to file grid3_2.out.1

 MONACO input parameters:
 ndim = 12,  ncall =      64M,   rtype = 0
 nprn =  0,  acc = -1.0E+0,  alph = 8.75E-1,  nd = 48,  mds =  0

 iteration  2:
 integral =  2.032494E-01,  sigma = 1.052E-02
 efficacy = 4.750E-07,  raw efficacy = 3.026E-09
 f_positive = 3.792E-2,  f_zero = 9.254E-1,  f_negative = 3.668E-2
 accumulated statistics:
 integral =  1.995265E-01,  sigma = 1.032E-02,  chi^2/iteration = 3.310E+06

 MONACO:  grid written to file grid3_2.out.2

 MONACO input parameters:
 ndim = 12,  ncall =      64M,   rtype = 0
 nprn =  0,  acc = -1.0E+0,  alph = 8.75E-1,  nd = 48,  mds =  0

 iteration  3:
 integral =  1.953807E-01,  sigma = 3.383E-03
 efficacy = 2.564E-06,  raw efficacy = 1.145E-09
 f_positive = 5.456E-2,  f_zero = 8.942E-1,  f_negative = 5.126E-2
 accumulated statistics:
 integral =  1.957830E-01,  sigma = 3.215E-03,  chi^2/iteration = 3.456E+00

 MONACO:  grid written to file grid3_2.out.3

 MONACO input parameters:
 ndim = 12,  ncall =      64M,   rtype = 0
 nprn =  0,  acc = -1.0E+0,  alph = 8.75E-1,  nd = 48,  mds =  0

 iteration  4:
 integral =  2.007297E-01,  sigma = 2.119E-03
 efficacy = 7.466E-06,  raw efficacy = 5.460E-10
 f_positive = 5.877E-2,  f_zero = 8.851E-1,  f_negative = 5.618E-2
 accumulated statistics:
 integral =  1.992314E-01,  sigma = 1.770E-03,  chi^2/iteration = 2.553E+00

 MONACO:  grid written to file grid3_2.out.4

 MONACO input parameters:
 ndim = 12,  ncall =      64M,   rtype = 0
 nprn =  0,  acc = -1.0E+0,  alph = 8.75E-1,  nd = 48,  mds =  0

 iteration  5:
 integral =  1.979780E-01,  sigma = 2.139E-03
 efficacy = 2.704E-06,  raw efficacy = 9.133E-10
 f_positive = 5.959E-2,  f_zero = 8.818E-1,  f_negative = 5.859E-2
 accumulated statistics:
 integral =  1.987222E-01,  sigma = 1.364E-03,  chi^2/iteration = 1.770E+00

 MONACO:  grid written to file grid3_2.out.5

 MONACO input parameters:
 ndim = 12,  ncall =      64M,   rtype = 0
 nprn =  0,  acc = -1.0E+0,  alph = 8.75E-1,  nd = 48,  mds =  0

 iteration  6:
 integral =  1.941059E-01,  sigma = 2.254E-03
 efficacy = 2.349E-06,  raw efficacy = 1.755E-10
 f_positive = 5.603E-2,  f_zero = 8.870E-1,  f_negative = 5.693E-2
 accumulated statistics:
 integral =  1.974858E-01,  sigma = 1.167E-03,  chi^2/iteration = 2.095E+00

 MONACO:  grid written to file grid3_2.out.6
 
  result for real emissions 
  sigma =   0.19748584481609405       +-    1.1667426096832465E-003  fb
  
  
 PHASE SPACE            3
  

 MONACO input parameters:
 ndim = 12,  ncall =      64M,   rtype = 0
 nprn =  0,  acc = -1.0E+0,  alph = 8.75E-1,  nd = 48,  mds =  0

 MONACO:  continuing with uniform grid

 iteration  1:
 integral =  1.817262E-01,  sigma = 2.695E-02
 efficacy = 1.481E-07,  raw efficacy = 1.481E-07
 f_positive = 7.812E-3,  f_zero = 9.828E-1,  f_negative = 9.397E-3
 accumulated statistics:
 integral =  1.817262E-01,  sigma = 2.695E-02,  chi^2/iteration = 7.105E-15

 MONACO:  grid written to file grid3_3.out.1

 MONACO input parameters:
 ndim = 12,  ncall =      64M,   rtype = 0
 nprn =  0,  acc = -1.0E+0,  alph = 8.75E-1,  nd = 48,  mds =  0

 iteration  2:
 integral =  1.951519E-01,  sigma = 7.681E-03
 efficacy = 6.075E-07,  raw efficacy = 1.086E-08
 f_positive = 4.186E-2,  f_zero = 9.166E-1,  f_negative = 4.156E-2
 accumulated statistics:
 integral =  1.941434E-01,  sigma = 7.387E-03,  chi^2/iteration = 2.295E+05

 MONACO:  grid written to file grid3_3.out.2

 MONACO input parameters:
 ndim = 12,  ncall =      64M,   rtype = 0
 nprn =  0,  acc = -1.0E+0,  alph = 8.75E-1,  nd = 48,  mds =  0

 iteration  3:
 integral =  1.905186E-01,  sigma = 3.030E-03
 efficacy = 4.077E-06,  raw efficacy = 2.144E-09
 f_positive = 6.000E-2,  f_zero = 8.820E-1,  f_negative = 5.798E-2
 accumulated statistics:
 integral =  1.910405E-01,  sigma = 2.803E-03,  chi^2/iteration = 4.356E-01

 MONACO:  grid written to file grid3_3.out.3

 MONACO input parameters:
 ndim = 12,  ncall =      64M,   rtype = 0
 nprn =  0,  acc = -1.0E+0,  alph = 8.75E-1,  nd = 48,  mds =  0

 iteration  4:
 integral =  1.930621E-01,  sigma = 4.107E-03
 efficacy = 8.104E-07,  raw efficacy = 8.409E-11
 f_positive = 6.356E-2,  f_zero = 8.749E-1,  f_negative = 6.158E-2
 accumulated statistics:
 integral =  1.916830E-01,  sigma = 2.315E-03,  chi^2/iteration = 3.005E-01

 MONACO:  grid written to file grid3_3.out.4

 MONACO input parameters:
 ndim = 12,  ncall =      64M,   rtype = 0
 nprn =  0,  acc = -1.0E+0,  alph = 8.75E-1,  nd = 48,  mds =  0

 iteration  5:
 integral =  1.970242E-01,  sigma = 2.106E-03
 efficacy = 8.024E-06,  raw efficacy = 1.929E-10
 f_positive = 5.991E-2,  f_zero = 8.800E-1,  f_negative = 6.009E-2
 accumulated statistics:
 integral =  1.946054E-01,  sigma = 1.558E-03,  chi^2/iteration = 1.171E+00

 MONACO:  grid written to file grid3_3.out.5

 MONACO input parameters:
 ndim = 12,  ncall =      64M,   rtype = 0
 nprn =  0,  acc = -1.0E+0,  alph = 8.75E-1,  nd = 48,  mds =  0

 iteration  6:
 integral =  1.981584E-01,  sigma = 1.960E-03
 efficacy = 4.270E-06,  raw efficacy = 1.980E-10
 f_positive = 6.018E-2,  f_zero = 8.799E-1,  f_negative = 5.994E-2
 accumulated statistics:
 integral =  1.959811E-01,  sigma = 1.220E-03,  chi^2/iteration = 1.382E+00

 MONACO:  grid written to file grid3_3.out.6
 
  result for real emissions 
  sigma =   0.19598110772652083       +-    1.2196436536687312E-003  fb
  
  
 PHASE SPACE            4
  

 MONACO input parameters:
 ndim = 12,  ncall =      64M,   rtype = 0
 nprn =  0,  acc = -1.0E+0,  alph = 8.75E-1,  nd = 48,  mds =  0

 MONACO:  continuing with uniform grid

 iteration  1:
 integral = -5.504569E-01,  sigma = 7.073E-01
 efficacy = 1.161E-08,  raw efficacy = 1.161E-08
 f_positive = 5.984E-4,  f_zero = 9.993E-1,  f_negative = 6.358E-5
 accumulated statistics:
 integral = -5.504569E-01,  sigma = 7.073E-01,  chi^2/iteration = 0.000E+00

 MONACO:  grid written to file grid3_4.out.1

 MONACO input parameters:
 ndim = 12,  ncall =      64M,   rtype = 0
 nprn =  0,  acc = -1.0E+0,  alph = 8.75E-1,  nd = 48,  mds =  0

 iteration  2:
 integral =  1.250267E-01,  sigma = 9.946E-03
 efficacy = 6.058E-07,  raw efficacy = 4.911E-09
 f_positive = 3.177E-3,  f_zero = 9.947E-1,  f_negative = 2.171E-3
 accumulated statistics:
 integral =  1.248932E-01,  sigma = 9.945E-03,  chi^2/iteration = 9.118E+05

 MONACO:  grid written to file grid3_4.out.2

 MONACO input parameters:
 ndim = 12,  ncall =      64M,   rtype = 0
 nprn =  0,  acc = -1.0E+0,  alph = 8.75E-1,  nd = 48,  mds =  0

 iteration  3:
 integral =  1.077424E-01,  sigma = 5.663E-03
 efficacy = 3.535E-07,  raw efficacy = 8.927E-10
 f_positive = 6.241E-3,  f_zero = 9.897E-1,  f_negative = 4.092E-3
 accumulated statistics:
 integral =  1.119413E-01,  sigma = 4.921E-03,  chi^2/iteration = 3.158E+00

 MONACO:  grid written to file grid3_4.out.3

 MONACO input parameters:
 ndim = 12,  ncall =      64M,   rtype = 0
 nprn =  0,  acc = -1.0E+0,  alph = 8.75E-1,  nd = 48,  mds =  0

 iteration  4:
 integral =  1.093144E-01,  sigma = 2.708E-03
 efficacy = 1.153E-06,  raw efficacy = 2.273E-10
 f_positive = 8.378E-3,  f_zero = 9.834E-1,  f_negative = 8.187E-3
 accumulated statistics:
 integral =  1.099250E-01,  sigma = 2.373E-03,  chi^2/iteration = 1.688E+00

 MONACO:  grid written to file grid3_4.out.4

 MONACO input parameters:
 ndim = 12,  ncall =      64M,   rtype = 0
 nprn =  0,  acc = -1.0E+0,  alph = 8.75E-1,  nd = 48,  mds =  0

 iteration  5:
 integral =  1.099452E-01,  sigma = 1.786E-03
 efficacy = 5.636E-06,  raw efficacy = 1.124E-09
 f_positive = 1.028E-2,  f_zero = 9.815E-1,  f_negative = 8.228E-3
 accumulated statistics:
 integral =  1.099379E-01,  sigma = 1.427E-03,  chi^2/iteration = 1.125E+00

 MONACO:  grid written to file grid3_4.out.5

 MONACO input parameters:
 ndim = 12,  ncall =      64M,   rtype = 0
 nprn =  0,  acc = -1.0E+0,  alph = 8.75E-1,  nd = 48,  mds =  0

 iteration  6:
 integral =  1.088728E-01,  sigma = 1.545E-03
 efficacy = 4.710E-06,  raw efficacy = 3.446E-10
 f_positive = 1.174E-2,  f_zero = 9.802E-1,  f_negative = 8.033E-3
 accumulated statistics:
 integral =  1.094477E-01,  sigma = 1.048E-03,  chi^2/iteration = 9.082E-01

 MONACO:  grid written to file grid3_4.out.6
 
  result for real emissions 
  sigma =   0.10944774023876194       +-    1.0483131747177946E-003  fb
  
 
  Total (multi-channel) result (NLO real):   0.69471193109493501       +-    2.4323671881780343E-003  fb    0.35012601328789356      %
 
  
  final result at NLO 
  sigma =    4.8823790367511890       +-    3.1491799727958957E-003  fb   6.4500931801710529E-002 %
  
  Box instabilites           0
           total calls           0
           instabilities [%]   0.0000000000000000     
  FBox instabilites           0
           total calls           0
           instabilities [%]   0.0000000000000000     
  Pentagon instabilites         366
           total calls     8723542
           instabilities [%]   4.1955435074422752E-003
  Hexagon instabilites           0
           total calls           0
           instabilities [%]   0.0000000000000000     
 
 
 LO for different PHASESPACE:
   1.5695498109021446       +-    3.5750576617094514E-004  fb   2.2777599263667729E-002
  0.77593550744993078       +-    3.8606788404044174E-004  fb   4.9755151083268827E-002
  0.77554503501985883       +-    3.9646419310908896E-004  fb   5.1120718360209344E-002
   9.0910167987762788E-002  +-    7.0601594066436177E-005  fb   7.7660833357980047E-002
  
  
 VIRTUAL CONTRIBUTIONS for different PHASESPACE:
  borntype for different PHASESPACE:
   1.9648196405175087       +-    5.9457964315743164E-004  fb   3.0261283575159441E-002
  0.97829708525958103       +-    1.2767519918569473E-003  fb  0.13050759437948997     
  0.97990090814841646       +-    1.3156994161618858E-003  fb  0.13426861892066019     
  0.11647578702926321       +-    4.8044351825558146E-004  fb  0.41248359896025044     
  boxes for different PHASESPACE:
   1.6192182171247717E-002  +-    1.7675396276500044E-005  fb  0.10916006310678776     
   2.7782113928637657E-002  +-    1.3474532995210090E-004  fb  0.48500747746630657     
   2.7636887002338486E-002  +-    1.2188709818992004E-004  fb  0.44103049008235479     
   4.6871247782435065E-005  +-    8.2286439281470275E-007  fb   1.7555845678234112     
 pentagons for different PHASESPACE:
   7.3627892774530704E-002  +-    1.3809673416128679E-004  fb  0.18756035105361199     
   1.4377339659216791E-003  +-    3.8823623803670839E-005  fb   2.7003343263704855     
   1.4394512294484004E-003  +-    3.8729848517194693E-005  fb   2.6905981755308250     
   1.0552381577782197E-005  +-    2.9976553145077437E-006  fb   28.407381712003662     
   
 TOTAL VIRTUAL CONTRIBUTIONS:
 TOTAL borntype:
   4.0394934209547699        1.9863311729644757E-003   4.9172779008883463E-002  %
 TOTAL boxes:
   7.1658054350006301E-002   1.8255373287993871E-004  0.25475675349525123       %
 TOTAL pentagons:
   7.6515630351478556E-002   1.4861685252625799E-004  0.19423071056668903       %
  
  
  REAL EMISSION for different PHASESPACE:
  0.19179723831355822        1.4030789951579106E-003  0.73154285614065928       %
  0.19748584481609405        1.1667426096832465E-003  0.59079809531146865       %
  0.19598110772652083        1.2196436536687312E-003  0.62232715582497178       %
  0.10944774023876194        1.0483131747177946E-003  0.95782075758794405       %
  
  
  
 !!!!!!!!!!!!!!!!!!!!!!!!!!!!!!!!!!!!!!!!!!!!!!!!!!!!!!!!!!!!!!!!!!!!!!!!!!!!!!!!!!!!!!!!!!!!!!!!!!!!!!!!
   
  PROCESS:          520   :   p p -->  Z A A -->  e- e+ A A
   
  TOTAL result (LO):          3.2119405213596970       +-    6.6259129592479652E-004  fb     2.0629002670457440E-002 %
  NLO virtual result:         4.1876671056562547       +-    2.0002310773842209E-003  fb     4.7764806201584686E-002 %
  QCD real emission:         0.69471193109493501       +-    2.4323671881780343E-003  fb    0.35012601328789356      %
  TOTAL result (NLO):         4.8823790367511890       +-    3.1491799727958957E-003  fb     6.4500931801710529E-002 %
  K-Factor:                   1.5200714347862059     
 !!!!!!!!!!!!!!!!!!!!!!!!!!!!!!!!!!!!!!!!!!!!!!!!!!!!!!!!!!!!!!!!!!!!!!!!!!!!!!!!!!!!!!!!!!!!!!!!!!!!!!!!
  
  
  Endtime: 2016-12-01T13:34:07+0100
  Runtime: 25:50:36 (93036 seconds)
