   
 -----------------------------------------------------------------
 VBFNLO, version 3.0.0 GIT 1571c2fe
 Comput. Phys. Commun. 180 (2009) 1661[arXiv:0811.4559 [hep-ph]]
 arXiV:1107.4038, arXiV:1207.4975, arXiv:1404.3940
 http://www.itp.kit.edu/vbfnlo
 -----------------------------------------------------------------
 Process-specific references (please cite as well if appropriate):
 G. Bozzi, F. Campanario, M. Rauch, D. Zeppenfeld
 Phys.Rev. D84 (2011) 074028, e-Print: arXiv:1107.3149 [hep-ph]
 
 -----------------------------------------------------------------
   
   
  
        Information on global parameters
 -----------------------------------------------
   PROCESS               =      520
   LOPROCESS_PLUS_JET    =        F
   KK_MOD                =        F
   ANOM_CPL              =        F
   LEPTONS               =    11  -11
   LO_ITERATIONS         =        1
   NLO_ITERATIONS        =        1
   LO_POINTS             =       10
   NLO_POINTS            =       10
   NLO_SWITCH            =        T
   EWCOR_SWITCH          =        F
   FERMIONLOOP           =        3
   LHA_SWITCH            =        F
   HEPMC_SWITCH          =        F
   LO_GRID               = grid2_1                                           
                           grid2_2                                           
                           grid2_3                                           
                           grid2_4                                           
   NLO_GRID              = grid3_1                                           
                           grid3_2                                           
                           grid3_3                                           
                           grid3_4                                           
   PHTN_GRID             = grid4_1                                           
                           grid4_2                                           
                           grid4_3                                           
                           grid4_4                                           
   FLOOP_GRID            = grid5_1                                           
                           grid5_2                                           
                           grid5_3                                           
                           grid5_4                                           
   ECM                   =  13600.0    
   BEAM1                 =        1
   BEAM2                 =        1
   ID_MUF                =        4
   ID_MUR                =        4
   MUF_USER              =  100.000    
   MUR_USER              =  100.000    
   XIF                   =  1.00000    
   XIR                   =  1.00000    
 Warning: cannot read value for key = SHOWTIMING. Using default value :  T
 
       information on the selected process 
 -----------------------------------------------
 
  pp -> Z A A -> l+ l- A A
 
 Z photon photon production with subsequent decay of the Z boson to leptons.
 Process is implemented at LO and NLO QCD.
 Anomalous couplings can be set in "anomV.dat".
 References: G. Bozzi, F. Campanario, M. Rauch, D. Zeppenfeld
 Phys.Rev. D84 (2011) 074028, e-Print: arXiv:1107.3149 [hep-ph]
 
             Information on PDF sets            
 -----------------------------------------------
 Initializing PDF set CT18
  
               Physics parameters
 -----------------------------------------------
   HTYPE                 =        0
   MODEL                 =        1
   ANOM_CPL              =        F
   KK_MOD                =        F
   SPIN2                 =        F
   HMASS                 =  125.000    
   HWIDTH                = -999.000    
   TOPMASS               =  172.500    
   BOTTOMMASS            =  4.85500    
   CHARMMASS             =  1.65000    
   TAU_MASS              =  1.77684    
   EWSCHEME              =        3
   FERMI_CONST           = 0.116637E-04
   WMASS                 =  80.3980    
   ZMASS                 =  91.1876    
   
 Running in the SM
   
 Higgs mass =   125.00000000000000     
   
   
  
 Information on scale setting in InitScales 
 -------------------------------------------
  
 Dynamical factorization scale chosen:
       invariant VVV mass 
 Dynamical value for alphas chosen:
 alphas = alpha(invariant VVV mass)
  
  
   Information on couplings, masses and widths
 ===============================================
  
   SM coupling parameters 
 ---------------------------
   G_Fermi                         : 0.000011663700
   SIN**2 of the weak mixing angle : 0.22264585
   Q.E.D. fine structure constant  : 1/132.34070    
   SU(2) coupling constant g       : 0.65305673
   U(1) coupling constant g'       : 0.34950127
   Q.C.D. LO alfas(MZ)             : 0.12980813
   Q.C.D. NLO alfas(MZ)            : 0.11798159
  
      particle masses
 ---------------------------
   mass of the Z0 boson            :   91.1876
   mass of the W+/- boson          :   80.3980
   mass of the Higgs boson         :  125.0000
   mass of the top quark           :  172.5000
   mass of the bottom quark at MH  :    2.8039
  (All other fermions have mass equal ZERO)
  
      particle widths
 ---------------------------
   total widths of Z0              :   2.508420 GeV
   total widths of W+ or W-        :   2.097673 GeV
   total widths of Higgs           :   0.004128 GeV
   total widths of top quark       :   1.342520 GeV
  
     branching ratios
 ---------------------------
   W -> lepton anti-lepton         : 10.8397227 %
   W -> massless quark anti-quark  : 33.7404159 %
   W -> top bottom                 :  0.0000000 %
  
   Z -> neutrino anti-neutrino     :  6.6129820 %
   Z -> charged lepton anti-lepton :  3.3460763 %
   Z -> up-type quark anti-quark   : 11.9908090 %
   Z -> down-type quark anti-quark : 15.3804024 %
   Z -> top anti-top               :  0.0000000 %
  
   H -> WW                         : 20.4628169 %
   H -> ZZ                         :  2.5390366 %
   H -> bottom anti-bottom         : 58.7489081 %
   H -> top anti-top               :  0.0000000 %
   H -> charm anti-charm           :  3.4901975 %
   H -> tau anti-tau               :  6.2665676 %
   H -> mu anti-mu                 :  0.0221853 %
   H -> gluon gluon                :  8.0504027 %
   H -> gamma gamma                :  0.2383715 %
   H -> Z gamma                    :  0.1815139 %
  
 Warning: cannot read value for key = MLL_OSONLY. Using default value :  T
 Warning: cannot read value for key = PTMISS_MIN. Using default value :    0.0000000000000000     
 Warning: cannot read value for key = EXISOLCUT. Using default value :    1.0000000000000000     
 Warning: cannot read value for key = MJ_WINDOWV. Using default value :    0.0000000000000000     
 
          information on cut parameters
 -----------------------------------------------
 
 minimum jet pt        (PT_JET_MIN):     30.00   
 maximum jet rapidity                 (Y_JET_MAX):    4.5000000000000000     
 maximum parton pseudorapidity          (Y_P_MAX):    5.0000000000000000     
 minimum jet-jet R-separation           (RJJ_MIN):   0.80000000000000004     
 minimum number of jets                (NJET_MIN):            0
 single jet from hadronic decay (SINGLE_DECAYJET):            0
 exponent of generalised kT algorithm (PGENKTJET):    1.0000000000000000     
 minimum lepton-lepton R-separation     (RLL_MIN):    0.0000000000000000     
 maximum lepton-lepton R-separation     (RLL_MAX):    50.000000000000000     
 minimum jet-lepton R-separation        (RJL_MIN):   0.40000000000000002     
 minimum jet-photon R-separation        (RJG_MIN):   0.69999999999999996     
 minimum lepton-photon R-separation     (RLG_MIN):   0.40000000000000002     
 minimum photon-photon R-separation     (RGG_MIN):   0.40000000000000002     
 maximum photon-photon R-separation     (RGG_MAX):    50.000000000000000     
 maximum lepton rapidity                (Y_L_MAX):    2.5000000000000000     
 minimum lepton pt       (PT_L_MIN):     20.00    20.00   
 minimum invariant dilepton mass        (MLL_MIN):    15.000000000000000     
 maximum invariant dilepton mass        (MLL_MAX):    14000.000000000000     
 m_ll cuts only on opposite-sign l   (MLL_OSONLY):  T
 maximum photon rapidity                (Y_G_MAX):    2.5000000000000000     
 minimum photon pt       (PT_G_MIN):     20.00    20.00   
 photon isolation cut                 (PHISOLCUT):   0.69999999999999996     
 efficiency of photon isolation cut   (EFISOLCUT):    1.0000000000000000     
 exponent of photon isolation cut   (EXISOLCUT):    1.0000000000000000     
 minimum invariant lepton-photon mass   (MLG_MIN):    0.0000000000000000     
 maximum invariant lepton-photon mass   (MLG_MAX):    1.0000000000000000E+020
 minimal missing transverse momentum (PTMISS_MIN):    0.0000000000000000     
 minimum jet rapidity separation      (ETAJJ_MIN):    0.0000000000000000     
 tagging jets in opposite hemispheres     (YSIGN):    F
 leptons fall inside rapidity gap     (LRAPIDGAP):    F
 min leptons y-dist from tagging jets   (DELY_JL):    0.0000000000000000     
 photons fall inside rapidity gap     (GRAPIDGAP):    T
 min photons y-dist from tagging jets   (DELY_JG):    0.0000000000000000     
 dijet min mass cut on tag jets        (MDIJ_MIN):    600.00000000000000     
 dijet max mass cut on tag jets        (MDIJ_MAX):    14000.000000000000     
 excluded jet-m window               (MJ_WINDOWV):    85.792800000000000        85.792800000000000     
 veto criteria for jets                   (JVETO):    F
 minimum veto-tag y-dist             (DELY_JVETO):    0.0000000000000000     
 maximum |y| for veto jet             (YMAX_VETO):    3.0000000000000000     
 minimum pT for veto jet             (PTMIN_VETO):    50.000000000000000     
 

 --------------------PHASE SPACE--------------------

 boson has mass    91.19 GeV and width     2.5084 GeV
 integration range for boson   2 =      0.032  to     9616.652 GeV
 boson has mass     0.00 GeV and width     0.0000 GeV
 integration range for boson   1 =      0.032  to     9616.652 GeV
 boson has mass     0.00 GeV and width     0.0000 GeV
 integration range for boson   1 =      0.032  to     9616.652 GeV

 machine energy =    13600.0  GeV

 ---------------------------------------------------

  Open error on file random.dat
  Using default values.
  Random number generator initialized with seed =            0
 
          information on histogram config
 -----------------------------------------------
 
  Open error on file histograms.dat
  Using default values.
 SMEARING           =      T
 SMEAR_VALUE        =       0.10000000000000001     
 CALC_ERROR_GNUPLOT =      F
 CALC_ERROR_ROOT    =      F
 CALC_ERROR_1D      =      T
 CALC_ERROR_2D      =      F
 
HIST_ID1      =      0.00    250.00  # dS/dpT_j (fb/GeV)
HIST_ID2      =      0.00    500.00  # dS/dpTmax_j (fb/GeV)
HIST_ID3      =      0.00    200.00  # dS/dpTmin_j (fb/GeV)
HIST_ID4      =     -5.00      5.00  # dS/dy_j (fb)
HIST_ID5      =     -5.00      5.00  # dS/dy_j1 (fb)
HIST_ID6      =     -5.00      5.00  # dS/dy_j2 (fb)
HIST_ID7      =      0.00    500.00  # dS/dpTmax_l (fb/GeV)
HIST_ID8      =      0.00    200.00  # dS/dpTmin_l (fb/GeV)
HIST_ID9      =      0.00      5.00  # dS/d|eta|max_l (fb)
HIST_ID10     =      0.00      5.00  # dS/d|eta|min_l (fb)
HIST_ID11     =   -180.00    180.00  # dS/dPhi_jj (fb)
2DHIST_ID1    =      0.00      6.00      0.00    800.00  # d2S/dy_jj dm_jj (fb/GeV)
 
 -----------------------------------------------
 
Starttime: 2024-04-30T14:53:29+0200
  
 PHASE SPACE           1
  

 MONACO input parameters:
 ndim =  9,  ncall =    2048,   rtype = 0
 nprn =  0,  acc = -1.0E+0,  alph =  8.75E-1,  nd = 48,  mds =  0

 MONACO:  continuing with uniform grid
  
 ZAA (Z->l+l-) amplitude square information:
 -----------------------------------------------
  
  precalculated tensors initialized to                (0.0000000000000000,0.0000000000000000)
  External b-quark contributions are included

 iteration  1:
 integral =  2.185797E+00,  sigma = 9.266E-01
 efficacy = 1.545E-03,  raw efficacy = 1.545E-03
 f_positive = 3.223E-2,  f_zero = 9.678E-1,  f_negative = 0.000E+0
 accumulated statistics:
 integral =  2.185797E+00,  sigma = 9.266E-01,  chi^2/iteration = 8.882E-16

 MONACO:  grid written to file grid2_1.out.1
 
  result (LO):    2.1857974887516365       +-   0.92660982679317538       fb     42.392299907087249      %
 
  
 PHASE SPACE           2
  

 MONACO input parameters:
 ndim =  9,  ncall =    1024,   rtype = 0
 nprn =  0,  acc = -1.0E+0,  alph =  8.75E-1,  nd = 48,  mds =  0

 MONACO:  continuing with uniform grid

 iteration  1:
 integral =  8.641190E-02,  sigma = 6.449E-02
 efficacy = 1.428E-03,  raw efficacy = 1.428E-03
 f_positive = 4.883E-3,  f_zero = 9.951E-1,  f_negative = 0.000E+0
 accumulated statistics:
 integral =  8.641190E-02,  sigma = 6.449E-02,  chi^2/iteration = 0.000E+00

 MONACO:  grid written to file grid2_2.out.1
 
  result (LO):    8.6411901275169678E-002  +-    6.4494793034678255E-002  fb     74.636470304363883      %
 
  
 PHASE SPACE           3
  

 MONACO input parameters:
 ndim =  9,  ncall =    1024,   rtype = 0
 nprn =  0,  acc = -1.0E+0,  alph =  8.75E-1,  nd = 48,  mds =  0

 MONACO:  continuing with uniform grid

 iteration  1:
 integral =  1.440145E-01,  sigma = 9.762E-02
 efficacy = 1.572E-03,  raw efficacy = 1.572E-03
 f_positive = 4.883E-3,  f_zero = 9.951E-1,  f_negative = 0.000E+0
 accumulated statistics:
 integral =  1.440145E-01,  sigma = 9.762E-02,  chi^2/iteration = 0.000E+00

 MONACO:  grid written to file grid2_3.out.1
 
  result (LO):   0.14401448070325323       +-    9.7619969252153521E-002  fb     67.784828841832095      %
 
  
 PHASE SPACE           4
  

 MONACO input parameters:
 ndim =  9,  ncall =    1024,   rtype = 0
 nprn =  0,  acc = -1.0E+0,  alph =  8.75E-1,  nd = 48,  mds =  0

 MONACO:  continuing with uniform grid

 iteration  1:
 integral =  0.000000E+00,  sigma = 0.000E+00
 efficacy = 0.000E+00,  raw efficacy = 0.000E+00
 f_positive = 0.000E+0,  f_zero = 1.000E+0,  f_negative = 0.000E+0
 accumulated statistics:
 integral =  0.000000E+00,  sigma = 0.000E+00,  chi^2/iteration = 0.000E+00

 MONACO:  grid written to file grid2_4.out.1
 
  result (LO):    0.0000000000000000       +-    0.0000000000000000       fb                         NaN %
 
 
  Total (multi-channel) result (LO):    2.4162238707300592       +-   0.93396734837737017       fb     38.654007175881972      %
  
   
 Initialising FF ..
   
 ====================================================
   FF 2.0, a package to evaluate one-loop integrals
 written by G. J. van Oldenborgh, NIKHEF-H, Amsterdam
 ====================================================
 for the algorithms used see preprint NIKHEF-H 89/17,
 'New Algorithms for One-loop Integrals', by G.J. van
 Oldenborgh and J.A.M. Vermaseren, published in 
 Zeitschrift fuer Physik C46(1990)425.
 ====================================================
  
 PHASE SPACE            1
  

 MONACO input parameters:
 ndim =  9,  ncall =    2048,   rtype = 0
 nprn =  0,  acc = -1.0E+0,  alph =  8.75E-1,  nd = 48,  mds =  0

 MONACO:  continuing with uniform grid

 iteration  1:
 integral =  1.395180E+00,  sigma = 4.768E-01
 efficacy = 2.035E-03,  raw efficacy = 2.035E-03
 f_positive = 3.955E-2,  f_zero = 9.604E-1,  f_negative = 0.000E+0
 accumulated statistics:
 integral =  1.395180E+00,  sigma = 4.768E-01,  chi^2/iteration = 0.000E+00

 MONACO:  grid written to file grid2_1.vout.1
  
  result for virtual contribution, no.            1
  sigma =    1.3951796346970171       +-   0.47684690828090132       fb  
  
 total result for virtual contns so far 
  sigma =    1.3951796346970171       +-   0.47684690828090132       fb
  

 MONACO input parameters:
 ndim =  9,  ncall =     512,   rtype = 0
 nprn =  0,  acc = -1.0E+0,  alph =  8.75E-1,  nd = 48,  mds =  0

 MONACO:  continuing with uniform grid

 iteration  1:
 integral =  7.445989E-03,  sigma = 6.727E-03
 efficacy = 2.169E-03,  raw efficacy = 2.169E-03
 f_positive = 2.148E-2,  f_zero = 9.629E-1,  f_negative = 1.562E-2
 accumulated statistics:
 integral =  7.445989E-03,  sigma = 6.727E-03,  chi^2/iteration = 2.220E-16

 MONACO:  grid written to file grid2_1.vout.2
  
  result for virtual contribution, no.            2
  sigma =    7.4459888483780204E-003  +-    6.7268271040851800E-003  fb  
  Box instabilites           0
           total calls           0
           instabilities [%]   0.0000000000000000     
  
 total result for virtual contns so far 
  sigma =    1.4026256235453951       +-   0.47689435322715090       fb
  

 MONACO input parameters:
 ndim =  9,  ncall =     128,   rtype = 0
 nprn =  0,  acc = -1.0E+0,  alph =  8.75E-1,  nd = 48,  mds =  0

 MONACO:  continuing with uniform grid

 iteration  1:
 integral =  4.332198E-02,  sigma = 3.305E-02
 efficacy = 1.064E-02,  raw efficacy = 1.064E-02
 f_positive = 4.688E-2,  f_zero = 9.531E-1,  f_negative = 0.000E+0
 accumulated statistics:
 integral =  4.332198E-02,  sigma = 3.305E-02,  chi^2/iteration = 2.220E-16

 MONACO:  grid written to file grid2_1.vout.3
  
  result for virtual contribution, no.            3
  sigma =    4.3321982355928261E-002  +-    3.3045300463067057E-002  fb  
  Pentagon instabilites           0
           total calls          12
           instabilities [%]   0.0000000000000000     
  
 total result for virtual contns so far 
  sigma =    1.4459476059013234       +-   0.47803788136782316       fb
  
  
 PHASE SPACE            2
  

 MONACO input parameters:
 ndim =  9,  ncall =     256,   rtype = 0
 nprn =  0,  acc = -1.0E+0,  alph =  8.75E-1,  nd = 48,  mds =  0

 MONACO:  continuing with uniform grid

 iteration  1:
 integral =  3.834068E-04,  sigma = 3.834E-04
 efficacy = 3.906E-03,  raw efficacy = 3.906E-03
 f_positive = 3.906E-3,  f_zero = 9.961E-1,  f_negative = 0.000E+0
 accumulated statistics:
 integral =  3.834068E-04,  sigma = 3.834E-04,  chi^2/iteration = 0.000E+00

 MONACO:  grid written to file grid2_2.vout.1
  
  result for virtual contribution, no.            1
  sigma =    3.8340677694440040E-004  +-    3.8340677694440040E-004  fb  
  
 total result for virtual contns so far 
  sigma =    3.8340677694440040E-004  +-    3.8340677694440040E-004  fb
  

 MONACO input parameters:
 ndim =  9,  ncall =      64,   rtype = 0
 nprn =  0,  acc = -1.0E+0,  alph =  8.75E-1,  nd = 48,  mds =  0

 MONACO:  continuing with uniform grid

 iteration  1:
 integral =  0.000000E+00,  sigma = 0.000E+00
 efficacy = 0.000E+00,  raw efficacy = 0.000E+00
 f_positive = 0.000E+0,  f_zero = 1.000E+0,  f_negative = 0.000E+0
 accumulated statistics:
 integral =  0.000000E+00,  sigma = 0.000E+00,  chi^2/iteration = 0.000E+00

 MONACO:  grid written to file grid2_2.vout.2
  
  result for virtual contribution, no.            2
  sigma =    0.0000000000000000       +-    0.0000000000000000       fb  
  Box instabilites           0
           total calls           0
           instabilities [%]   0.0000000000000000     
  
 total result for virtual contns so far 
  sigma =    3.8340677694440040E-004  +-    3.8340677694440040E-004  fb
  

 MONACO input parameters:
 ndim =  9,  ncall =      32,   rtype = 0
 nprn =  0,  acc = -1.0E+0,  alph =  8.75E-1,  nd = 48,  mds =  0

 MONACO:  continuing with uniform grid

 iteration  1:
 integral = -4.509797E-05,  sigma = 4.510E-05
 efficacy = 3.125E-02,  raw efficacy = 3.125E-02
 f_positive = 0.000E+0,  f_zero = 9.688E-1,  f_negative = 3.125E-2
 accumulated statistics:
 integral = -4.509797E-05,  sigma = 4.510E-05,  chi^2/iteration = 0.000E+00

 MONACO:  grid written to file grid2_2.vout.3
  
  result for virtual contribution, no.            3
  sigma =   -4.5097970584532252E-005  +-    4.5097970584532252E-005  fb  
  Pentagon instabilites           0
           total calls           2
           instabilities [%]   0.0000000000000000     
  
 total result for virtual contns so far 
  sigma =    3.3830880635986815E-004  +-    3.8604997546656643E-004  fb
  
  
 PHASE SPACE            3
  

 MONACO input parameters:
 ndim =  9,  ncall =     256,   rtype = 0
 nprn =  0,  acc = -1.0E+0,  alph =  8.75E-1,  nd = 48,  mds =  0

 MONACO:  continuing with uniform grid

 iteration  1:
 integral =  9.208835E-01,  sigma = 9.209E-01
 efficacy = 3.906E-03,  raw efficacy = 3.906E-03
 f_positive = 3.906E-3,  f_zero = 9.961E-1,  f_negative = 0.000E+0
 accumulated statistics:
 integral =  9.208835E-01,  sigma = 9.209E-01,  chi^2/iteration = 2.220E-16

 MONACO:  grid written to file grid2_3.vout.1
  
  result for virtual contribution, no.            1
  sigma =   0.92088345501293623       +-   0.92088345501293634       fb  
  
 total result for virtual contns so far 
  sigma =   0.92088345501293623       +-   0.92088345501293634       fb
  

 MONACO input parameters:
 ndim =  9,  ncall =      64,   rtype = 0
 nprn =  0,  acc = -1.0E+0,  alph =  8.75E-1,  nd = 48,  mds =  0

 MONACO:  continuing with uniform grid

 iteration  1:
 integral =  0.000000E+00,  sigma = 0.000E+00
 efficacy = 0.000E+00,  raw efficacy = 0.000E+00
 f_positive = 0.000E+0,  f_zero = 1.000E+0,  f_negative = 0.000E+0
 accumulated statistics:
 integral =  0.000000E+00,  sigma = 0.000E+00,  chi^2/iteration = 0.000E+00

 MONACO:  grid written to file grid2_3.vout.2
  
  result for virtual contribution, no.            2
  sigma =    0.0000000000000000       +-    0.0000000000000000       fb  
  Box instabilites           0
           total calls           0
           instabilities [%]   0.0000000000000000     
  
 total result for virtual contns so far 
  sigma =   0.92088345501293623       +-   0.92088345501293634       fb
  

 MONACO input parameters:
 ndim =  9,  ncall =      32,   rtype = 0
 nprn =  0,  acc = -1.0E+0,  alph =  8.75E-1,  nd = 48,  mds =  0

 MONACO:  continuing with uniform grid

 iteration  1:
 integral =  0.000000E+00,  sigma = 0.000E+00
 efficacy = 0.000E+00,  raw efficacy = 0.000E+00
 f_positive = 0.000E+0,  f_zero = 1.000E+0,  f_negative = 0.000E+0
 accumulated statistics:
 integral =  0.000000E+00,  sigma = 0.000E+00,  chi^2/iteration = 0.000E+00

 MONACO:  grid written to file grid2_3.vout.3
  
  result for virtual contribution, no.            3
  sigma =    0.0000000000000000       +-    0.0000000000000000       fb  
  Pentagon instabilites           0
           total calls           0
           instabilities [%]   0.0000000000000000     
  
 total result for virtual contns so far 
  sigma =   0.92088345501293623       +-   0.92088345501293634       fb
  
  
 PHASE SPACE            4
  

 MONACO input parameters:
 ndim =  9,  ncall =      64,   rtype = 0
 nprn =  0,  acc = -1.0E+0,  alph =  8.75E-1,  nd = 48,  mds =  0

 MONACO:  continuing with uniform grid

 iteration  1:
 integral =  0.000000E+00,  sigma = 0.000E+00
 efficacy = 0.000E+00,  raw efficacy = 0.000E+00
 f_positive = 0.000E+0,  f_zero = 1.000E+0,  f_negative = 0.000E+0
 accumulated statistics:
 integral =  0.000000E+00,  sigma = 0.000E+00,  chi^2/iteration = 0.000E+00

 MONACO:  grid written to file grid2_4.vout.1
  
  result for virtual contribution, no.            1
  sigma =    0.0000000000000000       +-    0.0000000000000000       fb  
  
 total result for virtual contns so far 
  sigma =    0.0000000000000000       +-    0.0000000000000000       fb
  

 MONACO input parameters:
 ndim =  9,  ncall =      32,   rtype = 0
 nprn =  0,  acc = -1.0E+0,  alph =  8.75E-1,  nd = 48,  mds =  0

 MONACO:  continuing with uniform grid

 iteration  1:
 integral =  0.000000E+00,  sigma = 0.000E+00
 efficacy = 0.000E+00,  raw efficacy = 0.000E+00
 f_positive = 0.000E+0,  f_zero = 1.000E+0,  f_negative = 0.000E+0
 accumulated statistics:
 integral =  0.000000E+00,  sigma = 0.000E+00,  chi^2/iteration = 0.000E+00

 MONACO:  grid written to file grid2_4.vout.2
  
  result for virtual contribution, no.            2
  sigma =    0.0000000000000000       +-    0.0000000000000000       fb  
  Box instabilites           0
           total calls           0
           instabilities [%]   0.0000000000000000     
  
 total result for virtual contns so far 
  sigma =    0.0000000000000000       +-    0.0000000000000000       fb
  

 MONACO input parameters:
 ndim =  9,  ncall =       8,   rtype = 0
 nprn =  0,  acc = -1.0E+0,  alph =  8.75E-1,  nd = 48,  mds =  0

 MONACO:  continuing with uniform grid

 iteration  1:
 integral =  0.000000E+00,  sigma = 0.000E+00
 efficacy = 0.000E+00,  raw efficacy = 0.000E+00
 f_positive = 0.000E+0,  f_zero = 1.000E+0,  f_negative = 0.000E+0
 accumulated statistics:
 integral =  0.000000E+00,  sigma = 0.000E+00,  chi^2/iteration = 0.000E+00

 MONACO:  grid written to file grid2_4.vout.3
  
  result for virtual contribution, no.            3
  sigma =    0.0000000000000000       +-    0.0000000000000000       fb  
  Pentagon instabilites           0
           total calls           0
           instabilities [%]   0.0000000000000000     
  
 total result for virtual contns so far 
  sigma =    0.0000000000000000       +-    0.0000000000000000       fb
  
 
  Total (multi-channel) result (NLO virtual):    2.3671693697206195       +-    1.0375676858758580       fb     43.831577881489522      %
 
   
 Summary for FF ..
   
 
total number of errors and warnings
===================================
vbffferr: no errors
the warning system has been disabled
 
  
 PHASE SPACE            1
  

 MONACO input parameters:
 ndim = 12,  ncall =    2048,   rtype = 0
 nprn =  0,  acc = -1.0E+0,  alph =  8.75E-1,  nd = 48,  mds =  0

 MONACO:  continuing with uniform grid
  
 Z A A j (Z -> l+ l-) amplitude square information:
 -----------------------------------------------
  
  precalculated tensors initialized to                (0.0000000000000000,0.0000000000000000)
  External b-quark contributions are included
  
  creal =   -6.5797362673929038       cvirtual =    5.1594725347858095     
  

 iteration  1:
 integral = -7.322872E-02,  sigma = 1.839E-01
 efficacy = 2.064E-04,  raw efficacy = 2.064E-04
 f_positive = 2.637E-2,  f_zero = 9.438E-1,  f_negative = 2.979E-2
 accumulated statistics:
 integral = -7.322872E-02,  sigma = 1.839E-01,  chi^2/iteration = 0.000E+00

 MONACO:  grid written to file grid3_1.out.1
 
  result for real emissions 
  sigma =   -7.3228722651899905E-002  +-   0.18387294216235373       fb
  
  
 PHASE SPACE            2
  

 MONACO input parameters:
 ndim = 12,  ncall =    1024,   rtype = 0
 nprn =  0,  acc = -1.0E+0,  alph =  8.75E-1,  nd = 48,  mds =  0

 MONACO:  continuing with uniform grid

 iteration  1:
 integral = -3.366480E-02,  sigma = 2.475E-02
 efficacy = 1.467E-03,  raw efficacy = 1.467E-03
 f_positive = 7.812E-3,  f_zero = 9.795E-1,  f_negative = 1.270E-2
 accumulated statistics:
 integral = -3.366480E-02,  sigma = 2.475E-02,  chi^2/iteration = 2.220E-16

 MONACO:  grid written to file grid3_2.out.1
 
  result for real emissions 
  sigma =   -3.3664797452662619E-002  +-    2.4750390676914501E-002  fb
  
  
 PHASE SPACE            3
  

 MONACO input parameters:
 ndim = 12,  ncall =    1024,   rtype = 0
 nprn =  0,  acc = -1.0E+0,  alph =  8.75E-1,  nd = 48,  mds =  0

 MONACO:  continuing with uniform grid

 iteration  1:
 integral = -8.700340E-02,  sigma = 1.564E-01
 efficacy = 6.310E-04,  raw efficacy = 6.310E-04
 f_positive = 6.836E-3,  f_zero = 9.824E-1,  f_negative = 1.074E-2
 accumulated statistics:
 integral = -8.700340E-02,  sigma = 1.564E-01,  chi^2/iteration = 5.551E-17

 MONACO:  grid written to file grid3_3.out.1
 
  result for real emissions 
  sigma =   -8.7003401327866214E-002  +-   0.15642679996696196       fb
  
  
 PHASE SPACE            4
  

 MONACO input parameters:
 ndim = 12,  ncall =    1024,   rtype = 0
 nprn =  0,  acc = -1.0E+0,  alph =  8.75E-1,  nd = 48,  mds =  0

 MONACO:  continuing with uniform grid

 iteration  1:
 integral =  9.154665E-03,  sigma = 9.148E-03
 efficacy = 9.773E-04,  raw efficacy = 9.773E-04
 f_positive = 1.953E-3,  f_zero = 9.980E-1,  f_negative = 0.000E+0
 accumulated statistics:
 integral =  9.154665E-03,  sigma = 9.148E-03,  chi^2/iteration = 2.220E-16

 MONACO:  grid written to file grid3_4.out.1
 
  result for real emissions 
  sigma =    9.1546647936809715E-003  +-    9.1480809673258143E-003  fb
  
 
  Total (multi-channel) result (NLO real):  -0.18474225663874777       +-   0.24284742500464948       fb    -131.45201830002696      %
 
  
  final result at NLO 
  sigma =    2.1824271130818720       +-    1.0656085466085434       fb   48.826764487166081      %
  
  Box instabilites           0
           total calls           0
           instabilities [%]   0.0000000000000000     
  FBox instabilites           0
           total calls           0
           instabilities [%]   0.0000000000000000     
  Pentagon instabilites           0
           total calls          14
           instabilities [%]   0.0000000000000000     
  Hexagon instabilites           0
           total calls           0
           instabilities [%]   0.0000000000000000     
 LO for different PHASESPACE:
   2.1857974887516365       +-   0.92660982679317538       fb   42.392299907087249     
   8.6411901275169678E-002  +-    6.4494793034678255E-002  fb   74.636470304363883     
  0.14401448070325323       +-    9.7619969252153521E-002  fb   67.784828841832095     
   0.0000000000000000       +-    0.0000000000000000       fb                       NaN
 
  
  
 VIRTUAL CONTRIBUTIONS for different PHASESPACE:
  borntype for different PHASESPACE:
   1.3951796346970171       +-   0.47684690828090132       fb   34.178172933584669     
   3.8340677694440040E-004  +-    3.8340677694440040E-004  fb   99.999999999999986     
  0.92088345501293623       +-   0.92088345501293634       fb   100.00000000000001     
   0.0000000000000000       +-    0.0000000000000000       fb                       NaN
  boxes for different PHASESPACE:
   7.4459888483780204E-003  +-    6.7268271040851800E-003  fb   90.341622060722031     
   0.0000000000000000       +-    0.0000000000000000       fb                       NaN
   0.0000000000000000       +-    0.0000000000000000       fb                       NaN
   0.0000000000000000       +-    0.0000000000000000       fb                       NaN
 pentagons for different PHASESPACE:
   4.3321982355928261E-002  +-    3.3045300463067057E-002  fb   76.278366468945933     
  -4.5097970584532252E-005  +-    4.5097970584532252E-005  fb  -100.00000000000000     
   0.0000000000000000       +-    0.0000000000000000       fb                       NaN
   0.0000000000000000       +-    0.0000000000000000       fb                       NaN
   
 TOTAL VIRTUAL CONTRIBUTIONS:
 TOTAL borntype:
   2.3164464964868978        1.0370195073644342        44.767686581026965       %
 TOTAL boxes:
   7.4459888483780204E-003   6.7268271040851800E-003   90.341622060722031       %
 TOTAL pentagons:
   4.3276884385343731E-002   3.3045331236368790E-002   76.357925728036037       %
  
  
  REAL EMISSION for different PHASESPACE:
  -7.3228722651899905E-002  0.18387294216235373       -251.09401817154756       %
  -3.3664797452662619E-002   2.4750390676914501E-002  -73.520093836052297       %
  -8.7003401327866214E-002  0.15642679996696196       -179.79389033019356       %
   9.1546647936809715E-003   9.1480809673258143E-003   99.928082278231514       %
  
  
  
 !!!!!!!!!!!!!!!!!!!!!!!!!!!!!!!!!!!!!!!!!!!!!!!!!!!!!!!!!!!!!!!!!!!!!!!!!!!!!!!!!!!!!!!!!!!!!!!!!!!!!!!!
   
  PROCESS:          520   :   p p -->  Z A A -->  e- e+ A A
   
  TOTAL result (LO):        2.41622387073006  +-    0.93396734837737 fb   38.65400717588197 %
  NLO virtual result:       2.36716936972062  +-    1.03756768587586 fb   43.83157788148952 %
  QCD real emission:       -0.18474225663875  +-    0.24284742500465 fb -131.45201830002696 %
  TOTAL result (NLO):       2.18242711308187  +-    1.06560854660854 fb   48.82676448716608 %
  K-Factor:                 0.90323878491542853     
 !!!!!!!!!!!!!!!!!!!!!!!!!!!!!!!!!!!!!!!!!!!!!!!!!!!!!!!!!!!!!!!!!!!!!!!!!!!!!!!!!!!!!!!!!!!!!!!!!!!!!!!!
  
  
  Endtime: 2024-04-30T14:53:29+0200
  Runtime: 0:00:00 (0 seconds)
