   
 -----------------------------------------------------------------
 VBFNLO, version 3.0.0 beta2 GIT a9d9ebca
 Comput. Phys. Commun. 180 (2009) 1661[arXiv:0811.4559 [hep-ph]]
 arXiV:1107.4038, arXiV:1207.4975, arXiv:1404.3940
 http://www.itp.kit.edu/vbfnlo
 -----------------------------------------------------------------
 Process-specific references (please cite as well if appropriate):
 G. Bozzi, F. Campanario, V. Hankele et al.
 Phys. Rev. D81 (2010) 094030, e-Print: arXiv:0911.0438 [hep-ph]
 B. Feigl, PhD-thesis, http://digbib.ubka.uni-karlsruhe.de/volltexte/1000037298
 
 -----------------------------------------------------------------
   
   
  
        Information on global parameters
 -----------------------------------------------
   PROCESS               =      461
   LOPROCESS_PLUS_JET    =        F
   KK_MOD                =        F
   ANOM_CPL              =        F
   LEPTONS               =    98
   DECAY_QUARKS          =    93
   LO_ITERATIONS         =        1
   NLO_ITERATIONS        =        1
   LO_POINTS             =       10
   NLO_POINTS            =       10
   NLO_SWITCH            =        T
   EWCOR_SWITCH          =        F
   FERMIONLOOP           =        3
   NLO_SEMILEP_DECAY     =        0
   LHA_SWITCH            =        F
   HEPMC_SWITCH          =        F
   LO_GRID               = grid2_1                                           
                           grid2_2                                           
                           grid2_3                                           
   NLO_GRID              = grid3_1                                           
                           grid3_2                                           
                           grid3_3                                           
   PHTN_GRID             = grid4_1                                           
                           grid4_2                                           
                           grid4_3                                           
   FLOOP_GRID            = grid5_1                                           
                           grid5_2                                           
                           grid5_3                                           
   ECM                   =  8000.00    
   BEAM1                 =        1
   BEAM2                 =        1
   ID_MUF                =        4
   ID_MUR                =        4
   MUF_USER              =  100.000    
   MUR_USER              =  100.000    
   XIF                   =  1.00000    
   XIR                   =  1.00000    
 Warning: cannot read value for key = SHOWTIMING. Using default value :  T
 
       information on the selected process 
 -----------------------------------------------
 
  pp -> W+ W- A -> q q~ l- vl~ A
 
 W+ W- photon production with subsequent decay of the W+ boson to quarks and the
 W- boson to leptons.
 Process is implemented at LO and NLO QCD.
 Anomalous couplings can be set in "anomV.dat".
 References: G. Bozzi, F. Campanario, V. Hankele et al.
 Phys. Rev. D81 (2010) 094030, e-Print: arXiv:0911.0438 [hep-ph]
 B. Feigl, PhD-thesis, http://digbib.ubka.uni-karlsruhe.de/volltexte/1000037298
 
 Initializing PDF set CT10
  
               Physics parameters
 -----------------------------------------------
   HTYPE                 =        0
   MODEL                 =        1
   ANOM_CPL              =        F
   KK_MOD                =        F
   SPIN2                 =        F
   HMASS                 =  126.000    
   HWIDTH                = -999.000    
   TOPMASS               =  172.400    
   BOTTOMMASS            =  4.85500    
   CHARMMASS             =  1.65000    
   TAU_MASS              =  1.77684    
   EWSCHEME              =        3
   FERMI_CONST           = 0.116637E-04
   WMASS                 =  80.3980    
   ZMASS                 =  91.1876    
   
 Running in the SM
   
 Higgs mass =   126.00000000000000     
   
   
  
 Information on scale setting in InitScales 
 -------------------------------------------
  
 Dynamical factorization scale chosen:
       invariant VVV mass 
 Dynamical value for alphas chosen:
 alphas = alpha(invariant VVV mass)
 Initializing PDF set cteq6l1
  
  
  
  
   Information on couplings, masses and widths
 ===============================================
  
   SM coupling parameters 
 ---------------------------
   G_Fermi                         : 0.000011663700
   SIN**2 of the weak mixing angle : 0.22264585
   Q.E.D. fine structure constant  : 1/132.34070    
   SU(2) coupling constant g       : 0.65305673
   U(1) coupling constant g'       : 0.34950127
   Q.C.D. LO alfas(MZ)             : 0.12980813
   Q.C.D. NLO alfas(MZ)            : 0.11798159
  
      particle masses
 ---------------------------
   mass of the Z0 boson            :   91.1876
   mass of the W+/- boson          :   80.3980
   mass of the Higgs boson         :  126.0000
   mass of the top quark           :  172.4000
   mass of the bottom quark at MH  :    2.8020
  (All other fermions have mass equal ZERO)
  
      particle widths
 ---------------------------
   total widths of Z0              :   2.508420 GeV
   total widths of W+ or W-        :   2.097673 GeV
   total widths of Higgs           :   0.004266 GeV
   total widths of top quark       :   1.339784 GeV
  
     branching ratios
 ---------------------------
   W -> lepton anti-lepton         : 10.8397227 %
   W -> massless quark anti-quark  : 33.7404159 %
   W -> top bottom                 :  0.0000000 %
  
   Z -> neutrino anti-neutrino     :  6.6129820 %
   Z -> charged lepton anti-lepton :  3.3460763 %
   Z -> up-type quark anti-quark   : 11.9908090 %
   Z -> down-type quark anti-quark : 15.3804024 %
   Z -> top anti-top               :  0.0000000 %
  
   H -> WW                         : 22.0654221 %
   H -> ZZ                         :  2.7791171 %
   H -> bottom anti-bottom         : 57.2146401 %
   H -> top anti-top               :  0.0000000 %
   H -> charm anti-charm           :  3.3990464 %
   H -> tau anti-tau               :  6.1125329 %
   H -> mu anti-mu                 :  0.0216396 %
   H -> gluon gluon                :  7.9785074 %
   H -> gamma gamma                :  0.2385994 %
   H -> Z gamma                    :  0.1904951 %
  
 
          information on cut parameters
 -----------------------------------------------
 
 minimum jet pt        (PT_JET_MIN):     20.00    20.00    20.00   
 maximum jet rapidity                 (Y_JET_MAX):    4.5000000000000000     
 maximum parton pseudorapidity          (Y_P_MAX):    5.0000000000000000     
 minimum jet-jet R-separation           (RJJ_MIN):   0.80000000000000004     
 minimum number of jets                (NJET_MIN):            2
 single jet from hadronic decay (SINGLE_DECAYJET):            0
 exponent of generalised kT algorithm (PGENKTJET):    1.0000000000000000     
 minimum lepton-lepton R-separation     (RLL_MIN):   0.40000000000000002     
 maximum lepton-lepton R-separation     (RLL_MAX):    50.000000000000000     
 minimum jet-lepton R-separation        (RJL_MIN):   0.59999999999999998     
 minimum jet-photon R-separation        (RJG_MIN):   0.59999999999999998     
 minimum lepton-photon R-separation     (RLG_MIN):   0.59999999999999998     
 minimum photon-photon R-separation     (RGG_MIN):   0.59999999999999998     
 maximum photon-photon R-separation     (RGG_MAX):    50.000000000000000     
 maximum lepton rapidity                (Y_L_MAX):    2.5000000000000000     
 minimum lepton pt       (PT_L_MIN):     10.00   
 minimum invariant dilepton mass        (MLL_MIN):    15.000000000000000     
 maximum invariant dilepton mass        (MLL_MAX):    1.0000000000000000E+020
 m_ll cuts only on opposite-sign l   (MLL_OSONLY):  T
 maximum photon rapidity                (Y_G_MAX):    1.5000000000000000     
 minimum photon pt       (PT_G_MIN):     20.00   
 photon isolation cut                 (PHISOLCUT):   0.69999999999999996     
 efficiency of photon isolation cut   (EFISOLCUT):    1.0000000000000000     
 minimum invariant lepton-photon mass   (MLG_MIN):    0.0000000000000000     
 maximum invariant lepton-photon mass   (MLG_MAX):    1.0000000000000000E+020
 minimal missing transverse momentum (PTMISS_MIN):    0.0000000000000000     
 minimum jet rapidity separation      (ETAJJ_MIN):    0.0000000000000000     
 tagging jets in opposite hemispheres     (YSIGN):    F
 leptons fall inside rapidity gap     (LRAPIDGAP):    F
 min leptons y-dist from tagging jets   (DELY_JL):    0.0000000000000000     
 photons fall inside rapidity gap     (GRAPIDGAP):    F
 min photons y-dist from tagging jets   (DELY_JG):    0.0000000000000000     
 dijet min mass cut on tag jets        (MDIJ_MIN):    600.00000000000000     
 dijet max mass cut on tag jets        (MDIJ_MAX):    1.0000000000000000E+020
 veto criteria for jets                   (JVETO):    F
 minimum veto-tag y-dist             (DELY_JVETO):    0.0000000000000000     
 maximum |y| for veto jet             (YMAX_VETO):    4.5000000000000000     
 minimum pT for veto jet             (PTMIN_VETO):    50.000000000000000     
 definition of tagging jets          (DEF_TAGJET):            1
 minimal pt for harder tagging jet  (PTMIN_TAG_1):    20.000000000000000     
 minimal pt for softer tagging jet  (PTMIN_TAG_2):    20.000000000000000     
 mass reconst. cut for V -> had   (RECONST_HAD_V):            0
 mass range for RECONST_HAD_V      (V_MASS_RANGE):    20.000000000000000     
 

 --------------------PHASE SPACE--------------------

 boson has mass    80.40 GeV and width     2.0977 GeV
 integration range for boson   3 =      0.032  to     5656.854 GeV
 boson has mass    80.40 GeV and width     2.0977 GeV
 integration range for boson   4 =      0.032  to     5656.854 GeV
 boson has mass     0.00 GeV and width     0.0000 GeV
 integration range for boson   1 =      0.032  to     5656.854 GeV

 machine energy =     8000.0  GeV

 ---------------------------------------------------

  Open error on file random.dat
  Using default values.
  Random number generator initialized with seed =            0
 
          information on histogram config
 -----------------------------------------------
 
  Open error on file histograms.dat
  Using default values.
 SMEARING           =      F
 CALC_ERROR_GNUPLOT =      F
 CALC_ERROR_ROOT    =      F
 CALC_ERROR_1D      =      T
 CALC_ERROR_2D      =      F
 
HIST_ID1      =      0.00    250.00  # dS/dpT_j (fb/GeV)
HIST_ID2      =      0.00    500.00  # dS/dpTmax_j (fb/GeV)
HIST_ID3      =      0.00    200.00  # dS/dpTmin_j (fb/GeV)
HIST_ID4      =     -5.00      5.00  # dS/dy_j (fb)
HIST_ID5      =     -5.00      5.00  # dS/dy_j1 (fb)
HIST_ID6      =     -5.00      5.00  # dS/dy_j2 (fb)
HIST_ID7      =      0.00    500.00  # dS/dpTmax_l (fb/GeV)
HIST_ID8      =      0.00    200.00  # dS/dpTmin_l (fb/GeV)
HIST_ID9      =      0.00      5.00  # dS/d|eta|max_l (fb)
HIST_ID10     =      0.00      5.00  # dS/d|eta|min_l (fb)
HIST_ID11     =   -180.00    180.00  # dS/dPhi_jj (fb)
2DHIST_ID1    =      0.00      6.00      0.00    800.00  # d2S/dy_jj dm_jj (fb/GeV)
 
 -----------------------------------------------
 
 
 
Starttime: 2016-12-02T09:06:43+0100
  
 PHASE SPACE           1
  

 MONACO input parameters:
 ndim = 12,  ncall =    1024,   rtype = 0
 nprn =  0,  acc = -1.0E+0,  alph =  8.75E-1,  nd = 48,  mds =  0

 MONACO:  continuing with uniform grid
  
 W+W-A amplitude square information:
 -----------------------------------------------
  
  precalculated tensors initialized to  (  0.0000000000000000     ,  0.0000000000000000     )
  External b-quark contributions are excluded

 iteration  1:
 integral =  1.165206E+01,  sigma = 5.409E+00
 efficacy = 2.577E-03,  raw efficacy = 2.577E-03
 f_positive = 2.832E-2,  f_zero = 9.717E-1,  f_negative = 0.000E+0
 accumulated statistics:
 integral =  1.165206E+01,  sigma = 5.409E+00,  chi^2/iteration = 0.000E+00

 MONACO:  grid written to file grid2_1.out.1
 
  result (LO):    11.652061098943152       +-    5.4090432660003964       fb     46.421343143240122      %
 
  
 PHASE SPACE           2
  

 MONACO input parameters:
 ndim = 12,  ncall =    1024,   rtype = 0
 nprn =  0,  acc = -1.0E+0,  alph =  8.75E-1,  nd = 48,  mds =  0

 MONACO:  continuing with uniform grid

 iteration  1:
 integral =  6.908440E-02,  sigma = 6.908E-02
 efficacy = 9.766E-04,  raw efficacy = 9.766E-04
 f_positive = 2.930E-3,  f_zero = 9.971E-1,  f_negative = 0.000E+0
 accumulated statistics:
 integral =  6.908440E-02,  sigma = 6.908E-02,  chi^2/iteration = 0.000E+00

 MONACO:  grid written to file grid2_2.out.1
 
  result (LO):    6.9084398731342297E-002  +-    6.9082166165643583E-002  fb     99.996768350395001      %
 
  
 PHASE SPACE           3
  

 MONACO input parameters:
 ndim = 12,  ncall =    1024,   rtype = 0
 nprn =  0,  acc = -1.0E+0,  alph =  8.75E-1,  nd = 48,  mds =  0

 MONACO:  continuing with uniform grid

 iteration  1:
 integral =  2.751259E-01,  sigma = 1.535E-01
 efficacy = 2.152E-03,  raw efficacy = 2.152E-03
 f_positive = 2.441E-2,  f_zero = 9.756E-1,  f_negative = 0.000E+0
 accumulated statistics:
 integral =  2.751259E-01,  sigma = 1.535E-01,  chi^2/iteration = 4.441E-16

 MONACO:  grid written to file grid2_3.out.1
 
  result (LO):   0.27512593252510814       +-   0.15351721161891205       fb     55.798888243623487      %
 
 
  Total (multi-channel) result (LO):    11.996271430199602       +-    5.4116623077765693       fb     45.111202587106902      %
  
   
 Initialising FF ..
   
 ====================================================
   FF 2.0, a package to evaluate one-loop integrals
 written by G. J. van Oldenborgh, NIKHEF-H, Amsterdam
 ====================================================
 for the algorithms used see preprint NIKHEF-H 89/17,
 'New Algorithms for One-loop Integrals', by G.J. van
 Oldenborgh and J.A.M. Vermaseren, published in 
 Zeitschrift fuer Physik C46(1990)425.
 ====================================================
 Initializing PDF set CT10
  
 PHASE SPACE            1
  

 MONACO input parameters:
 ndim = 12,  ncall =    1024,   rtype = 0
 nprn =  0,  acc = -1.0E+0,  alph =  8.75E-1,  nd = 48,  mds =  0

 MONACO:  continuing with uniform grid

 iteration  1:
 integral =  4.489892E+00,  sigma = 1.789E+00
 efficacy = 2.979E-03,  raw efficacy = 2.979E-03
 f_positive = 2.734E-2,  f_zero = 9.727E-1,  f_negative = 0.000E+0
 accumulated statistics:
 integral =  4.489892E+00,  sigma = 1.789E+00,  chi^2/iteration = 0.000E+00

 MONACO:  grid written to file grid2_1.vout.1
  
  result for virtual contribution, no.            1
  sigma =    4.4898921052674909       +-    1.7887551310924126       fb  
  
 total result for virtual contns so far 
  sigma =    4.4898921052674909       +-    1.7887551310924126       fb
  

 MONACO input parameters:
 ndim = 12,  ncall =     256,   rtype = 0
 nprn =  0,  acc = -1.0E+0,  alph =  8.75E-1,  nd = 48,  mds =  0

 MONACO:  continuing with uniform grid

 iteration  1:
 integral = -6.571690E-03,  sigma = 4.938E-03
 efficacy = 7.088E-03,  raw efficacy = 7.088E-03
 f_positive = 7.812E-3,  f_zero = 9.805E-1,  f_negative = 1.172E-2
 accumulated statistics:
 integral = -6.571690E-03,  sigma = 4.938E-03,  chi^2/iteration = 2.220E-16

 MONACO:  grid written to file grid2_1.vout.2
  
  result for virtual contribution, no.            2
  sigma =   -6.5716897909183624E-003  +-    4.9375740363770491E-003  fb  
  
 total result for virtual contns so far 
  sigma =    4.4833204154765722       +-    1.7887619457733326       fb
  

 MONACO input parameters:
 ndim = 12,  ncall =      64,   rtype = 0
 nprn =  0,  acc = -1.0E+0,  alph =  8.75E-1,  nd = 48,  mds =  0

 MONACO:  continuing with uniform grid

 iteration  1:
 integral =  1.757646E-01,  sigma = 1.352E-01
 efficacy = 2.166E-02,  raw efficacy = 2.166E-02
 f_positive = 3.125E-2,  f_zero = 9.688E-1,  f_negative = 0.000E+0
 accumulated statistics:
 integral =  1.757646E-01,  sigma = 1.352E-01,  chi^2/iteration = 2.220E-16

 MONACO:  grid written to file grid2_1.vout.3
  
  result for virtual contribution, no.            3
  sigma =   0.17576456345453606       +-   0.13518448368617608       fb  
  
 total result for virtual contns so far 
  sigma =    4.6590849789311086       +-    1.7938629109484081       fb
  
  
 PHASE SPACE            2
  

 MONACO input parameters:
 ndim = 12,  ncall =    1024,   rtype = 0
 nprn =  0,  acc = -1.0E+0,  alph =  8.75E-1,  nd = 48,  mds =  0

 MONACO:  continuing with uniform grid

 iteration  1:
 integral =  8.234612E-01,  sigma = 8.234E-01
 efficacy = 9.766E-04,  raw efficacy = 9.766E-04
 f_positive = 1.953E-3,  f_zero = 9.980E-1,  f_negative = 0.000E+0
 accumulated statistics:
 integral =  8.234612E-01,  sigma = 8.234E-01,  chi^2/iteration = 2.220E-16

 MONACO:  grid written to file grid2_2.vout.1
  
  result for virtual contribution, no.            1
  sigma =   0.82346120152984426       +-   0.82343176651973538       fb  
  
 total result for virtual contns so far 
  sigma =   0.82346120152984426       +-   0.82343176651973538       fb
  

 MONACO input parameters:
 ndim = 12,  ncall =     256,   rtype = 0
 nprn =  0,  acc = -1.0E+0,  alph =  8.75E-1,  nd = 48,  mds =  0

 MONACO:  continuing with uniform grid

 iteration  1:
 integral =  1.129096E-06,  sigma = 1.129E-06
 efficacy = 3.906E-03,  raw efficacy = 3.906E-03
 f_positive = 3.906E-3,  f_zero = 9.961E-1,  f_negative = 0.000E+0
 accumulated statistics:
 integral =  1.129096E-06,  sigma = 1.129E-06,  chi^2/iteration = 1.110E-16

 MONACO:  grid written to file grid2_2.vout.2
  
  result for virtual contribution, no.            2
  sigma =    1.1290958938985837E-006  +-    1.1290958938985837E-006  fb  
  
 total result for virtual contns so far 
  sigma =   0.82346233062573815       +-   0.82343176652050942       fb
  

 MONACO input parameters:
 ndim = 12,  ncall =      64,   rtype = 0
 nprn =  0,  acc = -1.0E+0,  alph =  8.75E-1,  nd = 48,  mds =  0

 MONACO:  continuing with uniform grid

 iteration  1:
 integral =  0.000000E+00,  sigma = 0.000E+00
 efficacy = 0.000E+00,  raw efficacy = 0.000E+00
 f_positive = 0.000E+0,  f_zero = 1.000E+0,  f_negative = 0.000E+0
 accumulated statistics:
 integral =  0.000000E+00,  sigma = 0.000E+00,  chi^2/iteration = 0.000E+00

 MONACO:  grid written to file grid2_2.vout.3
  
  result for virtual contribution, no.            3
  sigma =    0.0000000000000000       +-    0.0000000000000000       fb  
  
 total result for virtual contns so far 
  sigma =   0.82346233062573815       +-   0.82343176652050942       fb
  
  
 PHASE SPACE            3
  

 MONACO input parameters:
 ndim = 12,  ncall =    1024,   rtype = 0
 nprn =  0,  acc = -1.0E+0,  alph =  8.75E-1,  nd = 48,  mds =  0

 MONACO:  continuing with uniform grid

 iteration  1:
 integral =  6.615209E-01,  sigma = 2.970E-01
 efficacy = 2.376E-03,  raw efficacy = 2.376E-03
 f_positive = 2.930E-2,  f_zero = 9.707E-1,  f_negative = 0.000E+0
 accumulated statistics:
 integral =  6.615209E-01,  sigma = 2.970E-01,  chi^2/iteration = 8.882E-16

 MONACO:  grid written to file grid2_3.vout.1
  
  result for virtual contribution, no.            1
  sigma =   0.66152094002083217       +-   0.29696609627193093       fb  
  
 total result for virtual contns so far 
  sigma =   0.66152094002083217       +-   0.29696609627193093       fb
  

 MONACO input parameters:
 ndim = 12,  ncall =     256,   rtype = 0
 nprn =  0,  acc = -1.0E+0,  alph =  8.75E-1,  nd = 48,  mds =  0

 MONACO:  continuing with uniform grid

 iteration  1:
 integral =  1.427094E-02,  sigma = 1.393E-02
 efficacy = 4.002E-03,  raw efficacy = 4.002E-03
 f_positive = 1.953E-2,  f_zero = 9.805E-1,  f_negative = 0.000E+0
 accumulated statistics:
 integral =  1.427094E-02,  sigma = 1.393E-02,  chi^2/iteration = 2.220E-16

 MONACO:  grid written to file grid2_3.vout.2
  
  result for virtual contribution, no.            2
  sigma =    1.4270941103644127E-002  +-    1.3931792108265241E-002  fb  
  
 total result for virtual contns so far 
  sigma =   0.67579188112447630       +-   0.29729271293850723       fb
  

 MONACO input parameters:
 ndim = 12,  ncall =      64,   rtype = 0
 nprn =  0,  acc = -1.0E+0,  alph =  8.75E-1,  nd = 48,  mds =  0

 MONACO:  continuing with uniform grid

 iteration  1:
 integral = -8.471090E-04,  sigma = 7.809E-04
 efficacy = 1.699E-02,  raw efficacy = 1.699E-02
 f_positive = 0.000E+0,  f_zero = 9.688E-1,  f_negative = 3.125E-2
 accumulated statistics:
 integral = -8.471090E-04,  sigma = 7.809E-04,  chi^2/iteration = 2.220E-16

 MONACO:  grid written to file grid2_3.vout.3
  
  result for virtual contribution, no.            3
  sigma =   -8.4710901895403167E-004  +-    7.8092826645284586E-004  fb  
  
 total result for virtual contns so far 
  sigma =   0.67494477210552228       +-   0.29729373860761854       fb
  
 
  Total (multi-channel) result (NLO virtual):    6.1574920816623688       +-    1.9960880703031816       fb     32.417225127219126      %
 
   
 Summary for FF ..
   
 
total number of errors and warnings
===================================
vbffferr: no errors
the warning system has been disabled
 
  
 PHASE SPACE            1
  

 MONACO input parameters:
 ndim = 15,  ncall =    1024,   rtype = 0
 nprn =  0,  acc = -1.0E+0,  alph =  8.75E-1,  nd = 48,  mds =  0

 MONACO:  continuing with uniform grid
  
 W+ W- A j amplitude square information:
 -----------------------------------------------
  
  precalculated tensors initialized to  (  0.0000000000000000     ,  0.0000000000000000     )
  External b-quark contributions are excluded
  
  creal =   -6.5797362673929038       cvirtual =    5.1594725347858095     
  

 iteration  1:
 integral =  8.384676E+00,  sigma = 5.456E+00
 efficacy = 1.574E-03,  raw efficacy = 1.574E-03
 f_positive = 3.320E-2,  f_zero = 9.463E-1,  f_negative = 2.051E-2
 accumulated statistics:
 integral =  8.384676E+00,  sigma = 5.456E+00,  chi^2/iteration = 4.441E-16

 MONACO:  grid written to file grid3_1.out.1
 
  result for real emissions 
  sigma =    8.3846762474742782       +-    5.4555383415304108       fb
  
  
 PHASE SPACE            2
  

 MONACO input parameters:
 ndim = 15,  ncall =    1024,   rtype = 0
 nprn =  0,  acc = -1.0E+0,  alph =  8.75E-1,  nd = 48,  mds =  0

 MONACO:  continuing with uniform grid

 iteration  1:
 integral =  7.951961E-02,  sigma = 6.712E-02
 efficacy = 1.167E-03,  raw efficacy = 1.167E-03
 f_positive = 3.027E-2,  f_zero = 9.629E-1,  f_negative = 6.836E-3
 accumulated statistics:
 integral =  7.951961E-02,  sigma = 6.712E-02,  chi^2/iteration = 0.000E+00

 MONACO:  grid written to file grid3_2.out.1
 
  result for real emissions 
  sigma =    7.9519609462423382E-002  +-    6.7119979797891235E-002  fb
  
  
 PHASE SPACE            3
  

 MONACO input parameters:
 ndim = 15,  ncall =    1024,   rtype = 0
 nprn =  0,  acc = -1.0E+0,  alph =  8.75E-1,  nd = 48,  mds =  0

 MONACO:  continuing with uniform grid

 iteration  1:
 integral =  6.594356E-02,  sigma = 3.086E-02
 efficacy = 3.369E-03,  raw efficacy = 3.369E-03
 f_positive = 4.492E-2,  f_zero = 9.268E-1,  f_negative = 2.832E-2
 accumulated statistics:
 integral =  6.594356E-02,  sigma = 3.086E-02,  chi^2/iteration = 0.000E+00

 MONACO:  grid written to file grid3_3.out.1
 
  result for real emissions 
  sigma =    6.5943559756343015E-002  +-    3.0860015732419165E-002  fb
  
 
  Total (multi-channel) result (NLO real):    8.5301394166930447       +-    5.4560384921816176       fb     63.961891191419809      %
 
  
  final result at NLO 
  sigma =    14.687631498355413       +-    5.8097094258296718       fb   39.555114291097169      %
 
 
 LO for different PHASESPACE:
   11.652061098943152       +-    5.4090432660003964       fb   46.421343143240122     
   6.9084398731342297E-002  +-    6.9082166165643583E-002  fb   99.996768350395001     
  0.27512593252510814       +-   0.15351721161891205       fb   55.798888243623487     
  
  
 VIRTUAL CONTRIBUTIONS for different PHASESPACE:
  borntype for different PHASESPACE:
   4.4898921052674909       +-    1.7887551310924126       fb   39.839601690959682     
  0.82346120152984426       +-   0.82343176651973538       fb   99.996425452704486     
  0.66152094002083217       +-   0.29696609627193093       fb   44.891412849694383     
  boxes for different PHASESPACE:
  -6.5716897909183624E-003  +-    4.9375740363770491E-003  fb  -75.134009569356849     
   1.1290958938985837E-006  +-    1.1290958938985837E-006  fb   100.00000000000000     
   1.4270941103644127E-002  +-    1.3931792108265241E-002  fb   97.623499439064432     
 pentagons for different PHASESPACE:
  0.17576456345453606       +-   0.13518448368617608       fb   76.912251838035274     
   0.0000000000000000       +-    0.0000000000000000       fb                       NaN
  -8.4710901895403167E-004  +-    7.8092826645284586E-004  fb  -92.187457455841681     
   
 TOTAL VIRTUAL CONTRIBUTIONS:
 TOTAL borntype:
   5.9748742468181675        1.9914501388330654        33.330410926951032       %
 TOTAL boxes:
   7.7003804086196630E-003   1.4780881908312641E-002   191.95002225821463       %
 TOTAL pentagons:
  0.17491745443558201       0.13518673928479580        77.286020266537719       %
  
  
  REAL EMISSION for different PHASESPACE:
   8.3846762474742782        5.4555383415304108        65.065581311786318       %
   7.9519609462423382E-002   6.7119979797891235E-002   84.406827764425159       %
   6.5943559756343015E-002   3.0860015732419165E-002   46.797618821981757       %
  
  
  
 !!!!!!!!!!!!!!!!!!!!!!!!!!!!!!!!!!!!!!!!!!!!!!!!!!!!!!!!!!!!!!!!!!!!!!!!!!!!!!!!!!!!!!!!!!!!!!!!!!!!!!!!
   
  PROCESS:          461   :   p p -->  W+ W- A -->  q q~ e/mu- ve/mu~ A
    with leading order hadronic decay of one vector boson
   
  TOTAL result (LO):          11.996271430199602       +-    5.4116623077765693       fb     45.111202587106902      %
  NLO virtual result:         6.1574920816623697       +-    1.9960880703031816       fb     32.417225127219126      %
  QCD real emission:          8.5301394166930447       +-    5.4560384921816176       fb     63.961891191419809      %
  TOTAL result (NLO):         14.687631498355413       +-    5.8097094258296718       fb     39.555114291097169      %
  K-Factor:                   1.2243497143104431     
 !!!!!!!!!!!!!!!!!!!!!!!!!!!!!!!!!!!!!!!!!!!!!!!!!!!!!!!!!!!!!!!!!!!!!!!!!!!!!!!!!!!!!!!!!!!!!!!!!!!!!!!!
  
  
  Endtime: 2016-12-02T09:06:43+0100
  Runtime: 0:00:00 (0 seconds)
