   
 -----------------------------------------------------------------
 VBFNLO, version 3.0.0 GIT 1571c2fe
 Comput. Phys. Commun. 180 (2009) 1661[arXiv:0811.4559 [hep-ph]]
 arXiV:1107.4038, arXiV:1207.4975, arXiv:1404.3940
 http://www.itp.kit.edu/vbfnlo
 -----------------------------------------------------------------
 Process-specific references (please cite as well if appropriate):
 
 B. Feigl, PhD-thesis, http://digbib.ubka.uni-karlsruhe.de/volltexte/1000037298
 
 -----------------------------------------------------------------
   
   
  
        Information on global parameters
 -----------------------------------------------
   PROCESS               =      301
   LOPROCESS_PLUS_JET    =        F
   KK_MOD                =        F
   ANOM_CPL              =        F
   LEPTONS               =    12  -11
  
   Numbers for the final state leptons are not
   valid default values are used:           11         -12           0           0           0           0
  
   DECAY_QUARKS          =    93
   LO_ITERATIONS         =        6
   NLO_ITERATIONS        =        6
   LO_POINTS             =       26
   NLO_POINTS            =       26
   NLO_SWITCH            =        T
   EWCOR_SWITCH          =        F
   FERMIONLOOP           =        0
 Warning: cannot read value for key = NLO_SEMILEP_DECAY. Using default value :            0
   LHA_SWITCH            =        F
   HEPMC_SWITCH          =        F
   LO_GRID               = grid2_1                                           
   NLO_GRID              = grid3_1                                           
   PHTN_GRID             = grid4_1                                           
   FLOOP_GRID            = grid5_1                                           
   ECM                   =  13600.0    
   BEAM1                 =        1
   BEAM2                 =        1
   ID_MUF                =        3
   ID_MUR                =        3
   MUF_USER              =  100.000    
   MUR_USER              =  100.000    
   XIF                   =  1.00000    
   XIR                   =  1.00000    
 Warning: cannot read value for key = SHOWTIMING. Using default value :  T
 
       information on the selected process 
 -----------------------------------------------
 
  pp -> W+ W- -> q q~ l- vl~
 
 W+ W- production with subsequent decay of the W+ to quarks and W- to leptons.
 Process is implemented at LO and NLO QCD.
 The gluon-induced loop contribution can be included via the input FERMIONBOX.
 Anomalous HVV couplings can be input via "anom_HVV.dat".
 References for semileptonic decays:
 B. Feigl, PhD-thesis, http://digbib.ubka.uni-karlsruhe.de/volltexte/1000037298
 
             Information on PDF sets            
 -----------------------------------------------
 Initializing PDF set CT18
  
               Physics parameters
 -----------------------------------------------
   HTYPE                 =        0
   MODEL                 =        1
   ANOM_CPL              =        F
   KK_MOD                =        F
   SPIN2                 =        F
   HMASS                 =  125.000    
   HWIDTH                = -999.000    
   TOPMASS               =  172.500    
   BOTTOMMASS            =  4.85500    
   CHARMMASS             =  1.65000    
   TAU_MASS              =  1.77684    
   EWSCHEME              =        3
   FERMI_CONST           = 0.116637E-04
   WMASS                 =  80.3980    
   ZMASS                 =  91.1876    
   
 Running in the SM
   
 Higgs mass =   125.00000000000000     
   
   
  
 Information on scale setting in InitScales 
 -------------------------------------------
  
 Dynamical factorization scale chosen:
       invariant VV mass 
 Dynamical value for alphas chosen:
 alphas = alpha(invariant VV mass)
  
  
   Information on couplings, masses and widths
 ===============================================
  
   SM coupling parameters 
 ---------------------------
   G_Fermi                         : 0.000011663700
   SIN**2 of the weak mixing angle : 0.22264585
   Q.E.D. fine structure constant  : 1/132.34070    
   SU(2) coupling constant g       : 0.65305673
   U(1) coupling constant g'       : 0.34950127
   Q.C.D. LO alfas(MZ)             : 0.12980813
   Q.C.D. NLO alfas(MZ)            : 0.11798159
  
      particle masses
 ---------------------------
   mass of the Z0 boson            :   91.1876
   mass of the W+/- boson          :   80.3980
   mass of the Higgs boson         :  125.0000
   mass of the top quark           :  172.5000
   mass of the bottom quark at MH  :    2.8039
  (All other fermions have mass equal ZERO)
  
      particle widths
 ---------------------------
   total widths of Z0              :   2.508420 GeV
   total widths of W+ or W-        :   2.097673 GeV
   total widths of Higgs           :   0.004128 GeV
   total widths of top quark       :   1.342520 GeV
  
     branching ratios
 ---------------------------
   W -> lepton anti-lepton         : 10.8397227 %
   W -> massless quark anti-quark  : 33.7404159 %
   W -> top bottom                 :  0.0000000 %
  
   Z -> neutrino anti-neutrino     :  6.6129820 %
   Z -> charged lepton anti-lepton :  3.3460763 %
   Z -> up-type quark anti-quark   : 11.9908090 %
   Z -> down-type quark anti-quark : 15.3804024 %
   Z -> top anti-top               :  0.0000000 %
  
   H -> WW                         : 20.4628169 %
   H -> ZZ                         :  2.5390366 %
   H -> bottom anti-bottom         : 58.7489081 %
   H -> top anti-top               :  0.0000000 %
   H -> charm anti-charm           :  3.4901975 %
   H -> tau anti-tau               :  6.2665676 %
   H -> mu anti-mu                 :  0.0221853 %
   H -> gluon gluon                :  8.0504027 %
   H -> gamma gamma                :  0.2383715 %
   H -> Z gamma                    :  0.1815139 %
  
 Warning: cannot read value for key = MLL_OSONLY. Using default value :  T
 Warning: cannot read value for key = PTMISS_MIN. Using default value :    0.0000000000000000     
 Warning: cannot read value for key = EXISOLCUT. Using default value :    1.0000000000000000     
 Warning: cannot read value for key = MJ_WINDOWV. Using default value :    0.0000000000000000     
 Input Error in line           67  of cuts.dat                                                                                                                                                                                                                                                  
 
 Warning: cannot read value for key = SINGLE_DECAYJET. Using default value :            0
 Warning: cannot read value for key = VBFCUTS_ALWAYS. Using default value :  F
 
          information on cut parameters
 -----------------------------------------------
 
 minimum jet pt        (PT_JET_MIN):     20.00    20.00    20.00   
 maximum jet rapidity                 (Y_JET_MAX):    4.5000000000000000     
 maximum parton pseudorapidity          (Y_P_MAX):    5.0000000000000000     
 minimum jet-jet R-separation           (RJJ_MIN):   0.80000000000000004     
 minimum number of jets                (NJET_MIN):            2
 single jet from hadronic decay (SINGLE_DECAYJET):            0
 exponent of generalised kT algorithm (PGENKTJET):    1.0000000000000000     
 minimum lepton-lepton R-separation     (RLL_MIN):    0.0000000000000000     
 maximum lepton-lepton R-separation     (RLL_MAX):    50.000000000000000     
 minimum jet-lepton R-separation        (RJL_MIN):    0.0000000000000000     
 minimum jet-photon R-separation        (RJG_MIN):    0.0000000000000000     
 minimum lepton-photon R-separation     (RLG_MIN):    0.0000000000000000     
 minimum photon-photon R-separation     (RGG_MIN):    0.0000000000000000     
 maximum photon-photon R-separation     (RGG_MAX):    50.000000000000000     
 maximum lepton rapidity                (Y_L_MAX):    2.5000000000000000     
 minimum lepton pt       (PT_L_MIN):     10.00   
 minimum invariant dilepton mass        (MLL_MIN):    15.000000000000000     
 maximum invariant dilepton mass        (MLL_MAX):    14000.000000000000     
 m_ll cuts only on opposite-sign l   (MLL_OSONLY):  T
 maximum photon rapidity                (Y_G_MAX):    1.5000000000000000     
 minimum photon pt       (PT_G_MIN):    
 photon isolation cut                 (PHISOLCUT):   0.69999999999999996     
 efficiency of photon isolation cut   (EFISOLCUT):    1.0000000000000000     
 exponent of photon isolation cut   (EXISOLCUT):    1.0000000000000000     
 minimum invariant lepton-photon mass   (MLG_MIN):    0.0000000000000000     
 maximum invariant lepton-photon mass   (MLG_MAX):    1.0000000000000000E+020
 minimal missing transverse momentum (PTMISS_MIN):    0.0000000000000000     
 minimum jet rapidity separation      (ETAJJ_MIN):    0.0000000000000000     
 tagging jets in opposite hemispheres     (YSIGN):    F
 leptons fall inside rapidity gap     (LRAPIDGAP):    F
 min leptons y-dist from tagging jets   (DELY_JL):    0.0000000000000000     
 photons fall inside rapidity gap     (GRAPIDGAP):    T
 min photons y-dist from tagging jets   (DELY_JG):    0.0000000000000000     
 dijet min mass cut on tag jets        (MDIJ_MIN):    600.00000000000000     
 dijet max mass cut on tag jets        (MDIJ_MAX):    14000.000000000000     
 excluded jet-m window               (MJ_WINDOWV):    85.792800000000000        85.792800000000000     
 veto criteria for jets                   (JVETO):    F
 minimum veto-tag y-dist             (DELY_JVETO):    0.0000000000000000     
 maximum |y| for veto jet             (YMAX_VETO):    5.0000000000000000     
 minimum pT for veto jet             (PTMIN_VETO):    10.000000000000000     
 definition of tagging jets          (DEF_TAGJET):            1
 minimal pt for harder tagging jet  (PTMIN_TAG_1):    20.000000000000000     
 minimal pt for softer tagging jet  (PTMIN_TAG_2):    20.000000000000000     
 mass reconst. cut for V -> had   (RECONST_HAD_V):            0
 mass range for RECONST_HAD_V      (V_MASS_RANGE):    20.000000000000000     
 

 --------------------PHASE SPACE--------------------

 boson has mass    80.40 GeV and width     2.0977 GeV
 integration range for boson   3 =      0.032  to     9616.652 GeV
 boson has mass    80.40 GeV and width     2.0977 GeV
 integration range for boson   4 =      0.032  to     9616.652 GeV

 machine energy =    13600.0  GeV

 configuration   0

 ---------------------------------------------------

  Open error on file random.dat
  Using default values.
  Random number generator initialized with seed =            0
 
          information on histogram config
 -----------------------------------------------
 
  Open error on file histograms.dat
  Using default values.
 SMEARING           =      T
 SMEAR_VALUE        =       0.10000000000000001     
 CALC_ERROR_GNUPLOT =      F
 CALC_ERROR_ROOT    =      F
 CALC_ERROR_1D      =      T
 CALC_ERROR_2D      =      F
 
HIST_ID1      =      0.00    250.00  # dS/dpT_j (fb/GeV)
HIST_ID2      =      0.00    500.00  # dS/dpTmax_j (fb/GeV)
HIST_ID3      =      0.00    200.00  # dS/dpTmin_j (fb/GeV)
HIST_ID4      =     -5.00      5.00  # dS/dy_j (fb)
HIST_ID5      =     -5.00      5.00  # dS/dy_j1 (fb)
HIST_ID6      =     -5.00      5.00  # dS/dy_j2 (fb)
HIST_ID7      =      0.00    500.00  # dS/dpTmax_l (fb/GeV)
HIST_ID8      =      0.00    200.00  # dS/dpTmin_l (fb/GeV)
HIST_ID9      =      0.00      5.00  # dS/d|eta|max_l (fb)
HIST_ID10     =      0.00      5.00  # dS/d|eta|min_l (fb)
HIST_ID11     =   -180.00    180.00  # dS/dPhi_jj (fb)
2DHIST_ID1    =      0.00      6.00      0.00    800.00  # d2S/dy_jj dm_jj (fb/GeV)
 
 -----------------------------------------------
 
Starttime: 2024-04-30T16:03:10+0200

 MONACO input parameters:
 ndim =  9,  ncall =       2M,   rtype = 0
 nprn =  0,  acc = -1.0E+0,  alph =  8.75E-1,  nd = 48,  mds =  0

 MONACO:  continuing with uniform grid
  
 W+W- amplitude square information:
 -----------------------------------------------
  
  v(v) to WW tensors initialized to                (0.0000000000000000,0.0000000000000000)
  External b-quark contributions are excluded

 iteration  1:
 integral =  3.044701E+03,  sigma = 1.094E+01
 efficacy = 1.078E-03,  raw efficacy = 1.078E-03
 f_positive = 3.296E-1,  f_zero = 6.704E-1,  f_negative = 0.000E+0
 accumulated statistics:
 integral =  3.044701E+03,  sigma = 1.094E+01,  chi^2/iteration = 0.000E+00

 MONACO:  grid written to file grid2_1.out.1

 MONACO input parameters:
 ndim =  9,  ncall =       4M,   rtype = 0
 nprn =  0,  acc = -1.0E+0,  alph =  8.75E-1,  nd = 48,  mds =  0

 iteration  2:
 integral =  3.044445E+03,  sigma = 4.309E+00
 efficacy = 2.275E-03,  raw efficacy = 6.039E-04
 f_positive = 4.347E-1,  f_zero = 5.653E-1,  f_negative = 0.000E+0
 accumulated statistics:
 integral =  3.044479E+03,  sigma = 4.009E+00,  chi^2/iteration = 4.753E+02

 MONACO:  grid written to file grid2_1.out.2

 MONACO input parameters:
 ndim =  9,  ncall =       8M,   rtype = 0
 nprn =  0,  acc = -1.0E+0,  alph =  8.75E-1,  nd = 48,  mds =  0

 iteration  3:
 integral =  3.056520E+03,  sigma = 2.359E+00
 efficacy = 2.978E-03,  raw efficacy = 4.679E-04
 f_positive = 4.857E-1,  f_zero = 5.143E-1,  f_negative = 0.000E+0
 accumulated statistics:
 integral =  3.053424E+03,  sigma = 2.033E+00,  chi^2/iteration = 6.701E+00

 MONACO:  grid written to file grid2_1.out.3

 MONACO input parameters:
 ndim =  9,  ncall =      16M,   rtype = 0
 nprn =  0,  acc = -1.0E+0,  alph =  8.75E-1,  nd = 48,  mds =  0

 iteration  4:
 integral =  3.053886E+03,  sigma = 1.467E+00
 efficacy = 3.338E-03,  raw efficacy = 3.459E-04
 f_positive = 5.123E-1,  f_zero = 4.877E-1,  f_negative = 0.000E+0
 accumulated statistics:
 integral =  3.053728E+03,  sigma = 1.190E+00,  chi^2/iteration = 3.367E+00

 MONACO:  grid written to file grid2_1.out.4

 MONACO input parameters:
 ndim =  9,  ncall =      32M,   rtype = 0
 nprn =  0,  acc = -1.0E+0,  alph =  8.75E-1,  nd = 48,  mds =  0

 iteration  5:
 integral =  3.052068E+03,  sigma = 9.762E-01
 efficacy = 2.041E-03,  raw efficacy = 2.838E-04
 f_positive = 5.294E-1,  f_zero = 4.706E-1,  f_negative = 0.000E+0
 accumulated statistics:
 integral =  3.052736E+03,  sigma = 7.546E-01,  chi^2/iteration = 2.633E+00

 MONACO:  grid written to file grid2_1.out.5

 MONACO input parameters:
 ndim =  9,  ncall =      64M,   rtype = 0
 nprn =  0,  acc = -1.0E+0,  alph =  8.75E-1,  nd = 48,  mds =  0

 iteration  6:
 integral =  3.052602E+03,  sigma = 6.680E-01
 efficacy = 3.821E-03,  raw efficacy = 3.021E-04
 f_positive = 5.409E-1,  f_zero = 4.591E-1,  f_negative = 0.000E+0
 accumulated statistics:
 integral =  3.052661E+03,  sigma = 5.002E-01,  chi^2/iteration = 1.979E+00

 MONACO:  grid written to file grid2_1.out.6
 
  result (LO):    3052.6607469884971       +-   0.50017452441306953       fb     1.6384870965648585E-002 %
 
   
 Initialising FF ..
   
 ====================================================
   FF 2.0, a package to evaluate one-loop integrals
 written by G. J. van Oldenborgh, NIKHEF-H, Amsterdam
 ====================================================
 for the algorithms used see preprint NIKHEF-H 89/17,
 'New Algorithms for One-loop Integrals', by G.J. van
 Oldenborgh and J.A.M. Vermaseren, published in 
 Zeitschrift fuer Physik C46(1990)425.
 ====================================================
  No NLO fermion loop calculation performed.

 MONACO input parameters:
 ndim =  9,  ncall =      64M,   rtype = 0
 nprn =  0,  acc = -1.0E+0,  alph =  8.75E-1,  nd = 48,  mds =  0

 MONACO:  grid read from file grid2_1.out.6                                                                                                                                                                                                                                             

 iteration  1:
 integral =  3.310977E+03,  sigma = 7.142E-01
 efficacy = 2.124E-03,  raw efficacy = 2.121E-04
 f_positive = 5.490E-1,  f_zero = 4.510E-1,  f_negative = 0.000E+0
 accumulated statistics:
 integral =  3.310977E+03,  sigma = 7.142E-01,  chi^2/iteration = 0.000E+00

 MONACO:  grid written to file grid2_1.vout.1
  
  result for virtual contribution, no.            1
  sigma =    3310.9774709892772       +-   0.71424044426383859       fb  
  
 total result for virtual contns so far 
  sigma =    3310.9774709892772       +-   0.71424044426383859       fb
  

 MONACO input parameters:
 ndim =  9,  ncall =       4M,   rtype = 0
 nprn =  0,  acc = -1.0E+0,  alph =  8.75E-1,  nd = 48,  mds =  0

 MONACO:  grid read from file grid2_1.out.6                                                                                                                                                                                                                                             

 iteration  1:
 integral =  3.327413E+02,  sigma = 6.838E-01
 efficacy = 4.609E-04,  raw efficacy = 3.850E-05
 f_positive = 5.103E-1,  f_zero = 4.510E-1,  f_negative = 3.863E-2
 accumulated statistics:
 integral =  3.327413E+02,  sigma = 6.838E-01,  chi^2/iteration = 0.000E+00

 MONACO:  grid written to file grid2_1.vout.2
  
  result for virtual contribution, no.            2
  sigma =    332.74126003950573       +-   0.68383863705007941       fb  
  
 total result for virtual contns so far 
  sigma =    3643.7187310287827       +-   0.98882490550385904       fb
  
   
 Summary for FF ..
   
 
total number of errors and warnings
===================================
vbffferr: no errors
the warning system has been disabled
 

 MONACO input parameters:
 ndim = 12,  ncall =       2M,   rtype = 0
 nprn =  0,  acc = -1.0E+0,  alph =  8.75E-1,  nd = 48,  mds =  0

 MONACO:  continuing with uniform grid
  
 W+W- j amplitude square information:
 -----------------------------------------------
  
  v(v) to WW tensors initialized to                (0.0000000000000000,0.0000000000000000)
  External b-quark contributions are excluded
  
  creal =   -6.5797362673929038       cvirtual =    5.1594725347858095     

 iteration  1:
 integral =  1.026992E+03,  sigma = 2.692E+01
 efficacy = 2.601E-05,  raw efficacy = 2.601E-05
 f_positive = 1.632E-1,  f_zero = 7.618E-1,  f_negative = 7.499E-2
 accumulated statistics:
 integral =  1.026992E+03,  sigma = 2.692E+01,  chi^2/iteration = 0.000E+00

 MONACO:  grid written to file grid3_1.out.1

 MONACO input parameters:
 ndim = 12,  ncall =       4M,   rtype = 0
 nprn =  0,  acc = -1.0E+0,  alph =  8.75E-1,  nd = 48,  mds =  0

 iteration  2:
 integral =  1.004046E+03,  sigma = 1.382E+01
 efficacy = 3.074E-05,  raw efficacy = 2.258E-06
 f_positive = 2.494E-1,  f_zero = 6.527E-1,  f_negative = 9.799E-2
 accumulated statistics:
 integral =  1.008834E+03,  sigma = 1.229E+01,  chi^2/iteration = 5.751E+05

 MONACO:  grid written to file grid3_1.out.2

 MONACO input parameters:
 ndim = 12,  ncall =       8M,   rtype = 0
 nprn =  0,  acc = -1.0E+0,  alph =  8.75E-1,  nd = 48,  mds =  0

 iteration  3:
 integral =  1.019208E+03,  sigma = 6.095E+00
 efficacy = 5.128E-05,  raw efficacy = 1.658E-06
 f_positive = 2.578E-1,  f_zero = 6.228E-1,  f_negative = 1.194E-1
 accumulated statistics:
 integral =  1.017161E+03,  sigma = 5.461E+00,  chi^2/iteration = 1.147E+00

 MONACO:  grid written to file grid3_1.out.3

 MONACO input parameters:
 ndim = 12,  ncall =      16M,   rtype = 0
 nprn =  0,  acc = -1.0E+0,  alph =  8.75E-1,  nd = 48,  mds =  0

 iteration  4:
 integral =  1.021583E+03,  sigma = 2.964E+00
 efficacy = 4.429E-05,  raw efficacy = 5.280E-07
 f_positive = 2.646E-1,  f_zero = 6.091E-1,  f_negative = 1.263E-1
 accumulated statistics:
 integral =  1.020577E+03,  sigma = 2.605E+00,  chi^2/iteration = 8.265E-01

 MONACO:  grid written to file grid3_1.out.4

 MONACO input parameters:
 ndim = 12,  ncall =      32M,   rtype = 0
 nprn =  0,  acc = -1.0E+0,  alph =  8.75E-1,  nd = 48,  mds =  0

 iteration  5:
 integral =  1.019852E+03,  sigma = 1.591E+00
 efficacy = 1.257E-04,  raw efficacy = 4.703E-07
 f_positive = 2.584E-1,  f_zero = 6.115E-1,  f_negative = 1.301E-1
 accumulated statistics:
 integral =  1.020049E+03,  sigma = 1.358E+00,  chi^2/iteration = 5.698E-01

 MONACO:  grid written to file grid3_1.out.5

 MONACO input parameters:
 ndim = 12,  ncall =      64M,   rtype = 0
 nprn =  0,  acc = -1.0E+0,  alph =  8.75E-1,  nd = 48,  mds =  0

 iteration  6:
 integral =  1.019836E+03,  sigma = 1.073E+00
 efficacy = 6.903E-05,  raw efficacy = 2.690E-07
 f_positive = 2.572E-1,  f_zero = 6.074E-1,  f_negative = 1.354E-1
 accumulated statistics:
 integral =  1.019918E+03,  sigma = 8.420E-01,  chi^2/iteration = 4.312E-01

 MONACO:  grid written to file grid3_1.out.6
 
  result for real emissions 
  sigma =    1019.9175874120349       +-   0.84200487309269045       fb
  
  
  final result at NLO 
  sigma =    4663.6363184408174       +-    1.2987482050253443       fb   2.7848402326953996E-002 %
 
   
 TOTAL VIRTUAL CONTRIBUTIONS:
 TOTAL borntype:
   3310.9774709892772       0.71424044426383859        2.1571890794244299E-002  %
 TOTAL boxes:
   332.74126003950573       0.68383863705007941       0.20551663384603658       %
  
  
  
 !!!!!!!!!!!!!!!!!!!!!!!!!!!!!!!!!!!!!!!!!!!!!!!!!!!!!!!!!!!!!!!!!!!!!!!!!!!!!!!!!!!!!!!!!!!!!!!!!!!!!!!!
   
  PROCESS:          301   :   p p -->  W+ W- -->  q q~ e- ve~
    with leading order hadronic decay of one vector boson
   
  TOTAL result (LO):     3052.66074698849707  +-    0.50017452441307 fb    0.01638487096565 %
  NLO virtual result:    3643.71873102878271  +-    0.98882490550386 fb    0.02713779461305 %
  QCD real emission:     1019.91758741203489  +-    0.84200487309269 fb    0.08255616762421 %
  TOTAL result (NLO):    4663.63631844081738  +-    1.29874820502534 fb    0.02784840232695 %
  K-Factor:                  1.5277283343855277     
 !!!!!!!!!!!!!!!!!!!!!!!!!!!!!!!!!!!!!!!!!!!!!!!!!!!!!!!!!!!!!!!!!!!!!!!!!!!!!!!!!!!!!!!!!!!!!!!!!!!!!!!!
  
  
  Endtime: 2024-04-30T17:03:52+0200
  Runtime: 1:00:42 (3642 seconds)
