   
 -----------------------------------------------------------------
 VBFNLO, version 3.0.0 beta0 svn 7626
 Comput. Phys. Commun. 180 (2009) 1661[arXiv:0811.4559 [hep-ph]]
 arXiV:1107.4038, arXiV:1207.4975, arXiv:1404.3940
 http://www.itp.kit.edu/vbfnlo
 -----------------------------------------------------------------
 Process-specific references (please cite as well if appropriate):
 G. Bozzi, F. Campanario, V. Hankele et al.
 Phys. Rev. D81 (2010) 094030, e-Print: arXiv:0911.0438 [hep-ph]
 
 -----------------------------------------------------------------
   
   
   
 Initialising LoopTools ..
   
 ====================================================
   FF 2.0, a package to evaluate one-loop integrals
 written by G. J. van Oldenborgh, NIKHEF-H, Amsterdam
 ====================================================
 for the algorithms used see preprint NIKHEF-H 89/17,
 'New Algorithms for One-loop Integrals', by G.J. van
 Oldenborgh and J.A.M. Vermaseren, published in 
 Zeitschrift fuer Physik C46(1990)425.
 ====================================================
  
        Information on global parameters
 -----------------------------------------------
   PROCESS               =      470
   LOPROCESS_PLUS_JET    =        F
   KK_MOD                =        F
   ANOM_CPL              =        F
   LEPTONS               =    11  -11   13  -13
   LO_ITERATIONS         =        6
   NLO_ITERATIONS        =        6
   LO_POINTS             =       26
   NLO_POINTS            =       26
   NLO_SWITCH            =        T
   EWCOR_SWITCH          =        F
   FERMIONLOOP           =        3
   LHA_SWITCH            =        F
   HEPMC_SWITCH          =        F
   LO_GRID               = grid2_1                                           
                           grid2_2                                           
                           grid2_3                                           
   NLO_GRID              = grid3_1                                           
                           grid3_2                                           
                           grid3_3                                           
   PHTN_GRID             = grid4_1                                           
                           grid4_2                                           
                           grid4_3                                           
   FLOOP_GRID            = grid5_1                                           
                           grid5_2                                           
                           grid5_3                                           
   ECM                   =  14000.0    
   BEAM1                 =        1
   BEAM2                 =        1
   ID_MUF                =        4
   ID_MUR                =        4
   MUF_USER              =  100.000    
   MUR_USER              =  100.000    
   XIF                   =  1.00000    
   XIR                   =  1.00000    
 
       information on the selected process 
 -----------------------------------------------
 
  pp -> Z Z A -> l+ l- l+ l- A
 
 Z Z photon production with subsequent decay of the Z bosons to leptons.
 Process is implemented at LO and NLO QCD.
 Anomalous couplings can be set in "anomV.dat".
 References: G. Bozzi, F. Campanario, V. Hankele et al.
 Phys. Rev. D81 (2010) 094030, e-Print: arXiv:0911.0438 [hep-ph]
 
 Initializing PDF set CT10
  
               Physics parameters
 -----------------------------------------------
   HTYPE                 =        0
   MODEL                 =        1
   ANOM_CPL              =        F
   KK_MOD                =        F
   SPIN2                 =        F
   HMASS                 =  120.000    
   HWIDTH                = -999.000    
   TOPMASS               =  172.400    
   BOTTOMMASS            =  4.85500    
   CHARMMASS             =  1.65000    
   TAU_MASS              =  1.77684    
   EWSCHEME              =        3
   FERMI_CONST           = 0.116637E-04
   WMASS                 =  80.3980    
   ZMASS                 =  91.1876    
   
 Running in the SM
   
 Higgs mass =   120.00000000000000     
   
  
 Information on scale setting in InitScales 
 -------------------------------------------
  
 Dynamical factorization scale chosen:
       invariant VVV mass 
 Dynamical value for alphas chosen:
 alphas = alpha(invariant VVV mass)
 Initializing PDF set cteq6l1
  
  
  
  
   Information on couplings, masses and widths
 ===============================================
  
   SM coupling parameters 
 ---------------------------
   G_Fermi                         : 0.000011663700
   SIN**2 of the weak mixing angle : 0.22264585
   Q.E.D. fine structure constant  : 1/132.34070    
   SU(2) coupling constant g       : 0.65305673
   U(1) coupling constant g'       : 0.34950127
   Q.C.D. LO alfas(MZ)             : 0.12980813
   Q.C.D. NLO alfas(MZ)            : 0.11798159
  
      particle masses
 ---------------------------
   mass of the Z0 boson            :   91.1876
   mass of the W+/- boson          :   80.3980
   mass of the Higgs boson         :  120.0000
   mass of the top quark           :  172.4000
   mass of the bottom quark at MH  :    2.8132
  (All other fermions have mass equal ZERO)
  
      particle widths
 ---------------------------
   total widths of Z0              :   2.508420 GeV
   total widths of W+ or W-        :   2.097673 GeV
   total widths of Higgs           :   0.003584 GeV
   total widths of top quark       :   1.339784 GeV
  
     branching ratios
 ---------------------------
   W -> lepton anti-lepton         : 10.8397227 %
   W -> massless quark anti-quark  : 33.7404159 %
   W -> top bottom                 :  0.0000000 %
  
   Z -> neutrino anti-neutrino     :  6.6129820 %
   Z -> charged lepton anti-lepton :  3.3460763 %
   Z -> up-type quark anti-quark   : 11.9908090 %
   Z -> down-type quark anti-quark : 15.3804024 %
   Z -> top anti-top               :  0.0000000 %
  
   H -> WW                         : 13.4042449 %
   H -> ZZ                         :  1.6940721 %
   H -> bottom anti-bottom         : 65.4907510 %
   H -> top anti-top               :  0.0000000 %
   H -> charm anti-charm           :  3.8907341 %
   H -> tau anti-tau               :  6.9292925 %
   H -> mu anti-mu                 :  0.0245341 %
   H -> gluon gluon                :  8.2146118 %
   H -> gamma gamma                :  0.2319526 %
   H -> Z gamma                    :  0.1198070 %
  
 Warning: cannot read value for key = MLL_OSONLY. Using default value :  T
 Warning: cannot read value for key = PTMISS_MIN. Using default value :    0.0000000000000000     
 
          information on cut parameters
 -----------------------------------------------
 
 minimum jet pt        (PT_JET_MIN):     20.00   
 maximum jet rapidity                 (Y_JET_MAX):    4.5000000000000000     
 maximum parton pseudorapidity          (Y_P_MAX):    5.0000000000000000     
 minimum jet-jet R-separation           (RJJ_MIN):   0.80000000000000004     
 minimum number of jets                (NJET_MIN):            0
 single jet from hadronic decay (SINGLE_DECAYJET):            0
 exponent of generalised kT algorithm (PGENKTJET):    1.0000000000000000     
 minimum lepton-lepton R-separation     (RLL_MIN):   0.29999999999999999     
 maximum lepton-lepton R-separation     (RLL_MAX):    50.000000000000000     
 minimum jet-lepton R-separation        (RJL_MIN):   0.40000000000000002     
 minimum jet-photon R-separation        (RJG_MIN):   0.69999999999999996     
 minimum lepton-photon R-separation     (RLG_MIN):   0.40000000000000002     
 minimum photon-photon R-separation     (RGG_MIN):    0.0000000000000000     
 maximum photon-photon R-separation     (RGG_MAX):    50.000000000000000     
 maximum lepton rapidity                (Y_L_MAX):    2.5000000000000000     
 minimum lepton pt       (PT_L_MIN):     20.00    20.00    20.00    20.00   
 minimum invariant dilepton mass        (MLL_MIN):    15.000000000000000     
 maximum invariant dilepton mass        (MLL_MAX):    14000.000000000000     
 m_ll cuts only on opposite-sign l   (MLL_OSONLY):  T
 maximum photon rapidity                (Y_G_MAX):    2.5000000000000000     
 minimum photon pt       (PT_G_MIN):     20.00   
 photon isolation cut                 (PHISOLCUT):   0.69999999999999996     
 efficiency of photon isolation cut   (EFISOLCUT):    1.0000000000000000     
 minimum invariant lepton-photon mass   (MLG_MIN):    0.0000000000000000     
 maximum invariant lepton-photon mass   (MLG_MAX):    1.0000000000000000E+020
 minimal missing transverse momentum (PTMISS_MIN):    0.0000000000000000     
 minimum jet rapidity separation      (ETAJJ_MIN):    0.0000000000000000     
 tagging jets in opposite hemispheres     (YSIGN):    F
 leptons fall inside rapidity gap     (LRAPIDGAP):    F
 min leptons y-dist from tagging jets   (DELY_JL):    0.0000000000000000     
 photons fall inside rapidity gap     (GRAPIDGAP):    T
 min photons y-dist from tagging jets   (DELY_JG):    0.0000000000000000     
 dijet min mass cut on tag jets        (MDIJ_MIN):    600.00000000000000     
 dijet max mass cut on tag jets        (MDIJ_MAX):    14000.000000000000     
 veto criteria for jets                   (JVETO):    F
 minimum veto-tag y-dist             (DELY_JVETO):    0.0000000000000000     
 maximum |y| for veto jet             (YMAX_VETO):    5.0000000000000000     
 minimum pT for veto jet             (PTMIN_VETO):    10.000000000000000     
 

 --------------------PHASE SPACE--------------------

 boson has mass    91.19 GeV and width     2.5084 GeV
 integration range for boson   2 =      0.032  to     9899.495 GeV
 boson has mass    91.19 GeV and width     2.5084 GeV
 integration range for boson   2 =      0.032  to     9899.495 GeV
 boson has mass     0.00 GeV and width     0.0000 GeV
 integration range for boson   1 =      0.032  to     9899.495 GeV

 machine energy =    14000.0  GeV

 ---------------------------------------------------

  Random number generator initialized with seed =            0
 
          information on histogram config
 -----------------------------------------------
 
 SMEARING           =      T
 SMEAR_VALUE        =       0.20000000000000001     
 CALC_ERROR_GNUPLOT =      F
 CALC_ERROR_ROOT    =      F
 CALC_ERROR_1D      =      T
 CALC_ERROR_2D      =      F
 
HIST_ID1      =      0.00    250.00  # dS/dpT_j (fb/GeV)
HIST_ID2      =      0.00    500.00  # dS/dpTmax_j (fb/GeV)
HIST_ID3      =      0.00    200.00  # dS/dpTmin_j (fb/GeV)
HIST_ID4      =     -5.00      5.00  # dS/dy_j (fb)
HIST_ID5      =     -5.00      5.00  # dS/dy_j1 (fb)
HIST_ID6      =     -5.00      5.00  # dS/dy_j2 (fb)
HIST_ID7      =      0.00    500.00  # dS/dpTmax_l (fb/GeV)
HIST_ID8      =      0.00    200.00  # dS/dpTmin_l (fb/GeV)
HIST_ID9      =      0.00      5.00  # dS/d|eta|max_l (fb)
HIST_ID10     =      0.00      5.00  # dS/d|eta|min_l (fb)
HIST_ID11     =   -180.00    180.00  # dS/dPhi_jj (fb)
2DHIST_ID1    =      0.00      6.00      0.00    800.00  # d2S/dy_jj dm_jj (fb/GeV)
 
 -----------------------------------------------
 
 
 
  
 PHASE SPACE           1
  

 MONACO input parameters:
 ndim = 12,  ncall =       2M,   rtype = 0
 nprn =  0,  acc = -1.0E+0,  alph = 8.75E-1,  nd = 48,  mds =  0

 MONACO:  continuing with uniform grid
  
 ZZA amplitude square information:
 -----------------------------------------------
  
  precalculated tensors initialized to  (  0.0000000000000000     ,  0.0000000000000000     )
  External b-quark contributions are included

 iteration  1:
 integral =  2.999806E-02,  sigma = 4.814E-04
 efficacy = 1.170E-04,  raw efficacy = 1.170E-04
 f_positive = 1.925E-2,  f_zero = 9.808E-1,  f_negative = 0.000E+0
 accumulated statistics:
 integral =  2.999806E-02,  sigma = 4.814E-04,  chi^2/iteration = 0.000E+00

 MONACO:  grid written to file grid2_1.out.1

 MONACO input parameters:
 ndim = 12,  ncall =       4M,   rtype = 0
 nprn =  0,  acc = -1.0E+0,  alph = 8.75E-1,  nd = 48,  mds =  0

 iteration  2:
 integral =  3.060285E-02,  sigma = 1.214E-04
 efficacy = 2.624E-04,  raw efficacy = 1.470E-05
 f_positive = 1.237E-1,  f_zero = 8.763E-1,  f_negative = 0.000E+0
 accumulated statistics:
 integral =  3.056671E-02,  sigma = 1.177E-04,  chi^2/iteration = 1.484E+06

 MONACO:  grid written to file grid2_1.out.2

 MONACO input parameters:
 ndim = 12,  ncall =       8M,   rtype = 0
 nprn =  0,  acc = -1.0E+0,  alph = 8.75E-1,  nd = 48,  mds =  0

 iteration  3:
 integral =  3.055424E-02,  sigma = 6.336E-05
 efficacy = 2.577E-04,  raw efficacy = 1.463E-05
 f_positive = 1.916E-1,  f_zero = 8.084E-1,  f_negative = 0.000E+0
 accumulated statistics:
 integral =  3.055704E-02,  sigma = 5.579E-05,  chi^2/iteration = 1.493E+00

 MONACO:  grid written to file grid2_1.out.3

 MONACO input parameters:
 ndim = 12,  ncall =      16M,   rtype = 0
 nprn =  0,  acc = -1.0E+0,  alph = 8.75E-1,  nd = 48,  mds =  0

 iteration  4:
 integral =  3.049687E-02,  sigma = 3.969E-05
 efficacy = 2.749E-04,  raw efficacy = 9.130E-06
 f_positive = 2.131E-1,  f_zero = 7.869E-1,  f_negative = 0.000E+0
 accumulated statistics:
 integral =  3.051709E-02,  sigma = 3.234E-05,  chi^2/iteration = 1.133E+00

 MONACO:  grid written to file grid2_1.out.4

 MONACO input parameters:
 ndim = 12,  ncall =      32M,   rtype = 0
 nprn =  0,  acc = -1.0E+0,  alph = 8.75E-1,  nd = 48,  mds =  0

 iteration  5:
 integral =  3.050357E-02,  sigma = 2.714E-05
 efficacy = 2.288E-04,  raw efficacy = 1.299E-05
 f_positive = 2.222E-1,  f_zero = 7.778E-1,  f_negative = 0.000E+0
 accumulated statistics:
 integral =  3.050916E-02,  sigma = 2.079E-05,  chi^2/iteration = 7.892E-01

 MONACO:  grid written to file grid2_1.out.5

 MONACO input parameters:
 ndim = 12,  ncall =      64M,   rtype = 0
 nprn =  0,  acc = -1.0E+0,  alph = 8.75E-1,  nd = 48,  mds =  0
  random number setting in monaco saved 

 iteration  6:
 integral =  3.048488E-02,  sigma = 1.956E-05
 efficacy = 1.190E-04,  raw efficacy = 9.454E-06
 f_positive = 2.273E-1,  f_zero = 7.727E-1,  f_negative = 0.000E+0
 accumulated statistics:
 integral =  3.049628E-02,  sigma = 1.425E-05,  chi^2/iteration = 7.727E-01

 MONACO:  grid written to file grid2_1.out.6
 
  result (LO):    3.0496279156021315E-002  +-    1.4247351101047501E-005  fb     4.6718325957592906E-002 %
 
  
 PHASE SPACE           2
  

 MONACO input parameters:
 ndim = 12,  ncall =       2M,   rtype = 0
 nprn =  0,  acc = -1.0E+0,  alph = 8.75E-1,  nd = 48,  mds =  0

 MONACO:  continuing with uniform grid

 iteration  1:
 integral =  2.247828E-02,  sigma = 1.375E-03
 efficacy = 2.561E-05,  raw efficacy = 2.561E-05
 f_positive = 5.059E-3,  f_zero = 9.949E-1,  f_negative = 0.000E+0
 accumulated statistics:
 integral =  2.247828E-02,  sigma = 1.375E-03,  chi^2/iteration = 0.000E+00

 MONACO:  grid written to file grid2_2.out.1

 MONACO input parameters:
 ndim = 12,  ncall =       4M,   rtype = 0
 nprn =  0,  acc = -1.0E+0,  alph = 8.75E-1,  nd = 48,  mds =  0

 iteration  2:
 integral =  2.500888E-02,  sigma = 1.885E-04
 efficacy = 2.809E-04,  raw efficacy = 4.329E-06
 f_positive = 4.692E-2,  f_zero = 9.531E-1,  f_negative = 0.000E+0
 accumulated statistics:
 integral =  2.496217E-02,  sigma = 1.867E-04,  chi^2/iteration = 3.327E+06

 MONACO:  grid written to file grid2_2.out.2

 MONACO input parameters:
 ndim = 12,  ncall =       8M,   rtype = 0
 nprn =  0,  acc = -1.0E+0,  alph = 8.75E-1,  nd = 48,  mds =  0

 iteration  3:
 integral =  2.483706E-02,  sigma = 8.127E-05
 efficacy = 1.008E-04,  raw efficacy = 3.546E-06
 f_positive = 7.763E-2,  f_zero = 9.224E-1,  f_negative = 0.000E+0
 accumulated statistics:
 integral =  2.485698E-02,  sigma = 7.452E-05,  chi^2/iteration = 3.705E+00

 MONACO:  grid written to file grid2_2.out.3

 MONACO input parameters:
 ndim = 12,  ncall =      16M,   rtype = 0
 nprn =  0,  acc = -1.0E+0,  alph = 8.75E-1,  nd = 48,  mds =  0

 iteration  4:
 integral =  2.499338E-02,  sigma = 4.606E-05
 efficacy = 1.142E-04,  raw efficacy = 3.491E-06
 f_positive = 9.281E-2,  f_zero = 9.072E-1,  f_negative = 0.000E+0
 accumulated statistics:
 integral =  2.495568E-02,  sigma = 3.918E-05,  chi^2/iteration = 3.064E+00

 MONACO:  grid written to file grid2_2.out.4

 MONACO input parameters:
 ndim = 12,  ncall =      32M,   rtype = 0
 nprn =  0,  acc = -1.0E+0,  alph = 8.75E-1,  nd = 48,  mds =  0

 iteration  5:
 integral =  2.490266E-02,  sigma = 2.926E-05
 efficacy = 1.743E-04,  raw efficacy = 2.378E-06
 f_positive = 9.678E-2,  f_zero = 9.032E-1,  f_negative = 0.000E+0
 accumulated statistics:
 integral =  2.492164E-02,  sigma = 2.344E-05,  chi^2/iteration = 2.435E+00

 MONACO:  grid written to file grid2_2.out.5

 MONACO input parameters:
 ndim = 12,  ncall =      64M,   rtype = 0
 nprn =  0,  acc = -1.0E+0,  alph = 8.75E-1,  nd = 48,  mds =  0
  random number setting in monaco saved 

 iteration  6:
 integral =  2.491904E-02,  sigma = 1.983E-05
 efficacy = 1.490E-04,  raw efficacy = 2.046E-06
 f_positive = 9.914E-2,  f_zero = 9.009E-1,  f_negative = 0.000E+0
 accumulated statistics:
 integral =  2.492012E-02,  sigma = 1.514E-05,  chi^2/iteration = 1.828E+00

 MONACO:  grid written to file grid2_2.out.6
 
  result (LO):    2.4920123520296385E-002  +-    1.5137571471269609E-005  fb     6.0744367735339269E-002 %
 
  
 PHASE SPACE           3
  

 MONACO input parameters:
 ndim = 12,  ncall =       2M,   rtype = 0
 nprn =  0,  acc = -1.0E+0,  alph = 8.75E-1,  nd = 48,  mds =  0

 MONACO:  continuing with uniform grid

 iteration  1:
 integral =  2.854640E-02,  sigma = 2.158E-03
 efficacy = 1.186E-05,  raw efficacy = 1.186E-05
 f_positive = 3.867E-3,  f_zero = 9.961E-1,  f_negative = 0.000E+0
 accumulated statistics:
 integral =  2.854640E-02,  sigma = 2.158E-03,  chi^2/iteration = 0.000E+00

 MONACO:  grid written to file grid2_3.out.1

 MONACO input parameters:
 ndim = 12,  ncall =       4M,   rtype = 0
 nprn =  0,  acc = -1.0E+0,  alph = 8.75E-1,  nd = 48,  mds =  0

 iteration  2:
 integral =  2.503529E-02,  sigma = 1.972E-04
 efficacy = 1.595E-04,  raw efficacy = 5.540E-06
 f_positive = 4.517E-2,  f_zero = 9.548E-1,  f_negative = 0.000E+0
 accumulated statistics:
 integral =  2.506438E-02,  sigma = 1.964E-04,  chi^2/iteration = 2.626E+06

 MONACO:  grid written to file grid2_3.out.2

 MONACO input parameters:
 ndim = 12,  ncall =       8M,   rtype = 0
 nprn =  0,  acc = -1.0E+0,  alph = 8.75E-1,  nd = 48,  mds =  0

 iteration  3:
 integral =  2.499788E-02,  sigma = 7.441E-05
 efficacy = 5.785E-04,  raw efficacy = 2.804E-06
 f_positive = 7.574E-2,  f_zero = 9.243E-1,  f_negative = 0.000E+0
 accumulated statistics:
 integral =  2.500622E-02,  sigma = 6.958E-05,  chi^2/iteration = 2.726E+00

 MONACO:  grid written to file grid2_3.out.3

 MONACO input parameters:
 ndim = 12,  ncall =      16M,   rtype = 0
 nprn =  0,  acc = -1.0E+0,  alph = 8.75E-1,  nd = 48,  mds =  0

 iteration  4:
 integral =  2.493688E-02,  sigma = 4.296E-05
 efficacy = 2.494E-04,  raw efficacy = 3.042E-06
 f_positive = 9.012E-2,  f_zero = 9.099E-1,  f_negative = 0.000E+0
 accumulated statistics:
 integral =  2.495601E-02,  sigma = 3.655E-05,  chi^2/iteration = 1.723E+00

 MONACO:  grid written to file grid2_3.out.4

 MONACO input parameters:
 ndim = 12,  ncall =      32M,   rtype = 0
 nprn =  0,  acc = -1.0E+0,  alph = 8.75E-1,  nd = 48,  mds =  0

 iteration  5:
 integral =  2.493825E-02,  sigma = 2.853E-05
 efficacy = 2.577E-04,  raw efficacy = 2.179E-06
 f_positive = 9.596E-2,  f_zero = 9.040E-1,  f_negative = 0.000E+0
 accumulated statistics:
 integral =  2.494498E-02,  sigma = 2.249E-05,  chi^2/iteration = 1.197E+00

 MONACO:  grid written to file grid2_3.out.5

 MONACO input parameters:
 ndim = 12,  ncall =      64M,   rtype = 0
 nprn =  0,  acc = -1.0E+0,  alph = 8.75E-1,  nd = 48,  mds =  0
  random number setting in monaco saved 

 iteration  6:
 integral =  2.488572E-02,  sigma = 2.189E-05
 efficacy = 3.442E-05,  raw efficacy = 1.821E-06
 f_positive = 9.819E-2,  f_zero = 9.018E-1,  f_negative = 0.000E+0
 accumulated statistics:
 integral =  2.491455E-02,  sigma = 1.569E-05,  chi^2/iteration = 1.789E+00

 MONACO:  grid written to file grid2_3.out.6
 
  result (LO):    2.4914546849942213E-002  +-    1.5687479236519776E-005  fb     6.2965139727420572E-002 %
 
 
  Total (multi-channel) result (LO):    8.0330949526259909E-002  +-    2.6042851000621153E-005  fb     3.2419448735767568E-002 %
  
   
 Initialising FF ..
   
 ====================================================
   FF 2.0, a package to evaluate one-loop integrals
 written by G. J. van Oldenborgh, NIKHEF-H, Amsterdam
 ====================================================
 for the algorithms used see preprint NIKHEF-H 89/17,
 'New Algorithms for One-loop Integrals', by G.J. van
 Oldenborgh and J.A.M. Vermaseren, published in 
 Zeitschrift fuer Physik C46(1990)425.
 ====================================================
 ====================================================
   FF 2.0, a package to evaluate one-loop integrals
 written by G. J. van Oldenborgh, NIKHEF-H, Amsterdam
 ====================================================
 for the algorithms used see preprint NIKHEF-H 89/17,
 'New Algorithms for One-loop Integrals', by G.J. van
 Oldenborgh and J.A.M. Vermaseren, published in 
 Zeitschrift fuer Physik C46(1990)425.
 ====================================================
 Initializing PDF set CT10
  
 PHASE SPACE            1
  

 MONACO input parameters:
 ndim = 12,  ncall =      64M,   rtype = 0
 nprn =  0,  acc = -1.0E+0,  alph = 8.75E-1,  nd = 48,  mds =  0

 MONACO:  grid read from file grid2_1.out.6                                                                                                                                                                                                                                             

 iteration  1:
 integral =  3.846058E-02,  sigma = 2.346E-05
 efficacy = 2.910E-04,  raw efficacy = 7.815E-06
 f_positive = 2.259E-1,  f_zero = 7.741E-1,  f_negative = 0.000E+0
 accumulated statistics:
 integral =  3.846058E-02,  sigma = 2.346E-05,  chi^2/iteration = 0.000E+00

 MONACO:  grid written to file grid2_1.vout.1
  
  result for virtual contribution, no.            1
  sigma =    3.8460581652485219E-002  +-    2.3462776039672712E-005  fb  
  
 total result for virtual contns so far 
  sigma =    3.8460581652485219E-002  +-    2.3462776039672712E-005  fb
  

 MONACO input parameters:
 ndim = 12,  ncall =      16M,   rtype = 0
 nprn =  0,  acc = -1.0E+0,  alph = 8.75E-1,  nd = 48,  mds =  0

 MONACO:  grid read from file grid2_1.out.6                                                                                                                                                                                                                                             

 iteration  1:
 integral =  5.411278E-04,  sigma = 2.596E-06
 efficacy = 4.800E-05,  raw efficacy = 6.609E-07
 f_positive = 1.745E-1,  f_zero = 7.741E-1,  f_negative = 5.133E-2
 accumulated statistics:
 integral =  5.411278E-04,  sigma = 2.596E-06,  chi^2/iteration = 7.276E-12

 MONACO:  grid written to file grid2_1.vout.2
  
  result for virtual contribution, no.            2
  sigma =    5.4112779201076684E-004  +-    2.5961306642053740E-006  fb  
  
 total result for virtual contns so far 
  sigma =    3.9001709444495984E-002  +-    2.3605968607821779E-005  fb
  

 MONACO input parameters:
 ndim = 12,  ncall =       4M,   rtype = 0
 nprn =  0,  acc = -1.0E+0,  alph = 8.75E-1,  nd = 48,  mds =  0

 MONACO:  grid read from file grid2_1.out.6                                                                                                                                                                                                                                             

 iteration  1:
 integral =  2.588328E-03,  sigma = 8.643E-06
 efficacy = 5.792E-04,  raw efficacy = 1.958E-05
 f_positive = 1.949E-1,  f_zero = 7.742E-1,  f_negative = 3.085E-2
 accumulated statistics:
 integral =  2.588328E-03,  sigma = 8.643E-06,  chi^2/iteration = 0.000E+00

 MONACO:  grid written to file grid2_1.vout.3
  
  result for virtual contribution, no.            3
  sigma =    2.5883276484001110E-003  +-    8.6425003207162224E-006  fb  
  
 total result for virtual contns so far 
  sigma =    4.1590037092896097E-002  +-    2.5138308728055821E-005  fb
  
  
 PHASE SPACE            2
  

 MONACO input parameters:
 ndim = 12,  ncall =      64M,   rtype = 0
 nprn =  0,  acc = -1.0E+0,  alph = 8.75E-1,  nd = 48,  mds =  0

 MONACO:  grid read from file grid2_2.out.6                                                                                                                                                                                                                                             

 iteration  1:
 integral =  3.225750E-02,  sigma = 2.494E-05
 efficacy = 1.156E-04,  raw efficacy = 2.193E-06
 f_positive = 9.968E-2,  f_zero = 9.003E-1,  f_negative = 0.000E+0
 accumulated statistics:
 integral =  3.225750E-02,  sigma = 2.494E-05,  chi^2/iteration = 0.000E+00

 MONACO:  grid written to file grid2_2.vout.1
  
  result for virtual contribution, no.            1
  sigma =    3.2257500657698966E-002  +-    2.4937929789346405E-005  fb  
  
 total result for virtual contns so far 
  sigma =    3.2257500657698966E-002  +-    2.4937929789346405E-005  fb
  

 MONACO input parameters:
 ndim = 12,  ncall =      16M,   rtype = 0
 nprn =  0,  acc = -1.0E+0,  alph = 8.75E-1,  nd = 48,  mds =  0

 MONACO:  grid read from file grid2_2.out.6                                                                                                                                                                                                                                             

 iteration  1:
 integral =  1.822155E-03,  sigma = 4.153E-06
 efficacy = 1.871E-04,  raw efficacy = 3.944E-06
 f_positive = 8.905E-2,  f_zero = 9.002E-1,  f_negative = 1.077E-2
 accumulated statistics:
 integral =  1.822155E-03,  sigma = 4.153E-06,  chi^2/iteration = 0.000E+00

 MONACO:  grid written to file grid2_2.vout.2
  
  result for virtual contribution, no.            2
  sigma =    1.8221547988610544E-003  +-    4.1525831779607862E-006  fb  
  
 total result for virtual contns so far 
  sigma =    3.4079655456560019E-002  +-    2.5281303155261871E-005  fb
  

 MONACO input parameters:
 ndim = 12,  ncall =       4M,   rtype = 0
 nprn =  0,  acc = -1.0E+0,  alph = 8.75E-1,  nd = 48,  mds =  0

 MONACO:  grid read from file grid2_2.out.6                                                                                                                                                                                                                                             

 iteration  1:
 integral =  3.620663E-05,  sigma = 6.470E-07
 efficacy = 5.140E-05,  raw efficacy = 5.583E-07
 f_positive = 6.370E-2,  f_zero = 9.003E-1,  f_negative = 3.597E-2
 accumulated statistics:
 integral =  3.620663E-05,  sigma = 6.470E-07,  chi^2/iteration = 4.547E-13

 MONACO:  grid written to file grid2_2.vout.3
  
  result for virtual contribution, no.            3
  sigma =    3.6206626280071360E-005  +-    6.4700420979253107E-007  fb  
  
 total result for virtual contns so far 
  sigma =    3.4115862082840093E-002  +-    2.5289580931200559E-005  fb
  
  
 PHASE SPACE            3
  

 MONACO input parameters:
 ndim = 12,  ncall =      64M,   rtype = 0
 nprn =  0,  acc = -1.0E+0,  alph = 8.75E-1,  nd = 48,  mds =  0

 MONACO:  grid read from file grid2_3.out.6                                                                                                                                                                                                                                             

 iteration  1:
 integral =  3.228306E-02,  sigma = 2.647E-05
 efficacy = 2.778E-04,  raw efficacy = 2.264E-06
 f_positive = 9.762E-2,  f_zero = 9.024E-1,  f_negative = 0.000E+0
 accumulated statistics:
 integral =  3.228306E-02,  sigma = 2.647E-05,  chi^2/iteration = 0.000E+00

 MONACO:  grid written to file grid2_3.vout.1
  
  result for virtual contribution, no.            1
  sigma =    3.2283060420256179E-002  +-    2.6466969942584479E-005  fb  
  
 total result for virtual contns so far 
  sigma =    3.2283060420256179E-002  +-    2.6466969942584479E-005  fb
  

 MONACO input parameters:
 ndim = 12,  ncall =      16M,   rtype = 0
 nprn =  0,  acc = -1.0E+0,  alph = 8.75E-1,  nd = 48,  mds =  0

 MONACO:  grid read from file grid2_3.out.6                                                                                                                                                                                                                                             

 iteration  1:
 integral =  1.821075E-03,  sigma = 4.521E-06
 efficacy = 1.098E-04,  raw efficacy = 2.478E-06
 f_positive = 8.549E-2,  f_zero = 9.024E-1,  f_negative = 1.209E-2
 accumulated statistics:
 integral =  1.821075E-03,  sigma = 4.521E-06,  chi^2/iteration = 2.910E-11

 MONACO:  grid written to file grid2_3.vout.2
  
  result for virtual contribution, no.            2
  sigma =    1.8210754704422966E-003  +-    4.5207830843248897E-006  fb  
  
 total result for virtual contns so far 
  sigma =    3.4104135890698474E-002  +-    2.6850288222609237E-005  fb
  

 MONACO input parameters:
 ndim = 12,  ncall =       4M,   rtype = 0
 nprn =  0,  acc = -1.0E+0,  alph = 8.75E-1,  nd = 48,  mds =  0

 MONACO:  grid read from file grid2_3.out.6                                                                                                                                                                                                                                             

 iteration  1:
 integral =  3.732421E-05,  sigma = 1.067E-06
 efficacy = 1.647E-05,  raw efficacy = 6.503E-07
 f_positive = 6.165E-2,  f_zero = 9.027E-1,  f_negative = 3.562E-2
 accumulated statistics:
 integral =  3.732421E-05,  sigma = 1.067E-06,  chi^2/iteration = 2.274E-13

 MONACO:  grid written to file grid2_3.vout.3
  
  result for virtual contribution, no.            3
  sigma =    3.7324205331473697E-005  +-    1.0665876012328425E-006  fb  
  
 total result for virtual contns so far 
  sigma =    3.4141460096029946E-002  +-    2.6871464172022556E-005  fb
  
 
  Total (multi-channel) result (NLO virtual):   0.10984735927176614       +-    4.4649446313824344E-005  fb     4.0646808999167727E-002 %
 
   
 Summary for FF ..
   
 
total number of errors and warnings
===================================
vbffferr: no errors
the warning system has been disabled
 
 vbfquadffopen: error: could not open /itp/scratch/rauch/vbfquadnlotest/binaryrelease30/share/VBFNLO/ff/fferr.dat                                                     
         adjust path in vbfquadffopen (vbfquadffinit.f)
vbfquadfferr:  warning cannot open fferr.dat with error texts
 
total number of errors and warnings
===================================
vbfquadfferr: no errors
the warning system has been disabled
 
  
 PHASE SPACE            1
  

 MONACO input parameters:
 ndim = 15,  ncall =       2M,   rtype = 0
 nprn =  0,  acc = -1.0E+0,  alph = 8.75E-1,  nd = 48,  mds =  0

 MONACO:  continuing with uniform grid
  External b-quark contributions are included
  
  creal =   -6.5797362673929038       cvirtual =    5.1594725347858095     
  

 iteration  1:
 integral =  5.498208E-04,  sigma = 7.989E-04
 efficacy = 5.817E-07,  raw efficacy = 5.817E-07
 f_positive = 1.353E-2,  f_zero = 9.691E-1,  f_negative = 1.733E-2
 accumulated statistics:
 integral =  5.498208E-04,  sigma = 7.989E-04,  chi^2/iteration = 0.000E+00

 MONACO:  grid written to file grid3_1.out.1

 MONACO input parameters:
 ndim = 15,  ncall =       4M,   rtype = 0
 nprn =  0,  acc = -1.0E+0,  alph = 8.75E-1,  nd = 48,  mds =  0

 iteration  2:
 integral =  1.679383E-03,  sigma = 2.781E-04
 efficacy = 2.458E-06,  raw efficacy = 1.784E-07
 f_positive = 7.219E-2,  f_zero = 8.542E-1,  f_negative = 7.365E-2
 accumulated statistics:
 integral =  1.557268E-03,  sigma = 2.627E-04,  chi^2/iteration = 1.783E+06

 MONACO:  grid written to file grid3_1.out.2

 MONACO input parameters:
 ndim = 15,  ncall =       8M,   rtype = 0
 nprn =  0,  acc = -1.0E+0,  alph = 8.75E-1,  nd = 48,  mds =  0

 iteration  3:
 integral =  1.469761E-03,  sigma = 1.370E-04
 efficacy = 2.245E-06,  raw efficacy = 5.546E-08
 f_positive = 1.157E-1,  f_zero = 7.783E-1,  f_negative = 1.060E-1
 accumulated statistics:
 integral =  1.488468E-03,  sigma = 1.214E-04,  chi^2/iteration = 1.870E+00

 MONACO:  grid written to file grid3_1.out.3

 MONACO input parameters:
 ndim = 15,  ncall =      16M,   rtype = 0
 nprn =  0,  acc = -1.0E+0,  alph = 8.75E-1,  nd = 48,  mds =  0

 iteration  4:
 integral =  1.417156E-03,  sigma = 8.962E-05
 efficacy = 3.270E-06,  raw efficacy = 1.781E-08
 f_positive = 1.296E-1,  f_zero = 7.545E-1,  f_negative = 1.159E-1
 accumulated statistics:
 integral =  1.442300E-03,  sigma = 7.211E-05,  chi^2/iteration = 1.047E+00

 MONACO:  grid written to file grid3_1.out.4

 MONACO input parameters:
 ndim = 15,  ncall =      32M,   rtype = 0
 nprn =  0,  acc = -1.0E+0,  alph = 8.75E-1,  nd = 48,  mds =  0

 iteration  5:
 integral =  1.529793E-03,  sigma = 5.350E-05
 efficacy = 3.072E-06,  raw efficacy = 1.163E-08
 f_positive = 1.324E-1,  f_zero = 7.446E-1,  f_negative = 1.231E-1
 accumulated statistics:
 integral =  1.498734E-03,  sigma = 4.297E-05,  chi^2/iteration = 1.014E+00

 MONACO:  grid written to file grid3_1.out.5

 MONACO input parameters:
 ndim = 15,  ncall =      64M,   rtype = 0
 nprn =  0,  acc = -1.0E+0,  alph = 8.75E-1,  nd = 48,  mds =  0

 iteration  6:
 integral =  1.515842E-03,  sigma = 3.297E-05
 efficacy = 3.524E-06,  raw efficacy = 1.913E-09
 f_positive = 1.322E-1,  f_zero = 7.431E-1,  f_negative = 1.248E-1
 accumulated statistics:
 integral =  1.509502E-03,  sigma = 2.616E-05,  chi^2/iteration = 7.857E-01

 MONACO:  grid written to file grid3_1.out.6
 
  result for real emissions 
  sigma =    1.5095019901851807E-003  +-    2.6155754317218198E-005  fb
  
  
 PHASE SPACE            2
  

 MONACO input parameters:
 ndim = 15,  ncall =       2M,   rtype = 0
 nprn =  0,  acc = -1.0E+0,  alph = 8.75E-1,  nd = 48,  mds =  0

 MONACO:  continuing with uniform grid

 iteration  1:
 integral =  7.424158E-04,  sigma = 2.633E-03
 efficacy = 2.349E-07,  raw efficacy = 2.349E-07
 f_positive = 2.013E-2,  f_zero = 9.558E-1,  f_negative = 2.407E-2
 accumulated statistics:
 integral =  7.424158E-04,  sigma = 2.633E-03,  chi^2/iteration = 0.000E+00

 MONACO:  grid written to file grid3_2.out.1

 MONACO input parameters:
 ndim = 15,  ncall =       4M,   rtype = 0
 nprn =  0,  acc = -1.0E+0,  alph = 8.75E-1,  nd = 48,  mds =  0

 iteration  2:
 integral =  1.154040E-03,  sigma = 6.112E-04
 efficacy = 6.671E-07,  raw efficacy = 6.748E-09
 f_positive = 7.032E-2,  f_zero = 8.727E-1,  f_negative = 5.701E-2
 accumulated statistics:
 integral =  1.133000E-03,  sigma = 5.954E-04,  chi^2/iteration = 2.318E+04

 MONACO:  grid written to file grid3_2.out.2

 MONACO input parameters:
 ndim = 15,  ncall =       8M,   rtype = 0
 nprn =  0,  acc = -1.0E+0,  alph = 8.75E-1,  nd = 48,  mds =  0

 iteration  3:
 integral =  4.931758E-04,  sigma = 2.487E-04
 efficacy = 5.088E-07,  raw efficacy = 2.168E-09
 f_positive = 7.113E-2,  f_zero = 8.685E-1,  f_negative = 6.038E-2
 accumulated statistics:
 integral =  5.882560E-04,  sigma = 2.295E-04,  chi^2/iteration = 1.006E+00

 MONACO:  grid written to file grid3_2.out.3

 MONACO input parameters:
 ndim = 15,  ncall =      16M,   rtype = 0
 nprn =  0,  acc = -1.0E+0,  alph = 8.75E-1,  nd = 48,  mds =  0

 iteration  4:
 integral =  1.433865E-03,  sigma = 1.626E-04
 efficacy = 8.283E-07,  raw efficacy = 1.860E-09
 f_positive = 6.357E-2,  f_zero = 8.719E-1,  f_negative = 6.458E-2
 accumulated statistics:
 integral =  1.151192E-03,  sigma = 1.327E-04,  chi^2/iteration = 5.022E+00

 MONACO:  grid written to file grid3_2.out.4

 MONACO input parameters:
 ndim = 15,  ncall =      32M,   rtype = 0
 nprn =  0,  acc = -1.0E+0,  alph = 8.75E-1,  nd = 48,  mds =  0

 iteration  5:
 integral =  1.046527E-03,  sigma = 8.241E-05
 efficacy = 1.143E-06,  raw efficacy = 2.990E-10
 f_positive = 5.693E-2,  f_zero = 8.835E-1,  f_negative = 5.958E-2
 accumulated statistics:
 integral =  1.075661E-03,  sigma = 7.001E-05,  chi^2/iteration = 3.498E+00

 MONACO:  grid written to file grid3_2.out.5

 MONACO input parameters:
 ndim = 15,  ncall =      64M,   rtype = 0
 nprn =  0,  acc = -1.0E+0,  alph = 8.75E-1,  nd = 48,  mds =  0

 iteration  6:
 integral =  1.340383E-03,  sigma = 1.593E-04
 efficacy = 1.333E-07,  raw efficacy = 7.012E-10
 f_positive = 5.365E-2,  f_zero = 8.836E-1,  f_negative = 6.272E-2
 accumulated statistics:
 integral =  1.118500E-03,  sigma = 6.409E-05,  chi^2/iteration = 3.202E+00

 MONACO:  grid written to file grid3_2.out.6
 
  result for real emissions 
  sigma =    1.1185002392194658E-003  +-    6.4094989218662997E-005  fb
  
  
 PHASE SPACE            3
  

 MONACO input parameters:
 ndim = 15,  ncall =       2M,   rtype = 0
 nprn =  0,  acc = -1.0E+0,  alph = 8.75E-1,  nd = 48,  mds =  0

 MONACO:  continuing with uniform grid

 iteration  1:
 integral = -1.866478E-03,  sigma = 1.775E-03
 efficacy = 9.194E-07,  raw efficacy = 9.194E-07
 f_positive = 2.022E-2,  f_zero = 9.557E-1,  f_negative = 2.404E-2
 accumulated statistics:
 integral = -1.866478E-03,  sigma = 1.775E-03,  chi^2/iteration = 2.220E-16

 MONACO:  grid written to file grid3_3.out.1

 MONACO input parameters:
 ndim = 15,  ncall =       4M,   rtype = 0
 nprn =  0,  acc = -1.0E+0,  alph = 8.75E-1,  nd = 48,  mds =  0

 iteration  2:
 integral =  7.007198E-04,  sigma = 4.489E-04
 efficacy = 1.327E-06,  raw efficacy = 1.513E-08
 f_positive = 6.627E-2,  f_zero = 8.786E-1,  f_negative = 5.512E-2
 accumulated statistics:
 integral =  5.463660E-04,  sigma = 4.352E-04,  chi^2/iteration = 1.966E+06

 MONACO:  grid written to file grid3_3.out.2

 MONACO input parameters:
 ndim = 15,  ncall =       8M,   rtype = 0
 nprn =  0,  acc = -1.0E+0,  alph = 8.75E-1,  nd = 48,  mds =  0

 iteration  3:
 integral =  9.994750E-04,  sigma = 1.978E-04
 efficacy = 1.438E-06,  raw efficacy = 1.329E-08
 f_positive = 7.539E-2,  f_zero = 8.627E-1,  f_negative = 6.188E-2
 accumulated statistics:
 integral =  9.218799E-04,  sigma = 1.801E-04,  chi^2/iteration = 2.865E+00

 MONACO:  grid written to file grid3_3.out.3

 MONACO input parameters:
 ndim = 15,  ncall =      16M,   rtype = 0
 nprn =  0,  acc = -1.0E+0,  alph = 8.75E-1,  nd = 48,  mds =  0

 iteration  4:
 integral =  1.099019E-03,  sigma = 1.731E-04
 efficacy = 4.916E-07,  raw efficacy = 8.846E-10
 f_positive = 6.569E-2,  f_zero = 8.720E-1,  f_negative = 6.235E-2
 accumulated statistics:
 integral =  1.013949E-03,  sigma = 1.248E-04,  chi^2/iteration = 1.684E+00

 MONACO:  grid written to file grid3_3.out.4

 MONACO input parameters:
 ndim = 15,  ncall =      32M,   rtype = 0
 nprn =  0,  acc = -1.0E+0,  alph = 8.75E-1,  nd = 48,  mds =  0

 iteration  5:
 integral =  1.259876E-03,  sigma = 8.734E-05
 efficacy = 1.325E-06,  raw efficacy = 3.242E-10
 f_positive = 5.652E-2,  f_zero = 8.811E-1,  f_negative = 6.240E-2
 accumulated statistics:
 integral =  1.179036E-03,  sigma = 7.156E-05,  chi^2/iteration = 1.991E+00

 MONACO:  grid written to file grid3_3.out.5

 MONACO input parameters:
 ndim = 15,  ncall =      64M,   rtype = 0
 nprn =  0,  acc = -1.0E+0,  alph = 8.75E-1,  nd = 48,  mds =  0

 iteration  6:
 integral =  1.275067E-03,  sigma = 1.546E-04
 efficacy = 1.356E-07,  raw efficacy = 2.849E-11
 f_positive = 5.197E-2,  f_zero = 8.854E-1,  f_negative = 6.259E-2
 accumulated statistics:
 integral =  1.195987E-03,  sigma = 6.494E-05,  chi^2/iteration = 1.573E+00

 MONACO:  grid written to file grid3_3.out.6
 
  result for real emissions 
  sigma =    1.1959874905969456E-003  +-    6.4936585693543364E-005  fb
  
 
  Total (multi-channel) result (NLO real):    3.8239897200015921E-003  +-    9.4916022295385438E-005  fb     2.4821202263939641      %
 
 
total number of errors and warnings
===================================
fferr: no errors
 
  
  final result at NLO 
  sigma =   0.11367134899176774       +-    1.0489339514244539E-004  fb   9.2277778061771690E-002 %
 
 
 LO for different PHASESPACE:
   3.0496279156021315E-002  +-    1.4247351101047501E-005  fb   4.6718325957592906E-002
   2.4920123520296385E-002  +-    1.5137571471269609E-005  fb   6.0744367735339269E-002
   2.4914546849942213E-002  +-    1.5687479236519776E-005  fb   6.2965139727420572E-002
  
  
 VIRTUAL CONTRIBUTIONS for different PHASESPACE:
  borntype for different PHASESPACE:
   3.8460581652485219E-002  +-    2.3462776039672712E-005  fb   6.1004735320108215E-002
   3.2257500657698966E-002  +-    2.4937929789346405E-005  fb   7.7308933677087036E-002
   3.2283060420256179E-002  +-    2.6466969942584479E-005  fb   8.1984079570032453E-002
  boxes for different PHASESPACE:
   5.4112779201076684E-004  +-    2.5961306642053740E-006  fb  0.47976295110595957     
   1.8221547988610544E-003  +-    4.1525831779607862E-006  fb  0.22789409442909989     
   1.8210754704422966E-003  +-    4.5207830843248897E-006  fb  0.24824798080591892     
 pentagons for different PHASESPACE:
   2.5883276484001110E-003  +-    8.6425003207162224E-006  fb  0.33390287068402247     
   3.6206626280071360E-005  +-    6.4700420979253107E-007  fb   1.7869773471510970     
   3.7324205331473697E-005  +-    1.0665876012328425E-006  fb   2.8576297653507994     
   
 TOTAL VIRTUAL CONTRIBUTIONS:
 TOTAL borntype:
  0.10300114273044036        4.3277045874318652E-005   4.2016083246354897E-002  %
 TOTAL boxes:
   4.1843580613141178E-003   6.6649321955312044E-006  0.15928207141618397       %
 TOTAL pentagons:
   2.6618584800116559E-003   8.7320693625378916E-006  0.32804408754666986       %
  
  
  REAL EMISSION for different PHASESPACE:
   1.5095019901851807E-003   2.6155754317218198E-005   1.7327406314985712       %
   1.1185002392194658E-003   6.4094989218662997E-005   5.7304403674862909       %
   1.1959874905969456E-003   6.4936585693543364E-005   5.4295371986819010       %
  
  
  
 !!!!!!!!!!!!!!!!!!!!!!!!!!!!!!!!!!!!!!!!!!!!!!!!!!!!!!!!!!!!!!!!!!!!!!!!!!!!!!!!!!!!!!!!!!!!!!!!!!!!!!!!
     VBFNLO 3.0.0 beta0 svn 7626
   
  PROCESS:          470   :   p p -->  ZZA -->  e- e+ mu- mu+ A
   
  TOTAL result (LO):          8.0330949526259909E-002  +-    2.6042851000621153E-005  fb     3.2419448735767568E-002 %
  NLO virtual result:        0.10984735927176614       +-    4.4649446313824344E-005  fb     4.0646808999167727E-002 %
  QCD real emission:          3.8239897200015921E-003  +-    9.4916022295385438E-005  fb     2.4821202263939641      %
  TOTAL result (NLO):        0.11367134899176774       +-    1.0489339514244539E-004  fb     9.2277778061771690E-002 %
  K-Factor:                   1.4150380353043004     
 !!!!!!!!!!!!!!!!!!!!!!!!!!!!!!!!!!!!!!!!!!!!!!!!!!!!!!!!!!!!!!!!!!!!!!!!!!!!!!!!!!!!!!!!!!!!!!!!!!!!!!!!
  
  
