running on itppc72
command to run:
/itp/fast/robin/vbfnlo-installs/mpi-disable/bin/vbfnlo
   
 -----------------------------------------------------------------
 VBFNLO, version 3.0.0 beta2 GIT a9d9ebca
 Comput. Phys. Commun. 180 (2009) 1661[arXiv:0811.4559 [hep-ph]]
 arXiV:1107.4038, arXiV:1207.4975, arXiv:1404.3940
 http://www.itp.kit.edu/vbfnlo
 -----------------------------------------------------------------
 Process-specific references (please cite as well if appropriate):
 
 B. Feigl, PhD-thesis, http://digbib.ubka.uni-karlsruhe.de/volltexte/1000037298
 
 -----------------------------------------------------------------
   
   
  
        Information on global parameters
 -----------------------------------------------
   PROCESS               =      331
   LOPROCESS_PLUS_JET    =        F
   KK_MOD                =        F
   ANOM_CPL              =        F
   LEPTONS               =    12  -11
  
   Numbers for the final state leptons are not
   valid default values are used:           11         -11           0           0           0           0
  
   DECAY_QUARKS          =    93
   LO_ITERATIONS         =        6
   NLO_ITERATIONS        =        6
   LO_POINTS             =       26
   NLO_POINTS            =       26
   NLO_SWITCH            =        T
   EWCOR_SWITCH          =        F
   FERMIONLOOP           =        0
 Warning: cannot read value for key = NLO_SEMILEP_DECAY. Using default value :            0
   LHA_SWITCH            =        F
   HEPMC_SWITCH          =        F
   LO_GRID               = grid2_1                                           
   NLO_GRID              = grid3_1                                           
   PHTN_GRID             = grid4_1                                           
   FLOOP_GRID            = grid5_1                                           
   ECM                   =  14000.0    
   BEAM1                 =        1
   BEAM2                 =        1
   ID_MUF                =        3
   ID_MUR                =        3
   MUF_USER              =  100.000    
   MUR_USER              =  100.000    
   XIF                   =  1.00000    
   XIR                   =  1.00000    
 Warning: cannot read value for key = SHOWTIMING. Using default value :  T
 
       information on the selected process 
 -----------------------------------------------
 
  pp -> Z Z -> q q~ l+ l-
 
 Z Z production with subsequent decay of one Z-boson to leptons
 and one Z-boson to q q~.
 Process is implemented at LO and NLO QCD.
 The gluon-induced loop contribution can be included via the input FERMIONBOX.
 Anomalous HVV couplings can be input via "anom_HVV.dat".
 References for semileptonic decays:
 B. Feigl, PhD-thesis, http://digbib.ubka.uni-karlsruhe.de/volltexte/1000037298
 
 Initializing PDF set CT10
  
               Physics parameters
 -----------------------------------------------
   HTYPE                 =        0
   MODEL                 =        1
   ANOM_CPL              =        F
   KK_MOD                =        F
   SPIN2                 =        F
   HMASS                 =  120.000    
   HWIDTH                = -999.000    
   TOPMASS               =  172.400    
   BOTTOMMASS            =  4.85500    
   CHARMMASS             =  1.65000    
   TAU_MASS              =  1.77684    
   EWSCHEME              =        3
   FERMI_CONST           = 0.116637E-04
   WMASS                 =  80.3980    
   ZMASS                 =  91.1876    
   
 Running in the SM
   
 Higgs mass =   120.00000000000000     
   
   
  
 Information on scale setting in InitScales 
 -------------------------------------------
  
 Dynamical factorization scale chosen:
       invariant VV mass 
 Dynamical value for alphas chosen:
 alphas = alpha(invariant VV mass)
 Initializing PDF set cteq6l1
  
  
  
  
   Information on couplings, masses and widths
 ===============================================
  
   SM coupling parameters 
 ---------------------------
   G_Fermi                         : 0.000011663700
   SIN**2 of the weak mixing angle : 0.22264585
   Q.E.D. fine structure constant  : 1/132.34070    
   SU(2) coupling constant g       : 0.65305673
   U(1) coupling constant g'       : 0.34950127
   Q.C.D. LO alfas(MZ)             : 0.12980813
   Q.C.D. NLO alfas(MZ)            : 0.11798159
  
      particle masses
 ---------------------------
   mass of the Z0 boson            :   91.1876
   mass of the W+/- boson          :   80.3980
   mass of the Higgs boson         :  120.0000
   mass of the top quark           :  172.4000
   mass of the bottom quark at MH  :    2.8132
  (All other fermions have mass equal ZERO)
  
      particle widths
 ---------------------------
   total widths of Z0              :   2.508420 GeV
   total widths of W+ or W-        :   2.097673 GeV
   total widths of Higgs           :   0.003578 GeV
   total widths of top quark       :   1.339784 GeV
  
     branching ratios
 ---------------------------
   W -> lepton anti-lepton         : 10.8397227 %
   W -> massless quark anti-quark  : 33.7404159 %
   W -> top bottom                 :  0.0000000 %
  
   Z -> neutrino anti-neutrino     :  6.6129820 %
   Z -> charged lepton anti-lepton :  3.3460763 %
   Z -> up-type quark anti-quark   : 11.9908090 %
   Z -> down-type quark anti-quark : 15.3804024 %
   Z -> top anti-top               :  0.0000000 %
  
   H -> WW                         : 13.4257085 %
   H -> ZZ                         :  1.5167593 %
   H -> bottom anti-bottom         : 65.5969832 %
   H -> top anti-top               :  0.0000000 %
   H -> charm anti-charm           :  3.8970452 %
   H -> tau anti-tau               :  6.9405324 %
   H -> mu anti-mu                 :  0.0245739 %
   H -> gluon gluon                :  8.2279367 %
   H -> gamma gamma                :  0.2323288 %
   H -> Z gamma                    :  0.1381319 %
  
 Warning: cannot read value for key = MLL_OSONLY. Using default value :  T
 Warning: cannot read value for key = PTMISS_MIN. Using default value :    0.0000000000000000     
 Input Error in line           67  of cuts.dat                                                                                                                                                                                                                                                  
 
 Warning: cannot read value for key = SINGLE_DECAYJET. Using default value :            0
 Warning: cannot read value for key = VBFCUTS_ALWAYS. Using default value :  F
 
          information on cut parameters
 -----------------------------------------------
 
 minimum jet pt        (PT_JET_MIN):     20.00    20.00    20.00   
 maximum jet rapidity                 (Y_JET_MAX):    4.5000000000000000     
 maximum parton pseudorapidity          (Y_P_MAX):    5.0000000000000000     
 minimum jet-jet R-separation           (RJJ_MIN):   0.80000000000000004     
 minimum number of jets                (NJET_MIN):            2
 single jet from hadronic decay (SINGLE_DECAYJET):            0
 exponent of generalised kT algorithm (PGENKTJET):    1.0000000000000000     
 minimum lepton-lepton R-separation     (RLL_MIN):    0.0000000000000000     
 maximum lepton-lepton R-separation     (RLL_MAX):    50.000000000000000     
 minimum jet-lepton R-separation        (RJL_MIN):    0.0000000000000000     
 minimum jet-photon R-separation        (RJG_MIN):    0.0000000000000000     
 minimum lepton-photon R-separation     (RLG_MIN):    0.0000000000000000     
 minimum photon-photon R-separation     (RGG_MIN):    0.0000000000000000     
 maximum photon-photon R-separation     (RGG_MAX):    50.000000000000000     
 maximum lepton rapidity                (Y_L_MAX):    2.5000000000000000     
 minimum lepton pt       (PT_L_MIN):     10.00    10.00   
 minimum invariant dilepton mass        (MLL_MIN):    15.000000000000000     
 maximum invariant dilepton mass        (MLL_MAX):    14000.000000000000     
 m_ll cuts only on opposite-sign l   (MLL_OSONLY):  T
 maximum photon rapidity                (Y_G_MAX):    1.5000000000000000     
 minimum photon pt       (PT_G_MIN):    
 photon isolation cut                 (PHISOLCUT):   0.69999999999999996     
 efficiency of photon isolation cut   (EFISOLCUT):    1.0000000000000000     
 minimum invariant lepton-photon mass   (MLG_MIN):    0.0000000000000000     
 maximum invariant lepton-photon mass   (MLG_MAX):    1.0000000000000000E+020
 minimal missing transverse momentum (PTMISS_MIN):    0.0000000000000000     
 minimum jet rapidity separation      (ETAJJ_MIN):    0.0000000000000000     
 tagging jets in opposite hemispheres     (YSIGN):    F
 leptons fall inside rapidity gap     (LRAPIDGAP):    F
 min leptons y-dist from tagging jets   (DELY_JL):    0.0000000000000000     
 photons fall inside rapidity gap     (GRAPIDGAP):    T
 min photons y-dist from tagging jets   (DELY_JG):    0.0000000000000000     
 dijet min mass cut on tag jets        (MDIJ_MIN):    600.00000000000000     
 dijet max mass cut on tag jets        (MDIJ_MAX):    14000.000000000000     
 veto criteria for jets                   (JVETO):    F
 minimum veto-tag y-dist             (DELY_JVETO):    0.0000000000000000     
 maximum |y| for veto jet             (YMAX_VETO):    5.0000000000000000     
 minimum pT for veto jet             (PTMIN_VETO):    10.000000000000000     
 definition of tagging jets          (DEF_TAGJET):            1
 minimal pt for harder tagging jet  (PTMIN_TAG_1):    20.000000000000000     
 minimal pt for softer tagging jet  (PTMIN_TAG_2):    20.000000000000000     
 mass reconst. cut for V -> had   (RECONST_HAD_V):            0
 mass range for RECONST_HAD_V      (V_MASS_RANGE):    20.000000000000000     
 
 
          information on technical cuts
 -----------------------------------------------
  
  
 Hadronically decaying Z bosons / photons with Q^2 <      100.0 GeV^2 are neglected. 

 --------------------PHASE SPACE--------------------

 boson has mass    91.19 GeV and width     2.5084 GeV
 integration range for boson   2 =      0.032  to     9899.495 GeV
 boson has mass    91.19 GeV and width     2.5084 GeV
 integration range for boson   2 =      0.032  to     9899.495 GeV

 machine energy =    14000.0  GeV

 configuration   0

 ---------------------------------------------------

  Open error on file random.dat
  Using default values.
  Random number generator initialized with seed =            0
 
          information on histogram config
 -----------------------------------------------
 
  Open error on file histograms.dat
  Using default values.
 SMEARING           =      F
 CALC_ERROR_GNUPLOT =      F
 CALC_ERROR_ROOT    =      F
 CALC_ERROR_1D      =      T
 CALC_ERROR_2D      =      F
 
HIST_ID1      =      0.00    250.00  # dS/dpT_j (fb/GeV)
HIST_ID2      =      0.00    500.00  # dS/dpTmax_j (fb/GeV)
HIST_ID3      =      0.00    200.00  # dS/dpTmin_j (fb/GeV)
HIST_ID4      =     -5.00      5.00  # dS/dy_j (fb)
HIST_ID5      =     -5.00      5.00  # dS/dy_j1 (fb)
HIST_ID6      =     -5.00      5.00  # dS/dy_j2 (fb)
HIST_ID7      =      0.00    500.00  # dS/dpTmax_l (fb/GeV)
HIST_ID8      =      0.00    200.00  # dS/dpTmin_l (fb/GeV)
HIST_ID9      =      0.00      5.00  # dS/d|eta|max_l (fb)
HIST_ID10     =      0.00      5.00  # dS/d|eta|min_l (fb)
HIST_ID11     =   -180.00    180.00  # dS/dPhi_jj (fb)
2DHIST_ID1    =      0.00      6.00      0.00    800.00  # d2S/dy_jj dm_jj (fb/GeV)
 
 -----------------------------------------------
 
 
 
Starttime: 2016-11-30T11:43:31+0100

 MONACO input parameters:
 ndim =  9,  ncall =       2M,   rtype = 0
 nprn =  0,  acc = -1.0E+0,  alph = 8.75E-1,  nd = 48,  mds =  0

 MONACO:  continuing with uniform grid
  
 ZZ amplitude square information:
 -----------------------------------------------
  
  External b-quark contributions are included

 iteration  1:
 integral =  2.116704E+02,  sigma = 1.385E+00
 efficacy = 5.048E-04,  raw efficacy = 5.048E-04
 f_positive = 1.593E-1,  f_zero = 8.407E-1,  f_negative = 0.000E+0
 accumulated statistics:
 integral =  2.116704E+02,  sigma = 1.385E+00,  chi^2/iteration = 0.000E+00

 MONACO:  grid written to file grid2_1.out.1

 MONACO input parameters:
 ndim =  9,  ncall =       4M,   rtype = 0
 nprn =  0,  acc = -1.0E+0,  alph = 8.75E-1,  nd = 48,  mds =  0

 iteration  2:
 integral =  2.122210E+02,  sigma = 4.880E-01
 efficacy = 1.997E-03,  raw efficacy = 5.000E-04
 f_positive = 2.913E-1,  f_zero = 7.087E-1,  f_negative = 0.000E+0
 accumulated statistics:
 integral =  2.121603E+02,  sigma = 4.603E-01,  chi^2/iteration = 1.406E+05

 MONACO:  grid written to file grid2_1.out.2

 MONACO input parameters:
 ndim =  9,  ncall =       8M,   rtype = 0
 nprn =  0,  acc = -1.0E+0,  alph = 8.75E-1,  nd = 48,  mds =  0

 iteration  3:
 integral =  2.131926E+02,  sigma = 2.653E-01
 efficacy = 1.394E-03,  raw efficacy = 3.543E-04
 f_positive = 3.721E-1,  f_zero = 6.279E-1,  f_negative = 0.000E+0
 accumulated statistics:
 integral =  2.129352E+02,  sigma = 2.298E-01,  chi^2/iteration = 3.916E+00

 MONACO:  grid written to file grid2_1.out.3

 MONACO input parameters:
 ndim =  9,  ncall =      16M,   rtype = 0
 nprn =  0,  acc = -1.0E+0,  alph = 8.75E-1,  nd = 48,  mds =  0

 iteration  4:
 integral =  2.133315E+02,  sigma = 1.694E-01
 efficacy = 7.761E-04,  raw efficacy = 2.341E-04
 f_positive = 4.139E-1,  f_zero = 5.861E-1,  f_negative = 0.000E+0
 accumulated statistics:
 integral =  2.131920E+02,  sigma = 1.364E-01,  chi^2/iteration = 2.922E+00

 MONACO:  grid written to file grid2_1.out.4

 MONACO input parameters:
 ndim =  9,  ncall =      32M,   rtype = 0
 nprn =  0,  acc = -1.0E+0,  alph = 8.75E-1,  nd = 48,  mds =  0

 iteration  5:
 integral =  2.133048E+02,  sigma = 1.156E-01
 efficacy = 8.493E-04,  raw efficacy = 2.147E-04
 f_positive = 4.357E-1,  f_zero = 5.643E-1,  f_negative = 0.000E+0
 accumulated statistics:
 integral =  2.132576E+02,  sigma = 8.816E-02,  chi^2/iteration = 2.080E+00

 MONACO:  grid written to file grid2_1.out.5

 MONACO input parameters:
 ndim =  9,  ncall =      64M,   rtype = 0
 nprn =  0,  acc = -1.0E+0,  alph = 8.75E-1,  nd = 48,  mds =  0

 iteration  6:
 integral =  2.131092E+02,  sigma = 7.959E-02
 efficacy = 1.108E-03,  raw efficacy = 2.490E-04
 f_positive = 4.480E-1,  f_zero = 5.520E-1,  f_negative = 0.000E+0
 accumulated statistics:
 integral =  2.131759E+02,  sigma = 5.908E-02,  chi^2/iteration = 1.951E+00

 MONACO:  grid written to file grid2_1.out.6
 
  result (LO):    213.17585997535977       +-    5.9078576007687261E-002  fb     2.7713539429143591E-002 %
 
   
 Initialising FF ..
   
 ====================================================
   FF 2.0, a package to evaluate one-loop integrals
 written by G. J. van Oldenborgh, NIKHEF-H, Amsterdam
 ====================================================
 for the algorithms used see preprint NIKHEF-H 89/17,
 'New Algorithms for One-loop Integrals', by G.J. van
 Oldenborgh and J.A.M. Vermaseren, published in 
 Zeitschrift fuer Physik C46(1990)425.
 ====================================================
  No NLO fermion loop calculation performed.
 Initializing PDF set CT10

 MONACO input parameters:
 ndim =  9,  ncall =      64M,   rtype = 0
 nprn =  0,  acc = -1.0E+0,  alph = 8.75E-1,  nd = 48,  mds =  0

 MONACO:  grid read from file grid2_1.out.6                                                                                                                                                                                                                                             

 iteration  1:
 integral =  2.712197E+02,  sigma = 9.936E-02
 efficacy = 8.516E-04,  raw efficacy = 2.247E-04
 f_positive = 4.561E-1,  f_zero = 5.439E-1,  f_negative = 0.000E+0
 accumulated statistics:
 integral =  2.712197E+02,  sigma = 9.936E-02,  chi^2/iteration = 0.000E+00

 MONACO:  grid written to file grid2_1.vout.1
  
  result for virtual contribution, no.            1
  sigma =    271.21967322380601       +-    9.9362493760501949E-002  fb  
  
 total result for virtual contns so far 
  sigma =    271.21967322380601       +-    9.9362493760501949E-002  fb
  

 MONACO input parameters:
 ndim =  9,  ncall =       4M,   rtype = 0
 nprn =  0,  acc = -1.0E+0,  alph = 8.75E-1,  nd = 48,  mds =  0

 MONACO:  grid read from file grid2_1.out.6                                                                                                                                                                                                                                             

 iteration  1:
 integral =  2.110884E+01,  sigma = 6.105E-02
 efficacy = 2.141E-04,  raw efficacy = 3.410E-05
 f_positive = 4.142E-1,  f_zero = 5.441E-1,  f_negative = 4.170E-2
 accumulated statistics:
 integral =  2.110884E+01,  sigma = 6.105E-02,  chi^2/iteration = 0.000E+00

 MONACO:  grid written to file grid2_1.vout.2
  
  result for virtual contribution, no.            2
  sigma =    21.108840381746994       +-    6.1051282827246887E-002  fb  
  
 total result for virtual contns so far 
  sigma =    292.32851360555298       +-   0.11661974233018300       fb
  
   
 Summary for FF ..
   
 
total number of errors and warnings
===================================
vbffferr: no errors
the warning system has been disabled
 

 MONACO input parameters:
 ndim = 12,  ncall =       2M,   rtype = 0
 nprn =  0,  acc = -1.0E+0,  alph = 8.75E-1,  nd = 48,  mds =  0

 MONACO:  continuing with uniform grid
  
 Z Z j amplitude square information:
 -----------------------------------------------
  
  External b-quark contributions are included
  
  creal =   -6.5797362673929038       cvirtual =    5.1594725347858095     
  

 iteration  1:
 integral =  4.977877E+01,  sigma = 2.752E+00
 efficacy = 1.737E-05,  raw efficacy = 1.737E-05
 f_positive = 8.423E-2,  f_zero = 8.727E-1,  f_negative = 4.305E-2
 accumulated statistics:
 integral =  4.977877E+01,  sigma = 2.752E+00,  chi^2/iteration = 0.000E+00

 MONACO:  grid written to file grid3_1.out.1

 MONACO input parameters:
 ndim = 12,  ncall =       4M,   rtype = 0
 nprn =  0,  acc = -1.0E+0,  alph = 8.75E-1,  nd = 48,  mds =  0

 iteration  2:
 integral =  4.551530E+01,  sigma = 9.954E-01
 efficacy = 1.783E-05,  raw efficacy = 4.500E-06
 f_positive = 1.482E-1,  f_zero = 7.792E-1,  f_negative = 7.257E-2
 accumulated statistics:
 integral =  4.600847E+01,  sigma = 9.361E-01,  chi^2/iteration = 2.122E+06

 MONACO:  grid written to file grid3_1.out.2

 MONACO input parameters:
 ndim = 12,  ncall =       8M,   rtype = 0
 nprn =  0,  acc = -1.0E+0,  alph = 8.75E-1,  nd = 48,  mds =  0

 iteration  3:
 integral =  4.568730E+01,  sigma = 1.052E+00
 efficacy = 5.792E-06,  raw efficacy = 6.679E-07
 f_positive = 1.805E-1,  f_zero = 7.247E-1,  f_negative = 9.478E-2
 accumulated statistics:
 integral =  4.586647E+01,  sigma = 6.992E-01,  chi^2/iteration = 2.174E+00

 MONACO:  grid written to file grid3_1.out.3

 MONACO input parameters:
 ndim = 12,  ncall =      16M,   rtype = 0
 nprn =  0,  acc = -1.0E+0,  alph = 8.75E-1,  nd = 48,  mds =  0

 iteration  4:
 integral =  4.661535E+01,  sigma = 4.058E-01
 efficacy = 2.243E-05,  raw efficacy = 1.842E-07
 f_positive = 1.604E-1,  f_zero = 7.341E-1,  f_negative = 1.055E-1
 accumulated statistics:
 integral =  4.642667E+01,  sigma = 3.509E-01,  chi^2/iteration = 1.516E+00

 MONACO:  grid written to file grid3_1.out.4

 MONACO input parameters:
 ndim = 12,  ncall =      32M,   rtype = 0
 nprn =  0,  acc = -1.0E+0,  alph = 8.75E-1,  nd = 48,  mds =  0

 iteration  5:
 integral =  4.685299E+01,  sigma = 2.785E-01
 efficacy = 9.971E-06,  raw efficacy = 2.523E-07
 f_positive = 1.564E-1,  f_zero = 7.321E-1,  f_negative = 1.115E-1
 accumulated statistics:
 integral =  4.668823E+01,  sigma = 2.182E-01,  chi^2/iteration = 1.313E+00

 MONACO:  grid written to file grid3_1.out.5

 MONACO input parameters:
 ndim = 12,  ncall =      64M,   rtype = 0
 nprn =  0,  acc = -1.0E+0,  alph = 8.75E-1,  nd = 48,  mds =  0

 iteration  6:
 integral =  4.674940E+01,  sigma = 1.549E-01
 efficacy = 2.531E-05,  raw efficacy = 7.156E-08
 f_positive = 1.448E-1,  f_zero = 7.432E-1,  f_negative = 1.120E-1
 accumulated statistics:
 integral =  4.672890E+01,  sigma = 1.263E-01,  chi^2/iteration = 9.975E-01

 MONACO:  grid written to file grid3_1.out.6
 
  result for real emissions 
  sigma =    46.728895526256593       +-   0.12630579274403461       fb
  
  
  final result at NLO 
  sigma =    339.05740913180955       +-   0.17191078378582686       fb   5.0702559258628696E-002 %
 
   
 TOTAL VIRTUAL CONTRIBUTIONS:
 TOTAL borntype:
   271.21967322380601        9.9362493760501949E-002   3.6635430084936964E-002  %
 TOTAL boxes:
   21.108840381746994        6.1051282827246887E-002  0.28922139597984969       %
  
  
  
 !!!!!!!!!!!!!!!!!!!!!!!!!!!!!!!!!!!!!!!!!!!!!!!!!!!!!!!!!!!!!!!!!!!!!!!!!!!!!!!!!!!!!!!!!!!!!!!!!!!!!!!!
   
  PROCESS:          331   :   p p -->  Z Z -->  q q~ e- e+
    with leading order hadronic decay of one vector boson
   
  TOTAL result (LO):          213.17585997535977       +-    5.9078576007687261E-002  fb     2.7713539429143591E-002 %
  NLO virtual result:         292.32851360555298       +-   0.11661974233018300       fb     3.9893386003235137E-002 %
  QCD real emission:          46.728895526256593       +-   0.12630579274403461       fb    0.27029483860380221      %
  TOTAL result (NLO):         339.05740913180955       +-   0.17191078378582686       fb     5.0702559258628696E-002 %
  K-Factor:                   1.5905056471731835     
 !!!!!!!!!!!!!!!!!!!!!!!!!!!!!!!!!!!!!!!!!!!!!!!!!!!!!!!!!!!!!!!!!!!!!!!!!!!!!!!!!!!!!!!!!!!!!!!!!!!!!!!!
  
  
  Endtime: 2016-11-30T16:30:16+0100
  Runtime: 4:46:44 (17204 seconds)
