   
 -----------------------------------------------------
 VBFNLO, version 2.7.0 rc1 svn 6062
 Comput. Phys. Commun. 180 (2009) 1661 [arXiv:0811.4559 [hep-ph]]
 arXiV: 1107.4038, arXiV: 1207.4975
 http://www.itp.kit.edu/~vbfnloweb/
 -----------------------------------------------------
   
   
   
 Initialising LoopTools ..
   
 ====================================================
   FF 2.0, a package to evaluate one-loop integrals
 written by G. J. van Oldenborgh, NIKHEF-H, Amsterdam
 ====================================================
 for the algorithms used see preprint NIKHEF-H 89/17,
 'New Algorithms for One-loop Integrals', by G.J. van
 Oldenborgh and J.A.M. Vermaseren, published in 
 Zeitschrift fuer Physik C46(1990)425.
 ====================================================
  
        Information on global parameters
 -----------------------------------------------
   PROCESS               =      220
   LOPROCESS_PLUS_JET    =        F
   KK_MOD                =        F
   ANOM_CPL              =        F
   LEPTONS               =    12  -11   13  -13
   LO_ITERATIONS         =        4
   NLO_ITERATIONS        =        4
   LO_POINTS             =       21
   NLO_POINTS            =       23
   NLO_SWITCH            =        T
   EWCOR_SWITCH          =        F
   FERMIONLOOP           =        3
   LHA_SWITCH            =        F
   HEPMC_SWITCH          =        F
   LO_GRID               = grid2_1                                           
   NLO_GRID              = grid3_1                                           
   PHTN_GRID             = grid4_1                                           
   FLOOP_GRID            = grid5_1                                           
   ECM                   =  14000.0    
   BEAM1                 =        1
   BEAM2                 =        1
   ID_MUF                =        1
   ID_MUR                =        1
   MUF_USER              =  100.000    
   MUR_USER              =  100.000    
   XIF                   =  1.00000    
   XIR                   =  1.00000    
 
       information on the selected process 
 -----------------------------------------------
 
  pp -> W+ Z jj -> l+ l- l+ vl jj
 
 W+ Z + 2 jets production in vector boson fusion with fully leptonic decay.
 The Higgs contribution is included.
 Process is implemented at LO and NLO QCD.
 This process can be run in the AdS Higgsless and Three-Site Higgsless scenarios using:
    "kk_input.dat" or "kk_coupl_inp.dat".
 Anomalous couplings can be set in "anomV.dat".
 This process can be run in spin-2 models using:
    "spin2coupl.dat"
 References: B. Jager, C. Oleari, D. Zeppenfeld
 Phys. Rev. D75 (2007) 073004, e-Print: /hep-ph/0701105
 C. Englert diploma thesis
 e-Print: http://www-itp.particle.uni-karlsruhe.de/prep/diploma/PSFiles/Diplom_Englert.ps.gz
 For Spin-2:
 J. Frank, M. Rauch and D. Zeppenfeld,
 Phys.Rev.D87, 055020 (2013) [arXiv:1211.3658 [hep-ph]],
 J. Frank diploma thesis
 e-Print: www-itp.particle.uni-karlsruhe.de/prep/diploma/PSFiles/Diplom_Frank.pdf
 
 Initializing PDF set CT10
  
               Physics parameters
 -----------------------------------------------
   HTYPE                 =        0
   MODEL                 =        1
   ANOM_CPL              =        F
   KK_MOD                =        F
   SPIN2                 =        T
   HMASS                 =  130.000    
   HWIDTH                = -999.000    
   TOPMASS               =  173.300    
   BOTTOMMASS            =  4.67000    
   CHARMMASS             =  1.27000    
   TAU_MASS              =  1.77684    
   EWSCHEME              =        3
   FERMI_CONST           = 0.116637E-04
   WMASS                 =  80.3990    
   ZMASS                 =  91.1876    
   
 Running in the SM
   
 Higgs mass =   130.00000000000000     
   
  
 Information on scale setting in InitScales 
 -------------------------------------------
  
 Dynamical factorization scale chosen:
         momentum transfer of W/Z  
 Dynamical value for alphas chosen:
 alphas = alpha(momentum transfer of W/Z)
 Initializing PDF set cteq6l1
  
  
  
  
   Information on couplings, masses and widths
 ===============================================
  
   SM coupling parameters 
 ---------------------------
   G_Fermi                         : 0.000011663700
   SIN**2 of the weak mixing angle : 0.22262652
   Q.E.D. fine structure constant  : 1/132.34890    
   SU(2) coupling constant g       : 0.65306485
   U(1) coupling constant g'       : 0.34948609
   Q.C.D. LO alfas(MZ)             : 0.12980813
   Q.C.D. NLO alfas(MZ)            : 0.11798159
  
      particle masses
 ---------------------------
   mass of the Z0 boson            :   91.1876
   mass of the W+/- boson          :   80.3990
   mass of the Higgs boson         :  130.0000
   mass of the top quark           :  173.3000
   mass of the bottom quark at MH  :    2.6614
  (All other fermions have mass equal ZERO)
  
      particle widths
 ---------------------------
   total widths of Z0              :   2.508474 GeV
   total widths of W+ or W-        :   2.097751 GeV
   total widths of Higgs           :   0.004631 GeV
   total widths of top quark       :   1.364517 GeV
  
     branching ratios
 ---------------------------
   W -> lepton anti-lepton         : 10.8397227 %
   W -> massless quark anti-quark  : 33.7404159 %
   W -> top bottom                 :  0.0000000 %
  
   Z -> neutrino anti-neutrino     :  6.6128398 %
   Z -> charged lepton anti-lepton :  3.3460603 %
   Z -> up-type quark anti-quark   : 11.9909825 %
   Z -> down-type quark anti-quark : 15.3804449 %
   Z -> top anti-top               :  0.0000000 %
  
   H -> WW                         : 30.9744995 %
   H -> ZZ                         :  4.1938962 %
   H -> bottom anti-bottom         : 49.0179917 %
   H -> top anti-top               :  0.0000000 %
   H -> charm anti-charm           :  1.4125148 %
   H -> tau anti-tau               :  5.8102878 %
   H -> mu anti-mu                 :  0.0205681 %
   H -> gluon gluon                :  8.1030353 %
   H -> gamma gamma                :  0.2518109 %
   H -> Z gamma                    :  0.2153958 %
  
  
   Information on spin-2 parameters  
 ------------------------------------------------
   F1                    =  0.00000    
   F2                    =  0.00000    
   F3                    =  0.00000    
   F4                    =  0.00000    
   F5                    =  0.00000    
 Warning: cannot read value for key = F9. Using default value :    0.0000000000000000     
   F6                    =  1.00000    
   F7                    =  1.00000    
   LAMBDA                =  1500.00    
   SP2MASS               =  1000.00    
   MSP2TRIPPM            =  1000.00    
   MSP2TRIPN             =  1000.00    
   BRRAT                 =  1.00000    
   BRRATTRIPPM           =  1.00000    
   BRRATTRIPN            =  1.00000    
   NFF                   =  4.00000    
   LAMBDAFF              =  3000.00    
  
 sp2width is set to 1
 (it is 0 because the spin-2 singlet couplings are 0)
 sp2width   1.0000000000000000     
 sp2widthww   0.0000000000000000     
 sp2widthzz   0.0000000000000000     
 sp2widthaa   0.0000000000000000     
 sp2widthaz   0.0000000000000000     
 sp2widthgg   0.0000000000000000     
 sp2tripnwidth   1.0044502451891213     
 sp2tripnwidthww   7.8535255519117969E-002
 sp2tripnwidthzz  0.35339027868740308     
 sp2tripnwidthaa  0.30604425712824823     
 sp2tripnwidthaz  0.26648045385435198     
 sp2trippmwidth  0.96514356634068099     
 sp2trippmwidthwa  0.67628937692040192     
 sp2trippmwidthwz  0.28885418942027907     
 Warning: cannot read value for key = MLL_OSONLY. Using default value :  T
 Warning: cannot read value for key = PTMISS_MIN. Using default value :    0.0000000000000000     
 
          information on cut parameters
 -----------------------------------------------
 
 minimum jet pt        (PT_JET_MIN):     30.00    30.00    30.00   
 maximum jet rapidity                 (Y_JET_MAX):    4.5000000000000000     
 maximum parton pseudorapidity          (Y_P_MAX):    5.0000000000000000     
 minimum jet-jet R-separation           (RJJ_MIN):   0.69999999999999996     
 minimum number of jets                (NJET_MIN):            2
 single jet from hadronic decay (SINGLE_DECAYJET):            0
 exponent of generalised kT algorithm (PGENKTJET):    1.0000000000000000     
 minimum lepton-lepton R-separation     (RLL_MIN):    0.0000000000000000     
 maximum lepton-lepton R-separation     (RLL_MAX):    50.000000000000000     
 minimum jet-lepton R-separation        (RJL_MIN):   0.40000000000000002     
 minimum jet-photon R-separation        (RJG_MIN):   0.40000000000000002     
 minimum lepton-photon R-separation     (RLG_MIN):    0.0000000000000000     
 minimum photon-photon R-separation     (RGG_MIN):   0.40000000000000002     
 maximum photon-photon R-separation     (RGG_MAX):    50.000000000000000     
 maximum lepton rapidity                (Y_L_MAX):    2.5000000000000000     
 minimum lepton pt       (PT_L_MIN):     20.00    20.00    20.00   
 minimum invariant dilepton mass        (MLL_MIN):    15.000000000000000     
 maximum invariant dilepton mass        (MLL_MAX):    14000.000000000000     
 m_ll cuts only on opposite-sign l   (MLL_OSONLY):  T
 maximum photon rapidity                (Y_G_MAX):    2.5000000000000000     
 minimum photon pt       (PT_G_MIN):    
 photon isolation cut                 (PHISOLCUT):   0.69999999999999996     
 efficiency of photon isolation cut   (EFISOLCUT):    1.0000000000000000     
 minimum invariant lepton-photon mass   (MLG_MIN):    0.0000000000000000     
 maximum invariant lepton-photon mass   (MLG_MAX):    1.0000000000000000E+020
 minimal missing transverse momentum (PTMISS_MIN):    0.0000000000000000     
 minimum jet rapidity separation      (ETAJJ_MIN):    4.0000000000000000     
 tagging jets in opposite hemispheres     (YSIGN):    T
 leptons fall inside rapidity gap     (LRAPIDGAP):    T
 min leptons y-dist from tagging jets   (DELY_JL):    0.0000000000000000     
 photons fall inside rapidity gap     (GRAPIDGAP):    F
 min photons y-dist from tagging jets   (DELY_JG):    0.0000000000000000     
 dijet min mass cut on tag jets        (MDIJ_MIN):    500.00000000000000     
 dijet max mass cut on tag jets        (MDIJ_MAX):    14000.000000000000     
 veto criteria for jets                   (JVETO):    F
 minimum veto-tag y-dist             (DELY_JVETO):    0.0000000000000000     
 maximum |y| for veto jet             (YMAX_VETO):    4.5000000000000000     
 minimum pT for veto jet             (PTMIN_VETO):    25.000000000000000     
 
 
          information on technical cuts
 -----------------------------------------------
  
 Photon exchange with virtuality Q^2 <        4.0 GeV^2 is eliminated. 
  Recover by calculating  q gamma ---> q g V (V)   etc.
  

        phase space generator information  
 -----------------------------------------------

 boson  0 has mass   171.59 GeV and width   500.0000 GeV
 integration range for boson  0 =      0.032  to     9899.495 GeV
 boson  3 has mass    80.40 GeV and width     2.0978 GeV
 integration range for boson  3 =      0.032  to     9899.495 GeV
 boson  2 has mass    91.19 GeV and width     2.5085 GeV
 integration range for boson  2 =      0.032  to     9899.495 GeV

 machine energy =    14000.0  GeV
 Minimal mom.transfer or mass for parton pair:   100.00 MeV

 -----------------------------------------------

  Random number generator initialized with seed =            0
 
          information on histogram config
 -----------------------------------------------
 
 SMEARING           =      T
 SMEAR_VALUE        =       0.20000000000000001     
 CALC_ERROR_GNUPLOT =      F
 CALC_ERROR_1D      =      T
 CALC_ERROR_2D      =      F
 
HIST_ID1      =      0.00    250.00  # dS/dpT_j (fb/GeV)
HIST_ID2      =      0.00    500.00  # dS/dpTmax_j (fb/GeV)
HIST_ID3      =      0.00    200.00  # dS/dpTmin_j (fb/GeV)
HIST_ID4      =     -5.00      5.00  # dS/deta_j (fb)
HIST_ID5      =     -5.00      5.00  # dS/deta_j1 (fb)
HIST_ID6      =     -5.00      5.00  # dS/deta_j2 (fb)
HIST_ID7      =      0.00    500.00  # dS/dpTmax_l (fb/GeV)
HIST_ID8      =      0.00    200.00  # dS/dpTmin_l (fb/GeV)
HIST_ID9      =      0.00      5.00  # dS/d|eta|max_l (fb)
HIST_ID10     =      0.00      5.00  # dS/d|eta|min_l (fb)
HIST_ID11     =   -180.00    180.00  # dS/dPhi_jj (fb)
2DHIST_ID1    =      0.00      6.00      0.00    800.00  # d2S/deta_jj dm_jj (fb/GeV)
 
 -----------------------------------------------
 
 
 

 MONACO input parameters:
 ndim = 15,  ncall =     256k,   rtype = 0
 nprn =  0,  acc = -1.0E+0,  alph = 8.75E-1,  nd = 48,  mds =  0

 MONACO:  continuing with uniform grid
  
       W+Zjj amplitude square information:
 -----------------------------------------------
  
  v(v) to WZ/WA tensors initialized to  (  0.0000000000000000     ,  0.0000000000000000     )
  External b-quark contributions are excluded
  creal =   -4.0797362673929065       cvirtual =   -3.7101318663035472     
  virt factor for alphas = 0.12 is   0.81104453988909386     

 iteration  1:
 integral =  1.405572E-01,  sigma = 2.105E-02
 efficacy = 5.016E-05,  raw efficacy = 5.016E-05
 f_positive = 1.549E-2,  f_zero = 9.845E-1,  f_negative = 0.000E+0
 accumulated statistics:
 integral =  1.405572E-01,  sigma = 2.105E-02,  chi^2/iteration = 0.000E+00

 MONACO:  grid written to file grid2_1.out.1

 MONACO input parameters:
 ndim = 15,  ncall =     512k,   rtype = 0
 nprn =  0,  acc = -1.0E+0,  alph = 8.75E-1,  nd = 48,  mds =  0

 iteration  2:
 integral =  1.766029E-01,  sigma = 5.362E-03
 efficacy = 1.276E-04,  raw efficacy = 3.722E-06
 f_positive = 1.021E-1,  f_zero = 8.979E-1,  f_negative = 0.000E+0
 accumulated statistics:
 integral =  1.744060E-01,  sigma = 5.196E-03,  chi^2/iteration = 2.754E+06

 MONACO:  grid written to file grid2_1.out.2

 MONACO input parameters:
 ndim = 15,  ncall =       1M,   rtype = 0
 nprn =  0,  acc = -1.0E+0,  alph = 8.75E-1,  nd = 48,  mds =  0

 iteration  3:
 integral =  1.726645E-01,  sigma = 1.270E-03
 efficacy = 8.105E-04,  raw efficacy = 6.482E-07
 f_positive = 2.212E-1,  f_zero = 7.788E-1,  f_negative = 0.000E+0
 accumulated statistics:
 integral =  1.727626E-01,  sigma = 1.234E-03,  chi^2/iteration = 2.860E+00

 MONACO:  grid written to file grid2_1.out.3

 MONACO input parameters:
 ndim = 15,  ncall =       2M,   rtype = 0
 nprn =  0,  acc = -1.0E+0,  alph = 8.75E-1,  nd = 48,  mds =  0
  random number setting in monaco saved 

 iteration  4:
 integral =  1.734021E-01,  sigma = 5.960E-04
 efficacy = 6.155E-04,  raw efficacy = 2.830E-07
 f_positive = 2.731E-1,  f_zero = 7.269E-1,  f_negative = 0.000E+0
 accumulated statistics:
 integral =  1.732811E-01,  sigma = 5.366E-04,  chi^2/iteration = 1.539E+00

 MONACO:  grid written to file grid2_1.out.4
 
  result (LO):   0.17328108763323699       +-    5.3663619371519737E-004  fb    0.30969115039895750      %
 
   
 Initialising FF ..
   
 ====================================================
   FF 2.0, a package to evaluate one-loop integrals
 written by G. J. van Oldenborgh, NIKHEF-H, Amsterdam
 ====================================================
 for the algorithms used see preprint NIKHEF-H 89/17,
 'New Algorithms for One-loop Integrals', by G.J. van
 Oldenborgh and J.A.M. Vermaseren, published in 
 Zeitschrift fuer Physik C46(1990)425.
 ====================================================
 Initializing PDF set CT10

 MONACO input parameters:
 ndim = 15,  ncall =       2M,   rtype = 0
 nprn =  0,  acc = -1.0E+0,  alph = 8.75E-1,  nd = 48,  mds =  0

 MONACO:  grid read from file grid2_1.out.4                                                                                                                                                                                                                                             

 iteration  1:
 integral =  1.474730E-01,  sigma = 5.234E-04
 efficacy = 2.870E-04,  raw efficacy = 3.728E-07
 f_positive = 2.984E-1,  f_zero = 7.016E-1,  f_negative = 0.000E+0
 accumulated statistics:
 integral =  1.474730E-01,  sigma = 5.234E-04,  chi^2/iteration = 1.455E-11

 MONACO:  grid written to file grid2_1.vout.1
  
  result for virtual contribution, no.            1
  sigma =   0.14747304638146808       +-    5.2340465183835553E-004  fb  
  
 total result for virtual contns so far 
  sigma =   0.14747304638146808       +-    5.2340465183835553E-004  fb
  

 MONACO input parameters:
 ndim = 15,  ncall =     128k,   rtype = 0
 nprn =  0,  acc = -1.0E+0,  alph = 8.75E-1,  nd = 48,  mds =  0

 MONACO:  grid read from file grid2_1.out.4                                                                                                                                                                                                                                             

 iteration  1:
 integral =  1.504692E-03,  sigma = 1.399E-04
 efficacy = 9.351E-05,  raw efficacy = 1.942E-07
 f_positive = 1.804E-1,  f_zero = 7.028E-1,  f_negative = 1.169E-1
 accumulated statistics:
 integral =  1.504692E-03,  sigma = 1.399E-04,  chi^2/iteration = 0.000E+00

 MONACO:  grid written to file grid2_1.vout.2
  
  result for virtual contribution, no.            2
  sigma =    1.5046915640948345E-003  +-    1.3992233316465399E-004  fb  
  
 total result for virtual contns so far 
  sigma =   0.14897773794556290       +-    5.4178472559151256E-004  fb
  

 MONACO input parameters:
 ndim = 15,  ncall =      16k,   rtype = 0
 nprn =  0,  acc = -1.0E+0,  alph = 8.75E-1,  nd = 48,  mds =  0

 MONACO:  grid read from file grid2_1.out.4                                                                                                                                                                                                                                             

 iteration  1:
 integral = -1.490890E-04,  sigma = 9.878E-05
 efficacy = 3.913E-04,  raw efficacy = 2.361E-07
 f_positive = 1.458E-1,  f_zero = 7.003E-1,  f_negative = 1.540E-1
 accumulated statistics:
 integral = -1.490890E-04,  sigma = 9.878E-05,  chi^2/iteration = 0.000E+00

 MONACO:  grid written to file grid2_1.vout.3
  
  result for virtual contribution, no.            3
  sigma =   -1.4908902417879133E-004  +-    9.8784286258858639E-005  fb  
  
 total result for virtual contns so far 
  sigma =   0.14882864892138412       +-    5.5071682750388402E-004  fb
  
   
 Summary for FF ..
   
 
total number of errors and warnings
===================================
vbffferr: no errors
the warning system has been disabled
 

 MONACO input parameters:
 ndim = 18,  ncall =       1M,   rtype = 0
 nprn =  0,  acc = -1.0E+0,  alph = 8.75E-1,  nd = 48,  mds =  0

 MONACO:  continuing with uniform grid
  
       W+Zjjj amplitude square information:
 -----------------------------------------------
  
  v(v) to WZ/WA tensors initialized to  (  0.0000000000000000     ,  0.0000000000000000     )
  External b-quark contributions are excluded
  creal =   -4.0797362673929065       cvirtual =   -3.7101318663035472     
  virt factor for alphas = 0.12 is   0.81104453988909386     

 iteration  1:
 integral =  2.493136E-02,  sigma = 1.116E-02
 efficacy = 4.135E-06,  raw efficacy = 4.135E-06
 f_positive = 2.176E-2,  f_zero = 9.636E-1,  f_negative = 1.461E-2
 accumulated statistics:
 integral =  2.493136E-02,  sigma = 1.116E-02,  chi^2/iteration = 8.882E-16

 MONACO:  grid written to file grid3_1.out.1

 MONACO input parameters:
 ndim = 18,  ncall =       2M,   rtype = 0
 nprn =  0,  acc = -1.0E+0,  alph = 8.75E-1,  nd = 48,  mds =  0

 iteration  2:
 integral =  2.897712E-02,  sigma = 3.764E-03
 efficacy = 5.590E-06,  raw efficacy = 7.591E-08
 f_positive = 5.888E-2,  f_zero = 9.143E-1,  f_negative = 2.685E-2
 accumulated statistics:
 integral =  2.856400E-02,  sigma = 3.567E-03,  chi^2/iteration = 1.180E+05

 MONACO:  grid written to file grid3_1.out.2

 MONACO input parameters:
 ndim = 18,  ncall =       4M,   rtype = 0
 nprn =  0,  acc = -1.0E+0,  alph = 8.75E-1,  nd = 48,  mds =  0

 iteration  3:
 integral =  3.238334E-02,  sigma = 9.813E-04
 efficacy = 2.394E-05,  raw efficacy = 1.714E-08
 f_positive = 1.006E-1,  f_zero = 8.583E-1,  f_negative = 4.115E-2
 accumulated statistics:
 integral =  3.211457E-02,  sigma = 9.462E-04,  chi^2/iteration = 1.184E+00

 MONACO:  grid written to file grid3_1.out.3

 MONACO input parameters:
 ndim = 18,  ncall =       8M,   rtype = 0
 nprn =  0,  acc = -1.0E+0,  alph = 8.75E-1,  nd = 48,  mds =  0

 iteration  4:
 integral =  3.212648E-02,  sigma = 4.812E-04
 efficacy = 3.312E-05,  raw efficacy = 1.129E-08
 f_positive = 1.186E-1,  f_zero = 8.373E-1,  f_negative = 4.416E-2
 accumulated statistics:
 integral =  3.212403E-02,  sigma = 4.289E-04,  chi^2/iteration = 5.920E-01

 MONACO:  grid written to file grid3_1.out.4
 
  result for real emissions 
  sigma =    3.2124031764358164E-002  +-    4.2892731603737212E-004  fb
  
 
total number of errors and warnings
===================================
fferr: no errors
 
  
  final result at NLO 
  sigma =   0.18095268068574227       +-    6.9804560491343716E-004  fb  0.38576140583721008      %
 
   
 TOTAL VIRTUAL CONTRIBUTIONS:
 TOTAL borntype:
  0.14747304638146808        5.2340465183835553E-004  0.35491546738952306       %
 TOTAL boxes:
   1.5046915640948345E-003   1.3992233316465399E-004   9.2990707533358155       %
 TOTAL pentagons:
  -1.4908902417879133E-004   9.8784286258858639E-005  -66.258590666200902       %
  
  
  
 !!!!!!!!!!!!!!!!!!!!!!!!!!!!!!!!!!!!!!!!!!!!!!!!!!!!!!!!!!!!!!!!!!!!!!!!!!!!!!!!!!!!!!!!!!!!!!!!!!!!!!!!
     VBFNLO 2.7.0 rc1 svn 6062
   
  PROCESS:          220   :   p p -->  W+ Z jj -->  e+ ve mu+ mu- jj
    with spin-two particles
   
  TOTAL result (LO):         0.17328108763323699       +-    5.3663619371519737E-004  fb    0.30969115039895750      %
  NLO virtual result:        0.14882864892138412       +-    5.5071682750388402E-004  fb    0.37003415101536641      %
  QCD real emission:          3.2124031764358164E-002  +-    4.2892731603737212E-004  fb     1.3352225498459067      %
  TOTAL result (NLO):        0.18095268068574227       +-    6.9804560491343716E-004  fb    0.38576140583721008      %
  K-Factor:                   1.0442725352044351     
 !!!!!!!!!!!!!!!!!!!!!!!!!!!!!!!!!!!!!!!!!!!!!!!!!!!!!!!!!!!!!!!!!!!!!!!!!!!!!!!!!!!!!!!!!!!!!!!!!!!!!!!!
  
  
