   
 -----------------------------------------------------------------
 VBFNLO, version 3.0.0 beta0 svn 7628
 Comput. Phys. Commun. 180 (2009) 1661[arXiv:0811.4559 [hep-ph]]
 arXiV:1107.4038, arXiV:1207.4975, arXiv:1404.3940
 http://www.itp.kit.edu/vbfnlo
 -----------------------------------------------------------------
 Process-specific references (please cite as well if appropriate):
 F. Campanario, M. Kerner, Le Duc Ninh, D. Zeppenfeld
 Phys.Rev.Lett. 111 (2013) 052003, e-Print: arXiv:1305.1623
 
 -----------------------------------------------------------------
   
   
   
 Initialising LoopTools ..
   
 ====================================================
   FF 2.0, a package to evaluate one-loop integrals
 written by G. J. van Oldenborgh, NIKHEF-H, Amsterdam
 ====================================================
 for the algorithms used see preprint NIKHEF-H 89/17,
 'New Algorithms for One-loop Integrals', by G.J. van
 Oldenborgh and J.A.M. Vermaseren, published in 
 Zeitschrift fuer Physik C46(1990)425.
 ====================================================
  
        Information on global parameters
 -----------------------------------------------
   PROCESS               =     3220
   LOPROCESS_PLUS_JET    =        F
   KK_MOD                =        F
   ANOM_CPL              =        F
   LEPTONS               =   -11   12  -13   13
   LO_ITERATIONS         =        6
   NLO_ITERATIONS        =        6
   LO_POINTS             =       24
   NLO_POINTS            =       25
   NLO_SWITCH            =        T
   EWCOR_SWITCH          =        F
   FERMIONLOOP           =        3
   LHA_SWITCH            =        F
   HEPMC_SWITCH          =        F
   LO_GRID               = grid2_1                                           
   NLO_GRID              = grid3_1                                           
   PHTN_GRID             = grid4_1                                           
   FLOOP_GRID            = grid5_1                                           
   ECM                   =  14000.0    
   BEAM1                 =        1
   BEAM2                 =        1
   ID_MUF                =       10
   ID_MUR                =       10
   MUF_USER              =  100.000    
   MUR_USER              =  100.000    
   XIF                   =  1.00000    
   XIR                   =  1.00000    
 
       information on the selected process 
 -----------------------------------------------
 
  pp -> W+ Z jj -> l+ l- l+ vl jj
 
 QCD induced W+ Z + 2 jets production with fully leptonic decay.
 Process is implemented at LO and NLO QCD.
 References: F. Campanario, M. Kerner, Le Duc Ninh, D. Zeppenfeld
 Phys.Rev.Lett. 111 (2013) 052003, e-Print: arXiv:1305.1623
 
 Initializing PDF set CT10
  
               Physics parameters
 -----------------------------------------------
   HTYPE                 =        0
   MODEL                 =        1
   ANOM_CPL              =        F
   KK_MOD                =        F
   SPIN2                 =        F
   HMASS                 =  126.000    
   HWIDTH                = -999.000    
   TOPMASS               =  173.100    
   BOTTOMMASS            =  4.85500    
   CHARMMASS             =  1.65000    
   TAU_MASS              =  1.77684    
   EWSCHEME              =        3
   FERMI_CONST           = 0.116637E-04
   WMASS                 =  80.3850    
   ZMASS                 =  91.1876    
   
 Running in the SM
   
 Higgs mass =   126.00000000000000     
   
  
 Information on scale setting in InitScales 
 -------------------------------------------
  
 Dynamical factorization scale chosen:
       mu_F = ( ET(jj) + ET(VV) )/2
 Dynamical renormalization scale chosen:
       mu_R = ( ET(jj) + ET(VV) )/2
 Initializing PDF set cteq6l1
  
  
  
  
   Information on couplings, masses and widths
 ===============================================
  
   SM coupling parameters 
 ---------------------------
   G_Fermi                         : 0.000011663700
   SIN**2 of the weak mixing angle : 0.22289722
   Q.E.D. fine structure constant  : 1/132.23422    
   SU(2) coupling constant g       : 0.65295113
   U(1) coupling constant g'       : 0.34969851
   Q.C.D. LO alfas(MZ)             : 0.12980813
   Q.C.D. NLO alfas(MZ)            : 0.11798159
  
      particle masses
 ---------------------------
   mass of the Z0 boson            :   91.1876
   mass of the W+/- boson          :   80.3850
   mass of the Higgs boson         :  126.0000
   mass of the top quark           :  173.1000
   mass of the bottom quark at MH  :    2.8020
  (All other fermions have mass equal ZERO)
  
      particle widths
 ---------------------------
   total widths of Z0              :   2.507719 GeV
   total widths of W+ or W-        :   2.096656 GeV
   total widths of Higgs           :   0.004277 GeV
   total widths of top quark       :   1.359115 GeV
  
     branching ratios
 ---------------------------
   W -> lepton anti-lepton         : 10.8397227 %
   W -> massless quark anti-quark  : 33.7404159 %
   W -> top bottom                 :  0.0000000 %
  
   Z -> neutrino anti-neutrino     :  6.6148291 %
   Z -> charged lepton anti-lepton :  3.3462865 %
   Z -> up-type quark anti-quark   : 11.9885556 %
   Z -> down-type quark anti-quark : 15.3798474 %
   Z -> top anti-top               :  0.0000000 %
  
   H -> WW                         : 22.0378487 %
   H -> ZZ                         :  3.0312325 %
   H -> bottom anti-bottom         : 57.0642005 %
   H -> top anti-top               :  0.0000000 %
   H -> charm anti-charm           :  3.3901089 %
   H -> tau anti-tau               :  6.0964270 %
   H -> mu anti-mu                 :  0.0215826 %
   H -> gluon gluon                :  7.9503343 %
   H -> gamma gamma                :  0.2384414 %
   H -> Z gamma                    :  0.1698242 %
  
 
          information on cut parameters
 -----------------------------------------------
 
 minimum jet pt        (PT_JET_MIN):     20.00    20.00    20.00   
 maximum jet rapidity                 (Y_JET_MAX):    4.5000000000000000     
 maximum parton pseudorapidity          (Y_P_MAX):    5.0000000000000000     
 minimum jet-jet R-separation           (RJJ_MIN):   0.40000000000000002     
 minimum number of jets                (NJET_MIN):            2
 single jet from hadronic decay (SINGLE_DECAYJET):            0
 exponent of generalised kT algorithm (PGENKTJET):   -1.0000000000000000     
 minimum lepton-lepton R-separation     (RLL_MIN):   0.40000000000000002     
 maximum lepton-lepton R-separation     (RLL_MAX):    50.000000000000000     
 minimum jet-lepton R-separation        (RJL_MIN):   0.40000000000000002     
 minimum jet-photon R-separation        (RJG_MIN):   0.69999999999999996     
 minimum lepton-photon R-separation     (RLG_MIN):   0.40000000000000002     
 minimum photon-photon R-separation     (RGG_MIN):   0.59999999999999998     
 maximum photon-photon R-separation     (RGG_MAX):    50.000000000000000     
 maximum lepton rapidity                (Y_L_MAX):    2.5000000000000000     
 minimum lepton pt       (PT_L_MIN):     20.00    20.00    20.00   
 minimum invariant dilepton mass        (MLL_MIN):    15.000000000000000     
 maximum invariant dilepton mass        (MLL_MAX):    1.0000000000000000E+020
 m_ll cuts only on opposite-sign l   (MLL_OSONLY):  T
 maximum photon rapidity                (Y_G_MAX):    2.5000000000000000     
 minimum photon pt       (PT_G_MIN):    
 photon isolation cut                 (PHISOLCUT):   0.69999999999999996     
 efficiency of photon isolation cut   (EFISOLCUT):    1.0000000000000000     
 minimum invariant lepton-photon mass   (MLG_MIN):    0.0000000000000000     
 maximum invariant lepton-photon mass   (MLG_MAX):    1.0000000000000000E+020
 minimal missing transverse momentum (PTMISS_MIN):    30.000000000000000     
 minimum jet rapidity separation      (ETAJJ_MIN):    0.0000000000000000     
 tagging jets in opposite hemispheres     (YSIGN):    F
 leptons fall inside rapidity gap     (LRAPIDGAP):    F
 min leptons y-dist from tagging jets   (DELY_JL):    0.0000000000000000     
 photons fall inside rapidity gap     (GRAPIDGAP):    F
 min photons y-dist from tagging jets   (DELY_JG):    0.0000000000000000     
 dijet min mass cut on tag jets        (MDIJ_MIN):    0.0000000000000000     
 dijet max mass cut on tag jets        (MDIJ_MAX):    1.0000000000000000E+020
 veto criteria for jets                   (JVETO):    F
 minimum veto-tag y-dist             (DELY_JVETO):    0.0000000000000000     
 maximum |y| for veto jet             (YMAX_VETO):    4.5000000000000000     
 minimum pT for veto jet             (PTMIN_VETO):    50.000000000000000     
 

 --------------------PHASE SPACE--------------------

 boson has mass    80.39 GeV and width     2.0967 GeV
 integration range for boson   3 =      0.032  to     9899.495 GeV
 boson has mass    91.19 GeV and width     2.5077 GeV
 integration range for boson   2 =      0.032  to     9899.495 GeV

 machine energy =    14000.0  GeV

 configuration   0

 ---------------------------------------------------

  Random number generator initialized with seed =            0
 
          information on histogram config
 -----------------------------------------------
 
 SMEARING           =      T
 SMEAR_VALUE        =       0.20000000000000001     
 CALC_ERROR_GNUPLOT =      F
 CALC_ERROR_ROOT    =      F
 CALC_ERROR_1D      =      T
 CALC_ERROR_2D      =      F
 
HIST_ID1      =      0.00    250.00  # dS/dpT_j (fb/GeV)
HIST_ID2      =      0.00    500.00  # dS/dpTmax_j (fb/GeV)
HIST_ID3      =      0.00    200.00  # dS/dpTmin_j (fb/GeV)
HIST_ID4      =     -5.00      5.00  # dS/dy_j (fb)
HIST_ID5      =     -5.00      5.00  # dS/dy_j1 (fb)
HIST_ID6      =     -5.00      5.00  # dS/dy_j2 (fb)
HIST_ID7      =      0.00    500.00  # dS/dpTmax_l (fb/GeV)
HIST_ID8      =      0.00    200.00  # dS/dpTmin_l (fb/GeV)
HIST_ID9      =      0.00      5.00  # dS/d|eta|max_l (fb)
HIST_ID10     =      0.00      5.00  # dS/d|eta|min_l (fb)
HIST_ID11     =   -180.00    180.00  # dS/dPhi_jj (fb)
2DHIST_ID1    =      0.00      6.00      0.00    800.00  # d2S/dy_jj dm_jj (fb/GeV)
 
 -----------------------------------------------
 
 
 
  
 Subprocess           1
  

 MONACO input parameters:
 ndim = 16,  ncall =     512k,   rtype = 0
 nprn =  0,  acc = -1.0E+0,  alph = 8.75E-1,  nd = 48,  mds =  0

 MONACO:  continuing with uniform grid
  
 W+Z jj amplitude square information:
 external b quarks are included
 alpha parameter of dipoles:    1.0000000000000000     
 precision for gauge test:      1.0000000000000000E-002
 -----------------------------------------------

 iteration  1:
 integral =  5.553893E+00,  sigma = 3.683E-01
 efficacy = 5.451E-05,  raw efficacy = 5.451E-05
 f_positive = 2.136E-2,  f_zero = 9.786E-1,  f_negative = 0.000E+0
 accumulated statistics:
 integral =  5.553893E+00,  sigma = 3.683E-01,  chi^2/iteration = 2.842E-14

 MONACO:  grid written to file GRID/grid2_1_1.out.1

 MONACO input parameters:
 ndim = 16,  ncall =       1M,   rtype = 0
 nprn =  0,  acc = -1.0E+0,  alph = 8.75E-1,  nd = 48,  mds =  0

 iteration  2:
 integral =  5.229602E+00,  sigma = 5.951E-02
 efficacy = 3.907E-04,  raw efficacy = 2.861E-05
 f_positive = 1.033E-1,  f_zero = 8.967E-1,  f_negative = 0.000E+0
 accumulated statistics:
 integral =  5.237854E+00,  sigma = 5.875E-02,  chi^2/iteration = 7.556E+05

 MONACO:  grid written to file GRID/grid2_1_1.out.2

 MONACO input parameters:
 ndim = 16,  ncall =       2M,   rtype = 0
 nprn =  0,  acc = -1.0E+0,  alph = 8.75E-1,  nd = 48,  mds =  0

 iteration  3:
 integral =  5.253508E+00,  sigma = 2.752E-02
 efficacy = 4.809E-04,  raw efficacy = 1.015E-05
 f_positive = 1.479E-1,  f_zero = 8.521E-1,  f_negative = 0.000E+0
 accumulated statistics:
 integral =  5.250691E+00,  sigma = 2.492E-02,  chi^2/iteration = 8.139E-01

 MONACO:  grid written to file GRID/grid2_1_1.out.3

 MONACO input parameters:
 ndim = 16,  ncall =       4M,   rtype = 0
 nprn =  0,  acc = -1.0E+0,  alph = 8.75E-1,  nd = 48,  mds =  0

 iteration  4:
 integral =  5.258691E+00,  sigma = 1.695E-02
 efficacy = 3.365E-04,  raw efficacy = 1.399E-05
 f_positive = 1.724E-1,  f_zero = 8.276E-1,  f_negative = 0.000E+0
 accumulated statistics:
 integral =  5.256160E+00,  sigma = 1.402E-02,  chi^2/iteration = 4.422E-01

 MONACO:  grid written to file GRID/grid2_1_1.out.4

 MONACO input parameters:
 ndim = 16,  ncall =       8M,   rtype = 0
 nprn =  0,  acc = -1.0E+0,  alph = 8.75E-1,  nd = 48,  mds =  0

 iteration  5:
 integral =  5.244562E+00,  sigma = 1.193E-02
 efficacy = 1.766E-04,  raw efficacy = 6.797E-06
 f_positive = 1.814E-1,  f_zero = 8.186E-1,  f_negative = 0.000E+0
 accumulated statistics:
 integral =  5.249434E+00,  sigma = 9.084E-03,  chi^2/iteration = 4.271E-01

 MONACO:  grid written to file GRID/grid2_1_1.out.5

 MONACO input parameters:
 ndim = 16,  ncall =      16M,   rtype = 0
 nprn =  0,  acc = -1.0E+0,  alph = 8.75E-1,  nd = 48,  mds =  0
  random number setting in monaco saved 

 iteration  6:
 integral =  5.247187E+00,  sigma = 7.978E-03
 efficacy = 4.220E-04,  raw efficacy = 5.962E-06
 f_positive = 1.793E-1,  f_zero = 8.207E-1,  f_negative = 0.000E+0
 accumulated statistics:
 integral =  5.248165E+00,  sigma = 5.994E-03,  chi^2/iteration = 3.290E-01

 MONACO:  grid written to file GRID/grid2_1_1.out.6
 
  result sub (LO):    5.2481652462949731       +-    5.9943019541915639E-003  fb    0.11421709631615234      %
 
  
 Subprocess           2
  

 MONACO input parameters:
 ndim = 16,  ncall =     128k,   rtype = 0
 nprn =  0,  acc = -1.0E+0,  alph = 8.75E-1,  nd = 48,  mds =  0

 MONACO:  continuing with uniform grid

 iteration  1:
 integral =  1.682201E+00,  sigma = 2.628E-01
 efficacy = 7.737E-05,  raw efficacy = 7.737E-05
 f_positive = 2.110E-2,  f_zero = 9.789E-1,  f_negative = 0.000E+0
 accumulated statistics:
 integral =  1.682201E+00,  sigma = 2.628E-01,  chi^2/iteration = 0.000E+00

 MONACO:  grid written to file GRID/grid2_1_2.out.1

 MONACO input parameters:
 ndim = 16,  ncall =     256k,   rtype = 0
 nprn =  0,  acc = -1.0E+0,  alph = 8.75E-1,  nd = 48,  mds =  0

 iteration  2:
 integral =  1.472645E+00,  sigma = 5.019E-02
 efficacy = 1.744E-04,  raw efficacy = 2.957E-05
 f_positive = 1.201E-1,  f_zero = 8.799E-1,  f_negative = 0.000E+0
 accumulated statistics:
 integral =  1.480018E+00,  sigma = 4.930E-02,  chi^2/iteration = 6.133E+05

 MONACO:  grid written to file GRID/grid2_1_2.out.2

 MONACO input parameters:
 ndim = 16,  ncall =     512k,   rtype = 0
 nprn =  0,  acc = -1.0E+0,  alph = 8.75E-1,  nd = 48,  mds =  0

 iteration  3:
 integral =  1.406873E+00,  sigma = 1.623E-02
 efficacy = 7.609E-04,  raw efficacy = 1.905E-05
 f_positive = 1.658E-1,  f_zero = 8.342E-1,  f_negative = 0.000E+0
 accumulated statistics:
 integral =  1.414022E+00,  sigma = 1.541E-02,  chi^2/iteration = 2.599E+00

 MONACO:  grid written to file GRID/grid2_1_2.out.3

 MONACO input parameters:
 ndim = 16,  ncall =       1M,   rtype = 0
 nprn =  0,  acc = -1.0E+0,  alph = 8.75E-1,  nd = 48,  mds =  0

 iteration  4:
 integral =  1.432198E+00,  sigma = 9.127E-03
 efficacy = 5.572E-04,  raw efficacy = 1.600E-05
 f_positive = 1.846E-1,  f_zero = 8.154E-1,  f_negative = 0.000E+0
 accumulated statistics:
 integral =  1.427479E+00,  sigma = 7.853E-03,  chi^2/iteration = 1.814E+00

 MONACO:  grid written to file GRID/grid2_1_2.out.4

 MONACO input parameters:
 ndim = 16,  ncall =       2M,   rtype = 0
 nprn =  0,  acc = -1.0E+0,  alph = 8.75E-1,  nd = 48,  mds =  0

 iteration  5:
 integral =  1.437190E+00,  sigma = 5.675E-03
 efficacy = 5.565E-04,  raw efficacy = 1.031E-05
 f_positive = 1.898E-1,  f_zero = 8.102E-1,  f_negative = 0.000E+0
 accumulated statistics:
 integral =  1.433858E+00,  sigma = 4.600E-03,  chi^2/iteration = 1.544E+00

 MONACO:  grid written to file GRID/grid2_1_2.out.5

 MONACO input parameters:
 ndim = 16,  ncall =       4M,   rtype = 0
 nprn =  0,  acc = -1.0E+0,  alph = 8.75E-1,  nd = 48,  mds =  0
  random number setting in monaco saved 

 iteration  6:
 integral =  1.427671E+00,  sigma = 3.755E-03
 efficacy = 6.019E-04,  raw efficacy = 5.504E-06
 f_positive = 1.896E-1,  f_zero = 8.104E-1,  f_negative = 0.000E+0
 accumulated statistics:
 integral =  1.430146E+00,  sigma = 2.909E-03,  chi^2/iteration = 1.430E+00

 MONACO:  grid written to file GRID/grid2_1_2.out.6
 
  result sub (LO):    1.4301457617708666       +-    2.9090116364563199E-003  fb    0.20340665365845362      %
 
  
 Subprocess           3
  

 MONACO input parameters:
 ndim = 16,  ncall =     128k,   rtype = 0
 nprn =  0,  acc = -1.0E+0,  alph = 8.75E-1,  nd = 48,  mds =  0

 MONACO:  continuing with uniform grid

 iteration  1:
 integral =  1.241923E+00,  sigma = 1.250E-01
 efficacy = 1.796E-04,  raw efficacy = 1.796E-04
 f_positive = 2.089E-2,  f_zero = 9.791E-1,  f_negative = 0.000E+0
 accumulated statistics:
 integral =  1.241923E+00,  sigma = 1.250E-01,  chi^2/iteration = 0.000E+00

 MONACO:  grid written to file GRID/grid2_1_3.out.1

 MONACO input parameters:
 ndim = 16,  ncall =     256k,   rtype = 0
 nprn =  0,  acc = -1.0E+0,  alph = 8.75E-1,  nd = 48,  mds =  0

 iteration  2:
 integral =  1.275630E+00,  sigma = 3.441E-02
 efficacy = 3.957E-04,  raw efficacy = 4.299E-05
 f_positive = 1.088E-1,  f_zero = 8.912E-1,  f_negative = 0.000E+0
 accumulated statistics:
 integral =  1.273255E+00,  sigma = 3.317E-02,  chi^2/iteration = 6.760E+04

 MONACO:  grid written to file GRID/grid2_1_3.out.2

 MONACO input parameters:
 ndim = 16,  ncall =     512k,   rtype = 0
 nprn =  0,  acc = -1.0E+0,  alph = 8.75E-1,  nd = 48,  mds =  0

 iteration  3:
 integral =  1.271515E+00,  sigma = 1.690E-02
 efficacy = 5.247E-04,  raw efficacy = 1.633E-05
 f_positive = 1.525E-1,  f_zero = 8.475E-1,  f_negative = 0.000E+0
 accumulated statistics:
 integral =  1.271874E+00,  sigma = 1.506E-02,  chi^2/iteration = 6.978E-02

 MONACO:  grid written to file GRID/grid2_1_3.out.3

 MONACO input parameters:
 ndim = 16,  ncall =       1M,   rtype = 0
 nprn =  0,  acc = -1.0E+0,  alph = 8.75E-1,  nd = 48,  mds =  0

 iteration  4:
 integral =  1.275577E+00,  sigma = 1.083E-02
 efficacy = 3.485E-04,  raw efficacy = 1.318E-05
 f_positive = 1.619E-1,  f_zero = 8.381E-1,  f_negative = 0.000E+0
 accumulated statistics:
 integral =  1.274315E+00,  sigma = 8.791E-03,  chi^2/iteration = 5.482E-02

 MONACO:  grid written to file GRID/grid2_1_3.out.4

 MONACO input parameters:
 ndim = 16,  ncall =       2M,   rtype = 0
 nprn =  0,  acc = -1.0E+0,  alph = 8.75E-1,  nd = 48,  mds =  0

 iteration  5:
 integral =  1.268092E+00,  sigma = 6.384E-03
 efficacy = 6.315E-04,  raw efficacy = 6.132E-06
 f_positive = 1.557E-1,  f_zero = 8.443E-1,  f_negative = 0.000E+0
 accumulated statistics:
 integral =  1.270240E+00,  sigma = 5.165E-03,  chi^2/iteration = 1.459E-01

 MONACO:  grid written to file GRID/grid2_1_3.out.5

 MONACO input parameters:
 ndim = 16,  ncall =       4M,   rtype = 0
 nprn =  0,  acc = -1.0E+0,  alph = 8.75E-1,  nd = 48,  mds =  0
  random number setting in monaco saved 

 iteration  6:
 integral =  1.270991E+00,  sigma = 4.392E-03
 efficacy = 3.542E-04,  raw efficacy = 3.532E-06
 f_positive = 1.609E-1,  f_zero = 8.391E-1,  f_negative = 0.000E+0
 accumulated statistics:
 integral =  1.270676E+00,  sigma = 3.346E-03,  chi^2/iteration = 1.125E-01

 MONACO:  grid written to file GRID/grid2_1_3.out.6
 
  result sub (LO):    1.2706761973619123       +-    3.3459617336248351E-003  fb    0.26332135130661005      %
 
  
 Subprocess           4
  

 MONACO input parameters:
 ndim = 16,  ncall =      64k,   rtype = 0
 nprn =  0,  acc = -1.0E+0,  alph = 8.75E-1,  nd = 48,  mds =  0

 MONACO:  continuing with uniform grid

 iteration  1:
 integral =  2.235064E-01,  sigma = 3.557E-02
 efficacy = 1.242E-04,  raw efficacy = 1.242E-04
 f_positive = 2.112E-2,  f_zero = 9.789E-1,  f_negative = 0.000E+0
 accumulated statistics:
 integral =  2.235064E-01,  sigma = 3.557E-02,  chi^2/iteration = 7.105E-15

 MONACO:  grid written to file GRID/grid2_1_4.out.1

 MONACO input parameters:
 ndim = 16,  ncall =     128k,   rtype = 0
 nprn =  0,  acc = -1.0E+0,  alph = 8.75E-1,  nd = 48,  mds =  0

 iteration  2:
 integral =  2.728917E-01,  sigma = 8.775E-03
 efficacy = 1.241E-03,  raw efficacy = 5.641E-05
 f_positive = 1.050E-1,  f_zero = 8.950E-1,  f_negative = 0.000E+0
 accumulated statistics:
 integral =  2.700592E-01,  sigma = 8.520E-03,  chi^2/iteration = 1.817E+06

 MONACO:  grid written to file GRID/grid2_1_4.out.2

 MONACO input parameters:
 ndim = 16,  ncall =     256k,   rtype = 0
 nprn =  0,  acc = -1.0E+0,  alph = 8.75E-1,  nd = 48,  mds =  0

 iteration  3:
 integral =  2.779942E-01,  sigma = 3.748E-03
 efficacy = 2.110E-03,  raw efficacy = 2.836E-05
 f_positive = 1.588E-1,  f_zero = 8.412E-1,  f_negative = 0.000E+0
 accumulated statistics:
 integral =  2.767076E-01,  sigma = 3.431E-03,  chi^2/iteration = 2.543E+00

 MONACO:  grid written to file GRID/grid2_1_4.out.3

 MONACO input parameters:
 ndim = 16,  ncall =     512k,   rtype = 0
 nprn =  0,  acc = -1.0E+0,  alph = 8.75E-1,  nd = 48,  mds =  0

 iteration  4:
 integral =  2.785451E-01,  sigma = 2.100E-03
 efficacy = 1.450E-03,  raw efficacy = 2.021E-05
 f_positive = 1.800E-1,  f_zero = 8.200E-1,  f_negative = 0.000E+0
 accumulated statistics:
 integral =  2.780441E-01,  sigma = 1.791E-03,  chi^2/iteration = 1.376E+00

 MONACO:  grid written to file GRID/grid2_1_4.out.4

 MONACO input parameters:
 ndim = 16,  ncall =       1M,   rtype = 0
 nprn =  0,  acc = -1.0E+0,  alph = 8.75E-1,  nd = 48,  mds =  0

 iteration  5:
 integral =  2.793424E-01,  sigma = 1.416E-03
 efficacy = 5.406E-04,  raw efficacy = 1.929E-05
 f_positive = 1.905E-1,  f_zero = 8.095E-1,  f_negative = 0.000E+0
 accumulated statistics:
 integral =  2.788431E-01,  sigma = 1.111E-03,  chi^2/iteration = 1.025E+00

 MONACO:  grid written to file GRID/grid2_1_4.out.5

 MONACO input parameters:
 ndim = 16,  ncall =       2M,   rtype = 0
 nprn =  0,  acc = -1.0E+0,  alph = 8.75E-1,  nd = 48,  mds =  0
  random number setting in monaco saved 

 iteration  6:
 integral =  2.774610E-01,  sigma = 9.754E-04
 efficacy = 5.432E-04,  raw efficacy = 1.320E-05
 f_positive = 1.879E-1,  f_zero = 8.121E-1,  f_negative = 0.000E+0
 accumulated statistics:
 integral =  2.780626E-01,  sigma = 7.329E-04,  chi^2/iteration = 9.874E-01

 MONACO:  grid written to file GRID/grid2_1_4.out.6
 
  result sub (LO):   0.27806260598985799       +-    7.3294273260190968E-004  fb    0.26358910432877225      %
 
  
 Subprocess           5
  

 MONACO input parameters:
 ndim = 16,  ncall =     128k,   rtype = 0
 nprn =  0,  acc = -1.0E+0,  alph = 8.75E-1,  nd = 48,  mds =  0

 MONACO:  continuing with uniform grid

 iteration  1:
 integral =  9.132936E-01,  sigma = 1.616E-01
 efficacy = 6.855E-05,  raw efficacy = 6.855E-05
 f_positive = 2.075E-2,  f_zero = 9.792E-1,  f_negative = 0.000E+0
 accumulated statistics:
 integral =  9.132936E-01,  sigma = 1.616E-01,  chi^2/iteration = 0.000E+00

 MONACO:  grid written to file GRID/grid2_1_5.out.1

 MONACO input parameters:
 ndim = 16,  ncall =     256k,   rtype = 0
 nprn =  0,  acc = -1.0E+0,  alph = 8.75E-1,  nd = 48,  mds =  0

 iteration  2:
 integral =  6.883770E-01,  sigma = 5.042E-02
 efficacy = 6.506E-05,  raw efficacy = 5.796E-06
 f_positive = 1.056E-1,  f_zero = 8.944E-1,  f_negative = 0.000E+0
 accumulated statistics:
 integral =  7.083326E-01,  sigma = 4.813E-02,  chi^2/iteration = 1.766E+06

 MONACO:  grid written to file GRID/grid2_1_5.out.2

 MONACO input parameters:
 ndim = 16,  ncall =     512k,   rtype = 0
 nprn =  0,  acc = -1.0E+0,  alph = 8.75E-1,  nd = 48,  mds =  0

 iteration  3:
 integral =  6.372052E-01,  sigma = 1.503E-02
 efficacy = 2.793E-04,  raw efficacy = 4.889E-06
 f_positive = 1.530E-1,  f_zero = 8.470E-1,  f_negative = 0.000E+0
 accumulated statistics:
 integral =  6.435271E-01,  sigma = 1.435E-02,  chi^2/iteration = 3.755E+00

 MONACO:  grid written to file GRID/grid2_1_5.out.3

 MONACO input parameters:
 ndim = 16,  ncall =       1M,   rtype = 0
 nprn =  0,  acc = -1.0E+0,  alph = 8.75E-1,  nd = 48,  mds =  0

 iteration  4:
 integral =  6.542832E-01,  sigma = 7.753E-03
 efficacy = 2.618E-04,  raw efficacy = 1.583E-06
 f_positive = 1.645E-1,  f_zero = 8.355E-1,  f_negative = 0.000E+0
 accumulated statistics:
 integral =  6.518526E-01,  sigma = 6.821E-03,  chi^2/iteration = 2.095E+00

 MONACO:  grid written to file GRID/grid2_1_5.out.4

 MONACO input parameters:
 ndim = 16,  ncall =       2M,   rtype = 0
 nprn =  0,  acc = -1.0E+0,  alph = 8.75E-1,  nd = 48,  mds =  0

 iteration  5:
 integral =  6.675040E-01,  sigma = 5.002E-03
 efficacy = 1.991E-04,  raw efficacy = 2.900E-07
 f_positive = 1.667E-1,  f_zero = 8.333E-1,  f_negative = 0.000E+0
 accumulated statistics:
 integral =  6.620311E-01,  sigma = 4.034E-03,  chi^2/iteration = 2.538E+00

 MONACO:  grid written to file GRID/grid2_1_5.out.5

 MONACO input parameters:
 ndim = 16,  ncall =       4M,   rtype = 0
 nprn =  0,  acc = -1.0E+0,  alph = 8.75E-1,  nd = 48,  mds =  0
  random number setting in monaco saved 

 iteration  6:
 integral =  6.751588E-01,  sigma = 4.281E-03
 efficacy = 1.143E-04,  raw efficacy = 2.542E-07
 f_positive = 1.727E-1,  f_zero = 8.273E-1,  f_negative = 0.000E+0
 accumulated statistics:
 integral =  6.682049E-01,  sigma = 2.936E-03,  chi^2/iteration = 3.149E+00

 MONACO:  grid written to file GRID/grid2_1_5.out.6
 
  result sub (LO):   0.66820494913732398       +-    2.9357566199016685E-003  fb    0.43934972700992908      %
 
  
 Subprocess           6
  

 MONACO input parameters:
 ndim = 16,  ncall =      64k,   rtype = 0
 nprn =  0,  acc = -1.0E+0,  alph = 8.75E-1,  nd = 48,  mds =  0

 MONACO:  continuing with uniform grid

 iteration  1:
 integral =  3.296529E-01,  sigma = 6.887E-02
 efficacy = 8.294E-05,  raw efficacy = 8.294E-05
 f_positive = 2.080E-2,  f_zero = 9.792E-1,  f_negative = 0.000E+0
 accumulated statistics:
 integral =  3.296529E-01,  sigma = 6.887E-02,  chi^2/iteration = 3.553E-15

 MONACO:  grid written to file GRID/grid2_1_6.out.1

 MONACO input parameters:
 ndim = 16,  ncall =     128k,   rtype = 0
 nprn =  0,  acc = -1.0E+0,  alph = 8.75E-1,  nd = 48,  mds =  0

 iteration  2:
 integral =  3.507681E-01,  sigma = 4.608E-02
 efficacy = 6.254E-05,  raw efficacy = 5.140E-06
 f_positive = 1.000E-1,  f_zero = 9.000E-1,  f_negative = 0.000E+0
 accumulated statistics:
 integral =  3.442383E-01,  sigma = 3.830E-02,  chi^2/iteration = 6.493E+04

 MONACO:  grid written to file GRID/grid2_1_6.out.2

 MONACO input parameters:
 ndim = 16,  ncall =     256k,   rtype = 0
 nprn =  0,  acc = -1.0E+0,  alph = 8.75E-1,  nd = 48,  mds =  0

 iteration  3:
 integral =  3.311137E-01,  sigma = 1.600E-02
 efficacy = 1.540E-04,  raw efficacy = 3.354E-06
 f_positive = 1.383E-1,  f_zero = 8.617E-1,  f_negative = 0.000E+0
 accumulated statistics:
 integral =  3.330649E-01,  sigma = 1.477E-02,  chi^2/iteration = 1.649E-01

 MONACO:  grid written to file GRID/grid2_1_6.out.3

 MONACO input parameters:
 ndim = 16,  ncall =     512k,   rtype = 0
 nprn =  0,  acc = -1.0E+0,  alph = 8.75E-1,  nd = 48,  mds =  0

 iteration  4:
 integral =  3.488714E-01,  sigma = 1.730E-02
 efficacy = 4.389E-05,  raw efficacy = 6.916E-07
 f_positive = 1.615E-1,  f_zero = 8.385E-1,  f_negative = 0.000E+0
 accumulated statistics:
 integral =  3.397275E-01,  sigma = 1.123E-02,  chi^2/iteration = 3.239E-01

 MONACO:  grid written to file GRID/grid2_1_6.out.4

 MONACO input parameters:
 ndim = 16,  ncall =       1M,   rtype = 0
 nprn =  0,  acc = -1.0E+0,  alph = 8.75E-1,  nd = 48,  mds =  0

 iteration  5:
 integral =  3.271116E-01,  sigma = 6.788E-03
 efficacy = 9.638E-05,  raw efficacy = 1.300E-06
 f_positive = 1.505E-1,  f_zero = 8.495E-1,  f_negative = 0.000E+0
 accumulated statistics:
 integral =  3.304870E-01,  sigma = 5.810E-03,  chi^2/iteration = 5.240E-01

 MONACO:  grid written to file GRID/grid2_1_6.out.5

 MONACO input parameters:
 ndim = 16,  ncall =       2M,   rtype = 0
 nprn =  0,  acc = -1.0E+0,  alph = 8.75E-1,  nd = 48,  mds =  0
  random number setting in monaco saved 

 iteration  6:
 integral =  3.361894E-01,  sigma = 3.727E-03
 efficacy = 7.752E-05,  raw efficacy = 9.692E-07
 f_positive = 1.663E-1,  f_zero = 8.337E-1,  f_negative = 0.000E+0
 accumulated statistics:
 integral =  3.345271E-01,  sigma = 3.137E-03,  chi^2/iteration = 5.636E-01

 MONACO:  grid written to file GRID/grid2_1_6.out.6
 
  result sub (LO):   0.33452706150969741       +-    3.1367623145580250E-003  fb    0.93767072248266992      %
 
  
 Subprocess           7
  

 MONACO input parameters:
 ndim = 16,  ncall =      64k,   rtype = 0
 nprn =  0,  acc = -1.0E+0,  alph = 8.75E-1,  nd = 48,  mds =  0

 MONACO:  continuing with uniform grid

 iteration  1:
 integral =  3.623800E-01,  sigma = 7.742E-02
 efficacy = 8.285E-05,  raw efficacy = 8.285E-05
 f_positive = 2.126E-2,  f_zero = 9.787E-1,  f_negative = 0.000E+0
 accumulated statistics:
 integral =  3.623800E-01,  sigma = 7.742E-02,  chi^2/iteration = 3.553E-15

 MONACO:  grid written to file GRID/grid2_1_7.out.1

 MONACO input parameters:
 ndim = 16,  ncall =     128k,   rtype = 0
 nprn =  0,  acc = -1.0E+0,  alph = 8.75E-1,  nd = 48,  mds =  0

 iteration  2:
 integral =  2.951450E-01,  sigma = 1.751E-02
 efficacy = 3.463E-04,  raw efficacy = 1.563E-05
 f_positive = 9.566E-2,  f_zero = 9.043E-1,  f_negative = 0.000E+0
 accumulated statistics:
 integral =  2.984168E-01,  sigma = 1.708E-02,  chi^2/iteration = 7.175E+05

 MONACO:  grid written to file GRID/grid2_1_7.out.2

 MONACO input parameters:
 ndim = 16,  ncall =     256k,   rtype = 0
 nprn =  0,  acc = -1.0E+0,  alph = 8.75E-1,  nd = 48,  mds =  0

 iteration  3:
 integral =  2.919010E-01,  sigma = 8.530E-03
 efficacy = 3.757E-04,  raw efficacy = 9.643E-06
 f_positive = 1.312E-1,  f_zero = 8.688E-1,  f_negative = 0.000E+0
 accumulated statistics:
 integral =  2.932019E-01,  sigma = 7.631E-03,  chi^2/iteration = 8.340E-01

 MONACO:  grid written to file GRID/grid2_1_7.out.3

 MONACO input parameters:
 ndim = 16,  ncall =     512k,   rtype = 0
 nprn =  0,  acc = -1.0E+0,  alph = 8.75E-1,  nd = 48,  mds =  0

 iteration  4:
 integral =  2.853230E-01,  sigma = 4.479E-03
 efficacy = 4.789E-04,  raw efficacy = 3.326E-06
 f_positive = 1.458E-1,  f_zero = 8.542E-1,  f_negative = 0.000E+0
 accumulated statistics:
 integral =  2.873418E-01,  sigma = 3.863E-03,  chi^2/iteration = 8.135E-01

 MONACO:  grid written to file GRID/grid2_1_7.out.4

 MONACO input parameters:
 ndim = 16,  ncall =       1M,   rtype = 0
 nprn =  0,  acc = -1.0E+0,  alph = 8.75E-1,  nd = 48,  mds =  0

 iteration  5:
 integral =  2.867483E-01,  sigma = 2.683E-03
 efficacy = 6.075E-04,  raw efficacy = 2.302E-06
 f_positive = 1.545E-1,  f_zero = 8.455E-1,  f_negative = 0.000E+0
 accumulated statistics:
 integral =  2.869415E-01,  sigma = 2.204E-03,  chi^2/iteration = 5.476E-01

 MONACO:  grid written to file GRID/grid2_1_7.out.5

 MONACO input parameters:
 ndim = 16,  ncall =       2M,   rtype = 0
 nprn =  0,  acc = -1.0E+0,  alph = 8.75E-1,  nd = 48,  mds =  0
  random number setting in monaco saved 

 iteration  6:
 integral =  2.868319E-01,  sigma = 2.199E-03
 efficacy = 1.540E-04,  raw efficacy = 1.293E-06
 f_positive = 1.579E-1,  f_zero = 8.421E-1,  f_negative = 0.000E+0
 accumulated statistics:
 integral =  2.868866E-01,  sigma = 1.557E-03,  chi^2/iteration = 4.110E-01

 MONACO:  grid written to file GRID/grid2_1_7.out.6
 
  result sub (LO):   0.28688658993084926       +-    1.5565434311136451E-003  fb    0.54256402555756689      %
 
  
 Subprocess           8
  

 MONACO input parameters:
 ndim = 16,  ncall =      32k,   rtype = 0
 nprn =  0,  acc = -1.0E+0,  alph = 8.75E-1,  nd = 48,  mds =  0

 MONACO:  continuing with uniform grid

 iteration  1:
 integral =  7.554894E-02,  sigma = 1.791E-02
 efficacy = 1.977E-04,  raw efficacy = 1.977E-04
 f_positive = 2.280E-2,  f_zero = 9.772E-1,  f_negative = 0.000E+0
 accumulated statistics:
 integral =  7.554894E-02,  sigma = 1.791E-02,  chi^2/iteration = 0.000E+00

 MONACO:  grid written to file GRID/grid2_1_8.out.1

 MONACO input parameters:
 ndim = 16,  ncall =      64k,   rtype = 0
 nprn =  0,  acc = -1.0E+0,  alph = 8.75E-1,  nd = 48,  mds =  0

 iteration  2:
 integral =  5.314310E-02,  sigma = 3.374E-03
 efficacy = 7.569E-04,  raw efficacy = 3.736E-05
 f_positive = 1.198E-1,  f_zero = 8.802E-1,  f_negative = 0.000E+0
 accumulated statistics:
 integral =  5.391080E-02,  sigma = 3.316E-03,  chi^2/iteration = 1.511E+06

 MONACO:  grid written to file GRID/grid2_1_8.out.2

 MONACO input parameters:
 ndim = 16,  ncall =     128k,   rtype = 0
 nprn =  0,  acc = -1.0E+0,  alph = 8.75E-1,  nd = 48,  mds =  0

 iteration  3:
 integral =  6.752092E-02,  sigma = 2.681E-03
 efficacy = 3.941E-04,  raw efficacy = 1.078E-05
 f_positive = 1.649E-1,  f_zero = 8.351E-1,  f_negative = 0.000E+0
 accumulated statistics:
 integral =  6.214101E-02,  sigma = 2.085E-03,  chi^2/iteration = 1.170E+01

 MONACO:  grid written to file GRID/grid2_1_8.out.3

 MONACO input parameters:
 ndim = 16,  ncall =     256k,   rtype = 0
 nprn =  0,  acc = -1.0E+0,  alph = 8.75E-1,  nd = 48,  mds =  0

 iteration  4:
 integral =  6.931844E-02,  sigma = 1.533E-03
 efficacy = 3.889E-04,  raw efficacy = 2.297E-06
 f_positive = 1.744E-1,  f_zero = 8.256E-1,  f_negative = 0.000E+0
 accumulated statistics:
 integral =  6.679935E-02,  sigma = 1.235E-03,  chi^2/iteration = 9.696E+00

 MONACO:  grid written to file GRID/grid2_1_8.out.4

 MONACO input parameters:
 ndim = 16,  ncall =     512k,   rtype = 0
 nprn =  0,  acc = -1.0E+0,  alph = 8.75E-1,  nd = 48,  mds =  0

 iteration  5:
 integral =  7.216758E-02,  sigma = 1.354E-03
 efficacy = 2.021E-04,  raw efficacy = 2.600E-06
 f_positive = 1.859E-1,  f_zero = 8.141E-1,  f_negative = 0.000E+0
 accumulated statistics:
 integral =  6.923777E-02,  sigma = 9.124E-04,  chi^2/iteration = 9.324E+00

 MONACO:  grid written to file GRID/grid2_1_8.out.5

 MONACO input parameters:
 ndim = 16,  ncall =       1M,   rtype = 0
 nprn =  0,  acc = -1.0E+0,  alph = 8.75E-1,  nd = 48,  mds =  0
  random number setting in monaco saved 

 iteration  6:
 integral =  7.073524E-02,  sigma = 9.234E-04
 efficacy = 1.739E-04,  raw efficacy = 9.532E-07
 f_positive = 1.608E-1,  f_zero = 8.392E-1,  f_negative = 0.000E+0
 accumulated statistics:
 integral =  6.997753E-02,  sigma = 6.490E-04,  chi^2/iteration = 7.326E+00

 MONACO:  grid written to file GRID/grid2_1_8.out.6
 
  result sub (LO):    6.9977533741173381E-002  +-    6.4902814641315998E-004  fb    0.92748073805191100      %
 
 
  result (LO):    9.5866459457366560       +-    8.7993567565093165E-003  fb     9.1787647174166681E-002 %
  
   
 Initialising FF ..
   
 ====================================================
   FF 2.0, a package to evaluate one-loop integrals
 written by G. J. van Oldenborgh, NIKHEF-H, Amsterdam
 ====================================================
 for the algorithms used see preprint NIKHEF-H 89/17,
 'New Algorithms for One-loop Integrals', by G.J. van
 Oldenborgh and J.A.M. Vermaseren, published in 
 Zeitschrift fuer Physik C46(1990)425.
 ====================================================
 ====================================================
   FF 2.0, a package to evaluate one-loop integrals
 written by G. J. van Oldenborgh, NIKHEF-H, Amsterdam
 ====================================================
 for the algorithms used see preprint NIKHEF-H 89/17,
 'New Algorithms for One-loop Integrals', by G.J. van
 Oldenborgh and J.A.M. Vermaseren, published in 
 Zeitschrift fuer Physik C46(1990)425.
 ====================================================
 Initializing PDF set CT10
  
 Subprocess           1
  

 MONACO input parameters:
 ndim = 16,  ncall =      16M,   rtype = 0
 nprn =  0,  acc = -1.0E+0,  alph = 8.75E-1,  nd = 48,  mds =  0

 MONACO:  grid read from file GRID/grid2_1_1.out.6                                                                                                                                                                                                                                      

 iteration  1:
 integral =  4.804186E+00,  sigma = 1.024E-02
 efficacy = 1.260E-04,  raw efficacy = 2.658E-06
 f_positive = 1.839E-1,  f_zero = 8.161E-1,  f_negative = 0.000E+0
 accumulated statistics:
 integral =  4.804186E+00,  sigma = 1.024E-02,  chi^2/iteration = 0.000E+00

 MONACO:  grid written to file GRID/grid2_1_1.vout.1
  
  result for virtual contribution, no.            1
  sigma =    4.8041855236505739       +-    1.0236322452815522E-002  fb  
  
 total result for virtual contns so far 
  sigma =    4.8041855236505739       +-    1.0236322452815522E-002  fb
  

 MONACO input parameters:
 ndim = 16,  ncall =     512k,   rtype = 0
 nprn =  0,  acc = -1.0E+0,  alph = 8.75E-1,  nd = 48,  mds =  0

 MONACO:  grid read from file GRID/grid2_1_1.out.6                                                                                                                                                                                                                                      

 iteration  1:
 integral =  1.293157E+00,  sigma = 2.257E-02
 efficacy = 3.156E-04,  raw efficacy = 6.410E-06
 f_positive = 1.598E-1,  f_zero = 8.167E-1,  f_negative = 2.353E-2
 accumulated statistics:
 integral =  1.293157E+00,  sigma = 2.257E-02,  chi^2/iteration = 0.000E+00

 MONACO:  grid written to file GRID/grid2_1_1.vout.1
  
  result for virtual contribution, no.            2
  sigma =    1.2931570863531918       +-    2.2569449491334527E-002  fb  
  
 total result for virtual contns so far 
  sigma =    6.0973426100037660       +-    2.4782299080188575E-002  fb
  

 MONACO input parameters:
 ndim = 16,  ncall =      16M,   rtype = 0
 nprn =  0,  acc = -1.0E+0,  alph = 8.75E-1,  nd = 48,  mds =  0

 MONACO:  grid read from file GRID/grid2_1_1.out.6                                                                                                                                                                                                                                      

 iteration  1:
 integral =  2.176231E+00,  sigma = 4.113E-03
 efficacy = 7.829E-05,  raw efficacy = 4.406E-06
 f_positive = 1.839E-1,  f_zero = 8.161E-1,  f_negative = 1.353E-5
 accumulated statistics:
 integral =  2.176231E+00,  sigma = 4.113E-03,  chi^2/iteration = 5.821E-11

 MONACO:  grid written to file GRID/grid2_1_1.vout.1
  
  result for virtual contribution, no.            3
  sigma =    2.1762306693414173       +-    4.1130123096030351E-003  fb  
  
 total result for virtual contns so far 
  sigma =    8.2735732793451824       +-    2.5121290133248764E-002  fb
  
  
 Subprocess           2
  

 MONACO input parameters:
 ndim = 16,  ncall =       4M,   rtype = 0
 nprn =  0,  acc = -1.0E+0,  alph = 8.75E-1,  nd = 48,  mds =  0

 MONACO:  grid read from file GRID/grid2_1_2.out.6                                                                                                                                                                                                                                      

 iteration  1:
 integral =  1.362588E+00,  sigma = 5.233E-03
 efficacy = 2.482E-04,  raw efficacy = 3.534E-06
 f_positive = 1.892E-1,  f_zero = 8.108E-1,  f_negative = 0.000E+0
 accumulated statistics:
 integral =  1.362588E+00,  sigma = 5.233E-03,  chi^2/iteration = 0.000E+00

 MONACO:  grid written to file GRID/grid2_1_2.vout.1
  
  result for virtual contribution, no.            1
  sigma =    1.3625881170818828       +-    5.2332736720375472E-003  fb  
  
 total result for virtual contns so far 
  sigma =    1.3625881170818828       +-    5.2332736720375472E-003  fb
  

 MONACO input parameters:
 ndim = 16,  ncall =     128k,   rtype = 0
 nprn =  0,  acc = -1.0E+0,  alph = 8.75E-1,  nd = 48,  mds =  0

 MONACO:  grid read from file GRID/grid2_1_2.out.6                                                                                                                                                                                                                                      

 iteration  1:
 integral =  3.855883E-01,  sigma = 1.003E-02
 efficacy = 9.205E-04,  raw efficacy = 1.193E-05
 f_positive = 1.699E-1,  f_zero = 8.100E-1,  f_negative = 2.016E-2
 accumulated statistics:
 integral =  3.855883E-01,  sigma = 1.003E-02,  chi^2/iteration = 2.274E-13

 MONACO:  grid written to file GRID/grid2_1_2.vout.1
  
  result for virtual contribution, no.            2
  sigma =   0.38558833659171649       +-    1.0028864608073500E-002  fb  
  
 total result for virtual contns so far 
  sigma =    1.7481764536735993       +-    1.1312173913687440E-002  fb
  

 MONACO input parameters:
 ndim = 16,  ncall =       4M,   rtype = 0
 nprn =  0,  acc = -1.0E+0,  alph = 8.75E-1,  nd = 48,  mds =  0

 MONACO:  grid read from file GRID/grid2_1_2.out.6                                                                                                                                                                                                                                      

 iteration  1:
 integral =  6.232660E-01,  sigma = 2.723E-03
 efficacy = 8.476E-05,  raw efficacy = 4.016E-06
 f_positive = 1.890E-1,  f_zero = 8.109E-1,  f_negative = 1.788E-5
 accumulated statistics:
 integral =  6.232660E-01,  sigma = 2.723E-03,  chi^2/iteration = 7.276E-12

 MONACO:  grid written to file GRID/grid2_1_2.vout.1
  
  result for virtual contribution, no.            3
  sigma =   0.62326595748139579       +-    2.7229396196436525E-003  fb  
  
 total result for virtual contns so far 
  sigma =    2.3714424111549950       +-    1.1635277342020503E-002  fb
  
  
 Subprocess           3
  

 MONACO input parameters:
 ndim = 16,  ncall =       4M,   rtype = 0
 nprn =  0,  acc = -1.0E+0,  alph = 8.75E-1,  nd = 48,  mds =  0

 MONACO:  grid read from file GRID/grid2_1_3.out.6                                                                                                                                                                                                                                      

 iteration  1:
 integral =  1.179022E+00,  sigma = 5.284E-03
 efficacy = 2.354E-04,  raw efficacy = 1.665E-06
 f_positive = 1.612E-1,  f_zero = 8.388E-1,  f_negative = 0.000E+0
 accumulated statistics:
 integral =  1.179022E+00,  sigma = 5.284E-03,  chi^2/iteration = 0.000E+00

 MONACO:  grid written to file GRID/grid2_1_3.vout.1
  
  result for virtual contribution, no.            1
  sigma =    1.1790224556626732       +-    5.2839434865489402E-003  fb  
  
 total result for virtual contns so far 
  sigma =    1.1790224556626732       +-    5.2839434865489402E-003  fb
  

 MONACO input parameters:
 ndim = 16,  ncall =     128k,   rtype = 0
 nprn =  0,  acc = -1.0E+0,  alph = 8.75E-1,  nd = 48,  mds =  0

 MONACO:  grid read from file GRID/grid2_1_3.out.6                                                                                                                                                                                                                                      

 iteration  1:
 integral =  4.485199E-01,  sigma = 1.252E-02
 efficacy = 4.929E-04,  raw efficacy = 1.612E-05
 f_positive = 1.539E-1,  f_zero = 8.406E-1,  f_negative = 5.501E-3
 accumulated statistics:
 integral =  4.485199E-01,  sigma = 1.252E-02,  chi^2/iteration = 2.274E-13

 MONACO:  grid written to file GRID/grid2_1_3.vout.1
  
  result for virtual contribution, no.            2
  sigma =   0.44851990791081991       +-    1.2523380996212134E-002  fb  
  
 total result for virtual contns so far 
  sigma =    1.6275423635734931       +-    1.3592465940561713E-002  fb
  

 MONACO input parameters:
 ndim = 16,  ncall =       4M,   rtype = 0
 nprn =  0,  acc = -1.0E+0,  alph = 8.75E-1,  nd = 48,  mds =  0

 MONACO:  grid read from file GRID/grid2_1_3.out.6                                                                                                                                                                                                                                      

 iteration  1:
 integral =  2.588924E-01,  sigma = 9.945E-04
 efficacy = 3.495E-04,  raw efficacy = 5.743E-06
 f_positive = 1.592E-1,  f_zero = 8.387E-1,  f_negative = 2.177E-3
 accumulated statistics:
 integral =  2.588924E-01,  sigma = 9.945E-04,  chi^2/iteration = 0.000E+00

 MONACO:  grid written to file GRID/grid2_1_3.vout.1
  
  result for virtual contribution, no.            3
  sigma =   0.25889244906561742       +-    9.9454541166314509E-004  fb  
  
 total result for virtual contns so far 
  sigma =    1.8864348126391106       +-    1.3628802255561213E-002  fb
  
  
 Subprocess           4
  

 MONACO input parameters:
 ndim = 16,  ncall =       2M,   rtype = 0
 nprn =  0,  acc = -1.0E+0,  alph = 8.75E-1,  nd = 48,  mds =  0

 MONACO:  grid read from file GRID/grid2_1_4.out.6                                                                                                                                                                                                                                      

 iteration  1:
 integral =  2.643021E-01,  sigma = 1.298E-03
 efficacy = 7.722E-04,  raw efficacy = 3.589E-06
 f_positive = 1.917E-1,  f_zero = 8.083E-1,  f_negative = 0.000E+0
 accumulated statistics:
 integral =  2.643021E-01,  sigma = 1.298E-03,  chi^2/iteration = 0.000E+00

 MONACO:  grid written to file GRID/grid2_1_4.vout.1
  
  result for virtual contribution, no.            1
  sigma =   0.26430211874216675       +-    1.2982784694316859E-003  fb  
  
 total result for virtual contns so far 
  sigma =   0.26430211874216675       +-    1.2982784694316859E-003  fb
  

 MONACO input parameters:
 ndim = 16,  ncall =      64k,   rtype = 0
 nprn =  0,  acc = -1.0E+0,  alph = 8.75E-1,  nd = 48,  mds =  0

 MONACO:  grid read from file GRID/grid2_1_4.out.6                                                                                                                                                                                                                                      

 iteration  1:
 integral =  8.116145E-02,  sigma = 3.393E-03
 efficacy = 9.333E-04,  raw efficacy = 2.059E-05
 f_positive = 1.709E-1,  f_zero = 8.085E-1,  f_negative = 2.065E-2
 accumulated statistics:
 integral =  8.116145E-02,  sigma = 3.393E-03,  chi^2/iteration = 0.000E+00

 MONACO:  grid written to file GRID/grid2_1_4.vout.1
  
  result for virtual contribution, no.            2
  sigma =    8.1161450004643004E-002  +-    3.3928838541949159E-003  fb  
  
 total result for virtual contns so far 
  sigma =   0.34546356874680972       +-    3.6327933924524842E-003  fb
  

 MONACO input parameters:
 ndim = 16,  ncall =       2M,   rtype = 0
 nprn =  0,  acc = -1.0E+0,  alph = 8.75E-1,  nd = 48,  mds =  0

 MONACO:  grid read from file GRID/grid2_1_4.out.6                                                                                                                                                                                                                                      

 iteration  1:
 integral =  1.791018E-01,  sigma = 7.614E-04
 efficacy = 1.086E-03,  raw efficacy = 7.895E-06
 f_positive = 1.919E-1,  f_zero = 8.080E-1,  f_negative = 9.918E-5
 accumulated statistics:
 integral =  1.791018E-01,  sigma = 7.614E-04,  chi^2/iteration = 0.000E+00

 MONACO:  grid written to file GRID/grid2_1_4.vout.1
  
  result for virtual contribution, no.            3
  sigma =   0.17910183087506520       +-    7.6135520025038140E-004  fb  
  
 total result for virtual contns so far 
  sigma =   0.52456539962187487       +-    3.7117178735990596E-003  fb
  
  
 Subprocess           5
  

 MONACO input parameters:
 ndim = 16,  ncall =      16M,   rtype = 0
 nprn =  0,  acc = -1.0E+0,  alph = 8.75E-1,  nd = 48,  mds =  0

 MONACO:  grid read from file GRID/grid2_1_5.out.6                                                                                                                                                                                                                                      

 iteration  1:
 integral =  6.304137E-01,  sigma = 1.785E-03
 efficacy = 1.269E-04,  raw efficacy = 4.393E-08
 f_positive = 1.679E-1,  f_zero = 8.321E-1,  f_negative = 0.000E+0
 accumulated statistics:
 integral =  6.304137E-01,  sigma = 1.785E-03,  chi^2/iteration = 1.455E-11

 MONACO:  grid written to file GRID/grid2_1_5.vout.1
  
  result for virtual contribution, no.            1
  sigma =   0.63041368879361137       +-    1.7850812543986822E-003  fb  
  
 total result for virtual contns so far 
  sigma =   0.63041368879361137       +-    1.7850812543986822E-003  fb
  

 MONACO input parameters:
 ndim = 16,  ncall =     512k,   rtype = 0
 nprn =  0,  acc = -1.0E+0,  alph = 8.75E-1,  nd = 48,  mds =  0

 MONACO:  grid read from file GRID/grid2_1_5.out.6                                                                                                                                                                                                                                      

 iteration  1:
 integral =  4.547458E-01,  sigma = 9.319E-03
 efficacy = 3.558E-04,  raw efficacy = 4.820E-07
 f_positive = 1.651E-1,  f_zero = 8.319E-1,  f_negative = 3.040E-3
 accumulated statistics:
 integral =  4.547458E-01,  sigma = 9.319E-03,  chi^2/iteration = 4.547E-13

 MONACO:  grid written to file GRID/grid2_1_5.vout.1
  
  result for virtual contribution, no.            2
  sigma =   0.45474583855866485       +-    9.3188299571071252E-003  fb  
  
 total result for virtual contns so far 
  sigma =    1.0851595273522763       +-    9.4882615296102979E-003  fb
  

 MONACO input parameters:
 ndim = 16,  ncall =      16M,   rtype = 0
 nprn =  0,  acc = -1.0E+0,  alph = 8.75E-1,  nd = 48,  mds =  0

 MONACO:  grid read from file GRID/grid2_1_5.out.6                                                                                                                                                                                                                                      

 iteration  1:
 integral =  1.020569E-01,  sigma = 3.377E-04
 efficacy = 1.191E-04,  raw efficacy = 1.168E-07
 f_positive = 1.652E-1,  f_zero = 8.323E-1,  f_negative = 2.446E-3
 accumulated statistics:
 integral =  1.020569E-01,  sigma = 3.377E-04,  chi^2/iteration = 1.455E-11

 MONACO:  grid written to file GRID/grid2_1_5.vout.1
  
  result for virtual contribution, no.            3
  sigma =   0.10205692018020310       +-    3.3765061730630535E-004  fb  
  
 total result for virtual contns so far 
  sigma =    1.1872164475324793       +-    9.4942674700921551E-003  fb
  
  
 Subprocess           6
  

 MONACO input parameters:
 ndim = 16,  ncall =       4M,   rtype = 0
 nprn =  0,  acc = -1.0E+0,  alph = 8.75E-1,  nd = 48,  mds =  0

 MONACO:  grid read from file GRID/grid2_1_6.out.6                                                                                                                                                                                                                                      

 iteration  1:
 integral =  3.144550E-01,  sigma = 2.376E-03
 efficacy = 5.002E-05,  raw efficacy = 3.744E-07
 f_positive = 1.626E-1,  f_zero = 8.374E-1,  f_negative = 0.000E+0
 accumulated statistics:
 integral =  3.144550E-01,  sigma = 2.376E-03,  chi^2/iteration = 0.000E+00

 MONACO:  grid written to file GRID/grid2_1_6.vout.1
  
  result for virtual contribution, no.            1
  sigma =   0.31445496757673780       +-    2.3759024489890582E-003  fb  
  
 total result for virtual contns so far 
  sigma =   0.31445496757673780       +-    2.3759024489890582E-003  fb
  

 MONACO input parameters:
 ndim = 16,  ncall =     128k,   rtype = 0
 nprn =  0,  acc = -1.0E+0,  alph = 8.75E-1,  nd = 48,  mds =  0

 MONACO:  grid read from file GRID/grid2_1_6.out.6                                                                                                                                                                                                                                      

 iteration  1:
 integral =  1.750150E-01,  sigma = 7.435E-03
 efficacy = 4.344E-04,  raw efficacy = 4.623E-07
 f_positive = 1.598E-1,  f_zero = 8.376E-1,  f_negative = 2.617E-3
 accumulated statistics:
 integral =  1.750150E-01,  sigma = 7.435E-03,  chi^2/iteration = 0.000E+00

 MONACO:  grid written to file GRID/grid2_1_6.vout.1
  
  result for virtual contribution, no.            2
  sigma =   0.17501497273591415       +-    7.4345519398949945E-003  fb  
  
 total result for virtual contns so far 
  sigma =   0.48946994031265195       +-    7.8049647657185894E-003  fb
  

 MONACO input parameters:
 ndim = 16,  ncall =       4M,   rtype = 0
 nprn =  0,  acc = -1.0E+0,  alph = 8.75E-1,  nd = 48,  mds =  0

 MONACO:  grid read from file GRID/grid2_1_6.out.6                                                                                                                                                                                                                                      

 iteration  1:
 integral =  4.341698E-02,  sigma = 3.631E-04
 efficacy = 8.162E-05,  raw efficacy = 9.851E-08
 f_positive = 1.454E-1,  f_zero = 8.374E-1,  f_negative = 1.715E-2
 accumulated statistics:
 integral =  4.341698E-02,  sigma = 3.631E-04,  chi^2/iteration = 1.819E-12

 MONACO:  grid written to file GRID/grid2_1_6.vout.1
  
  result for virtual contribution, no.            3
  sigma =    4.3416977169115321E-002  +-    3.6309255653964626E-004  fb  
  
 total result for virtual contns so far 
  sigma =   0.53288691748176731       +-    7.8134058642005226E-003  fb
  
  
 Subprocess           7
  

 MONACO input parameters:
 ndim = 16,  ncall =       4M,   rtype = 0
 nprn =  0,  acc = -1.0E+0,  alph = 8.75E-1,  nd = 48,  mds =  0

 MONACO:  grid read from file GRID/grid2_1_7.out.6                                                                                                                                                                                                                                      

 iteration  1:
 integral =  2.681295E-01,  sigma = 1.260E-03
 efficacy = 3.251E-04,  raw efficacy = 5.651E-07
 f_positive = 1.588E-1,  f_zero = 8.412E-1,  f_negative = 0.000E+0
 accumulated statistics:
 integral =  2.681295E-01,  sigma = 1.260E-03,  chi^2/iteration = 7.276E-12

 MONACO:  grid written to file GRID/grid2_1_7.vout.1
  
  result for virtual contribution, no.            1
  sigma =   0.26812947002251553       +-    1.2597431543607644E-003  fb  
  
 total result for virtual contns so far 
  sigma =   0.26812947002251553       +-    1.2597431543607644E-003  fb
  

 MONACO input parameters:
 ndim = 16,  ncall =     128k,   rtype = 0
 nprn =  0,  acc = -1.0E+0,  alph = 8.75E-1,  nd = 48,  mds =  0

 MONACO:  grid read from file GRID/grid2_1_7.out.6                                                                                                                                                                                                                                      

 iteration  1:
 integral =  1.589695E-01,  sigma = 4.639E-03
 efficacy = 8.744E-04,  raw efficacy = 2.094E-06
 f_positive = 1.568E-1,  f_zero = 8.402E-1,  f_negative = 2.991E-3
 accumulated statistics:
 integral =  1.589695E-01,  sigma = 4.639E-03,  chi^2/iteration = 0.000E+00

 MONACO:  grid written to file GRID/grid2_1_7.vout.1
  
  result for virtual contribution, no.            2
  sigma =   0.15896952296776914       +-    4.6394836493083031E-003  fb  
  
 total result for virtual contns so far 
  sigma =   0.42709899299028464       +-    4.8074693287797378E-003  fb
  

 MONACO input parameters:
 ndim = 16,  ncall =       4M,   rtype = 0
 nprn =  0,  acc = -1.0E+0,  alph = 8.75E-1,  nd = 48,  mds =  0

 MONACO:  grid read from file GRID/grid2_1_7.out.6                                                                                                                                                                                                                                      

 iteration  1:
 integral =  3.674019E-02,  sigma = 2.503E-04
 efficacy = 1.834E-04,  raw efficacy = 4.726E-07
 f_positive = 1.335E-1,  f_zero = 8.413E-1,  f_negative = 2.526E-2
 accumulated statistics:
 integral =  3.674019E-02,  sigma = 2.503E-04,  chi^2/iteration = 3.638E-12

 MONACO:  grid written to file GRID/grid2_1_7.vout.1
  
  result for virtual contribution, no.            3
  sigma =    3.6740194794082671E-002  +-    2.5030781621657617E-004  fb  
  
 total result for virtual contns so far 
  sigma =   0.46383918778436733       +-    4.8139812369822352E-003  fb
  
  
 Subprocess           8
  

 MONACO input parameters:
 ndim = 16,  ncall =       2M,   rtype = 0
 nprn =  0,  acc = -1.0E+0,  alph = 8.75E-1,  nd = 48,  mds =  0

 MONACO:  grid read from file GRID/grid2_1_8.out.6                                                                                                                                                                                                                                      

 iteration  1:
 integral =  6.401267E-02,  sigma = 4.257E-04
 efficacy = 2.520E-04,  raw efficacy = 9.975E-07
 f_positive = 1.691E-1,  f_zero = 8.309E-1,  f_negative = 0.000E+0
 accumulated statistics:
 integral =  6.401267E-02,  sigma = 4.257E-04,  chi^2/iteration = 3.638E-12

 MONACO:  grid written to file GRID/grid2_1_8.vout.1
  
  result for virtual contribution, no.            1
  sigma =    6.4012672238649412E-002  +-    4.2569134807953597E-004  fb  
  
 total result for virtual contns so far 
  sigma =    6.4012672238649412E-002  +-    4.2569134807953597E-004  fb
  

 MONACO input parameters:
 ndim = 16,  ncall =      64k,   rtype = 0
 nprn =  0,  acc = -1.0E+0,  alph = 8.75E-1,  nd = 48,  mds =  0

 MONACO:  grid read from file GRID/grid2_1_8.out.6                                                                                                                                                                                                                                      

 iteration  1:
 integral =  3.980226E-02,  sigma = 1.802E-03
 efficacy = 7.398E-04,  raw efficacy = 3.045E-06
 f_positive = 1.681E-1,  f_zero = 8.298E-1,  f_negative = 2.060E-3
 accumulated statistics:
 integral =  3.980226E-02,  sigma = 1.802E-03,  chi^2/iteration = 0.000E+00

 MONACO:  grid written to file GRID/grid2_1_8.vout.1
  
  result for virtual contribution, no.            2
  sigma =    3.9802264890081776E-002  +-    1.8021319058096432E-003  fb  
  
 total result for virtual contns so far 
  sigma =   0.10381493712873119       +-    1.8517269047478005E-003  fb
  

 MONACO input parameters:
 ndim = 16,  ncall =       2M,   rtype = 0
 nprn =  0,  acc = -1.0E+0,  alph = 8.75E-1,  nd = 48,  mds =  0

 MONACO:  grid read from file GRID/grid2_1_8.out.6                                                                                                                                                                                                                                      

 iteration  1:
 integral =  1.107268E-02,  sigma = 8.941E-05
 efficacy = 2.451E-04,  raw efficacy = 5.560E-07
 f_positive = 1.654E-1,  f_zero = 8.305E-1,  f_negative = 4.100E-3
 accumulated statistics:
 integral =  1.107268E-02,  sigma = 8.941E-05,  chi^2/iteration = 0.000E+00

 MONACO:  grid written to file GRID/grid2_1_8.vout.1
  
  result for virtual contribution, no.            3
  sigma =    1.1072680711332168E-002  +-    8.9413099305525452E-005  fb  
  
 total result for virtual contns so far 
  sigma =   0.11488761784006335       +-    1.8538843631937482E-003  fb
  
  total result for virtual PS            1
  sigma =    15.354846073399843       +-    3.3819842191433525E-002  fb
  
   
 Summary for FF ..
   
 
total number of errors and warnings
===================================
vbffferr: no errors
the warning system has been disabled
 
 vbfquadffopen: error: could not open /itp/scratch/rauch/vbfquadnlotest/binaryrelease30/share/VBFNLO/ff/fferr.dat                                                     
         adjust path in vbfquadffopen (vbfquadffinit.f)
vbfquadfferr:  warning cannot open fferr.dat with error texts
 
total number of errors and warnings
===================================
vbfquadfferr: no errors
the warning system has been disabled
 

 MONACO input parameters:
 ndim = 19,  ncall =       1M,   rtype = 0
 nprn =  0,  acc = -1.0E+0,  alph = 8.75E-1,  nd = 48,  mds =  0

 MONACO:  continuing with uniform grid
 QCD W+Z jjj amplitude square information:
 external b quarks are included
 alpha parameter of dipoles:    1.0000000000000000     
 -----------------------------------------------

 iteration  1:
 integral = -8.633363E+00,  sigma = 1.707E+00
 efficacy = 6.993E-06,  raw efficacy = 6.993E-06
 f_positive = 1.834E-2,  f_zero = 9.352E-1,  f_negative = 4.649E-2
 accumulated statistics:
 integral = -8.633363E+00,  sigma = 1.707E+00,  chi^2/iteration = 3.553E-15

 MONACO:  grid written to file grid3_1.out.1

 MONACO input parameters:
 ndim = 19,  ncall =       2M,   rtype = 0
 nprn =  0,  acc = -1.0E+0,  alph = 8.75E-1,  nd = 48,  mds =  0

 iteration  2:
 integral = -5.083110E+00,  sigma = 4.224E-01
 efficacy = 8.277E-06,  raw efficacy = 4.374E-07
 f_positive = 3.708E-2,  f_zero = 8.480E-1,  f_negative = 1.149E-1
 accumulated statistics:
 integral = -5.288038E+00,  sigma = 4.101E-01,  chi^2/iteration = 4.077E+06

 MONACO:  grid written to file grid3_1.out.2

 MONACO input parameters:
 ndim = 19,  ncall =       4M,   rtype = 0
 nprn =  0,  acc = -1.0E+0,  alph = 8.75E-1,  nd = 48,  mds =  0

 iteration  3:
 integral = -6.475205E+00,  sigma = 4.540E-01
 efficacy = 4.220E-06,  raw efficacy = 8.394E-08
 f_positive = 4.383E-2,  f_zero = 8.000E-1,  f_negative = 1.562E-1
 accumulated statistics:
 integral = -5.821432E+00,  sigma = 3.043E-01,  chi^2/iteration = 7.843E+00

 MONACO:  grid written to file grid3_1.out.3

 MONACO input parameters:
 ndim = 19,  ncall =       8M,   rtype = 0
 nprn =  0,  acc = -1.0E+0,  alph = 8.75E-1,  nd = 48,  mds =  0

 iteration  4:
 integral = -5.867815E+00,  sigma = 1.585E-01
 efficacy = 1.139E-05,  raw efficacy = 4.631E-08
 f_positive = 5.169E-2,  f_zero = 7.664E-1,  f_negative = 1.819E-1
 accumulated statistics:
 integral = -5.857913E+00,  sigma = 1.406E-01,  chi^2/iteration = 3.931E+00

 MONACO:  grid written to file grid3_1.out.4

 MONACO input parameters:
 ndim = 19,  ncall =      16M,   rtype = 0
 nprn =  0,  acc = -1.0E+0,  alph = 8.75E-1,  nd = 48,  mds =  0

 iteration  5:
 integral = -5.705323E+00,  sigma = 6.799E-02
 efficacy = 2.463E-05,  raw efficacy = 4.114E-09
 f_positive = 5.301E-2,  f_zero = 7.615E-1,  f_negative = 1.855E-1
 accumulated statistics:
 integral = -5.734243E+00,  sigma = 6.121E-02,  chi^2/iteration = 2.939E+00

 MONACO:  grid written to file grid3_1.out.5

 MONACO input parameters:
 ndim = 19,  ncall =      32M,   rtype = 0
 nprn =  0,  acc = -1.0E+0,  alph = 8.75E-1,  nd = 48,  mds =  0

 iteration  6:
 integral = -5.593710E+00,  sigma = 5.831E-02
 efficacy = 6.200E-06,  raw efficacy = 1.017E-08
 f_positive = 5.407E-2,  f_zero = 7.588E-1,  f_negative = 1.872E-1
 accumulated statistics:
 integral = -5.660568E+00,  sigma = 4.222E-02,  chi^2/iteration = 2.895E+00

 MONACO:  grid written to file grid3_1.out.6
 
  result for real emissions 
  sigma =   -5.6605675865276055       +-    4.2217627509503107E-002  fb
  
 
total number of errors and warnings
===================================
fferr: no errors
 
  
  final result at NLO 
  sigma =    9.6942784868722374       +-    5.4093528248623429E-002  fb  0.55799437082270342      %

  penbox/ fermionloops instabilites 
      total calls                1994939
      instabilities dble              22   1.1027906116427620E-003 %
      instabilities quad               0   0.0000000000000000      %
  Box instabilites 
      total calls                1145657
      instabilities dble              82   7.1574651051754586E-003 %
      instabilities quad              82   7.1574651051754586E-003 %
  Pentagon instabilites 
      total calls                1145657
      instabilities dble            2579  0.22511100617375007      %
      instabilities quad               1   8.7286159819212908E-005 %
  Hexagon instabilites 
      total calls                1145657
      instabilities dble            4075  0.35569110126329256      %
      instabilities quad              94   8.2048990230060136E-003 %
 

 ========================================
    results of individual contributions
 ========================================

 virtual contributions
 gnlo           1   8.8871090137688107       +-    1.3129151911239194E-002
 gnlo           2   3.0369593800128007       +-    3.0743951443298945E-002
 gnlo           3   3.4307776796182297       +-    5.1202095266842437E-003

 total virtual contributions for different phase spaces
 subproc           1   15.354846073399843       +-    3.3819842191433525E-002

 total virtual contributions for different subprocesses
 subproc           1   8.2735732793451824       +-    2.5121290133248760E-002
 subproc           2   2.3714424111549950       +-    1.1635277342020503E-002
 subproc           3   1.8864348126391106       +-    1.3628802255561213E-002
 subproc           4  0.52456539962187487       +-    3.7117178735990596E-003
 subproc           5   1.1872164475324793       +-    9.4942674700921551E-003
 subproc           6  0.53288691748176731       +-    7.8134058642005226E-003
 subproc           7  0.46383918778436733       +-    4.8139812369822352E-003
 subproc           8  0.11488761784006335       +-    1.8538843631937482E-003

 RE subprocesses
 PS            1
 subproc           1  -5.6605675865276055       +-    4.2217627509503107E-002
  
  
  
 !!!!!!!!!!!!!!!!!!!!!!!!!!!!!!!!!!!!!!!!!!!!!!!!!!!!!!!!!!!!!!!!!!!!!!!!!!!!!!!!!!!!!!!!!!!!!!!!!!!!!!!!
     VBFNLO 3.0.0 beta0 svn 7628
   
  PROCESS:         3220   :   p p -->  W+ Z jj -->  e+ ve mu+ mu- jj (QCD induced)
   
  TOTAL result (LO):          9.5866459457366560       +-    8.7993567565093165E-003  fb     9.1787647174166681E-002 %
  NLO virtual result:         15.354846073399841       +-    3.3819842191433525E-002  fb    0.22025516914833651      %
  QCD real emission:         -5.6605675865276055       +-    4.2217627509503107E-002  fb   -0.74581968794053233      %
  TOTAL result (NLO):         9.6942784868722374       +-    5.4093528248623429E-002  fb    0.55799437082270342      %
  Approx. error due to instable points:    1.1793177682219215E-002  %
  K-Factor:                   1.0112273407972729     
 !!!!!!!!!!!!!!!!!!!!!!!!!!!!!!!!!!!!!!!!!!!!!!!!!!!!!!!!!!!!!!!!!!!!!!!!!!!!!!!!!!!!!!!!!!!!!!!!!!!!!!!!
  
  
