   
 -----------------------------------------------------
 VBFNLO, version 2.7.0 rc1 svn 6148
 Comput. Phys. Commun. 180 (2009) 1661 [arXiv:0811.4559 [hep-ph]]
 arXiV: 1107.4038, arXiV: 1207.4975
 http://www.itp.kit.edu/~vbfnloweb/
 -----------------------------------------------------
   
   
   
 Initialising LoopTools ..
   
 ====================================================
   FF 2.0, a package to evaluate one-loop integrals
 written by G. J. van Oldenborgh, NIKHEF-H, Amsterdam
 ====================================================
 for the algorithms used see preprint NIKHEF-H 89/17,
 'New Algorithms for One-loop Integrals', by G.J. van
 Oldenborgh and J.A.M. Vermaseren, published in 
 Zeitschrift fuer Physik C46(1990)425.
 ====================================================
  
        Information on global parameters
 -----------------------------------------------
   PROCESS               =      201
   LOPROCESS_PLUS_JET    =        F
   KK_MOD                =        F
   ANOM_CPL              =        F
   LEPTONS               =    11  -12
   DECAY_QUARKS          =    93
   LO_ITERATIONS         =        6
   NLO_ITERATIONS        =        6
   LO_POINTS             =       26
   NLO_POINTS            =       26
   NLO_SWITCH            =        T
   EWCOR_SWITCH          =        F
   FERMIONLOOP           =        3
 Warning: cannot read value for key = NLO_SEMILEP_DECAY. Using default value :            0
   LHA_SWITCH            =        F
   HEPMC_SWITCH          =        F
   LO_GRID               = grid2_1                                           
   NLO_GRID              = grid3_1                                           
   PHTN_GRID             = grid4_1                                           
   FLOOP_GRID            = grid5_1                                           
   ECM                   =  14000.0    
   BEAM1                 =        1
   BEAM2                 =        1
   ID_MUF                =        1
   ID_MUR                =        1
   MUF_USER              =  100.000    
   MUR_USER              =  100.000    
   XIF                   =  1.00000    
   XIR                   =  1.00000    
 
       information on the selected process 
 -----------------------------------------------
 
  pp -> W+ W- jj -> q q~ l- vl~ jj
 
 W pair + 2 jets production in vector boson fusion with subsequent decay of
 the W+ to quarks and W- to leptons.
 The Higgs contribution is included.
 Process is implemented at LO and NLO QCD.
 Anomalous couplings can be set in "anomV.dat".
 References: B. Jager, C. Oleari, D. Zeppenfeld
 JHEP 0607 (2006) 015, e-Print: hep-ph/0603177
 B. Feigl, PhD-thesis, http://digbib.ubka.uni-karlsruhe.de/volltexte/1000037298
 
 Initializing PDF set CT10
  
               Physics parameters
 -----------------------------------------------
   HTYPE                 =        0
   MODEL                 =        1
   ANOM_CPL              =        F
   KK_MOD                =        F
   SPIN2                 =        F
   HMASS                 =  120.000    
   HWIDTH                = -999.000    
   TOPMASS               =  172.400    
   BOTTOMMASS            =  4.85500    
   CHARMMASS             =  1.65000    
   TAU_MASS              =  1.77684    
   EWSCHEME              =        3
   FERMI_CONST           = 0.116637E-04
   WMASS                 =  80.3980    
   ZMASS                 =  91.1876    
   
 Running in the SM
   
 Higgs mass =   120.00000000000000     
   
  
 Information on scale setting in InitScales 
 -------------------------------------------
  
 Dynamical factorization scale chosen:
         momentum transfer of W/Z  
 Dynamical value for alphas chosen:
 alphas = alpha(momentum transfer of W/Z)
 Initializing PDF set cteq6l1
  
  
  
  
   Information on couplings, masses and widths
 ===============================================
  
   SM coupling parameters 
 ---------------------------
   G_Fermi                         : 0.000011663700
   SIN**2 of the weak mixing angle : 0.22264585
   Q.E.D. fine structure constant  : 1/132.34070    
   SU(2) coupling constant g       : 0.65305673
   U(1) coupling constant g'       : 0.34950127
   Q.C.D. LO alfas(MZ)             : 0.12980813
   Q.C.D. NLO alfas(MZ)            : 0.11798159
  
      particle masses
 ---------------------------
   mass of the Z0 boson            :   91.1876
   mass of the W+/- boson          :   80.3980
   mass of the Higgs boson         :  120.0000
   mass of the top quark           :  172.4000
   mass of the bottom quark at MH  :    2.8132
  (All other fermions have mass equal ZERO)
  
      particle widths
 ---------------------------
   total widths of Z0              :   2.508420 GeV
   total widths of W+ or W-        :   2.097673 GeV
   total widths of Higgs           :   0.003584 GeV
   total widths of top quark       :   1.339784 GeV
  
     branching ratios
 ---------------------------
   W -> lepton anti-lepton         : 10.8397227 %
   W -> massless quark anti-quark  : 33.7404159 %
   W -> top bottom                 :  0.0000000 %
  
   Z -> neutrino anti-neutrino     :  6.6129820 %
   Z -> charged lepton anti-lepton :  3.3460763 %
   Z -> up-type quark anti-quark   : 11.9908090 %
   Z -> down-type quark anti-quark : 15.3804024 %
   Z -> top anti-top               :  0.0000000 %
  
   H -> WW                         : 13.4042449 %
   H -> ZZ                         :  1.6940721 %
   H -> bottom anti-bottom         : 65.4907510 %
   H -> top anti-top               :  0.0000000 %
   H -> charm anti-charm           :  3.8907341 %
   H -> tau anti-tau               :  6.9292925 %
   H -> mu anti-mu                 :  0.0245341 %
   H -> gluon gluon                :  8.2146118 %
   H -> gamma gamma                :  0.2319526 %
   H -> Z gamma                    :  0.1198070 %
  
 Warning: cannot read value for key = MLL_OSONLY. Using default value :  T
 Input Error in line           73  of cuts.dat                                                                                                                                                                                                                                                  
 
 Warning: cannot read value for key = SINGLE_DECAYJET. Using default value :            0
 Warning: cannot read value for key = VBFCUTS_ALWAYS. Using default value :  F
 
          information on cut parameters
 -----------------------------------------------
 
 minimum jet pt        (PT_JET_MIN):     20.00    20.00    20.00    20.00    20.00   
 maximum jet rapidity                 (Y_JET_MAX):    4.5000000000000000     
 maximum parton pseudorapidity          (Y_P_MAX):    4.5000000000000000     
 minimum jet-jet R-separation           (RJJ_MIN):   0.29999999999999999     
 minimum number of jets                (NJET_MIN):            4
 single jet from hadronic decay (SINGLE_DECAYJET):            0
 exponent of generalised kT algorithm (PGENKTJET):    1.0000000000000000     
 minimum lepton-lepton R-separation     (RLL_MIN):   0.29999999999999999     
 maximum lepton-lepton R-separation     (RLL_MAX):    50.000000000000000     
 minimum jet-lepton R-separation        (RJL_MIN):   0.29999999999999999     
 minimum jet-photon R-separation        (RJG_MIN):    0.0000000000000000     
 minimum lepton-photon R-separation     (RLG_MIN):    0.0000000000000000     
 minimum photon-photon R-separation     (RGG_MIN):   0.59999999999999998     
 maximum photon-photon R-separation     (RGG_MAX):    50.000000000000000     
 maximum lepton rapidity                (Y_L_MAX):    2.5000000000000000     
 minimum lepton pt       (PT_L_MIN):     10.00   
 minimum invariant dilepton mass        (MLL_MIN):    0.0000000000000000     
 maximum invariant dilepton mass        (MLL_MAX):    1.0000000000000000E+020
 m_ll cuts only on opposite-sign l   (MLL_OSONLY):  T
 maximum photon rapidity                (Y_G_MAX):    1.5000000000000000     
 minimum photon pt       (PT_G_MIN):    
 photon isolation cut                 (PHISOLCUT):   0.69999999999999996     
 efficiency of photon isolation cut   (EFISOLCUT):    1.0000000000000000     
 minimum invariant lepton-photon mass   (MLG_MIN):    0.0000000000000000     
 maximum invariant lepton-photon mass   (MLG_MAX):    1.0000000000000000E+020
 minimal missing transverse momentum (PTMISS_MIN):    0.0000000000000000     
 minimum jet rapidity separation      (ETAJJ_MIN):    4.0000000000000000     
 tagging jets in opposite hemispheres     (YSIGN):    T
 leptons fall inside rapidity gap     (LRAPIDGAP):    F
 min leptons y-dist from tagging jets   (DELY_JL):    0.0000000000000000     
 photons fall inside rapidity gap     (GRAPIDGAP):    F
 min photons y-dist from tagging jets   (DELY_JG):    0.0000000000000000     
 dijet min mass cut on tag jets        (MDIJ_MIN):    600.00000000000000     
 dijet max mass cut on tag jets        (MDIJ_MAX):    1.0000000000000000E+020
 veto criteria for jets                   (JVETO):    F
 minimum veto-tag y-dist             (DELY_JVETO):    0.0000000000000000     
 maximum |y| for veto jet             (YMAX_VETO):    4.5000000000000000     
 minimum pT for veto jet             (PTMIN_VETO):    50.000000000000000     
 definition of tagging jets          (DEF_TAGJET):            2
 max |y| for "central region"       (ETA_CENTRAL):    2.0000000000000000     
 minimal pt for harder tagging jet  (PTMIN_TAG_1):    20.000000000000000     
 minimal pt for softer tagging jet  (PTMIN_TAG_2):    20.000000000000000     
 mass reconst. cut for V -> had   (RECONST_HAD_V):            0
 mass range for RECONST_HAD_V      (V_MASS_RANGE):    20.000000000000000     
 
 
          information on technical cuts
 -----------------------------------------------
  
 Photon exchange with virtuality Q^2 <        4.0 GeV^2 is eliminated. 
  Recover by calculating  q gamma ---> q g V (V)   etc.
  

        phase space generator information  
 -----------------------------------------------

 boson -6 has mass   160.80 GeV and width   500.0000 GeV
 integration range for boson -6 =      0.032  to     9899.495 GeV
 boson  3 has mass    80.40 GeV and width     2.0977 GeV
 integration range for boson  3 =      0.032  to     9899.495 GeV
 boson  4 has mass    80.40 GeV and width     2.0977 GeV
 integration range for boson  4 =      0.032  to     9899.495 GeV

 machine energy =    14000.0  GeV
 Minimal mom.transfer or mass for parton pair:   100.00 MeV

 -----------------------------------------------

  Random number generator initialized with seed =            0
 
          information on histogram config
 -----------------------------------------------
 
 SMEARING           =      T
 SMEAR_VALUE        =       0.20000000000000001     
 CALC_ERROR_GNUPLOT =      F
 CALC_ERROR_1D      =      T
 CALC_ERROR_2D      =      F
 
HIST_ID1      =      0.00    250.00  # dS/dpT_j (fb/GeV)
HIST_ID2      =      0.00    500.00  # dS/dpTmax_j (fb/GeV)
HIST_ID3      =      0.00    200.00  # dS/dpTmin_j (fb/GeV)
HIST_ID4      =     -5.00      5.00  # dS/deta_j (fb)
HIST_ID5      =     -5.00      5.00  # dS/deta_j1 (fb)
HIST_ID6      =     -5.00      5.00  # dS/deta_j2 (fb)
HIST_ID7      =      0.00    500.00  # dS/dpTmax_l (fb/GeV)
HIST_ID8      =      0.00    200.00  # dS/dpTmin_l (fb/GeV)
HIST_ID9      =      0.00      5.00  # dS/d|eta|max_l (fb)
HIST_ID10     =      0.00      5.00  # dS/d|eta|min_l (fb)
HIST_ID11     =   -180.00    180.00  # dS/dPhi_jj (fb)
2DHIST_ID1    =      0.00      6.00      0.00    800.00  # d2S/deta_jj dm_jj (fb/GeV)
 
 -----------------------------------------------
 
 
 

 MONACO input parameters:
 ndim = 15,  ncall =       2M,   rtype = 0
 nprn =  0,  acc = -1.0E+0,  alph = 8.75E-1,  nd = 48,  mds =  0

 MONACO:  continuing with uniform grid
  
 W+W- jj amplitude square information:
 -----------------------------------------------
  
  v(v) to WW tensors initialized to  (  0.0000000000000000     ,  0.0000000000000000     )
  External b-quark contributions are excluded

 iteration  1:
 integral =  8.699796E+00,  sigma = 1.039E+00
 efficacy = 5.220E-06,  raw efficacy = 5.220E-06
 f_positive = 8.533E-3,  f_zero = 9.915E-1,  f_negative = 0.000E+0
 accumulated statistics:
 integral =  8.699796E+00,  sigma = 1.039E+00,  chi^2/iteration = 1.421E-14

 MONACO:  grid written to file grid2_1.out.1

 MONACO input parameters:
 ndim = 15,  ncall =       4M,   rtype = 0
 nprn =  0,  acc = -1.0E+0,  alph = 8.75E-1,  nd = 48,  mds =  0

 iteration  2:
 integral =  8.782554E+00,  sigma = 1.469E-01
 efficacy = 6.788E-05,  raw efficacy = 5.898E-07
 f_positive = 4.690E-2,  f_zero = 9.531E-1,  f_negative = 0.000E+0
 accumulated statistics:
 integral =  8.780933E+00,  sigma = 1.454E-01,  chi^2/iteration = 6.217E+03

 MONACO:  grid written to file grid2_1.out.2

 MONACO input parameters:
 ndim = 15,  ncall =       8M,   rtype = 0
 nprn =  0,  acc = -1.0E+0,  alph = 8.75E-1,  nd = 48,  mds =  0

 iteration  3:
 integral =  9.285491E+00,  sigma = 4.792E-02
 efficacy = 1.494E-04,  raw efficacy = 4.988E-08
 f_positive = 9.566E-2,  f_zero = 9.043E-1,  f_negative = 0.000E+0
 accumulated statistics:
 integral =  9.236064E+00,  sigma = 4.552E-02,  chi^2/iteration = 1.086E+01

 MONACO:  grid written to file grid2_1.out.3

 MONACO input parameters:
 ndim = 15,  ncall =      16M,   rtype = 0
 nprn =  0,  acc = -1.0E+0,  alph = 8.75E-1,  nd = 48,  mds =  0

 iteration  4:
 integral =  9.261535E+00,  sigma = 2.526E-02
 efficacy = 6.205E-05,  raw efficacy = 6.826E-08
 f_positive = 1.294E-1,  f_zero = 8.706E-1,  f_negative = 0.000E+0
 accumulated statistics:
 integral =  9.255539E+00,  sigma = 2.208E-02,  chi^2/iteration = 5.552E+00

 MONACO:  grid written to file grid2_1.out.4

 MONACO input parameters:
 ndim = 15,  ncall =      32M,   rtype = 0
 nprn =  0,  acc = -1.0E+0,  alph = 8.75E-1,  nd = 48,  mds =  0

 iteration  5:
 integral =  9.232535E+00,  sigma = 1.479E-02
 efficacy = 1.985E-04,  raw efficacy = 8.371E-08
 f_positive = 1.426E-1,  f_zero = 8.574E-1,  f_negative = 0.000E+0
 accumulated statistics:
 integral =  9.239661E+00,  sigma = 1.229E-02,  chi^2/iteration = 3.951E+00

 MONACO:  grid written to file grid2_1.out.5

 MONACO input parameters:
 ndim = 15,  ncall =      64M,   rtype = 0
 nprn =  0,  acc = -1.0E+0,  alph = 8.75E-1,  nd = 48,  mds =  0
  random number setting in monaco saved 

 iteration  6:
 integral =  9.263580E+00,  sigma = 1.007E-02
 efficacy = 5.355E-05,  raw efficacy = 4.323E-08
 f_positive = 1.540E-1,  f_zero = 8.460E-1,  f_negative = 0.000E+0
 accumulated statistics:
 integral =  9.253968E+00,  sigma = 7.792E-03,  chi^2/iteration = 3.529E+00

 MONACO:  grid written to file grid2_1.out.6
 
  result (LO):    9.2539677274495311       +-    7.7917238267560685E-003  fb     8.4198735680090064E-002 %
 
   
 Initialising FF ..
   
 ====================================================
   FF 2.0, a package to evaluate one-loop integrals
 written by G. J. van Oldenborgh, NIKHEF-H, Amsterdam
 ====================================================
 for the algorithms used see preprint NIKHEF-H 89/17,
 'New Algorithms for One-loop Integrals', by G.J. van
 Oldenborgh and J.A.M. Vermaseren, published in 
 Zeitschrift fuer Physik C46(1990)425.
 ====================================================
 Initializing PDF set CT10

 MONACO input parameters:
 ndim = 15,  ncall =      64M,   rtype = 0
 nprn =  0,  acc = -1.0E+0,  alph = 8.75E-1,  nd = 48,  mds =  0

 MONACO:  grid read from file grid2_1.out.6                                                                                                                                                                                                                                             

 iteration  1:
 integral =  7.911026E+00,  sigma = 8.340E-03
 efficacy = 1.001E-04,  raw efficacy = 2.695E-08
 f_positive = 1.580E-1,  f_zero = 8.420E-1,  f_negative = 0.000E+0
 accumulated statistics:
 integral =  7.911026E+00,  sigma = 8.340E-03,  chi^2/iteration = 0.000E+00

 MONACO:  grid written to file grid2_1.vout.1
  
  result for virtual contribution, no.            1
  sigma =    7.9110260506431773       +-    8.3397432035954618E-003  fb  
  
 total result for virtual contns so far 
  sigma =    7.9110260506431773       +-    8.3397432035954618E-003  fb
  

 MONACO input parameters:
 ndim = 15,  ncall =       4M,   rtype = 0
 nprn =  0,  acc = -1.0E+0,  alph = 8.75E-1,  nd = 48,  mds =  0

 MONACO:  grid read from file grid2_1.out.6                                                                                                                                                                                                                                             

 iteration  1:
 integral =  1.254703E-01,  sigma = 4.614E-03
 efficacy = 1.170E-05,  raw efficacy = 1.436E-08
 f_positive = 8.994E-2,  f_zero = 8.420E-1,  f_negative = 6.807E-2
 accumulated statistics:
 integral =  1.254703E-01,  sigma = 4.614E-03,  chi^2/iteration = 0.000E+00

 MONACO:  grid written to file grid2_1.vout.2
  
  result for virtual contribution, no.            2
  sigma =   0.12547032281498655       +-    4.6138325147876309E-003  fb  
  
 total result for virtual contns so far 
  sigma =    8.0364963734581636       +-    9.5309373713411971E-003  fb
  

 MONACO input parameters:
 ndim = 15,  ncall =     512k,   rtype = 0
 nprn =  0,  acc = -1.0E+0,  alph = 8.75E-1,  nd = 48,  mds =  0

 MONACO:  grid read from file grid2_1.out.6                                                                                                                                                                                                                                             

 iteration  1:
 integral =  8.099004E-03,  sigma = 4.865E-03
 efficacy = 3.833E-06,  raw efficacy = 4.427E-08
 f_positive = 7.894E-2,  f_zero = 8.428E-1,  f_negative = 7.822E-2
 accumulated statistics:
 integral =  8.099004E-03,  sigma = 4.865E-03,  chi^2/iteration = 0.000E+00

 MONACO:  grid written to file grid2_1.vout.3
  
  result for virtual contribution, no.            3
  sigma =    8.0990043164314469E-003  +-    4.8653241333846521E-003  fb  
  
 total result for virtual contns so far 
  sigma =    8.0445953777745949       +-    1.0700941365100707E-002  fb
  
   
 Summary for FF ..
   
 
total number of errors and warnings
===================================
vbffferr: no errors
the warning system has been disabled
 

 MONACO input parameters:
 ndim = 18,  ncall =       2M,   rtype = 0
 nprn =  0,  acc = -1.0E+0,  alph = 8.75E-1,  nd = 48,  mds =  0

 MONACO:  continuing with uniform grid
  
 W+W- jjj amplitude square information:
 -----------------------------------------------
  
  v(v) to WW tensors initialized to  (  0.0000000000000000     ,  0.0000000000000000     )
  External b-quark contributions are excluded
  
  creal =   -4.0797362673929065       cvirtual =   -3.7101318663035472     
  virt factor for alphas = 0.12 is   0.81104453988909386     

 iteration  1:
 integral =  4.661813E+00,  sigma = 6.398E-01
 efficacy = 6.259E-06,  raw efficacy = 6.259E-06
 f_positive = 2.066E-2,  f_zero = 9.732E-1,  f_negative = 6.118E-3
 accumulated statistics:
 integral =  4.661813E+00,  sigma = 6.398E-01,  chi^2/iteration = 0.000E+00

 MONACO:  grid written to file grid3_1.out.1

 MONACO input parameters:
 ndim = 18,  ncall =       4M,   rtype = 0
 nprn =  0,  acc = -1.0E+0,  alph = 8.75E-1,  nd = 48,  mds =  0

 iteration  2:
 integral =  6.154527E+00,  sigma = 3.707E-01
 efficacy = 5.303E-06,  raw efficacy = 3.066E-07
 f_positive = 5.637E-2,  f_zero = 9.327E-1,  f_negative = 1.091E-2
 accumulated statistics:
 integral =  5.779339E+00,  sigma = 3.207E-01,  chi^2/iteration = 4.076E+06

 MONACO:  grid written to file grid3_1.out.2

 MONACO input parameters:
 ndim = 18,  ncall =       8M,   rtype = 0
 nprn =  0,  acc = -1.0E+0,  alph = 8.75E-1,  nd = 48,  mds =  0

 iteration  3:
 integral =  5.744311E+00,  sigma = 1.280E-01
 efficacy = 1.851E-05,  raw efficacy = 9.893E-08
 f_positive = 1.031E-1,  f_zero = 8.816E-1,  f_negative = 1.526E-2
 accumulated statistics:
 integral =  5.749123E+00,  sigma = 1.189E-01,  chi^2/iteration = 4.086E+00

 MONACO:  grid written to file grid3_1.out.3

 MONACO input parameters:
 ndim = 18,  ncall =      16M,   rtype = 0
 nprn =  0,  acc = -1.0E+0,  alph = 8.75E-1,  nd = 48,  mds =  0

 iteration  4:
 integral =  5.500484E+00,  sigma = 2.760E-01
 efficacy = 1.223E-06,  raw efficacy = 6.328E-09
 f_positive = 1.272E-1,  f_zero = 8.546E-1,  f_negative = 1.823E-2
 accumulated statistics:
 integral =  5.710205E+00,  sigma = 1.092E-01,  chi^2/iteration = 2.385E+00

 MONACO:  grid written to file grid3_1.out.4

 MONACO input parameters:
 ndim = 18,  ncall =      32M,   rtype = 0
 nprn =  0,  acc = -1.0E+0,  alph = 8.75E-1,  nd = 48,  mds =  0

 iteration  5:
 integral =  5.451199E+00,  sigma = 4.553E-01
 efficacy = 4.286E-07,  raw efficacy = 3.547E-09
 f_positive = 1.304E-1,  f_zero = 8.466E-1,  f_negative = 2.300E-2
 accumulated statistics:
 integral =  5.696119E+00,  sigma = 1.062E-01,  chi^2/iteration = 1.692E+00

 MONACO:  grid written to file grid3_1.out.5

 MONACO input parameters:
 ndim = 18,  ncall =      64M,   rtype = 0
 nprn =  0,  acc = -1.0E+0,  alph = 8.75E-1,  nd = 48,  mds =  0

 iteration  6:
 integral =  5.671047E+00,  sigma = 8.048E-02
 efficacy = 2.282E-06,  raw efficacy = 2.903E-09
 f_positive = 1.362E-1,  f_zero = 8.379E-1,  f_negative = 2.590E-2
 accumulated statistics:
 integral =  5.680195E+00,  sigma = 6.414E-02,  chi^2/iteration = 1.278E+00

 MONACO:  grid written to file grid3_1.out.6
 
  result for real emissions 
  sigma =    5.6801952736540926       +-    6.4136113566830869E-002  fb
  
 
total number of errors and warnings
===================================
fferr: no errors
 
  
  final result at NLO 
  sigma =    13.724790651428687       +-    6.5022697649026767E-002  fb  0.47376094324803564      %
 
   
 TOTAL VIRTUAL CONTRIBUTIONS:
 TOTAL borntype:
   7.9110260506431773        8.3397432035954618E-003  0.10541923576294417       %
 TOTAL boxes:
  0.12547032281498655        4.6138325147876309E-003   3.6772301300212651       %
 TOTAL pentagons:
   8.0990043164314469E-003   4.8653241333846521E-003   60.073114463141721       %
  
  
  
 !!!!!!!!!!!!!!!!!!!!!!!!!!!!!!!!!!!!!!!!!!!!!!!!!!!!!!!!!!!!!!!!!!!!!!!!!!!!!!!!!!!!!!!!!!!!!!!!!!!!!!!!
     VBFNLO 2.7.0 rc1 svn 6148
   
  PROCESS:          201   :   p p -->  W+ W- jj -->  q q~ ve~ e- jj
    with leading order hadronic decay of one vector boson
   
  TOTAL result (LO):          9.2539677274495311       +-    7.7917238267560685E-003  fb     8.4198735680090064E-002 %
  NLO virtual result:         8.0445953777745949       +-    1.0700941365100707E-002  fb    0.13302025599279979      %
  QCD real emission:          5.6801952736540926       +-    6.4136113566830869E-002  fb     1.1291181108562813      %
  TOTAL result (NLO):         13.724790651428687       +-    6.5022697649026767E-002  fb    0.47376094324803564      %
  K-Factor:                   1.4831249746762789     
 !!!!!!!!!!!!!!!!!!!!!!!!!!!!!!!!!!!!!!!!!!!!!!!!!!!!!!!!!!!!!!!!!!!!!!!!!!!!!!!!!!!!!!!!!!!!!!!!!!!!!!!!
  
  
