   
 -----------------------------------------------------------------
 VBFNLO, version 3.0.0 beta0 svn 7626
 Comput. Phys. Commun. 180 (2009) 1661[arXiv:0811.4559 [hep-ph]]
 arXiV:1107.4038, arXiV:1207.4975, arXiv:1404.3940
 http://www.itp.kit.edu/vbfnlo
 -----------------------------------------------------------------
 Process-specific references (please cite as well if appropriate):
 
 F. Campanario, C. Englert, M. Spannowsky, D. Zeppenfeld
 Europhys.Lett. 88 (2009) 11001, e-Print: arXiv:0908.1638 [hep-ph],
 F. Campanario, C. Englert, M. Spannowsky
 Phys.Rev. D83 (2011) 074009, e-Print: arXiV:1010.1291 [hep-ph]
 
 -----------------------------------------------------------------
   
   
   
 Initialising LoopTools ..
   
 ====================================================
   FF 2.0, a package to evaluate one-loop integrals
 written by G. J. van Oldenborgh, NIKHEF-H, Amsterdam
 ====================================================
 for the algorithms used see preprint NIKHEF-H 89/17,
 'New Algorithms for One-loop Integrals', by G.J. van
 Oldenborgh and J.A.M. Vermaseren, published in 
 Zeitschrift fuer Physik C46(1990)425.
 ====================================================
  
        Information on global parameters
 -----------------------------------------------
   PROCESS               =      610
   LOPROCESS_PLUS_JET    =        F
   KK_MOD                =        F
   ANOM_CPL              =        F
   LEPTONS               =    11  -12
   LO_ITERATIONS         =        6
   NLO_ITERATIONS        =        6
   LO_POINTS             =       24
   NLO_POINTS            =       24
   NLO_SWITCH            =        T
   EWCOR_SWITCH          =        F
   FERMIONLOOP           =        3
   LHA_SWITCH            =        F
   HEPMC_SWITCH          =        F
   LO_GRID               = grid2_1                                           
                           grid2_2                                           
   NLO_GRID              = grid3_1                                           
                           grid3_2                                           
   PHTN_GRID             = grid4_1                                           
                           grid4_2                                           
   FLOOP_GRID            = grid5_1                                           
                           grid5_2                                           
   ECM                   =  14000.0    
   BEAM1                 =        1
   BEAM2                 =        1
   ID_MUF                =        0
   ID_MUR                =        0
   MUF_USER              =  100.000    
   MUR_USER              =  100.000    
   XIF                   =  1.00000    
   XIR                   =  1.00000    
 
       information on the selected process 
 -----------------------------------------------
 
  pp -> W- A j -> l- vl~ A j
 
 W- photon production in association with a hadronic jet.
 Process is implemented at LO and NLO QCD.
 Anomalous couplings can be set in "anomV.dat".
 References:
 F. Campanario, C. Englert, M. Spannowsky, D. Zeppenfeld
 Europhys.Lett. 88 (2009) 11001, e-Print: arXiv:0908.1638 [hep-ph],
 F. Campanario, C. Englert, M. Spannowsky
 Phys.Rev. D83 (2011) 074009, e-Print: arXiV:1010.1291 [hep-ph]
 
 Initializing PDF set CT10
  
               Physics parameters
 -----------------------------------------------
   HTYPE                 =        0
   MODEL                 =        1
   ANOM_CPL              =        F
   KK_MOD                =        F
   SPIN2                 =        F
   HMASS                 =  120.000    
   HWIDTH                = -999.000    
   TOPMASS               =  172.400    
   BOTTOMMASS            =  4.85500    
   CHARMMASS             =  1.65000    
   TAU_MASS              =  1.77684    
   EWSCHEME              =        3
   FERMI_CONST           = 0.116637E-04
   WMASS                 =  80.3980    
   ZMASS                 =  91.1876    
   
 Running in the SM
   
 Higgs mass =   120.00000000000000     
   
  
 Information on scale setting in InitScales 
 -------------------------------------------
  
 Constant factorization scale chosen: mu_F =   100.00000000000000       GeV 
 Constant value for alphas chosen: alphas(NLO) =  0.11636176352327796     
 Initializing PDF set cteq6l1
  
  
 Constant value for alphas chosen: alphas(LO) =  0.12793873092679636     
  
  
   Information on couplings, masses and widths
 ===============================================
  
   SM coupling parameters 
 ---------------------------
   G_Fermi                         : 0.000011663700
   SIN**2 of the weak mixing angle : 0.22264585
   Q.E.D. fine structure constant  : 1/132.34070    
   SU(2) coupling constant g       : 0.65305673
   U(1) coupling constant g'       : 0.34950127
   Q.C.D. LO alfas(MZ)             : 0.12980813
   Q.C.D. NLO alfas(MZ)            : 0.11798159
  
      particle masses
 ---------------------------
   mass of the Z0 boson            :   91.1876
   mass of the W+/- boson          :   80.3980
   mass of the Higgs boson         :  120.0000
   mass of the top quark           :  172.4000
   mass of the bottom quark at MH  :    2.8132
  (All other fermions have mass equal ZERO)
  
      particle widths
 ---------------------------
   total widths of Z0              :   2.508420 GeV
   total widths of W+ or W-        :   2.097673 GeV
   total widths of Higgs           :   0.003584 GeV
   total widths of top quark       :   1.339784 GeV
  
     branching ratios
 ---------------------------
   W -> lepton anti-lepton         : 10.8397227 %
   W -> massless quark anti-quark  : 33.7404159 %
   W -> top bottom                 :  0.0000000 %
  
   Z -> neutrino anti-neutrino     :  6.6129820 %
   Z -> charged lepton anti-lepton :  3.3460763 %
   Z -> up-type quark anti-quark   : 11.9908090 %
   Z -> down-type quark anti-quark : 15.3804024 %
   Z -> top anti-top               :  0.0000000 %
  
   H -> WW                         : 13.4042449 %
   H -> ZZ                         :  1.6940721 %
   H -> bottom anti-bottom         : 65.4907510 %
   H -> top anti-top               :  0.0000000 %
   H -> charm anti-charm           :  3.8907341 %
   H -> tau anti-tau               :  6.9292925 %
   H -> mu anti-mu                 :  0.0245341 %
   H -> gluon gluon                :  8.2146118 %
   H -> gamma gamma                :  0.2319526 %
   H -> Z gamma                    :  0.1198070 %
  
 Warning: cannot read value for key = MLL_OSONLY. Using default value :  T
 Warning: cannot read value for key = PTMISS_MIN. Using default value :    0.0000000000000000     
 
          information on cut parameters
 -----------------------------------------------
 
 minimum jet pt        (PT_JET_MIN):     50.00    50.00   
 maximum jet rapidity                 (Y_JET_MAX):    4.5000000000000000     
 maximum parton pseudorapidity          (Y_P_MAX):    5.0000000000000000     
 minimum jet-jet R-separation           (RJJ_MIN):   0.69999999999999996     
 minimum number of jets                (NJET_MIN):            1
 single jet from hadronic decay (SINGLE_DECAYJET):            0
 exponent of generalised kT algorithm (PGENKTJET):    1.0000000000000000     
 minimum lepton-lepton R-separation     (RLL_MIN):    0.0000000000000000     
 maximum lepton-lepton R-separation     (RLL_MAX):    50.000000000000000     
 minimum jet-lepton R-separation        (RJL_MIN):   0.20000000000000001     
 minimum jet-photon R-separation        (RJG_MIN):    0.0000000000000000     
 minimum lepton-photon R-separation     (RLG_MIN):   0.20000000000000001     
 minimum photon-photon R-separation     (RGG_MIN):    0.0000000000000000     
 maximum photon-photon R-separation     (RGG_MAX):    50.000000000000000     
 maximum lepton rapidity                (Y_L_MAX):    2.5000000000000000     
 minimum lepton pt       (PT_L_MIN):     20.00   
 minimum invariant dilepton mass        (MLL_MIN):    0.0000000000000000     
 maximum invariant dilepton mass        (MLL_MAX):    14000.000000000000     
 m_ll cuts only on opposite-sign l   (MLL_OSONLY):  T
 maximum photon rapidity                (Y_G_MAX):    2.5000000000000000     
 minimum photon pt       (PT_G_MIN):     50.00   
 photon isolation cut                 (PHISOLCUT):   0.59999999999999998     
 efficiency of photon isolation cut   (EFISOLCUT):    1.0000000000000000     
 minimum invariant lepton-photon mass   (MLG_MIN):    0.0000000000000000     
 maximum invariant lepton-photon mass   (MLG_MAX):    1.0000000000000000E+020
 minimal missing transverse momentum (PTMISS_MIN):    0.0000000000000000     
 minimum jet rapidity separation      (ETAJJ_MIN):    0.0000000000000000     
 tagging jets in opposite hemispheres     (YSIGN):    F
 leptons fall inside rapidity gap     (LRAPIDGAP):    F
 min leptons y-dist from tagging jets   (DELY_JL):    0.0000000000000000     
 photons fall inside rapidity gap     (GRAPIDGAP):    T
 min photons y-dist from tagging jets   (DELY_JG):    0.0000000000000000     
 dijet min mass cut on tag jets        (MDIJ_MIN):    600.00000000000000     
 dijet max mass cut on tag jets        (MDIJ_MAX):    14000.000000000000     
 veto criteria for jets                   (JVETO):    F
 minimum veto-tag y-dist             (DELY_JVETO):    0.0000000000000000     
 maximum |y| for veto jet             (YMAX_VETO):    5.0000000000000000     
 minimum pT for veto jet             (PTMIN_VETO):    10.000000000000000     
 

        phase space generator information  
 -----------------------------------------------

 boson  3 has mass  80.40 GeV and width  2.0977 GeV
 integration range for boson  3 =      0.032  to     9899.495 GeV

 pTjmin =   50.0    50.0    50.0    50.0
 Ejmin  =    0.0     0.0     0.0     0.0
 yjmin  =    0.0     0.0     0.0     0.0
 yjmax  =    4.5     4.5     4.5     4.5
 infoj  =     -1      -1      -1      -1
 machine energy =    14000.0  GeV
 Minimal mom.transfer or mass for parton pair:   100.00 MeV

 -----------------------------------------------

  Random number generator initialized with seed =            0
 
          information on histogram config
 -----------------------------------------------
 
 SMEARING           =      T
 SMEAR_VALUE        =       0.20000000000000001     
 CALC_ERROR_GNUPLOT =      F
 CALC_ERROR_ROOT    =      F
 CALC_ERROR_1D      =      T
 CALC_ERROR_2D      =      F
 
HIST_ID1      =      0.00    250.00  # dS/dpT_j (fb/GeV)
HIST_ID2      =      0.00    500.00  # dS/dpTmax_j (fb/GeV)
HIST_ID3      =      0.00    200.00  # dS/dpTmin_j (fb/GeV)
HIST_ID4      =     -5.00      5.00  # dS/dy_j (fb)
HIST_ID5      =     -5.00      5.00  # dS/dy_j1 (fb)
HIST_ID6      =     -5.00      5.00  # dS/dy_j2 (fb)
HIST_ID7      =      0.00    500.00  # dS/dpTmax_l (fb/GeV)
HIST_ID8      =      0.00    200.00  # dS/dpTmin_l (fb/GeV)
HIST_ID9      =      0.00      5.00  # dS/d|eta|max_l (fb)
HIST_ID10     =      0.00      5.00  # dS/d|eta|min_l (fb)
HIST_ID11     =   -180.00    180.00  # dS/dPhi_jj (fb)
2DHIST_ID1    =      0.00      6.00      0.00    800.00  # d2S/dy_jj dm_jj (fb/GeV)
 
 -----------------------------------------------
 
 
 
  
 PHASE SPACE           1
  

 MONACO input parameters:
 ndim =  9,  ncall =     512k,   rtype = 0
 nprn =  0,  acc = -1.0E+0,  alph = 8.75E-1,  nd = 48,  mds =  0

 MONACO:  continuing with uniform grid
  
 W-Aj amplitude square information:
 -----------------------------------------------
  
  alfas =  0.12793873092679636     
  
 -----------------------------------------------
  External b-quark contributions are excluded

 iteration  1:
 integral =  1.072520E+02,  sigma = 4.784E+00
 efficacy = 1.846E-04,  raw efficacy = 1.846E-04
 f_positive = 3.923E-2,  f_zero = 9.608E-1,  f_negative = 0.000E+0
 accumulated statistics:
 integral =  1.072520E+02,  sigma = 4.784E+00,  chi^2/iteration = 0.000E+00

 MONACO:  grid written to file grid2_1.out.1

 MONACO input parameters:
 ndim =  9,  ncall =       1M,   rtype = 0
 nprn =  0,  acc = -1.0E+0,  alph = 8.75E-1,  nd = 48,  mds =  0

 iteration  2:
 integral =  1.019934E+02,  sigma = 7.509E-01
 efficacy = 1.694E-03,  raw efficacy = 9.429E-05
 f_positive = 7.616E-2,  f_zero = 9.238E-1,  f_negative = 0.000E+0
 accumulated statistics:
 integral =  1.021198E+02,  sigma = 7.418E-01,  chi^2/iteration = 1.179E+06

 MONACO:  grid written to file grid2_1.out.2

 MONACO input parameters:
 ndim =  9,  ncall =       2M,   rtype = 0
 nprn =  0,  acc = -1.0E+0,  alph = 8.75E-1,  nd = 48,  mds =  0

 iteration  3:
 integral =  1.022935E+02,  sigma = 3.406E-01
 efficacy = 3.257E-03,  raw efficacy = 8.200E-05
 f_positive = 8.934E-2,  f_zero = 9.107E-1,  f_negative = 0.000E+0
 accumulated statistics:
 integral =  1.022633E+02,  sigma = 3.095E-01,  chi^2/iteration = 1.224E+00

 MONACO:  grid written to file grid2_1.out.3

 MONACO input parameters:
 ndim =  9,  ncall =       4M,   rtype = 0
 nprn =  0,  acc = -1.0E+0,  alph = 8.75E-1,  nd = 48,  mds =  0

 iteration  4:
 integral =  1.028222E+02,  sigma = 2.093E-01
 efficacy = 2.602E-03,  raw efficacy = 8.260E-05
 f_positive = 9.696E-2,  f_zero = 9.030E-1,  f_negative = 0.000E+0
 accumulated statistics:
 integral =  1.026469E+02,  sigma = 1.734E-01,  chi^2/iteration = 1.731E+00

 MONACO:  grid written to file grid2_1.out.4

 MONACO input parameters:
 ndim =  9,  ncall =       8M,   rtype = 0
 nprn =  0,  acc = -1.0E+0,  alph = 8.75E-1,  nd = 48,  mds =  0

 iteration  5:
 integral =  1.028865E+02,  sigma = 1.417E-01
 efficacy = 2.143E-03,  raw efficacy = 7.323E-05
 f_positive = 1.012E-1,  f_zero = 8.988E-1,  f_negative = 0.000E+0
 accumulated statistics:
 integral =  1.027905E+02,  sigma = 1.097E-01,  chi^2/iteration = 1.536E+00

 MONACO:  grid written to file grid2_1.out.5

 MONACO input parameters:
 ndim =  9,  ncall =      16M,   rtype = 0
 nprn =  0,  acc = -1.0E+0,  alph = 8.75E-1,  nd = 48,  mds =  0
  random number setting in monaco saved 

 iteration  6:
 integral =  1.028557E+02,  sigma = 9.857E-02
 efficacy = 1.325E-03,  raw efficacy = 7.303E-05
 f_positive = 1.037E-1,  f_zero = 8.963E-1,  f_negative = 0.000E+0
 accumulated statistics:
 integral =  1.028266E+02,  sigma = 7.333E-02,  chi^2/iteration = 1.201E+00

 MONACO:  grid written to file grid2_1.out.6
 
  result (LO):    102.82660710292538       +-    7.3331174668079285E-002  fb     7.1315369371934709E-002 %
 
  
 PHASE SPACE           2
  

 MONACO input parameters:
 ndim =  9,  ncall =     512k,   rtype = 0
 nprn =  0,  acc = -1.0E+0,  alph = 8.75E-1,  nd = 48,  mds =  0

 MONACO:  continuing with uniform grid

 iteration  1:
 integral =  3.007258E+02,  sigma = 7.738E+00
 efficacy = 2.128E-04,  raw efficacy = 2.128E-04
 f_positive = 8.923E-2,  f_zero = 9.108E-1,  f_negative = 0.000E+0
 accumulated statistics:
 integral =  3.007258E+02,  sigma = 7.738E+00,  chi^2/iteration = 2.274E-13

 MONACO:  grid written to file grid2_2.out.1

 MONACO input parameters:
 ndim =  9,  ncall =       1M,   rtype = 0
 nprn =  0,  acc = -1.0E+0,  alph = 8.75E-1,  nd = 48,  mds =  0

 iteration  2:
 integral =  3.095119E+02,  sigma = 1.305E+00
 efficacy = 5.976E-04,  raw efficacy = 2.946E-05
 f_positive = 3.814E-1,  f_zero = 6.186E-1,  f_negative = 0.000E+0
 accumulated statistics:
 integral =  3.092689E+02,  sigma = 1.287E+00,  chi^2/iteration = 1.254E+06

 MONACO:  grid written to file grid2_2.out.2

 MONACO input parameters:
 ndim =  9,  ncall =       2M,   rtype = 0
 nprn =  0,  acc = -1.0E+0,  alph = 8.75E-1,  nd = 48,  mds =  0

 iteration  3:
 integral =  3.106505E+02,  sigma = 5.649E-01
 efficacy = 2.737E-03,  raw efficacy = 2.295E-05
 f_positive = 5.396E-1,  f_zero = 4.604E-1,  f_negative = 0.000E+0
 accumulated statistics:
 integral =  3.104273E+02,  sigma = 5.172E-01,  chi^2/iteration = 2.220E+00

 MONACO:  grid written to file grid2_2.out.3

 MONACO input parameters:
 ndim =  9,  ncall =       4M,   rtype = 0
 nprn =  0,  acc = -1.0E+0,  alph = 8.75E-1,  nd = 48,  mds =  0

 iteration  4:
 integral =  3.101893E+02,  sigma = 3.384E-01
 efficacy = 3.077E-03,  raw efficacy = 1.708E-05
 f_positive = 6.064E-1,  f_zero = 3.936E-1,  f_negative = 0.000E+0
 accumulated statistics:
 integral =  3.102606E+02,  sigma = 2.832E-01,  chi^2/iteration = 1.184E+00

 MONACO:  grid written to file grid2_2.out.4

 MONACO input parameters:
 ndim =  9,  ncall =       8M,   rtype = 0
 nprn =  0,  acc = -1.0E+0,  alph = 8.75E-1,  nd = 48,  mds =  0

 iteration  5:
 integral =  3.107011E+02,  sigma = 2.274E-01
 efficacy = 2.287E-03,  raw efficacy = 9.039E-06
 f_positive = 6.324E-1,  f_zero = 3.676E-1,  f_negative = 0.000E+0
 accumulated statistics:
 integral =  3.105284E+02,  sigma = 1.773E-01,  chi^2/iteration = 1.280E+00

 MONACO:  grid written to file grid2_2.out.5

 MONACO input parameters:
 ndim =  9,  ncall =      16M,   rtype = 0
 nprn =  0,  acc = -1.0E+0,  alph = 8.75E-1,  nd = 48,  mds =  0
  random number setting in monaco saved 

 iteration  6:
 integral =  3.105359E+02,  sigma = 1.567E-01
 efficacy = 1.867E-03,  raw efficacy = 9.695E-06
 f_positive = 6.439E-1,  f_zero = 3.561E-1,  f_negative = 0.000E+0
 accumulated statistics:
 integral =  3.105326E+02,  sigma = 1.174E-01,  chi^2/iteration = 9.601E-01

 MONACO:  grid written to file grid2_2.out.6
 
  result (LO):    310.53262676659523       +-   0.11740731753078848       fb     3.7808367756163350E-002 %
 
 
  Total (multi-channel) result (LO):    413.35923386952061       +-   0.13842665707144614       fb     3.3488221800590370E-002 %
  
   
 Initialising FF ..
   
 ====================================================
   FF 2.0, a package to evaluate one-loop integrals
 written by G. J. van Oldenborgh, NIKHEF-H, Amsterdam
 ====================================================
 for the algorithms used see preprint NIKHEF-H 89/17,
 'New Algorithms for One-loop Integrals', by G.J. van
 Oldenborgh and J.A.M. Vermaseren, published in 
 Zeitschrift fuer Physik C46(1990)425.
 ====================================================
 ====================================================
   FF 2.0, a package to evaluate one-loop integrals
 written by G. J. van Oldenborgh, NIKHEF-H, Amsterdam
 ====================================================
 for the algorithms used see preprint NIKHEF-H 89/17,
 'New Algorithms for One-loop Integrals', by G.J. van
 Oldenborgh and J.A.M. Vermaseren, published in 
 Zeitschrift fuer Physik C46(1990)425.
 ====================================================
 Initializing PDF set CT10
  
 PHASE SPACE            1
  

 MONACO input parameters:
 ndim =  9,  ncall =      16M,   rtype = 0
 nprn =  0,  acc = -1.0E+0,  alph = 8.75E-1,  nd = 48,  mds =  0

 MONACO:  grid read from file grid2_1.out.6                                                                                                                                                                                                                                             
  
 W-Aj virtual amplitude square information:
 -----------------------------------------------
  
  
 -----------------------------------------------

 iteration  1:
 integral =  9.952966E+01,  sigma = 9.474E-02
 efficacy = 1.087E-03,  raw efficacy = 6.796E-05
 f_positive = 1.052E-1,  f_zero = 8.948E-1,  f_negative = 0.000E+0
 accumulated statistics:
 integral =  9.952966E+01,  sigma = 9.474E-02,  chi^2/iteration = 2.328E-10

 MONACO:  grid written to file grid2_1.vout.1
  
  result for virtual contribution, no.            1
  sigma =    99.529655368955517       +-    9.4742590775992411E-002  fb  
  
 total result for virtual contns so far 
  sigma =    99.529655368955517       +-    9.4742590775992411E-002  fb
  

 MONACO input parameters:
 ndim =  9,  ncall =       1M,   rtype = 0
 nprn =  0,  acc = -1.0E+0,  alph = 8.75E-1,  nd = 48,  mds =  0

 MONACO:  grid read from file grid2_1.out.6                                                                                                                                                                                                                                             

 iteration  1:
 integral = -5.246645E+00,  sigma = 3.507E-02
 efficacy = 7.736E-04,  raw efficacy = 9.465E-05
 f_positive = 1.152E-2,  f_zero = 8.948E-1,  f_negative = 9.370E-2
 accumulated statistics:
 integral = -5.246645E+00,  sigma = 3.507E-02,  chi^2/iteration = 3.638E-12

 MONACO:  grid written to file grid2_1.vout.2
  
  result for virtual contribution, no.            2
  sigma =   -5.2466447295179561       +-    3.5072785977480890E-002  fb  
  
 total result for virtual contns so far 
  sigma =    94.283010639437563       +-   0.10102603042369497       fb
  
  
 PHASE SPACE            2
  

 MONACO input parameters:
 ndim =  9,  ncall =      16M,   rtype = 0
 nprn =  0,  acc = -1.0E+0,  alph = 8.75E-1,  nd = 48,  mds =  0

 MONACO:  grid read from file grid2_2.out.6                                                                                                                                                                                                                                             

 iteration  1:
 integral =  3.061500E+02,  sigma = 1.531E-01
 efficacy = 9.767E-04,  raw efficacy = 1.465E-05
 f_positive = 6.494E-1,  f_zero = 3.506E-1,  f_negative = 0.000E+0
 accumulated statistics:
 integral =  3.061500E+02,  sigma = 1.531E-01,  chi^2/iteration = 4.657E-10

 MONACO:  grid written to file grid2_2.vout.1
  
  result for virtual contribution, no.            1
  sigma =    306.14996628610595       +-   0.15310777651748025       fb  
  
 total result for virtual contns so far 
  sigma =    306.14996628610595       +-   0.15310777651748025       fb
  

 MONACO input parameters:
 ndim =  9,  ncall =       1M,   rtype = 0
 nprn =  0,  acc = -1.0E+0,  alph = 8.75E-1,  nd = 48,  mds =  0

 MONACO:  grid read from file grid2_2.out.6                                                                                                                                                                                                                                             

 iteration  1:
 integral = -2.092678E+01,  sigma = 9.806E-02
 efficacy = 1.159E-03,  raw efficacy = 2.191E-05
 f_positive = 1.790E-1,  f_zero = 3.505E-1,  f_negative = 4.704E-1
 accumulated statistics:
 integral = -2.092678E+01,  sigma = 9.806E-02,  chi^2/iteration = 0.000E+00

 MONACO:  grid written to file grid2_2.vout.2
  
  result for virtual contribution, no.            2
  sigma =   -20.926776265097050       +-    9.8059290129215215E-002  fb  
  
 total result for virtual contns so far 
  sigma =    285.22319002100892       +-   0.18181753383756000       fb
  
 
  Total (multi-channel) result (NLO virtual):    379.50620066044650       +-   0.20799969815829453       fb     5.4807984111015083E-002 %
 
   
 Summary for FF ..
   
 
total number of errors and warnings
===================================
vbffferr: no errors
the warning system has been disabled
 
 vbfquadffopen: error: could not open /itp/scratch/rauch/vbfquadnlotest/binaryrelease30/share/VBFNLO/ff/fferr.dat                                                     
         adjust path in vbfquadffopen (vbfquadffinit.f)
vbfquadfferr:  warning cannot open fferr.dat with error texts
 
total number of errors and warnings
===================================
vbfquadfferr: no errors
the warning system has been disabled
 
  
 PHASE SPACE            1
  

 MONACO input parameters:
 ndim = 12,  ncall =     512k,   rtype = 0
 nprn =  0,  acc = -1.0E+0,  alph = 8.75E-1,  nd = 48,  mds =  0

 MONACO:  continuing with uniform grid
  
 W-Ajj amplitude square information:
 ------------------------------------------------
  
  
 ------------------------------------------------
  External b-quark contributions are excluded

 iteration  1:
 integral =  4.752516E+01,  sigma = 6.462E+00
 efficacy = 2.345E-05,  raw efficacy = 2.345E-05
 f_positive = 5.199E-2,  f_zero = 9.012E-1,  f_negative = 4.685E-2
 accumulated statistics:
 integral =  4.752516E+01,  sigma = 6.462E+00,  chi^2/iteration = 1.421E-14

 MONACO:  grid written to file grid3_1.out.1

 MONACO input parameters:
 ndim = 12,  ncall =       1M,   rtype = 0
 nprn =  0,  acc = -1.0E+0,  alph = 8.75E-1,  nd = 48,  mds =  0

 iteration  2:
 integral =  4.803745E+01,  sigma = 2.807E+00
 efficacy = 3.642E-05,  raw efficacy = 3.517E-07
 f_positive = 1.036E-1,  f_zero = 8.445E-1,  f_negative = 5.190E-2
 accumulated statistics:
 integral =  4.795612E+01,  sigma = 2.575E+00,  chi^2/iteration = 5.287E+03

 MONACO:  grid written to file grid3_1.out.2

 MONACO input parameters:
 ndim = 12,  ncall =       2M,   rtype = 0
 nprn =  0,  acc = -1.0E+0,  alph = 8.75E-1,  nd = 48,  mds =  0

 iteration  3:
 integral =  4.669539E+01,  sigma = 1.961E+00
 efficacy = 1.389E-05,  raw efficacy = 2.343E-07
 f_positive = 1.321E-1,  f_zero = 8.163E-1,  f_negative = 5.153E-2
 accumulated statistics:
 integral =  4.715819E+01,  sigma = 1.560E+00,  chi^2/iteration = 1.570E-01

 MONACO:  grid written to file grid3_1.out.3

 MONACO input parameters:
 ndim = 12,  ncall =       4M,   rtype = 0
 nprn =  0,  acc = -1.0E+0,  alph = 8.75E-1,  nd = 48,  mds =  0

 iteration  4:
 integral =  4.616255E+01,  sigma = 7.446E-01
 efficacy = 6.367E-05,  raw efficacy = 7.257E-08
 f_positive = 1.317E-1,  f_zero = 8.208E-1,  f_negative = 4.754E-2
 accumulated statistics:
 integral =  4.634729E+01,  sigma = 6.720E-01,  chi^2/iteration = 2.444E-01

 MONACO:  grid written to file grid3_1.out.4

 MONACO input parameters:
 ndim = 12,  ncall =       8M,   rtype = 0
 nprn =  0,  acc = -1.0E+0,  alph = 8.75E-1,  nd = 48,  mds =  0

 iteration  5:
 integral =  4.505608E+01,  sigma = 4.486E-01
 efficacy = 3.991E-05,  raw efficacy = 1.503E-08
 f_positive = 1.340E-1,  f_zero = 8.204E-1,  f_negative = 4.557E-2
 accumulated statistics:
 integral =  4.545411E+01,  sigma = 3.731E-01,  chi^2/iteration = 1.014E+00

 MONACO:  grid written to file grid3_1.out.5

 MONACO input parameters:
 ndim = 12,  ncall =      16M,   rtype = 0
 nprn =  0,  acc = -1.0E+0,  alph = 8.75E-1,  nd = 48,  mds =  0

 iteration  6:
 integral =  4.618510E+01,  sigma = 2.976E-01
 efficacy = 3.386E-05,  raw efficacy = 2.185E-08
 f_positive = 1.300E-1,  f_zero = 8.279E-1,  f_negative = 4.215E-2
 accumulated statistics:
 integral =  4.590090E+01,  sigma = 2.326E-01,  chi^2/iteration = 1.347E+00

 MONACO:  grid written to file grid3_1.out.6
 
  result for real emissions 
  sigma =    45.900902366095494       +-   0.23262726664002595       fb
  
  
 PHASE SPACE            2
  

 MONACO input parameters:
 ndim = 12,  ncall =     512k,   rtype = 0
 nprn =  0,  acc = -1.0E+0,  alph = 8.75E-1,  nd = 48,  mds =  0

 MONACO:  continuing with uniform grid

 iteration  1:
 integral =  1.232930E+02,  sigma = 6.434E+01
 efficacy = 3.774E-06,  raw efficacy = 3.774E-06
 f_positive = 8.258E-2,  f_zero = 8.352E-1,  f_negative = 8.227E-2
 accumulated statistics:
 integral =  1.232930E+02,  sigma = 6.434E+01,  chi^2/iteration = 0.000E+00

 MONACO:  grid written to file grid3_2.out.1

 MONACO input parameters:
 ndim = 12,  ncall =       1M,   rtype = 0
 nprn =  0,  acc = -1.0E+0,  alph = 8.75E-1,  nd = 48,  mds =  0

 iteration  2:
 integral =  1.990311E+02,  sigma = 9.825E+00
 efficacy = 3.078E-05,  raw efficacy = 5.866E-06
 f_positive = 2.466E-1,  f_zero = 6.125E-1,  f_negative = 1.410E-1
 accumulated statistics:
 integral =  1.973053E+02,  sigma = 9.713E+00,  chi^2/iteration = 1.354E+06

 MONACO:  grid written to file grid3_2.out.2

 MONACO input parameters:
 ndim = 12,  ncall =       2M,   rtype = 0
 nprn =  0,  acc = -1.0E+0,  alph = 8.75E-1,  nd = 48,  mds =  0

 iteration  3:
 integral =  1.977053E+02,  sigma = 5.539E+00
 efficacy = 3.028E-05,  raw efficacy = 1.556E-07
 f_positive = 3.919E-1,  f_zero = 4.431E-1,  f_negative = 1.650E-1
 accumulated statistics:
 integral =  1.976071E+02,  sigma = 4.812E+00,  chi^2/iteration = 1.355E+00

 MONACO:  grid written to file grid3_2.out.3

 MONACO input parameters:
 ndim = 12,  ncall =       4M,   rtype = 0
 nprn =  0,  acc = -1.0E+0,  alph = 8.75E-1,  nd = 48,  mds =  0

 iteration  4:
 integral =  2.021422E+02,  sigma = 4.748E+00
 efficacy = 1.230E-05,  raw efficacy = 2.633E-07
 f_positive = 4.489E-1,  f_zero = 3.850E-1,  f_negative = 1.661E-1
 accumulated statistics:
 integral =  1.999046E+02,  sigma = 3.380E+00,  chi^2/iteration = 9.027E-01

 MONACO:  grid written to file grid3_2.out.4

 MONACO input parameters:
 ndim = 12,  ncall =       8M,   rtype = 0
 nprn =  0,  acc = -1.0E+0,  alph = 8.75E-1,  nd = 48,  mds =  0

 iteration  5:
 integral =  2.027802E+02,  sigma = 1.573E+00
 efficacy = 5.754E-05,  raw efficacy = 5.507E-08
 f_positive = 4.384E-1,  f_zero = 4.003E-1,  f_negative = 1.613E-1
 accumulated statistics:
 integral =  2.022681E+02,  sigma = 1.426E+00,  chi^2/iteration = 8.001E-01

 MONACO:  grid written to file grid3_2.out.5

 MONACO input parameters:
 ndim = 12,  ncall =      16M,   rtype = 0
 nprn =  0,  acc = -1.0E+0,  alph = 8.75E-1,  nd = 48,  mds =  0

 iteration  6:
 integral =  2.007929E+02,  sigma = 1.036E+00
 efficacy = 3.534E-05,  raw efficacy = 1.365E-07
 f_positive = 4.570E-1,  f_zero = 3.815E-1,  f_negative = 1.615E-1
 accumulated statistics:
 integral =  2.013025E+02,  sigma = 8.383E-01,  chi^2/iteration = 7.751E-01

 MONACO:  grid written to file grid3_2.out.6
 
  result for real emissions 
  sigma =    201.30251258787598       +-   0.83830279707344302       fb
  
 
  Total (multi-channel) result (NLO real):    247.20341495397147       +-   0.86998104850943037       fb    0.35192921937240151      %
 
 
total number of errors and warnings
===================================
fferr: no errors
 
  
  final result at NLO 
  sigma =    626.70961561441800       +-   0.89450036288394508       fb  0.14272963755422652      %
 
 
 LO for different PHASESPACE:
   102.82660710292538       +-    7.3331174668079285E-002  fb   7.1315369371934709E-002
   310.53262676659523       +-   0.11740731753078848       fb   3.7808367756163350E-002
  
  
 VIRTUAL CONTRIBUTIONS for different PHASESPACE:
  borntype for different PHASESPACE:
   99.529655368955517       +-    9.4742590775992411E-002  fb   9.5190313303891688E-002
   306.14996628610595       +-   0.15310777651748025       fb   5.0010711539454043E-002
  boxes for different PHASESPACE:
  -5.2466447295179561       +-    3.5072785977480890E-002  fb -0.66848029141670617     
  -20.926776265097050       +-    9.8059290129215215E-002  fb -0.46858287624914524     
   
 TOTAL VIRTUAL CONTRIBUTIONS:
 TOTAL borntype:
   405.67962165506145       0.18005040887783022        4.4382413921427451E-002  %
 TOTAL boxes:
  -26.173420994615007       0.10414280914622855      -0.39789528914716643       %
  
  
  REAL EMISSION for different PHASESPACE:
   45.900902366095494       0.23262726664002595       0.50680325363680667       %
   201.30251258787598       0.83830279707344302       0.41643931131137418       %
  
  
  
 !!!!!!!!!!!!!!!!!!!!!!!!!!!!!!!!!!!!!!!!!!!!!!!!!!!!!!!!!!!!!!!!!!!!!!!!!!!!!!!!!!!!!!!!!!!!!!!!!!!!!!!!
     VBFNLO 3.0.0 beta0 svn 7626
   
  PROCESS:          610   :   p p -->  W- A j -->  e- ve~ A j
   
  TOTAL result (LO):          413.35923386952061       +-   0.13842665707144614       fb     3.3488221800590370E-002 %
  NLO virtual result:         379.50620066044644       +-   0.20799969815829453       fb     5.4807984111015083E-002 %
  QCD real emission:          247.20341495397147       +-   0.86998104850943037       fb    0.35192921937240151      %
  TOTAL result (NLO):         626.70961561441800       +-   0.89450036288394508       fb    0.14272963755422652      %
  K-Factor:                   1.5161379358764797     
 !!!!!!!!!!!!!!!!!!!!!!!!!!!!!!!!!!!!!!!!!!!!!!!!!!!!!!!!!!!!!!!!!!!!!!!!!!!!!!!!!!!!!!!!!!!!!!!!!!!!!!!!
  
  
