--------------------------------------------------------------------------
[[27284,1],0]: A high-performance Open MPI point-to-point messaging module
was unable to find any relevant network interfaces:

Module: OpenFabrics (openib)
  Host: strauss

Another transport will be used instead, although this may result in
lower performance.
--------------------------------------------------------------------------
 Started MPI job            1 /           1
   
 -----------------------------------------------------------------
 VBFNLO, version 3.0.0 GIT f5f2b60b
 Comput. Phys. Commun. 180 (2009) 1661[arXiv:0811.4559 [hep-ph]]
 arXiV:1107.4038, arXiV:1207.4975, arXiv:1404.3940
 http://www.itp.kit.edu/vbfnlo
 -----------------------------------------------------------------
 Process-specific references (please cite as well if appropriate):
 F. Campanario, M. Kerner, Le Duc Ninh, I. Rosario
 JHEP 06 (2020) 072, e-Print: arXiv:2002.12109 [hep-ph]
 
 -----------------------------------------------------------------
   
   
  
        Information on global parameters
 -----------------------------------------------
   PROCESS               =      240
   LOPROCESS_PLUS_JET    =        F
   KK_MOD                =        F
   ANOM_CPL              =        F
   LO_ITERATIONS         =        4
   NLO_ITERATIONS        =        4
   LO_POINTS             =       23
   NLO_POINTS            =       25
   NLO_SWITCH            =        T
   EWCOR_SWITCH          =        F
   FERMIONLOOP           =        3
   LHA_SWITCH            =        F
   HEPMC_SWITCH          =        F
   LO_GRID               = grid2_1                                           
   NLO_GRID              = grid3_1                                           
   PHTN_GRID             = grid4_1                                           
   FLOOP_GRID            = grid5_1                                           
   ECM                   =  13000.0    
   BEAM1                 =        1
   BEAM2                 =        1
   ID_MUF                =        8
   ID_MUR                =        8
   MUF_USER              =  91.1876    
   MUR_USER              =  91.1876    
   XIF                   =  1.00000    
   XIR                   =  1.00000    
 Warning: cannot read value for key = SHOWTIMING. Using default value :  T
 
       information on the selected process 
 -----------------------------------------------
 
  pp -> A A jj
 
 A A + 2 jets production in vector boson fusion.
 Process is implemented at LO and NLO QCD.
 Anomalous couplings can be set in "anomV.dat".
 References: F. Campanario, M. Kerner, Le Duc Ninh, I. Rosario
 JHEP 06 (2020) 072, e-Print: arXiv:2002.12109 [hep-ph]
 
 Initialize PDF set MSTW2008 NLO
  
               Physics parameters
 -----------------------------------------------
   HTYPE                 =        0
   MODEL                 =        1
   ANOM_CPL              =        F
   KK_MOD                =        F
   SPIN2                 =        F
   HMASS                 =  126.000    
   HWIDTH                = -999.000    
   TOPMASS               =  173.100    
   BOTTOMMASS            =  4.85500    
   CHARMMASS             =  1.65000    
   TAU_MASS              =  1.77684    
   EWSCHEME              =        3
   FERMI_CONST           = 0.116637E-04
   WMASS                 =  80.3850    
   ZMASS                 =  91.1876    
   
 Running in the SM
   
 Higgs mass =   126.00000000000000     
   
   
  
 Information on scale setting in InitScales 
 -------------------------------------------
  
 Dynamical factorization scale chosen:
       mu_F = ( sum(pT partons) + sum( ET V ) )/2 
 Dynamical renormalization scale chosen:
       mu_R = ( sum(pT partons) + sum( ET V ) )/2 
 Initialize PDF set MSTW2008 LO
  
  
   Information on couplings, masses and widths
 ===============================================
  
   SM coupling parameters 
 ---------------------------
   G_Fermi                         : 0.000011663700
   SIN**2 of the weak mixing angle : 0.22289722
   Q.E.D. fine structure constant  : 1/132.23422    
   SU(2) coupling constant g       : 0.65295113
   U(1) coupling constant g'       : 0.34969851
   Q.C.D. LO alfas(MZ)             : 0.13938690
   Q.C.D. NLO alfas(MZ)            : 0.12017890
  
      particle masses
 ---------------------------
   mass of the Z0 boson            :   91.1876
   mass of the W+/- boson          :   80.3850
   mass of the Higgs boson         :  126.0000
   mass of the top quark           :  173.1000
   mass of the bottom quark at MH  :    2.7510
  (All other fermions have mass equal ZERO)
  
      particle widths
 ---------------------------
   total widths of Z0              :   2.508905 GeV
   total widths of W+ or W-        :   2.097609 GeV
   total widths of Higgs           :   0.004184 GeV
   total widths of top quark       :   1.356748 GeV
  
     branching ratios
 ---------------------------
   W -> lepton anti-lepton         : 10.8347940 %
   W -> massless quark anti-quark  : 33.7478090 %
   W -> top bottom                 :  0.0000000 %
  
   Z -> neutrino anti-neutrino     :  6.6117040 %
   Z -> charged lepton anti-lepton :  3.3447056 %
   Z -> up-type quark anti-quark   : 11.9909695 %
   Z -> down-type quark anti-quark : 15.3829441 %
   Z -> top anti-top               :  0.0000000 %
  
   H -> WW                         : 22.5383355 %
   H -> ZZ                         :  2.8340757 %
   H -> bottom anti-bottom         : 56.4766209 %
   H -> top anti-top               :  0.0000000 %
   H -> charm anti-charm           :  2.9478350 %
   H -> tau anti-tau               :  6.2320296 %
   H -> mu anti-mu                 :  0.0220626 %
   H -> gluon gluon                :  8.5112191 %
   H -> gamma gamma                :  0.2437450 %
   H -> Z gamma                    :  0.1940766 %
  
 Warning: cannot read value for key = EXISOLCUT. Using default value :    1.0000000000000000     
 
          information on cut parameters
 -----------------------------------------------
 
 minimum jet pt        (PT_JET_MIN):     30.00    30.00    30.00   
 maximum jet rapidity                 (Y_JET_MAX):    4.5000000000000000     
 maximum parton pseudorapidity          (Y_P_MAX):    5.0000000000000000     
 minimum jet-jet R-separation           (RJJ_MIN):   0.40000000000000002     
 minimum number of jets                (NJET_MIN):            2
 single jet from hadronic decay (SINGLE_DECAYJET):            0
 exponent of generalised kT algorithm (PGENKTJET):   -1.0000000000000000     
 minimum lepton-lepton R-separation     (RLL_MIN):   0.40000000000000002     
 maximum lepton-lepton R-separation     (RLL_MAX):    50.000000000000000     
 minimum jet-lepton R-separation        (RJL_MIN):   0.40000000000000002     
 minimum jet-photon R-separation        (RJG_MIN):   0.80000000000000004     
 minimum lepton-photon R-separation     (RLG_MIN):   0.40000000000000002     
 minimum photon-photon R-separation     (RGG_MIN):   0.40000000000000002     
 maximum photon-photon R-separation     (RGG_MAX):    50.000000000000000     
 maximum lepton rapidity                (Y_L_MAX):    2.5000000000000000     
 minimum lepton pt       (PT_L_MIN):    
 minimum invariant dilepton mass        (MLL_MIN):    15.000000000000000     
 maximum invariant dilepton mass        (MLL_MAX):    1.0000000000000000E+020
 m_ll cuts only on opposite-sign l   (MLL_OSONLY):  T
 maximum photon rapidity                (Y_G_MAX):    2.5000000000000000     
 minimum photon pt       (PT_G_MIN):     30.00    30.00   
 photon isolation cut                 (PHISOLCUT):   0.40000000000000002     
 efficiency of photon isolation cut   (EFISOLCUT):    5.0000000000000003E-002
 exponent of photon isolation cut   (EXISOLCUT):    1.0000000000000000     
 minimum invariant lepton-photon mass   (MLG_MIN):    0.0000000000000000     
 maximum invariant lepton-photon mass   (MLG_MAX):    1.0000000000000000E+020
 minimal missing transverse momentum (PTMISS_MIN):    0.0000000000000000     
 minimum jet rapidity separation      (ETAJJ_MIN):    3.0000000000000000     
 tagging jets in opposite hemispheres     (YSIGN):    T
 leptons fall inside rapidity gap     (LRAPIDGAP):    T
 min leptons y-dist from tagging jets   (DELY_JL):    0.0000000000000000     
 photons fall inside rapidity gap     (GRAPIDGAP):    T
 min photons y-dist from tagging jets   (DELY_JG):    0.0000000000000000     
 dijet min mass cut on tag jets        (MDIJ_MIN):    800.00000000000000     
 dijet max mass cut on tag jets        (MDIJ_MAX):    1.0000000000000000E+020
 excluded jet-m window               (MJ_WINDOWV):    70.786300000000011        100.78630000000001     
 veto criteria for jets                   (JVETO):    F
 minimum veto-tag y-dist             (DELY_JVETO):    0.0000000000000000     
 maximum |y| for veto jet             (YMAX_VETO):    4.5000000000000000     
 minimum pT for veto jet             (PTMIN_VETO):    50.000000000000000     
 
 
          information on technical cuts
 -----------------------------------------------
  
 Photon exchange with virtuality Q^2 <        4.0 GeV^2 is eliminated. 
  Recover by calculating  q gamma ---> q g V (V)   etc.
  

        phase space generator information  
 -----------------------------------------------

 boson  1 has mass   0.00 GeV
 integration range for boson  1 =      0.032  to     9192.388 GeV

 pTjmin =   30.0    30.0    30.0    30.0
 Ejmin  =    0.0     0.0     0.0     0.0
 yjmin  =    0.0     0.0     0.0     0.0
 yjmax  =    4.5     4.5     4.5     4.5
 infoj  =     -1      -1      -1      -1
 machine energy =    13000.0  GeV
 Minimal mom.transfer or mass for parton pair:   100.00 MeV

 -----------------------------------------------

  Open error on file random.dat
  Using default values.
  Random number generator initialized with seed =            0
 
          information on histogram config
 -----------------------------------------------
 
  Open error on file histograms.dat
  Using default values.
 SMEARING           =      T
 SMEAR_VALUE        =       0.10000000000000001     
 CALC_ERROR_GNUPLOT =      F
 CALC_ERROR_ROOT    =      F
 CALC_ERROR_1D      =      T
 CALC_ERROR_2D      =      F
 
HIST_ID1      =      0.00    250.00  # dS/dpT_j (fb/GeV)
HIST_ID2      =      0.00    500.00  # dS/dpTmax_j (fb/GeV)
HIST_ID3      =      0.00    200.00  # dS/dpTmin_j (fb/GeV)
HIST_ID4      =     -5.00      5.00  # dS/dy_j (fb)
HIST_ID5      =     -5.00      5.00  # dS/dy_j1 (fb)
HIST_ID6      =     -5.00      5.00  # dS/dy_j2 (fb)
HIST_ID7      =      0.00    500.00  # dS/dpTmax_l (fb/GeV)
HIST_ID8      =      0.00    200.00  # dS/dpTmin_l (fb/GeV)
HIST_ID9      =      0.00      5.00  # dS/d|eta|max_l (fb)
HIST_ID10     =      0.00      5.00  # dS/d|eta|min_l (fb)
HIST_ID11     =   -180.00    180.00  # dS/dPhi_jj (fb)
2DHIST_ID1    =      0.00      6.00      0.00    800.00  # d2S/dy_jj dm_jj (fb/GeV)
 
 -----------------------------------------------
 
 
 
Starttime: 2021-02-08T11:42:44+0100

 MONACO input parameters:
 ndim =  9,  ncall =       1M,   rtype = 0
 nprn =  0,  acc = -1.0E+0,  alph =  8.75E-1,  nd = 48,  mds =  0

 MONACO:  continuing with uniform grid
  
 AA jj  A amplitude square information:
 -----------------------------------------------
  
  v(v) to ZZ tensors initialized to                (0.0000000000000000,0.0000000000000000)
  External b-quark contributions are excluded
 Reading PDF grid from /home/ttp/mkerner/VBFNLO/temp/inst/share/VBFNLO/pdfsets/mstw2008lo.00.dat

 iteration  1:
 integral =  1.495390E+01,  sigma = 1.925E+00
 efficacy = 1.381E-05,  raw efficacy = 1.381E-05
 f_positive = 7.386E-3,  f_zero = 9.926E-1,  f_negative = 0.000E+0
 accumulated statistics:
 integral =  1.495390E+01,  sigma = 1.925E+00,  chi^2/iteration = 1.421E-14

 MONACO:  grid written to file grid2_1.out.1

 MONACO input parameters:
 ndim =  9,  ncall =       2M,   rtype = 0
 nprn =  0,  acc = -1.0E+0,  alph =  8.75E-1,  nd = 48,  mds =  0

 iteration  2:
 integral =  2.341331E+01,  sigma = 6.274E-01
 efficacy = 3.733E-05,  raw efficacy = 3.946E-07
 f_positive = 9.783E-2,  f_zero = 9.022E-1,  f_negative = 0.000E+0
 accumulated statistics:
 integral =  2.260083E+01,  sigma = 5.965E-01,  chi^2/iteration = 1.746E+07

 MONACO:  grid written to file grid2_1.out.2

 MONACO input parameters:
 ndim =  9,  ncall =       4M,   rtype = 0
 nprn =  0,  acc = -1.0E+0,  alph =  8.75E-1,  nd = 48,  mds =  0

 iteration  3:
 integral =  2.285902E+01,  sigma = 1.126E-01
 efficacy = 2.399E-04,  raw efficacy = 1.642E-07
 f_positive = 2.594E-1,  f_zero = 7.406E-1,  f_negative = 0.000E+0
 accumulated statistics:
 integral =  2.285014E+01,  sigma = 1.107E-01,  chi^2/iteration = 1.764E+01

 MONACO:  grid written to file grid2_1.out.3

 MONACO input parameters:
 ndim =  9,  ncall =       8M,   rtype = 0
 nprn =  0,  acc = -1.0E+0,  alph =  8.75E-1,  nd = 48,  mds =  0

 iteration  4:
 integral =  2.282558E+01,  sigma = 5.377E-02
 efficacy = 1.806E-04,  raw efficacy = 9.389E-08
 f_positive = 3.565E-1,  f_zero = 6.435E-1,  f_negative = 0.000E+0
 accumulated statistics:
 integral =  2.283027E+01,  sigma = 4.836E-02,  chi^2/iteration = 8.840E+00

 MONACO:  grid written to file grid2_1.out.4
 
  result (LO):    22.830274702537086       +-    4.8364980920299935E-002  fb    0.21184581241558703      %
 
   
 Initialising FF ..
   
 ====================================================
   FF 2.0, a package to evaluate one-loop integrals
 written by G. J. van Oldenborgh, NIKHEF-H, Amsterdam
 ====================================================
 for the algorithms used see preprint NIKHEF-H 89/17,
 'New Algorithms for One-loop Integrals', by G.J. van
 Oldenborgh and J.A.M. Vermaseren, published in 
 Zeitschrift fuer Physik C46(1990)425.
 ====================================================
 Initialize PDF set MSTW2008 NLO

 MONACO input parameters:
 ndim =  9,  ncall =       8M,   rtype = 0
 nprn =  0,  acc = -1.0E+0,  alph =  8.75E-1,  nd = 48,  mds =  0

 MONACO:  grid read from file grid2_1.out.4                                                                                                                                                                                                                                             
 Reading PDF grid from /home/ttp/mkerner/VBFNLO/temp/inst/share/VBFNLO/pdfsets/mstw2008nlo.00.dat

 iteration  1:
 integral =  2.055022E+01,  sigma = 4.028E-02
 efficacy = 6.291E-04,  raw efficacy = 1.395E-07
 f_positive = 4.065E-1,  f_zero = 5.935E-1,  f_negative = 0.000E+0
 accumulated statistics:
 integral =  2.055022E+01,  sigma = 4.028E-02,  chi^2/iteration = 0.000E+00

 MONACO:  grid written to file grid2_1.vout.1
  
  result for virtual contribution, no.            1
  sigma =    20.550221380639428       +-    4.0284186430427436E-002  fb  
  
 total result for virtual contns so far 
  sigma =    20.550221380639428       +-    4.0284186430427436E-002  fb
  

 MONACO input parameters:
 ndim =  9,  ncall =     512k,   rtype = 0
 nprn =  0,  acc = -1.0E+0,  alph =  8.75E-1,  nd = 48,  mds =  0

 MONACO:  grid read from file grid2_1.out.4                                                                                                                                                                                                                                             

 iteration  1:
 integral =  9.056577E-03,  sigma = 3.888E-03
 efficacy = 1.864E-05,  raw efficacy = 3.356E-09
 f_positive = 2.264E-1,  f_zero = 5.940E-1,  f_negative = 1.796E-1
 accumulated statistics:
 integral =  9.056577E-03,  sigma = 3.888E-03,  chi^2/iteration = 0.000E+00

 MONACO:  grid written to file grid2_1.vout.2
  
  result for virtual contribution, no.            2
  sigma =    9.0565771244460504E-003  +-    3.8876576195076883E-003  fb  
  Box instabilites           0
           total calls      851476
           instabilities [%]   0.0000000000000000     
  
 total result for virtual contns so far 
  sigma =    20.559277957763875       +-    4.0471342430514340E-002  fb
  

 MONACO input parameters:
 ndim =  9,  ncall =     256k,   rtype = 0
 nprn =  0,  acc = -1.0E+0,  alph =  8.75E-1,  nd = 48,  mds =  0

 MONACO:  grid read from file grid2_1.out.4                                                                                                                                                                                                                                             

 iteration  1:
 integral = -5.015346E-03,  sigma = 4.937E-03
 efficacy = 1.152E-05,  raw efficacy = 5.523E-09
 f_positive = 1.994E-1,  f_zero = 5.947E-1,  f_negative = 2.059E-1
 accumulated statistics:
 integral = -5.015346E-03,  sigma = 4.937E-03,  chi^2/iteration = 0.000E+00

 MONACO:  grid written to file grid2_1.vout.3
  
  result for virtual contribution, no.            3
  sigma =   -5.0153463239040090E-003  +-    4.9371490277529979E-003  fb  
  Pentagon instabilites         403
           total calls      425000
           instabilities [%]   9.4823529411764709E-002
  
 total result for virtual contns so far 
  sigma =    20.554262611439970       +-    4.0771374745649583E-002  fb
  
   
 Summary for FF ..
   
 
total number of errors and warnings
===================================
vbffferr: no errors
the warning system has been disabled
 

 MONACO input parameters:
 ndim = 12,  ncall =       4M,   rtype = 0
 nprn =  0,  acc = -1.0E+0,  alph =  8.75E-1,  nd = 48,  mds =  0

 MONACO:  continuing with uniform grid
  
 AA jjj  A amplitude square information:
 -----------------------------------------------
  
  v(v) to ZZ tensors initialized to                (0.0000000000000000,0.0000000000000000)
  External b-quark contributions are excluded
  
  creal =   -4.0797362673929065       cvirtual =   -3.7101318663035472     
  virt factor for alphas = 0.12 is   0.81104453988909386     

 iteration  1:
 integral =  3.600503E+00,  sigma = 1.761E+00
 efficacy = 8.427E-07,  raw efficacy = 8.427E-07
 f_positive = 9.708E-3,  f_zero = 9.826E-1,  f_negative = 7.663E-3
 accumulated statistics:
 integral =  3.600503E+00,  sigma = 1.761E+00,  chi^2/iteration = 0.000E+00

 MONACO:  grid written to file grid3_1.out.1

 MONACO input parameters:
 ndim = 12,  ncall =       8M,   rtype = 0
 nprn =  0,  acc = -1.0E+0,  alph =  8.75E-1,  nd = 48,  mds =  0

 iteration  2:
 integral =  4.084611E+00,  sigma = 5.293E-01
 efficacy = 1.275E-06,  raw efficacy = 9.466E-09
 f_positive = 5.172E-2,  f_zero = 9.270E-1,  f_negative = 2.131E-2
 accumulated statistics:
 integral =  4.044487E+00,  sigma = 5.069E-01,  chi^2/iteration = 6.932E+04

 MONACO:  grid written to file grid3_1.out.2

 MONACO input parameters:
 ndim = 12,  ncall =      16M,   rtype = 0
 nprn =  0,  acc = -1.0E+0,  alph =  8.75E-1,  nd = 48,  mds =  0

 iteration  3:
 integral =  3.749513E+00,  sigma = 2.186E-01
 efficacy = 1.578E-06,  raw efficacy = 1.525E-09
 f_positive = 1.008E-1,  f_zero = 8.657E-1,  f_negative = 3.353E-2
 accumulated statistics:
 integral =  3.795776E+00,  sigma = 2.008E-01,  chi^2/iteration = 3.548E-01

 MONACO:  grid written to file grid3_1.out.3

 MONACO input parameters:
 ndim = 12,  ncall =      32M,   rtype = 0
 nprn =  0,  acc = -1.0E+0,  alph =  8.75E-1,  nd = 48,  mds =  0

 iteration  4:
 integral =  4.140448E+00,  sigma = 7.847E-02
 efficacy = 4.996E-06,  raw efficacy = 9.455E-10
 f_positive = 1.359E-1,  f_zero = 8.221E-1,  f_negative = 4.205E-2
 accumulated statistics:
 integral =  4.094767E+00,  sigma = 7.308E-02,  chi^2/iteration = 1.456E+00

 MONACO:  grid written to file grid3_1.out.4
 
  result for real emissions 
  sigma =    4.0947673752654143       +-    7.3084774183039991E-002  fb
  
  
  final result at NLO 
  sigma =    24.649029986705386       +-    8.3688047032035237E-002  fb  0.33951862234405544      %
  
  Box instabilites           0
           total calls      851476
           instabilities [%]   0.0000000000000000     
  FBox instabilites           0
           total calls           0
           instabilities [%]   0.0000000000000000     
  Pentagon instabilites         403
           total calls      425000
           instabilities [%]   9.4823529411764709E-002
  Hexagon instabilites           0
           total calls           0
           instabilities [%]   0.0000000000000000     
 
   
 TOTAL VIRTUAL CONTRIBUTIONS:
 TOTAL borntype:
   20.550221380639428        4.0284186430427436E-002  0.19602799251778172       %
 TOTAL boxes:
   9.0565771244460504E-003   3.8876576195076883E-003   42.926345859893274       %
 TOTAL pentagons:
  -5.0153463239040090E-003   4.9371490277529979E-003  -98.440839553226681       %
  
  
  
 !!!!!!!!!!!!!!!!!!!!!!!!!!!!!!!!!!!!!!!!!!!!!!!!!!!!!!!!!!!!!!!!!!!!!!!!!!!!!!!!!!!!!!!!!!!!!!!!!!!!!!!!
   
  PROCESS:          240   :   p p -->  A A jj
   
  TOTAL result (LO):       22.83027470253709  +-    0.04836498092030 fb    0.21184581241559 %
  NLO virtual result:      20.55426261143997  +-    0.04077137474565 fb    0.19835970531464 %
  QCD real emission:        4.09476737526541  +-    0.07308477418304 fb    1.78483336134089 %
  TOTAL result (NLO):      24.64902998670539  +-    0.08368804703204 fb    0.33951862234406 %
  K-Factor:                  1.0796641874819923     
 !!!!!!!!!!!!!!!!!!!!!!!!!!!!!!!!!!!!!!!!!!!!!!!!!!!!!!!!!!!!!!!!!!!!!!!!!!!!!!!!!!!!!!!!!!!!!!!!!!!!!!!!
  
  
  Endtime: 2021-02-08T13:29:11+0100
  Runtime: 1:46:26 (6386 seconds)
