   
 -----------------------------------------------------------------
 VBFNLO, version 3.0.0 beta0 svn 7626
 Comput. Phys. Commun. 180 (2009) 1661[arXiv:0811.4559 [hep-ph]]
 arXiV:1107.4038, arXiV:1207.4975, arXiv:1404.3940
 http://www.itp.kit.edu/vbfnlo
 -----------------------------------------------------------------
 Process-specific references (please cite as well if appropriate):
 N. Kaiser diploma thesis
 e-Print: http://www.itp.kit.edu/prep/diploma/PSFiles/Diplom_Kaiser.pdf
 
 -----------------------------------------------------------------
   
   
   
 Initialising LoopTools ..
   
 ====================================================
   FF 2.0, a package to evaluate one-loop integrals
 written by G. J. van Oldenborgh, NIKHEF-H, Amsterdam
 ====================================================
 for the algorithms used see preprint NIKHEF-H 89/17,
 'New Algorithms for One-loop Integrals', by G.J. van
 Oldenborgh and J.A.M. Vermaseren, published in 
 Zeitschrift fuer Physik C46(1990)425.
 ====================================================
  
        Information on global parameters
 -----------------------------------------------
   PROCESS               =      280
   LOPROCESS_PLUS_JET    =        F
   KK_MOD                =        F
   ANOM_CPL              =        F
   LEPTONS               =    11  -12
   LO_ITERATIONS         =        6
   NLO_ITERATIONS        =        6
   LO_POINTS             =       26
   NLO_POINTS            =       26
   NLO_SWITCH            =        T
   EWCOR_SWITCH          =        F
   FERMIONLOOP           =        3
   LHA_SWITCH            =        F
   HEPMC_SWITCH          =        F
   LO_GRID               = grid2_1                                           
                           grid2_2                                           
   NLO_GRID              = grid3_1                                           
                           grid3_2                                           
   PHTN_GRID             = grid4_1                                           
                           grid4_2                                           
   FLOOP_GRID            = grid5_1                                           
                           grid5_2                                           
   ECM                   =  14000.0    
   BEAM1                 =        1
   BEAM2                 =        1
   ID_MUF                =        1
   ID_MUR                =        1
   MUF_USER              =  100.000    
   MUR_USER              =  100.000    
   XIF                   =  1.00000    
   XIR                   =  1.00000    
 
       information on the selected process 
 -----------------------------------------------
 
  pp -> W- A jj -> l- vl~ A jj
 
 W- A + 2 jets production in vector boson fusion with leptonic decay of the W.
 Process is implemented at LO and NLO QCD.
 Anomalous couplings can be set in "anomV.dat".
 References: N. Kaiser diploma thesis
 e-Print: http://www.itp.kit.edu/prep/diploma/PSFiles/Diplom_Kaiser.pdf
 
 Initializing PDF set CT10
  
               Physics parameters
 -----------------------------------------------
   HTYPE                 =        0
   MODEL                 =        1
   ANOM_CPL              =        F
   KK_MOD                =        F
   SPIN2                 =        F
   HMASS                 =  126.000    
   HWIDTH                = -999.000    
   TOPMASS               =  172.400    
   BOTTOMMASS            =  4.85500    
   CHARMMASS             =  1.65000    
   TAU_MASS              =  1.77684    
   EWSCHEME              =        3
   FERMI_CONST           = 0.116637E-04
   WMASS                 =  80.3980    
   ZMASS                 =  91.1876    
   
 Running in the SM
   
 Higgs mass =   126.00000000000000     
   
  
 Information on scale setting in InitScales 
 -------------------------------------------
  
 Dynamical factorization scale chosen:
         momentum transfer of W/Z  
 Dynamical value for alphas chosen:
 alphas = alpha(momentum transfer of W/Z)
 Initializing PDF set cteq6l1
  
  
  
  
   Information on couplings, masses and widths
 ===============================================
  
   SM coupling parameters 
 ---------------------------
   G_Fermi                         : 0.000011663700
   SIN**2 of the weak mixing angle : 0.22264585
   Q.E.D. fine structure constant  : 1/132.34070    
   SU(2) coupling constant g       : 0.65305673
   U(1) coupling constant g'       : 0.34950127
   Q.C.D. LO alfas(MZ)             : 0.12980813
   Q.C.D. NLO alfas(MZ)            : 0.11798159
  
      particle masses
 ---------------------------
   mass of the Z0 boson            :   91.1876
   mass of the W+/- boson          :   80.3980
   mass of the Higgs boson         :  126.0000
   mass of the top quark           :  172.4000
   mass of the bottom quark at MH  :    2.8020
  (All other fermions have mass equal ZERO)
  
      particle widths
 ---------------------------
   total widths of Z0              :   2.508420 GeV
   total widths of W+ or W-        :   2.097673 GeV
   total widths of Higgs           :   0.004277 GeV
   total widths of top quark       :   1.339784 GeV
  
     branching ratios
 ---------------------------
   W -> lepton anti-lepton         : 10.8397227 %
   W -> massless quark anti-quark  : 33.7404159 %
   W -> top bottom                 :  0.0000000 %
  
   Z -> neutrino anti-neutrino     :  6.6129820 %
   Z -> charged lepton anti-lepton :  3.3460763 %
   Z -> up-type quark anti-quark   : 11.9908090 %
   Z -> down-type quark anti-quark : 15.3804024 %
   Z -> top anti-top               :  0.0000000 %
  
   H -> WW                         : 22.0125356 %
   H -> ZZ                         :  3.0338266 %
   H -> bottom anti-bottom         : 57.0764080 %
   H -> top anti-top               :  0.0000000 %
   H -> charm anti-charm           :  3.3908342 %
   H -> tau anti-tau               :  6.0977649 %
   H -> mu anti-mu                 :  0.0215873 %
   H -> gluon gluon                :  7.9592311 %
   H -> gamma gamma                :  0.2380229 %
   H -> Z gamma                    :  0.1697893 %
  
 Warning: cannot read value for key = MLL_OSONLY. Using default value :  T
 Warning: cannot read value for key = PTMISS_MIN. Using default value :    0.0000000000000000     
 
          information on cut parameters
 -----------------------------------------------
 
 minimum jet pt        (PT_JET_MIN):     30.00    30.00    30.00   
 maximum jet rapidity                 (Y_JET_MAX):    4.5000000000000000     
 maximum parton pseudorapidity          (Y_P_MAX):    5.0000000000000000     
 minimum jet-jet R-separation           (RJJ_MIN):   0.40000000000000002     
 minimum number of jets                (NJET_MIN):            2
 single jet from hadronic decay (SINGLE_DECAYJET):            0
 exponent of generalised kT algorithm (PGENKTJET):   -1.0000000000000000     
 minimum lepton-lepton R-separation     (RLL_MIN):    0.0000000000000000     
 maximum lepton-lepton R-separation     (RLL_MAX):    50.000000000000000     
 minimum jet-lepton R-separation        (RJL_MIN):   0.40000000000000002     
 minimum jet-photon R-separation        (RJG_MIN):   0.69999999999999996     
 minimum lepton-photon R-separation     (RLG_MIN):   0.40000000000000002     
 minimum photon-photon R-separation     (RGG_MIN):    0.0000000000000000     
 maximum photon-photon R-separation     (RGG_MAX):    50.000000000000000     
 maximum lepton rapidity                (Y_L_MAX):    2.5000000000000000     
 minimum lepton pt       (PT_L_MIN):     20.00   
 minimum invariant dilepton mass        (MLL_MIN):    0.0000000000000000     
 maximum invariant dilepton mass        (MLL_MAX):    14000.000000000000     
 m_ll cuts only on opposite-sign l   (MLL_OSONLY):  T
 maximum photon rapidity                (Y_G_MAX):    2.5000000000000000     
 minimum photon pt       (PT_G_MIN):     30.00   
 photon isolation cut                 (PHISOLCUT):   0.69999999999999996     
 efficiency of photon isolation cut   (EFISOLCUT):    1.0000000000000000     
 minimum invariant lepton-photon mass   (MLG_MIN):    0.0000000000000000     
 maximum invariant lepton-photon mass   (MLG_MAX):    1.0000000000000000E+020
 minimal missing transverse momentum (PTMISS_MIN):    0.0000000000000000     
 minimum jet rapidity separation      (ETAJJ_MIN):    4.0000000000000000     
 tagging jets in opposite hemispheres     (YSIGN):    T
 leptons fall inside rapidity gap     (LRAPIDGAP):    F
 min leptons y-dist from tagging jets   (DELY_JL):    0.0000000000000000     
 photons fall inside rapidity gap     (GRAPIDGAP):    F
 min photons y-dist from tagging jets   (DELY_JG):    0.0000000000000000     
 dijet min mass cut on tag jets        (MDIJ_MIN):    600.00000000000000     
 dijet max mass cut on tag jets        (MDIJ_MAX):    14000.000000000000     
 veto criteria for jets                   (JVETO):    F
 minimum veto-tag y-dist             (DELY_JVETO):    0.0000000000000000     
 maximum |y| for veto jet             (YMAX_VETO):    5.0000000000000000     
 minimum pT for veto jet             (PTMIN_VETO):    10.000000000000000     
 

 --------------------PHASE SPACE--------------------

 boson has mass    80.40 GeV and width     2.0977 GeV
 integration range for boson   4 =      0.032  to     9899.495 GeV
 boson has mass     0.00 GeV and width     0.0000 GeV
 integration range for boson   1 =      0.032  to     9899.495 GeV

 machine energy =    14000.0  GeV

 configuration   0

 ---------------------------------------------------

  Random number generator initialized with seed =            0
 
          information on histogram config
 -----------------------------------------------
 
 SMEARING           =      T
 SMEAR_VALUE        =       0.20000000000000001     
 CALC_ERROR_GNUPLOT =      F
 CALC_ERROR_ROOT    =      F
 CALC_ERROR_1D      =      T
 CALC_ERROR_2D      =      F
 
HIST_ID1      =      0.00    250.00  # dS/dpT_j (fb/GeV)
HIST_ID2      =      0.00    500.00  # dS/dpTmax_j (fb/GeV)
HIST_ID3      =      0.00    200.00  # dS/dpTmin_j (fb/GeV)
HIST_ID4      =     -5.00      5.00  # dS/dy_j (fb)
HIST_ID5      =     -5.00      5.00  # dS/dy_j1 (fb)
HIST_ID6      =     -5.00      5.00  # dS/dy_j2 (fb)
HIST_ID7      =      0.00    500.00  # dS/dpTmax_l (fb/GeV)
HIST_ID8      =      0.00    200.00  # dS/dpTmin_l (fb/GeV)
HIST_ID9      =      0.00      5.00  # dS/d|eta|max_l (fb)
HIST_ID10     =      0.00      5.00  # dS/d|eta|min_l (fb)
HIST_ID11     =   -180.00    180.00  # dS/dPhi_jj (fb)
2DHIST_ID1    =      0.00      6.00      0.00    800.00  # d2S/dy_jj dm_jj (fb/GeV)
 
 -----------------------------------------------
 
 
 
  
 PHASE SPACE           1
  

 MONACO input parameters:
 ndim = 12,  ncall =       2M,   rtype = 0
 nprn =  0,  acc = -1.0E+0,  alph = 8.75E-1,  nd = 48,  mds =  0

 MONACO:  continuing with uniform grid
  
       W-Ajj amplitude square information:
 -----------------------------------------------
  
  v(v) to WZ/WA tensors initialized to  (  0.0000000000000000     ,  0.0000000000000000     )
  External b-quark contributions are excluded
  creal =   -4.0797362673929065       cvirtual =   -3.7101318663035472     
  virt factor for alphas = 0.12 is   0.81104453988909386     

 iteration  1:
 integral =  2.428943E-01,  sigma = 3.780E-02
 efficacy = 3.926E-06,  raw efficacy = 3.926E-06
 f_positive = 5.705E-3,  f_zero = 9.943E-1,  f_negative = 0.000E+0
 accumulated statistics:
 integral =  2.428943E-01,  sigma = 3.780E-02,  chi^2/iteration = 0.000E+00

 MONACO:  grid written to file grid2_1.out.1

 MONACO input parameters:
 ndim = 12,  ncall =       4M,   rtype = 0
 nprn =  0,  acc = -1.0E+0,  alph = 8.75E-1,  nd = 48,  mds =  0

 iteration  2:
 integral =  2.669676E-01,  sigma = 5.739E-03
 efficacy = 2.706E-05,  raw efficacy = 2.794E-07
 f_positive = 4.585E-2,  f_zero = 9.541E-1,  f_negative = 0.000E+0
 accumulated statistics:
 integral =  2.664253E-01,  sigma = 5.674E-03,  chi^2/iteration = 3.964E+05

 MONACO:  grid written to file grid2_1.out.2

 MONACO input parameters:
 ndim = 12,  ncall =       8M,   rtype = 0
 nprn =  0,  acc = -1.0E+0,  alph = 8.75E-1,  nd = 48,  mds =  0

 iteration  3:
 integral =  2.694289E-01,  sigma = 1.547E-03
 efficacy = 1.094E-04,  raw efficacy = 1.360E-07
 f_positive = 9.444E-2,  f_zero = 9.056E-1,  f_negative = 0.000E+0
 accumulated statistics:
 integral =  2.692210E-01,  sigma = 1.493E-03,  chi^2/iteration = 6.573E-01

 MONACO:  grid written to file grid2_1.out.3

 MONACO input parameters:
 ndim = 12,  ncall =      16M,   rtype = 0
 nprn =  0,  acc = -1.0E+0,  alph = 8.75E-1,  nd = 48,  mds =  0

 iteration  4:
 integral =  2.684008E-01,  sigma = 7.802E-04
 efficacy = 9.401E-05,  raw efficacy = 1.245E-07
 f_positive = 1.207E-1,  f_zero = 8.793E-1,  f_negative = 0.000E+0
 accumulated statistics:
 integral =  2.685768E-01,  sigma = 6.914E-04,  chi^2/iteration = 4.472E-01

 MONACO:  grid written to file grid2_1.out.4

 MONACO input parameters:
 ndim = 12,  ncall =      32M,   rtype = 0
 nprn =  0,  acc = -1.0E+0,  alph = 8.75E-1,  nd = 48,  mds =  0

 iteration  5:
 integral =  2.678524E-01,  sigma = 4.627E-04
 efficacy = 2.158E-04,  raw efficacy = 9.222E-08
 f_positive = 1.321E-1,  f_zero = 8.679E-1,  f_negative = 0.000E+0
 accumulated statistics:
 integral =  2.680765E-01,  sigma = 3.845E-04,  chi^2/iteration = 5.508E-01

 MONACO:  grid written to file grid2_1.out.5

 MONACO input parameters:
 ndim = 12,  ncall =      64M,   rtype = 0
 nprn =  0,  acc = -1.0E+0,  alph = 8.75E-1,  nd = 48,  mds =  0
  random number setting in monaco saved 

 iteration  6:
 integral =  2.685693E-01,  sigma = 3.178E-04
 efficacy = 1.242E-04,  raw efficacy = 6.770E-08
 f_positive = 1.396E-1,  f_zero = 8.604E-1,  f_negative = 0.000E+0
 accumulated statistics:
 integral =  2.683693E-01,  sigma = 2.449E-04,  chi^2/iteration = 6.572E-01

 MONACO:  grid written to file grid2_1.out.6
 
  result (LO):   0.26836932539542302       +-    2.4494868461430263E-004  fb     9.1272981460674849E-002 %
 
  
 PHASE SPACE           2
  

 MONACO input parameters:
 ndim = 12,  ncall =       2M,   rtype = 0
 nprn =  0,  acc = -1.0E+0,  alph = 8.75E-1,  nd = 48,  mds =  0

 MONACO:  continuing with uniform grid

 iteration  1:
 integral =  4.062497E+00,  sigma = 3.862E-01
 efficacy = 6.829E-06,  raw efficacy = 6.829E-06
 f_positive = 9.772E-3,  f_zero = 9.902E-1,  f_negative = 0.000E+0
 accumulated statistics:
 integral =  4.062497E+00,  sigma = 3.862E-01,  chi^2/iteration = 1.421E-14

 MONACO:  grid written to file grid2_2.out.1

 MONACO input parameters:
 ndim = 12,  ncall =       4M,   rtype = 0
 nprn =  0,  acc = -1.0E+0,  alph = 8.75E-1,  nd = 48,  mds =  0

 iteration  2:
 integral =  4.158665E+00,  sigma = 2.887E-02
 efficacy = 1.732E-04,  raw efficacy = 1.495E-06
 f_positive = 1.139E-1,  f_zero = 8.861E-1,  f_negative = 0.000E+0
 accumulated statistics:
 integral =  4.158131E+00,  sigma = 2.879E-02,  chi^2/iteration = 6.165E+04

 MONACO:  grid written to file grid2_2.out.2

 MONACO input parameters:
 ndim = 12,  ncall =       8M,   rtype = 0
 nprn =  0,  acc = -1.0E+0,  alph = 8.75E-1,  nd = 48,  mds =  0

 iteration  3:
 integral =  4.165465E+00,  sigma = 8.030E-03
 efficacy = 3.387E-04,  raw efficacy = 1.205E-06
 f_positive = 2.571E-1,  f_zero = 7.429E-1,  f_negative = 0.000E+0
 accumulated statistics:
 integral =  4.164935E+00,  sigma = 7.735E-03,  chi^2/iteration = 1.219E-01

 MONACO:  grid written to file grid2_2.out.3

 MONACO input parameters:
 ndim = 12,  ncall =      16M,   rtype = 0
 nprn =  0,  acc = -1.0E+0,  alph = 8.75E-1,  nd = 48,  mds =  0

 iteration  4:
 integral =  4.178717E+00,  sigma = 4.141E-03
 efficacy = 2.842E-04,  raw efficacy = 6.114E-07
 f_positive = 3.371E-1,  f_zero = 6.629E-1,  f_negative = 0.000E+0
 accumulated statistics:
 integral =  4.175647E+00,  sigma = 3.650E-03,  chi^2/iteration = 1.295E+00

 MONACO:  grid written to file grid2_2.out.4

 MONACO input parameters:
 ndim = 12,  ncall =      32M,   rtype = 0
 nprn =  0,  acc = -1.0E+0,  alph = 8.75E-1,  nd = 48,  mds =  0

 iteration  5:
 integral =  4.171481E+00,  sigma = 2.580E-03
 efficacy = 3.618E-04,  raw efficacy = 4.402E-07
 f_positive = 3.698E-1,  f_zero = 6.302E-1,  f_negative = 0.000E+0
 accumulated statistics:
 integral =  4.172869E+00,  sigma = 2.107E-03,  chi^2/iteration = 1.153E+00

 MONACO:  grid written to file grid2_2.out.5

 MONACO input parameters:
 ndim = 12,  ncall =      64M,   rtype = 0
 nprn =  0,  acc = -1.0E+0,  alph = 8.75E-1,  nd = 48,  mds =  0
  random number setting in monaco saved 

 iteration  6:
 integral =  4.171945E+00,  sigma = 1.738E-03
 efficacy = 4.803E-04,  raw efficacy = 6.780E-07
 f_positive = 3.927E-1,  f_zero = 6.073E-1,  f_negative = 0.000E+0
 accumulated statistics:
 integral =  4.172319E+00,  sigma = 1.341E-03,  chi^2/iteration = 8.932E-01

 MONACO:  grid written to file grid2_2.out.6
 
  result (LO):    4.1723189316115237       +-    1.3408922570561689E-003  fb     3.2137817818693459E-002 %
 
 
  Total (multi-channel) result (LO):    4.4406882570069470       +-    1.3630817668531347E-003  fb     3.0695281631227606E-002 %
  
   
 Initialising FF ..
   
 ====================================================
   FF 2.0, a package to evaluate one-loop integrals
 written by G. J. van Oldenborgh, NIKHEF-H, Amsterdam
 ====================================================
 for the algorithms used see preprint NIKHEF-H 89/17,
 'New Algorithms for One-loop Integrals', by G.J. van
 Oldenborgh and J.A.M. Vermaseren, published in 
 Zeitschrift fuer Physik C46(1990)425.
 ====================================================
 ====================================================
   FF 2.0, a package to evaluate one-loop integrals
 written by G. J. van Oldenborgh, NIKHEF-H, Amsterdam
 ====================================================
 for the algorithms used see preprint NIKHEF-H 89/17,
 'New Algorithms for One-loop Integrals', by G.J. van
 Oldenborgh and J.A.M. Vermaseren, published in 
 Zeitschrift fuer Physik C46(1990)425.
 ====================================================
 Initializing PDF set CT10
  
 PHASE SPACE            1
  

 MONACO input parameters:
 ndim = 12,  ncall =      64M,   rtype = 0
 nprn =  0,  acc = -1.0E+0,  alph = 8.75E-1,  nd = 48,  mds =  0

 MONACO:  grid read from file grid2_1.out.6                                                                                                                                                                                                                                             

 iteration  1:
 integral =  2.388479E-01,  sigma = 2.798E-04
 efficacy = 1.224E-04,  raw efficacy = 7.673E-08
 f_positive = 1.425E-1,  f_zero = 8.575E-1,  f_negative = 0.000E+0
 accumulated statistics:
 integral =  2.388479E-01,  sigma = 2.798E-04,  chi^2/iteration = 1.164E-10

 MONACO:  grid written to file grid2_1.vout.1
  
  result for virtual contribution, no.            1
  sigma =   0.23884792491240281       +-    2.7984163043753434E-004  fb  
  
 total result for virtual contns so far 
  sigma =   0.23884792491240281       +-    2.7984163043753434E-004  fb
  

 MONACO input parameters:
 ndim = 12,  ncall =       4M,   rtype = 0
 nprn =  0,  acc = -1.0E+0,  alph = 8.75E-1,  nd = 48,  mds =  0

 MONACO:  grid read from file grid2_1.out.6                                                                                                                                                                                                                                             

 iteration  1:
 integral =  2.369612E-03,  sigma = 4.723E-05
 efficacy = 3.094E-05,  raw efficacy = 5.630E-08
 f_positive = 8.921E-2,  f_zero = 8.571E-1,  f_negative = 5.370E-2
 accumulated statistics:
 integral =  2.369612E-03,  sigma = 4.723E-05,  chi^2/iteration = 4.547E-13

 MONACO:  grid written to file grid2_1.vout.2
  
  result for virtual contribution, no.            2
  sigma =    2.3696119550781552E-003  +-    4.7234879782226612E-005  fb  
  Box instabilites           0
           total calls     2397560
           instabilities [%]   0.0000000000000000     
  
 total result for virtual contns so far 
  sigma =   0.24121753686748096       +-    2.8380005636711726E-004  fb
  

 MONACO input parameters:
 ndim = 12,  ncall =     512k,   rtype = 0
 nprn =  0,  acc = -1.0E+0,  alph = 8.75E-1,  nd = 48,  mds =  0

 MONACO:  grid read from file grid2_1.out.6                                                                                                                                                                                                                                             

 iteration  1:
 integral =  1.538842E-05,  sigma = 9.177E-06
 efficacy = 1.055E-05,  raw efficacy = 1.999E-08
 f_positive = 6.972E-2,  f_zero = 8.584E-1,  f_negative = 7.191E-2
 accumulated statistics:
 integral =  1.538842E-05,  sigma = 9.177E-06,  chi^2/iteration = 0.000E+00

 MONACO:  grid written to file grid2_1.vout.3
  
  result for virtual contribution, no.            3
  sigma =    1.5388422693791609E-005  +-    9.1770864743867405E-006  fb  
  Pentagon instabilites         698
           total calls      298146
           instabilities [%]  0.23411348802264662     
  
 total result for virtual contns so far 
  sigma =   0.24123292529017476       +-    2.8394839480112811E-004  fb
  
  
 PHASE SPACE            2
  

 MONACO input parameters:
 ndim = 12,  ncall =      64M,   rtype = 0
 nprn =  0,  acc = -1.0E+0,  alph = 8.75E-1,  nd = 48,  mds =  0

 MONACO:  grid read from file grid2_2.out.6                                                                                                                                                                                                                                             

 iteration  1:
 integral =  3.655965E+00,  sigma = 1.498E-03
 efficacy = 4.186E-04,  raw efficacy = 6.359E-07
 f_positive = 4.066E-1,  f_zero = 5.934E-1,  f_negative = 0.000E+0
 accumulated statistics:
 integral =  3.655965E+00,  sigma = 1.498E-03,  chi^2/iteration = 9.313E-10

 MONACO:  grid written to file grid2_2.vout.1
  
  result for virtual contribution, no.            1
  sigma =    3.6559647943920721       +-    1.4976078441783427E-003  fb  
  
 total result for virtual contns so far 
  sigma =    3.6559647943920721       +-    1.4976078441783427E-003  fb
  

 MONACO input parameters:
 ndim = 12,  ncall =       4M,   rtype = 0
 nprn =  0,  acc = -1.0E+0,  alph = 8.75E-1,  nd = 48,  mds =  0

 MONACO:  grid read from file grid2_2.out.6                                                                                                                                                                                                                                             

 iteration  1:
 integral =  1.043692E-02,  sigma = 4.575E-04
 efficacy = 1.997E-05,  raw efficacy = 6.980E-08
 f_positive = 2.162E-1,  f_zero = 5.934E-1,  f_negative = 1.904E-1
 accumulated statistics:
 integral =  1.043692E-02,  sigma = 4.575E-04,  chi^2/iteration = 0.000E+00

 MONACO:  grid written to file grid2_2.vout.2
  
  result for virtual contribution, no.            2
  sigma =    1.0436924800652059E-002  +-    4.5746274594521570E-004  fb  
  Box instabilites           1
           total calls     6821797
           instabilities [%]   1.4658894130095046E-005
  
 total result for virtual contns so far 
  sigma =    3.6664017191927241       +-    1.5659187140053727E-003  fb
  

 MONACO input parameters:
 ndim = 12,  ncall =     512k,   rtype = 0
 nprn =  0,  acc = -1.0E+0,  alph = 8.75E-1,  nd = 48,  mds =  0

 MONACO:  grid read from file grid2_2.out.6                                                                                                                                                                                                                                             

 iteration  1:
 integral =  4.369392E-03,  sigma = 1.244E-03
 efficacy = 2.054E-05,  raw efficacy = 6.655E-08
 f_positive = 2.115E-1,  f_zero = 5.944E-1,  f_negative = 1.941E-1
 accumulated statistics:
 integral =  4.369392E-03,  sigma = 1.244E-03,  chi^2/iteration = 0.000E+00

 MONACO:  grid written to file grid2_2.vout.3
  
  result for virtual contribution, no.            3
  sigma =    4.3693922873005451E-003  +-    1.2440471240742607E-003  fb  
  Pentagon instabilites        2946
           total calls      855294
           instabilities [%]  0.34444296347220954     
  
 total result for virtual contns so far 
  sigma =    3.6707711114800246       +-    1.9999386655069396E-003  fb
  
 
  Total (multi-channel) result (NLO virtual):    3.9120040367701994       +-    2.0199953853164655E-003  fb     5.1635820575077922E-002 %
 
   
 Summary for FF ..
   
 
total number of errors and warnings
===================================
vbffferr: no errors
the warning system has been disabled
 
 vbfquadffopen: error: could not open /itp/scratch/rauch/vbfquadnlotest/binaryrelease30/share/VBFNLO/ff/fferr.dat                                                     
         adjust path in vbfquadffopen (vbfquadffinit.f)
vbfquadfferr:  warning cannot open fferr.dat with error texts
 
total number of errors and warnings
===================================
vbfquadfferr: no errors
the warning system has been disabled
 
  
 PHASE SPACE            1
  

 MONACO input parameters:
 ndim = 15,  ncall =       2M,   rtype = 0
 nprn =  0,  acc = -1.0E+0,  alph = 8.75E-1,  nd = 48,  mds =  0

 MONACO:  continuing with uniform grid
  
       W-Ajjj amplitude square information:
 -----------------------------------------------
  
  
  v(v) to WZ/WA tensors initialized to  (  0.0000000000000000     ,  0.0000000000000000     )
  External b-quark contributions are excluded
  creal =   -4.0797362673929065       cvirtual =   -3.7101318663035472     
  virt factor for alphas = 0.12 is   0.81104453988909386     

 iteration  1:
 integral =  3.093056E-02,  sigma = 2.208E-02
 efficacy = 1.076E-06,  raw efficacy = 1.076E-06
 f_positive = 7.765E-3,  f_zero = 9.863E-1,  f_negative = 5.918E-3
 accumulated statistics:
 integral =  3.093056E-02,  sigma = 2.208E-02,  chi^2/iteration = 0.000E+00

 MONACO:  grid written to file grid3_1.out.1

 MONACO input parameters:
 ndim = 15,  ncall =       4M,   rtype = 0
 nprn =  0,  acc = -1.0E+0,  alph = 8.75E-1,  nd = 48,  mds =  0

 iteration  2:
 integral =  5.377169E-02,  sigma = 1.624E-02
 efficacy = 9.482E-07,  raw efficacy = 3.920E-08
 f_positive = 3.029E-2,  f_zero = 9.524E-1,  f_negative = 1.731E-2
 accumulated statistics:
 integral =  4.575284E-02,  sigma = 1.308E-02,  chi^2/iteration = 6.945E+05

 MONACO:  grid written to file grid3_1.out.2

 MONACO input parameters:
 ndim = 15,  ncall =       8M,   rtype = 0
 nprn =  0,  acc = -1.0E+0,  alph = 8.75E-1,  nd = 48,  mds =  0

 iteration  3:
 integral =  2.938527E-02,  sigma = 9.357E-03
 efficacy = 4.411E-07,  raw efficacy = 3.288E-09
 f_positive = 4.969E-2,  f_zero = 9.262E-1,  f_negative = 2.410E-2
 accumulated statistics:
 integral =  3.492500E-02,  sigma = 7.611E-03,  chi^2/iteration = 1.730E+00

 MONACO:  grid written to file grid3_1.out.3

 MONACO input parameters:
 ndim = 15,  ncall =      16M,   rtype = 0
 nprn =  0,  acc = -1.0E+0,  alph = 8.75E-1,  nd = 48,  mds =  0

 iteration  4:
 integral =  3.630049E-02,  sigma = 2.852E-03
 efficacy = 2.390E-06,  raw efficacy = 3.626E-10
 f_positive = 6.313E-2,  f_zero = 9.077E-1,  f_negative = 2.919E-2
 accumulated statistics:
 integral =  3.613112E-02,  sigma = 2.671E-03,  chi^2/iteration = 8.794E-01

 MONACO:  grid written to file grid3_1.out.4

 MONACO input parameters:
 ndim = 15,  ncall =      32M,   rtype = 0
 nprn =  0,  acc = -1.0E+0,  alph = 8.75E-1,  nd = 48,  mds =  0

 iteration  5:
 integral =  3.327993E-02,  sigma = 1.586E-03
 efficacy = 2.511E-06,  raw efficacy = 3.957E-10
 f_positive = 7.353E-2,  f_zero = 8.947E-1,  f_negative = 3.177E-2
 accumulated statistics:
 integral =  3.402307E-02,  sigma = 1.363E-03,  chi^2/iteration = 8.672E-01

 MONACO:  grid written to file grid3_1.out.5

 MONACO input parameters:
 ndim = 15,  ncall =      64M,   rtype = 0
 nprn =  0,  acc = -1.0E+0,  alph = 8.75E-1,  nd = 48,  mds =  0

 iteration  6:
 integral =  3.637718E-02,  sigma = 1.008E-03
 efficacy = 1.933E-06,  raw efficacy = 5.796E-10
 f_positive = 7.483E-2,  f_zero = 8.925E-1,  f_negative = 3.263E-2
 accumulated statistics:
 integral =  3.554474E-02,  sigma = 8.108E-04,  chi^2/iteration = 1.132E+00

 MONACO:  grid written to file grid3_1.out.6
 
  result for real emissions 
  sigma =    3.5544736860576284E-002  +-    8.1076522217508808E-004  fb
  
  
 PHASE SPACE            2
  

 MONACO input parameters:
 ndim = 15,  ncall =       2M,   rtype = 0
 nprn =  0,  acc = -1.0E+0,  alph = 8.75E-1,  nd = 48,  mds =  0

 MONACO:  continuing with uniform grid

 iteration  1:
 integral =  7.509953E-01,  sigma = 1.090E-01
 efficacy = 9.872E-06,  raw efficacy = 9.872E-06
 f_positive = 1.374E-2,  f_zero = 9.769E-1,  f_negative = 9.329E-3
 accumulated statistics:
 integral =  7.509953E-01,  sigma = 1.090E-01,  chi^2/iteration = 7.105E-15

 MONACO:  grid written to file grid3_2.out.1

 MONACO input parameters:
 ndim = 15,  ncall =       4M,   rtype = 0
 nprn =  0,  acc = -1.0E+0,  alph = 8.75E-1,  nd = 48,  mds =  0

 iteration  2:
 integral =  5.411919E-01,  sigma = 9.101E-02
 efficacy = 2.574E-06,  raw efficacy = 4.086E-08
 f_positive = 5.146E-2,  f_zero = 9.231E-1,  f_negative = 2.541E-2
 accumulated statistics:
 integral =  6.274044E-01,  sigma = 6.986E-02,  chi^2/iteration = 2.184E+06

 MONACO:  grid written to file grid3_2.out.2

 MONACO input parameters:
 ndim = 15,  ncall =       8M,   rtype = 0
 nprn =  0,  acc = -1.0E+0,  alph = 8.75E-1,  nd = 48,  mds =  0

 iteration  3:
 integral =  6.002442E-01,  sigma = 3.832E-02
 efficacy = 2.893E-06,  raw efficacy = 1.500E-08
 f_positive = 9.246E-2,  f_zero = 8.686E-1,  f_negative = 3.895E-2
 accumulated statistics:
 integral =  6.065273E-01,  sigma = 3.360E-02,  chi^2/iteration = 2.300E+00

 MONACO:  grid written to file grid3_2.out.3

 MONACO input parameters:
 ndim = 15,  ncall =      16M,   rtype = 0
 nprn =  0,  acc = -1.0E+0,  alph = 8.75E-1,  nd = 48,  mds =  0

 iteration  4:
 integral =  6.123191E-01,  sigma = 3.538E-02
 efficacy = 1.214E-06,  raw efficacy = 8.560E-10
 f_positive = 1.173E-1,  f_zero = 8.385E-1,  f_negative = 4.417E-2
 accumulated statistics:
 integral =  6.092738E-01,  sigma = 2.436E-02,  chi^2/iteration = 1.157E+00

 MONACO:  grid written to file grid3_2.out.4

 MONACO input parameters:
 ndim = 15,  ncall =      32M,   rtype = 0
 nprn =  0,  acc = -1.0E+0,  alph = 8.75E-1,  nd = 48,  mds =  0

 iteration  5:
 integral =  5.839561E-01,  sigma = 1.192E-02
 efficacy = 4.749E-06,  raw efficacy = 1.401E-10
 f_positive = 1.333E-1,  f_zero = 8.171E-1,  f_negative = 4.955E-2
 accumulated statistics:
 integral =  5.888473E-01,  sigma = 1.071E-02,  chi^2/iteration = 1.062E+00

 MONACO:  grid written to file grid3_2.out.5

 MONACO input parameters:
 ndim = 15,  ncall =      64M,   rtype = 0
 nprn =  0,  acc = -1.0E+0,  alph = 8.75E-1,  nd = 48,  mds =  0

 iteration  6:
 integral =  5.987253E-01,  sigma = 7.533E-03
 efficacy = 4.200E-06,  raw efficacy = 1.458E-10
 f_positive = 1.376E-1,  f_zero = 8.097E-1,  f_negative = 5.268E-2
 accumulated statistics:
 integral =  5.954554E-01,  sigma = 6.161E-03,  chi^2/iteration = 9.386E-01

 MONACO:  grid written to file grid3_2.out.6
 
  result for real emissions 
  sigma =   0.59545540796412832       +-    6.1610664852286218E-003  fb
  
 
  Total (multi-channel) result (NLO real):   0.63100014482470457       +-    6.2141838145404089E-003  fb    0.98481495852378054      %
 
 
total number of errors and warnings
===================================
fferr: no errors
 
  
  final result at NLO 
  sigma =    4.5430041815949043       +-    6.5342529670648500E-003  fb  0.14383110175282476      %
  
  Box instabilites           1
           total calls     9219357
           instabilities [%]   1.0846743433408643E-005
  FBox instabilites           0
           total calls           0
           instabilities [%]   0.0000000000000000     
  Pentagon instabilites        3644
           total calls     1153440
           instabilities [%]  0.31592453877098070     
  Hexagon instabilites           0
           total calls           0
           instabilities [%]   0.0000000000000000     
 
 
 LO for different PHASESPACE:
  0.26836932539542302       +-    2.4494868461430263E-004  fb   9.1272981460674849E-002
   4.1723189316115237       +-    1.3408922570561689E-003  fb   3.2137817818693459E-002
  
  
 VIRTUAL CONTRIBUTIONS for different PHASESPACE:
  borntype for different PHASESPACE:
  0.23884792491240281       +-    2.7984163043753434E-004  fb  0.11716309887982737     
   3.6559647943920721       +-    1.4976078441783427E-003  fb   4.0963409890476553E-002
  boxes for different PHASESPACE:
   2.3696119550781552E-003  +-    4.7234879782226612E-005  fb   1.9933592789739574     
   1.0436924800652059E-002  +-    4.5746274594521570E-004  fb   4.3831181567642910     
 pentagons for different PHASESPACE:
   1.5388422693791609E-005  +-    9.1770864743867405E-006  fb   59.636303583532282     
   4.3693922873005451E-003  +-    1.2440471240742607E-003  fb   28.471857006065381     
   
 TOTAL VIRTUAL CONTRIBUTIONS:
 TOTAL borntype:
   3.8948127193044750        1.5235289931834054E-003   3.9116874237164166E-002  %
 TOTAL boxes:
   1.2806536755730215E-002   4.5989487689664294E-004   3.5910948109438370       %
 TOTAL pentagons:
   4.3847807099943363E-003   1.2440809723782442E-003   28.372706747741809       %
  
  
  REAL EMISSION for different PHASESPACE:
   3.5544736860576284E-002   8.1076522217508808E-004   2.2809712317052817       %
  0.59545540796412832        6.1610664852286218E-003   1.0346814224583849       %
  
  
  
 !!!!!!!!!!!!!!!!!!!!!!!!!!!!!!!!!!!!!!!!!!!!!!!!!!!!!!!!!!!!!!!!!!!!!!!!!!!!!!!!!!!!!!!!!!!!!!!!!!!!!!!!
     VBFNLO 3.0.0 beta0 svn 7626
   
  PROCESS:          280   :   p p -->  W-A jj -->  e- ve~ A jj
   
  TOTAL result (LO):          4.4406882570069470       +-    1.3630817668531347E-003  fb     3.0695281631227606E-002 %
  NLO virtual result:         3.9120040367701998       +-    2.0199953853164655E-003  fb     5.1635820575077915E-002 %
  QCD real emission:         0.63100014482470457       +-    6.2141838145404089E-003  fb    0.98481495852378054      %
  TOTAL result (NLO):         4.5430041815949043       +-    6.5342529670648500E-003  fb    0.14383110175282476      %
  K-Factor:                   1.0230405555775084     
 !!!!!!!!!!!!!!!!!!!!!!!!!!!!!!!!!!!!!!!!!!!!!!!!!!!!!!!!!!!!!!!!!!!!!!!!!!!!!!!!!!!!!!!!!!!!!!!!!!!!!!!!
  
  
