   
 -----------------------------------------------------------------
 VBFNLO, version 3.0.0 beta0 svn 7628
 Comput. Phys. Commun. 180 (2009) 1661[arXiv:0811.4559 [hep-ph]]
 arXiV:1107.4038, arXiV:1207.4975, arXiv:1404.3940
 http://www.itp.kit.edu/vbfnlo
 -----------------------------------------------------------------
 Process-specific references (please cite as well if appropriate):
 F. Campanario, M. Kerner, Le Duc Ninh, D. Zeppenfeld
 Phys.Rev. D89 (2014) 054009, e-Print: arXiv:1311.6738
 
 -----------------------------------------------------------------
   
   
   
 Initialising LoopTools ..
   
 ====================================================
   FF 2.0, a package to evaluate one-loop integrals
 written by G. J. van Oldenborgh, NIKHEF-H, Amsterdam
 ====================================================
 for the algorithms used see preprint NIKHEF-H 89/17,
 'New Algorithms for One-loop Integrals', by G.J. van
 Oldenborgh and J.A.M. Vermaseren, published in 
 Zeitschrift fuer Physik C46(1990)425.
 ====================================================
  
        Information on global parameters
 -----------------------------------------------
   PROCESS               =     3250
   LOPROCESS_PLUS_JET    =        F
   KK_MOD                =        F
   ANOM_CPL              =        F
   LEPTONS               =   -11   12  -13   14
   LO_ITERATIONS         =        6
   NLO_ITERATIONS        =        6
   LO_POINTS             =       25
   NLO_POINTS            =       25
   NLO_SWITCH            =        T
   EWCOR_SWITCH          =        F
   FERMIONLOOP           =        3
   LHA_SWITCH            =        F
   HEPMC_SWITCH          =        F
   LO_GRID               = grid2_1                                           
   NLO_GRID              = grid3_1                                           
   PHTN_GRID             = grid4_1                                           
   FLOOP_GRID            = grid5_1                                           
   ECM                   =  14000.0    
   BEAM1                 =        1
   BEAM2                 =        1
   ID_MUF                =       10
   ID_MUR                =       10
   MUF_USER              =  100.000    
   MUR_USER              =  100.000    
   XIF                   =  1.00000    
   XIR                   =  1.00000    
 
       information on the selected process 
 -----------------------------------------------
 
  pp -> W+ W+ jj -> l+ vl l+ vl jj
 
 QCD induced W+ W+ + 2 jets production with fully leptonic decay.
 Process is implemented at LO and NLO QCD.
 References: F. Campanario, M. Kerner, Le Duc Ninh, D. Zeppenfeld
 Phys.Rev. D89 (2014) 054009, e-Print: arXiv:1311.6738
 
 Initializing PDF set CT10
  
               Physics parameters
 -----------------------------------------------
   HTYPE                 =        0
   MODEL                 =        1
   ANOM_CPL              =        F
   KK_MOD                =        F
   SPIN2                 =        F
   HMASS                 =  126.000    
   HWIDTH                = -999.000    
   TOPMASS               =  173.100    
   BOTTOMMASS            =  4.85500    
   CHARMMASS             =  1.65000    
   TAU_MASS              =  1.77684    
   EWSCHEME              =        3
   FERMI_CONST           = 0.116637E-04
   WMASS                 =  80.3850    
   ZMASS                 =  91.1876    
   
 Running in the SM
   
 Higgs mass =   126.00000000000000     
   
  
 Information on scale setting in InitScales 
 -------------------------------------------
  
 Dynamical factorization scale chosen:
       mu_F = ( ET(jj) + ET(VV) )/2
 Dynamical renormalization scale chosen:
       mu_R = ( ET(jj) + ET(VV) )/2
 Initializing PDF set cteq6l1
  
  
  
  
   Information on couplings, masses and widths
 ===============================================
  
   SM coupling parameters 
 ---------------------------
   G_Fermi                         : 0.000011663700
   SIN**2 of the weak mixing angle : 0.22289722
   Q.E.D. fine structure constant  : 1/132.23422    
   SU(2) coupling constant g       : 0.65295113
   U(1) coupling constant g'       : 0.34969851
   Q.C.D. LO alfas(MZ)             : 0.12980813
   Q.C.D. NLO alfas(MZ)            : 0.11798159
  
      particle masses
 ---------------------------
   mass of the Z0 boson            :   91.1876
   mass of the W+/- boson          :   80.3850
   mass of the Higgs boson         :  126.0000
   mass of the top quark           :  173.1000
   mass of the bottom quark at MH  :    2.8020
  (All other fermions have mass equal ZERO)
  
      particle widths
 ---------------------------
   total widths of Z0              :   2.507719 GeV
   total widths of W+ or W-        :   2.096656 GeV
   total widths of Higgs           :   0.004277 GeV
   total widths of top quark       :   1.359115 GeV
  
     branching ratios
 ---------------------------
   W -> lepton anti-lepton         : 10.8397227 %
   W -> massless quark anti-quark  : 33.7404159 %
   W -> top bottom                 :  0.0000000 %
  
   Z -> neutrino anti-neutrino     :  6.6148291 %
   Z -> charged lepton anti-lepton :  3.3462865 %
   Z -> up-type quark anti-quark   : 11.9885556 %
   Z -> down-type quark anti-quark : 15.3798474 %
   Z -> top anti-top               :  0.0000000 %
  
   H -> WW                         : 22.0378487 %
   H -> ZZ                         :  3.0312325 %
   H -> bottom anti-bottom         : 57.0642005 %
   H -> top anti-top               :  0.0000000 %
   H -> charm anti-charm           :  3.3901089 %
   H -> tau anti-tau               :  6.0964270 %
   H -> mu anti-mu                 :  0.0215826 %
   H -> gluon gluon                :  7.9503343 %
   H -> gamma gamma                :  0.2384414 %
   H -> Z gamma                    :  0.1698242 %
  
 
          information on cut parameters
 -----------------------------------------------
 
 minimum jet pt        (PT_JET_MIN):     20.00    20.00    20.00   
 maximum jet rapidity                 (Y_JET_MAX):    4.5000000000000000     
 maximum parton pseudorapidity          (Y_P_MAX):    5.0000000000000000     
 minimum jet-jet R-separation           (RJJ_MIN):   0.40000000000000002     
 minimum number of jets                (NJET_MIN):            2
 single jet from hadronic decay (SINGLE_DECAYJET):            0
 exponent of generalised kT algorithm (PGENKTJET):   -1.0000000000000000     
 minimum lepton-lepton R-separation     (RLL_MIN):   0.40000000000000002     
 maximum lepton-lepton R-separation     (RLL_MAX):    50.000000000000000     
 minimum jet-lepton R-separation        (RJL_MIN):   0.40000000000000002     
 minimum jet-photon R-separation        (RJG_MIN):   0.69999999999999996     
 minimum lepton-photon R-separation     (RLG_MIN):   0.40000000000000002     
 minimum photon-photon R-separation     (RGG_MIN):   0.59999999999999998     
 maximum photon-photon R-separation     (RGG_MAX):    50.000000000000000     
 maximum lepton rapidity                (Y_L_MAX):    2.5000000000000000     
 minimum lepton pt       (PT_L_MIN):     20.00    20.00   
 minimum invariant dilepton mass        (MLL_MIN):    15.000000000000000     
 maximum invariant dilepton mass        (MLL_MAX):    1.0000000000000000E+020
 m_ll cuts only on opposite-sign l   (MLL_OSONLY):  T
 maximum photon rapidity                (Y_G_MAX):    2.5000000000000000     
 minimum photon pt       (PT_G_MIN):    
 photon isolation cut                 (PHISOLCUT):   0.69999999999999996     
 efficiency of photon isolation cut   (EFISOLCUT):    1.0000000000000000     
 minimum invariant lepton-photon mass   (MLG_MIN):    0.0000000000000000     
 maximum invariant lepton-photon mass   (MLG_MAX):    1.0000000000000000E+020
 minimal missing transverse momentum (PTMISS_MIN):    30.000000000000000     
 minimum jet rapidity separation      (ETAJJ_MIN):    0.0000000000000000     
 tagging jets in opposite hemispheres     (YSIGN):    F
 leptons fall inside rapidity gap     (LRAPIDGAP):    F
 min leptons y-dist from tagging jets   (DELY_JL):    0.0000000000000000     
 photons fall inside rapidity gap     (GRAPIDGAP):    F
 min photons y-dist from tagging jets   (DELY_JG):    0.0000000000000000     
 dijet min mass cut on tag jets        (MDIJ_MIN):    0.0000000000000000     
 dijet max mass cut on tag jets        (MDIJ_MAX):    1.0000000000000000E+020
 veto criteria for jets                   (JVETO):    F
 minimum veto-tag y-dist             (DELY_JVETO):    0.0000000000000000     
 maximum |y| for veto jet             (YMAX_VETO):    4.5000000000000000     
 minimum pT for veto jet             (PTMIN_VETO):    50.000000000000000     
 

 --------------------PHASE SPACE--------------------

 boson has mass    80.39 GeV and width     2.0967 GeV
 integration range for boson   3 =      0.032  to     9899.495 GeV
 boson has mass    80.39 GeV and width     2.0967 GeV
 integration range for boson   3 =      0.032  to     9899.495 GeV

 machine energy =    14000.0  GeV

 configuration   0

 ---------------------------------------------------

  Random number generator initialized with seed =            0
 
          information on histogram config
 -----------------------------------------------
 
 SMEARING           =      T
 SMEAR_VALUE        =       0.20000000000000001     
 CALC_ERROR_GNUPLOT =      F
 CALC_ERROR_ROOT    =      F
 CALC_ERROR_1D      =      T
 CALC_ERROR_2D      =      F
 
HIST_ID1      =      0.00    250.00  # dS/dpT_j (fb/GeV)
HIST_ID2      =      0.00    500.00  # dS/dpTmax_j (fb/GeV)
HIST_ID3      =      0.00    200.00  # dS/dpTmin_j (fb/GeV)
HIST_ID4      =     -5.00      5.00  # dS/dy_j (fb)
HIST_ID5      =     -5.00      5.00  # dS/dy_j1 (fb)
HIST_ID6      =     -5.00      5.00  # dS/dy_j2 (fb)
HIST_ID7      =      0.00    500.00  # dS/dpTmax_l (fb/GeV)
HIST_ID8      =      0.00    200.00  # dS/dpTmin_l (fb/GeV)
HIST_ID9      =      0.00      5.00  # dS/d|eta|max_l (fb)
HIST_ID10     =      0.00      5.00  # dS/d|eta|min_l (fb)
HIST_ID11     =   -180.00    180.00  # dS/dPhi_jj (fb)
2DHIST_ID1    =      0.00      6.00      0.00    800.00  # d2S/dy_jj dm_jj (fb/GeV)
 
 -----------------------------------------------
 
 
 
  
 Subprocess           1
  

 MONACO input parameters:
 ndim = 15,  ncall =       1M,   rtype = 0
 nprn =  0,  acc = -1.0E+0,  alph = 8.75E-1,  nd = 48,  mds =  0

 MONACO:  continuing with uniform grid
  
 W+W+ jj amplitude square information:
 -----------------------------------------------
  
 alpha parameter of dipoles:    1.0000000000000000     
 precision of gauge test:      1.0000000000000000E-002
 -----------------------------------------------

 iteration  1:
 integral =  8.569269E-01,  sigma = 1.356E-01
 efficacy = 7.072E-06,  raw efficacy = 7.072E-06
 f_positive = 6.116E-2,  f_zero = 9.388E-1,  f_negative = 0.000E+0
 accumulated statistics:
 integral =  8.569269E-01,  sigma = 1.356E-01,  chi^2/iteration = 7.105E-15

 MONACO:  grid written to file GRID/grid2_1_1.out.1

 MONACO input parameters:
 ndim = 15,  ncall =       2M,   rtype = 0
 nprn =  0,  acc = -1.0E+0,  alph = 8.75E-1,  nd = 48,  mds =  0

 iteration  2:
 integral =  8.160814E-01,  sigma = 2.457E-02
 efficacy = 3.440E-05,  raw efficacy = 2.531E-07
 f_positive = 2.558E-1,  f_zero = 7.442E-1,  f_negative = 0.000E+0
 accumulated statistics:
 integral =  8.173797E-01,  sigma = 2.417E-02,  chi^2/iteration = 8.787E+04

 MONACO:  grid written to file GRID/grid2_1_1.out.2

 MONACO input parameters:
 ndim = 15,  ncall =       4M,   rtype = 0
 nprn =  0,  acc = -1.0E+0,  alph = 8.75E-1,  nd = 48,  mds =  0

 iteration  3:
 integral =  8.173369E-01,  sigma = 6.887E-03
 efficacy = 1.011E-04,  raw efficacy = 7.469E-08
 f_positive = 3.611E-1,  f_zero = 6.389E-1,  f_negative = 0.000E+0
 accumulated statistics:
 integral =  8.173401E-01,  sigma = 6.623E-03,  chi^2/iteration = 8.787E-02

 MONACO:  grid written to file GRID/grid2_1_1.out.3

 MONACO input parameters:
 ndim = 15,  ncall =       8M,   rtype = 0
 nprn =  0,  acc = -1.0E+0,  alph = 8.75E-1,  nd = 48,  mds =  0

 iteration  4:
 integral =  8.335945E-01,  sigma = 4.342E-03
 efficacy = 5.656E-05,  raw efficacy = 2.259E-08
 f_positive = 3.957E-1,  f_zero = 6.043E-1,  f_negative = 0.000E+0
 accumulated statistics:
 integral =  8.287077E-01,  sigma = 3.632E-03,  chi^2/iteration = 2.150E+00

 MONACO:  grid written to file GRID/grid2_1_1.out.4

 MONACO input parameters:
 ndim = 15,  ncall =      16M,   rtype = 0
 nprn =  0,  acc = -1.0E+0,  alph = 8.75E-1,  nd = 48,  mds =  0

 iteration  5:
 integral =  8.291332E-01,  sigma = 1.927E-03
 efficacy = 1.338E-04,  raw efficacy = 1.091E-08
 f_positive = 3.945E-1,  f_zero = 6.055E-1,  f_negative = 0.000E+0
 accumulated statistics:
 integral =  8.290398E-01,  sigma = 1.702E-03,  chi^2/iteration = 1.437E+00

 MONACO:  grid written to file GRID/grid2_1_1.out.5

 MONACO input parameters:
 ndim = 15,  ncall =      32M,   rtype = 0
 nprn =  0,  acc = -1.0E+0,  alph = 8.75E-1,  nd = 48,  mds =  0
  random number setting in monaco saved 

 iteration  6:
 integral =  8.275101E-01,  sigma = 1.173E-03
 efficacy = 1.451E-04,  raw efficacy = 1.537E-08
 f_positive = 3.990E-1,  f_zero = 6.010E-1,  f_negative = 0.000E+0
 accumulated statistics:
 integral =  8.280028E-01,  sigma = 9.660E-04,  chi^2/iteration = 1.215E+00

 MONACO:  grid written to file GRID/grid2_1_1.out.6
 
  result sub (LO):   0.82800282429857808       +-    9.6601767173643503E-004  fb    0.11666840297975707      %
 
  
 Subprocess           2
  

 MONACO input parameters:
 ndim = 15,  ncall =     512k,   rtype = 0
 nprn =  0,  acc = -1.0E+0,  alph = 8.75E-1,  nd = 48,  mds =  0

 MONACO:  continuing with uniform grid

 iteration  1:
 integral =  4.778210E-01,  sigma = 6.804E-02
 efficacy = 2.000E-05,  raw efficacy = 2.000E-05
 f_positive = 6.070E-2,  f_zero = 9.393E-1,  f_negative = 0.000E+0
 accumulated statistics:
 integral =  4.778210E-01,  sigma = 6.804E-02,  chi^2/iteration = 7.105E-15

 MONACO:  grid written to file GRID/grid2_1_2.out.1

 MONACO input parameters:
 ndim = 15,  ncall =       1M,   rtype = 0
 nprn =  0,  acc = -1.0E+0,  alph = 8.75E-1,  nd = 48,  mds =  0

 iteration  2:
 integral =  5.538609E-01,  sigma = 4.472E-02
 efficacy = 1.352E-05,  raw efficacy = 4.854E-07
 f_positive = 2.486E-1,  f_zero = 7.514E-1,  f_negative = 0.000E+0
 accumulated statistics:
 integral =  5.309194E-01,  sigma = 3.737E-02,  chi^2/iteration = 8.721E+05

 MONACO:  grid written to file GRID/grid2_1_2.out.2

 MONACO input parameters:
 ndim = 15,  ncall =       2M,   rtype = 0
 nprn =  0,  acc = -1.0E+0,  alph = 8.75E-1,  nd = 48,  mds =  0

 iteration  3:
 integral =  4.819722E-01,  sigma = 5.273E-03
 efficacy = 1.488E-04,  raw efficacy = 1.136E-07
 f_positive = 3.654E-1,  f_zero = 6.346E-1,  f_negative = 0.000E+0
 accumulated statistics:
 integral =  4.829275E-01,  sigma = 5.221E-03,  chi^2/iteration = 2.554E+00

 MONACO:  grid written to file GRID/grid2_1_2.out.3

 MONACO input parameters:
 ndim = 15,  ncall =       4M,   rtype = 0
 nprn =  0,  acc = -1.0E+0,  alph = 8.75E-1,  nd = 48,  mds =  0

 iteration  4:
 integral =  4.989110E-01,  sigma = 5.501E-03
 efficacy = 2.422E-05,  raw efficacy = 7.989E-08
 f_positive = 3.958E-1,  f_zero = 6.042E-1,  f_negative = 0.000E+0
 accumulated statistics:
 integral =  4.905029E-01,  sigma = 3.787E-03,  chi^2/iteration = 3.498E+00

 MONACO:  grid written to file GRID/grid2_1_2.out.4

 MONACO input parameters:
 ndim = 15,  ncall =       8M,   rtype = 0
 nprn =  0,  acc = -1.0E+0,  alph = 8.75E-1,  nd = 48,  mds =  0

 iteration  5:
 integral =  4.921046E-01,  sigma = 1.827E-03
 efficacy = 2.104E-04,  raw efficacy = 3.334E-08
 f_positive = 3.953E-1,  f_zero = 6.047E-1,  f_negative = 0.000E+0
 accumulated statistics:
 integral =  4.918021E-01,  sigma = 1.646E-03,  chi^2/iteration = 2.380E+00

 MONACO:  grid written to file GRID/grid2_1_2.out.5

 MONACO input parameters:
 ndim = 15,  ncall =      16M,   rtype = 0
 nprn =  0,  acc = -1.0E+0,  alph = 8.75E-1,  nd = 48,  mds =  0
  random number setting in monaco saved 

 iteration  6:
 integral =  4.888988E-01,  sigma = 9.263E-04
 efficacy = 2.470E-04,  raw efficacy = 1.377E-08
 f_positive = 3.983E-1,  f_zero = 6.017E-1,  f_negative = 0.000E+0
 accumulated statistics:
 integral =  4.895973E-01,  sigma = 8.072E-04,  chi^2/iteration = 2.376E+00

 MONACO:  grid written to file GRID/grid2_1_2.out.6
 
  result sub (LO):   0.48959725389220571       +-    8.0720130031257484E-004  fb    0.16487047137120908      %
 
  
 Subprocess           3
  

 MONACO input parameters:
 ndim = 15,  ncall =     128k,   rtype = 0
 nprn =  0,  acc = -1.0E+0,  alph = 8.75E-1,  nd = 48,  mds =  0

 MONACO:  continuing with uniform grid

 iteration  1:
 integral =  8.337940E-02,  sigma = 1.345E-02
 efficacy = 8.480E-05,  raw efficacy = 8.480E-05
 f_positive = 6.092E-2,  f_zero = 9.391E-1,  f_negative = 0.000E+0
 accumulated statistics:
 integral =  8.337940E-02,  sigma = 1.345E-02,  chi^2/iteration = 0.000E+00

 MONACO:  grid written to file GRID/grid2_1_3.out.1

 MONACO input parameters:
 ndim = 15,  ncall =     256k,   rtype = 0
 nprn =  0,  acc = -1.0E+0,  alph = 8.75E-1,  nd = 48,  mds =  0

 iteration  2:
 integral =  1.153587E-01,  sigma = 4.464E-03
 efficacy = 2.909E-04,  raw efficacy = 4.774E-06
 f_positive = 2.823E-1,  f_zero = 7.177E-1,  f_negative = 0.000E+0
 accumulated statistics:
 integral =  1.121866E-01,  sigma = 4.237E-03,  chi^2/iteration = 5.091E+06

 MONACO:  grid written to file GRID/grid2_1_3.out.2

 MONACO input parameters:
 ndim = 15,  ncall =     512k,   rtype = 0
 nprn =  0,  acc = -1.0E+0,  alph = 8.75E-1,  nd = 48,  mds =  0

 iteration  3:
 integral =  1.138956E-01,  sigma = 1.711E-03
 efficacy = 2.572E-04,  raw efficacy = 1.214E-06
 f_positive = 3.987E-1,  f_zero = 6.013E-1,  f_negative = 0.000E+0
 accumulated statistics:
 integral =  1.136559E-01,  sigma = 1.587E-03,  chi^2/iteration = 5.231E+00

 MONACO:  grid written to file GRID/grid2_1_3.out.3

 MONACO input parameters:
 ndim = 15,  ncall =       1M,   rtype = 0
 nprn =  0,  acc = -1.0E+0,  alph = 8.75E-1,  nd = 48,  mds =  0

 iteration  4:
 integral =  1.123243E-01,  sigma = 7.173E-04
 efficacy = 5.016E-04,  raw efficacy = 4.077E-07
 f_positive = 4.308E-1,  f_zero = 5.692E-1,  f_negative = 0.000E+0
 accumulated statistics:
 integral =  1.125503E-01,  sigma = 6.536E-04,  chi^2/iteration = 2.908E+00

 MONACO:  grid written to file GRID/grid2_1_3.out.4

 MONACO input parameters:
 ndim = 15,  ncall =       2M,   rtype = 0
 nprn =  0,  acc = -1.0E+0,  alph = 8.75E-1,  nd = 48,  mds =  0

 iteration  5:
 integral =  1.111252E-01,  sigma = 4.142E-04
 efficacy = 4.967E-04,  raw efficacy = 4.476E-07
 f_positive = 4.386E-1,  f_zero = 5.614E-1,  f_negative = 0.000E+0
 accumulated statistics:
 integral =  1.115335E-01,  sigma = 3.498E-04,  chi^2/iteration = 3.069E+00

 MONACO:  grid written to file GRID/grid2_1_3.out.5

 MONACO input parameters:
 ndim = 15,  ncall =       4M,   rtype = 0
 nprn =  0,  acc = -1.0E+0,  alph = 8.75E-1,  nd = 48,  mds =  0
  random number setting in monaco saved 

 iteration  6:
 integral =  1.119177E-01,  sigma = 2.854E-04
 efficacy = 2.256E-04,  raw efficacy = 1.243E-07
 f_positive = 4.324E-1,  f_zero = 5.676E-1,  f_negative = 0.000E+0
 accumulated statistics:
 integral =  1.117642E-01,  sigma = 2.211E-04,  chi^2/iteration = 2.483E+00

 MONACO:  grid written to file GRID/grid2_1_3.out.6
 
  result sub (LO):   0.11176416233921230       +-    2.2112834339708552E-004  fb    0.19785263788399815      %
 
 
  result (LO):    1.4293642405299960       +-    1.2781478105395063E-003  fb     8.9420721065862130E-002 %
  
   
 Initialising FF ..
   
 ====================================================
   FF 2.0, a package to evaluate one-loop integrals
 written by G. J. van Oldenborgh, NIKHEF-H, Amsterdam
 ====================================================
 for the algorithms used see preprint NIKHEF-H 89/17,
 'New Algorithms for One-loop Integrals', by G.J. van
 Oldenborgh and J.A.M. Vermaseren, published in 
 Zeitschrift fuer Physik C46(1990)425.
 ====================================================
 ====================================================
   FF 2.0, a package to evaluate one-loop integrals
 written by G. J. van Oldenborgh, NIKHEF-H, Amsterdam
 ====================================================
 for the algorithms used see preprint NIKHEF-H 89/17,
 'New Algorithms for One-loop Integrals', by G.J. van
 Oldenborgh and J.A.M. Vermaseren, published in 
 Zeitschrift fuer Physik C46(1990)425.
 ====================================================
 Initializing PDF set CT10
  
 Subprocess           1
  

 MONACO input parameters:
 ndim = 15,  ncall =      32M,   rtype = 0
 nprn =  0,  acc = -1.0E+0,  alph = 8.75E-1,  nd = 48,  mds =  0

 MONACO:  grid read from file GRID/grid2_1_1.out.6                                                                                                                                                                                                                                      

 iteration  1:
 integral =  7.748183E-01,  sigma = 9.471E-04
 efficacy = 2.333E-04,  raw efficacy = 1.027E-08
 f_positive = 4.002E-1,  f_zero = 5.998E-1,  f_negative = 0.000E+0
 accumulated statistics:
 integral =  7.748183E-01,  sigma = 9.471E-04,  chi^2/iteration = 1.164E-10

 MONACO:  grid written to file GRID/grid2_1_1.vout.1
  
  result for virtual contribution, no.            1
  sigma =   0.77481827867192665       +-    9.4710276444477421E-004  fb  
  
 total result for virtual contns so far 
  sigma =   0.77481827867192665       +-    9.4710276444477421E-004  fb
  

 MONACO input parameters:
 ndim = 15,  ncall =       2M,   rtype = 0
 nprn =  0,  acc = -1.0E+0,  alph = 8.75E-1,  nd = 48,  mds =  0

 MONACO:  grid read from file GRID/grid2_1_1.out.6                                                                                                                                                                                                                                      

 iteration  1:
 integral =  3.810927E-01,  sigma = 2.341E-03
 efficacy = 4.964E-04,  raw efficacy = 1.261E-08
 f_positive = 3.638E-1,  f_zero = 6.005E-1,  f_negative = 3.572E-2
 accumulated statistics:
 integral =  3.810927E-01,  sigma = 2.341E-03,  chi^2/iteration = 3.638E-12

 MONACO:  grid written to file GRID/grid2_1_1.vout.1
  
  result for virtual contribution, no.            2
  sigma =   0.38109268447767580       +-    2.3407023422801856E-003  fb  
  
 total result for virtual contns so far 
  sigma =    1.1559109631496025       +-    2.5250526928313555E-003  fb
  

 MONACO input parameters:
 ndim = 15,  ncall =       4M,   rtype = 0
 nprn =  0,  acc = -1.0E+0,  alph = 8.75E-1,  nd = 48,  mds =  0

 MONACO:  grid read from file GRID/grid2_1_1.out.6                                                                                                                                                                                                                                      

 iteration  1:
 integral =  1.285877E-01,  sigma = 5.311E-04
 efficacy = 2.826E-04,  raw efficacy = 1.743E-08
 f_positive = 3.985E-1,  f_zero = 5.998E-1,  f_negative = 1.740E-3
 accumulated statistics:
 integral =  1.285877E-01,  sigma = 5.311E-04,  chi^2/iteration = 0.000E+00

 MONACO:  grid written to file GRID/grid2_1_1.vout.1
  
  result for virtual contribution, no.            3
  sigma =   0.12858766537735461       +-    5.3110961484381354E-004  fb  
  
 total result for virtual contns so far 
  sigma =    1.2844986285269571       +-    2.5803039597214945E-003  fb
  
  
 Subprocess           2
  

 MONACO input parameters:
 ndim = 15,  ncall =      16M,   rtype = 0
 nprn =  0,  acc = -1.0E+0,  alph = 8.75E-1,  nd = 48,  mds =  0

 MONACO:  grid read from file GRID/grid2_1_2.out.6                                                                                                                                                                                                                                      

 iteration  1:
 integral =  4.601085E-01,  sigma = 8.177E-04
 efficacy = 9.285E-05,  raw efficacy = 5.273E-08
 f_positive = 3.913E-1,  f_zero = 6.087E-1,  f_negative = 0.000E+0
 accumulated statistics:
 integral =  4.601085E-01,  sigma = 8.177E-04,  chi^2/iteration = 0.000E+00

 MONACO:  grid written to file GRID/grid2_1_2.vout.1
  
  result for virtual contribution, no.            1
  sigma =   0.46010848938302573       +-    8.1773141561007070E-004  fb  
  
 total result for virtual contns so far 
  sigma =   0.46010848938302573       +-    8.1773141561007070E-004  fb
  

 MONACO input parameters:
 ndim = 15,  ncall =       1M,   rtype = 0
 nprn =  0,  acc = -1.0E+0,  alph = 8.75E-1,  nd = 48,  mds =  0

 MONACO:  grid read from file GRID/grid2_1_2.out.6                                                                                                                                                                                                                                      

 iteration  1:
 integral =  2.129324E-01,  sigma = 2.124E-03
 efficacy = 1.975E-04,  raw efficacy = 2.471E-08
 f_positive = 3.692E-1,  f_zero = 6.090E-1,  f_negative = 2.179E-2
 accumulated statistics:
 integral =  2.129324E-01,  sigma = 2.124E-03,  chi^2/iteration = 1.819E-12

 MONACO:  grid written to file GRID/grid2_1_2.vout.1
  
  result for virtual contribution, no.            2
  sigma =   0.21293236991377582       +-    2.1237895193871865E-003  fb  
  
 total result for virtual contns so far 
  sigma =   0.67304085929680157       +-    2.2757782384789840E-003  fb
  

 MONACO input parameters:
 ndim = 15,  ncall =       2M,   rtype = 0
 nprn =  0,  acc = -1.0E+0,  alph = 8.75E-1,  nd = 48,  mds =  0

 MONACO:  grid read from file GRID/grid2_1_2.out.6                                                                                                                                                                                                                                      

 iteration  1:
 integral =  6.688389E-02,  sigma = 4.109E-04
 efficacy = 4.022E-04,  raw efficacy = 5.423E-08
 f_positive = 3.654E-1,  f_zero = 6.084E-1,  f_negative = 2.621E-2
 accumulated statistics:
 integral =  6.688389E-02,  sigma = 4.109E-04,  chi^2/iteration = 3.638E-12

 MONACO:  grid written to file GRID/grid2_1_2.vout.1
  
  result for virtual contribution, no.            3
  sigma =    6.6883893096333191E-002  +-    4.1090527186661238E-004  fb  
  
 total result for virtual contns so far 
  sigma =   0.73992475239313471       +-    2.3125764275332139E-003  fb
  
  
 Subprocess           3
  

 MONACO input parameters:
 ndim = 15,  ncall =       4M,   rtype = 0
 nprn =  0,  acc = -1.0E+0,  alph = 8.75E-1,  nd = 48,  mds =  0

 MONACO:  grid read from file GRID/grid2_1_3.out.6                                                                                                                                                                                                                                      

 iteration  1:
 integral =  1.065568E-01,  sigma = 2.828E-04
 efficacy = 2.130E-04,  raw efficacy = 1.759E-07
 f_positive = 4.301E-1,  f_zero = 5.699E-1,  f_negative = 0.000E+0
 accumulated statistics:
 integral =  1.065568E-01,  sigma = 2.828E-04,  chi^2/iteration = 0.000E+00

 MONACO:  grid written to file GRID/grid2_1_3.vout.1
  
  result for virtual contribution, no.            1
  sigma =   0.10655675431815963       +-    2.8281787405767393E-004  fb  
  
 total result for virtual contns so far 
  sigma =   0.10655675431815963       +-    2.8281787405767393E-004  fb
  

 MONACO input parameters:
 ndim = 15,  ncall =     256k,   rtype = 0
 nprn =  0,  acc = -1.0E+0,  alph = 8.75E-1,  nd = 48,  mds =  0

 MONACO:  grid read from file GRID/grid2_1_3.out.6                                                                                                                                                                                                                                      

 iteration  1:
 integral =  4.967117E-02,  sigma = 6.262E-04
 efficacy = 6.683E-04,  raw efficacy = 3.350E-07
 f_positive = 4.060E-1,  f_zero = 5.705E-1,  f_negative = 2.349E-2
 accumulated statistics:
 integral =  4.967117E-02,  sigma = 6.262E-04,  chi^2/iteration = 0.000E+00

 MONACO:  grid written to file GRID/grid2_1_3.vout.1
  
  result for virtual contribution, no.            2
  sigma =    4.9671174260216604E-002  +-    6.2616004860815413E-004  fb  
  
 total result for virtual contns so far 
  sigma =   0.15622792857837622       +-    6.8706794158908933E-004  fb
  

 MONACO input parameters:
 ndim = 15,  ncall =     512k,   rtype = 0
 nprn =  0,  acc = -1.0E+0,  alph = 8.75E-1,  nd = 48,  mds =  0

 MONACO:  grid read from file GRID/grid2_1_3.out.6                                                                                                                                                                                                                                      

 iteration  1:
 integral =  1.953822E-02,  sigma = 1.523E-04
 efficacy = 9.803E-04,  raw efficacy = 1.622E-07
 f_positive = 4.275E-1,  f_zero = 5.696E-1,  f_negative = 2.899E-3
 accumulated statistics:
 integral =  1.953822E-02,  sigma = 1.523E-04,  chi^2/iteration = 0.000E+00

 MONACO:  grid written to file GRID/grid2_1_3.vout.1
  
  result for virtual contribution, no.            3
  sigma =    1.9538220980380990E-002  +-    1.5225805974228342E-004  fb  
  
 total result for virtual contns so far 
  sigma =   0.17576614955875722       +-    7.0373636620253818E-004  fb
  
  total result for virtual PS            1
  sigma =    2.2001895304788492       +-    3.5357068785255175E-003  fb
  
   
 Summary for FF ..
   
 
total number of errors and warnings
===================================
vbffferr: no errors
the warning system has been disabled
 
 vbfquadffopen: error: could not open /itp/scratch/rauch/vbfquadnlotest/binaryrelease30/share/VBFNLO/ff/fferr.dat                                                     
         adjust path in vbfquadffopen (vbfquadffinit.f)
vbfquadfferr:  warning cannot open fferr.dat with error texts
 
total number of errors and warnings
===================================
vbfquadfferr: no errors
the warning system has been disabled
 

 MONACO input parameters:
 ndim = 19,  ncall =       1M,   rtype = 0
 nprn =  0,  acc = -1.0E+0,  alph = 8.75E-1,  nd = 48,  mds =  0

 MONACO:  continuing with uniform grid
 QCD W+W+ jjj amplitude square information:
 alpha parameter of dipoles:    1.0000000000000000     
 -----------------------------------------------
  

 iteration  1:
 integral = -5.185461E-01,  sigma = 3.456E-01
 efficacy = 1.468E-06,  raw efficacy = 1.468E-06
 f_positive = 7.757E-2,  f_zero = 8.336E-1,  f_negative = 8.882E-2
 accumulated statistics:
 integral = -5.185461E-01,  sigma = 3.456E-01,  chi^2/iteration = 4.441E-16

 MONACO:  grid written to file grid3_1.out.1

 MONACO input parameters:
 ndim = 19,  ncall =       2M,   rtype = 0
 nprn =  0,  acc = -1.0E+0,  alph = 8.75E-1,  nd = 48,  mds =  0

 iteration  2:
 integral = -2.939503E-01,  sigma = 1.388E-01
 efficacy = 1.100E-06,  raw efficacy = 1.815E-07
 f_positive = 1.517E-1,  f_zero = 6.724E-1,  f_negative = 1.759E-1
 accumulated statistics:
 integral = -3.251420E-01,  sigma = 1.288E-01,  chi^2/iteration = 3.638E+05

 MONACO:  grid written to file grid3_1.out.2

 MONACO input parameters:
 ndim = 19,  ncall =       4M,   rtype = 0
 nprn =  0,  acc = -1.0E+0,  alph = 8.75E-1,  nd = 48,  mds =  0

 iteration  3:
 integral = -2.381377E-01,  sigma = 9.813E-02
 efficacy = 6.090E-07,  raw efficacy = 1.375E-09
 f_positive = 1.920E-1,  f_zero = 5.605E-1,  f_negative = 2.476E-1
 accumulated statistics:
 integral = -2.700977E-01,  sigma = 7.805E-02,  chi^2/iteration = 6.526E-01

 MONACO:  grid written to file grid3_1.out.3

 MONACO input parameters:
 ndim = 19,  ncall =       8M,   rtype = 0
 nprn =  0,  acc = -1.0E+0,  alph = 8.75E-1,  nd = 48,  mds =  0

 iteration  4:
 integral = -1.668863E-01,  sigma = 3.032E-02
 efficacy = 1.076E-06,  raw efficacy = 1.561E-09
 f_positive = 2.167E-1,  f_zero = 4.982E-1,  f_negative = 2.851E-1
 accumulated statistics:
 integral = -1.804164E-01,  sigma = 2.826E-02,  chi^2/iteration = 1.086E+00

 MONACO:  grid written to file grid3_1.out.4

 MONACO input parameters:
 ndim = 19,  ncall =      16M,   rtype = 0
 nprn =  0,  acc = -1.0E+0,  alph = 8.75E-1,  nd = 48,  mds =  0

 iteration  5:
 integral = -1.189905E-01,  sigma = 1.089E-02
 efficacy = 1.461E-06,  raw efficacy = 1.983E-10
 f_positive = 2.262E-1,  f_zero = 4.612E-1,  f_negative = 3.126E-1
 accumulated statistics:
 integral = -1.269304E-01,  sigma = 1.016E-02,  chi^2/iteration = 2.095E+00

 MONACO:  grid written to file grid3_1.out.5

 MONACO input parameters:
 ndim = 19,  ncall =      32M,   rtype = 0
 nprn =  0,  acc = -1.0E+0,  alph = 8.75E-1,  nd = 48,  mds =  0

 iteration  6:
 integral = -1.240404E-01,  sigma = 4.281E-03
 efficacy = 2.576E-06,  raw efficacy = 1.954E-10
 f_positive = 2.182E-1,  f_zero = 4.705E-1,  f_negative = 3.113E-1
 accumulated statistics:
 integral = -1.244762E-01,  sigma = 3.945E-03,  chi^2/iteration = 1.589E+00

 MONACO:  grid written to file grid3_1.out.6
 
  result for real emissions 
  sigma =  -0.12447615452959976       +-    3.9450121977510520E-003  fb
  
 
total number of errors and warnings
===================================
fferr: no errors
 
  
  final result at NLO 
  sigma =    2.0757133759492494       +-    5.2975791047663694E-003  fb  0.25521727451140602      %

  penbox/ fermionloops instabilites 
      total calls                      0
      instabilities dble               0   0.0000000000000000      %
      instabilities quad               0   0.0000000000000000      %
  Box instabilites 
      total calls                7087664
      instabilities dble            1790   2.5255147535210472E-002 %
      instabilities quad            1790   2.5255147535210472E-002 %
  Pentagon instabilites 
      total calls                      0
      instabilities dble               0   0.0000000000000000      %
      instabilities quad               0   0.0000000000000000      %
  Hexagon instabilites 
      total calls                3543832
      instabilities dble             303   8.5500667074511431E-003 %
      instabilities quad             303   8.5500667074511431E-003 %
 

 ========================================
    results of individual contributions
 ========================================

 virtual contributions
 gnlo           1   1.3414835223731119       +-    1.2828383625309487E-003
 gnlo           2  0.64369622865166820       +-    3.2220251060920942E-003
 gnlo           3  0.21500977945406879       +-    6.8855143757296986E-004

 total virtual contributions for different phase spaces
 subproc           1   2.2001895304788492       +-    3.5357068785255175E-003

 total virtual contributions for different subprocesses
 subproc           1   1.2844986285269571       +-    2.5803039597214945E-003
 subproc           2  0.73992475239313471       +-    2.3125764275332139E-003
 subproc           3  0.17576614955875722       +-    7.0373636620253818E-004

 RE subprocesses
 PS            1
 subproc           1 -0.12447615452959976       +-    3.9450121977510520E-003
  
  
  
 !!!!!!!!!!!!!!!!!!!!!!!!!!!!!!!!!!!!!!!!!!!!!!!!!!!!!!!!!!!!!!!!!!!!!!!!!!!!!!!!!!!!!!!!!!!!!!!!!!!!!!!!
     VBFNLO 3.0.0 beta0 svn 7628
   
  PROCESS:         3250   :   p p -->  W+ W+ jj -->  e+ ve mu+ vmu jj (QCD induced)
   
  TOTAL result (LO):          1.4293642405299960       +-    1.2781478105395063E-003  fb     8.9420721065862130E-002 %
  NLO virtual result:         2.2001895304788488       +-    3.5357068785255175E-003  fb    0.16070010467489165      %
  QCD real emission:        -0.12447615452959976       +-    3.9450121977510520E-003  fb    -3.1692915102168815      %
  TOTAL result (NLO):         2.0757133759492494       +-    5.2975791047663694E-003  fb    0.25521727451140602      %
  Approx. error due to instable points:    7.4286424468411293E-003  %
  K-Factor:                   1.4521934417357416     
 !!!!!!!!!!!!!!!!!!!!!!!!!!!!!!!!!!!!!!!!!!!!!!!!!!!!!!!!!!!!!!!!!!!!!!!!!!!!!!!!!!!!!!!!!!!!!!!!!!!!!!!!
  
  
