   
 -----------------------------------------------------------------
 VBFNLO, version 3.0.0 GIT 1571c2fe
 Comput. Phys. Commun. 180 (2009) 1661[arXiv:0811.4559 [hep-ph]]
 arXiV:1107.4038, arXiV:1207.4975, arXiv:1404.3940
 http://www.itp.kit.edu/vbfnlo
 -----------------------------------------------------------------
 Process-specific references (please cite as well if appropriate):
 T. Figy, C. Oleari, D. Zeppenfeld
 Phys. Rev. D68 (2003) 073005, e-Print: hep-ph/0306109
 T. Figy, S. Palmer, G. Weiglein
 JHEP 1202 (2012) 105, e-Print: arXiv:1012.4789 [hep-ph]
 
 -----------------------------------------------------------------
   
   
  
        Information on global parameters
 -----------------------------------------------
   PROCESS               =      100
   LOPROCESS_PLUS_JET    =        F
   KK_MOD                =        F
   ANOM_CPL              =        F
   LO_ITERATIONS         =        1
   NLO_ITERATIONS        =        1
   LO_POINTS             =       10
   NLO_POINTS            =       10
   NLO_SWITCH            =        T
   EWCOR_SWITCH          =        F
   FERMIONLOOP           =        3
   LHA_SWITCH            =        F
   HEPMC_SWITCH          =        F
   LO_GRID               = grid2_1                                           
   NLO_GRID              = grid3_1                                           
   PHTN_GRID             = grid4_1                                           
   FLOOP_GRID            = grid5_1                                           
   ECM                   =  13600.0    
   BEAM1                 =        1
   BEAM2                 =        1
   ID_MUF                =        1
   ID_MUR                =        1
   MUF_USER              =  100.000    
   MUR_USER              =  100.000    
   XIF                   =  1.00000    
   XIR                   =  1.00000    
 Warning: cannot read value for key = SHOWTIMING. Using default value :  T
 Warning: cannot read value for key = HSCHEME. Using default value :            0
 
       information on the selected process 
 -----------------------------------------------
 
  pp -> H jj
 
 Higgs + 2 jets production in vector boson fusion, without Higgs decay.
 Process is implemented at LO and NLO QCD.
 NLO electroweak corrections in the SM and MSSM are also implemented.
 The Q**2 of the produced Higgs is generated in the narrow width approximation.
 Anomalous coupling parameters can be set in "anom_HVV.dat".
 References: T. Figy, C. Oleari, D. Zeppenfeld
 Phys. Rev. D68 (2003) 073005, e-Print: hep-ph/0306109
 T. Figy, S. Palmer, G. Weiglein
 JHEP 1202 (2012) 105, e-Print: arXiv:1012.4789 [hep-ph]
 
             Information on PDF sets            
 -----------------------------------------------
 Initializing PDF set CT18
  
               Physics parameters
 -----------------------------------------------
   HTYPE                 =        1
   MODEL                 =        2
   ANOM_CPL              =        F
   KK_MOD                =        F
   SPIN2                 =        F
   FEYNH_SWITCH          =        F
   SLHA_SWITCH           =        T
   SLHA_FILE             = sps1a.slha                                                                                                                                                                                                                                                
Cannot open ./sps1a.slha                                                                                                                                                                                                                                              
   
 No CP violation effects are included!
   
   
 Parameters as set by SLHA file
 NOTE that if the parameter is -999D0, we could not
 find it in the SLHA file, and will be overwritten
   
 EW sector ..
 MW, MZ =  -999.00000000000000       -999.00000000000000     
 gfermi =  -999.00000000000000     
 Alfa(MZ) =  -999.00000000000000     
   
 Fermion masses ..
 Mf(           1           1 ) =  -999.00000000000000     
 Mf(           1           2 ) =  -999.00000000000000     
 Mf(           1           3 ) =  -999.00000000000000     
 Mf(           2           1 ) =  -999.00000000000000     
 Mf(           2           2 ) =  -999.00000000000000     
 Mf(           2           3 ) =  -999.00000000000000     
 Mf(           3           1 ) =  -999.00000000000000     
 Mf(           3           2 ) =  -999.00000000000000     
 Mf(           3           3 ) =  -999.00000000000000     
 Mf(           4           1 ) =  -999.00000000000000     
 Mf(           4           2 ) =  -999.00000000000000     
 Mf(           4           3 ) =  -999.00000000000000     
   
 Trilinear coupling parameters..
 Af(           2           1           1 ) =               (-999.00000000000000,0.0000000000000000)
 Af(           2           1           2 ) =               (-999.00000000000000,0.0000000000000000)
 Af(           2           1           3 ) =               (-999.00000000000000,0.0000000000000000)
 Af(           2           2           1 ) =               (-999.00000000000000,0.0000000000000000)
 Af(           2           2           2 ) =               (-999.00000000000000,0.0000000000000000)
 Af(           2           2           3 ) =               (-999.00000000000000,0.0000000000000000)
 Af(           2           3           1 ) =               (-999.00000000000000,0.0000000000000000)
 Af(           2           3           2 ) =               (-999.00000000000000,0.0000000000000000)
 Af(           2           3           3 ) =               (-999.00000000000000,0.0000000000000000)
 Af(           3           1           1 ) =               (-999.00000000000000,0.0000000000000000)
 Af(           3           1           2 ) =               (-999.00000000000000,0.0000000000000000)
 Af(           3           1           3 ) =               (-999.00000000000000,0.0000000000000000)
 Af(           3           2           1 ) =               (-999.00000000000000,0.0000000000000000)
 Af(           3           2           2 ) =               (-999.00000000000000,0.0000000000000000)
 Af(           3           2           3 ) =               (-999.00000000000000,0.0000000000000000)
 Af(           3           3           1 ) =               (-999.00000000000000,0.0000000000000000)
 Af(           3           3           2 ) =               (-999.00000000000000,0.0000000000000000)
 Af(           3           3           3 ) =               (-999.00000000000000,0.0000000000000000)
 Af(           4           1           1 ) =               (-999.00000000000000,0.0000000000000000)
 Af(           4           1           2 ) =               (-999.00000000000000,0.0000000000000000)
 Af(           4           1           3 ) =               (-999.00000000000000,0.0000000000000000)
 Af(           4           2           1 ) =               (-999.00000000000000,0.0000000000000000)
 Af(           4           2           2 ) =               (-999.00000000000000,0.0000000000000000)
 Af(           4           2           3 ) =               (-999.00000000000000,0.0000000000000000)
 Af(           4           3           1 ) =               (-999.00000000000000,0.0000000000000000)
 Af(           4           3           2 ) =               (-999.00000000000000,0.0000000000000000)
 Af(           4           3           3 ) =               (-999.00000000000000,0.0000000000000000)
   
 Sfermion masses ..
 MSf(1,           1 ) =  -999.00000000000000     
 MSf(1,           2 ) =  -999.00000000000000     
 MSf(1,           3 ) =  -999.00000000000000     
 MSf(           2           1 ) =  -999.00000000000000       -999.00000000000000     
 MSf(           2           2 ) =  -999.00000000000000       -999.00000000000000     
 MSf(           2           3 ) =  -999.00000000000000       -999.00000000000000     
 MSf(           3           1 ) =  -999.00000000000000       -999.00000000000000     
 MSf(           3           2 ) =  -999.00000000000000       -999.00000000000000     
 MSf(           3           3 ) =  -999.00000000000000       -999.00000000000000     
 MSf(           4           1 ) =  -999.00000000000000       -999.00000000000000     
 MSf(           4           2 ) =  -999.00000000000000       -999.00000000000000     
 MSf(           4           3 ) =  -999.00000000000000       -999.00000000000000     
   
 Sfermion mixing ..
 USf(1/2,           1           1           1 ) =              (-999.00000000000000,0.0000000000000000)              (-999.00000000000000,0.0000000000000000)
 USf(1/2,           2           1           1 ) =              (-999.00000000000000,0.0000000000000000)              (-999.00000000000000,0.0000000000000000)
 USf(1/2,           1           1           2 ) =              (-999.00000000000000,0.0000000000000000)              (-999.00000000000000,0.0000000000000000)
 USf(1/2,           2           1           2 ) =              (-999.00000000000000,0.0000000000000000)              (-999.00000000000000,0.0000000000000000)
 USf(1/2,           1           1           3 ) =              (-999.00000000000000,0.0000000000000000)              (-999.00000000000000,0.0000000000000000)
 USf(1/2,           2           1           3 ) =              (-999.00000000000000,0.0000000000000000)              (-999.00000000000000,0.0000000000000000)
 USf(1/2,           1           2           1 ) =              (-999.00000000000000,0.0000000000000000)              (-999.00000000000000,0.0000000000000000)
 USf(1/2,           2           2           1 ) =              (-999.00000000000000,0.0000000000000000)              (-999.00000000000000,0.0000000000000000)
 USf(1/2,           1           2           2 ) =              (-999.00000000000000,0.0000000000000000)              (-999.00000000000000,0.0000000000000000)
 USf(1/2,           2           2           2 ) =              (-999.00000000000000,0.0000000000000000)              (-999.00000000000000,0.0000000000000000)
 USf(1/2,           1           2           3 ) =              (-999.00000000000000,0.0000000000000000)              (-999.00000000000000,0.0000000000000000)
 USf(1/2,           2           2           3 ) =              (-999.00000000000000,0.0000000000000000)              (-999.00000000000000,0.0000000000000000)
 USf(1/2,           1           3           1 ) =              (-999.00000000000000,0.0000000000000000)              (-999.00000000000000,0.0000000000000000)
 USf(1/2,           2           3           1 ) =              (-999.00000000000000,0.0000000000000000)              (-999.00000000000000,0.0000000000000000)
 USf(1/2,           1           3           2 ) =              (-999.00000000000000,0.0000000000000000)              (-999.00000000000000,0.0000000000000000)
 USf(1/2,           2           3           2 ) =              (-999.00000000000000,0.0000000000000000)              (-999.00000000000000,0.0000000000000000)
 USf(1/2,           1           3           3 ) =              (-999.00000000000000,0.0000000000000000)              (-999.00000000000000,0.0000000000000000)
 USf(1/2,           2           3           3 ) =              (-999.00000000000000,0.0000000000000000)              (-999.00000000000000,0.0000000000000000)
 USf(1/2,           1           4           1 ) =              (-999.00000000000000,0.0000000000000000)              (-999.00000000000000,0.0000000000000000)
 USf(1/2,           2           4           1 ) =              (-999.00000000000000,0.0000000000000000)              (-999.00000000000000,0.0000000000000000)
 USf(1/2,           1           4           2 ) =              (-999.00000000000000,0.0000000000000000)              (-999.00000000000000,0.0000000000000000)
 USf(1/2,           2           4           2 ) =              (-999.00000000000000,0.0000000000000000)              (-999.00000000000000,0.0000000000000000)
 USf(1/2,           1           4           3 ) =              (-999.00000000000000,0.0000000000000000)              (-999.00000000000000,0.0000000000000000)
 USf(1/2,           2           4           3 ) =              (-999.00000000000000,0.0000000000000000)              (-999.00000000000000,0.0000000000000000)
   
 Higgs sector ..
 MHiggs(           1 ) =   -999.00000000000000     
 MHiggs(           2 ) =   -999.00000000000000     
 MHiggs(           3 ) =    0.0000000000000000     
 MHiggs(           4 ) =   -999.00000000000000     
 Tan beta =  -999.00000000000000     
 MUE =              (-999.00000000000000,0.0000000000000000)
 SAeff =   2.6460752737064126E-002
   
 Chargino masses and mixings ..
 MCha(           1 ) =  -999.00000000000000     
 UCha(           1 1/2) =              (-999.00000000000000,0.0000000000000000)              (-999.00000000000000,0.0000000000000000)
 VCha(           1 1/2) =              (-999.00000000000000,0.0000000000000000)              (-999.00000000000000,0.0000000000000000)
 MCha(           2 ) =  -999.00000000000000     
 UCha(           2 1/2) =              (-999.00000000000000,0.0000000000000000)              (-999.00000000000000,0.0000000000000000)
 VCha(           2 1/2) =              (-999.00000000000000,0.0000000000000000)              (-999.00000000000000,0.0000000000000000)
   
 Neutralino masses and mixings ..
 MNeu(           1 ) =  -999.00000000000000     
 ZNeu(           1           1 ) =              (-999.00000000000000,0.0000000000000000)
 ZNeu(           1           2 ) =              (-999.00000000000000,0.0000000000000000)
 ZNeu(           1           3 ) =              (-999.00000000000000,0.0000000000000000)
 ZNeu(           1           4 ) =              (-999.00000000000000,0.0000000000000000)
 MNeu(           2 ) =  -999.00000000000000     
 ZNeu(           2           1 ) =              (-999.00000000000000,0.0000000000000000)
 ZNeu(           2           2 ) =              (-999.00000000000000,0.0000000000000000)
 ZNeu(           2           3 ) =              (-999.00000000000000,0.0000000000000000)
 ZNeu(           2           4 ) =              (-999.00000000000000,0.0000000000000000)
 MNeu(           3 ) =  -999.00000000000000     
 ZNeu(           3           1 ) =              (-999.00000000000000,0.0000000000000000)
 ZNeu(           3           2 ) =              (-999.00000000000000,0.0000000000000000)
 ZNeu(           3           3 ) =              (-999.00000000000000,0.0000000000000000)
 ZNeu(           3           4 ) =              (-999.00000000000000,0.0000000000000000)
 MNeu(           4 ) =  -999.00000000000000     
 ZNeu(           4           1 ) =              (-999.00000000000000,0.0000000000000000)
 ZNeu(           4           2 ) =              (-999.00000000000000,0.0000000000000000)
 ZNeu(           4           3 ) =              (-999.00000000000000,0.0000000000000000)
 ZNeu(           4           4 ) =              (-999.00000000000000,0.0000000000000000)
   
 Soft SUSY-breaking parameters ..
 M1SL =  -999.00000000000000     
 M2SL =  -999.00000000000000     
 M3SL =  -999.00000000000000     
 M1SE =  -999.00000000000000     
 M2SE =  -999.00000000000000     
 M3SE =  -999.00000000000000     
 M1SQ =  -999.00000000000000     
 M2SQ =  -999.00000000000000     
 M3SQ =  -999.00000000000000     
 M1SU =  -999.00000000000000     
 M2SU =  -999.00000000000000     
 M3SU =  -999.00000000000000     
 M1SD =  -999.00000000000000     
 M2SD =  -999.00000000000000     
 M3SD =  -999.00000000000000     
   
 Gaugino mass parameters ..
 M_1 =              (-999.00000000000000,0.0000000000000000)
 M_2 =              (-999.00000000000000,0.0000000000000000)
 M_3 =              (-999.00000000000000,0.0000000000000000)
   
   
 Widths and branching ratios as set by SLHA file
 NOTE that if the width/ratio is -999D0, we could
 not find it in the SLHA file, and it will be
 overwritten later.
   
 Z decays ..
 Z boson width =  -999.00000000000000     
 Z -> neutrinos BR =  -999.00000000000000     
 Z -> leptons BR =  -999.00000000000000     
 Z -> up-type quarks BR =  -999.00000000000000     
 Z -> down-type quarks BR =  -999.00000000000000     
 Z -> top quarks BR =  -999.00000000000000     
   
 W decays ..
 W boson width =  -999.00000000000000     
 W -> lepton+neutrino BR =  -999.00000000000000     
 Z -> up + down BR =  -999.00000000000000     
 Z -> top + bottom BR =  -999.00000000000000     
   
 top width =  -999.00000000000000     
   
 Higgs decays ..
 Higgs boson width =  -999.00000000000000     
 H -> ZZ BR =  -999.00000000000000     
 H -> WW BR =  -999.00000000000000     
 H -> top quarks BR =  -999.00000000000000     
 H -> bottom quarks BR =  -999.00000000000000     
 H -> charm quarks BR =  -999.00000000000000     
 H -> taus BR =  -999.00000000000000     
 H -> muons BR =  -999.00000000000000     
 H -> gluons BR =  -999.00000000000000     
 H -> photons BR =  -999.00000000000000     
 H -> photon + Z BR =  -999.00000000000000     
   
   HWIDTH                = -999.000    
   TOPMASS               =  172.500    
   BOTTOMMASS            =  4.85500    
   CHARMMASS             =  1.65000    
   TAU_MASS              =  1.77684    
   EWSCHEME              =        3
   FERMI_CONST           = 0.116637E-04
   WMASS                 =  80.3980    
   ZMASS                 =  91.1876    
   
 Running in the MSSM
  
               Global SUSY parameters
 -----------------------------------------------
   PROPLEVEL             =        1
   DELMB_SWITCH          =        T
   MH_LOOPS              =        0
   LOOPSQR_SWITCH        =        T
   
 Producing the light CP-even higgs
   
 Sorry!  We cannot use the Higgs propagator
 Z matrix if neither FeynHiggs nor LoopTools
 is being used
 Switching to propLevel = 0
   
 No Higgs propagator corrections are included
 Instead, we use an effective Higgs mixing angle
 NOTE! This is not necessarily a good
 approximation in many areas of the MSSM
   
  
               SUSY physics parameters
 -----------------------------------------------
   TANB                  =  10.0000    
   MASSHP                = -1.00000    
   M3SQ                  =  495.900    
   M3SU                  =  424.800    
   M3SD                  =  516.900    
   M3SL                  =  195.800    
   M3SE                  =  133.600    
   M2SQ                  =  539.900    
   M2SU                  =  521.700    
   M2SD                  =  519.500    
   M2SL                  =  196.600    
   M2SE                  =  136.200    
   MUE                   =   352.40      0.0000    
   M_2                   =   192.70      0.0000    
   M_1                   =   99.100      0.0000    
   M_3                   =   595.20      0.0000    
   AT                    =  -510.00      0.0000    
   AB                    =  -772.70      0.0000    
   ATAU                  =  -254.20      0.0000    
   
   
 Higgs is produced on-shell
   
 Sfermion sector ..
MSf(1,1) =   -999.00
MSf(1,2) =   -999.00
MSf(1,3) =   -999.00
MSf(2,1) = *********,*********
USf(1,1,2,1) = (*********,  0.00000)
USf(1,2,2,1) = (*********,  0.00000)
USf(2,1,2,1) = (*********,  0.00000)
USf(2,2,2,1) = (*********,  0.00000)
MSf(2,2) = *********,*********
USf(1,1,2,2) = (*********,  0.00000)
USf(1,2,2,2) = (*********,  0.00000)
USf(2,1,2,2) = (*********,  0.00000)
USf(2,2,2,2) = (*********,  0.00000)
MSf(2,3) = *********,*********
USf(1,1,2,3) = (*********,  0.00000)
USf(1,2,2,3) = (*********,  0.00000)
USf(2,1,2,3) = (*********,  0.00000)
USf(2,2,2,3) = (*********,  0.00000)
MSf(3,1) = *********,*********
USf(1,1,3,1) = (*********,  0.00000)
USf(1,2,3,1) = (*********,  0.00000)
USf(2,1,3,1) = (*********,  0.00000)
USf(2,2,3,1) = (*********,  0.00000)
MSf(3,2) = *********,*********
USf(1,1,3,2) = (*********,  0.00000)
USf(1,2,3,2) = (*********,  0.00000)
USf(2,1,3,2) = (*********,  0.00000)
USf(2,2,3,2) = (*********,  0.00000)
MSf(3,3) = *********,*********
USf(1,1,3,3) = (*********,  0.00000)
USf(1,2,3,3) = (*********,  0.00000)
USf(2,1,3,3) = (*********,  0.00000)
USf(2,2,3,3) = (*********,  0.00000)
MSf(4,1) = *********,*********
USf(1,1,4,1) = (*********,  0.00000)
USf(1,2,4,1) = (*********,  0.00000)
USf(2,1,4,1) = (*********,  0.00000)
USf(2,2,4,1) = (*********,  0.00000)
MSf(4,2) = *********,*********
USf(1,1,4,2) = (*********,  0.00000)
USf(1,2,4,2) = (*********,  0.00000)
USf(2,1,4,2) = (*********,  0.00000)
USf(2,2,4,2) = (*********,  0.00000)
MSf(4,3) = *********,*********
USf(1,1,4,3) = (*********,  0.00000)
USf(1,2,4,3) = (*********,  0.00000)
USf(2,1,4,3) = (*********,  0.00000)
USf(2,2,4,3) = (*********,  0.00000)
   
 SLHA Higgs parameters:
MHiggs(1) = -999.000
MHiggs(2) = -999.000
MHiggs(3) =    0.000
Effective sin(beta-alpha) =  0.99206
  Higgs mass below 60 GeV is not valid: m_H =    60.000000000000000     
  
 Information on scale setting in InitScales 
 -------------------------------------------
  
 Dynamical factorization scale chosen:
         momentum transfer of W/Z  
 Dynamical value for alphas chosen:
 alphas = alpha(momentum transfer of W/Z)
  
  
   Information on couplings, masses and widths
 ===============================================
  
   SM coupling parameters 
 ---------------------------
   G_Fermi                         : 0.000011663700
   SIN**2 of the weak mixing angle : 0.22264585
   Q.E.D. fine structure constant  : 1/132.34070    
   SU(2) coupling constant g       : 0.65305673
   U(1) coupling constant g'       : 0.34950127
   Q.C.D. LO alfas(MZ)             : 0.12980813
   Q.C.D. NLO alfas(MZ)            : 0.11798159
  
      particle masses
 ---------------------------
   mass of the Z0 boson            :   91.1876
   mass of the W+/- boson          :   80.3980
   mass of the Higgs boson         :   60.0000
   mass of the top quark           :  172.5000
   mass of the bottom quark at MH  :    2.9879
  (All other fermions have mass equal ZERO)
  
      particle widths
 ---------------------------
   total widths of Z0              :   2.508420 GeV
   total widths of W+ or W-        :   2.097673 GeV
   total widths of Higgs           : 153.432851 GeV
   total widths of top quark       :   1.342520 GeV
  
     branching ratios
 ---------------------------
   W -> lepton anti-lepton         : 10.8397227 %
   W -> massless quark anti-quark  : 33.7404159 %
   W -> top bottom                 :  0.0000000 %
  
   Z -> neutrino anti-neutrino     :  6.6129820 %
   Z -> charged lepton anti-lepton :  3.3460763 %
   Z -> up-type quark anti-quark   : 11.9908090 %
   Z -> down-type quark anti-quark : 15.3804024 %
   Z -> top anti-top               :  0.0000000 %
  
   H -> WW                         :  2.1107804 %
   H -> ZZ                         : 97.8881732 %
   H -> bottom anti-bottom         :  0.0008854 %
   H -> top anti-top               :  0.0000000 %
   H -> charm anti-charm           :  0.0000526 %
   H -> tau anti-tau               :  0.0000806 %
   H -> mu anti-mu                 :  0.0000003 %
   H -> gluon gluon                :  0.0000270 %
   H -> gamma gamma                :  0.0000005 %
   H -> Z gamma                    :  0.0000000 %
  
 Warning: cannot read value for key = MLL_OSONLY. Using default value :  T
 Warning: cannot read value for key = PTMISS_MIN. Using default value :    0.0000000000000000     
 Warning: cannot read value for key = EXISOLCUT. Using default value :    1.0000000000000000     
 Warning: cannot read value for key = MJ_WINDOWV. Using default value :    0.0000000000000000     
 
          information on cut parameters
 -----------------------------------------------
 
 minimum jet pt        (PT_JET_MIN):     20.00    20.00    20.00   
 maximum jet rapidity                 (Y_JET_MAX):    4.5000000000000000     
 maximum parton pseudorapidity          (Y_P_MAX):    5.0000000000000000     
 minimum jet-jet R-separation           (RJJ_MIN):   0.80000000000000004     
 minimum number of jets                (NJET_MIN):            2
 single jet from hadronic decay (SINGLE_DECAYJET):            0
 exponent of generalised kT algorithm (PGENKTJET):    1.0000000000000000     
 minimum lepton-lepton R-separation     (RLL_MIN):    0.0000000000000000     
 maximum lepton-lepton R-separation     (RLL_MAX):    50.000000000000000     
 minimum jet-lepton R-separation        (RJL_MIN):    0.0000000000000000     
 minimum jet-photon R-separation        (RJG_MIN):    0.0000000000000000     
 minimum lepton-photon R-separation     (RLG_MIN):    0.0000000000000000     
 minimum photon-photon R-separation     (RGG_MIN):    0.0000000000000000     
 maximum photon-photon R-separation     (RGG_MAX):    50.000000000000000     
 maximum lepton rapidity                (Y_L_MAX):    2.5000000000000000     
 minimum lepton pt       (PT_L_MIN):    
 minimum invariant dilepton mass        (MLL_MIN):    15.000000000000000     
 maximum invariant dilepton mass        (MLL_MAX):    14000.000000000000     
 m_ll cuts only on opposite-sign l   (MLL_OSONLY):  T
 maximum photon rapidity                (Y_G_MAX):    1.5000000000000000     
 minimum photon pt       (PT_G_MIN):    
 photon isolation cut                 (PHISOLCUT):   0.69999999999999996     
 efficiency of photon isolation cut   (EFISOLCUT):    1.0000000000000000     
 exponent of photon isolation cut   (EXISOLCUT):    1.0000000000000000     
 minimum invariant lepton-photon mass   (MLG_MIN):    0.0000000000000000     
 maximum invariant lepton-photon mass   (MLG_MAX):    1.0000000000000000E+020
 minimal missing transverse momentum (PTMISS_MIN):    0.0000000000000000     
 minimum jet rapidity separation      (ETAJJ_MIN):    4.0000000000000000     
 tagging jets in opposite hemispheres     (YSIGN):    T
 leptons fall inside rapidity gap     (LRAPIDGAP):    T
 min leptons y-dist from tagging jets   (DELY_JL):    0.0000000000000000     
 photons fall inside rapidity gap     (GRAPIDGAP):    T
 min photons y-dist from tagging jets   (DELY_JG):    0.0000000000000000     
 dijet min mass cut on tag jets        (MDIJ_MIN):    600.00000000000000     
 dijet max mass cut on tag jets        (MDIJ_MAX):    14000.000000000000     
 excluded jet-m window               (MJ_WINDOWV):    85.792800000000000        85.792800000000000     
 veto criteria for jets                   (JVETO):    F
 minimum veto-tag y-dist             (DELY_JVETO):    0.0000000000000000     
 maximum |y| for veto jet             (YMAX_VETO):    5.0000000000000000     
 minimum pT for veto jet             (PTMIN_VETO):    10.000000000000000     
 

        phase space generator information  
 -----------------------------------------------

 boson  6 has mass 999.00 GeV and width  9.2152 GeV
 integration range for boson  6 =      0.032  to     1199.000 GeV

 pTjmin =   20.0    20.0    20.0    20.0
 Ejmin  =    0.0     0.0     0.0     0.0
 yjmin  =    0.0     0.0     0.0     0.0
 yjmax  =    4.5     4.5     4.5     4.5
 infoj  =     -1      -1      -1      -1
 machine energy =    13600.0  GeV
 Minimal mom.transfer or mass for parton pair:   100.00 MeV

 -----------------------------------------------

  Open error on file random.dat
  Using default values.
  Random number generator initialized with seed =            0
 
          information on histogram config
 -----------------------------------------------
 
  Open error on file histograms.dat
  Using default values.
 SMEARING           =      T
 SMEAR_VALUE        =       0.10000000000000001     
 CALC_ERROR_GNUPLOT =      F
 CALC_ERROR_ROOT    =      F
 CALC_ERROR_1D      =      T
 CALC_ERROR_2D      =      F
 
HIST_ID1      =      0.00    250.00  # dS/dpT_j (fb/GeV)
HIST_ID2      =      0.00    500.00  # dS/dpTmax_j (fb/GeV)
HIST_ID3      =      0.00    200.00  # dS/dpTmin_j (fb/GeV)
HIST_ID4      =     -5.00      5.00  # dS/dy_j (fb)
HIST_ID5      =     -5.00      5.00  # dS/dy_j1 (fb)
HIST_ID6      =     -5.00      5.00  # dS/dy_j2 (fb)
HIST_ID7      =      0.00    500.00  # dS/dpTmax_l (fb/GeV)
HIST_ID8      =      0.00    200.00  # dS/dpTmin_l (fb/GeV)
HIST_ID9      =      0.00      5.00  # dS/d|eta|max_l (fb)
HIST_ID10     =      0.00      5.00  # dS/d|eta|min_l (fb)
HIST_ID11     =   -180.00    180.00  # dS/dPhi_jj (fb)
2DHIST_ID1    =      0.00      6.00      0.00    800.00  # d2S/dy_jj dm_jj (fb/GeV)
 
 -----------------------------------------------
 
Starttime: 2024-04-30T14:53:39+0200

 MONACO input parameters:
 ndim =  9,  ncall =    1024,   rtype = 0
 nprn =  0,  acc = -1.0E+0,  alph =  8.75E-1,  nd = 48,  mds =  0

 MONACO:  continuing with uniform grid
  
 Hjj amplitude square information:
 -----------------------------------------------
  
  External b-quark contributions are excluded

 iteration  1:
 integral =  1.202222E+01,  sigma = 5.124E+00
 efficacy = 4.449E-03,  raw efficacy = 4.449E-03
 f_positive = 3.711E-2,  f_zero = 9.629E-1,  f_negative = 0.000E+0
 accumulated statistics:
 integral =  1.202222E+01,  sigma = 5.124E+00,  chi^2/iteration = 8.882E-16

 MONACO:  grid written to file grid2_1.out.1
 
  result (LO):    12.022217586339062       +-    5.1244182801038987       fb     42.624567749687166      %
 
   
 Initialising FF ..
   
 ====================================================
   FF 2.0, a package to evaluate one-loop integrals
 written by G. J. van Oldenborgh, NIKHEF-H, Amsterdam
 ====================================================
 for the algorithms used see preprint NIKHEF-H 89/17,
 'New Algorithms for One-loop Integrals', by G.J. van
 Oldenborgh and J.A.M. Vermaseren, published in 
 Zeitschrift fuer Physik C46(1990)425.
 ====================================================

 MONACO input parameters:
 ndim =  9,  ncall =    1024,   rtype = 0
 nprn =  0,  acc = -1.0E+0,  alph =  8.75E-1,  nd = 48,  mds =  0

 MONACO:  continuing with uniform grid

 iteration  1:
 integral =  5.015167E+01,  sigma = 1.792E+01
 efficacy = 4.048E-03,  raw efficacy = 4.048E-03
 f_positive = 3.613E-2,  f_zero = 9.639E-1,  f_negative = 0.000E+0
 accumulated statistics:
 integral =  5.015167E+01,  sigma = 1.792E+01,  chi^2/iteration = 8.882E-16

 MONACO:  grid written to file grid2_1.vout.1
  
  result for virtual contribution, no.            1
  sigma =    50.151671380352688       +-    17.920699645450327       fb  
  
 total result for virtual contns so far 
  sigma =    50.151671380352688       +-    17.920699645450327       fb
  
   
 Summary for FF ..
   
 
total number of errors and warnings
===================================
vbffferr: no errors
the warning system has been disabled
 

 MONACO input parameters:
 ndim = 12,  ncall =    1024,   rtype = 0
 nprn =  0,  acc = -1.0E+0,  alph =  8.75E-1,  nd = 48,  mds =  0

 MONACO:  continuing with uniform grid
  
 Hjjj amplitude square information:
 -----------------------------------------------
  
  External b-quark contributions are excluded
  
  creal =   -4.0797362673929065       cvirtual =   -3.7101318663035472     
  virt factor for alphas = 0.12 is   0.81104453988909386     

 iteration  1:
 integral =  9.503178E+00,  sigma = 4.551E+00
 efficacy = 2.730E-03,  raw efficacy = 2.730E-03
 f_positive = 7.129E-2,  f_zero = 8.906E-1,  f_negative = 3.809E-2
 accumulated statistics:
 integral =  9.503178E+00,  sigma = 4.551E+00,  chi^2/iteration = 0.000E+00

 MONACO:  grid written to file grid3_1.out.1
 
  result for real emissions 
  sigma =    9.5031777442034340       +-    4.5509671016088733       fb
  
  
  final result at NLO 
  sigma =    59.654849124556122       +-    18.489531560923055       fb   30.994180409907507      %
 
   
 TOTAL VIRTUAL CONTRIBUTIONS:
 TOTAL borntype:
   50.151671380352688        17.920699645450327        35.733005804609938       %
  
  
  
 !!!!!!!!!!!!!!!!!!!!!!!!!!!!!!!!!!!!!!!!!!!!!!!!!!!!!!!!!!!!!!!!!!!!!!!!!!!!!!!!!!!!!!!!!!!!!!!!!!!!!!!!
   
  PROCESS:          100   :   p p --> H jj
    running in the MSSM
   
  TOTAL result (LO):       12.02221758633906  +-    5.12441828010390 fb   42.62456774968717 %
  NLO virtual result:      50.15167138035269  +-   17.92069964545033 fb   35.73300580460994 %
  QCD real emission:        9.50317774420343  +-    4.55096710160887 fb   47.88889805186255 %
  TOTAL result (NLO):      59.65484912455612  +-   18.48953156092306 fb   30.99418040990751 %
  K-Factor:                  4.9620503618519090     
 !!!!!!!!!!!!!!!!!!!!!!!!!!!!!!!!!!!!!!!!!!!!!!!!!!!!!!!!!!!!!!!!!!!!!!!!!!!!!!!!!!!!!!!!!!!!!!!!!!!!!!!!
  
  
  Endtime: 2024-04-30T14:53:39+0200
  Runtime: 0:00:00 (0 seconds)
