running on itpalbatros16
command to run:
/itp/fast/robin/vbfnlo-installs/mpi-disable/bin/vbfnlo
   
 -----------------------------------------------------------------
 VBFNLO, version 3.0.0 beta2 GIT a9d9ebca
 Comput. Phys. Commun. 180 (2009) 1661[arXiv:0811.4559 [hep-ph]]
 arXiV:1107.4038, arXiV:1207.4975, arXiv:1404.3940
 http://www.itp.kit.edu/vbfnlo
 -----------------------------------------------------------------
 Process-specific references (please cite as well if appropriate):
 B. Jager, C. Oleari, D. Zeppenfeld
 Phys. Rev. D73 (2006) 113006, e-Print: hep-ph/0604200
 C. Englert diploma thesis
 e-Print: http://www-itp.particle.uni-karlsruhe.de/prep/diploma/PSFiles/Diplom_Englert.ps.gz
 For Spin-2:
 J. Frank, M. Rauch and D. Zeppenfeld,
 Phys.Rev.D87, 055020 (2013) [arXiv:1211.3658 [hep-ph]],
 J. Frank diploma thesis
 e-Print: www-itp.particle.uni-karlsruhe.de/prep/diploma/PSFiles/Diplom_Frank.pdf
 
 -----------------------------------------------------------------
   
   
  
        Information on global parameters
 -----------------------------------------------
   PROCESS               =      211
   LOPROCESS_PLUS_JET    =        F
   KK_MOD                =        F
   ANOM_CPL              =        F
   LEPTONS               =   -11   11   14  -14
   LO_ITERATIONS         =        4
   NLO_ITERATIONS        =        4
   LO_POINTS             =       21
   NLO_POINTS            =       23
   NLO_SWITCH            =        T
   EWCOR_SWITCH          =        F
   FERMIONLOOP           =        3
   LHA_SWITCH            =        F
   HEPMC_SWITCH          =        F
   LO_GRID               = grid2_1                                           
   NLO_GRID              = grid3_1                                           
   PHTN_GRID             = grid4_1                                           
   FLOOP_GRID            = grid5_1                                           
   ECM                   =  14000.0    
   BEAM1                 =        1
   BEAM2                 =        1
   ID_MUF                =        1
   ID_MUR                =        1
   MUF_USER              =  100.000    
   MUR_USER              =  100.000    
   XIF                   =  1.00000    
   XIR                   =  1.00000    
 Warning: cannot read value for key = SHOWTIMING. Using default value :  T
 
       information on the selected process 
 -----------------------------------------------
 
  pp -> Z Z jj -> l+ l- vl vl~ jj
 
 Z pair + 2 jets production in vector boson fusion with decay into a pair of
 charged leptons and a pair of neutrinos.
 The Higgs contribution is included.
 Process is implemented at LO and NLO QCD.
 This process can be run in the AdS Higgsless and Three-Site Higgsless scenarios using:
   "kk_input.dat" or "kk_coupl_inp.dat".
 Anomalous couplings can be set in "anomV.dat".
 This process can be run in spin-2 models using:
    "spin2coupl.dat"
 References: B. Jager, C. Oleari, D. Zeppenfeld
 Phys. Rev. D73 (2006) 113006, e-Print: hep-ph/0604200
 C. Englert diploma thesis
 e-Print: http://www-itp.particle.uni-karlsruhe.de/prep/diploma/PSFiles/Diplom_Englert.ps.gz
 For Spin-2:
 J. Frank, M. Rauch and D. Zeppenfeld,
 Phys.Rev.D87, 055020 (2013) [arXiv:1211.3658 [hep-ph]],
 J. Frank diploma thesis
 e-Print: www-itp.particle.uni-karlsruhe.de/prep/diploma/PSFiles/Diplom_Frank.pdf
 
 Initializing PDF set CT10
  
               Physics parameters
 -----------------------------------------------
   HTYPE                 =        0
   MODEL                 =        1
   ANOM_CPL              =        F
   KK_MOD                =        F
   SPIN2                 =        T
   HMASS                 =  130.000    
   HWIDTH                = -999.000    
   TOPMASS               =  173.300    
   BOTTOMMASS            =  4.67000    
   CHARMMASS             =  1.27000    
   TAU_MASS              =  1.77684    
   EWSCHEME              =        3
   FERMI_CONST           = 0.116637E-04
   WMASS                 =  80.3990    
   ZMASS                 =  91.1876    
   
 Running in the SM
   
 Higgs mass =   130.00000000000000     
   
   
  
 Information on scale setting in InitScales 
 -------------------------------------------
  
 Dynamical factorization scale chosen:
         momentum transfer of W/Z  
 Dynamical value for alphas chosen:
 alphas = alpha(momentum transfer of W/Z)
 Initializing PDF set cteq6l1
  
  
  
  
   Information on couplings, masses and widths
 ===============================================
  
   SM coupling parameters 
 ---------------------------
   G_Fermi                         : 0.000011663700
   SIN**2 of the weak mixing angle : 0.22262652
   Q.E.D. fine structure constant  : 1/132.34890    
   SU(2) coupling constant g       : 0.65306485
   U(1) coupling constant g'       : 0.34948609
   Q.C.D. LO alfas(MZ)             : 0.12980813
   Q.C.D. NLO alfas(MZ)            : 0.11798159
  
      particle masses
 ---------------------------
   mass of the Z0 boson            :   91.1876
   mass of the W+/- boson          :   80.3990
   mass of the Higgs boson         :  130.0000
   mass of the top quark           :  173.3000
   mass of the bottom quark at MH  :    2.6614
  (All other fermions have mass equal ZERO)
  
      particle widths
 ---------------------------
   total widths of Z0              :   2.508474 GeV
   total widths of W+ or W-        :   2.097751 GeV
   total widths of Higgs           :   0.004628 GeV
   total widths of top quark       :   1.364517 GeV
  
     branching ratios
 ---------------------------
   W -> lepton anti-lepton         : 10.8397227 %
   W -> massless quark anti-quark  : 33.7404159 %
   W -> top bottom                 :  0.0000000 %
  
   Z -> neutrino anti-neutrino     :  6.6128398 %
   Z -> charged lepton anti-lepton :  3.3460603 %
   Z -> up-type quark anti-quark   : 11.9909825 %
   Z -> down-type quark anti-quark : 15.3804449 %
   Z -> top anti-top               :  0.0000000 %
  
   H -> WW                         : 30.9934952 %
   H -> ZZ                         :  4.1123387 %
   H -> bottom anti-bottom         : 49.0489410 %
   H -> top anti-top               :  0.0000000 %
   H -> charm anti-charm           :  1.4134066 %
   H -> tau anti-tau               :  5.8139563 %
   H -> mu anti-mu                 :  0.0205811 %
   H -> gluon gluon                :  8.1081514 %
   H -> gamma gamma                :  0.2519699 %
   H -> Z gamma                    :  0.2371598 %
  
  
   Information on spin-2 parameters  
 ------------------------------------------------
   F1                    =  1.00000    
   F2                    =  1.00000    
   F3                    =  0.00000    
   F4                    =  0.00000    
   F5                    =  1.00000    
 Warning: cannot read value for key = F9. Using default value :    0.0000000000000000     
   F6                    =  0.00000    
   F7                    =  0.00000    
   LAMBDA                =  1500.00    
   SP2MASS               =  1000.00    
   MSP2TRIPPM            =  1000.00    
   MSP2TRIPN             =  1000.00    
   BRRAT                 =  1.00000    
   BRRATTRIPPM           =  1.00000    
   BRRATTRIPN            =  1.00000    
   NFF                   =  4.00000    
   LAMBDAFF              =  3000.00    
  
 sp2tripnwidth is set to 1
 (it is 0 because the spin-2 triplet couplings are 0)
 sp2trippmwidth is set to 1
 (it is 0 because the spin-2 triplet couplings are 0)
 sp2width   7.6074969041757328     
 sp2widthww   3.8875329224122690     
 sp2widthzz   1.9515757251868493     
 sp2widthaa   1.7683882565766147     
 sp2widthaz   0.0000000000000000     
 sp2widthgg   0.0000000000000000     
 sp2tripnwidth   1.0000000000000000     
 sp2tripnwidthww   0.0000000000000000     
 sp2tripnwidthzz   0.0000000000000000     
 sp2tripnwidthaa   0.0000000000000000     
 sp2tripnwidthaz   0.0000000000000000     
 sp2trippmwidth   1.0000000000000000     
 sp2trippmwidthwa   0.0000000000000000     
 sp2trippmwidthwz   0.0000000000000000     
 Warning: cannot read value for key = MLL_OSONLY. Using default value :  T
 Warning: cannot read value for key = PTMISS_MIN. Using default value :    0.0000000000000000     
 
          information on cut parameters
 -----------------------------------------------
 
 minimum jet pt        (PT_JET_MIN):     30.00    30.00    30.00   
 maximum jet rapidity                 (Y_JET_MAX):    4.5000000000000000     
 maximum parton pseudorapidity          (Y_P_MAX):    5.0000000000000000     
 minimum jet-jet R-separation           (RJJ_MIN):   0.69999999999999996     
 minimum number of jets                (NJET_MIN):            2
 single jet from hadronic decay (SINGLE_DECAYJET):            0
 exponent of generalised kT algorithm (PGENKTJET):    1.0000000000000000     
 minimum lepton-lepton R-separation     (RLL_MIN):    0.0000000000000000     
 maximum lepton-lepton R-separation     (RLL_MAX):    50.000000000000000     
 minimum jet-lepton R-separation        (RJL_MIN):   0.40000000000000002     
 minimum jet-photon R-separation        (RJG_MIN):   0.40000000000000002     
 minimum lepton-photon R-separation     (RLG_MIN):    0.0000000000000000     
 minimum photon-photon R-separation     (RGG_MIN):   0.40000000000000002     
 maximum photon-photon R-separation     (RGG_MAX):    50.000000000000000     
 maximum lepton rapidity                (Y_L_MAX):    2.5000000000000000     
 minimum lepton pt       (PT_L_MIN):     20.00    20.00   
 minimum invariant dilepton mass        (MLL_MIN):    15.000000000000000     
 maximum invariant dilepton mass        (MLL_MAX):    14000.000000000000     
 m_ll cuts only on opposite-sign l   (MLL_OSONLY):  T
 maximum photon rapidity                (Y_G_MAX):    2.5000000000000000     
 minimum photon pt       (PT_G_MIN):    
 photon isolation cut                 (PHISOLCUT):   0.69999999999999996     
 efficiency of photon isolation cut   (EFISOLCUT):    1.0000000000000000     
 minimum invariant lepton-photon mass   (MLG_MIN):    0.0000000000000000     
 maximum invariant lepton-photon mass   (MLG_MAX):    1.0000000000000000E+020
 minimal missing transverse momentum (PTMISS_MIN):    0.0000000000000000     
 minimum jet rapidity separation      (ETAJJ_MIN):    4.0000000000000000     
 tagging jets in opposite hemispheres     (YSIGN):    T
 leptons fall inside rapidity gap     (LRAPIDGAP):    T
 min leptons y-dist from tagging jets   (DELY_JL):    0.0000000000000000     
 photons fall inside rapidity gap     (GRAPIDGAP):    F
 min photons y-dist from tagging jets   (DELY_JG):    0.0000000000000000     
 dijet min mass cut on tag jets        (MDIJ_MIN):    500.00000000000000     
 dijet max mass cut on tag jets        (MDIJ_MAX):    14000.000000000000     
 veto criteria for jets                   (JVETO):    F
 minimum veto-tag y-dist             (DELY_JVETO):    0.0000000000000000     
 maximum |y| for veto jet             (YMAX_VETO):    4.5000000000000000     
 minimum pT for veto jet             (PTMIN_VETO):    25.000000000000000     
 
 
          information on technical cuts
 -----------------------------------------------
  
 Photon exchange with virtuality Q^2 <        4.0 GeV^2 is eliminated. 
  Recover by calculating  q gamma ---> q g V (V)   etc.
  

        phase space generator information  
 -----------------------------------------------

 boson -6 has mass   182.38 GeV and width   500.0000 GeV
 integration range for boson -6 =      0.032  to     9899.495 GeV
 boson  2 has mass    91.19 GeV and width     2.5085 GeV
 integration range for boson  2 =      0.032  to     9899.495 GeV
 boson  2 has mass    91.19 GeV and width     2.5085 GeV
 integration range for boson  2 =      0.032  to     9899.495 GeV

 machine energy =    14000.0  GeV
 Minimal mom.transfer or mass for parton pair:   100.00 MeV

 -----------------------------------------------

  Open error on file random.dat
  Using default values.
  Random number generator initialized with seed =            0
 
          information on histogram config
 -----------------------------------------------
 
  Open error on file histograms.dat
  Using default values.
 SMEARING           =      F
 CALC_ERROR_GNUPLOT =      F
 CALC_ERROR_ROOT    =      F
 CALC_ERROR_1D      =      T
 CALC_ERROR_2D      =      F
 
HIST_ID1      =      0.00    250.00  # dS/dpT_j (fb/GeV)
HIST_ID2      =      0.00    500.00  # dS/dpTmax_j (fb/GeV)
HIST_ID3      =      0.00    200.00  # dS/dpTmin_j (fb/GeV)
HIST_ID4      =     -5.00      5.00  # dS/dy_j (fb)
HIST_ID5      =     -5.00      5.00  # dS/dy_j1 (fb)
HIST_ID6      =     -5.00      5.00  # dS/dy_j2 (fb)
HIST_ID7      =      0.00    500.00  # dS/dpTmax_l (fb/GeV)
HIST_ID8      =      0.00    200.00  # dS/dpTmin_l (fb/GeV)
HIST_ID9      =      0.00      5.00  # dS/d|eta|max_l (fb)
HIST_ID10     =      0.00      5.00  # dS/d|eta|min_l (fb)
HIST_ID11     =   -180.00    180.00  # dS/dPhi_jj (fb)
2DHIST_ID1    =      0.00      6.00      0.00    800.00  # d2S/dy_jj dm_jj (fb/GeV)
 
 -----------------------------------------------
 
 
 
Starttime: 2016-11-30T11:43:03+0100

 MONACO input parameters:
 ndim = 15,  ncall =     256k,   rtype = 0
 nprn =  0,  acc = -1.0E+0,  alph = 8.75E-1,  nd = 48,  mds =  0

 MONACO:  continuing with uniform grid
  
 ZZ jj -> 2l 2v amplitude square information:
 -----------------------------------------------
  
  v(v) to ZZ tensors initialized to  (  0.0000000000000000     ,  0.0000000000000000     )
  External b-quark contributions are excluded

 iteration  1:
 integral =  2.832821E-01,  sigma = 6.950E-02
 efficacy = 2.118E-05,  raw efficacy = 2.118E-05
 f_positive = 1.286E-2,  f_zero = 9.871E-1,  f_negative = 0.000E+0
 accumulated statistics:
 integral =  2.832821E-01,  sigma = 6.950E-02,  chi^2/iteration = 3.553E-15

 MONACO:  grid written to file grid2_1.out.1

 MONACO input parameters:
 ndim = 15,  ncall =     512k,   rtype = 0
 nprn =  0,  acc = -1.0E+0,  alph = 8.75E-1,  nd = 48,  mds =  0

 iteration  2:
 integral =  2.059022E-01,  sigma = 7.476E-03
 efficacy = 1.529E-04,  raw efficacy = 2.417E-06
 f_positive = 9.711E-2,  f_zero = 9.029E-1,  f_negative = 0.000E+0
 accumulated statistics:
 integral =  2.067873E-01,  sigma = 7.433E-03,  chi^2/iteration = 1.226E+06

 MONACO:  grid written to file grid2_1.out.2

 MONACO input parameters:
 ndim = 15,  ncall =       1M,   rtype = 0
 nprn =  0,  acc = -1.0E+0,  alph = 8.75E-1,  nd = 48,  mds =  0

 iteration  3:
 integral =  2.119169E-01,  sigma = 2.693E-03
 efficacy = 2.621E-04,  raw efficacy = 1.217E-06
 f_positive = 1.969E-1,  f_zero = 8.031E-1,  f_negative = 0.000E+0
 accumulated statistics:
 integral =  2.113215E-01,  sigma = 2.532E-03,  chi^2/iteration = 1.647E+00

 MONACO:  grid written to file grid2_1.out.3

 MONACO input parameters:
 ndim = 15,  ncall =       2M,   rtype = 0
 nprn =  0,  acc = -1.0E+0,  alph = 8.75E-1,  nd = 48,  mds =  0

 iteration  4:
 integral =  2.116099E-01,  sigma = 1.283E-03
 efficacy = 5.498E-04,  raw efficacy = 9.102E-07
 f_positive = 2.305E-1,  f_zero = 7.695E-1,  f_negative = 0.000E+0
 accumulated statistics:
 integral =  2.115510E-01,  sigma = 1.144E-03,  chi^2/iteration = 8.285E-01

 MONACO:  grid written to file grid2_1.out.4
 
  result (LO):   0.21155102987020910       +-    1.1444897039810755E-003  fb    0.54099935352867035      %
 
   
 Initialising FF ..
   
 ====================================================
   FF 2.0, a package to evaluate one-loop integrals
 written by G. J. van Oldenborgh, NIKHEF-H, Amsterdam
 ====================================================
 for the algorithms used see preprint NIKHEF-H 89/17,
 'New Algorithms for One-loop Integrals', by G.J. van
 Oldenborgh and J.A.M. Vermaseren, published in 
 Zeitschrift fuer Physik C46(1990)425.
 ====================================================
 Initializing PDF set CT10

 MONACO input parameters:
 ndim = 15,  ncall =       2M,   rtype = 0
 nprn =  0,  acc = -1.0E+0,  alph = 8.75E-1,  nd = 48,  mds =  0

 MONACO:  grid read from file grid2_1.out.4                                                                                                                                                                                                                                             

 iteration  1:
 integral =  1.844545E-01,  sigma = 1.007E-03
 efficacy = 4.053E-04,  raw efficacy = 9.789E-07
 f_positive = 2.503E-1,  f_zero = 7.497E-1,  f_negative = 0.000E+0
 accumulated statistics:
 integral =  1.844545E-01,  sigma = 1.007E-03,  chi^2/iteration = 7.276E-12

 MONACO:  grid written to file grid2_1.vout.1
  
  result for virtual contribution, no.            1
  sigma =   0.18445448610229184       +-    1.0074585309998801E-003  fb  
  
 total result for virtual contns so far 
  sigma =   0.18445448610229184       +-    1.0074585309998801E-003  fb
  

 MONACO input parameters:
 ndim = 15,  ncall =     128k,   rtype = 0
 nprn =  0,  acc = -1.0E+0,  alph = 8.75E-1,  nd = 48,  mds =  0

 MONACO:  grid read from file grid2_1.out.4                                                                                                                                                                                                                                             

 iteration  1:
 integral =  7.810968E-04,  sigma = 1.536E-04
 efficacy = 6.666E-05,  raw efficacy = 1.757E-07
 f_positive = 1.334E-1,  f_zero = 7.497E-1,  f_negative = 1.169E-1
 accumulated statistics:
 integral =  7.810968E-04,  sigma = 1.536E-04,  chi^2/iteration = 3.553E-15

 MONACO:  grid written to file grid2_1.vout.2
  
  result for virtual contribution, no.            2
  sigma =    7.8109681845336075E-004  +-    1.5361861176129170E-004  fb  
  
 total result for virtual contns so far 
  sigma =   0.18523558292074521       +-    1.0191032183071069E-003  fb
  

 MONACO input parameters:
 ndim = 15,  ncall =      16k,   rtype = 0
 nprn =  0,  acc = -1.0E+0,  alph = 8.75E-1,  nd = 48,  mds =  0

 MONACO:  grid read from file grid2_1.out.4                                                                                                                                                                                                                                             

 iteration  1:
 integral =  1.164421E-04,  sigma = 1.844E-04
 efficacy = 7.566E-05,  raw efficacy = 4.354E-07
 f_positive = 1.216E-1,  f_zero = 7.543E-1,  f_negative = 1.241E-1
 accumulated statistics:
 integral =  1.164421E-04,  sigma = 1.844E-04,  chi^2/iteration = 0.000E+00

 MONACO:  grid written to file grid2_1.vout.3
  
  result for virtual contribution, no.            3
  sigma =    1.1644207609011137E-004  +-    1.8439034646077678E-004  fb  
  
 total result for virtual contns so far 
  sigma =   0.18535202499683531       +-    1.0356501192158615E-003  fb
  
   
 Summary for FF ..
   
 
total number of errors and warnings
===================================
vbffferr: no errors
the warning system has been disabled
 

 MONACO input parameters:
 ndim = 18,  ncall =       1M,   rtype = 0
 nprn =  0,  acc = -1.0E+0,  alph = 8.75E-1,  nd = 48,  mds =  0

 MONACO:  continuing with uniform grid
  
 ZZ jjj -> 2l 2v amplitude square information:
 -----------------------------------------------
  
  v(v) to ZZ tensors initialized to  (  0.0000000000000000     ,  0.0000000000000000     )
  External b-quark contributions are excluded
  
  creal =   -4.0797362673929065       cvirtual =   -3.7101318663035472     
  virt factor for alphas = 0.12 is   0.81104453988909386     

 iteration  1:
 integral =  4.512891E-02,  sigma = 1.979E-02
 efficacy = 3.696E-06,  raw efficacy = 3.696E-06
 f_positive = 1.845E-2,  f_zero = 9.694E-1,  f_negative = 1.217E-2
 accumulated statistics:
 integral =  4.512891E-02,  sigma = 1.979E-02,  chi^2/iteration = 8.882E-16

 MONACO:  grid written to file grid3_1.out.1

 MONACO input parameters:
 ndim = 18,  ncall =       2M,   rtype = 0
 nprn =  0,  acc = -1.0E+0,  alph = 8.75E-1,  nd = 48,  mds =  0

 iteration  2:
 integral = -7.983129E-03,  sigma = 2.752E-02
 efficacy = 1.654E-07,  raw efficacy = 2.738E-09
 f_positive = 5.170E-2,  f_zero = 9.256E-1,  f_negative = 2.274E-2
 accumulated statistics:
 integral =  2.702328E-02,  sigma = 1.607E-02,  chi^2/iteration = 2.455E+06

 MONACO:  grid written to file grid3_1.out.2

 MONACO input parameters:
 ndim = 18,  ncall =       4M,   rtype = 0
 nprn =  0,  acc = -1.0E+0,  alph = 8.75E-1,  nd = 48,  mds =  0

 iteration  3:
 integral =  2.805114E-02,  sigma = 4.412E-03
 efficacy = 2.706E-06,  raw efficacy = 1.610E-08
 f_positive = 8.692E-2,  f_zero = 8.790E-1,  f_negative = 3.407E-2
 accumulated statistics:
 integral =  2.797906E-02,  sigma = 4.255E-03,  chi^2/iteration = 2.459E+00

 MONACO:  grid written to file grid3_1.out.3

 MONACO input parameters:
 ndim = 18,  ncall =       8M,   rtype = 0
 nprn =  0,  acc = -1.0E+0,  alph = 8.75E-1,  nd = 48,  mds =  0

 iteration  4:
 integral =  4.448198E-02,  sigma = 3.776E-03
 efficacy = 1.623E-06,  raw efficacy = 5.900E-09
 f_positive = 1.024E-1,  f_zero = 8.594E-1,  f_negative = 3.824E-2
 accumulated statistics:
 integral =  3.721074E-02,  sigma = 2.824E-03,  chi^2/iteration = 5.437E+00

 MONACO:  grid written to file grid3_1.out.4
 
  result for real emissions 
  sigma =    3.7210741542790832E-002  +-    2.8242198323283163E-003  fb
  
  
  final result at NLO 
  sigma =   0.22256276653962614       +-    3.0081204814216486E-003  fb   1.3515829840684823      %
 
   
 TOTAL VIRTUAL CONTRIBUTIONS:
 TOTAL borntype:
  0.18445448610229184        1.0074585309998801E-003  0.54618272089147213       %
 TOTAL boxes:
   7.8109681845336075E-004   1.5361861176129170E-004   19.667038468479468       %
 TOTAL pentagons:
   1.1644207609011137E-004   1.8439034646077678E-004   158.35370911635249       %
  
  
  
 !!!!!!!!!!!!!!!!!!!!!!!!!!!!!!!!!!!!!!!!!!!!!!!!!!!!!!!!!!!!!!!!!!!!!!!!!!!!!!!!!!!!!!!!!!!!!!!!!!!!!!!!
   
  PROCESS:          211   :   p p -->  Z Z jj -->  e+ e- vmu vmu~ jj
    with spin-two particles
   
  TOTAL result (LO):         0.21155102987020910       +-    1.1444897039810755E-003  fb    0.54099935352867035      %
  NLO virtual result:        0.18535202499683531       +-    1.0356501192158615E-003  fb    0.55874766905489381      %
  QCD real emission:          3.7210741542790832E-002  +-    2.8242198323283163E-003  fb     7.5897972338997297      %
  TOTAL result (NLO):        0.22256276653962614       +-    3.0081204814216486E-003  fb     1.3515829840684823      %
  K-Factor:                   1.0520523898001015     
 !!!!!!!!!!!!!!!!!!!!!!!!!!!!!!!!!!!!!!!!!!!!!!!!!!!!!!!!!!!!!!!!!!!!!!!!!!!!!!!!!!!!!!!!!!!!!!!!!!!!!!!!
  
  
  Endtime: 2016-12-01T20:39:15+0100
  Runtime: 32:56:11 (118571 seconds)
