   
 -----------------------------------------------------------------
 VBFNLO, version 3.0.0 beta0 svn 7628
 Comput. Phys. Commun. 180 (2009) 1661[arXiv:0811.4559 [hep-ph]]
 arXiV:1107.4038, arXiV:1207.4975, arXiv:1404.3940
 http://www.itp.kit.edu/vbfnlo
 -----------------------------------------------------------------
 Process-specific references (please cite as well if appropriate):
 F. Campanario, M. Kerner, Le Duc Ninh, D. Zeppenfeld
 Phys.Rev. D89 (2014) 054009, e-Print: arXiv:1311.6738
 
 -----------------------------------------------------------------
   
   
   
 Initialising LoopTools ..
   
 ====================================================
   FF 2.0, a package to evaluate one-loop integrals
 written by G. J. van Oldenborgh, NIKHEF-H, Amsterdam
 ====================================================
 for the algorithms used see preprint NIKHEF-H 89/17,
 'New Algorithms for One-loop Integrals', by G.J. van
 Oldenborgh and J.A.M. Vermaseren, published in 
 Zeitschrift fuer Physik C46(1990)425.
 ====================================================
  
        Information on global parameters
 -----------------------------------------------
   PROCESS               =     3260
   LOPROCESS_PLUS_JET    =        F
   KK_MOD                =        F
   ANOM_CPL              =        F
   LEPTONS               =    11  -12   13  -14
   LO_ITERATIONS         =        6
   NLO_ITERATIONS        =        6
   LO_POINTS             =       25
   NLO_POINTS            =       25
   NLO_SWITCH            =        T
   EWCOR_SWITCH          =        F
   FERMIONLOOP           =        3
   LHA_SWITCH            =        F
   HEPMC_SWITCH          =        F
   LO_GRID               = grid2_1                                           
   NLO_GRID              = grid3_1                                           
   PHTN_GRID             = grid4_1                                           
   FLOOP_GRID            = grid5_1                                           
   ECM                   =  14000.0    
   BEAM1                 =        1
   BEAM2                 =        1
   ID_MUF                =       10
   ID_MUR                =       10
   MUF_USER              =  100.000    
   MUR_USER              =  100.000    
   XIF                   =  1.00000    
   XIR                   =  1.00000    
 
       information on the selected process 
 -----------------------------------------------
 
  pp -> W- W- jj -> l- vl~ l- vl~ jj
 
 QCD induced W- W- + 2 jets production with fully leptonic decay.
 Process is implemented at LO and NLO QCD.
 References: F. Campanario, M. Kerner, Le Duc Ninh, D. Zeppenfeld
 Phys.Rev. D89 (2014) 054009, e-Print: arXiv:1311.6738
 
 Initializing PDF set CT10
  
               Physics parameters
 -----------------------------------------------
   HTYPE                 =        0
   MODEL                 =        1
   ANOM_CPL              =        F
   KK_MOD                =        F
   SPIN2                 =        F
   HMASS                 =  126.000    
   HWIDTH                = -999.000    
   TOPMASS               =  173.100    
   BOTTOMMASS            =  4.85500    
   CHARMMASS             =  1.65000    
   TAU_MASS              =  1.77684    
   EWSCHEME              =        3
   FERMI_CONST           = 0.116637E-04
   WMASS                 =  80.3850    
   ZMASS                 =  91.1876    
   
 Running in the SM
   
 Higgs mass =   126.00000000000000     
   
  
 Information on scale setting in InitScales 
 -------------------------------------------
  
 Dynamical factorization scale chosen:
       mu_F = ( ET(jj) + ET(VV) )/2
 Dynamical renormalization scale chosen:
       mu_R = ( ET(jj) + ET(VV) )/2
 Initializing PDF set cteq6l1
  
  
  
  
   Information on couplings, masses and widths
 ===============================================
  
   SM coupling parameters 
 ---------------------------
   G_Fermi                         : 0.000011663700
   SIN**2 of the weak mixing angle : 0.22289722
   Q.E.D. fine structure constant  : 1/132.23422    
   SU(2) coupling constant g       : 0.65295113
   U(1) coupling constant g'       : 0.34969851
   Q.C.D. LO alfas(MZ)             : 0.12980813
   Q.C.D. NLO alfas(MZ)            : 0.11798159
  
      particle masses
 ---------------------------
   mass of the Z0 boson            :   91.1876
   mass of the W+/- boson          :   80.3850
   mass of the Higgs boson         :  126.0000
   mass of the top quark           :  173.1000
   mass of the bottom quark at MH  :    2.8020
  (All other fermions have mass equal ZERO)
  
      particle widths
 ---------------------------
   total widths of Z0              :   2.507719 GeV
   total widths of W+ or W-        :   2.096656 GeV
   total widths of Higgs           :   0.004277 GeV
   total widths of top quark       :   1.359115 GeV
  
     branching ratios
 ---------------------------
   W -> lepton anti-lepton         : 10.8397227 %
   W -> massless quark anti-quark  : 33.7404159 %
   W -> top bottom                 :  0.0000000 %
  
   Z -> neutrino anti-neutrino     :  6.6148291 %
   Z -> charged lepton anti-lepton :  3.3462865 %
   Z -> up-type quark anti-quark   : 11.9885556 %
   Z -> down-type quark anti-quark : 15.3798474 %
   Z -> top anti-top               :  0.0000000 %
  
   H -> WW                         : 22.0378487 %
   H -> ZZ                         :  3.0312325 %
   H -> bottom anti-bottom         : 57.0642005 %
   H -> top anti-top               :  0.0000000 %
   H -> charm anti-charm           :  3.3901089 %
   H -> tau anti-tau               :  6.0964270 %
   H -> mu anti-mu                 :  0.0215826 %
   H -> gluon gluon                :  7.9503343 %
   H -> gamma gamma                :  0.2384414 %
   H -> Z gamma                    :  0.1698242 %
  
 
          information on cut parameters
 -----------------------------------------------
 
 minimum jet pt        (PT_JET_MIN):     20.00    20.00    20.00   
 maximum jet rapidity                 (Y_JET_MAX):    4.5000000000000000     
 maximum parton pseudorapidity          (Y_P_MAX):    5.0000000000000000     
 minimum jet-jet R-separation           (RJJ_MIN):   0.40000000000000002     
 minimum number of jets                (NJET_MIN):            2
 single jet from hadronic decay (SINGLE_DECAYJET):            0
 exponent of generalised kT algorithm (PGENKTJET):   -1.0000000000000000     
 minimum lepton-lepton R-separation     (RLL_MIN):   0.40000000000000002     
 maximum lepton-lepton R-separation     (RLL_MAX):    50.000000000000000     
 minimum jet-lepton R-separation        (RJL_MIN):   0.40000000000000002     
 minimum jet-photon R-separation        (RJG_MIN):   0.69999999999999996     
 minimum lepton-photon R-separation     (RLG_MIN):   0.40000000000000002     
 minimum photon-photon R-separation     (RGG_MIN):   0.59999999999999998     
 maximum photon-photon R-separation     (RGG_MAX):    50.000000000000000     
 maximum lepton rapidity                (Y_L_MAX):    2.5000000000000000     
 minimum lepton pt       (PT_L_MIN):     20.00    20.00   
 minimum invariant dilepton mass        (MLL_MIN):    15.000000000000000     
 maximum invariant dilepton mass        (MLL_MAX):    1.0000000000000000E+020
 m_ll cuts only on opposite-sign l   (MLL_OSONLY):  T
 maximum photon rapidity                (Y_G_MAX):    2.5000000000000000     
 minimum photon pt       (PT_G_MIN):    
 photon isolation cut                 (PHISOLCUT):   0.69999999999999996     
 efficiency of photon isolation cut   (EFISOLCUT):    1.0000000000000000     
 minimum invariant lepton-photon mass   (MLG_MIN):    0.0000000000000000     
 maximum invariant lepton-photon mass   (MLG_MAX):    1.0000000000000000E+020
 minimal missing transverse momentum (PTMISS_MIN):    30.000000000000000     
 minimum jet rapidity separation      (ETAJJ_MIN):    0.0000000000000000     
 tagging jets in opposite hemispheres     (YSIGN):    F
 leptons fall inside rapidity gap     (LRAPIDGAP):    F
 min leptons y-dist from tagging jets   (DELY_JL):    0.0000000000000000     
 photons fall inside rapidity gap     (GRAPIDGAP):    F
 min photons y-dist from tagging jets   (DELY_JG):    0.0000000000000000     
 dijet min mass cut on tag jets        (MDIJ_MIN):    0.0000000000000000     
 dijet max mass cut on tag jets        (MDIJ_MAX):    1.0000000000000000E+020
 veto criteria for jets                   (JVETO):    F
 minimum veto-tag y-dist             (DELY_JVETO):    0.0000000000000000     
 maximum |y| for veto jet             (YMAX_VETO):    4.5000000000000000     
 minimum pT for veto jet             (PTMIN_VETO):    50.000000000000000     
 

 --------------------PHASE SPACE--------------------

 boson has mass    80.39 GeV and width     2.0967 GeV
 integration range for boson   4 =      0.032  to     9899.495 GeV
 boson has mass    80.39 GeV and width     2.0967 GeV
 integration range for boson   4 =      0.032  to     9899.495 GeV

 machine energy =    14000.0  GeV

 configuration   0

 ---------------------------------------------------

  Random number generator initialized with seed =            0
 
          information on histogram config
 -----------------------------------------------
 
 SMEARING           =      T
 SMEAR_VALUE        =       0.20000000000000001     
 CALC_ERROR_GNUPLOT =      F
 CALC_ERROR_ROOT    =      F
 CALC_ERROR_1D      =      T
 CALC_ERROR_2D      =      F
 
HIST_ID1      =      0.00    250.00  # dS/dpT_j (fb/GeV)
HIST_ID2      =      0.00    500.00  # dS/dpTmax_j (fb/GeV)
HIST_ID3      =      0.00    200.00  # dS/dpTmin_j (fb/GeV)
HIST_ID4      =     -5.00      5.00  # dS/dy_j (fb)
HIST_ID5      =     -5.00      5.00  # dS/dy_j1 (fb)
HIST_ID6      =     -5.00      5.00  # dS/dy_j2 (fb)
HIST_ID7      =      0.00    500.00  # dS/dpTmax_l (fb/GeV)
HIST_ID8      =      0.00    200.00  # dS/dpTmin_l (fb/GeV)
HIST_ID9      =      0.00      5.00  # dS/d|eta|max_l (fb)
HIST_ID10     =      0.00      5.00  # dS/d|eta|min_l (fb)
HIST_ID11     =   -180.00    180.00  # dS/dPhi_jj (fb)
2DHIST_ID1    =      0.00      6.00      0.00    800.00  # d2S/dy_jj dm_jj (fb/GeV)
 
 -----------------------------------------------
 
 
 
  
 Subprocess           1
  

 MONACO input parameters:
 ndim = 15,  ncall =       1M,   rtype = 0
 nprn =  0,  acc = -1.0E+0,  alph = 8.75E-1,  nd = 48,  mds =  0

 MONACO:  continuing with uniform grid
  
 W-W- jj amplitude square information:
 -----------------------------------------------
  
 alpha parameter of dipoles:    1.0000000000000000     
 precision of gauge test:      1.0000000000000000E-002
 -----------------------------------------------

 iteration  1:
 integral =  4.222617E-01,  sigma = 5.501E-02
 efficacy = 9.641E-06,  raw efficacy = 9.641E-06
 f_positive = 6.116E-2,  f_zero = 9.388E-1,  f_negative = 0.000E+0
 accumulated statistics:
 integral =  4.222617E-01,  sigma = 5.501E-02,  chi^2/iteration = 0.000E+00

 MONACO:  grid written to file GRID/grid2_1_1.out.1

 MONACO input parameters:
 ndim = 15,  ncall =       2M,   rtype = 0
 nprn =  0,  acc = -1.0E+0,  alph = 8.75E-1,  nd = 48,  mds =  0

 iteration  2:
 integral =  4.234647E-01,  sigma = 8.123E-03
 efficacy = 8.334E-05,  raw efficacy = 4.430E-07
 f_positive = 2.581E-1,  f_zero = 7.419E-1,  f_negative = 0.000E+0
 accumulated statistics:
 integral =  4.234390E-01,  sigma = 8.036E-03,  chi^2/iteration = 4.680E+02

 MONACO:  grid written to file GRID/grid2_1_1.out.2

 MONACO input parameters:
 ndim = 15,  ncall =       4M,   rtype = 0
 nprn =  0,  acc = -1.0E+0,  alph = 8.75E-1,  nd = 48,  mds =  0

 iteration  3:
 integral =  4.220163E-01,  sigma = 2.349E-03
 efficacy = 2.021E-04,  raw efficacy = 1.578E-07
 f_positive = 3.854E-1,  f_zero = 6.146E-1,  f_negative = 0.000E+0
 accumulated statistics:
 integral =  4.221283E-01,  sigma = 2.254E-03,  chi^2/iteration = 2.935E-02

 MONACO:  grid written to file GRID/grid2_1_1.out.3

 MONACO input parameters:
 ndim = 15,  ncall =       8M,   rtype = 0
 nprn =  0,  acc = -1.0E+0,  alph = 8.75E-1,  nd = 48,  mds =  0

 iteration  4:
 integral =  4.208238E-01,  sigma = 1.020E-03
 efficacy = 2.709E-04,  raw efficacy = 8.892E-08
 f_positive = 4.248E-1,  f_zero = 5.752E-1,  f_negative = 0.000E+0
 accumulated statistics:
 integral =  4.210456E-01,  sigma = 9.296E-04,  chi^2/iteration = 1.536E-01

 MONACO:  grid written to file GRID/grid2_1_1.out.4

 MONACO input parameters:
 ndim = 15,  ncall =      16M,   rtype = 0
 nprn =  0,  acc = -1.0E+0,  alph = 8.75E-1,  nd = 48,  mds =  0

 iteration  5:
 integral =  4.211006E-01,  sigma = 5.969E-04
 efficacy = 4.121E-04,  raw efficacy = 7.287E-08
 f_positive = 4.307E-1,  f_zero = 5.693E-1,  f_negative = 0.000E+0
 accumulated statistics:
 integral =  4.210845E-01,  sigma = 5.023E-04,  chi^2/iteration = 1.032E-01

 MONACO:  grid written to file GRID/grid2_1_1.out.5

 MONACO input parameters:
 ndim = 15,  ncall =      32M,   rtype = 0
 nprn =  0,  acc = -1.0E+0,  alph = 8.75E-1,  nd = 48,  mds =  0
  random number setting in monaco saved 

 iteration  6:
 integral =  4.211548E-01,  sigma = 3.922E-04
 efficacy = 3.144E-04,  raw efficacy = 4.637E-08
 f_positive = 4.362E-1,  f_zero = 5.638E-1,  f_negative = 0.000E+0
 accumulated statistics:
 integral =  4.211282E-01,  sigma = 3.091E-04,  chi^2/iteration = 8.048E-02

 MONACO:  grid written to file GRID/grid2_1_1.out.6
 
  result sub (LO):   0.42112820165457587       +-    3.0911635147441865E-004  fb     7.3401959370074848E-002 %
 
  
 Subprocess           2
  

 MONACO input parameters:
 ndim = 15,  ncall =     512k,   rtype = 0
 nprn =  0,  acc = -1.0E+0,  alph = 8.75E-1,  nd = 48,  mds =  0

 MONACO:  continuing with uniform grid

 iteration  1:
 integral =  2.238744E-01,  sigma = 2.927E-02
 efficacy = 2.126E-05,  raw efficacy = 2.126E-05
 f_positive = 6.068E-2,  f_zero = 9.393E-1,  f_negative = 0.000E+0
 accumulated statistics:
 integral =  2.238744E-01,  sigma = 2.927E-02,  chi^2/iteration = 0.000E+00

 MONACO:  grid written to file GRID/grid2_1_2.out.1

 MONACO input parameters:
 ndim = 15,  ncall =       1M,   rtype = 0
 nprn =  0,  acc = -1.0E+0,  alph = 8.75E-1,  nd = 48,  mds =  0

 iteration  2:
 integral =  2.314101E-01,  sigma = 6.535E-03
 efficacy = 6.292E-05,  raw efficacy = 1.654E-06
 f_positive = 2.556E-1,  f_zero = 7.444E-1,  f_negative = 0.000E+0
 accumulated statistics:
 integral =  2.310524E-01,  sigma = 6.378E-03,  chi^2/iteration = 6.312E+04

 MONACO:  grid written to file GRID/grid2_1_2.out.2

 MONACO input parameters:
 ndim = 15,  ncall =       2M,   rtype = 0
 nprn =  0,  acc = -1.0E+0,  alph = 8.75E-1,  nd = 48,  mds =  0

 iteration  3:
 integral =  2.256595E-01,  sigma = 1.960E-03
 efficacy = 1.520E-04,  raw efficacy = 2.042E-07
 f_positive = 3.786E-1,  f_zero = 6.214E-1,  f_negative = 0.000E+0
 accumulated statistics:
 integral =  2.261247E-01,  sigma = 1.873E-03,  chi^2/iteration = 7.164E-01

 MONACO:  grid written to file GRID/grid2_1_2.out.3

 MONACO input parameters:
 ndim = 15,  ncall =       4M,   rtype = 0
 nprn =  0,  acc = -1.0E+0,  alph = 8.75E-1,  nd = 48,  mds =  0

 iteration  4:
 integral =  2.236041E-01,  sigma = 7.752E-04
 efficacy = 4.006E-04,  raw efficacy = 2.786E-07
 f_positive = 3.984E-1,  f_zero = 6.016E-1,  f_negative = 0.000E+0
 accumulated statistics:
 integral =  2.239727E-01,  sigma = 7.163E-04,  chi^2/iteration = 1.131E+00

 MONACO:  grid written to file GRID/grid2_1_2.out.4

 MONACO input parameters:
 ndim = 15,  ncall =       8M,   rtype = 0
 nprn =  0,  acc = -1.0E+0,  alph = 8.75E-1,  nd = 48,  mds =  0

 iteration  5:
 integral =  2.248641E-01,  sigma = 6.353E-04
 efficacy = 6.018E-05,  raw efficacy = 1.422E-07
 f_positive = 4.120E-1,  f_zero = 5.880E-1,  f_negative = 0.000E+0
 accumulated statistics:
 integral =  2.244717E-01,  sigma = 4.753E-04,  chi^2/iteration = 1.043E+00

 MONACO:  grid written to file GRID/grid2_1_2.out.5

 MONACO input parameters:
 ndim = 15,  ncall =      16M,   rtype = 0
 nprn =  0,  acc = -1.0E+0,  alph = 8.75E-1,  nd = 48,  mds =  0
  random number setting in monaco saved 

 iteration  6:
 integral =  2.240983E-01,  sigma = 3.624E-04
 efficacy = 3.473E-04,  raw efficacy = 8.810E-08
 f_positive = 3.915E-1,  f_zero = 6.085E-1,  f_negative = 0.000E+0
 accumulated statistics:
 integral =  2.242356E-01,  sigma = 2.882E-04,  chi^2/iteration = 8.798E-01

 MONACO:  grid written to file GRID/grid2_1_2.out.6
 
  result sub (LO):   0.22423559659021808       +-    2.8820586455725357E-004  fb    0.12852815027577388      %
 
  
 Subprocess           3
  

 MONACO input parameters:
 ndim = 15,  ncall =     128k,   rtype = 0
 nprn =  0,  acc = -1.0E+0,  alph = 8.75E-1,  nd = 48,  mds =  0

 MONACO:  continuing with uniform grid

 iteration  1:
 integral =  4.331675E-02,  sigma = 7.100E-03
 efficacy = 8.805E-05,  raw efficacy = 8.805E-05
 f_positive = 6.125E-2,  f_zero = 9.388E-1,  f_negative = 0.000E+0
 accumulated statistics:
 integral =  4.331675E-02,  sigma = 7.100E-03,  chi^2/iteration = 0.000E+00

 MONACO:  grid written to file GRID/grid2_1_3.out.1

 MONACO input parameters:
 ndim = 15,  ncall =     256k,   rtype = 0
 nprn =  0,  acc = -1.0E+0,  alph = 8.75E-1,  nd = 48,  mds =  0

 iteration  2:
 integral =  5.772404E-02,  sigma = 2.261E-03
 efficacy = 2.654E-04,  raw efficacy = 8.432E-06
 f_positive = 2.824E-1,  f_zero = 7.176E-1,  f_negative = 0.000E+0
 accumulated statistics:
 integral =  5.639779E-02,  sigma = 2.154E-03,  chi^2/iteration = 3.739E+06

 MONACO:  grid written to file GRID/grid2_1_3.out.2

 MONACO input parameters:
 ndim = 15,  ncall =     512k,   rtype = 0
 nprn =  0,  acc = -1.0E+0,  alph = 8.75E-1,  nd = 48,  mds =  0

 iteration  3:
 integral =  5.745059E-02,  sigma = 1.037E-03
 efficacy = 2.141E-04,  raw efficacy = 1.396E-06
 f_positive = 3.874E-1,  f_zero = 6.126E-1,  f_negative = 0.000E+0
 accumulated statistics:
 integral =  5.725257E-02,  sigma = 9.342E-04,  chi^2/iteration = 3.933E+00

 MONACO:  grid written to file GRID/grid2_1_3.out.3

 MONACO input parameters:
 ndim = 15,  ncall =       1M,   rtype = 0
 nprn =  0,  acc = -1.0E+0,  alph = 8.75E-1,  nd = 48,  mds =  0

 iteration  4:
 integral =  5.670889E-02,  sigma = 4.334E-04
 efficacy = 4.158E-04,  raw efficacy = 4.508E-07
 f_positive = 4.042E-1,  f_zero = 5.958E-1,  f_negative = 0.000E+0
 accumulated statistics:
 integral =  5.680517E-02,  sigma = 3.931E-04,  chi^2/iteration = 2.106E+00

 MONACO:  grid written to file GRID/grid2_1_3.out.4

 MONACO input parameters:
 ndim = 15,  ncall =       2M,   rtype = 0
 nprn =  0,  acc = -1.0E+0,  alph = 8.75E-1,  nd = 48,  mds =  0

 iteration  5:
 integral =  5.700241E-02,  sigma = 2.429E-04
 efficacy = 3.721E-04,  raw efficacy = 1.918E-07
 f_positive = 4.226E-1,  f_zero = 5.774E-1,  f_negative = 0.000E+0
 accumulated statistics:
 integral =  5.694792E-02,  sigma = 2.066E-04,  chi^2/iteration = 1.465E+00

 MONACO:  grid written to file GRID/grid2_1_3.out.5

 MONACO input parameters:
 ndim = 15,  ncall =       4M,   rtype = 0
 nprn =  0,  acc = -1.0E+0,  alph = 8.75E-1,  nd = 48,  mds =  0
  random number setting in monaco saved 

 iteration  6:
 integral =  5.731368E-02,  sigma = 1.632E-04
 efficacy = 3.602E-04,  raw efficacy = 1.481E-07
 f_positive = 4.161E-1,  f_zero = 5.839E-1,  f_negative = 0.000E+0
 accumulated statistics:
 integral =  5.717315E-02,  sigma = 1.281E-04,  chi^2/iteration = 1.581E+00

 MONACO:  grid written to file GRID/grid2_1_3.out.6
 
  result sub (LO):    5.7173150899670587E-002  +-    1.2808451047121932E-004  fb    0.22402912635685659      %
 
 
  result (LO):   0.70253694914446452       +-    4.4161202535336624E-004  fb     6.2859615553481213E-002 %
  
   
 Initialising FF ..
   
 ====================================================
   FF 2.0, a package to evaluate one-loop integrals
 written by G. J. van Oldenborgh, NIKHEF-H, Amsterdam
 ====================================================
 for the algorithms used see preprint NIKHEF-H 89/17,
 'New Algorithms for One-loop Integrals', by G.J. van
 Oldenborgh and J.A.M. Vermaseren, published in 
 Zeitschrift fuer Physik C46(1990)425.
 ====================================================
 ====================================================
   FF 2.0, a package to evaluate one-loop integrals
 written by G. J. van Oldenborgh, NIKHEF-H, Amsterdam
 ====================================================
 for the algorithms used see preprint NIKHEF-H 89/17,
 'New Algorithms for One-loop Integrals', by G.J. van
 Oldenborgh and J.A.M. Vermaseren, published in 
 Zeitschrift fuer Physik C46(1990)425.
 ====================================================
 Initializing PDF set CT10
  
 Subprocess           1
  

 MONACO input parameters:
 ndim = 15,  ncall =      32M,   rtype = 0
 nprn =  0,  acc = -1.0E+0,  alph = 8.75E-1,  nd = 48,  mds =  0

 MONACO:  grid read from file GRID/grid2_1_1.out.6                                                                                                                                                                                                                                      

 iteration  1:
 integral =  4.130531E-01,  sigma = 3.709E-04
 efficacy = 2.443E-04,  raw efficacy = 5.105E-08
 f_positive = 4.374E-1,  f_zero = 5.626E-1,  f_negative = 0.000E+0
 accumulated statistics:
 integral =  4.130531E-01,  sigma = 3.709E-04,  chi^2/iteration = 0.000E+00

 MONACO:  grid written to file GRID/grid2_1_1.vout.1
  
  result for virtual contribution, no.            1
  sigma =   0.41305309846819027       +-    3.7093078276999959E-004  fb  
  
 total result for virtual contns so far 
  sigma =   0.41305309846819027       +-    3.7093078276999959E-004  fb
  

 MONACO input parameters:
 ndim = 15,  ncall =       2M,   rtype = 0
 nprn =  0,  acc = -1.0E+0,  alph = 8.75E-1,  nd = 48,  mds =  0

 MONACO:  grid read from file GRID/grid2_1_1.out.6                                                                                                                                                                                                                                      

 iteration  1:
 integral =  1.917291E-01,  sigma = 8.022E-04
 efficacy = 9.716E-04,  raw efficacy = 6.394E-08
 f_positive = 4.096E-1,  f_zero = 5.629E-1,  f_negative = 2.757E-2
 accumulated statistics:
 integral =  1.917291E-01,  sigma = 8.022E-04,  chi^2/iteration = 7.276E-12

 MONACO:  grid written to file GRID/grid2_1_1.vout.1
  
  result for virtual contribution, no.            2
  sigma =   0.19172912998409208       +-    8.0216958811360375E-004  fb  
  
 total result for virtual contns so far 
  sigma =   0.60478222845228236       +-    8.8377921094621439E-004  fb
  

 MONACO input parameters:
 ndim = 15,  ncall =       4M,   rtype = 0
 nprn =  0,  acc = -1.0E+0,  alph = 8.75E-1,  nd = 48,  mds =  0

 MONACO:  grid read from file GRID/grid2_1_1.out.6                                                                                                                                                                                                                                      

 iteration  1:
 integral =  7.349607E-02,  sigma = 2.107E-04
 efficacy = 6.844E-04,  raw efficacy = 6.986E-08
 f_positive = 4.360E-1,  f_zero = 5.624E-1,  f_negative = 1.559E-3
 accumulated statistics:
 integral =  7.349607E-02,  sigma = 2.107E-04,  chi^2/iteration = 0.000E+00

 MONACO:  grid written to file GRID/grid2_1_1.vout.1
  
  result for virtual contribution, no.            3
  sigma =    7.3496070679223952E-002  +-    2.1072422864392465E-004  fb  
  
 total result for virtual contns so far 
  sigma =   0.67827829913150628       +-    9.0855401283483986E-004  fb
  
  
 Subprocess           2
  

 MONACO input parameters:
 ndim = 15,  ncall =      16M,   rtype = 0
 nprn =  0,  acc = -1.0E+0,  alph = 8.75E-1,  nd = 48,  mds =  0

 MONACO:  grid read from file GRID/grid2_1_2.out.6                                                                                                                                                                                                                                      

 iteration  1:
 integral =  2.123879E-01,  sigma = 2.867E-04
 efficacy = 3.581E-04,  raw efficacy = 8.990E-08
 f_positive = 4.129E-1,  f_zero = 5.871E-1,  f_negative = 0.000E+0
 accumulated statistics:
 integral =  2.123879E-01,  sigma = 2.867E-04,  chi^2/iteration = 0.000E+00

 MONACO:  grid written to file GRID/grid2_1_2.vout.1
  
  result for virtual contribution, no.            1
  sigma =   0.21238785431637014       +-    2.8665384827070443E-004  fb  
  
 total result for virtual contns so far 
  sigma =   0.21238785431637014       +-    2.8665384827070443E-004  fb
  

 MONACO input parameters:
 ndim = 15,  ncall =       1M,   rtype = 0
 nprn =  0,  acc = -1.0E+0,  alph = 8.75E-1,  nd = 48,  mds =  0

 MONACO:  grid read from file GRID/grid2_1_2.out.6                                                                                                                                                                                                                                      

 iteration  1:
 integral =  9.078906E-02,  sigma = 7.020E-04
 efficacy = 4.262E-04,  raw efficacy = 1.740E-07
 f_positive = 3.855E-1,  f_zero = 5.874E-1,  f_negative = 2.711E-2
 accumulated statistics:
 integral =  9.078906E-02,  sigma = 7.020E-04,  chi^2/iteration = 0.000E+00

 MONACO:  grid written to file GRID/grid2_1_2.vout.1
  
  result for virtual contribution, no.            2
  sigma =    9.0789057906725756E-002  +-    7.0202743961132437E-004  fb  
  
 total result for virtual contns so far 
  sigma =   0.30317691222309590       +-    7.5829608643038357E-004  fb
  

 MONACO input parameters:
 ndim = 15,  ncall =       2M,   rtype = 0
 nprn =  0,  acc = -1.0E+0,  alph = 8.75E-1,  nd = 48,  mds =  0

 MONACO:  grid read from file GRID/grid2_1_2.out.6                                                                                                                                                                                                                                      

 iteration  1:
 integral =  3.063072E-02,  sigma = 1.492E-04
 efficacy = 3.648E-04,  raw efficacy = 1.234E-07
 f_positive = 3.876E-1,  f_zero = 5.870E-1,  f_negative = 2.541E-2
 accumulated statistics:
 integral =  3.063072E-02,  sigma = 1.492E-04,  chi^2/iteration = 7.276E-12

 MONACO:  grid written to file GRID/grid2_1_2.vout.1
  
  result for virtual contribution, no.            3
  sigma =    3.0630723711250741E-002  +-    1.4922756803599973E-004  fb  
  
 total result for virtual contns so far 
  sigma =   0.33380763593434665       +-    7.7284010102839161E-004  fb
  
  
 Subprocess           3
  

 MONACO input parameters:
 ndim = 15,  ncall =       4M,   rtype = 0
 nprn =  0,  acc = -1.0E+0,  alph = 8.75E-1,  nd = 48,  mds =  0

 MONACO:  grid read from file GRID/grid2_1_3.out.6                                                                                                                                                                                                                                      

 iteration  1:
 integral =  5.342548E-02,  sigma = 1.414E-04
 efficacy = 3.939E-04,  raw efficacy = 1.343E-07
 f_positive = 4.157E-1,  f_zero = 5.843E-1,  f_negative = 0.000E+0
 accumulated statistics:
 integral =  5.342548E-02,  sigma = 1.414E-04,  chi^2/iteration = 0.000E+00

 MONACO:  grid written to file GRID/grid2_1_3.vout.1
  
  result for virtual contribution, no.            1
  sigma =    5.3425476650066937E-002  +-    1.4138995823647800E-004  fb  
  
 total result for virtual contns so far 
  sigma =    5.3425476650066937E-002  +-    1.4138995823647800E-004  fb
  

 MONACO input parameters:
 ndim = 15,  ncall =     256k,   rtype = 0
 nprn =  0,  acc = -1.0E+0,  alph = 8.75E-1,  nd = 48,  mds =  0

 MONACO:  grid read from file GRID/grid2_1_3.out.6                                                                                                                                                                                                                                      

 iteration  1:
 integral =  2.642894E-02,  sigma = 3.530E-04
 efficacy = 1.118E-03,  raw efficacy = 1.192E-07
 f_positive = 3.822E-1,  f_zero = 5.854E-1,  f_negative = 3.238E-2
 accumulated statistics:
 integral =  2.642894E-02,  sigma = 3.530E-04,  chi^2/iteration = 0.000E+00

 MONACO:  grid written to file GRID/grid2_1_3.vout.1
  
  result for virtual contribution, no.            2
  sigma =    2.6428935739516598E-002  +-    3.5301040875514080E-004  fb  
  
 total result for virtual contns so far 
  sigma =    7.9854412389583532E-002  +-    3.8027288751577411E-004  fb
  

 MONACO input parameters:
 ndim = 15,  ncall =     512k,   rtype = 0
 nprn =  0,  acc = -1.0E+0,  alph = 8.75E-1,  nd = 48,  mds =  0

 MONACO:  grid read from file GRID/grid2_1_3.out.6                                                                                                                                                                                                                                      

 iteration  1:
 integral =  8.890452E-03,  sigma = 7.961E-05
 efficacy = 1.076E-03,  raw efficacy = 2.666E-07
 f_positive = 4.053E-1,  f_zero = 5.833E-1,  f_negative = 1.135E-2
 accumulated statistics:
 integral =  8.890452E-03,  sigma = 7.961E-05,  chi^2/iteration = 1.819E-12

 MONACO:  grid written to file GRID/grid2_1_3.vout.1
  
  result for virtual contribution, no.            3
  sigma =    8.8904516870308651E-003  +-    7.9605685413391294E-005  fb  
  
 total result for virtual contns so far 
  sigma =    8.8744864076614402E-002  +-    3.8851580936909169E-004  fb
  
  total result for virtual PS            1
  sigma =    1.1008307991424675       +-    1.2544707051683531E-003  fb
  
   
 Summary for FF ..
   
 
total number of errors and warnings
===================================
vbffferr: no errors
the warning system has been disabled
 
 vbfquadffopen: error: could not open /itp/scratch/rauch/vbfquadnlotest/binaryrelease30/share/VBFNLO/ff/fferr.dat                                                     
         adjust path in vbfquadffopen (vbfquadffinit.f)
vbfquadfferr:  warning cannot open fferr.dat with error texts
 
total number of errors and warnings
===================================
vbfquadfferr: no errors
the warning system has been disabled
 

 MONACO input parameters:
 ndim = 19,  ncall =       1M,   rtype = 0
 nprn =  0,  acc = -1.0E+0,  alph = 8.75E-1,  nd = 48,  mds =  0

 MONACO:  continuing with uniform grid
 QCD W-W- jjj amplitude square information:
 alpha parameter of dipoles:    1.0000000000000000     
 -----------------------------------------------
  

 iteration  1:
 integral = -8.649379E-02,  sigma = 4.910E-02
 efficacy = 2.694E-06,  raw efficacy = 2.694E-06
 f_positive = 7.676E-2,  f_zero = 8.336E-1,  f_negative = 8.965E-2
 accumulated statistics:
 integral = -8.649379E-02,  sigma = 4.910E-02,  chi^2/iteration = 8.882E-16

 MONACO:  grid written to file grid3_1.out.1

 MONACO input parameters:
 ndim = 19,  ncall =       2M,   rtype = 0
 nprn =  0,  acc = -1.0E+0,  alph = 8.75E-1,  nd = 48,  mds =  0

 iteration  2:
 integral = -2.393340E-02,  sigma = 1.368E-02
 efficacy = 2.698E-06,  raw efficacy = 2.085E-08
 f_positive = 1.670E-1,  f_zero = 6.386E-1,  f_negative = 1.943E-1
 accumulated statistics:
 integral = -2.843808E-02,  sigma = 1.318E-02,  chi^2/iteration = 1.506E+06

 MONACO:  grid written to file grid3_1.out.2

 MONACO input parameters:
 ndim = 19,  ncall =       4M,   rtype = 0
 nprn =  0,  acc = -1.0E+0,  alph = 8.75E-1,  nd = 48,  mds =  0

 iteration  3:
 integral = -6.646179E-02,  sigma = 2.054E-02
 efficacy = 7.941E-07,  raw efficacy = 1.142E-08
 f_positive = 2.094E-1,  f_zero = 5.321E-1,  f_negative = 2.585E-1
 accumulated statistics:
 integral = -3.952387E-02,  sigma = 1.109E-02,  chi^2/iteration = 3.935E+00

 MONACO:  grid written to file grid3_1.out.3

 MONACO input parameters:
 ndim = 19,  ncall =       8M,   rtype = 0
 nprn =  0,  acc = -1.0E+0,  alph = 8.75E-1,  nd = 48,  mds =  0

 iteration  4:
 integral = -5.543876E-02,  sigma = 8.165E-03
 efficacy = 1.324E-06,  raw efficacy = 2.451E-09
 f_positive = 2.193E-1,  f_zero = 5.030E-1,  f_negative = 2.777E-1
 accumulated statistics:
 integral = -4.984418E-02,  sigma = 6.575E-03,  chi^2/iteration = 2.635E+00

 MONACO:  grid written to file grid3_1.out.4

 MONACO input parameters:
 ndim = 19,  ncall =      16M,   rtype = 0
 nprn =  0,  acc = -1.0E+0,  alph = 8.75E-1,  nd = 48,  mds =  0

 iteration  5:
 integral = -5.089699E-02,  sigma = 4.864E-03
 efficacy = 1.394E-06,  raw efficacy = 3.627E-10
 f_positive = 2.216E-1,  f_zero = 4.835E-1,  f_negative = 2.949E-1
 accumulated statistics:
 integral = -5.052464E-02,  sigma = 3.910E-03,  chi^2/iteration = 1.762E+00

 MONACO:  grid written to file grid3_1.out.5

 MONACO input parameters:
 ndim = 19,  ncall =      32M,   rtype = 0
 nprn =  0,  acc = -1.0E+0,  alph = 8.75E-1,  nd = 48,  mds =  0

 iteration  6:
 integral = -4.858035E-02,  sigma = 1.794E-03
 efficacy = 2.145E-06,  raw efficacy = 1.344E-10
 f_positive = 2.265E-1,  f_zero = 4.527E-1,  f_negative = 3.208E-1
 accumulated statistics:
 integral = -4.891851E-02,  sigma = 1.631E-03,  chi^2/iteration = 1.373E+00

 MONACO:  grid written to file grid3_1.out.6
 
  result for real emissions 
  sigma =   -4.8918512164230009E-002  +-    1.6308012655894945E-003  fb
  
 
total number of errors and warnings
===================================
fferr: no errors
 
  
  final result at NLO 
  sigma =    1.0519122869782376       +-    2.0574764926904712E-003  fb  0.19559392148568344      %

  penbox/ fermionloops instabilites 
      total calls                      0
      instabilities dble               0   0.0000000000000000      %
      instabilities quad               0   0.0000000000000000      %
  Box instabilites 
      total calls                7565616
      instabilities dble             853   1.1274693296619865E-002 %
      instabilities quad             853   1.1274693296619865E-002 %
  Pentagon instabilites 
      total calls                      0
      instabilities dble               0   0.0000000000000000      %
      instabilities quad               0   0.0000000000000000      %
  Hexagon instabilites 
      total calls                3782808
      instabilities dble             284   7.5076504015006845E-003 %
      instabilities quad             284   7.5076504015006845E-003 %
 

 ========================================
    results of individual contributions
 ========================================

 virtual contributions
 gnlo           1  0.67886642943462727       +-    4.8964394678672552E-004
 gnlo           2  0.30894712363033444       +-    1.1229135865021191E-003
 gnlo           3  0.11301724607750556       +-    2.7020479779169687E-004

 total virtual contributions for different phase spaces
 subproc           1   1.1008307991424675       +-    1.2544707051683531E-003

 total virtual contributions for different subprocesses
 subproc           1  0.67827829913150628       +-    9.0855401283483975E-004
 subproc           2  0.33380763593434665       +-    7.7284010102839161E-004
 subproc           3   8.8744864076614402E-002  +-    3.8851580936909169E-004

 RE subprocesses
 PS            1
 subproc           1  -4.8918512164230009E-002  +-    1.6308012655894945E-003
  
  
  
 !!!!!!!!!!!!!!!!!!!!!!!!!!!!!!!!!!!!!!!!!!!!!!!!!!!!!!!!!!!!!!!!!!!!!!!!!!!!!!!!!!!!!!!!!!!!!!!!!!!!!!!!
     VBFNLO 3.0.0 beta0 svn 7628
   
  PROCESS:         3260   :   p p -->  W- W- jj -->  e- ve~ mu- vmu~ jj (QCD induced)
   
  TOTAL result (LO):         0.70253694914446452       +-    4.4161202535336624E-004  fb     6.2859615553481213E-002 %
  NLO virtual result:         1.1008307991424673       +-    1.2544707051683531E-003  fb    0.11395672306276036      %
  QCD real emission:         -4.8918512164230009E-002  +-    1.6308012655894945E-003  fb    -3.3337098645080263      %
  TOTAL result (NLO):         1.0519122869782376       +-    2.0574764926904712E-003  fb    0.19559392148568344      %
  Approx. error due to instable points:    3.6802549525591357E-003  %
  K-Factor:                   1.4973052851657629     
 !!!!!!!!!!!!!!!!!!!!!!!!!!!!!!!!!!!!!!!!!!!!!!!!!!!!!!!!!!!!!!!!!!!!!!!!!!!!!!!!!!!!!!!!!!!!!!!!!!!!!!!!
  
  
