   
 -----------------------------------------------------------------
 VBFNLO, version 3.0.0 beta4 GIT d31b2d5b
 Comput. Phys. Commun. 180 (2009) 1661[arXiv:0811.4559 [hep-ph]]
 arXiV:1107.4038, arXiV:1207.4975, arXiv:1404.3940
 http://www.itp.kit.edu/vbfnlo
 -----------------------------------------------------------------
 Process-specific references (please cite as well if appropriate):
 T. Figy, V. Hankele and D. Zeppenfeld,
 JHEP 0802 (2008) 076, e-Print: arXiv:0710.5621 [hep-ph].
 
 -----------------------------------------------------------------
   
   
   
 Initialising LoopTools ..
   
 ====================================================
   FF 2.0, a package to evaluate one-loop integrals
 written by G. J. van Oldenborgh, NIKHEF-H, Amsterdam
 ====================================================
 for the algorithms used see preprint NIKHEF-H 89/17,
 'New Algorithms for One-loop Integrals', by G.J. van
 Oldenborgh and J.A.M. Vermaseren, published in 
 Zeitschrift fuer Physik C46(1990)425.
 ====================================================
  
        Information on global parameters
 -----------------------------------------------
   PROCESS               =      112
   LOPROCESS_PLUS_JET    =        F
   KK_MOD                =        F
   ANOM_CPL              =        F
   LO_ITERATIONS         =        6
   NLO_ITERATIONS        =        6
   LO_POINTS             =       25
   NLO_POINTS            =       25
   NLO_SWITCH            =        T
   EWCOR_SWITCH          =        F
   FERMIONLOOP           =        3
   LHA_SWITCH            =        F
   HEPMC_SWITCH          =        F
   LO_GRID               = grid2_1                                           
   NLO_GRID              = grid3_1                                           
   PHTN_GRID             = grid4_1                                           
   FLOOP_GRID            = grid5_1                                           
   ECM                   =  14000.0    
   BEAM1                 =        1
   BEAM2                 =        1
   ID_MUF                =        0
   ID_MUR                =        0
   MUF_USER              =  100.000    
   MUR_USER              =  100.000    
   XIF                   =  1.00000    
   XIR                   =  1.00000    
 Warning: cannot read value for key = SHOWTIMING. Using default value :  T
 Warning: cannot read value for key = HSCHEME. Using default value :            0
 
       information on the selected process 
 -----------------------------------------------
 
  pp -> H jjj -> mu+ mu- jjj
 
 Higgs + 3 jets production in vector boson fusion with Higgs decay
 to mu+ mu-.
 Process is implemented at LO and NLO QCD.
 The Q**2 of the produced Higgs is generated in the narrow width approximation.
 Reference: T. Figy, V. Hankele and D. Zeppenfeld,
 JHEP 0802 (2008) 076, e-Print: arXiv:0710.5621 [hep-ph].
 
 Initializing PDF set CT10
  
               Physics parameters
 -----------------------------------------------
   HTYPE                 =        0
   MODEL                 =        1
   ANOM_CPL              =        F
   KK_MOD                =        F
   SPIN2                 =        F
   HMASS                 =  120.000    
   HWIDTH                = -999.000    
   TOPMASS               =  172.400    
   BOTTOMMASS            =  4.85500    
   CHARMMASS             =  1.65000    
   TAU_MASS              =  1.77684    
   EWSCHEME              =        3
   FERMI_CONST           = 0.116637E-04
   WMASS                 =  80.3980    
   ZMASS                 =  91.1876    
   
 Running in the SM
   
 Higgs mass =   120.00000000000000     
   
   
 Higgs is produced on-shell
  
 Information on scale setting in InitScales 
 -------------------------------------------
  
 Constant factorization scale chosen: mu_F =   100.00000000000000       GeV 
 Constant value for alphas chosen: alphas(NLO) =  0.11636176352327796     
 Initializing PDF set cteq6l1
  
  
 Constant value for alphas chosen: alphas(LO) =  0.12793873092679636     
  
  
   Information on couplings, masses and widths
 ===============================================
  
   SM coupling parameters 
 ---------------------------
   G_Fermi                         : 0.000011663700
   SIN**2 of the weak mixing angle : 0.22264585
   Q.E.D. fine structure constant  : 1/132.34070    
   SU(2) coupling constant g       : 0.65305673
   U(1) coupling constant g'       : 0.34950127
   Q.C.D. LO alfas(MZ)             : 0.12980813
   Q.C.D. NLO alfas(MZ)            : 0.11798159
  
      particle masses
 ---------------------------
   mass of the Z0 boson            :   91.1876
   mass of the W+/- boson          :   80.3980
   mass of the Higgs boson         :  120.0000
   mass of the top quark           :  172.4000
   mass of the bottom quark at MH  :    2.8132
  (All other fermions have mass equal ZERO)
  
      particle widths
 ---------------------------
   total widths of Z0              :   2.508420 GeV
   total widths of W+ or W-        :   2.097673 GeV
   total widths of Higgs           :   0.003578 GeV
   total widths of top quark       :   1.339784 GeV
  
     branching ratios
 ---------------------------
   W -> lepton anti-lepton         : 10.8397227 %
   W -> massless quark anti-quark  : 33.7404159 %
   W -> top bottom                 :  0.0000000 %
  
   Z -> neutrino anti-neutrino     :  6.6129820 %
   Z -> charged lepton anti-lepton :  3.3460763 %
   Z -> up-type quark anti-quark   : 11.9908090 %
   Z -> down-type quark anti-quark : 15.3804024 %
   Z -> top anti-top               :  0.0000000 %
  
   H -> WW                         : 13.4257085 %
   H -> ZZ                         :  1.5167593 %
   H -> bottom anti-bottom         : 65.5969832 %
   H -> top anti-top               :  0.0000000 %
   H -> charm anti-charm           :  3.8970452 %
   H -> tau anti-tau               :  6.9405324 %
   H -> mu anti-mu                 :  0.0245739 %
   H -> gluon gluon                :  8.2279367 %
   H -> gamma gamma                :  0.2323288 %
   H -> Z gamma                    :  0.1381319 %
  
 Warning: cannot read value for key = MLL_OSONLY. Using default value :  T
 Warning: cannot read value for key = PTMISS_MIN. Using default value :    0.0000000000000000     
 
          information on cut parameters
 -----------------------------------------------
 
 minimum jet pt        (PT_JET_MIN):     20.00    20.00    20.00    20.00   
 maximum jet rapidity                 (Y_JET_MAX):    4.5000000000000000     
 maximum parton pseudorapidity          (Y_P_MAX):    5.0000000000000000     
 minimum jet-jet R-separation           (RJJ_MIN):   0.80000000000000004     
 minimum number of jets                (NJET_MIN):            3
 single jet from hadronic decay (SINGLE_DECAYJET):            0
 exponent of generalised kT algorithm (PGENKTJET):    1.0000000000000000     
 minimum lepton-lepton R-separation     (RLL_MIN):    0.0000000000000000     
 maximum lepton-lepton R-separation     (RLL_MAX):    50.000000000000000     
 minimum jet-lepton R-separation        (RJL_MIN):    0.0000000000000000     
 minimum jet-photon R-separation        (RJG_MIN):    0.0000000000000000     
 minimum lepton-photon R-separation     (RLG_MIN):    0.0000000000000000     
 minimum photon-photon R-separation     (RGG_MIN):    0.0000000000000000     
 maximum photon-photon R-separation     (RGG_MAX):    50.000000000000000     
 maximum lepton rapidity                (Y_L_MAX):    2.5000000000000000     
 minimum lepton pt       (PT_L_MIN):     10.00    10.00   
 minimum invariant dilepton mass        (MLL_MIN):    15.000000000000000     
 maximum invariant dilepton mass        (MLL_MAX):    14000.000000000000     
 m_ll cuts only on opposite-sign l   (MLL_OSONLY):  T
 maximum photon rapidity                (Y_G_MAX):    1.5000000000000000     
 minimum photon pt       (PT_G_MIN):    
 photon isolation cut                 (PHISOLCUT):   0.69999999999999996     
 efficiency of photon isolation cut   (EFISOLCUT):    1.0000000000000000     
 minimum invariant lepton-photon mass   (MLG_MIN):    0.0000000000000000     
 maximum invariant lepton-photon mass   (MLG_MAX):    1.0000000000000000E+020
 minimal missing transverse momentum (PTMISS_MIN):    0.0000000000000000     
 minimum jet rapidity separation      (ETAJJ_MIN):    4.0000000000000000     
 tagging jets in opposite hemispheres     (YSIGN):    T
 leptons fall inside rapidity gap     (LRAPIDGAP):    T
 min leptons y-dist from tagging jets   (DELY_JL):    0.0000000000000000     
 photons fall inside rapidity gap     (GRAPIDGAP):    T
 min photons y-dist from tagging jets   (DELY_JG):    0.0000000000000000     
 dijet min mass cut on tag jets        (MDIJ_MIN):    600.00000000000000     
 dijet max mass cut on tag jets        (MDIJ_MAX):    14000.000000000000     
 veto criteria for jets                   (JVETO):    F
 minimum veto-tag y-dist             (DELY_JVETO):    0.0000000000000000     
 maximum |y| for veto jet             (YMAX_VETO):    5.0000000000000000     
 minimum pT for veto jet             (PTMIN_VETO):    10.000000000000000     
 

        phase space generator information  
 -----------------------------------------------

 boson  6 has mass 120.00 GeV and width  0.0036 GeV
 integration range for boson  6 =    119.463  to      120.537 GeV

 pTjmin =   20.0    20.0    20.0    20.0
 Ejmin  =    0.0     0.0     0.0     0.0
 yjmin  =    0.0     0.0     0.0     0.0
 yjmax  =    4.5     4.5     4.5     4.5
 infoj  =     -1      -1      -1      -1
 machine energy =    14000.0  GeV
 Minimal mom.transfer or mass for parton pair:   100.00 MeV

 -----------------------------------------------

  Open error on file random.dat
  Using default values.
  Random number generator initialized with seed =            0
 
          information on histogram config
 -----------------------------------------------
 
  Open error on file histograms.dat
  Using default values.
 SMEARING           =      T
 SMEAR_VALUE        =       0.10000000000000001     
 CALC_ERROR_GNUPLOT =      F
 CALC_ERROR_ROOT    =      F
 CALC_ERROR_1D      =      T
 CALC_ERROR_2D      =      F
 
HIST_ID1      =      0.00    250.00  # dS/dpT_j (fb/GeV)
HIST_ID2      =      0.00    500.00  # dS/dpTmax_j (fb/GeV)
HIST_ID3      =      0.00    200.00  # dS/dpTmin_j (fb/GeV)
HIST_ID4      =     -5.00      5.00  # dS/dy_j (fb)
HIST_ID5      =     -5.00      5.00  # dS/dy_j1 (fb)
HIST_ID6      =     -5.00      5.00  # dS/dy_j2 (fb)
HIST_ID7      =      0.00    500.00  # dS/dpTmax_l (fb/GeV)
HIST_ID8      =      0.00    200.00  # dS/dpTmin_l (fb/GeV)
HIST_ID9      =      0.00      5.00  # dS/d|eta|max_l (fb)
HIST_ID10     =      0.00      5.00  # dS/d|eta|min_l (fb)
HIST_ID11     =   -180.00    180.00  # dS/dPhi_jj (fb)
2DHIST_ID1    =      0.00      6.00      0.00    800.00  # d2S/dy_jj dm_jj (fb/GeV)
 
 -----------------------------------------------
 
 
 
Starttime: 2017-11-28T20:33:01+0100

 MONACO input parameters:
 ndim = 12,  ncall =       1M,   rtype = 0
 nprn =  0,  acc = -1.0E+0,  alph =  8.75E-1,  nd = 48,  mds =  0

 MONACO:  continuing with uniform grid
  
 H3j amplitude square information:
 -----------------------------------------------
  
  External b-quark contributions are excluded
  

 iteration  1:
 integral =  3.538050E-02,  sigma = 2.234E-03
 efficacy = 2.598E-05,  raw efficacy = 2.598E-05
 f_positive = 8.380E-3,  f_zero = 9.916E-1,  f_negative = 0.000E+0
 accumulated statistics:
 integral =  3.538050E-02,  sigma = 2.234E-03,  chi^2/iteration = 0.000E+00

 MONACO:  grid written to file grid2_1.out.1

 MONACO input parameters:
 ndim = 12,  ncall =       2M,   rtype = 0
 nprn =  0,  acc = -1.0E+0,  alph =  8.75E-1,  nd = 48,  mds =  0

 iteration  2:
 integral =  3.751498E-02,  sigma = 2.300E-04
 efficacy = 1.359E-03,  raw efficacy = 1.703E-05
 f_positive = 6.947E-2,  f_zero = 9.305E-1,  f_negative = 0.000E+0
 accumulated statistics:
 integral =  3.749259E-02,  sigma = 2.288E-04,  chi^2/iteration = 9.037E+05

 MONACO:  grid written to file grid2_1.out.2

 MONACO input parameters:
 ndim = 12,  ncall =       4M,   rtype = 0
 nprn =  0,  acc = -1.0E+0,  alph =  8.75E-1,  nd = 48,  mds =  0

 iteration  3:
 integral =  3.735207E-02,  sigma = 8.298E-05
 efficacy = 1.956E-03,  raw efficacy = 1.393E-05
 f_positive = 1.457E-1,  f_zero = 8.543E-1,  f_negative = 0.000E+0
 accumulated statistics:
 integral =  3.736841E-02,  sigma = 7.801E-05,  chi^2/iteration = 1.237E+00

 MONACO:  grid written to file grid2_1.out.3

 MONACO input parameters:
 ndim = 12,  ncall =       8M,   rtype = 0
 nprn =  0,  acc = -1.0E+0,  alph =  8.75E-1,  nd = 48,  mds =  0

 iteration  4:
 integral =  3.735520E-02,  sigma = 4.660E-05
 efficacy = 2.904E-03,  raw efficacy = 1.132E-05
 f_positive = 1.922E-1,  f_zero = 8.078E-1,  f_negative = 0.000E+0
 accumulated statistics:
 integral =  3.735867E-02,  sigma = 4.001E-05,  chi^2/iteration = 6.291E-01

 MONACO:  grid written to file grid2_1.out.4

 MONACO input parameters:
 ndim = 12,  ncall =      16M,   rtype = 0
 nprn =  0,  acc = -1.0E+0,  alph =  8.75E-1,  nd = 48,  mds =  0

 iteration  5:
 integral =  3.729433E-02,  sigma = 3.049E-05
 efficacy = 1.422E-03,  raw efficacy = 9.968E-06
 f_positive = 2.197E-1,  f_zero = 7.803E-1,  f_negative = 0.000E+0
 accumulated statistics:
 integral =  3.731797E-02,  sigma = 2.425E-05,  chi^2/iteration = 9.649E-01

 MONACO:  grid written to file grid2_1.out.5

 MONACO input parameters:
 ndim = 12,  ncall =      32M,   rtype = 0
 nprn =  0,  acc = -1.0E+0,  alph =  8.75E-1,  nd = 48,  mds =  0

 iteration  6:
 integral =  3.730939E-02,  sigma = 2.116E-05
 efficacy = 1.163E-03,  raw efficacy = 9.935E-06
 f_positive = 2.351E-1,  f_zero = 7.649E-1,  f_negative = 0.000E+0
 accumulated statistics:
 integral =  3.731310E-02,  sigma = 1.594E-05,  chi^2/iteration = 7.415E-01

 MONACO:  grid written to file grid2_1.out.6
 
  result (LO):    3.7313097578504435E-002  +-    1.5944515631952800E-005  fb     4.2731685833390085E-002 %
 
   
 Initialising FF ..
   
 ====================================================
   FF 2.0, a package to evaluate one-loop integrals
 written by G. J. van Oldenborgh, NIKHEF-H, Amsterdam
 ====================================================
 for the algorithms used see preprint NIKHEF-H 89/17,
 'New Algorithms for One-loop Integrals', by G.J. van
 Oldenborgh and J.A.M. Vermaseren, published in 
 Zeitschrift fuer Physik C46(1990)425.
 ====================================================
 Initializing PDF set CT10

 MONACO input parameters:
 ndim = 12,  ncall =      32M,   rtype = 0
 nprn =  0,  acc = -1.0E+0,  alph =  8.75E-1,  nd = 48,  mds =  0

 MONACO:  grid read from file grid2_1.out.6                                                                                                                                                                                                                                             

 iteration  1:
 integral =  4.328822E-02,  sigma = 2.511E-05
 efficacy = 9.905E-04,  raw efficacy = 8.102E-06
 f_positive = 2.438E-1,  f_zero = 7.562E-1,  f_negative = 2.500E-5
 accumulated statistics:
 integral =  4.328822E-02,  sigma = 2.511E-05,  chi^2/iteration = 0.000E+00

 MONACO:  grid written to file grid2_1.vout.1
  
  result for virtual contribution, no.            1
  sigma =    4.3288219069314286E-002  +-    2.5108872713722717E-005  fb  
  
 total result for virtual contns so far 
  sigma =    4.3288219069314286E-002  +-    2.5108872713722717E-005  fb
  
   
 Summary for FF ..
   
 
total number of errors and warnings
===================================
vbffferr: no errors
the warning system has been disabled
 

 MONACO input parameters:
 ndim = 15,  ncall =       1M,   rtype = 0
 nprn =  0,  acc = -1.0E+0,  alph =  8.75E-1,  nd = 48,  mds =  0

 MONACO:  continuing with uniform grid
  
 H4j amplitude square information:
 -----------------------------------------------
  
  External b-quark contributions are excluded
  

 iteration  1:
 integral =  3.100635E-03,  sigma = 3.755E-03
 efficacy = 9.998E-07,  raw efficacy = 9.998E-07
 f_positive = 1.499E-2,  f_zero = 9.549E-1,  f_negative = 3.014E-2
 accumulated statistics:
 integral =  3.100635E-03,  sigma = 3.755E-03,  chi^2/iteration = 1.110E-16

 MONACO:  grid written to file grid3_1.out.1

 MONACO input parameters:
 ndim = 15,  ncall =       2M,   rtype = 0
 nprn =  0,  acc = -1.0E+0,  alph =  8.75E-1,  nd = 48,  mds =  0

 iteration  2:
 integral = -2.915539E-03,  sigma = 1.507E-03
 efficacy = 1.628E-06,  raw efficacy = 5.127E-08
 f_positive = 5.528E-2,  f_zero = 8.489E-1,  f_negative = 9.584E-2
 accumulated statistics:
 integral = -2.080801E-03,  sigma = 1.399E-03,  chi^2/iteration = 2.210E+06

 MONACO:  grid written to file grid3_1.out.2

 MONACO input parameters:
 ndim = 15,  ncall =       4M,   rtype = 0
 nprn =  0,  acc = -1.0E+0,  alph =  8.75E-1,  nd = 48,  mds =  0

 iteration  3:
 integral = -3.394716E-03,  sigma = 5.963E-04
 efficacy = 2.578E-06,  raw efficacy = 1.876E-09
 f_positive = 1.023E-1,  f_zero = 7.372E-1,  f_negative = 1.605E-1
 accumulated statistics:
 integral = -3.192640E-03,  sigma = 5.486E-04,  chi^2/iteration = 2.957E+00

 MONACO:  grid written to file grid3_1.out.3

 MONACO input parameters:
 ndim = 15,  ncall =       8M,   rtype = 0
 nprn =  0,  acc = -1.0E+0,  alph =  8.75E-1,  nd = 48,  mds =  0

 iteration  4:
 integral = -2.665606E-03,  sigma = 2.932E-04
 efficacy = 2.493E-06,  raw efficacy = 1.855E-09
 f_positive = 1.162E-1,  f_zero = 6.931E-1,  f_negative = 1.906E-1
 accumulated statistics:
 integral = -2.782711E-03,  sigma = 2.586E-04,  chi^2/iteration = 1.837E+00

 MONACO:  grid written to file grid3_1.out.4

 MONACO input parameters:
 ndim = 15,  ncall =      16M,   rtype = 0
 nprn =  0,  acc = -1.0E+0,  alph =  8.75E-1,  nd = 48,  mds =  0

 iteration  5:
 integral = -2.498094E-03,  sigma = 1.923E-04
 efficacy = 2.683E-06,  raw efficacy = 3.392E-10
 f_positive = 1.269E-1,  f_zero = 6.680E-1,  f_negative = 2.051E-1
 accumulated statistics:
 integral = -2.599419E-03,  sigma = 1.543E-04,  chi^2/iteration = 1.485E+00

 MONACO:  grid written to file grid3_1.out.5

 MONACO input parameters:
 ndim = 15,  ncall =      32M,   rtype = 0
 nprn =  0,  acc = -1.0E+0,  alph =  8.75E-1,  nd = 48,  mds =  0

 iteration  6:
 integral = -2.812320E-03,  sigma = 1.260E-04
 efficacy = 1.988E-06,  raw efficacy = 3.225E-10
 f_positive = 1.303E-1,  f_zero = 6.635E-1,  f_negative = 2.061E-1
 accumulated statistics:
 integral = -2.727176E-03,  sigma = 9.757E-05,  chi^2/iteration = 1.399E+00

 MONACO:  grid written to file grid3_1.out.6
 
  result for real emissions 
  sigma =   -2.7271758736746995E-003  +-    9.7570713528166120E-005  fb
  
 
total number of errors and warnings
===================================
fferr: no errors
 
  
  final result at NLO 
  sigma =    4.0561043195639586E-002  +-    1.0074968797643687E-004  fb  0.24839027805692065      %
 
   
 TOTAL VIRTUAL CONTRIBUTIONS:
 TOTAL borntype:
   4.3288219069314286E-002   2.5108872713722717E-005   5.8003940225671333E-002  %
  
  
  
 !!!!!!!!!!!!!!!!!!!!!!!!!!!!!!!!!!!!!!!!!!!!!!!!!!!!!!!!!!!!!!!!!!!!!!!!!!!!!!!!!!!!!!!!!!!!!!!!!!!!!!!!
   
  PROCESS:          112   :   p p --> H jjj --> mu+ mu- jjj
   
  TOTAL result (LO):        0.03731309757850  +-    0.00001594451563 fb    0.04273168583339 %
  NLO virtual result:       0.04328821906931  +-    0.00002510887271 fb    0.05800394022567 %
  QCD real emission:       -0.00272717587367  +-    0.00009757071353 fb   -3.57771988488207 %
  TOTAL result (NLO):       0.04056104319564  +-    0.00010074968798 fb    0.24839027805692 %
  K-Factor:                  1.0870457246360121     
 !!!!!!!!!!!!!!!!!!!!!!!!!!!!!!!!!!!!!!!!!!!!!!!!!!!!!!!!!!!!!!!!!!!!!!!!!!!!!!!!!!!!!!!!!!!!!!!!!!!!!!!!
  
  
  Endtime: 2017-11-29T01:25:24+0100
  Runtime: 4:52:22 (17542 seconds)
