   
 -----------------------------------------------------------------
 VBFNLO, version 3.0.0 beta0 svn 7626
 Comput. Phys. Commun. 180 (2009) 1661[arXiv:0811.4559 [hep-ph]]
 arXiV:1107.4038, arXiV:1207.4975, arXiv:1404.3940
 http://www.itp.kit.edu/vbfnlo
 -----------------------------------------------------------------
 Process-specific references (please cite as well if appropriate):
 
 F. Campanario, C. Englert, M. Spannowsky, D. Zeppenfeld
 Europhys.Lett. 88 (2009) 11001, e-Print: arXiv:0908.1638 [hep-ph],
 F. Campanario, C. Englert, M. Spannowsky
 Phys.Rev. D83 (2011) 074009, e-Print: arXiv:1010.1291 [hep-ph]
 
 -----------------------------------------------------------------
   
   
   
 Initialising LoopTools ..
   
 ====================================================
   FF 2.0, a package to evaluate one-loop integrals
 written by G. J. van Oldenborgh, NIKHEF-H, Amsterdam
 ====================================================
 for the algorithms used see preprint NIKHEF-H 89/17,
 'New Algorithms for One-loop Integrals', by G.J. van
 Oldenborgh and J.A.M. Vermaseren, published in 
 Zeitschrift fuer Physik C46(1990)425.
 ====================================================
  
        Information on global parameters
 -----------------------------------------------
   PROCESS               =      620
   LOPROCESS_PLUS_JET    =        F
   KK_MOD                =        F
   ANOM_CPL              =        F
   LEPTONS               =   -11   12
   LO_ITERATIONS         =        6
   NLO_ITERATIONS        =        6
   LO_POINTS             =       24
   NLO_POINTS            =       24
   NLO_SWITCH            =        T
   EWCOR_SWITCH          =        F
   FERMIONLOOP           =        3
   LHA_SWITCH            =        F
   HEPMC_SWITCH          =        F
   LO_GRID               = grid2_1                                           
                           grid2_2                                           
   NLO_GRID              = grid3_1                                           
                           grid3_2                                           
   PHTN_GRID             = grid4_1                                           
                           grid4_2                                           
   FLOOP_GRID            = grid5_1                                           
                           grid5_2                                           
   ECM                   =  14000.0    
   BEAM1                 =        1
   BEAM2                 =        1
   ID_MUF                =        0
   ID_MUR                =        0
   MUF_USER              =  100.000    
   MUR_USER              =  100.000    
   XIF                   =  1.00000    
   XIR                   =  1.00000    
 
       information on the selected process 
 -----------------------------------------------
 
  pp -> W+ A j -> l- vl A j
 
 W+ photon production in association with a hadronic jet.
 Process is implemented at LO and NLO QCD.
 Anomalous couplings can be set in "anomV.dat".
 References:
 F. Campanario, C. Englert, M. Spannowsky, D. Zeppenfeld
 Europhys.Lett. 88 (2009) 11001, e-Print: arXiv:0908.1638 [hep-ph],
 F. Campanario, C. Englert, M. Spannowsky
 Phys.Rev. D83 (2011) 074009, e-Print: arXiv:1010.1291 [hep-ph]
 
 Initializing PDF set CT10
  
               Physics parameters
 -----------------------------------------------
   HTYPE                 =        0
   MODEL                 =        1
   ANOM_CPL              =        F
   KK_MOD                =        F
   SPIN2                 =        F
   HMASS                 =  120.000    
   HWIDTH                = -999.000    
   TOPMASS               =  172.400    
   BOTTOMMASS            =  4.85500    
   CHARMMASS             =  1.65000    
   TAU_MASS              =  1.77684    
   EWSCHEME              =        3
   FERMI_CONST           = 0.116637E-04
   WMASS                 =  80.3980    
   ZMASS                 =  91.1876    
   
 Running in the SM
   
 Higgs mass =   120.00000000000000     
   
  
 Information on scale setting in InitScales 
 -------------------------------------------
  
 Constant factorization scale chosen: mu_F =   100.00000000000000       GeV 
 Constant value for alphas chosen: alphas(NLO) =  0.11636176352327796     
 Initializing PDF set cteq6l1
  
  
 Constant value for alphas chosen: alphas(LO) =  0.12793873092679636     
  
  
   Information on couplings, masses and widths
 ===============================================
  
   SM coupling parameters 
 ---------------------------
   G_Fermi                         : 0.000011663700
   SIN**2 of the weak mixing angle : 0.22264585
   Q.E.D. fine structure constant  : 1/132.34070    
   SU(2) coupling constant g       : 0.65305673
   U(1) coupling constant g'       : 0.34950127
   Q.C.D. LO alfas(MZ)             : 0.12980813
   Q.C.D. NLO alfas(MZ)            : 0.11798159
  
      particle masses
 ---------------------------
   mass of the Z0 boson            :   91.1876
   mass of the W+/- boson          :   80.3980
   mass of the Higgs boson         :  120.0000
   mass of the top quark           :  172.4000
   mass of the bottom quark at MH  :    2.8132
  (All other fermions have mass equal ZERO)
  
      particle widths
 ---------------------------
   total widths of Z0              :   2.508420 GeV
   total widths of W+ or W-        :   2.097673 GeV
   total widths of Higgs           :   0.003584 GeV
   total widths of top quark       :   1.339784 GeV
  
     branching ratios
 ---------------------------
   W -> lepton anti-lepton         : 10.8397227 %
   W -> massless quark anti-quark  : 33.7404159 %
   W -> top bottom                 :  0.0000000 %
  
   Z -> neutrino anti-neutrino     :  6.6129820 %
   Z -> charged lepton anti-lepton :  3.3460763 %
   Z -> up-type quark anti-quark   : 11.9908090 %
   Z -> down-type quark anti-quark : 15.3804024 %
   Z -> top anti-top               :  0.0000000 %
  
   H -> WW                         : 13.4042449 %
   H -> ZZ                         :  1.6940721 %
   H -> bottom anti-bottom         : 65.4907510 %
   H -> top anti-top               :  0.0000000 %
   H -> charm anti-charm           :  3.8907341 %
   H -> tau anti-tau               :  6.9292925 %
   H -> mu anti-mu                 :  0.0245341 %
   H -> gluon gluon                :  8.2146118 %
   H -> gamma gamma                :  0.2319526 %
   H -> Z gamma                    :  0.1198070 %
  
 Warning: cannot read value for key = MLL_OSONLY. Using default value :  T
 Warning: cannot read value for key = PTMISS_MIN. Using default value :    0.0000000000000000     
 
          information on cut parameters
 -----------------------------------------------
 
 minimum jet pt        (PT_JET_MIN):     50.00    50.00   
 maximum jet rapidity                 (Y_JET_MAX):    4.5000000000000000     
 maximum parton pseudorapidity          (Y_P_MAX):    5.0000000000000000     
 minimum jet-jet R-separation           (RJJ_MIN):   0.69999999999999996     
 minimum number of jets                (NJET_MIN):            1
 single jet from hadronic decay (SINGLE_DECAYJET):            0
 exponent of generalised kT algorithm (PGENKTJET):    1.0000000000000000     
 minimum lepton-lepton R-separation     (RLL_MIN):    0.0000000000000000     
 maximum lepton-lepton R-separation     (RLL_MAX):    50.000000000000000     
 minimum jet-lepton R-separation        (RJL_MIN):   0.20000000000000001     
 minimum jet-photon R-separation        (RJG_MIN):    0.0000000000000000     
 minimum lepton-photon R-separation     (RLG_MIN):   0.20000000000000001     
 minimum photon-photon R-separation     (RGG_MIN):    0.0000000000000000     
 maximum photon-photon R-separation     (RGG_MAX):    50.000000000000000     
 maximum lepton rapidity                (Y_L_MAX):    2.5000000000000000     
 minimum lepton pt       (PT_L_MIN):     20.00   
 minimum invariant dilepton mass        (MLL_MIN):    0.0000000000000000     
 maximum invariant dilepton mass        (MLL_MAX):    14000.000000000000     
 m_ll cuts only on opposite-sign l   (MLL_OSONLY):  T
 maximum photon rapidity                (Y_G_MAX):    2.5000000000000000     
 minimum photon pt       (PT_G_MIN):     50.00   
 photon isolation cut                 (PHISOLCUT):   0.59999999999999998     
 efficiency of photon isolation cut   (EFISOLCUT):    1.0000000000000000     
 minimum invariant lepton-photon mass   (MLG_MIN):    0.0000000000000000     
 maximum invariant lepton-photon mass   (MLG_MAX):    1.0000000000000000E+020
 minimal missing transverse momentum (PTMISS_MIN):    0.0000000000000000     
 minimum jet rapidity separation      (ETAJJ_MIN):    0.0000000000000000     
 tagging jets in opposite hemispheres     (YSIGN):    F
 leptons fall inside rapidity gap     (LRAPIDGAP):    F
 min leptons y-dist from tagging jets   (DELY_JL):    0.0000000000000000     
 photons fall inside rapidity gap     (GRAPIDGAP):    T
 min photons y-dist from tagging jets   (DELY_JG):    0.0000000000000000     
 dijet min mass cut on tag jets        (MDIJ_MIN):    600.00000000000000     
 dijet max mass cut on tag jets        (MDIJ_MAX):    14000.000000000000     
 veto criteria for jets                   (JVETO):    F
 minimum veto-tag y-dist             (DELY_JVETO):    0.0000000000000000     
 maximum |y| for veto jet             (YMAX_VETO):    5.0000000000000000     
 minimum pT for veto jet             (PTMIN_VETO):    10.000000000000000     
 

        phase space generator information  
 -----------------------------------------------

 boson  3 has mass  80.40 GeV and width  2.0977 GeV
 integration range for boson  3 =      0.032  to     9899.495 GeV

 pTjmin =   50.0    50.0    50.0    50.0
 Ejmin  =    0.0     0.0     0.0     0.0
 yjmin  =    0.0     0.0     0.0     0.0
 yjmax  =    4.5     4.5     4.5     4.5
 infoj  =     -1      -1      -1      -1
 machine energy =    14000.0  GeV
 Minimal mom.transfer or mass for parton pair:   100.00 MeV

 -----------------------------------------------

  Random number generator initialized with seed =            0
 
          information on histogram config
 -----------------------------------------------
 
 SMEARING           =      T
 SMEAR_VALUE        =       0.20000000000000001     
 CALC_ERROR_GNUPLOT =      F
 CALC_ERROR_ROOT    =      F
 CALC_ERROR_1D      =      T
 CALC_ERROR_2D      =      F
 
HIST_ID1      =      0.00    250.00  # dS/dpT_j (fb/GeV)
HIST_ID2      =      0.00    500.00  # dS/dpTmax_j (fb/GeV)
HIST_ID3      =      0.00    200.00  # dS/dpTmin_j (fb/GeV)
HIST_ID4      =     -5.00      5.00  # dS/dy_j (fb)
HIST_ID5      =     -5.00      5.00  # dS/dy_j1 (fb)
HIST_ID6      =     -5.00      5.00  # dS/dy_j2 (fb)
HIST_ID7      =      0.00    500.00  # dS/dpTmax_l (fb/GeV)
HIST_ID8      =      0.00    200.00  # dS/dpTmin_l (fb/GeV)
HIST_ID9      =      0.00      5.00  # dS/d|eta|max_l (fb)
HIST_ID10     =      0.00      5.00  # dS/d|eta|min_l (fb)
HIST_ID11     =   -180.00    180.00  # dS/dPhi_jj (fb)
2DHIST_ID1    =      0.00      6.00      0.00    800.00  # d2S/dy_jj dm_jj (fb/GeV)
 
 -----------------------------------------------
 
 
 
  
 PHASE SPACE           1
  

 MONACO input parameters:
 ndim =  9,  ncall =     512k,   rtype = 0
 nprn =  0,  acc = -1.0E+0,  alph = 8.75E-1,  nd = 48,  mds =  0

 MONACO:  continuing with uniform grid
  
 W+Aj amplitude square information:
 -----------------------------------------------
  
  alfas =  0.12793873092679636     
  
 -----------------------------------------------
  External b-quark contributions are excluded

 iteration  1:
 integral =  1.196939E+02,  sigma = 4.924E+00
 efficacy = 1.977E-04,  raw efficacy = 1.977E-04
 f_positive = 3.923E-2,  f_zero = 9.608E-1,  f_negative = 0.000E+0
 accumulated statistics:
 integral =  1.196939E+02,  sigma = 4.924E+00,  chi^2/iteration = 0.000E+00

 MONACO:  grid written to file grid2_1.out.1

 MONACO input parameters:
 ndim =  9,  ncall =       1M,   rtype = 0
 nprn =  0,  acc = -1.0E+0,  alph = 8.75E-1,  nd = 48,  mds =  0

 iteration  2:
 integral =  1.138158E+02,  sigma = 8.310E-01
 efficacy = 1.306E-03,  raw efficacy = 9.987E-05
 f_positive = 7.607E-2,  f_zero = 9.239E-1,  f_negative = 0.000E+0
 accumulated statistics:
 integral =  1.139786E+02,  sigma = 8.194E-01,  chi^2/iteration = 1.386E+06

 MONACO:  grid written to file grid2_1.out.2

 MONACO input parameters:
 ndim =  9,  ncall =       2M,   rtype = 0
 nprn =  0,  acc = -1.0E+0,  alph = 8.75E-1,  nd = 48,  mds =  0

 iteration  3:
 integral =  1.144863E+02,  sigma = 3.862E-01
 efficacy = 3.019E-03,  raw efficacy = 8.353E-05
 f_positive = 8.784E-2,  f_zero = 9.122E-1,  f_negative = 0.000E+0
 accumulated statistics:
 integral =  1.143940E+02,  sigma = 3.494E-01,  chi^2/iteration = 1.700E+00

 MONACO:  grid written to file grid2_1.out.3

 MONACO input parameters:
 ndim =  9,  ncall =       4M,   rtype = 0
 nprn =  0,  acc = -1.0E+0,  alph = 8.75E-1,  nd = 48,  mds =  0

 iteration  4:
 integral =  1.146470E+02,  sigma = 2.397E-01
 efficacy = 2.021E-03,  raw efficacy = 8.645E-05
 f_positive = 9.398E-2,  f_zero = 9.060E-1,  f_negative = 0.000E+0
 accumulated statistics:
 integral =  1.145660E+02,  sigma = 1.976E-01,  chi^2/iteration = 1.028E+00

 MONACO:  grid written to file grid2_1.out.4

 MONACO input parameters:
 ndim =  9,  ncall =       8M,   rtype = 0
 nprn =  0,  acc = -1.0E+0,  alph = 8.75E-1,  nd = 48,  mds =  0

 iteration  5:
 integral =  1.145112E+02,  sigma = 1.622E-01
 efficacy = 1.910E-03,  raw efficacy = 8.450E-05
 f_positive = 9.766E-2,  f_zero = 9.023E-1,  f_negative = 0.000E+0
 accumulated statistics:
 integral =  1.145332E+02,  sigma = 1.254E-01,  chi^2/iteration = 7.008E-01

 MONACO:  grid written to file grid2_1.out.5

 MONACO input parameters:
 ndim =  9,  ncall =      16M,   rtype = 0
 nprn =  0,  acc = -1.0E+0,  alph = 8.75E-1,  nd = 48,  mds =  0
  random number setting in monaco saved 

 iteration  6:
 integral =  1.146097E+02,  sigma = 1.127E-01
 efficacy = 1.352E-03,  raw efficacy = 8.093E-05
 f_positive = 9.977E-2,  f_zero = 9.002E-1,  f_negative = 0.000E+0
 accumulated statistics:
 integral =  1.145755E+02,  sigma = 8.380E-02,  chi^2/iteration = 5.770E-01

 MONACO:  grid written to file grid2_1.out.6
 
  result (LO):    114.57550957122830       +-    8.3804796418992050E-002  fb     7.3143725681527966E-002 %
 
  
 PHASE SPACE           2
  

 MONACO input parameters:
 ndim =  9,  ncall =     512k,   rtype = 0
 nprn =  0,  acc = -1.0E+0,  alph = 8.75E-1,  nd = 48,  mds =  0

 MONACO:  continuing with uniform grid

 iteration  1:
 integral =  3.949713E+02,  sigma = 1.054E+01
 efficacy = 1.606E-04,  raw efficacy = 1.606E-04
 f_positive = 8.923E-2,  f_zero = 9.108E-1,  f_negative = 0.000E+0
 accumulated statistics:
 integral =  3.949713E+02,  sigma = 1.054E+01,  chi^2/iteration = 2.274E-13

 MONACO:  grid written to file grid2_2.out.1

 MONACO input parameters:
 ndim =  9,  ncall =       1M,   rtype = 0
 nprn =  0,  acc = -1.0E+0,  alph = 8.75E-1,  nd = 48,  mds =  0

 iteration  2:
 integral =  4.053404E+02,  sigma = 1.805E+00
 efficacy = 1.494E-03,  raw efficacy = 9.291E-05
 f_positive = 3.586E-1,  f_zero = 6.414E-1,  f_negative = 0.000E+0
 accumulated statistics:
 integral =  4.050447E+02,  sigma = 1.779E+00,  chi^2/iteration = 9.406E+05

 MONACO:  grid written to file grid2_2.out.2

 MONACO input parameters:
 ndim =  9,  ncall =       2M,   rtype = 0
 nprn =  0,  acc = -1.0E+0,  alph = 8.75E-1,  nd = 48,  mds =  0

 iteration  3:
 integral =  4.079111E+02,  sigma = 8.135E-01
 efficacy = 1.848E-03,  raw efficacy = 4.378E-05
 f_positive = 5.049E-1,  f_zero = 4.951E-1,  f_negative = 0.000E+0
 accumulated statistics:
 integral =  4.074157E+02,  sigma = 7.398E-01,  chi^2/iteration = 3.087E+00

 MONACO:  grid written to file grid2_2.out.3

 MONACO input parameters:
 ndim =  9,  ncall =       4M,   rtype = 0
 nprn =  0,  acc = -1.0E+0,  alph = 8.75E-1,  nd = 48,  mds =  0

 iteration  4:
 integral =  4.072865E+02,  sigma = 4.893E-01
 efficacy = 2.345E-03,  raw efficacy = 2.332E-05
 f_positive = 5.736E-1,  f_zero = 4.264E-1,  f_negative = 0.000E+0
 accumulated statistics:
 integral =  4.073258E+02,  sigma = 4.081E-01,  chi^2/iteration = 1.554E+00

 MONACO:  grid written to file grid2_2.out.4

 MONACO input parameters:
 ndim =  9,  ncall =       8M,   rtype = 0
 nprn =  0,  acc = -1.0E+0,  alph = 8.75E-1,  nd = 48,  mds =  0

 iteration  5:
 integral =  4.080202E+02,  sigma = 3.255E-01
 efficacy = 2.302E-03,  raw efficacy = 1.591E-05
 f_positive = 5.998E-1,  f_zero = 4.002E-1,  f_negative = 0.000E+0
 accumulated statistics:
 integral =  4.077503E+02,  sigma = 2.545E-01,  chi^2/iteration = 1.626E+00

 MONACO:  grid written to file grid2_2.out.5

 MONACO input parameters:
 ndim =  9,  ncall =      16M,   rtype = 0
 nprn =  0,  acc = -1.0E+0,  alph = 8.75E-1,  nd = 48,  mds =  0
  random number setting in monaco saved 

 iteration  6:
 integral =  4.080384E+02,  sigma = 2.281E-01
 efficacy = 1.184E-03,  raw efficacy = 6.688E-06
 f_positive = 6.129E-1,  f_zero = 3.871E-1,  f_negative = 0.000E+0
 accumulated statistics:
 integral =  4.079100E+02,  sigma = 1.699E-01,  chi^2/iteration = 1.397E+00

 MONACO:  grid written to file grid2_2.out.6
 
  result (LO):    407.91000906196643       +-   0.16985560069710912       fb     4.1640459151201167E-002 %
 
 
  Total (multi-channel) result (LO):    522.48551863319472       +-   0.18940477552322824       fb     3.6250722511641097E-002 %
  
   
 Initialising FF ..
   
 ====================================================
   FF 2.0, a package to evaluate one-loop integrals
 written by G. J. van Oldenborgh, NIKHEF-H, Amsterdam
 ====================================================
 for the algorithms used see preprint NIKHEF-H 89/17,
 'New Algorithms for One-loop Integrals', by G.J. van
 Oldenborgh and J.A.M. Vermaseren, published in 
 Zeitschrift fuer Physik C46(1990)425.
 ====================================================
 ====================================================
   FF 2.0, a package to evaluate one-loop integrals
 written by G. J. van Oldenborgh, NIKHEF-H, Amsterdam
 ====================================================
 for the algorithms used see preprint NIKHEF-H 89/17,
 'New Algorithms for One-loop Integrals', by G.J. van
 Oldenborgh and J.A.M. Vermaseren, published in 
 Zeitschrift fuer Physik C46(1990)425.
 ====================================================
 Initializing PDF set CT10
  
 PHASE SPACE            1
  

 MONACO input parameters:
 ndim =  9,  ncall =      16M,   rtype = 0
 nprn =  0,  acc = -1.0E+0,  alph = 8.75E-1,  nd = 48,  mds =  0

 MONACO:  grid read from file grid2_1.out.6                                                                                                                                                                                                                                             
  
 W+Aj virtual amplitude square information:
 -----------------------------------------------
  
  
 -----------------------------------------------

 iteration  1:
 integral =  1.096507E+02,  sigma = 1.069E-01
 efficacy = 1.113E-03,  raw efficacy = 6.704E-05
 f_positive = 1.014E-1,  f_zero = 8.986E-1,  f_negative = 0.000E+0
 accumulated statistics:
 integral =  1.096507E+02,  sigma = 1.069E-01,  chi^2/iteration = 0.000E+00

 MONACO:  grid written to file grid2_1.vout.1
  
  result for virtual contribution, no.            1
  sigma =    109.65071593445207       +-   0.10693647956847067       fb  
  
 total result for virtual contns so far 
  sigma =    109.65071593445207       +-   0.10693647956847067       fb
  

 MONACO input parameters:
 ndim =  9,  ncall =       1M,   rtype = 0
 nprn =  0,  acc = -1.0E+0,  alph = 8.75E-1,  nd = 48,  mds =  0

 MONACO:  grid read from file grid2_1.out.6                                                                                                                                                                                                                                             

 iteration  1:
 integral = -6.011336E+00,  sigma = 4.067E-02
 efficacy = 9.136E-04,  raw efficacy = 7.933E-05
 f_positive = 1.219E-2,  f_zero = 8.986E-1,  f_negative = 8.919E-2
 accumulated statistics:
 integral = -6.011336E+00,  sigma = 4.067E-02,  chi^2/iteration = 0.000E+00

 MONACO:  grid written to file grid2_1.vout.2
  
  result for virtual contribution, no.            2
  sigma =   -6.0113358311690401       +-    4.0668646472228127E-002  fb  
  
 total result for virtual contns so far 
  sigma =    103.63938010328303       +-   0.11440869489851292       fb
  
  
 PHASE SPACE            2
  

 MONACO input parameters:
 ndim =  9,  ncall =      16M,   rtype = 0
 nprn =  0,  acc = -1.0E+0,  alph = 8.75E-1,  nd = 48,  mds =  0

 MONACO:  grid read from file grid2_2.out.6                                                                                                                                                                                                                                             

 iteration  1:
 integral =  3.956587E+02,  sigma = 2.155E-01
 efficacy = 1.206E-03,  raw efficacy = 9.158E-06
 f_positive = 6.186E-1,  f_zero = 3.814E-1,  f_negative = 0.000E+0
 accumulated statistics:
 integral =  3.956587E+02,  sigma = 2.155E-01,  chi^2/iteration = 0.000E+00

 MONACO:  grid written to file grid2_2.vout.1
  
  result for virtual contribution, no.            1
  sigma =    395.65871890528166       +-   0.21551577744886710       fb  
  
 total result for virtual contns so far 
  sigma =    395.65871890528166       +-   0.21551577744886710       fb
  

 MONACO input parameters:
 ndim =  9,  ncall =       1M,   rtype = 0
 nprn =  0,  acc = -1.0E+0,  alph = 8.75E-1,  nd = 48,  mds =  0

 MONACO:  grid read from file grid2_2.out.6                                                                                                                                                                                                                                             

 iteration  1:
 integral = -2.864163E+01,  sigma = 1.428E-01
 efficacy = 9.647E-04,  raw efficacy = 1.794E-05
 f_positive = 1.759E-1,  f_zero = 3.814E-1,  f_negative = 4.426E-1
 accumulated statistics:
 integral = -2.864163E+01,  sigma = 1.428E-01,  chi^2/iteration = 0.000E+00

 MONACO:  grid written to file grid2_2.vout.2
  
  result for virtual contribution, no.            2
  sigma =   -28.641632780409910       +-   0.14276990367899373       fb  
  
 total result for virtual contns so far 
  sigma =    367.01708612487175       +-   0.25851556186407576       fb
  
 
  Total (multi-channel) result (NLO virtual):    470.65646622815478       +-   0.28270062821698816       fb     6.0065174602306766E-002 %
 
   
 Summary for FF ..
   
 
total number of errors and warnings
===================================
vbffferr: no errors
the warning system has been disabled
 
 vbfquadffopen: error: could not open /itp/scratch/rauch/vbfquadnlotest/binaryrelease30/share/VBFNLO/ff/fferr.dat                                                     
         adjust path in vbfquadffopen (vbfquadffinit.f)
vbfquadfferr:  warning cannot open fferr.dat with error texts
 
total number of errors and warnings
===================================
vbfquadfferr: no errors
the warning system has been disabled
 
  
 PHASE SPACE            1
  

 MONACO input parameters:
 ndim = 12,  ncall =     512k,   rtype = 0
 nprn =  0,  acc = -1.0E+0,  alph = 8.75E-1,  nd = 48,  mds =  0

 MONACO:  continuing with uniform grid
  
 W+Ajj amplitude square information:
 -----------------------------------------------
  
 alfas=  0.11636176352327796     
  
  External b-quark contributions are excluded
  I include the calcluation of the finite
     collinear terms
 -----------------------------------------------

 iteration  1:
 integral =  5.006308E+01,  sigma = 6.356E+00
 efficacy = 2.973E-05,  raw efficacy = 2.973E-05
 f_positive = 5.177E-2,  f_zero = 9.012E-1,  f_negative = 4.707E-2
 accumulated statistics:
 integral =  5.006308E+01,  sigma = 6.356E+00,  chi^2/iteration = 1.421E-14

 MONACO:  grid written to file grid3_1.out.1

 MONACO input parameters:
 ndim = 12,  ncall =       1M,   rtype = 0
 nprn =  0,  acc = -1.0E+0,  alph = 8.75E-1,  nd = 48,  mds =  0

 iteration  2:
 integral =  4.822605E+01,  sigma = 3.759E+00
 efficacy = 1.982E-05,  raw efficacy = 8.368E-07
 f_positive = 1.024E-1,  f_zero = 8.417E-1,  f_negative = 5.583E-2
 accumulated statistics:
 integral =  4.870214E+01,  sigma = 3.236E+00,  chi^2/iteration = 6.189E+04

 MONACO:  grid written to file grid3_1.out.2

 MONACO input parameters:
 ndim = 12,  ncall =       2M,   rtype = 0
 nprn =  0,  acc = -1.0E+0,  alph = 8.75E-1,  nd = 48,  mds =  0

 iteration  3:
 integral =  4.669356E+01,  sigma = 1.241E+00
 efficacy = 4.051E-05,  raw efficacy = 3.032E-07
 f_positive = 1.338E-1,  f_zero = 8.115E-1,  f_negative = 5.465E-2
 accumulated statistics:
 integral =  4.695103E+01,  sigma = 1.158E+00,  chi^2/iteration = 3.979E-01

 MONACO:  grid written to file grid3_1.out.3

 MONACO input parameters:
 ndim = 12,  ncall =       4M,   rtype = 0
 nprn =  0,  acc = -1.0E+0,  alph = 8.75E-1,  nd = 48,  mds =  0

 iteration  4:
 integral =  4.781655E+01,  sigma = 7.319E-01
 efficacy = 5.759E-05,  raw efficacy = 7.289E-08
 f_positive = 1.341E-1,  f_zero = 8.126E-1,  f_negative = 5.334E-2
 accumulated statistics:
 integral =  4.756963E+01,  sigma = 6.188E-01,  chi^2/iteration = 3.984E-01

 MONACO:  grid written to file grid3_1.out.4

 MONACO input parameters:
 ndim = 12,  ncall =       8M,   rtype = 0
 nprn =  0,  acc = -1.0E+0,  alph = 8.75E-1,  nd = 48,  mds =  0

 iteration  5:
 integral =  4.793802E+01,  sigma = 4.769E-01
 efficacy = 4.159E-05,  raw efficacy = 5.774E-08
 f_positive = 1.316E-1,  f_zero = 8.169E-1,  f_negative = 5.159E-2
 accumulated statistics:
 integral =  4.780074E+01,  sigma = 3.777E-01,  chi^2/iteration = 3.397E-01

 MONACO:  grid written to file grid3_1.out.5

 MONACO input parameters:
 ndim = 12,  ncall =      16M,   rtype = 0
 nprn =  0,  acc = -1.0E+0,  alph = 8.75E-1,  nd = 48,  mds =  0

 iteration  6:
 integral =  4.808219E+01,  sigma = 2.986E-01
 efficacy = 5.865E-05,  raw efficacy = 1.836E-08
 f_positive = 1.236E-1,  f_zero = 8.275E-1,  f_negative = 4.900E-2
 accumulated statistics:
 integral =  4.797394E+01,  sigma = 2.343E-01,  chi^2/iteration = 3.402E-01

 MONACO:  grid written to file grid3_1.out.6
 
  result for real emissions 
  sigma =    47.973939991819066       +-   0.23425257697039992       fb
  
  
 PHASE SPACE            2
  

 MONACO input parameters:
 ndim = 12,  ncall =     512k,   rtype = 0
 nprn =  0,  acc = -1.0E+0,  alph = 8.75E-1,  nd = 48,  mds =  0

 MONACO:  continuing with uniform grid

 iteration  1:
 integral =  1.194681E+02,  sigma = 1.104E+02
 efficacy = 2.099E-06,  raw efficacy = 2.099E-06
 f_positive = 8.161E-2,  f_zero = 8.352E-1,  f_negative = 8.324E-2
 accumulated statistics:
 integral =  1.194681E+02,  sigma = 1.104E+02,  chi^2/iteration = 0.000E+00

 MONACO:  grid written to file grid3_2.out.1

 MONACO input parameters:
 ndim = 12,  ncall =       1M,   rtype = 0
 nprn =  0,  acc = -1.0E+0,  alph = 8.75E-1,  nd = 48,  mds =  0

 iteration  2:
 integral =  2.402186E+02,  sigma = 1.507E+01
 efficacy = 1.987E-05,  raw efficacy = 3.694E-06
 f_positive = 2.373E-1,  f_zero = 6.199E-1,  f_negative = 1.428E-1
 accumulated statistics:
 integral =  2.380107E+02,  sigma = 1.493E+01,  chi^2/iteration = 1.173E+06

 MONACO:  grid written to file grid3_2.out.2

 MONACO input parameters:
 ndim = 12,  ncall =       2M,   rtype = 0
 nprn =  0,  acc = -1.0E+0,  alph = 8.75E-1,  nd = 48,  mds =  0

 iteration  3:
 integral =  2.258601E+02,  sigma = 6.701E+00
 efficacy = 2.511E-05,  raw efficacy = 3.167E-07
 f_positive = 3.858E-1,  f_zero = 4.371E-1,  f_negative = 1.771E-1
 accumulated statistics:
 integral =  2.278962E+02,  sigma = 6.113E+00,  chi^2/iteration = 1.725E+00

 MONACO:  grid written to file grid3_2.out.3

 MONACO input parameters:
 ndim = 12,  ncall =       4M,   rtype = 0
 nprn =  0,  acc = -1.0E+0,  alph = 8.75E-1,  nd = 48,  mds =  0

 iteration  4:
 integral =  2.352669E+02,  sigma = 2.619E+00
 efficacy = 7.345E-05,  raw efficacy = 5.635E-07
 f_positive = 4.324E-1,  f_zero = 3.751E-1,  f_negative = 1.926E-1
 accumulated statistics:
 integral =  2.341241E+02,  sigma = 2.407E+00,  chi^2/iteration = 1.476E+00

 MONACO:  grid written to file grid3_2.out.4

 MONACO input parameters:
 ndim = 12,  ncall =       8M,   rtype = 0
 nprn =  0,  acc = -1.0E+0,  alph = 8.75E-1,  nd = 48,  mds =  0

 iteration  5:
 integral =  2.281712E+02,  sigma = 4.244E+00
 efficacy = 8.076E-06,  raw efficacy = 4.886E-08
 f_positive = 4.481E-1,  f_zero = 3.709E-1,  f_negative = 1.810E-1
 accumulated statistics:
 integral =  2.326754E+02,  sigma = 2.094E+00,  chi^2/iteration = 1.480E+00

 MONACO:  grid written to file grid3_2.out.5

 MONACO input parameters:
 ndim = 12,  ncall =      16M,   rtype = 0
 nprn =  0,  acc = -1.0E+0,  alph = 8.75E-1,  nd = 48,  mds =  0

 iteration  6:
 integral =  2.310183E+02,  sigma = 1.397E+00
 efficacy = 3.444E-05,  raw efficacy = 4.422E-08
 f_positive = 4.488E-1,  f_zero = 3.624E-1,  f_negative = 1.888E-1
 accumulated statistics:
 integral =  2.315288E+02,  sigma = 1.162E+00,  chi^2/iteration = 1.219E+00

 MONACO:  grid written to file grid3_2.out.6
 
  result for real emissions 
  sigma =    231.52883238828741       +-    1.1621772969660165       fb
  
 
  Total (multi-channel) result (NLO real):    279.50277238010648       +-    1.1855506481802072       fb    0.42416418201674633      %
 
 
total number of errors and warnings
===================================
fferr: no errors
 
  
  final result at NLO 
  sigma =    750.15923860826115       +-    1.2187903776264355       fb  0.16247088816603872      %
 
 
 LO for different PHASESPACE:
   114.57550957122830       +-    8.3804796418992050E-002  fb   7.3143725681527966E-002
   407.91000906196643       +-   0.16985560069710912       fb   4.1640459151201167E-002
  
  
 VIRTUAL CONTRIBUTIONS for different PHASESPACE:
  borntype for different PHASESPACE:
   109.65071593445207       +-   0.10693647956847067       fb   9.7524652399347822E-002
   395.65871890528166       +-   0.21551577744886710       fb   5.4470119613479390E-002
  boxes for different PHASESPACE:
  -6.0113358311690401       +-    4.0668646472228127E-002  fb -0.67653259798528331     
  -28.641632780409910       +-   0.14276990367899373       fb -0.49846984902566177     
   
 TOTAL VIRTUAL CONTRIBUTIONS:
 TOTAL borntype:
   505.30943483973374       0.24058774073482539        4.7611962917559869E-002  %
 TOTAL boxes:
  -34.652968611578949       0.14844926474183770      -0.42838830463787408       %
  
  
  REAL EMISSION for different PHASESPACE:
   47.973939991819066       0.23425257697039992       0.48829130359179734       %
   231.52883238828741        1.1621772969660165       0.50195791382775912       %
  
  
  
 !!!!!!!!!!!!!!!!!!!!!!!!!!!!!!!!!!!!!!!!!!!!!!!!!!!!!!!!!!!!!!!!!!!!!!!!!!!!!!!!!!!!!!!!!!!!!!!!!!!!!!!!
     VBFNLO 3.0.0 beta0 svn 7626
   
  PROCESS:          620   :   p p -->  W+ A j -->  e+ ve A j
   
  TOTAL result (LO):          522.48551863319472       +-   0.18940477552322824       fb     3.6250722511641097E-002 %
  NLO virtual result:         470.65646622815478       +-   0.28270062821698821       fb     6.0065174602306773E-002 %
  QCD real emission:          279.50277238010648       +-    1.1855506481802072       fb    0.42416418201674633      %
  TOTAL result (NLO):         750.15923860826115       +-    1.2187903776264355       fb    0.16247088816603872      %
  K-Factor:                   1.4357512540647128     
 !!!!!!!!!!!!!!!!!!!!!!!!!!!!!!!!!!!!!!!!!!!!!!!!!!!!!!!!!!!!!!!!!!!!!!!!!!!!!!!!!!!!!!!!!!!!!!!!!!!!!!!!
  
  
