   
 -----------------------------------------------------
 VBFNLO, version 2.7.0 rc1 svn 6148
 Comput. Phys. Commun. 180 (2009) 1661 [arXiv:0811.4559 [hep-ph]]
 arXiV: 1107.4038, arXiV: 1207.4975
 http://www.itp.kit.edu/~vbfnloweb/
 -----------------------------------------------------
   
   
   
 Initialising LoopTools ..
   
 ====================================================
   FF 2.0, a package to evaluate one-loop integrals
 written by G. J. van Oldenborgh, NIKHEF-H, Amsterdam
 ====================================================
 for the algorithms used see preprint NIKHEF-H 89/17,
 'New Algorithms for One-loop Integrals', by G.J. van
 Oldenborgh and J.A.M. Vermaseren, published in 
 Zeitschrift fuer Physik C46(1990)425.
 ====================================================
  
        Information on global parameters
 -----------------------------------------------
   PROCESS               =      481
   LOPROCESS_PLUS_JET    =        F
   KK_MOD                =        F
   ANOM_CPL              =        F
   LEPTONS               =    98
   DECAY_QUARKS          =    93
   LO_ITERATIONS         =        6
   NLO_ITERATIONS        =        6
   LO_POINTS             =       26
   NLO_POINTS            =       26
   NLO_SWITCH            =        T
   EWCOR_SWITCH          =        F
   FERMIONLOOP           =        3
   NLO_SEMILEP_DECAY     =        0
   LHA_SWITCH            =        F
   HEPMC_SWITCH          =        F
   LO_GRID               = grid2_1                                           
                           grid2_2                                           
                           grid2_3                                           
   NLO_GRID              = grid3_1                                           
                           grid3_2                                           
                           grid3_3                                           
   PHTN_GRID             = grid4_1                                           
                           grid4_2                                           
                           grid4_3                                           
   FLOOP_GRID            = grid5_1                                           
                           grid5_2                                           
                           grid5_3                                           
   ECM                   =  8000.00    
   BEAM1                 =        1
   BEAM2                 =        1
   ID_MUF                =        4
   ID_MUR                =        4
   MUF_USER              =  100.000    
   MUR_USER              =  100.000    
   XIF                   =  1.00000    
   XIR                   =  1.00000    
 
       information on the selected process 
 -----------------------------------------------
 
  pp -> W+ Z A -> q q~ l+ l- A
 
 W+ Z photon production with subsequent decay of the W boson to quarks
 and Z boson to leptons.
 Process is implemented at LO and NLO QCD.
 Anomalous couplings can be set in "anomV.dat".
 References: G. Bozzi, F. Campanario, M. Rauch et al.
 Phys. Lett. B696 (2011) 380, e-Print: arXiv:1011.2206 [hep-ph]
 B. Feigl, PhD-thesis, http://digbib.ubka.uni-karlsruhe.de/volltexte/1000037298
 
 Initializing PDF set CT10
  
               Physics parameters
 -----------------------------------------------
   HTYPE                 =        0
   MODEL                 =        1
   ANOM_CPL              =        F
   KK_MOD                =        F
   SPIN2                 =        F
   HMASS                 =  126.000    
   HWIDTH                = -999.000    
   TOPMASS               =  172.400    
   BOTTOMMASS            =  4.85500    
   CHARMMASS             =  1.65000    
   TAU_MASS              =  1.77684    
   EWSCHEME              =        3
   FERMI_CONST           = 0.116637E-04
   WMASS                 =  80.3980    
   ZMASS                 =  91.1876    
   
 Running in the SM
   
 Higgs mass =   126.00000000000000     
   
  
 Information on scale setting in InitScales 
 -------------------------------------------
  
 Dynamical factorization scale chosen:
       invariant VVV mass 
 Dynamical value for alphas chosen:
 alphas = alpha(invariant VVV mass)
 Initializing PDF set cteq6l1
  
  
  
  
   Information on couplings, masses and widths
 ===============================================
  
   SM coupling parameters 
 ---------------------------
   G_Fermi                         : 0.000011663700
   SIN**2 of the weak mixing angle : 0.22264585
   Q.E.D. fine structure constant  : 1/132.34070    
   SU(2) coupling constant g       : 0.65305673
   U(1) coupling constant g'       : 0.34950127
   Q.C.D. LO alfas(MZ)             : 0.12980813
   Q.C.D. NLO alfas(MZ)            : 0.11798159
  
      particle masses
 ---------------------------
   mass of the Z0 boson            :   91.1876
   mass of the W+/- boson          :   80.3980
   mass of the Higgs boson         :  126.0000
   mass of the top quark           :  172.4000
   mass of the bottom quark at MH  :    2.8020
  (All other fermions have mass equal ZERO)
  
      particle widths
 ---------------------------
   total widths of Z0              :   2.508420 GeV
   total widths of W+ or W-        :   2.097673 GeV
   total widths of Higgs           :   0.004277 GeV
   total widths of top quark       :   1.339784 GeV
  
     branching ratios
 ---------------------------
   W -> lepton anti-lepton         : 10.8397227 %
   W -> massless quark anti-quark  : 33.7404159 %
   W -> top bottom                 :  0.0000000 %
  
   Z -> neutrino anti-neutrino     :  6.6129820 %
   Z -> charged lepton anti-lepton :  3.3460763 %
   Z -> up-type quark anti-quark   : 11.9908090 %
   Z -> down-type quark anti-quark : 15.3804024 %
   Z -> top anti-top               :  0.0000000 %
  
   H -> WW                         : 22.0125356 %
   H -> ZZ                         :  3.0338266 %
   H -> bottom anti-bottom         : 57.0764080 %
   H -> top anti-top               :  0.0000000 %
   H -> charm anti-charm           :  3.3908342 %
   H -> tau anti-tau               :  6.0977649 %
   H -> mu anti-mu                 :  0.0215873 %
   H -> gluon gluon                :  7.9592311 %
   H -> gamma gamma                :  0.2380229 %
   H -> Z gamma                    :  0.1697893 %
  
 
          information on cut parameters
 -----------------------------------------------
 
 minimum jet pt        (PT_JET_MIN):     20.00    20.00    20.00   
 maximum jet rapidity                 (Y_JET_MAX):    4.5000000000000000     
 maximum parton pseudorapidity          (Y_P_MAX):    5.0000000000000000     
 minimum jet-jet R-separation           (RJJ_MIN):   0.80000000000000004     
 minimum number of jets                (NJET_MIN):            2
 single jet from hadronic decay (SINGLE_DECAYJET):            0
 exponent of generalised kT algorithm (PGENKTJET):    1.0000000000000000     
 minimum lepton-lepton R-separation     (RLL_MIN):   0.40000000000000002     
 maximum lepton-lepton R-separation     (RLL_MAX):    50.000000000000000     
 minimum jet-lepton R-separation        (RJL_MIN):   0.59999999999999998     
 minimum jet-photon R-separation        (RJG_MIN):   0.59999999999999998     
 minimum lepton-photon R-separation     (RLG_MIN):   0.59999999999999998     
 minimum photon-photon R-separation     (RGG_MIN):   0.59999999999999998     
 maximum photon-photon R-separation     (RGG_MAX):    50.000000000000000     
 maximum lepton rapidity                (Y_L_MAX):    2.5000000000000000     
 minimum lepton pt       (PT_L_MIN):     10.00    10.00   
 minimum invariant dilepton mass        (MLL_MIN):    15.000000000000000     
 maximum invariant dilepton mass        (MLL_MAX):    1.0000000000000000E+020
 m_ll cuts only on opposite-sign l   (MLL_OSONLY):  T
 maximum photon rapidity                (Y_G_MAX):    1.5000000000000000     
 minimum photon pt       (PT_G_MIN):     20.00   
 photon isolation cut                 (PHISOLCUT):   0.69999999999999996     
 efficiency of photon isolation cut   (EFISOLCUT):    1.0000000000000000     
 minimum invariant lepton-photon mass   (MLG_MIN):    0.0000000000000000     
 maximum invariant lepton-photon mass   (MLG_MAX):    1.0000000000000000E+020
 minimal missing transverse momentum (PTMISS_MIN):    0.0000000000000000     
 minimum jet rapidity separation      (ETAJJ_MIN):    0.0000000000000000     
 tagging jets in opposite hemispheres     (YSIGN):    F
 leptons fall inside rapidity gap     (LRAPIDGAP):    F
 min leptons y-dist from tagging jets   (DELY_JL):    0.0000000000000000     
 photons fall inside rapidity gap     (GRAPIDGAP):    F
 min photons y-dist from tagging jets   (DELY_JG):    0.0000000000000000     
 dijet min mass cut on tag jets        (MDIJ_MIN):    600.00000000000000     
 dijet max mass cut on tag jets        (MDIJ_MAX):    1.0000000000000000E+020
 veto criteria for jets                   (JVETO):    F
 minimum veto-tag y-dist             (DELY_JVETO):    0.0000000000000000     
 maximum |y| for veto jet             (YMAX_VETO):    4.5000000000000000     
 minimum pT for veto jet             (PTMIN_VETO):    50.000000000000000     
 definition of tagging jets          (DEF_TAGJET):            1
 minimal pt for harder tagging jet  (PTMIN_TAG_1):    20.000000000000000     
 minimal pt for softer tagging jet  (PTMIN_TAG_2):    20.000000000000000     
 mass reconst. cut for V -> had   (RECONST_HAD_V):            0
 mass range for RECONST_HAD_V      (V_MASS_RANGE):    20.000000000000000     
 

 --------------------PHASE SPACE--------------------

 boson has mass    80.40 GeV and width     2.0977 GeV
 integration range for boson   3 =      0.032  to     5656.854 GeV
 boson has mass    91.19 GeV and width     2.5084 GeV
 integration range for boson   2 =      0.032  to     5656.854 GeV
 boson has mass     0.00 GeV and width     0.0000 GeV
 integration range for boson   1 =      0.032  to     5656.854 GeV

 machine energy =     8000.0  GeV

 ---------------------------------------------------

  Random number generator initialized with seed =            0
 
          information on histogram config
 -----------------------------------------------
 
 SMEARING           =      T
 SMEAR_VALUE        =       0.20000000000000001     
 CALC_ERROR_GNUPLOT =      F
 CALC_ERROR_1D      =      T
 CALC_ERROR_2D      =      F
 
HIST_ID1      =      0.00    250.00  # dS/dpT_j (fb/GeV)
HIST_ID2      =      0.00    500.00  # dS/dpTmax_j (fb/GeV)
HIST_ID3      =      0.00    200.00  # dS/dpTmin_j (fb/GeV)
HIST_ID4      =     -5.00      5.00  # dS/deta_j (fb)
HIST_ID5      =     -5.00      5.00  # dS/deta_j1 (fb)
HIST_ID6      =     -5.00      5.00  # dS/deta_j2 (fb)
HIST_ID7      =      0.00    500.00  # dS/dpTmax_l (fb/GeV)
HIST_ID8      =      0.00    200.00  # dS/dpTmin_l (fb/GeV)
HIST_ID9      =      0.00      5.00  # dS/d|eta|max_l (fb)
HIST_ID10     =      0.00      5.00  # dS/d|eta|min_l (fb)
HIST_ID11     =   -180.00    180.00  # dS/dPhi_jj (fb)
2DHIST_ID1    =      0.00      6.00      0.00    800.00  # d2S/deta_jj dm_jj (fb/GeV)
 
 -----------------------------------------------
 
 
 
  
 PHASE SPACE           1
  

 MONACO input parameters:
 ndim = 12,  ncall =       2M,   rtype = 0
 nprn =  0,  acc = -1.0E+0,  alph = 8.75E-1,  nd = 48,  mds =  0

 MONACO:  continuing with uniform grid
  
 W+ZA amplitude square information:
 -----------------------------------------------
  
  precalculated tensors initialized to  (  0.0000000000000000     ,  0.0000000000000000     )
  External b-quark contributions are excluded

 iteration  1:
 integral =  2.289379E-01,  sigma = 6.296E-03
 efficacy = 5.810E-05,  raw efficacy = 5.810E-05
 f_positive = 1.428E-2,  f_zero = 9.857E-1,  f_negative = 0.000E+0
 accumulated statistics:
 integral =  2.289379E-01,  sigma = 6.296E-03,  chi^2/iteration = 0.000E+00

 MONACO:  grid written to file grid2_1.out.1

 MONACO input parameters:
 ndim = 12,  ncall =       4M,   rtype = 0
 nprn =  0,  acc = -1.0E+0,  alph = 8.75E-1,  nd = 48,  mds =  0

 iteration  2:
 integral =  2.313433E-01,  sigma = 1.039E-03
 efficacy = 3.840E-04,  raw efficacy = 1.251E-05
 f_positive = 1.257E-1,  f_zero = 8.743E-1,  f_negative = 0.000E+0
 accumulated statistics:
 integral =  2.312795E-01,  sigma = 1.026E-03,  chi^2/iteration = 1.421E+05

 MONACO:  grid written to file grid2_1.out.2

 MONACO input parameters:
 ndim = 12,  ncall =       8M,   rtype = 0
 nprn =  0,  acc = -1.0E+0,  alph = 8.75E-1,  nd = 48,  mds =  0

 iteration  3:
 integral =  2.327186E-01,  sigma = 4.942E-04
 efficacy = 6.667E-04,  raw efficacy = 4.519E-06
 f_positive = 1.986E-1,  f_zero = 8.014E-1,  f_negative = 0.000E+0
 accumulated statistics:
 integral =  2.324474E-01,  sigma = 4.452E-04,  chi^2/iteration = 1.740E+00

 MONACO:  grid written to file grid2_1.out.3

 MONACO input parameters:
 ndim = 12,  ncall =      16M,   rtype = 0
 nprn =  0,  acc = -1.0E+0,  alph = 8.75E-1,  nd = 48,  mds =  0

 iteration  4:
 integral =  2.323939E-01,  sigma = 3.044E-04
 efficacy = 2.973E-04,  raw efficacy = 4.507E-06
 f_positive = 2.297E-1,  f_zero = 7.703E-1,  f_negative = 0.000E+0
 accumulated statistics:
 integral =  2.324109E-01,  sigma = 2.513E-04,  chi^2/iteration = 8.751E-01

 MONACO:  grid written to file grid2_1.out.4

 MONACO input parameters:
 ndim = 12,  ncall =      32M,   rtype = 0
 nprn =  0,  acc = -1.0E+0,  alph = 8.75E-1,  nd = 48,  mds =  0

 iteration  5:
 integral =  2.328441E-01,  sigma = 2.156E-04
 efficacy = 2.135E-04,  raw efficacy = 9.703E-07
 f_positive = 2.407E-1,  f_zero = 7.593E-1,  f_negative = 0.000E+0
 accumulated statistics:
 integral =  2.326605E-01,  sigma = 1.636E-04,  chi^2/iteration = 1.154E+00

 MONACO:  grid written to file grid2_1.out.5

 MONACO input parameters:
 ndim = 12,  ncall =      64M,   rtype = 0
 nprn =  0,  acc = -1.0E+0,  alph = 8.75E-1,  nd = 48,  mds =  0
  random number setting in monaco saved 

 iteration  6:
 integral =  2.321090E-01,  sigma = 1.453E-04
 efficacy = 2.097E-04,  raw efficacy = 1.551E-06
 f_positive = 2.388E-1,  f_zero = 7.612E-1,  f_negative = 0.000E+0
 accumulated statistics:
 integral =  2.323522E-01,  sigma = 1.087E-04,  chi^2/iteration = 2.453E+00

 MONACO:  grid written to file grid2_1.out.6
 
  result (LO):   0.23235221574847298       +-    1.0866099928451998E-004  fb     4.6765639369735212E-002 %
 
  
 PHASE SPACE           2
  

 MONACO input parameters:
 ndim = 12,  ncall =       4M,   rtype = 0
 nprn =  0,  acc = -1.0E+0,  alph = 8.75E-1,  nd = 48,  mds =  0

 MONACO:  continuing with uniform grid

 iteration  1:
 integral =  8.428538E-03,  sigma = 7.956E-04
 efficacy = 3.125E-06,  raw efficacy = 3.125E-06
 f_positive = 1.679E-3,  f_zero = 9.983E-1,  f_negative = 0.000E+0
 accumulated statistics:
 integral =  8.428538E-03,  sigma = 7.956E-04,  chi^2/iteration = 1.421E-14

 MONACO:  grid written to file grid2_2.out.1

 MONACO input parameters:
 ndim = 12,  ncall =       8M,   rtype = 0
 nprn =  0,  acc = -1.0E+0,  alph = 8.75E-1,  nd = 48,  mds =  0

 iteration  2:
 integral =  8.757993E-03,  sigma = 9.367E-05
 efficacy = 3.832E-05,  raw efficacy = 1.294E-06
 f_positive = 1.661E-2,  f_zero = 9.834E-1,  f_negative = 0.000E+0
 accumulated statistics:
 integral =  8.753489E-03,  sigma = 9.303E-05,  chi^2/iteration = 1.691E+05

 MONACO:  grid written to file grid2_2.out.2

 MONACO input parameters:
 ndim = 12,  ncall =      16M,   rtype = 0
 nprn =  0,  acc = -1.0E+0,  alph = 8.75E-1,  nd = 48,  mds =  0

 iteration  3:
 integral =  8.782281E-03,  sigma = 3.287E-05
 efficacy = 2.237E-04,  raw efficacy = 1.084E-06
 f_positive = 2.987E-2,  f_zero = 9.701E-1,  f_negative = 0.000E+0
 accumulated statistics:
 integral =  8.779085E-03,  sigma = 3.099E-05,  chi^2/iteration = 2.543E-01

 MONACO:  grid written to file grid2_2.out.3

 MONACO input parameters:
 ndim = 12,  ncall =      32M,   rtype = 0
 nprn =  0,  acc = -1.0E+0,  alph = 8.75E-1,  nd = 48,  mds =  0

 iteration  4:
 integral =  8.831929E-03,  sigma = 2.146E-05
 efficacy = 2.807E-05,  raw efficacy = 8.792E-07
 f_positive = 3.819E-2,  f_zero = 9.618E-1,  f_negative = 0.000E+0
 accumulated statistics:
 integral =  8.814803E-03,  sigma = 1.764E-05,  chi^2/iteration = 1.110E+00

 MONACO:  grid written to file grid2_2.out.4

 MONACO input parameters:
 ndim = 12,  ncall =      64M,   rtype = 0
 nprn =  0,  acc = -1.0E+0,  alph = 8.75E-1,  nd = 48,  mds =  0

 iteration  5:
 integral =  8.787065E-03,  sigma = 1.239E-05
 efficacy = 1.131E-04,  raw efficacy = 4.014E-07
 f_positive = 4.081E-2,  f_zero = 9.592E-1,  f_negative = 0.000E+0
 accumulated statistics:
 integral =  8.796231E-03,  sigma = 1.014E-05,  chi^2/iteration = 1.291E+00

 MONACO:  grid written to file grid2_2.out.5

 MONACO input parameters:
 ndim = 12,  ncall =     128M,   rtype = 0
 nprn =  0,  acc = -1.0E+0,  alph = 8.75E-1,  nd = 48,  mds =  0
  random number setting in monaco saved 

 iteration  6:
 integral =  8.828741E-03,  sigma = 8.518E-06
 efficacy = 3.828E-05,  raw efficacy = 4.914E-07
 f_positive = 4.525E-2,  f_zero = 9.547E-1,  f_negative = 0.000E+0
 accumulated statistics:
 integral =  8.815295E-03,  sigma = 6.523E-06,  chi^2/iteration = 2.475E+00

 MONACO:  grid written to file grid2_2.out.6
 
  result (LO):    8.8152948400262755E-003  +-    6.5225997244798267E-006  fb     7.3991849879639249E-002 %
 
  
 PHASE SPACE           3
  

 MONACO input parameters:
 ndim = 12,  ncall =       4M,   rtype = 0
 nprn =  0,  acc = -1.0E+0,  alph = 8.75E-1,  nd = 48,  mds =  0

 MONACO:  continuing with uniform grid

 iteration  1:
 integral =  4.246036E-01,  sigma = 1.061E-02
 efficacy = 4.192E-05,  raw efficacy = 4.192E-05
 f_positive = 1.922E-2,  f_zero = 9.808E-1,  f_negative = 0.000E+0
 accumulated statistics:
 integral =  4.246036E-01,  sigma = 1.061E-02,  chi^2/iteration = 0.000E+00

 MONACO:  grid written to file grid2_3.out.1

 MONACO input parameters:
 ndim = 12,  ncall =       8M,   rtype = 0
 nprn =  0,  acc = -1.0E+0,  alph = 8.75E-1,  nd = 48,  mds =  0

 iteration  2:
 integral =  4.373980E-01,  sigma = 2.003E-03
 efficacy = 2.482E-04,  raw efficacy = 1.349E-05
 f_positive = 7.708E-2,  f_zero = 9.229E-1,  f_negative = 0.000E+0
 accumulated statistics:
 integral =  4.369580E-01,  sigma = 1.968E-03,  chi^2/iteration = 1.404E+06

 MONACO:  grid written to file grid2_3.out.2

 MONACO input parameters:
 ndim = 12,  ncall =      16M,   rtype = 0
 nprn =  0,  acc = -1.0E+0,  alph = 8.75E-1,  nd = 48,  mds =  0

 iteration  3:
 integral =  4.376482E-01,  sigma = 8.579E-04
 efficacy = 4.223E-04,  raw efficacy = 5.668E-06
 f_positive = 1.019E-1,  f_zero = 8.981E-1,  f_negative = 0.000E+0
 accumulated statistics:
 integral =  4.375380E-01,  sigma = 7.864E-04,  chi^2/iteration = 1.508E+00

 MONACO:  grid written to file grid2_3.out.3

 MONACO input parameters:
 ndim = 12,  ncall =      32M,   rtype = 0
 nprn =  0,  acc = -1.0E+0,  alph = 8.75E-1,  nd = 48,  mds =  0

 iteration  4:
 integral =  4.370515E-01,  sigma = 5.028E-04
 efficacy = 6.610E-04,  raw efficacy = 8.028E-06
 f_positive = 1.099E-1,  f_zero = 8.901E-1,  f_negative = 0.000E+0
 accumulated statistics:
 integral =  4.371927E-01,  sigma = 4.236E-04,  chi^2/iteration = 8.896E-01

 MONACO:  grid written to file grid2_3.out.4

 MONACO input parameters:
 ndim = 12,  ncall =      64M,   rtype = 0
 nprn =  0,  acc = -1.0E+0,  alph = 8.75E-1,  nd = 48,  mds =  0

 iteration  5:
 integral =  4.368852E-01,  sigma = 3.317E-04
 efficacy = 4.570E-04,  raw efficacy = 5.403E-06
 f_positive = 1.119E-1,  f_zero = 8.881E-1,  f_negative = 0.000E+0
 accumulated statistics:
 integral =  4.370020E-01,  sigma = 2.612E-04,  chi^2/iteration = 7.019E-01

 MONACO:  grid written to file grid2_3.out.5

 MONACO input parameters:
 ndim = 12,  ncall =     128M,   rtype = 0
 nprn =  0,  acc = -1.0E+0,  alph = 8.75E-1,  nd = 48,  mds =  0
  random number setting in monaco saved 

 iteration  6:
 integral =  4.365428E-01,  sigma = 2.300E-04
 efficacy = 2.146E-04,  raw efficacy = 5.837E-06
 f_positive = 1.122E-1,  f_zero = 8.878E-1,  f_negative = 0.000E+0
 accumulated statistics:
 integral =  4.367434E-01,  sigma = 1.726E-04,  chi^2/iteration = 9.619E-01

 MONACO:  grid written to file grid2_3.out.6
 
  result (LO):   0.43674336890198928       +-    1.7260563797717363E-004  fb     3.9521066664645457E-002 %
 
 
  Total (multi-channel) result (LO):   0.67791087949048856       +-    2.0406485080528533E-004  fb     3.0102017385922254E-002 %
  
   
 Initialising FF ..
   
 ====================================================
   FF 2.0, a package to evaluate one-loop integrals
 written by G. J. van Oldenborgh, NIKHEF-H, Amsterdam
 ====================================================
 for the algorithms used see preprint NIKHEF-H 89/17,
 'New Algorithms for One-loop Integrals', by G.J. van
 Oldenborgh and J.A.M. Vermaseren, published in 
 Zeitschrift fuer Physik C46(1990)425.
 ====================================================
 Initializing PDF set CT10
  
 PHASE SPACE            1
  

 MONACO input parameters:
 ndim = 12,  ncall =      64M,   rtype = 0
 nprn =  0,  acc = -1.0E+0,  alph = 8.75E-1,  nd = 48,  mds =  0

 MONACO:  grid read from file grid2_1.out.6                                                                                                                                                                                                                                             

 iteration  1:
 integral =  2.815557E-01,  sigma = 1.835E-04
 efficacy = 1.093E-04,  raw efficacy = 1.059E-06
 f_positive = 2.404E-1,  f_zero = 7.596E-1,  f_negative = 0.000E+0
 accumulated statistics:
 integral =  2.815557E-01,  sigma = 1.835E-04,  chi^2/iteration = 0.000E+00

 MONACO:  grid written to file grid2_1.vout.1
  
  result for virtual contribution, no.            1
  sigma =   0.28155568703764067       +-    1.8347488263311483E-004  fb  
  
 total result for virtual contns so far 
  sigma =   0.28155568703764067       +-    1.8347488263311483E-004  fb
  

 MONACO input parameters:
 ndim = 12,  ncall =      16M,   rtype = 0
 nprn =  0,  acc = -1.0E+0,  alph = 8.75E-1,  nd = 48,  mds =  0

 MONACO:  grid read from file grid2_1.out.6                                                                                                                                                                                                                                             

 iteration  1:
 integral =  1.700209E-02,  sigma = 4.932E-05
 efficacy = 4.111E-05,  raw efficacy = 2.042E-07
 f_positive = 1.753E-1,  f_zero = 7.596E-1,  f_negative = 6.509E-2
 accumulated statistics:
 integral =  1.700209E-02,  sigma = 4.932E-05,  chi^2/iteration = 0.000E+00

 MONACO:  grid written to file grid2_1.vout.2
  
  result for virtual contribution, no.            2
  sigma =    1.7002089000623170E-002  +-    4.9322727525888512E-005  fb  
  Box instabilites           0
           total calls           0
           instabilities [%]   0.0000000000000000     
  
 total result for virtual contns so far 
  sigma =   0.29855777603826383       +-    1.8998885232515171E-004  fb
  

 MONACO input parameters:
 ndim = 12,  ncall =       4M,   rtype = 0
 nprn =  0,  acc = -1.0E+0,  alph = 8.75E-1,  nd = 48,  mds =  0

 MONACO:  grid read from file grid2_1.out.6                                                                                                                                                                                                                                             

 iteration  1:
 integral =  1.706798E-02,  sigma = 9.733E-05
 efficacy = 9.668E-05,  raw efficacy = 9.511E-07
 f_positive = 1.552E-1,  f_zero = 7.598E-1,  f_negative = 8.492E-2
 accumulated statistics:
 integral =  1.706798E-02,  sigma = 9.733E-05,  chi^2/iteration = 3.638E-12

 MONACO:  grid written to file grid2_1.vout.3
  
  result for virtual contribution, no.            3
  sigma =    1.7067980151359997E-002  +-    9.7330462633979348E-005  fb  
  Pentagon instabilites         125
           total calls     2014628
           instabilities [%]   6.2046194136088648E-003
  
 total result for virtual contns so far 
  sigma =   0.31562575618962385       +-    2.1346892739781300E-004  fb
  
  
 PHASE SPACE            2
  

 MONACO input parameters:
 ndim = 12,  ncall =     128M,   rtype = 0
 nprn =  0,  acc = -1.0E+0,  alph = 8.75E-1,  nd = 48,  mds =  0

 MONACO:  grid read from file grid2_2.out.6                                                                                                                                                                                                                                             

 iteration  1:
 integral =  1.118913E-02,  sigma = 1.095E-05
 efficacy = 2.626E-05,  raw efficacy = 6.721E-07
 f_positive = 4.617E-2,  f_zero = 9.538E-1,  f_negative = 0.000E+0
 accumulated statistics:
 integral =  1.118913E-02,  sigma = 1.095E-05,  chi^2/iteration = 1.164E-10

 MONACO:  grid written to file grid2_2.vout.1
  
  result for virtual contribution, no.            1
  sigma =    1.1189134356750154E-002  +-    1.0947814727604338E-005  fb  
  
 total result for virtual contns so far 
  sigma =    1.1189134356750154E-002  +-    1.0947814727604338E-005  fb
  

 MONACO input parameters:
 ndim = 12,  ncall =      32M,   rtype = 0
 nprn =  0,  acc = -1.0E+0,  alph = 8.75E-1,  nd = 48,  mds =  0

 MONACO:  grid read from file grid2_2.out.6                                                                                                                                                                                                                                             

 iteration  1:
 integral =  1.020386E-03,  sigma = 2.357E-06
 efficacy = 9.591E-05,  raw efficacy = 4.090E-07
 f_positive = 4.139E-2,  f_zero = 9.538E-1,  f_negative = 4.775E-3
 accumulated statistics:
 integral =  1.020386E-03,  sigma = 2.357E-06,  chi^2/iteration = 2.910E-11

 MONACO:  grid written to file grid2_2.vout.2
  
  result for virtual contribution, no.            2
  sigma =    1.0203861089574382E-003  +-    2.3570427176362453E-006  fb  
  Box instabilites           0
           total calls           0
           instabilities [%]   0.0000000000000000     
  
 total result for virtual contns so far 
  sigma =    1.2209520465707592E-002  +-    1.1198673925189200E-005  fb
  

 MONACO input parameters:
 ndim = 12,  ncall =       8M,   rtype = 0
 nprn =  0,  acc = -1.0E+0,  alph = 8.75E-1,  nd = 48,  mds =  0

 MONACO:  grid read from file grid2_2.out.6                                                                                                                                                                                                                                             

 iteration  1:
 integral =  1.910206E-05,  sigma = 7.011E-07
 efficacy = 1.897E-05,  raw efficacy = 8.088E-08
 f_positive = 2.336E-2,  f_zero = 9.538E-1,  f_negative = 2.282E-2
 accumulated statistics:
 integral =  1.910206E-05,  sigma = 7.011E-07,  chi^2/iteration = 1.137E-13

 MONACO:  grid written to file grid2_2.vout.3
  
  result for virtual contribution, no.            3
  sigma =    1.9102057754254668E-005  +-    7.0110852369367451E-007  fb  
  Pentagon instabilites         166
           total calls      774978
           instabilities [%]   2.1419962889269114E-002
  
 total result for virtual contns so far 
  sigma =    1.2228622523461847E-002  +-    1.1220599397746470E-005  fb
  
  
 PHASE SPACE            3
  

 MONACO input parameters:
 ndim = 12,  ncall =     128M,   rtype = 0
 nprn =  0,  acc = -1.0E+0,  alph = 8.75E-1,  nd = 48,  mds =  0

 MONACO:  grid read from file grid2_3.out.6                                                                                                                                                                                                                                             

 iteration  1:
 integral =  5.427086E-01,  sigma = 2.810E-04
 efficacy = 3.817E-04,  raw efficacy = 4.762E-06
 f_positive = 1.119E-1,  f_zero = 8.881E-1,  f_negative = 0.000E+0
 accumulated statistics:
 integral =  5.427086E-01,  sigma = 2.810E-04,  chi^2/iteration = 4.657E-10

 MONACO:  grid written to file grid2_3.vout.1
  
  result for virtual contribution, no.            1
  sigma =   0.54270861035774465       +-    2.8099580768783380E-004  fb  
  
 total result for virtual contns so far 
  sigma =   0.54270861035774465       +-    2.8099580768783380E-004  fb
  

 MONACO input parameters:
 ndim = 12,  ncall =      32M,   rtype = 0
 nprn =  0,  acc = -1.0E+0,  alph = 8.75E-1,  nd = 48,  mds =  0

 MONACO:  grid read from file grid2_3.out.6                                                                                                                                                                                                                                             

 iteration  1:
 integral =  6.753357E-02,  sigma = 9.267E-05
 efficacy = 2.413E-04,  raw efficacy = 8.690E-06
 f_positive = 1.062E-1,  f_zero = 8.880E-1,  f_negative = 5.764E-3
 accumulated statistics:
 integral =  6.753357E-02,  sigma = 9.267E-05,  chi^2/iteration = 1.164E-10

 MONACO:  grid written to file grid2_3.vout.2
  
  result for virtual contribution, no.            2
  sigma =    6.7533572442704512E-002  +-    9.2666145431413057E-005  fb  
  Box instabilites           0
           total calls           0
           instabilities [%]   0.0000000000000000     
  
 total result for virtual contns so far 
  sigma =   0.61024218280044917       +-    2.9588115595159800E-004  fb
  

 MONACO input parameters:
 ndim = 12,  ncall =       8M,   rtype = 0
 nprn =  0,  acc = -1.0E+0,  alph = 8.75E-1,  nd = 48,  mds =  0

 MONACO:  grid read from file grid2_3.out.6                                                                                                                                                                                                                                             

 iteration  1:
 integral =  7.959643E-04,  sigma = 2.293E-05
 efficacy = 1.339E-05,  raw efficacy = 8.658E-07
 f_positive = 5.914E-2,  f_zero = 8.881E-1,  f_negative = 5.279E-2
 accumulated statistics:
 integral =  7.959643E-04,  sigma = 2.293E-05,  chi^2/iteration = 0.000E+00

 MONACO:  grid written to file grid2_3.vout.3
  
  result for virtual contribution, no.            3
  sigma =    7.9596427860300072E-004  +-    2.2928927122966918E-005  fb  
  Pentagon instabilites        1191
           total calls     1878774
           instabilities [%]   6.3392403769692365E-002
  
 total result for virtual contns so far 
  sigma =   0.61103814707905213       +-    2.9676824989588121E-004  fb
  
 
  Total (multi-channel) result (NLO virtual):   0.93889252579213789       +-    3.6574072641897790E-004  fb     3.8954482688037667E-002 %
 
   
 Summary for FF ..
   
 
total number of errors and warnings
===================================
vbffferr: no errors
the warning system has been disabled
 
  
 PHASE SPACE            1
  

 MONACO input parameters:
 ndim = 15,  ncall =       2M,   rtype = 0
 nprn =  0,  acc = -1.0E+0,  alph = 8.75E-1,  nd = 48,  mds =  0

 MONACO:  continuing with uniform grid
  
 W+ Z A j amplitude square information:
 -----------------------------------------------
  
  precalculated tensors initialized to  (  0.0000000000000000     ,  0.0000000000000000     )
  External b-quark contributions are excluded
  
  creal =   -6.5797362673929038       cvirtual =    5.1594725347858095     
  

 iteration  1:
 integral =  2.206776E-01,  sigma = 1.151E-02
 efficacy = 2.074E-05,  raw efficacy = 2.074E-05
 f_positive = 2.033E-2,  f_zero = 9.679E-1,  f_negative = 1.179E-2
 accumulated statistics:
 integral =  2.206776E-01,  sigma = 1.151E-02,  chi^2/iteration = 5.684E-14

 MONACO:  grid written to file grid3_1.out.1

 MONACO input parameters:
 ndim = 15,  ncall =       4M,   rtype = 0
 nprn =  0,  acc = -1.0E+0,  alph = 8.75E-1,  nd = 48,  mds =  0

 iteration  2:
 integral =  2.068356E-01,  sigma = 2.632E-03
 efficacy = 6.883E-05,  raw efficacy = 3.545E-06
 f_positive = 1.109E-1,  f_zero = 8.421E-1,  f_negative = 4.706E-2
 accumulated statistics:
 integral =  2.075228E-01,  sigma = 2.566E-03,  chi^2/iteration = 1.373E+06

 MONACO:  grid written to file grid3_1.out.2

 MONACO input parameters:
 ndim = 15,  ncall =       8M,   rtype = 0
 nprn =  0,  acc = -1.0E+0,  alph = 8.75E-1,  nd = 48,  mds =  0

 iteration  3:
 integral =  2.043946E-01,  sigma = 1.291E-03
 efficacy = 5.294E-05,  raw efficacy = 1.348E-06
 f_positive = 1.794E-1,  f_zero = 7.522E-1,  f_negative = 6.834E-2
 accumulated statistics:
 integral =  2.050270E-01,  sigma = 1.154E-03,  chi^2/iteration = 2.560E+00

 MONACO:  grid written to file grid3_1.out.3

 MONACO input parameters:
 ndim = 15,  ncall =      16M,   rtype = 0
 nprn =  0,  acc = -1.0E+0,  alph = 8.75E-1,  nd = 48,  mds =  0

 iteration  4:
 integral =  2.019591E-01,  sigma = 8.477E-04
 efficacy = 4.260E-05,  raw efficacy = 2.757E-07
 f_positive = 2.009E-1,  f_zero = 7.267E-1,  f_negative = 7.247E-2
 accumulated statistics:
 integral =  2.030350E-01,  sigma = 6.831E-04,  chi^2/iteration = 3.576E+00

 MONACO:  grid written to file grid3_1.out.4

 MONACO input parameters:
 ndim = 15,  ncall =      32M,   rtype = 0
 nprn =  0,  acc = -1.0E+0,  alph = 8.75E-1,  nd = 48,  mds =  0

 iteration  5:
 integral =  2.028516E-01,  sigma = 5.267E-04
 efficacy = 3.489E-05,  raw efficacy = 5.478E-08
 f_positive = 2.108E-1,  f_zero = 7.137E-1,  f_negative = 7.553E-2
 accumulated statistics:
 integral =  2.029200E-01,  sigma = 4.171E-04,  chi^2/iteration = 2.399E+00

 MONACO:  grid written to file grid3_1.out.5

 MONACO input parameters:
 ndim = 15,  ncall =      64M,   rtype = 0
 nprn =  0,  acc = -1.0E+0,  alph = 8.75E-1,  nd = 48,  mds =  0

 iteration  6:
 integral =  2.035639E-01,  sigma = 3.570E-04
 efficacy = 2.687E-05,  raw efficacy = 9.083E-08
 f_positive = 2.142E-1,  f_zero = 7.083E-1,  f_negative = 7.749E-2
 accumulated statistics:
 integral =  2.032917E-01,  sigma = 2.712E-04,  chi^2/iteration = 2.143E+00

 MONACO:  grid written to file grid3_1.out.6
 
  result for real emissions 
  sigma =   0.20329167005829005       +-    2.7121437876525021E-004  fb
  
  
 PHASE SPACE            2
  

 MONACO input parameters:
 ndim = 15,  ncall =       4M,   rtype = 0
 nprn =  0,  acc = -1.0E+0,  alph = 8.75E-1,  nd = 48,  mds =  0

 MONACO:  continuing with uniform grid

 iteration  1:
 integral =  4.767565E-02,  sigma = 4.618E-03
 efficacy = 3.976E-06,  raw efficacy = 3.976E-06
 f_positive = 2.027E-2,  f_zero = 9.764E-1,  f_negative = 3.361E-3
 accumulated statistics:
 integral =  4.767565E-02,  sigma = 4.618E-03,  chi^2/iteration = 0.000E+00

 MONACO:  grid written to file grid3_2.out.1

 MONACO input parameters:
 ndim = 15,  ncall =       8M,   rtype = 0
 nprn =  0,  acc = -1.0E+0,  alph = 8.75E-1,  nd = 48,  mds =  0

 iteration  2:
 integral =  5.432838E-02,  sigma = 2.339E-03
 efficacy = 3.083E-06,  raw efficacy = 2.192E-07
 f_positive = 8.238E-2,  f_zero = 9.120E-1,  f_negative = 5.667E-3
 accumulated statistics:
 integral =  5.297011E-02,  sigma = 2.087E-03,  chi^2/iteration = 1.652E+06

 MONACO:  grid written to file grid3_2.out.2

 MONACO input parameters:
 ndim = 15,  ncall =      16M,   rtype = 0
 nprn =  0,  acc = -1.0E+0,  alph = 8.75E-1,  nd = 48,  mds =  0

 iteration  3:
 integral =  5.200123E-02,  sigma = 5.285E-04
 efficacy = 2.268E-05,  raw efficacy = 3.316E-08
 f_positive = 9.828E-2,  f_zero = 8.937E-1,  f_negative = 8.011E-3
 accumulated statistics:
 integral =  5.205962E-02,  sigma = 5.123E-04,  chi^2/iteration = 1.854E+00

 MONACO:  grid written to file grid3_2.out.3

 MONACO input parameters:
 ndim = 15,  ncall =      32M,   rtype = 0
 nprn =  0,  acc = -1.0E+0,  alph = 8.75E-1,  nd = 48,  mds =  0

 iteration  4:
 integral =  5.385408E-02,  sigma = 3.859E-04
 efficacy = 7.603E-06,  raw efficacy = 3.375E-08
 f_positive = 1.050E-1,  f_zero = 8.861E-1,  f_negative = 8.812E-3
 accumulated statistics:
 integral =  5.320444E-02,  sigma = 3.082E-04,  chi^2/iteration = 4.841E+00

 MONACO:  grid written to file grid3_2.out.4

 MONACO input parameters:
 ndim = 15,  ncall =      64M,   rtype = 0
 nprn =  0,  acc = -1.0E+0,  alph = 8.75E-1,  nd = 48,  mds =  0

 iteration  5:
 integral =  5.454007E-02,  sigma = 3.613E-04
 efficacy = 2.538E-06,  raw efficacy = 3.690E-09
 f_positive = 1.070E-1,  f_zero = 8.859E-1,  f_negative = 7.119E-3
 accumulated statistics:
 integral =  5.376701E-02,  sigma = 2.345E-04,  chi^2/iteration = 5.864E+00

 MONACO:  grid written to file grid3_2.out.5

 MONACO input parameters:
 ndim = 15,  ncall =     128M,   rtype = 0
 nprn =  0,  acc = -1.0E+0,  alph = 8.75E-1,  nd = 48,  mds =  0

 iteration  6:
 integral =  5.393793E-02,  sigma = 2.006E-04
 efficacy = 2.904E-06,  raw efficacy = 3.491E-09
 f_positive = 9.158E-2,  f_zero = 9.000E-1,  f_negative = 8.381E-3
 accumulated statistics:
 integral =  5.386571E-02,  sigma = 1.524E-04,  chi^2/iteration = 4.474E+00

 MONACO:  grid written to file grid3_2.out.6
 
  result for real emissions 
  sigma =    5.3865713414415685E-002  +-    1.5242643559266545E-004  fb
  
  
 PHASE SPACE            3
  

 MONACO input parameters:
 ndim = 15,  ncall =       4M,   rtype = 0
 nprn =  0,  acc = -1.0E+0,  alph = 8.75E-1,  nd = 48,  mds =  0

 MONACO:  continuing with uniform grid

 iteration  1:
 integral =  2.149449E-01,  sigma = 2.592E-02
 efficacy = 5.638E-06,  raw efficacy = 5.638E-06
 f_positive = 3.278E-2,  f_zero = 9.456E-1,  f_negative = 2.162E-2
 accumulated statistics:
 integral =  2.149449E-01,  sigma = 2.592E-02,  chi^2/iteration = 0.000E+00

 MONACO:  grid written to file grid3_3.out.1

 MONACO input parameters:
 ndim = 15,  ncall =       8M,   rtype = 0
 nprn =  0,  acc = -1.0E+0,  alph = 8.75E-1,  nd = 48,  mds =  0

 iteration  2:
 integral =  1.855175E-01,  sigma = 7.674E-03
 efficacy = 3.740E-06,  raw efficacy = 3.435E-07
 f_positive = 7.940E-2,  f_zero = 8.803E-1,  f_negative = 4.034E-2
 accumulated statistics:
 integral =  1.878884E-01,  sigma = 7.359E-03,  chi^2/iteration = 1.185E+06

 MONACO:  grid written to file grid3_3.out.2

 MONACO input parameters:
 ndim = 15,  ncall =      16M,   rtype = 0
 nprn =  0,  acc = -1.0E+0,  alph = 8.75E-1,  nd = 48,  mds =  0

 iteration  3:
 integral =  1.752136E-01,  sigma = 3.472E-03
 efficacy = 7.230E-06,  raw efficacy = 5.071E-08
 f_positive = 9.760E-2,  f_zero = 8.514E-1,  f_negative = 5.104E-2
 accumulated statistics:
 integral =  1.775218E-01,  sigma = 3.140E-03,  chi^2/iteration = 3.611E+00

 MONACO:  grid written to file grid3_3.out.3

 MONACO input parameters:
 ndim = 15,  ncall =      32M,   rtype = 0
 nprn =  0,  acc = -1.0E+0,  alph = 8.75E-1,  nd = 48,  mds =  0

 iteration  4:
 integral =  1.773516E-01,  sigma = 1.678E-03
 efficacy = 6.298E-06,  raw efficacy = 4.982E-08
 f_positive = 9.295E-2,  f_zero = 8.544E-1,  f_negative = 5.262E-2
 accumulated statistics:
 integral =  1.773894E-01,  sigma = 1.480E-03,  chi^2/iteration = 1.807E+00

 MONACO:  grid written to file grid3_3.out.4

 MONACO input parameters:
 ndim = 15,  ncall =      64M,   rtype = 0
 nprn =  0,  acc = -1.0E+0,  alph = 8.75E-1,  nd = 48,  mds =  0

 iteration  5:
 integral =  1.788475E-01,  sigma = 8.599E-04
 efficacy = 1.440E-05,  raw efficacy = 1.146E-08
 f_positive = 8.937E-2,  f_zero = 8.569E-1,  f_negative = 5.372E-2
 accumulated statistics:
 integral =  1.784795E-01,  sigma = 7.435E-04,  chi^2/iteration = 1.446E+00

 MONACO:  grid written to file grid3_3.out.5

 MONACO input parameters:
 ndim = 15,  ncall =     128M,   rtype = 0
 nprn =  0,  acc = -1.0E+0,  alph = 8.75E-1,  nd = 48,  mds =  0

 iteration  6:
 integral =  1.772827E-01,  sigma = 5.393E-04
 efficacy = 1.630E-05,  raw efficacy = 4.469E-09
 f_positive = 8.511E-2,  f_zero = 8.600E-1,  f_negative = 5.490E-2
 accumulated statistics:
 integral =  1.776952E-01,  sigma = 4.365E-04,  chi^2/iteration = 1.509E+00

 MONACO:  grid written to file grid3_3.out.6
 
  result for real emissions 
  sigma =   0.17769523301280202       +-    4.3654481088243935E-004  fb
  
 
  Total (multi-channel) result (NLO real):   0.43485261648550777       +-    5.3606196416542209E-004  fb    0.12327440237059888      %
 
 
total number of errors and warnings
===================================
fferr: no errors
 
  
  final result at NLO 
  sigma =    1.3737451422776457       +-    6.4894430299246167E-004  fb   4.7239060799627162E-002 %
  
  Box instabilites           0
           total calls           0
           instabilities [%]   0.0000000000000000     
  FBox instabilites           0
           total calls           0
           instabilities [%]   0.0000000000000000     
  Pentagon instabilites        1482
           total calls     4668380
           instabilities [%]   3.1745487728076976E-002
  Hexagon instabilites           0
           total calls           0
           instabilities [%]   0.0000000000000000     
 
 
 LO for different PHASESPACE:
  0.23235221574847298       +-    1.0866099928451998E-004  fb   4.6765639369735212E-002
   8.8152948400262755E-003  +-    6.5225997244798267E-006  fb   7.3991849879639249E-002
  0.43674336890198928       +-    1.7260563797717363E-004  fb   3.9521066664645457E-002
  
  
 VIRTUAL CONTRIBUTIONS for different PHASESPACE:
  borntype for different PHASESPACE:
  0.28155568703764067       +-    1.8347488263311483E-004  fb   6.5164687157814857E-002
   1.1189134356750154E-002  +-    1.0947814727604338E-005  fb   9.7843268107686704E-002
  0.54270861035774465       +-    2.8099580768783380E-004  fb   5.1776552338575567E-002
  boxes for different PHASESPACE:
   1.7002089000623170E-002  +-    4.9322727525888512E-005  fb  0.29009804338796669     
   1.0203861089574382E-003  +-    2.3570427176362453E-006  fb  0.23099517887836721     
   6.7533572442704512E-002  +-    9.2666145431413057E-005  fb  0.13721493189188388     
 pentagons for different PHASESPACE:
   1.7067980151359997E-002  +-    9.7330462633979348E-005  fb  0.57025179178113783     
   1.9102057754254668E-005  +-    7.0110852369367451E-007  fb   3.6703298289291064     
   7.9596427860300072E-004  +-    2.2928927122966918E-005  fb   2.8806477550989529     
   
 TOTAL VIRTUAL CONTRIBUTIONS:
 TOTAL borntype:
  0.83545343175213549        3.3577005694773217E-004   4.0190158324389928E-002  %
 TOTAL boxes:
   8.5556047552285117E-002   1.0500143622866116E-004  0.12272824567368257       %
 TOTAL pentagons:
   1.7883046487717255E-002   9.9997231005247210E-005  0.55917335490867870       %
  
  
  REAL EMISSION for different PHASESPACE:
  0.20329167005829005        2.7121437876525021E-004  0.13341145689220055       %
   5.3865713414415685E-002   1.5242643559266545E-004  0.28297487572469926       %
  0.17769523301280202        4.3654481088243935E-004  0.24567052445970150       %
  
  
  
 !!!!!!!!!!!!!!!!!!!!!!!!!!!!!!!!!!!!!!!!!!!!!!!!!!!!!!!!!!!!!!!!!!!!!!!!!!!!!!!!!!!!!!!!!!!!!!!!!!!!!!!!
     VBFNLO 2.7.0 rc1 svn 6148
   
  PROCESS:          481   :   p p -->  W+ Z A -->  q q~ e/mu- e/mu+ A
    with leading order hadronic decay of one vector boson
   
  TOTAL result (LO):         0.67791087949048856       +-    2.0406485080528533E-004  fb     3.0102017385922254E-002 %
  NLO virtual result:        0.93889252579213778       +-    3.6574072641897795E-004  fb     3.8954482688037674E-002 %
  QCD real emission:         0.43485261648550777       +-    5.3606196416542209E-004  fb    0.12327440237059888      %
  TOTAL result (NLO):         1.3737451422776457       +-    6.4894430299246167E-004  fb     4.7239060799627162E-002 %
  K-Factor:                   2.0264391439036049     
 !!!!!!!!!!!!!!!!!!!!!!!!!!!!!!!!!!!!!!!!!!!!!!!!!!!!!!!!!!!!!!!!!!!!!!!!!!!!!!!!!!!!!!!!!!!!!!!!!!!!!!!!
  
  
