   
 -----------------------------------------------------------------
 VBFNLO, version 3.0.0 GIT 1571c2fe
 Comput. Phys. Commun. 180 (2009) 1661[arXiv:0811.4559 [hep-ph]]
 arXiV:1107.4038, arXiV:1207.4975, arXiv:1404.3940
 http://www.itp.kit.edu/vbfnlo
 -----------------------------------------------------------------
 Process-specific references (please cite as well if appropriate):
 V. Hankele, D. Zeppenfeld
 Phys. Lett. B661 (2008) 103, e-Print: arXiv:0712.3544 [hep-ph]
 
 
 -----------------------------------------------------------------
   
   
  
        Information on global parameters
 -----------------------------------------------
   PROCESS               =      400
   LOPROCESS_PLUS_JET    =        F
   KK_MOD                =        F
   ANOM_CPL              =        T
   LEPTONS               =    12  -11   13  -14   15  -15
   LO_ITERATIONS         =        4
   NLO_ITERATIONS        =        4
   LO_POINTS             =       26
   NLO_POINTS            =       26
   NLO_SWITCH            =        T
   EWCOR_SWITCH          =        F
   FERMIONLOOP           =        3
   LHA_SWITCH            =        F
   HEPMC_SWITCH          =        F
   LO_GRID               = grid2_1                                           
   NLO_GRID              = grid3_1                                           
   PHTN_GRID             = grid4_1                                           
   FLOOP_GRID            = grid5_1                                           
   ECM                   =  13600.0    
   BEAM1                 =        1
   BEAM2                 =        1
   ID_MUF                =        4
   ID_MUR                =        4
   MUF_USER              =  100.000    
   MUR_USER              =  100.000    
   XIF                   =  1.00000    
   XIR                   =  1.00000    
 Warning: cannot read value for key = SHOWTIMING. Using default value :  T
 
       information on the selected process 
 -----------------------------------------------
 
  pp -> W+ W- Z -> vl l+ l- vl~ l- l+
 
 W+ W- Z production with subsequent decay of the  vector bosons to leptons.
 Process is implemented at LO and NLO QCD.
 Anomalous couplings can be set in "anomV.dat".
 This process can be run in the AdS Higgsless scenario and the Three-Site Higgsless Model using:
        "kk_input.dat" or "kk_coupl_inp.dat".
 References: V. Hankele, D. Zeppenfeld
 Phys. Lett. B661 (2008) 103, e-Print: arXiv:0712.3544 [hep-ph]
 
 
             Information on PDF sets            
 -----------------------------------------------
 Initializing PDF set CT18
  
               Physics parameters
 -----------------------------------------------
   HTYPE                 =        0
   MODEL                 =        1
   ANOM_CPL              =        T
   KK_MOD                =        F
   SPIN2                 =        F
   HMASS                 =  125.000    
   HWIDTH                = -999.000    
   TOPMASS               =  172.500    
   BOTTOMMASS            =  4.85500    
   CHARMMASS             =  1.65000    
   TAU_MASS              =  1.77684    
   EWSCHEME              =        3
   FERMI_CONST           = 0.116637E-04
   WMASS                 =  80.3980    
   ZMASS                 =  91.1876    
   
 Running in the SM
   
 Higgs mass =   125.00000000000000     
   
   
  
   Information on anomalous coupling parameters  
 ------------------------------------------------
   FORMFAC               =        T
 Warning: cannot read value for key = KMATRIX. Using default value :  F
   FORMFAC_IND           =        F
 Warning: cannot read value for key = TMATRIX. Using default value :  F
 Warning: cannot read value for key = FORMFACTYPE. Using default value :            1
   FORMFAC_IND           =        F
   FFMASSSCALE           =  2650.00    
   FFEXP                 =        2
   TRIANOM               =        1
   FWWW                  = 0.500000E-05
   FW                    =  0.00000    
   FB                    =  0.00000    
   FS0                   =  0.00000    
   FS1                   =  0.00000    
 Warning: cannot read value for key = FS2. Using default value :    0.0000000000000000     
   FT0                   =  0.00000    
   FT1                   =  0.00000    
   FT2                   =  0.00000    
 Warning: cannot read value for key = FT3. Using default value :    0.0000000000000000     
 Warning: cannot read value for key = FT4. Using default value :    0.0000000000000000     
   FT5                   =  0.00000    
   FT6                   =  0.00000    
   FT7                   =  0.00000    
 Warning: cannot read value for key = FT8. Using default value :    0.0000000000000000     
 Warning: cannot read value for key = FT9. Using default value :    0.0000000000000000     
   FM0                   =  0.00000    
   FM1                   =  0.00000    
   FM2                   =  0.00000    
   FM3                   =  0.00000    
   FM4                   =  0.00000    
   FM5                   =  0.00000    
 Warning: cannot read value for key = FM5HC. Using default value :    0.0000000000000000     
   FM6                   =  0.00000    
   FM7                   =  0.00000    
   FWW                   =  0.00000    
   FBB                   =  0.00000    
   FBWT                  =  0.00000    
   FDWT                  =  0.00000    
   FWWT                  =  0.00000    
   FBBT                  =  0.00000    
   FWT                   =  0.00000    
   FBT                   =  0.00000    
   FWWWT                 =  0.00000    
  
 Information on scale setting in InitScales 
 -------------------------------------------
  
 Dynamical factorization scale chosen:
       invariant VVV mass 
 Dynamical value for alphas chosen:
 alphas = alpha(invariant VVV mass)
  
  
   Information on couplings, masses and widths
 ===============================================
  
   SM coupling parameters 
 ---------------------------
   G_Fermi                         : 0.000011663700
   SIN**2 of the weak mixing angle : 0.22264585
   Q.E.D. fine structure constant  : 1/132.34070    
   SU(2) coupling constant g       : 0.65305673
   U(1) coupling constant g'       : 0.34950127
   Q.C.D. LO alfas(MZ)             : 0.12980813
   Q.C.D. NLO alfas(MZ)            : 0.11798159
  
      particle masses
 ---------------------------
   mass of the Z0 boson            :   91.1876
   mass of the W+/- boson          :   80.3980
   mass of the Higgs boson         :  125.0000
   mass of the top quark           :  172.5000
   mass of the bottom quark at MH  :    2.8039
  (All other fermions have mass equal ZERO)
  
      particle widths
 ---------------------------
   total widths of Z0              :   2.508420 GeV
   total widths of W+ or W-        :   2.097673 GeV
   total widths of Higgs           :   0.004128 GeV
   total widths of top quark       :   1.342520 GeV
  
  partial Higgs decay width 
 ---------------------------
   H -> WW                         : 0.844748D-03 GeV
   H -> ZZ                         : 0.104817D-03 GeV
   H -> bottom anti-bottom         : 0.242528D-02 GeV
   H -> top anti-top               : 0.000000D+00 GeV
   H -> charm anti-charm           : 0.144083D-03 GeV
   H -> tau anti-tau               : 0.258697D-03 GeV
   H -> mu anti-mu                 : 0.915856D-06 GeV
   H -> gluon gluon                : 0.332337D-03 GeV
   H -> gamma gamma                : 0.984047D-05 GeV
   H -> Z gamma                    : 0.749327D-05 GeV
  
     branching ratios
 ---------------------------
   W -> lepton anti-lepton         : 10.8397227 %
   W -> massless quark anti-quark  : 33.7404159 %
   W -> top bottom                 :  0.0000000 %
  
   Z -> neutrino anti-neutrino     :  6.6129820 %
   Z -> charged lepton anti-lepton :  3.3460763 %
   Z -> up-type quark anti-quark   : 11.9908090 %
   Z -> down-type quark anti-quark : 15.3804024 %
   Z -> top anti-top               :  0.0000000 %
  
   H -> WW                         : 20.4628169 %
   H -> ZZ                         :  2.5390366 %
   H -> bottom anti-bottom         : 58.7489081 %
   H -> top anti-top               :  0.0000000 %
   H -> charm anti-charm           :  3.4901975 %
   H -> tau anti-tau               :  6.2665676 %
   H -> mu anti-mu                 :  0.0221853 %
   H -> gluon gluon                :  8.0504027 %
   H -> gamma gamma                :  0.2383715 %
   H -> Z gamma                    :  0.1815139 %
  
 Warning: cannot read value for key = MLL_OSONLY. Using default value :  T
 Warning: cannot read value for key = PTMISS_MIN. Using default value :    0.0000000000000000     
 Warning: cannot read value for key = EXISOLCUT. Using default value :    1.0000000000000000     
 Warning: cannot read value for key = MJ_WINDOWV. Using default value :    0.0000000000000000     
 
          information on cut parameters
 -----------------------------------------------
 
 minimum jet pt        (PT_JET_MIN):     20.00   
 maximum jet rapidity                 (Y_JET_MAX):    4.5000000000000000     
 maximum parton pseudorapidity          (Y_P_MAX):    5.0000000000000000     
 minimum jet-jet R-separation           (RJJ_MIN):   0.80000000000000004     
 minimum number of jets                (NJET_MIN):            0
 single jet from hadronic decay (SINGLE_DECAYJET):            0
 exponent of generalised kT algorithm (PGENKTJET):    1.0000000000000000     
 minimum lepton-lepton R-separation     (RLL_MIN):    0.0000000000000000     
 maximum lepton-lepton R-separation     (RLL_MAX):    50.000000000000000     
 minimum jet-lepton R-separation        (RJL_MIN):    0.0000000000000000     
 minimum jet-photon R-separation        (RJG_MIN):    0.0000000000000000     
 minimum lepton-photon R-separation     (RLG_MIN):    0.0000000000000000     
 minimum photon-photon R-separation     (RGG_MIN):    0.0000000000000000     
 maximum photon-photon R-separation     (RGG_MAX):    50.000000000000000     
 maximum lepton rapidity                (Y_L_MAX):    2.5000000000000000     
 minimum lepton pt       (PT_L_MIN):     10.00    10.00    10.00    10.00   
 minimum invariant dilepton mass        (MLL_MIN):    15.000000000000000     
 maximum invariant dilepton mass        (MLL_MAX):    14000.000000000000     
 m_ll cuts only on opposite-sign l   (MLL_OSONLY):  T
 maximum photon rapidity                (Y_G_MAX):    1.5000000000000000     
 minimum photon pt       (PT_G_MIN):    
 photon isolation cut                 (PHISOLCUT):   0.69999999999999996     
 efficiency of photon isolation cut   (EFISOLCUT):    1.0000000000000000     
 exponent of photon isolation cut   (EXISOLCUT):    1.0000000000000000     
 minimum invariant lepton-photon mass   (MLG_MIN):    0.0000000000000000     
 maximum invariant lepton-photon mass   (MLG_MAX):    1.0000000000000000E+020
 minimal missing transverse momentum (PTMISS_MIN):    0.0000000000000000     
 minimum jet rapidity separation      (ETAJJ_MIN):    0.0000000000000000     
 tagging jets in opposite hemispheres     (YSIGN):    F
 leptons fall inside rapidity gap     (LRAPIDGAP):    F
 min leptons y-dist from tagging jets   (DELY_JL):    0.0000000000000000     
 photons fall inside rapidity gap     (GRAPIDGAP):    T
 min photons y-dist from tagging jets   (DELY_JG):    0.0000000000000000     
 dijet min mass cut on tag jets        (MDIJ_MIN):    600.00000000000000     
 dijet max mass cut on tag jets        (MDIJ_MAX):    14000.000000000000     
 excluded jet-m window               (MJ_WINDOWV):    85.792800000000000        85.792800000000000     
 veto criteria for jets                   (JVETO):    F
 minimum veto-tag y-dist             (DELY_JVETO):    0.0000000000000000     
 maximum |y| for veto jet             (YMAX_VETO):    5.0000000000000000     
 minimum pT for veto jet             (PTMIN_VETO):    10.000000000000000     
 

 --------------------PHASE SPACE--------------------

 boson has mass    80.40 GeV and width     2.0977 GeV
 integration range for boson   3 =      0.032  to     9616.652 GeV
 boson has mass    80.40 GeV and width     2.0977 GeV
 integration range for boson   4 =      0.032  to     9616.652 GeV
 boson has mass    91.19 GeV and width     2.5084 GeV
 integration range for boson   2 =      0.032  to     9616.652 GeV

 machine energy =    13600.0  GeV

 ---------------------------------------------------

  Open error on file random.dat
  Using default values.
  Random number generator initialized with seed =            0
 
          information on histogram config
 -----------------------------------------------
 
  Open error on file histograms.dat
  Using default values.
 SMEARING           =      T
 SMEAR_VALUE        =       0.10000000000000001     
 CALC_ERROR_GNUPLOT =      F
 CALC_ERROR_ROOT    =      F
 CALC_ERROR_1D      =      T
 CALC_ERROR_2D      =      F
 
HIST_ID1      =      0.00    250.00  # dS/dpT_j (fb/GeV)
HIST_ID2      =      0.00    500.00  # dS/dpTmax_j (fb/GeV)
HIST_ID3      =      0.00    200.00  # dS/dpTmin_j (fb/GeV)
HIST_ID4      =     -5.00      5.00  # dS/dy_j (fb)
HIST_ID5      =     -5.00      5.00  # dS/dy_j1 (fb)
HIST_ID6      =     -5.00      5.00  # dS/dy_j2 (fb)
HIST_ID7      =      0.00    500.00  # dS/dpTmax_l (fb/GeV)
HIST_ID8      =      0.00    200.00  # dS/dpTmin_l (fb/GeV)
HIST_ID9      =      0.00      5.00  # dS/d|eta|max_l (fb)
HIST_ID10     =      0.00      5.00  # dS/d|eta|min_l (fb)
HIST_ID11     =   -180.00    180.00  # dS/dPhi_jj (fb)
2DHIST_ID1    =      0.00      6.00      0.00    800.00  # d2S/dy_jj dm_jj (fb/GeV)
 
 -----------------------------------------------
 
Starttime: 2024-04-30T16:03:13+0200

 MONACO input parameters:
 ndim = 15,  ncall =       8M,   rtype = 0
 nprn =  0,  acc = -1.0E+0,  alph =  8.75E-1,  nd = 48,  mds =  0

 MONACO:  continuing with uniform grid
  
 W+W-Z amplitude square information:
 -----------------------------------------------
  
  precalculated tensors initialized to                (0.0000000000000000,0.0000000000000000)
  External b-quark contributions are excluded

 iteration  1:
 integral =  4.854312E-02,  sigma = 8.896E-04
 efficacy = 2.712E-05,  raw efficacy = 2.712E-05
 f_positive = 5.820E-2,  f_zero = 9.418E-1,  f_negative = 0.000E+0
 accumulated statistics:
 integral =  4.854312E-02,  sigma = 8.896E-04,  chi^2/iteration = 4.547E-13

 MONACO:  grid written to file grid2_1.out.1

 MONACO input parameters:
 ndim = 15,  ncall =      16M,   rtype = 0
 nprn =  0,  acc = -1.0E+0,  alph =  8.75E-1,  nd = 48,  mds =  0

 iteration  2:
 integral =  4.793364E-02,  sigma = 1.433E-04
 efficacy = 7.822E-05,  raw efficacy = 1.278E-06
 f_positive = 1.882E-1,  f_zero = 8.118E-1,  f_negative = 0.000E+0
 accumulated statistics:
 integral =  4.794906E-02,  sigma = 1.415E-04,  chi^2/iteration = 4.575E+05

 MONACO:  grid written to file grid2_1.out.2

 MONACO input parameters:
 ndim = 15,  ncall =      32M,   rtype = 0
 nprn =  0,  acc = -1.0E+0,  alph =  8.75E-1,  nd = 48,  mds =  0

 iteration  3:
 integral =  4.789560E-02,  sigma = 5.686E-05
 efficacy = 1.446E-04,  raw efficacy = 7.876E-07
 f_positive = 2.859E-1,  f_zero = 7.141E-1,  f_negative = 0.000E+0
 accumulated statistics:
 integral =  4.790303E-02,  sigma = 5.276E-05,  chi^2/iteration = 5.805E-01

 MONACO:  grid written to file grid2_1.out.3

 MONACO input parameters:
 ndim = 15,  ncall =      64M,   rtype = 0
 nprn =  0,  acc = -1.0E+0,  alph =  8.75E-1,  nd = 48,  mds =  0

 iteration  4:
 integral =  4.800919E-02,  sigma = 3.301E-05
 efficacy = 1.275E-04,  raw efficacy = 2.658E-07
 f_positive = 3.308E-1,  f_zero = 6.692E-1,  f_negative = 0.000E+0
 accumulated statistics:
 integral =  4.797933E-02,  sigma = 2.798E-05,  chi^2/iteration = 1.745E+00

 MONACO:  grid written to file grid2_1.out.4
 
  result (LO):    4.7979331483471506E-002  +-    2.7981299994016677E-005  fb     5.8319487014228219E-002 %
 
   
 Initialising FF ..
   
 ====================================================
   FF 2.0, a package to evaluate one-loop integrals
 written by G. J. van Oldenborgh, NIKHEF-H, Amsterdam
 ====================================================
 for the algorithms used see preprint NIKHEF-H 89/17,
 'New Algorithms for One-loop Integrals', by G.J. van
 Oldenborgh and J.A.M. Vermaseren, published in 
 Zeitschrift fuer Physik C46(1990)425.
 ====================================================

 MONACO input parameters:
 ndim = 15,  ncall =      64M,   rtype = 0
 nprn =  0,  acc = -1.0E+0,  alph =  8.75E-1,  nd = 48,  mds =  0

 MONACO:  grid read from file grid2_1.out.4                                                                                                                                                                                                                                             

 iteration  1:
 integral =  5.283947E-02,  sigma = 3.312E-05
 efficacy = 1.276E-04,  raw efficacy = 3.986E-07
 f_positive = 3.569E-1,  f_zero = 6.431E-1,  f_negative = 0.000E+0
 accumulated statistics:
 integral =  5.283947E-02,  sigma = 3.312E-05,  chi^2/iteration = 0.000E+00

 MONACO:  grid written to file grid2_1.vout.1
  
  result for virtual contribution, no.            1
  sigma =    5.2839468005073678E-002  +-    3.3121548991475479E-005  fb  
  
 total result for virtual contns so far 
  sigma =    5.2839468005073678E-002  +-    3.3121548991475479E-005  fb
  

 MONACO input parameters:
 ndim = 15,  ncall =      16M,   rtype = 0
 nprn =  0,  acc = -1.0E+0,  alph =  8.75E-1,  nd = 48,  mds =  0

 MONACO:  grid read from file grid2_1.out.4                                                                                                                                                                                                                                             

 iteration  1:
 integral =  1.738591E-03,  sigma = 7.587E-06
 efficacy = 4.710E-05,  raw efficacy = 7.068E-08
 f_positive = 2.688E-1,  f_zero = 6.431E-1,  f_negative = 8.815E-2
 accumulated statistics:
 integral =  1.738591E-03,  sigma = 7.587E-06,  chi^2/iteration = 0.000E+00

 MONACO:  grid written to file grid2_1.vout.2
  
  result for virtual contribution, no.            2
  sigma =    1.7385911635812924E-003  +-    7.5867786978700765E-006  fb  
  
 total result for virtual contns so far 
  sigma =    5.4578059168654970E-002  +-    3.3979349884969333E-005  fb
  

 MONACO input parameters:
 ndim = 15,  ncall =       4M,   rtype = 0
 nprn =  0,  acc = -1.0E+0,  alph =  8.75E-1,  nd = 48,  mds =  0

 MONACO:  grid read from file grid2_1.out.4                                                                                                                                                                                                                                             

 iteration  1:
 integral =  3.779762E-04,  sigma = 1.569E-05
 efficacy = 1.585E-05,  raw efficacy = 2.618E-08
 f_positive = 1.964E-1,  f_zero = 6.430E-1,  f_negative = 1.606E-1
 accumulated statistics:
 integral =  3.779762E-04,  sigma = 1.569E-05,  chi^2/iteration = 0.000E+00

 MONACO:  grid written to file grid2_1.vout.3
  
  result for virtual contribution, no.            3
  sigma =    3.7797618230791630E-004  +-    1.5687867138150981E-005  fb  
  
 total result for virtual contns so far 
  sigma =    5.4956035350962884E-002  +-    3.7425998903829446E-005  fb
  
   
 Summary for FF ..
   
 
total number of errors and warnings
===================================
vbffferr: no errors
the warning system has been disabled
 

 MONACO input parameters:
 ndim = 18,  ncall =       8M,   rtype = 0
 nprn =  0,  acc = -1.0E+0,  alph =  8.75E-1,  nd = 48,  mds =  0

 MONACO:  continuing with uniform grid
  
 W+ W- Z j amplitude square information:
 -----------------------------------------------
  
  precalculated tensors initialized to                (0.0000000000000000,0.0000000000000000)
  External b-quark contributions are excluded
  
  creal =   -6.5797362673929038       cvirtual =    5.1594725347858095     
  

 iteration  1:
 integral =  1.489804E-02,  sigma = 4.099E-04
 efficacy = 8.782E-06,  raw efficacy = 8.782E-06
 f_positive = 1.586E-1,  f_zero = 7.286E-1,  f_negative = 1.128E-1
 accumulated statistics:
 integral =  1.489804E-02,  sigma = 4.099E-04,  chi^2/iteration = 2.274E-13

 MONACO:  grid written to file grid3_1.out.1

 MONACO input parameters:
 ndim = 18,  ncall =      16M,   rtype = 0
 nprn =  0,  acc = -1.0E+0,  alph =  8.75E-1,  nd = 48,  mds =  0

 iteration  2:
 integral =  1.509683E-02,  sigma = 1.389E-04
 efficacy = 2.094E-05,  raw efficacy = 3.749E-06
 f_positive = 2.718E-1,  f_zero = 6.058E-1,  f_negative = 1.224E-1
 accumulated statistics:
 integral =  1.507637E-02,  sigma = 1.315E-04,  chi^2/iteration = 2.110E+05

 MONACO:  grid written to file grid3_1.out.2

 MONACO input parameters:
 ndim = 18,  ncall =      32M,   rtype = 0
 nprn =  0,  acc = -1.0E+0,  alph =  8.75E-1,  nd = 48,  mds =  0

 iteration  3:
 integral =  1.481330E-02,  sigma = 6.557E-05
 efficacy = 1.297E-05,  raw efficacy = 1.393E-06
 f_positive = 3.181E-1,  f_zero = 5.630E-1,  f_negative = 1.189E-1
 accumulated statistics:
 integral =  1.486567E-02,  sigma = 5.868E-05,  chi^2/iteration = 3.416E+00

 MONACO:  grid written to file grid3_1.out.3

 MONACO input parameters:
 ndim = 18,  ncall =      64M,   rtype = 0
 nprn =  0,  acc = -1.0E+0,  alph =  8.75E-1,  nd = 48,  mds =  0

 iteration  4:
 integral =  1.480862E-02,  sigma = 4.048E-05
 efficacy = 2.003E-05,  raw efficacy = 3.272E-07
 f_positive = 3.337E-1,  f_zero = 5.456E-1,  f_negative = 1.207E-1
 accumulated statistics:
 integral =  1.482701E-02,  sigma = 3.332E-05,  chi^2/iteration = 2.028E+00

 MONACO:  grid written to file grid3_1.out.4
 
  result for real emissions 
  sigma =    1.4827014749982608E-002  +-    3.3319989855002215E-005  fb
  
  
  final result at NLO 
  sigma =    6.9783050100945487E-002  +-    5.0109152037196693E-005  fb   7.1807053381459707E-002 %
 
   
 TOTAL VIRTUAL CONTRIBUTIONS:
 TOTAL borntype:
   5.2839468005073678E-002   3.3121548991475479E-005   6.2683350612642671E-002  %
 TOTAL boxes:
   1.7385911635812924E-003   7.5867786978700765E-006  0.43637508672494391       %
 TOTAL pentagons:
   3.7797618230791630E-004   1.5687867138150981E-005   4.1504909230949751       %
  
  
  
 !!!!!!!!!!!!!!!!!!!!!!!!!!!!!!!!!!!!!!!!!!!!!!!!!!!!!!!!!!!!!!!!!!!!!!!!!!!!!!!!!!!!!!!!!!!!!!!!!!!!!!!!
   
  PROCESS:          400   :   p p -->  W+ W- Z -->  ve e+ mu- vmu~ mtau- mtau+
    with anomalous couplings
   
  TOTAL result (LO):        0.04797933148347  +-    0.00002798129999 fb    0.05831948701423 %
  NLO virtual result:       0.05495603535096  +-    0.00003742599890 fb    0.06810170832888 %
  QCD real emission:        0.01482701474998  +-    0.00003331998986 fb    0.22472487157296 %
  TOTAL result (NLO):       0.06978305010095  +-    0.00005010915204 fb    0.07180705338146 %
  K-Factor:                  1.4544398169654611     
 !!!!!!!!!!!!!!!!!!!!!!!!!!!!!!!!!!!!!!!!!!!!!!!!!!!!!!!!!!!!!!!!!!!!!!!!!!!!!!!!!!!!!!!!!!!!!!!!!!!!!!!!
  
  
  Endtime: 2024-05-01T00:27:45+0200
  Runtime: 8:24:32 (30272 seconds)
