   
 -----------------------------------------------------------------
 VBFNLO, version 3.0.0 GIT 1571c2fe
 Comput. Phys. Commun. 180 (2009) 1661[arXiv:0811.4559 [hep-ph]]
 arXiV:1107.4038, arXiV:1207.4975, arXiv:1404.3940
 http://www.itp.kit.edu/vbfnlo
 -----------------------------------------------------------------
 Process-specific references (please cite as well if appropriate):
 G. Bozzi, F. Campanario, M. Rauch et al.
 Phys. Lett. B696 (2011) 380, e-Print: arXiv:1011.2206 [hep-ph]
 
 -----------------------------------------------------------------
   
   
  
        Information on global parameters
 -----------------------------------------------
   PROCESS               =      490
   LOPROCESS_PLUS_JET    =        F
   KK_MOD                =        F
   ANOM_CPL              =        F
   LEPTONS               =   -12   11   13  -13
   LO_ITERATIONS         =        6
   NLO_ITERATIONS        =        6
   LO_POINTS             =       26
   NLO_POINTS            =       26
   NLO_SWITCH            =        T
   EWCOR_SWITCH          =        F
   FERMIONLOOP           =        3
   LHA_SWITCH            =        F
   HEPMC_SWITCH          =        F
   LO_GRID               = grid2_1                                           
                           grid2_2                                           
                           grid2_3                                           
   NLO_GRID              = grid3_1                                           
                           grid3_2                                           
                           grid3_3                                           
   PHTN_GRID             = grid4_1                                           
                           grid4_2                                           
                           grid4_3                                           
   FLOOP_GRID            = grid5_1                                           
                           grid5_2                                           
                           grid5_3                                           
   ECM                   =  13600.0    
   BEAM1                 =        1
   BEAM2                 =        1
   ID_MUF                =        4
   ID_MUR                =        4
   MUF_USER              =  171.586    
   MUR_USER              =  171.586    
   XIF                   =  1.00000    
   XIR                   =  1.00000    
 Warning: cannot read value for key = SHOWTIMING. Using default value :  T
 
       information on the selected process 
 -----------------------------------------------
 
  pp -> W- Z A -> l- vl~ l+ l- A
 
 W- Z photon production with subsequent decay of the W and Z bosons to leptons.
 Process is implemented at LO and NLO QCD.
 Anomalous couplings can be set in "anomV.dat".
 References: G. Bozzi, F. Campanario, M. Rauch et al.
 Phys. Lett. B696 (2011) 380, e-Print: arXiv:1011.2206 [hep-ph]
 
             Information on PDF sets            
 -----------------------------------------------
 Initializing PDF set CT18
  
               Physics parameters
 -----------------------------------------------
   HTYPE                 =        0
   MODEL                 =        1
   ANOM_CPL              =        F
   KK_MOD                =        F
   SPIN2                 =        F
   HMASS                 =  125.000    
   HWIDTH                = -999.000    
   TOPMASS               =  172.500    
   BOTTOMMASS            =  4.85500    
   CHARMMASS             =  1.65000    
   TAU_MASS              =  1.77684    
   EWSCHEME              =        3
   FERMI_CONST           = 0.116637E-04
   WMASS                 =  80.3980    
   ZMASS                 =  91.1876    
   
 Running in the SM
   
 Higgs mass =   125.00000000000000     
   
   
  
 Information on scale setting in InitScales 
 -------------------------------------------
  
 Dynamical factorization scale chosen:
       invariant VVV mass 
 Dynamical value for alphas chosen:
 alphas = alpha(invariant VVV mass)
  
  
   Information on couplings, masses and widths
 ===============================================
  
   SM coupling parameters 
 ---------------------------
   G_Fermi                         : 0.000011663700
   SIN**2 of the weak mixing angle : 0.22264585
   Q.E.D. fine structure constant  : 1/132.34070    
   SU(2) coupling constant g       : 0.65305673
   U(1) coupling constant g'       : 0.34950127
   Q.C.D. LO alfas(MZ)             : 0.12980813
   Q.C.D. NLO alfas(MZ)            : 0.11798159
  
      particle masses
 ---------------------------
   mass of the Z0 boson            :   91.1876
   mass of the W+/- boson          :   80.3980
   mass of the Higgs boson         :  125.0000
   mass of the top quark           :  172.5000
   mass of the bottom quark at MH  :    2.8039
  (All other fermions have mass equal ZERO)
  
      particle widths
 ---------------------------
   total widths of Z0              :   2.508420 GeV
   total widths of W+ or W-        :   2.097673 GeV
   total widths of Higgs           :   0.004128 GeV
   total widths of top quark       :   1.342520 GeV
  
     branching ratios
 ---------------------------
   W -> lepton anti-lepton         : 10.8397227 %
   W -> massless quark anti-quark  : 33.7404159 %
   W -> top bottom                 :  0.0000000 %
  
   Z -> neutrino anti-neutrino     :  6.6129820 %
   Z -> charged lepton anti-lepton :  3.3460763 %
   Z -> up-type quark anti-quark   : 11.9908090 %
   Z -> down-type quark anti-quark : 15.3804024 %
   Z -> top anti-top               :  0.0000000 %
  
   H -> WW                         : 20.4628169 %
   H -> ZZ                         :  2.5390366 %
   H -> bottom anti-bottom         : 58.7489081 %
   H -> top anti-top               :  0.0000000 %
   H -> charm anti-charm           :  3.4901975 %
   H -> tau anti-tau               :  6.2665676 %
   H -> mu anti-mu                 :  0.0221853 %
   H -> gluon gluon                :  8.0504027 %
   H -> gamma gamma                :  0.2383715 %
   H -> Z gamma                    :  0.1815139 %
  
 Warning: cannot read value for key = MLL_OSONLY. Using default value :  T
 Warning: cannot read value for key = PTMISS_MIN. Using default value :    0.0000000000000000     
 Warning: cannot read value for key = EXISOLCUT. Using default value :    1.0000000000000000     
 Warning: cannot read value for key = MJ_WINDOWV. Using default value :    0.0000000000000000     
 
          information on cut parameters
 -----------------------------------------------
 
 minimum jet pt        (PT_JET_MIN):     20.00   
 maximum jet rapidity                 (Y_JET_MAX):    4.5000000000000000     
 maximum parton pseudorapidity          (Y_P_MAX):    5.0000000000000000     
 minimum jet-jet R-separation           (RJJ_MIN):    0.0000000000000000     
 minimum number of jets                (NJET_MIN):            0
 single jet from hadronic decay (SINGLE_DECAYJET):            0
 exponent of generalised kT algorithm (PGENKTJET):    1.0000000000000000     
 minimum lepton-lepton R-separation     (RLL_MIN):   0.29999999999999999     
 maximum lepton-lepton R-separation     (RLL_MAX):    500.00000000000000     
 minimum jet-lepton R-separation        (RJL_MIN):   0.40000000000000002     
 minimum jet-photon R-separation        (RJG_MIN):   0.40000000000000002     
 minimum lepton-photon R-separation     (RLG_MIN):   0.40000000000000002     
 minimum photon-photon R-separation     (RGG_MIN):   0.40000000000000002     
 maximum photon-photon R-separation     (RGG_MAX):    500.00000000000000     
 maximum lepton rapidity                (Y_L_MAX):    2.5000000000000000     
 minimum lepton pt       (PT_L_MIN):     20.00    20.00    20.00   
 minimum invariant dilepton mass        (MLL_MIN):    15.000000000000000     
 maximum invariant dilepton mass        (MLL_MAX):    14000.000000000000     
 m_ll cuts only on opposite-sign l   (MLL_OSONLY):  T
 maximum photon rapidity                (Y_G_MAX):    2.5000000000000000     
 minimum photon pt       (PT_G_MIN):     10.00   
 photon isolation cut                 (PHISOLCUT):   0.69999999999999996     
 efficiency of photon isolation cut   (EFISOLCUT):    1.0000000000000000     
 exponent of photon isolation cut   (EXISOLCUT):    1.0000000000000000     
 minimum invariant lepton-photon mass   (MLG_MIN):    0.0000000000000000     
 maximum invariant lepton-photon mass   (MLG_MAX):    1.0000000000000000E+020
 minimal missing transverse momentum (PTMISS_MIN):    0.0000000000000000     
 minimum jet rapidity separation      (ETAJJ_MIN):    0.0000000000000000     
 tagging jets in opposite hemispheres     (YSIGN):    F
 leptons fall inside rapidity gap     (LRAPIDGAP):    F
 min leptons y-dist from tagging jets   (DELY_JL):    0.0000000000000000     
 photons fall inside rapidity gap     (GRAPIDGAP):    F
 min photons y-dist from tagging jets   (DELY_JG):    0.0000000000000000     
 dijet min mass cut on tag jets        (MDIJ_MIN):    0.0000000000000000     
 dijet max mass cut on tag jets        (MDIJ_MAX):    14000.000000000000     
 excluded jet-m window               (MJ_WINDOWV):    85.792800000000000        85.792800000000000     
 veto criteria for jets                   (JVETO):    F
 minimum veto-tag y-dist             (DELY_JVETO):   -100.00000000000000     
 maximum |y| for veto jet             (YMAX_VETO):    4.5000000000000000     
 minimum pT for veto jet             (PTMIN_VETO):    50.000000000000000     
 

 --------------------PHASE SPACE--------------------

 boson has mass    80.40 GeV and width     2.0977 GeV
 integration range for boson   4 =      0.032  to     9616.652 GeV
 boson has mass    91.19 GeV and width     2.5084 GeV
 integration range for boson   2 =      0.032  to     9616.652 GeV
 boson has mass     0.00 GeV and width     0.0000 GeV
 integration range for boson   1 =      0.032  to     9616.652 GeV

 machine energy =    13600.0  GeV

 ---------------------------------------------------

  Open error on file random.dat
  Using default values.
  Random number generator initialized with seed =            0
 
          information on histogram config
 -----------------------------------------------
 
  Open error on file histograms.dat
  Using default values.
 SMEARING           =      T
 SMEAR_VALUE        =       0.10000000000000001     
 CALC_ERROR_GNUPLOT =      F
 CALC_ERROR_ROOT    =      F
 CALC_ERROR_1D      =      T
 CALC_ERROR_2D      =      F
 
HIST_ID1      =      0.00    250.00  # dS/dpT_j (fb/GeV)
HIST_ID2      =      0.00    500.00  # dS/dpTmax_j (fb/GeV)
HIST_ID3      =      0.00    200.00  # dS/dpTmin_j (fb/GeV)
HIST_ID4      =     -5.00      5.00  # dS/dy_j (fb)
HIST_ID5      =     -5.00      5.00  # dS/dy_j1 (fb)
HIST_ID6      =     -5.00      5.00  # dS/dy_j2 (fb)
HIST_ID7      =      0.00    500.00  # dS/dpTmax_l (fb/GeV)
HIST_ID8      =      0.00    200.00  # dS/dpTmin_l (fb/GeV)
HIST_ID9      =      0.00      5.00  # dS/d|eta|max_l (fb)
HIST_ID10     =      0.00      5.00  # dS/d|eta|min_l (fb)
HIST_ID11     =   -180.00    180.00  # dS/dPhi_jj (fb)
2DHIST_ID1    =      0.00      6.00      0.00    800.00  # d2S/dy_jj dm_jj (fb/GeV)
 
 -----------------------------------------------
 
Starttime: 2024-04-30T16:03:16+0200
  
 PHASE SPACE           1
  

 MONACO input parameters:
 ndim = 12,  ncall =       2M,   rtype = 0
 nprn =  0,  acc = -1.0E+0,  alph =  8.75E-1,  nd = 48,  mds =  0

 MONACO:  continuing with uniform grid
  
 W-ZA amplitude square information:
 -----------------------------------------------
  
  precalculated tensors initialized to                (0.0000000000000000,0.0000000000000000)
  External b-quark contributions are excluded

 iteration  1:
 integral =  9.432458E-02,  sigma = 3.919E-03
 efficacy = 1.529E-05,  raw efficacy = 1.529E-05
 f_positive = 3.446E-2,  f_zero = 9.655E-1,  f_negative = 0.000E+0
 accumulated statistics:
 integral =  9.432458E-02,  sigma = 3.919E-03,  chi^2/iteration = 1.137E-13

 MONACO:  grid written to file grid2_1.out.1

 MONACO input parameters:
 ndim = 12,  ncall =       4M,   rtype = 0
 nprn =  0,  acc = -1.0E+0,  alph =  8.75E-1,  nd = 48,  mds =  0

 iteration  2:
 integral =  9.133943E-02,  sigma = 6.161E-04
 efficacy = 1.295E-04,  raw efficacy = 3.161E-06
 f_positive = 1.616E-1,  f_zero = 8.384E-1,  f_negative = 0.000E+0
 accumulated statistics:
 integral =  9.141144E-02,  sigma = 6.086E-04,  chi^2/iteration = 5.663E+05

 MONACO:  grid written to file grid2_1.out.2

 MONACO input parameters:
 ndim = 12,  ncall =       8M,   rtype = 0
 nprn =  0,  acc = -1.0E+0,  alph =  8.75E-1,  nd = 48,  mds =  0

 iteration  3:
 integral =  9.163315E-02,  sigma = 2.619E-04
 efficacy = 1.502E-04,  raw efficacy = 1.773E-06
 f_positive = 2.350E-1,  f_zero = 7.650E-1,  f_negative = 0.000E+0
 accumulated statistics:
 integral =  9.159851E-02,  sigma = 2.406E-04,  chi^2/iteration = 6.783E-01

 MONACO:  grid written to file grid2_1.out.3

 MONACO input parameters:
 ndim = 12,  ncall =      16M,   rtype = 0
 nprn =  0,  acc = -1.0E+0,  alph =  8.75E-1,  nd = 48,  mds =  0

 iteration  4:
 integral =  9.184865E-02,  sigma = 1.356E-04
 efficacy = 3.826E-04,  raw efficacy = 1.670E-06
 f_positive = 2.576E-1,  f_zero = 7.424E-1,  f_negative = 0.000E+0
 accumulated statistics:
 integral =  9.178837E-02,  sigma = 1.181E-04,  chi^2/iteration = 7.494E-01

 MONACO:  grid written to file grid2_1.out.4

 MONACO input parameters:
 ndim = 12,  ncall =      32M,   rtype = 0
 nprn =  0,  acc = -1.0E+0,  alph =  8.75E-1,  nd = 48,  mds =  0

 iteration  5:
 integral =  9.197928E-02,  sigma = 8.879E-05
 efficacy = 3.493E-04,  raw efficacy = 8.119E-07
 f_positive = 2.677E-1,  f_zero = 7.323E-1,  f_negative = 0.000E+0
 accumulated statistics:
 integral =  9.191034E-02,  sigma = 7.097E-05,  chi^2/iteration = 1.056E+00

 MONACO:  grid written to file grid2_1.out.5

 MONACO input parameters:
 ndim = 12,  ncall =      64M,   rtype = 0
 nprn =  0,  acc = -1.0E+0,  alph =  8.75E-1,  nd = 48,  mds =  0

 iteration  6:
 integral =  9.197015E-02,  sigma = 6.227E-05
 efficacy = 1.862E-04,  raw efficacy = 5.330E-07
 f_positive = 2.690E-1,  f_zero = 7.310E-1,  f_negative = 0.000E+0
 accumulated statistics:
 integral =  9.194413E-02,  sigma = 4.681E-05,  chi^2/iteration = 8.924E-01

 MONACO:  grid written to file grid2_1.out.6
 
  result (LO):    9.1944131736943033E-002  +-    4.6807424530781650E-005  fb     5.0908550275617519E-002 %
 
  
 PHASE SPACE           2
  

 MONACO input parameters:
 ndim = 12,  ncall =       4M,   rtype = 0
 nprn =  0,  acc = -1.0E+0,  alph =  8.75E-1,  nd = 48,  mds =  0

 MONACO:  continuing with uniform grid

 iteration  1:
 integral =  3.850735E-02,  sigma = 1.967E-03
 efficacy = 1.255E-05,  raw efficacy = 1.255E-05
 f_positive = 1.541E-2,  f_zero = 9.846E-1,  f_negative = 0.000E+0
 accumulated statistics:
 integral =  3.850735E-02,  sigma = 1.967E-03,  chi^2/iteration = 5.684E-14

 MONACO:  grid written to file grid2_2.out.1

 MONACO input parameters:
 ndim = 12,  ncall =       8M,   rtype = 0
 nprn =  0,  acc = -1.0E+0,  alph =  8.75E-1,  nd = 48,  mds =  0

 iteration  2:
 integral =  3.876730E-02,  sigma = 1.877E-04
 efficacy = 1.854E-04,  raw efficacy = 2.494E-06
 f_positive = 1.004E-1,  f_zero = 8.996E-1,  f_negative = 0.000E+0
 accumulated statistics:
 integral =  3.876495E-02,  sigma = 1.868E-04,  chi^2/iteration = 1.731E+04

 MONACO:  grid written to file grid2_2.out.2

 MONACO input parameters:
 ndim = 12,  ncall =      16M,   rtype = 0
 nprn =  0,  acc = -1.0E+0,  alph =  8.75E-1,  nd = 48,  mds =  0

 iteration  3:
 integral =  3.912609E-02,  sigma = 6.380E-05
 efficacy = 6.803E-04,  raw efficacy = 1.309E-06
 f_positive = 1.465E-1,  f_zero = 8.535E-1,  f_negative = 0.000E+0
 accumulated statistics:
 integral =  3.908837E-02,  sigma = 6.038E-05,  chi^2/iteration = 3.364E+00

 MONACO:  grid written to file grid2_2.out.3

 MONACO input parameters:
 ndim = 12,  ncall =      32M,   rtype = 0
 nprn =  0,  acc = -1.0E+0,  alph =  8.75E-1,  nd = 48,  mds =  0

 iteration  4:
 integral =  3.915419E-02,  sigma = 3.567E-05
 efficacy = 2.594E-04,  raw efficacy = 1.021E-06
 f_positive = 1.619E-1,  f_zero = 8.381E-1,  f_negative = 0.000E+0
 accumulated statistics:
 integral =  3.913716E-02,  sigma = 3.071E-05,  chi^2/iteration = 2.122E+00

 MONACO:  grid written to file grid2_2.out.4

 MONACO input parameters:
 ndim = 12,  ncall =      64M,   rtype = 0
 nprn =  0,  acc = -1.0E+0,  alph =  8.75E-1,  nd = 48,  mds =  0

 iteration  5:
 integral =  3.911068E-02,  sigma = 2.289E-05
 efficacy = 3.470E-04,  raw efficacy = 7.448E-07
 f_positive = 1.685E-1,  f_zero = 8.315E-1,  f_negative = 0.000E+0
 accumulated statistics:
 integral =  3.912014E-02,  sigma = 1.836E-05,  chi^2/iteration = 1.574E+00

 MONACO:  grid written to file grid2_2.out.5

 MONACO input parameters:
 ndim = 12,  ncall =     128M,   rtype = 0
 nprn =  0,  acc = -1.0E+0,  alph =  8.75E-1,  nd = 48,  mds =  0

 iteration  6:
 integral =  3.913298E-02,  sigma = 1.569E-05
 efficacy = 2.992E-04,  raw efficacy = 4.998E-07
 f_positive = 1.702E-1,  f_zero = 8.298E-1,  f_negative = 0.000E+0
 accumulated statistics:
 integral =  3.912756E-02,  sigma = 1.193E-05,  chi^2/iteration = 1.251E+00

 MONACO:  grid written to file grid2_2.out.6
 
  result (LO):    3.9127556119876422E-002  +-    1.1927021464601863E-005  fb     3.0482408428629284E-002 %
 
  
 PHASE SPACE           3
  

 MONACO input parameters:
 ndim = 12,  ncall =       4M,   rtype = 0
 nprn =  0,  acc = -1.0E+0,  alph =  8.75E-1,  nd = 48,  mds =  0

 MONACO:  continuing with uniform grid

 iteration  1:
 integral =  1.235595E-01,  sigma = 4.920E-03
 efficacy = 1.401E-05,  raw efficacy = 1.401E-05
 f_positive = 9.389E-3,  f_zero = 9.906E-1,  f_negative = 0.000E+0
 accumulated statistics:
 integral =  1.235595E-01,  sigma = 4.920E-03,  chi^2/iteration = 0.000E+00

 MONACO:  grid written to file grid2_3.out.1

 MONACO input parameters:
 ndim = 12,  ncall =       8M,   rtype = 0
 nprn =  0,  acc = -1.0E+0,  alph =  8.75E-1,  nd = 48,  mds =  0

 iteration  2:
 integral =  1.284131E-01,  sigma = 5.803E-04
 efficacy = 1.551E-04,  raw efficacy = 4.133E-06
 f_positive = 8.023E-2,  f_zero = 9.198E-1,  f_negative = 0.000E+0
 accumulated statistics:
 integral =  1.283465E-01,  sigma = 5.763E-04,  chi^2/iteration = 9.599E+05

 MONACO:  grid written to file grid2_3.out.2

 MONACO input parameters:
 ndim = 12,  ncall =      16M,   rtype = 0
 nprn =  0,  acc = -1.0E+0,  alph =  8.75E-1,  nd = 48,  mds =  0

 iteration  3:
 integral =  1.283014E-01,  sigma = 2.374E-04
 efficacy = 6.082E-05,  raw efficacy = 4.243E-06
 f_positive = 1.319E-1,  f_zero = 8.681E-1,  f_negative = 0.000E+0
 accumulated statistics:
 integral =  1.283079E-01,  sigma = 2.195E-04,  chi^2/iteration = 9.651E-01

 MONACO:  grid written to file grid2_3.out.3

 MONACO input parameters:
 ndim = 12,  ncall =      32M,   rtype = 0
 nprn =  0,  acc = -1.0E+0,  alph =  8.75E-1,  nd = 48,  mds =  0

 iteration  4:
 integral =  1.284629E-01,  sigma = 1.224E-04
 efficacy = 4.529E-04,  raw efficacy = 2.517E-06
 f_positive = 1.434E-1,  f_zero = 8.566E-1,  f_negative = 0.000E+0
 accumulated statistics:
 integral =  1.284262E-01,  sigma = 1.069E-04,  chi^2/iteration = 6.727E-01

 MONACO:  grid written to file grid2_3.out.4

 MONACO input parameters:
 ndim = 12,  ncall =      64M,   rtype = 0
 nprn =  0,  acc = -1.0E+0,  alph =  8.75E-1,  nd = 48,  mds =  0

 iteration  5:
 integral =  1.283760E-01,  sigma = 7.263E-05
 efficacy = 3.563E-04,  raw efficacy = 2.540E-06
 f_positive = 1.593E-1,  f_zero = 8.407E-1,  f_negative = 0.000E+0
 accumulated statistics:
 integral =  1.283919E-01,  sigma = 6.008E-05,  chi^2/iteration = 4.986E-01

 MONACO:  grid written to file grid2_3.out.5

 MONACO input parameters:
 ndim = 12,  ncall =     128M,   rtype = 0
 nprn =  0,  acc = -1.0E+0,  alph =  8.75E-1,  nd = 48,  mds =  0

 iteration  6:
 integral =  1.286324E-01,  sigma = 4.876E-05
 efficacy = 3.010E-04,  raw efficacy = 2.349E-06
 f_positive = 1.641E-1,  f_zero = 8.359E-1,  f_negative = 0.000E+0
 accumulated statistics:
 integral =  1.285369E-01,  sigma = 3.786E-05,  chi^2/iteration = 2.790E+00

 MONACO:  grid written to file grid2_3.out.6
 
  result (LO):   0.12853686953836843       +-    3.7860546139785231E-005  fb     2.9455008726880349E-002 %
 
 
  Total (multi-channel) result (LO):   0.25960855739518784       +-    6.1372712065092079E-005  fb     2.3640481146261973E-002 %
  
   
 Initialising FF ..
   
 ====================================================
   FF 2.0, a package to evaluate one-loop integrals
 written by G. J. van Oldenborgh, NIKHEF-H, Amsterdam
 ====================================================
 for the algorithms used see preprint NIKHEF-H 89/17,
 'New Algorithms for One-loop Integrals', by G.J. van
 Oldenborgh and J.A.M. Vermaseren, published in 
 Zeitschrift fuer Physik C46(1990)425.
 ====================================================
  
 PHASE SPACE            1
  

 MONACO input parameters:
 ndim = 12,  ncall =      64M,   rtype = 0
 nprn =  0,  acc = -1.0E+0,  alph =  8.75E-1,  nd = 48,  mds =  0

 MONACO:  grid read from file grid2_1.out.6                                                                                                                                                                                                                                             

 iteration  1:
 integral =  9.957884E-02,  sigma = 6.528E-05
 efficacy = 1.948E-04,  raw efficacy = 8.824E-07
 f_positive = 2.681E-1,  f_zero = 7.319E-1,  f_negative = 0.000E+0
 accumulated statistics:
 integral =  9.957884E-02,  sigma = 6.528E-05,  chi^2/iteration = 0.000E+00

 MONACO:  grid written to file grid2_1.vout.1
  
  result for virtual contribution, no.            1
  sigma =    9.9578837121193642E-002  +-    6.5283196213720922E-005  fb  
  
 total result for virtual contns so far 
  sigma =    9.9578837121193642E-002  +-    6.5283196213720922E-005  fb
  

 MONACO input parameters:
 ndim = 12,  ncall =      16M,   rtype = 0
 nprn =  0,  acc = -1.0E+0,  alph =  8.75E-1,  nd = 48,  mds =  0

 MONACO:  grid read from file grid2_1.out.6                                                                                                                                                                                                                                             

 iteration  1:
 integral =  5.059395E-03,  sigma = 1.444E-05
 efficacy = 1.103E-04,  raw efficacy = 2.837E-07
 f_positive = 1.898E-1,  f_zero = 7.321E-1,  f_negative = 7.816E-2
 accumulated statistics:
 integral =  5.059395E-03,  sigma = 1.444E-05,  chi^2/iteration = 1.455E-11

 MONACO:  grid written to file grid2_1.vout.2
  
  result for virtual contribution, no.            2
  sigma =    5.0593954481462340E-003  +-    1.4443683297384417E-005  fb  
  Box instabilites           0
           total calls           0
           instabilities [%]   0.0000000000000000     
  
 total result for virtual contns so far 
  sigma =   0.10463823256933988       +-    6.6861915131667652E-005  fb
  

 MONACO input parameters:
 ndim = 12,  ncall =       4M,   rtype = 0
 nprn =  0,  acc = -1.0E+0,  alph =  8.75E-1,  nd = 48,  mds =  0

 MONACO:  grid read from file grid2_1.out.6                                                                                                                                                                                                                                             

 iteration  1:
 integral =  5.922961E-03,  sigma = 3.223E-05
 efficacy = 3.551E-04,  raw efficacy = 5.230E-07
 f_positive = 1.730E-1,  f_zero = 7.322E-1,  f_negative = 9.483E-2
 accumulated statistics:
 integral =  5.922961E-03,  sigma = 3.223E-05,  chi^2/iteration = 7.276E-12

 MONACO:  grid written to file grid2_1.vout.3
  
  result for virtual contribution, no.            3
  sigma =    5.9229605017080411E-003  +-    3.2228737582587357E-005  fb  
  Pentagon instabilites         132
           total calls     2246756
           instabilities [%]   5.8751373090802916E-003
  
 total result for virtual contns so far 
  sigma =   0.11056119307104792       +-    7.4224033986584190E-005  fb
  
  
 PHASE SPACE            2
  

 MONACO input parameters:
 ndim = 12,  ncall =     128M,   rtype = 0
 nprn =  0,  acc = -1.0E+0,  alph =  8.75E-1,  nd = 48,  mds =  0

 MONACO:  grid read from file grid2_2.out.6                                                                                                                                                                                                                                             

 iteration  1:
 integral =  4.268004E-02,  sigma = 1.701E-05
 efficacy = 1.538E-04,  raw efficacy = 8.956E-07
 f_positive = 1.712E-1,  f_zero = 8.288E-1,  f_negative = 0.000E+0
 accumulated statistics:
 integral =  4.268004E-02,  sigma = 1.701E-05,  chi^2/iteration = 9.313E-10

 MONACO:  grid written to file grid2_2.vout.1
  
  result for virtual contribution, no.            1
  sigma =    4.2680036339620302E-002  +-    1.7012700320008079E-005  fb  
  
 total result for virtual contns so far 
  sigma =    4.2680036339620302E-002  +-    1.7012700320008079E-005  fb
  

 MONACO input parameters:
 ndim = 12,  ncall =      32M,   rtype = 0
 nprn =  0,  acc = -1.0E+0,  alph =  8.75E-1,  nd = 48,  mds =  0

 MONACO:  grid read from file grid2_2.out.6                                                                                                                                                                                                                                             

 iteration  1:
 integral =  4.381995E-03,  sigma = 4.570E-06
 efficacy = 2.852E-04,  raw efficacy = 1.102E-06
 f_positive = 1.562E-1,  f_zero = 8.288E-1,  f_negative = 1.505E-2
 accumulated statistics:
 integral =  4.381995E-03,  sigma = 4.570E-06,  chi^2/iteration = 0.000E+00

 MONACO:  grid written to file grid2_2.vout.2
  
  result for virtual contribution, no.            2
  sigma =    4.3819945456515519E-003  +-    4.5701890809985596E-006  fb  
  Box instabilites           0
           total calls           0
           instabilities [%]   0.0000000000000000     
  
 total result for virtual contns so far 
  sigma =    4.7062030885271854E-002  +-    1.7615862181979101E-005  fb
  

 MONACO input parameters:
 ndim = 12,  ncall =       8M,   rtype = 0
 nprn =  0,  acc = -1.0E+0,  alph =  8.75E-1,  nd = 48,  mds =  0

 MONACO:  grid read from file grid2_2.out.6                                                                                                                                                                                                                                             

 iteration  1:
 integral = -2.571813E-06,  sigma = 9.824E-07
 efficacy = 1.004E-06,  raw efficacy = 8.540E-09
 f_positive = 8.212E-2,  f_zero = 8.289E-1,  f_negative = 8.901E-2
 accumulated statistics:
 integral = -2.571813E-06,  sigma = 9.824E-07,  chi^2/iteration = 8.882E-16

 MONACO:  grid written to file grid2_2.vout.3
  
  result for virtual contribution, no.            3
  sigma =   -2.5718131129641884E-006  +-    9.8238440025876567E-007  fb  
  Pentagon instabilites        1252
           total calls     2872044
           instabilities [%]   4.3592646909309189E-002
  
 total result for virtual contns so far 
  sigma =    4.7059459072158888E-002  +-    1.7643233250296082E-005  fb
  
  
 PHASE SPACE            3
  

 MONACO input parameters:
 ndim = 12,  ncall =     128M,   rtype = 0
 nprn =  0,  acc = -1.0E+0,  alph =  8.75E-1,  nd = 48,  mds =  0

 MONACO:  grid read from file grid2_3.out.6                                                                                                                                                                                                                                             

 iteration  1:
 integral =  1.397398E-01,  sigma = 5.116E-05
 efficacy = 5.321E-04,  raw efficacy = 2.195E-06
 f_positive = 1.655E-1,  f_zero = 8.345E-1,  f_negative = 0.000E+0
 accumulated statistics:
 integral =  1.397398E-01,  sigma = 5.116E-05,  chi^2/iteration = 9.313E-10

 MONACO:  grid written to file grid2_3.vout.1
  
  result for virtual contribution, no.            1
  sigma =   0.13973977647416316       +-    5.1159760048706619E-005  fb  
  
 total result for virtual contns so far 
  sigma =   0.13973977647416316       +-    5.1159760048706619E-005  fb
  

 MONACO input parameters:
 ndim = 12,  ncall =      32M,   rtype = 0
 nprn =  0,  acc = -1.0E+0,  alph =  8.75E-1,  nd = 48,  mds =  0

 MONACO:  grid read from file grid2_3.out.6                                                                                                                                                                                                                                             

 iteration  1:
 integral =  1.527820E-02,  sigma = 1.950E-05
 efficacy = 3.803E-05,  raw efficacy = 3.385E-06
 f_positive = 1.528E-1,  f_zero = 8.344E-1,  f_negative = 1.273E-2
 accumulated statistics:
 integral =  1.527820E-02,  sigma = 1.950E-05,  chi^2/iteration = 0.000E+00

 MONACO:  grid written to file grid2_3.vout.2
  
  result for virtual contribution, no.            2
  sigma =    1.5278202269955224E-002  +-    1.9498265308294504E-005  fb  
  Box instabilites           0
           total calls           0
           instabilities [%]   0.0000000000000000     
  
 total result for virtual contns so far 
  sigma =   0.15501797874411838       +-    5.4749460255548450E-005  fb
  

 MONACO input parameters:
 ndim = 12,  ncall =       8M,   rtype = 0
 nprn =  0,  acc = -1.0E+0,  alph =  8.75E-1,  nd = 48,  mds =  0

 MONACO:  grid read from file grid2_3.out.6                                                                                                                                                                                                                                             

 iteration  1:
 integral =  1.322326E-04,  sigma = 4.172E-06
 efficacy = 9.841E-06,  raw efficacy = 2.777E-07
 f_positive = 8.541E-2,  f_zero = 8.346E-1,  f_negative = 7.996E-2
 accumulated statistics:
 integral =  1.322326E-04,  sigma = 4.172E-06,  chi^2/iteration = 1.137E-13

 MONACO:  grid written to file grid2_3.vout.3
  
  result for virtual contribution, no.            3
  sigma =    1.3223262068381400E-004  +-    4.1721318163881728E-006  fb  
  Pentagon instabilites        1187
           total calls     2775438
           instabilities [%]   4.2768024362280839E-002
  
 total result for virtual contns so far 
  sigma =   0.15515021136480220       +-    5.4908196857729699E-005  fb
  
 
  Total (multi-channel) result (NLO virtual):   0.31277086350800903       +-    9.3996813685002934E-005  fb     3.0052931603264891E-002 %
 
   
 Summary for FF ..
   
 
total number of errors and warnings
===================================
vbffferr: no errors
the warning system has been disabled
 
  
 PHASE SPACE            1
  

 MONACO input parameters:
 ndim = 15,  ncall =       2M,   rtype = 0
 nprn =  0,  acc = -1.0E+0,  alph =  8.75E-1,  nd = 48,  mds =  0

 MONACO:  continuing with uniform grid
  
 W- Z A j amplitude square information:
 -----------------------------------------------
  
  precalculated tensors initialized to                (0.0000000000000000,0.0000000000000000)
  External b-quark contributions are excluded
  
  creal =   -6.5797362673929038       cvirtual =    5.1594725347858095     
  

 iteration  1:
 integral =  5.574949E-02,  sigma = 5.015E-03
 efficacy = 7.119E-06,  raw efficacy = 7.119E-06
 f_positive = 2.740E-2,  f_zero = 9.454E-1,  f_negative = 2.725E-2
 accumulated statistics:
 integral =  5.574949E-02,  sigma = 5.015E-03,  chi^2/iteration = 2.842E-14

 MONACO:  grid written to file grid3_1.out.1

 MONACO input parameters:
 ndim = 15,  ncall =       4M,   rtype = 0
 nprn =  0,  acc = -1.0E+0,  alph =  8.75E-1,  nd = 48,  mds =  0

 iteration  2:
 integral =  6.424940E-02,  sigma = 1.164E-03
 efficacy = 3.718E-05,  raw efficacy = 8.890E-07
 f_positive = 1.255E-1,  f_zero = 7.895E-1,  f_negative = 8.498E-2
 accumulated statistics:
 integral =  6.381499E-02,  sigma = 1.134E-03,  chi^2/iteration = 2.726E+06

 MONACO:  grid written to file grid3_1.out.2

 MONACO input parameters:
 ndim = 15,  ncall =       8M,   rtype = 0
 nprn =  0,  acc = -1.0E+0,  alph =  8.75E-1,  nd = 48,  mds =  0

 iteration  3:
 integral =  6.178519E-02,  sigma = 6.234E-04
 efficacy = 2.585E-05,  raw efficacy = 2.906E-08
 f_positive = 1.904E-1,  f_zero = 6.941E-1,  f_negative = 1.154E-1
 accumulated statistics:
 integral =  6.225643E-02,  sigma = 5.463E-04,  chi^2/iteration = 5.187E+00

 MONACO:  grid written to file grid3_1.out.3

 MONACO input parameters:
 ndim = 15,  ncall =      16M,   rtype = 0
 nprn =  0,  acc = -1.0E+0,  alph =  8.75E-1,  nd = 48,  mds =  0

 iteration  4:
 integral =  6.270489E-02,  sigma = 4.928E-04
 efficacy = 1.110E-05,  raw efficacy = 6.796E-08
 f_positive = 1.983E-1,  f_zero = 6.783E-1,  f_negative = 1.234E-1
 accumulated statistics:
 integral =  6.250366E-02,  sigma = 3.659E-04,  chi^2/iteration = 2.779E+00

 MONACO:  grid written to file grid3_1.out.4

 MONACO input parameters:
 ndim = 15,  ncall =      32M,   rtype = 0
 nprn =  0,  acc = -1.0E+0,  alph =  8.75E-1,  nd = 48,  mds =  0

 iteration  5:
 integral =  6.225515E-02,  sigma = 2.635E-04
 efficacy = 1.312E-05,  raw efficacy = 1.862E-08
 f_positive = 1.922E-1,  f_zero = 6.893E-1,  f_negative = 1.185E-1
 accumulated statistics:
 integral =  6.234001E-02,  sigma = 2.138E-04,  chi^2/iteration = 1.954E+00

 MONACO:  grid written to file grid3_1.out.5

 MONACO input parameters:
 ndim = 15,  ncall =      64M,   rtype = 0
 nprn =  0,  acc = -1.0E+0,  alph =  8.75E-1,  nd = 48,  mds =  0

 iteration  6:
 integral =  6.233448E-02,  sigma = 1.497E-04
 efficacy = 1.841E-05,  raw efficacy = 8.404E-09
 f_positive = 1.935E-1,  f_zero = 6.865E-1,  f_negative = 1.200E-1
 accumulated statistics:
 integral =  6.233630E-02,  sigma = 1.226E-04,  chi^2/iteration = 1.466E+00

 MONACO:  grid written to file grid3_1.out.6
 
  result for real emissions 
  sigma =    6.2336295950273950E-002  +-    1.2261433171957103E-004  fb
  
  
 PHASE SPACE            2
  

 MONACO input parameters:
 ndim = 15,  ncall =       4M,   rtype = 0
 nprn =  0,  acc = -1.0E+0,  alph =  8.75E-1,  nd = 48,  mds =  0

 MONACO:  continuing with uniform grid

 iteration  1:
 integral =  1.556590E-02,  sigma = 4.437E-03
 efficacy = 1.200E-06,  raw efficacy = 1.200E-06
 f_positive = 4.766E-2,  f_zero = 9.071E-1,  f_negative = 4.524E-2
 accumulated statistics:
 integral =  1.556590E-02,  sigma = 4.437E-03,  chi^2/iteration = 1.776E-15

 MONACO:  grid written to file grid3_2.out.1

 MONACO input parameters:
 ndim = 15,  ncall =       8M,   rtype = 0
 nprn =  0,  acc = -1.0E+0,  alph =  8.75E-1,  nd = 48,  mds =  0

 iteration  2:
 integral =  1.443568E-02,  sigma = 5.752E-04
 efficacy = 6.221E-06,  raw efficacy = 1.431E-07
 f_positive = 1.295E-1,  f_zero = 7.920E-1,  f_negative = 7.847E-2
 accumulated statistics:
 integral =  1.445436E-02,  sigma = 5.705E-04,  chi^2/iteration = 6.380E+04

 MONACO:  grid written to file grid3_2.out.2

 MONACO input parameters:
 ndim = 15,  ncall =      16M,   rtype = 0
 nprn =  0,  acc = -1.0E+0,  alph =  8.75E-1,  nd = 48,  mds =  0

 iteration  3:
 integral =  1.463329E-02,  sigma = 2.394E-04
 efficacy = 8.729E-06,  raw efficacy = 2.208E-08
 f_positive = 1.295E-1,  f_zero = 7.914E-1,  f_negative = 7.908E-2
 accumulated statistics:
 integral =  1.460649E-02,  sigma = 2.208E-04,  chi^2/iteration = 1.474E-01

 MONACO:  grid written to file grid3_2.out.3

 MONACO input parameters:
 ndim = 15,  ncall =      32M,   rtype = 0
 nprn =  0,  acc = -1.0E+0,  alph =  8.75E-1,  nd = 48,  mds =  0

 iteration  4:
 integral =  1.437885E-02,  sigma = 9.647E-05
 efficacy = 1.949E-05,  raw efficacy = 5.287E-09
 f_positive = 1.171E-1,  f_zero = 7.981E-1,  f_negative = 8.478E-2
 accumulated statistics:
 integral =  1.441535E-02,  sigma = 8.840E-05,  chi^2/iteration = 5.202E-01

 MONACO:  grid written to file grid3_2.out.4

 MONACO input parameters:
 ndim = 15,  ncall =      64M,   rtype = 0
 nprn =  0,  acc = -1.0E+0,  alph =  8.75E-1,  nd = 48,  mds =  0

 iteration  5:
 integral =  1.442135E-02,  sigma = 6.349E-05
 efficacy = 6.921E-06,  raw efficacy = 6.474E-10
 f_positive = 1.062E-1,  f_zero = 8.064E-1,  f_negative = 8.739E-2
 accumulated statistics:
 integral =  1.441931E-02,  sigma = 5.157E-05,  chi^2/iteration = 3.478E-01

 MONACO:  grid written to file grid3_2.out.5

 MONACO input parameters:
 ndim = 15,  ncall =     128M,   rtype = 0
 nprn =  0,  acc = -1.0E+0,  alph =  8.75E-1,  nd = 48,  mds =  0

 iteration  6:
 integral =  1.442150E-02,  sigma = 4.380E-05
 efficacy = 5.687E-06,  raw efficacy = 5.774E-10
 f_positive = 9.479E-2,  f_zero = 8.163E-1,  f_negative = 8.893E-2
 accumulated statistics:
 integral =  1.442058E-02,  sigma = 3.338E-05,  chi^2/iteration = 2.611E-01

 MONACO:  grid written to file grid3_2.out.6
 
  result for real emissions 
  sigma =    1.4420578649936070E-002  +-    3.3383308317368146E-005  fb
  
  
 PHASE SPACE            3
  

 MONACO input parameters:
 ndim = 15,  ncall =       4M,   rtype = 0
 nprn =  0,  acc = -1.0E+0,  alph =  8.75E-1,  nd = 48,  mds =  0

 MONACO:  continuing with uniform grid

 iteration  1:
 integral =  5.341561E-02,  sigma = 9.560E-03
 efficacy = 2.828E-06,  raw efficacy = 2.828E-06
 f_positive = 4.479E-2,  f_zero = 9.117E-1,  f_negative = 4.354E-2
 accumulated statistics:
 integral =  5.341561E-02,  sigma = 9.560E-03,  chi^2/iteration = 7.105E-15

 MONACO:  grid written to file grid3_3.out.1

 MONACO input parameters:
 ndim = 15,  ncall =       8M,   rtype = 0
 nprn =  0,  acc = -1.0E+0,  alph =  8.75E-1,  nd = 48,  mds =  0

 iteration  2:
 integral =  4.546657E-02,  sigma = 1.970E-03
 efficacy = 5.272E-06,  raw efficacy = 7.088E-08
 f_positive = 1.132E-1,  f_zero = 8.155E-1,  f_negative = 7.130E-2
 accumulated statistics:
 integral =  4.579032E-02,  sigma = 1.929E-03,  chi^2/iteration = 6.632E+05

 MONACO:  grid written to file grid3_3.out.2

 MONACO input parameters:
 ndim = 15,  ncall =      16M,   rtype = 0
 nprn =  0,  acc = -1.0E+0,  alph =  8.75E-1,  nd = 48,  mds =  0

 iteration  3:
 integral =  4.466462E-02,  sigma = 6.454E-04
 efficacy = 1.085E-05,  raw efficacy = 1.479E-08
 f_positive = 1.254E-1,  f_zero = 7.932E-1,  f_negative = 8.139E-2
 accumulated statistics:
 integral =  4.477792E-02,  sigma = 6.121E-04,  chi^2/iteration = 9.693E-01

 MONACO:  grid written to file grid3_3.out.3

 MONACO input parameters:
 ndim = 15,  ncall =      32M,   rtype = 0
 nprn =  0,  acc = -1.0E+0,  alph =  8.75E-1,  nd = 48,  mds =  0

 iteration  4:
 integral =  4.406131E-02,  sigma = 2.931E-04
 efficacy = 9.205E-06,  raw efficacy = 5.214E-09
 f_positive = 1.150E-1,  f_zero = 7.949E-1,  f_negative = 9.006E-2
 accumulated statistics:
 integral =  4.419501E-02,  sigma = 2.644E-04,  chi^2/iteration = 1.042E+00

 MONACO:  grid written to file grid3_3.out.4

 MONACO input parameters:
 ndim = 15,  ncall =      64M,   rtype = 0
 nprn =  0,  acc = -1.0E+0,  alph =  8.75E-1,  nd = 48,  mds =  0

 iteration  5:
 integral =  4.362153E-02,  sigma = 1.595E-04
 efficacy = 1.949E-05,  raw efficacy = 1.370E-09
 f_positive = 1.034E-1,  f_zero = 8.017E-1,  f_negative = 9.494E-2
 accumulated statistics:
 integral =  4.377455E-02,  sigma = 1.366E-04,  chi^2/iteration = 1.845E+00

 MONACO:  grid written to file grid3_3.out.5

 MONACO input parameters:
 ndim = 15,  ncall =     128M,   rtype = 0
 nprn =  0,  acc = -1.0E+0,  alph =  8.75E-1,  nd = 48,  mds =  0

 iteration  6:
 integral =  4.405293E-02,  sigma = 1.312E-04
 efficacy = 4.139E-06,  raw efficacy = 7.316E-10
 f_positive = 9.904E-2,  f_zero = 8.028E-1,  f_negative = 9.816E-2
 accumulated statistics:
 integral =  4.391932E-02,  sigma = 9.462E-05,  chi^2/iteration = 1.924E+00

 MONACO:  grid written to file grid3_3.out.6
 
  result for real emissions 
  sigma =    4.3919315309031426E-002  +-    9.4616646031742984E-005  fb
  
 
  Total (multi-channel) result (NLO real):   0.12067618990924145       +-    1.5843304366054957E-004  fb    0.13128774100317919      %
 
  
  final result at NLO 
  sigma =   0.43344705341725048       +-    1.8421843096302486E-004  fb   4.2500792083062129E-002 %
  
  Box instabilites           0
           total calls           0
           instabilities [%]   0.0000000000000000     
  FBox instabilites           0
           total calls           0
           instabilities [%]   0.0000000000000000     
  Pentagon instabilites        2571
           total calls     7894238
           instabilities [%]   3.2568057867016421E-002
  Hexagon instabilites           0
           total calls           0
           instabilities [%]   0.0000000000000000     
 LO for different PHASESPACE:
   9.1944131736943033E-002  +-    4.6807424530781650E-005  fb   5.0908550275617519E-002
   3.9127556119876422E-002  +-    1.1927021464601863E-005  fb   3.0482408428629284E-002
  0.12853686953836843       +-    3.7860546139785231E-005  fb   2.9455008726880349E-002
 
  
  
 VIRTUAL CONTRIBUTIONS for different PHASESPACE:
  borntype for different PHASESPACE:
   9.9578837121193642E-002  +-    6.5283196213720922E-005  fb   6.5559307681276907E-002
   4.2680036339620302E-002  +-    1.7012700320008079E-005  fb   3.9861025854411050E-002
  0.13973977647416316       +-    5.1159760048706619E-005  fb   3.6610735568312340E-002
  boxes for different PHASESPACE:
   5.0593954481462340E-003  +-    1.4443683297384417E-005  fb  0.28548239499002975     
   4.3819945456515519E-003  +-    4.5701890809985596E-006  fb  0.10429472317654438     
   1.5278202269955224E-002  +-    1.9498265308294504E-005  fb  0.12762146333563137     
 pentagons for different PHASESPACE:
   5.9229605017080411E-003  +-    3.2228737582587357E-005  fb  0.54413223882369899     
  -2.5718131129641884E-006  +-    9.8238440025876567E-007  fb  -38.198125490016700     
   1.3223262068381400E-004  +-    4.1721318163881728E-006  fb   3.1551456779823654     
   
 TOTAL VIRTUAL CONTRIBUTIONS:
 TOTAL borntype:
  0.28199864993497714        8.4667873058786745E-005   3.0024212200416331E-002  %
 TOTAL boxes:
   2.4719592263753011E-002   2.4691880557459794E-005   9.9887895779195962E-002  %
 TOTAL pentagons:
   6.0526213092788909E-003   3.2512509733492879E-005  0.53716411571379830       %
  
  
  REAL EMISSION for different PHASESPACE:
   6.2336295950273950E-002   1.2261433171957103E-004  0.19669813525234359       %
   1.4420578649936070E-002   3.3383308317368146E-005  0.23149770288528707       %
   4.3919315309031426E-002   9.4616646031742984E-005  0.21543288042171807       %
  
  
  
 !!!!!!!!!!!!!!!!!!!!!!!!!!!!!!!!!!!!!!!!!!!!!!!!!!!!!!!!!!!!!!!!!!!!!!!!!!!!!!!!!!!!!!!!!!!!!!!!!!!!!!!!
   
  PROCESS:          490   :   p p -->  W- Z A -->  e- ve~ mu- mu+ A
   
  TOTAL result (LO):        0.25960855739519  +-    0.00006137271207 fb    0.02364048114626 %
  NLO virtual result:       0.31277086350801  +-    0.00009399681369 fb    0.03005293160326 %
  QCD real emission:        0.12067618990924  +-    0.00015843304366 fb    0.13128774100318 %
  TOTAL result (NLO):       0.43344705341725  +-    0.00018421843096 fb    0.04250079208306 %
  K-Factor:                  1.6696177420586249     
 !!!!!!!!!!!!!!!!!!!!!!!!!!!!!!!!!!!!!!!!!!!!!!!!!!!!!!!!!!!!!!!!!!!!!!!!!!!!!!!!!!!!!!!!!!!!!!!!!!!!!!!!
  
  
  Endtime: 2024-05-01T00:09:19+0200
  Runtime: 8:06:03 (29163 seconds)
