   
 -----------------------------------------------------------------
 VBFNLO, version 3.0.0 beta0 svn 7626
 Comput. Phys. Commun. 180 (2009) 1661[arXiv:0811.4559 [hep-ph]]
 arXiV:1107.4038, arXiV:1207.4975, arXiv:1404.3940
 http://www.itp.kit.edu/vbfnlo
 -----------------------------------------------------------------
 Process-specific references (please cite as well if appropriate):
 
 J. Frank, M. Rauch and D. Zeppenfeld,
 Phys.Rev.D87, 055020 (2013) [arXiv:1211.3658 [hep-ph]],
 J. Frank, M. Rauch and D. Zeppenfeld,
 arXiv:1305.1883 [hep-ph],
 J. Frank diploma thesis
 e-Print: www-itp.particle.uni-karlsruhe.de/prep/diploma/PSFiles/Diplom_Frank.pdf
 
 -----------------------------------------------------------------
   
   
   
 Initialising LoopTools ..
   
 ====================================================
   FF 2.0, a package to evaluate one-loop integrals
 written by G. J. van Oldenborgh, NIKHEF-H, Amsterdam
 ====================================================
 for the algorithms used see preprint NIKHEF-H 89/17,
 'New Algorithms for One-loop Integrals', by G.J. van
 Oldenborgh and J.A.M. Vermaseren, published in 
 Zeitschrift fuer Physik C46(1990)425.
 ====================================================
  
        Information on global parameters
 -----------------------------------------------
   PROCESS               =      191
   LOPROCESS_PLUS_JET    =        F
   KK_MOD                =        F
   ANOM_CPL              =        F
   LO_ITERATIONS         =        4
   NLO_ITERATIONS        =        4
   LO_POINTS             =       21
   NLO_POINTS            =       25
   NLO_SWITCH            =        T
   EWCOR_SWITCH          =        F
   FERMIONLOOP           =        3
   LHA_SWITCH            =        F
   HEPMC_SWITCH          =        F
   LO_GRID               = grid2_1                                           
   NLO_GRID              = grid3_1                                           
   PHTN_GRID             = grid4_1                                           
   FLOOP_GRID            = grid5_1                                           
   ECM                   =  14000.0    
   BEAM1                 =        1
   BEAM2                 =        1
   ID_MUF                =        1
   ID_MUR                =        1
   MUF_USER              =  100.000    
   MUR_USER              =  100.000    
   XIF                   =  1.00000    
   XIR                   =  1.00000    
 
       information on the selected process 
 -----------------------------------------------
 
  pp -> spin-2 jj -> gamma gamma jj
 
 Diphoton + 2 jets production in vector boson fusion.
 Only the resonant spin-2 diagrams are included.
 This process runs only in spin-2 models using:
    "spin2coupl.dat"
 Process is implemented at LO and NLO QCD.
 References:
 J. Frank, M. Rauch and D. Zeppenfeld,
 Phys.Rev.D87, 055020 (2013) [arXiv:1211.3658 [hep-ph]],
 J. Frank, M. Rauch and D. Zeppenfeld,
 arXiv:1305.1883 [hep-ph],
 J. Frank diploma thesis
 e-Print: www-itp.particle.uni-karlsruhe.de/prep/diploma/PSFiles/Diplom_Frank.pdf
 
 Initializing PDF set CT10
  
               Physics parameters
 -----------------------------------------------
   HTYPE                 =        0
   MODEL                 =        1
   ANOM_CPL              =        F
   KK_MOD                =        F
   SPIN2                 =        T
   HMASS                 =  130.000    
   HWIDTH                = -999.000    
   TOPMASS               =  173.300    
   BOTTOMMASS            =  4.67000    
   CHARMMASS             =  1.27000    
   TAU_MASS              =  1.77684    
   EWSCHEME              =        3
   FERMI_CONST           = 0.116637E-04
   WMASS                 =  80.3990    
   ZMASS                 =  91.1876    
   
 Running in the SM
   
 Higgs mass =   130.00000000000000     
   
  
 Information on scale setting in InitScales 
 -------------------------------------------
  
 Dynamical factorization scale chosen:
         momentum transfer of W/Z  
 Dynamical value for alphas chosen:
 alphas = alpha(momentum transfer of W/Z)
 Initializing PDF set cteq6l1
  
  
  
  
   Information on couplings, masses and widths
 ===============================================
  
   SM coupling parameters 
 ---------------------------
   G_Fermi                         : 0.000011663700
   SIN**2 of the weak mixing angle : 0.22262652
   Q.E.D. fine structure constant  : 1/132.34890    
   SU(2) coupling constant g       : 0.65306485
   U(1) coupling constant g'       : 0.34948609
   Q.C.D. LO alfas(MZ)             : 0.12980813
   Q.C.D. NLO alfas(MZ)            : 0.11798159
  
      particle masses
 ---------------------------
   mass of the Z0 boson            :   91.1876
   mass of the W+/- boson          :   80.3990
   mass of the Higgs boson         :  130.0000
   mass of the top quark           :  173.3000
   mass of the bottom quark at MH  :    2.6614
  (All other fermions have mass equal ZERO)
  
      particle widths
 ---------------------------
   total widths of Z0              :   2.508474 GeV
   total widths of W+ or W-        :   2.097751 GeV
   total widths of Higgs           :   0.004631 GeV
   total widths of top quark       :   1.364517 GeV
  
     branching ratios
 ---------------------------
   W -> lepton anti-lepton         : 10.8397227 %
   W -> massless quark anti-quark  : 33.7404159 %
   W -> top bottom                 :  0.0000000 %
  
   Z -> neutrino anti-neutrino     :  6.6128398 %
   Z -> charged lepton anti-lepton :  3.3460603 %
   Z -> up-type quark anti-quark   : 11.9909825 %
   Z -> down-type quark anti-quark : 15.3804449 %
   Z -> top anti-top               :  0.0000000 %
  
   H -> WW                         : 30.9744995 %
   H -> ZZ                         :  4.1938962 %
   H -> bottom anti-bottom         : 49.0179917 %
   H -> top anti-top               :  0.0000000 %
   H -> charm anti-charm           :  1.4125148 %
   H -> tau anti-tau               :  5.8102878 %
   H -> mu anti-mu                 :  0.0205681 %
   H -> gluon gluon                :  8.1030353 %
   H -> gamma gamma                :  0.2518109 %
   H -> Z gamma                    :  0.2153958 %
  
  
   Information on spin-2 parameters  
 ------------------------------------------------
   F1                    =  1.00000    
   F2                    =  1.00000    
   F3                    =  0.00000    
   F4                    =  0.00000    
   F5                    =  1.00000    
 Warning: cannot read value for key = F9. Using default value :    0.0000000000000000     
   F6                    =  0.00000    
   F7                    =  0.00000    
   LAMBDA                =  20000.0    
   SP2MASS               =  130.000    
   MSP2TRIPPM            =  130.000    
   MSP2TRIPN             =  130.000    
   BRRAT                 =  1.00000    
   BRRATTRIPPM           =  1.00000    
   BRRATTRIPN            =  1.00000    
   NFF                   =  3.00000    
   LAMBDAFF              =  400.000    
  
 sp2tripnwidth is set to 1
 (it is 0 because the spin-2 triplet couplings are 0)
 sp2trippmwidth is set to 1
 (it is 0 because the spin-2 triplet couplings are 0)
 sp2width   2.1853963123305879E-005
 sp2widthww   0.0000000000000000     
 sp2widthzz   0.0000000000000000     
 sp2widthaa   2.1853963123305879E-005
 sp2widthaz   0.0000000000000000     
 sp2widthgg   0.0000000000000000     
 sp2tripnwidth   1.0000000000000000     
 sp2tripnwidthww   0.0000000000000000     
 sp2tripnwidthzz   0.0000000000000000     
 sp2tripnwidthaa   0.0000000000000000     
 sp2tripnwidthaz   0.0000000000000000     
 sp2trippmwidth   1.0000000000000000     
 sp2trippmwidthwa   0.0000000000000000     
 sp2trippmwidthwz                       NaN
 Warning: cannot read value for key = MLL_OSONLY. Using default value :  T
 Warning: cannot read value for key = PTMISS_MIN. Using default value :    0.0000000000000000     
 
          information on cut parameters
 -----------------------------------------------
 
 minimum jet pt        (PT_JET_MIN):     30.00    30.00    30.00   
 maximum jet rapidity                 (Y_JET_MAX):    4.5000000000000000     
 maximum parton pseudorapidity          (Y_P_MAX):    5.0000000000000000     
 minimum jet-jet R-separation           (RJJ_MIN):   0.69999999999999996     
 minimum number of jets                (NJET_MIN):            2
 single jet from hadronic decay (SINGLE_DECAYJET):            0
 exponent of generalised kT algorithm (PGENKTJET):    1.0000000000000000     
 minimum lepton-lepton R-separation     (RLL_MIN):    0.0000000000000000     
 maximum lepton-lepton R-separation     (RLL_MAX):    50.000000000000000     
 minimum jet-lepton R-separation        (RJL_MIN):   0.40000000000000002     
 minimum jet-photon R-separation        (RJG_MIN):   0.40000000000000002     
 minimum lepton-photon R-separation     (RLG_MIN):    0.0000000000000000     
 minimum photon-photon R-separation     (RGG_MIN):   0.40000000000000002     
 maximum photon-photon R-separation     (RGG_MAX):    50.000000000000000     
 maximum lepton rapidity                (Y_L_MAX):    2.5000000000000000     
 minimum lepton pt       (PT_L_MIN):    
 minimum invariant dilepton mass        (MLL_MIN):    15.000000000000000     
 maximum invariant dilepton mass        (MLL_MAX):    14000.000000000000     
 m_ll cuts only on opposite-sign l   (MLL_OSONLY):  T
 maximum photon rapidity                (Y_G_MAX):    2.5000000000000000     
 minimum photon pt       (PT_G_MIN):     20.00    20.00   
 photon isolation cut                 (PHISOLCUT):   0.69999999999999996     
 efficiency of photon isolation cut   (EFISOLCUT):    1.0000000000000000     
 minimum invariant lepton-photon mass   (MLG_MIN):    0.0000000000000000     
 maximum invariant lepton-photon mass   (MLG_MAX):    1.0000000000000000E+020
 minimal missing transverse momentum (PTMISS_MIN):    0.0000000000000000     
 minimum jet rapidity separation      (ETAJJ_MIN):    4.0000000000000000     
 tagging jets in opposite hemispheres     (YSIGN):    T
 leptons fall inside rapidity gap     (LRAPIDGAP):    T
 min leptons y-dist from tagging jets   (DELY_JL):    0.0000000000000000     
 photons fall inside rapidity gap     (GRAPIDGAP):    T
 min photons y-dist from tagging jets   (DELY_JG):    0.0000000000000000     
 dijet min mass cut on tag jets        (MDIJ_MIN):    500.00000000000000     
 dijet max mass cut on tag jets        (MDIJ_MAX):    14000.000000000000     
 veto criteria for jets                   (JVETO):    F
 minimum veto-tag y-dist             (DELY_JVETO):    0.0000000000000000     
 maximum |y| for veto jet             (YMAX_VETO):    4.5000000000000000     
 minimum pT for veto jet             (PTMIN_VETO):    25.000000000000000     
 
 
          information on technical cuts
 -----------------------------------------------
  
 Photon exchange with virtuality Q^2 <        4.0 GeV^2 is eliminated. 
  Recover by calculating  q gamma ---> q g V (V)   etc.
  

        phase space generator information  
 -----------------------------------------------

 boson 39 has mass 130.00 GeV and width  0.0000 GeV
 integration range for boson 39 =      0.032  to     9899.495 GeV

 pTjmin =   30.0    30.0    30.0    30.0
 Ejmin  =    0.0     0.0     0.0     0.0
 yjmin  =    0.0     0.0     0.0     0.0
 yjmax  =    4.5     4.5     4.5     4.5
 infoj  =     -1      -1      -1      -1
 machine energy =    14000.0  GeV
 Minimal mom.transfer or mass for parton pair:   100.00 MeV

 -----------------------------------------------

  Random number generator initialized with seed =            0
 
          information on histogram config
 -----------------------------------------------
 
 SMEARING           =      T
 SMEAR_VALUE        =       0.20000000000000001     
 CALC_ERROR_GNUPLOT =      F
 CALC_ERROR_ROOT    =      F
 CALC_ERROR_1D      =      T
 CALC_ERROR_2D      =      F
 
HIST_ID1      =      0.00    250.00  # dS/dpT_j (fb/GeV)
HIST_ID2      =      0.00    500.00  # dS/dpTmax_j (fb/GeV)
HIST_ID3      =      0.00    200.00  # dS/dpTmin_j (fb/GeV)
HIST_ID4      =     -5.00      5.00  # dS/dy_j (fb)
HIST_ID5      =     -5.00      5.00  # dS/dy_j1 (fb)
HIST_ID6      =     -5.00      5.00  # dS/dy_j2 (fb)
HIST_ID7      =      0.00    500.00  # dS/dpTmax_l (fb/GeV)
HIST_ID8      =      0.00    200.00  # dS/dpTmin_l (fb/GeV)
HIST_ID9      =      0.00      5.00  # dS/d|eta|max_l (fb)
HIST_ID10     =      0.00      5.00  # dS/d|eta|min_l (fb)
HIST_ID11     =   -180.00    180.00  # dS/dPhi_jj (fb)
2DHIST_ID1    =      0.00      6.00      0.00    800.00  # d2S/dy_jj dm_jj (fb/GeV)
 
 -----------------------------------------------
 
 
 

 MONACO input parameters:
 ndim =  9,  ncall =     256k,   rtype = 0
 nprn =  0,  acc = -1.0E+0,  alph = 8.75E-1,  nd = 48,  mds =  0

 MONACO:  continuing with uniform grid
  
 VV (-> Spin2) -> A A amplitude square info:
 -----------------------------------------------
  
  VV jj (to spin-2) to gamma gamma tensors
 initialized to  (  0.0000000000000000     ,  0.0000000000000000     )
  External b-quark contributions are excluded

 iteration  1:
 integral =  2.440947E+00,  sigma = 1.386E-01
 efficacy = 4.007E-04,  raw efficacy = 4.007E-04
 f_positive = 1.483E-2,  f_zero = 9.852E-1,  f_negative = 0.000E+0
 accumulated statistics:
 integral =  2.440947E+00,  sigma = 1.386E-01,  chi^2/iteration = 0.000E+00

 MONACO:  grid written to file grid2_1.out.1

 MONACO input parameters:
 ndim =  9,  ncall =     512k,   rtype = 0
 nprn =  0,  acc = -1.0E+0,  alph = 8.75E-1,  nd = 48,  mds =  0

 iteration  2:
 integral =  2.324839E+00,  sigma = 1.443E-02
 efficacy = 9.759E-03,  raw efficacy = 2.372E-04
 f_positive = 1.636E-1,  f_zero = 8.364E-1,  f_negative = 0.000E+0
 accumulated statistics:
 integral =  2.326084E+00,  sigma = 1.435E-02,  chi^2/iteration = 6.939E+05

 MONACO:  grid written to file grid2_1.out.2

 MONACO input parameters:
 ndim =  9,  ncall =       1M,   rtype = 0
 nprn =  0,  acc = -1.0E+0,  alph = 8.75E-1,  nd = 48,  mds =  0

 iteration  3:
 integral =  2.328916E+00,  sigma = 6.538E-03
 efficacy = 1.537E-02,  raw efficacy = 2.164E-04
 f_positive = 3.127E-1,  f_zero = 6.873E-1,  f_negative = 0.000E+0
 accumulated statistics:
 integral =  2.328429E+00,  sigma = 5.949E-03,  chi^2/iteration = 7.261E-01

 MONACO:  grid written to file grid2_1.out.3

 MONACO input parameters:
 ndim =  9,  ncall =       2M,   rtype = 0
 nprn =  0,  acc = -1.0E+0,  alph = 8.75E-1,  nd = 48,  mds =  0
  random number setting in monaco saved 

 iteration  4:
 integral =  2.332095E+00,  sigma = 4.033E-03
 efficacy = 1.065E-02,  raw efficacy = 2.052E-04
 f_positive = 3.879E-1,  f_zero = 6.121E-1,  f_negative = 0.000E+0
 accumulated statistics:
 integral =  2.330941E+00,  sigma = 3.338E-03,  chi^2/iteration = 4.931E-01

 MONACO:  grid written to file grid2_1.out.4
 
  result (LO):    2.3309407430062601       +-    3.3382081140219877E-003  fb    0.14321291195573832      %
 
   
 Initialising FF ..
   
 ====================================================
   FF 2.0, a package to evaluate one-loop integrals
 written by G. J. van Oldenborgh, NIKHEF-H, Amsterdam
 ====================================================
 for the algorithms used see preprint NIKHEF-H 89/17,
 'New Algorithms for One-loop Integrals', by G.J. van
 Oldenborgh and J.A.M. Vermaseren, published in 
 Zeitschrift fuer Physik C46(1990)425.
 ====================================================
 ====================================================
   FF 2.0, a package to evaluate one-loop integrals
 written by G. J. van Oldenborgh, NIKHEF-H, Amsterdam
 ====================================================
 for the algorithms used see preprint NIKHEF-H 89/17,
 'New Algorithms for One-loop Integrals', by G.J. van
 Oldenborgh and J.A.M. Vermaseren, published in 
 Zeitschrift fuer Physik C46(1990)425.
 ====================================================
 Initializing PDF set CT10

 MONACO input parameters:
 ndim =  9,  ncall =       2M,   rtype = 0
 nprn =  0,  acc = -1.0E+0,  alph = 8.75E-1,  nd = 48,  mds =  0

 MONACO:  grid read from file grid2_1.out.4                                                                                                                                                                                                                                             

 iteration  1:
 integral =  2.054117E+00,  sigma = 3.417E-03
 efficacy = 3.757E-03,  raw efficacy = 1.969E-04
 f_positive = 4.274E-1,  f_zero = 5.726E-1,  f_negative = 0.000E+0
 accumulated statistics:
 integral =  2.054117E+00,  sigma = 3.417E-03,  chi^2/iteration = 0.000E+00

 MONACO:  grid written to file grid2_1.vout.1
  
  result for virtual contribution, no.            1
  sigma =    2.0541165169738518       +-    3.4166938351189824E-003  fb  
  
 total result for virtual contns so far 
  sigma =    2.0541165169738518       +-    3.4166938351189824E-003  fb
  
   
 Summary for FF ..
   
 
total number of errors and warnings
===================================
vbffferr: no errors
the warning system has been disabled
 
 vbfquadffopen: error: could not open /itp/scratch/rauch/vbfquadnlotest/binaryrelease30/share/VBFNLO/ff/fferr.dat                                                     
         adjust path in vbfquadffopen (vbfquadffinit.f)
vbfquadfferr:  warning cannot open fferr.dat with error texts
 
total number of errors and warnings
===================================
vbfquadfferr: no errors
the warning system has been disabled
 

 MONACO input parameters:
 ndim = 12,  ncall =       4M,   rtype = 0
 nprn =  0,  acc = -1.0E+0,  alph = 8.75E-1,  nd = 48,  mds =  0

 MONACO:  continuing with uniform grid
  
 VV jjj (-> spin-2) -> gamma gamma  amplitude
 square information:
 -----------------------------------------------
  
  VV jj (to spin-2) to gamma gamma tensors
 initialized to  (  0.0000000000000000     ,  0.0000000000000000     )
  External b-quark contributions are excluded
  
  creal =   -4.0797362673929065       cvirtual =   -3.7101318663035472     
  virt factor for alphas = 0.12 is   0.81104453988909386     

 iteration  1:
 integral =  3.049120E-01,  sigma = 1.390E-01
 efficacy = 1.141E-06,  raw efficacy = 1.141E-06
 f_positive = 1.890E-2,  f_zero = 9.658E-1,  f_negative = 1.528E-2
 accumulated statistics:
 integral =  3.049120E-01,  sigma = 1.390E-01,  chi^2/iteration = 8.882E-16

 MONACO:  grid written to file grid3_1.out.1

 MONACO input parameters:
 ndim = 12,  ncall =       8M,   rtype = 0
 nprn =  0,  acc = -1.0E+0,  alph = 8.75E-1,  nd = 48,  mds =  0

 iteration  2:
 integral =  3.646348E-01,  sigma = 3.186E-02
 efficacy = 3.005E-06,  raw efficacy = 6.118E-08
 f_positive = 6.806E-2,  f_zero = 8.946E-1,  f_negative = 3.738E-2
 accumulated statistics:
 integral =  3.616519E-01,  sigma = 3.106E-02,  chi^2/iteration = 1.755E+05

 MONACO:  grid written to file grid3_1.out.2

 MONACO input parameters:
 ndim = 12,  ncall =      16M,   rtype = 0
 nprn =  0,  acc = -1.0E+0,  alph = 8.75E-1,  nd = 48,  mds =  0

 iteration  3:
 integral =  3.756676E-01,  sigma = 2.858E-02
 efficacy = 1.005E-06,  raw efficacy = 1.530E-08
 f_positive = 1.131E-1,  f_zero = 8.306E-1,  f_negative = 5.633E-2
 accumulated statistics:
 integral =  3.692401E-01,  sigma = 2.103E-02,  chi^2/iteration = 2.858E-01

 MONACO:  grid written to file grid3_1.out.3

 MONACO input parameters:
 ndim = 12,  ncall =      32M,   rtype = 0
 nprn =  0,  acc = -1.0E+0,  alph = 8.75E-1,  nd = 48,  mds =  0

 iteration  4:
 integral =  3.117397E-01,  sigma = 1.488E-02
 efficacy = 1.684E-06,  raw efficacy = 5.408E-10
 f_positive = 1.301E-1,  f_zero = 8.068E-1,  f_negative = 6.309E-2
 accumulated statistics:
 integral =  3.309190E-01,  sigma = 1.215E-02,  chi^2/iteration = 2.634E+00

 MONACO:  grid written to file grid3_1.out.4
 
  result for real emissions 
  sigma =   0.33091903624613639       +-    1.2146159129744183E-002  fb
  
 
total number of errors and warnings
===================================
fferr: no errors
 
  
  final result at NLO 
  sigma =    2.3850355532199883       +-    1.2617566261684860E-002  fb  0.52903053141703227      %
 
   
 TOTAL VIRTUAL CONTRIBUTIONS:
 TOTAL borntype:
   2.0541165169738518        3.4166938351189824E-003  0.16633398382641387       %
  
  
  
 !!!!!!!!!!!!!!!!!!!!!!!!!!!!!!!!!!!!!!!!!!!!!!!!!!!!!!!!!!!!!!!!!!!!!!!!!!!!!!!!!!!!!!!!!!!!!!!!!!!!!!!!
     VBFNLO 3.0.0 beta0 svn 7626
   
  PROCESS:          191   :   p p -->  spin2 jj --> A A jj
    with spin-two particles
   
  TOTAL result (LO):          2.3309407430062601       +-    3.3382081140219877E-003  fb    0.14321291195573832      %
  NLO virtual result:         2.0541165169738518       +-    3.4166938351189824E-003  fb    0.16633398382641387      %
  QCD real emission:         0.33091903624613639       +-    1.2146159129744183E-002  fb     3.6704322808162395      %
  TOTAL result (NLO):         2.3850355532199883       +-    1.2617566261684860E-002  fb    0.52903053141703227      %
  K-Factor:                   1.0232072867472217     
 !!!!!!!!!!!!!!!!!!!!!!!!!!!!!!!!!!!!!!!!!!!!!!!!!!!!!!!!!!!!!!!!!!!!!!!!!!!!!!!!!!!!!!!!!!!!!!!!!!!!!!!!
  
  
