   
 -----------------------------------------------------
 VBFNLO, version 2.7.0 rc1 svn 6148
 Comput. Phys. Commun. 180 (2009) 1661 [arXiv:0811.4559 [hep-ph]]
 arXiV: 1107.4038, arXiV: 1207.4975
 http://www.itp.kit.edu/~vbfnloweb/
 -----------------------------------------------------
   
   
   
 Initialising LoopTools ..
   
 ====================================================
   FF 2.0, a package to evaluate one-loop integrals
 written by G. J. van Oldenborgh, NIKHEF-H, Amsterdam
 ====================================================
 for the algorithms used see preprint NIKHEF-H 89/17,
 'New Algorithms for One-loop Integrals', by G.J. van
 Oldenborgh and J.A.M. Vermaseren, published in 
 Zeitschrift fuer Physik C46(1990)425.
 ====================================================
  
        Information on global parameters
 -----------------------------------------------
   PROCESS               =      107
   LOPROCESS_PLUS_JET    =        F
   KK_MOD                =        F
   ANOM_CPL              =        F
   LEPTONS               =   -11   11   12  -12
   LO_ITERATIONS         =        6
   NLO_ITERATIONS        =        6
   LO_POINTS             =       26
   NLO_POINTS            =       26
   NLO_SWITCH            =        T
   EWCOR_SWITCH          =        F
   FERMIONLOOP           =        3
   LHA_SWITCH            =        F
   HEPMC_SWITCH          =        F
   LO_GRID               = grid2_1                                           
   NLO_GRID              = grid3_1                                           
   PHTN_GRID             = grid4_1                                           
   FLOOP_GRID            = grid5_1                                           
   ECM                   =  14000.0    
   BEAM1                 =        1
   BEAM2                 =        1
   ID_MUF                =        1
   ID_MUR                =        1
   MUF_USER              =  100.000    
   MUR_USER              =  100.000    
   XIF                   =  1.00000    
   XIR                   =  1.00000    
 
       information on the selected process 
 -----------------------------------------------
 
  pp -> H jj -> Z Z jj -> l+ l- vl vl~ jj
 
 Higgs + 2 jets production in vector boson fusion with Higgs decay into two Z
 bosons which subsequently decay into l+ l- vl vl~.
 Process is implemented at LO and NLO QCD.
 NLO electroweak corrections in the SM and MSSM are also implemented.
 Anomalous coupling parameters can be set in "anom_HVV.dat".
 The Q**2 of the produced Higgs is generated in the narrow width approximation.
 References: T. Figy, C. Oleari, D. Zeppenfeld
 Phys. Rev. D68 (2003) 073005, e-Print: hep-ph/0306109
 T. Figy, S. Palmer, G. Weiglein
 JHEP 1202 (2012) 105, e-Print: arXiv:1012.4789 [hep-ph]
 
 Initializing PDF set CT10
  
               Physics parameters
 -----------------------------------------------
   HTYPE                 =        0
   MODEL                 =        1
   ANOM_CPL              =        F
   KK_MOD                =        F
   SPIN2                 =        F
   HMASS                 =  120.000    
   HWIDTH                = -999.000    
   TOPMASS               =  172.400    
   BOTTOMMASS            =  4.85500    
   CHARMMASS             =  1.65000    
   TAU_MASS              =  1.77684    
   EWSCHEME              =        3
   FERMI_CONST           = 0.116637E-04
   WMASS                 =  80.3980    
   ZMASS                 =  91.1876    
   
 Running in the SM
   
 Higgs mass =   120.00000000000000     
   
  
 Information on scale setting in InitScales 
 -------------------------------------------
  
 Dynamical factorization scale chosen:
         momentum transfer of W/Z  
 Dynamical value for alphas chosen:
 alphas = alpha(momentum transfer of W/Z)
 Initializing PDF set cteq6l1
  
  
  
  
   Information on couplings, masses and widths
 ===============================================
  
   SM coupling parameters 
 ---------------------------
   G_Fermi                         : 0.000011663700
   SIN**2 of the weak mixing angle : 0.22264585
   Q.E.D. fine structure constant  : 1/132.34070    
   SU(2) coupling constant g       : 0.65305673
   U(1) coupling constant g'       : 0.34950127
   Q.C.D. LO alfas(MZ)             : 0.12980813
   Q.C.D. NLO alfas(MZ)            : 0.11798159
  
      particle masses
 ---------------------------
   mass of the Z0 boson            :   91.1876
   mass of the W+/- boson          :   80.3980
   mass of the Higgs boson         :  120.0000
   mass of the top quark           :  172.4000
   mass of the bottom quark at MH  :    2.8132
  (All other fermions have mass equal ZERO)
  
      particle widths
 ---------------------------
   total widths of Z0              :   2.508420 GeV
   total widths of W+ or W-        :   2.097673 GeV
   total widths of Higgs           :   0.003584 GeV
   total widths of top quark       :   1.339784 GeV
  
     branching ratios
 ---------------------------
   W -> lepton anti-lepton         : 10.8397227 %
   W -> massless quark anti-quark  : 33.7404159 %
   W -> top bottom                 :  0.0000000 %
  
   Z -> neutrino anti-neutrino     :  6.6129820 %
   Z -> charged lepton anti-lepton :  3.3460763 %
   Z -> up-type quark anti-quark   : 11.9908090 %
   Z -> down-type quark anti-quark : 15.3804024 %
   Z -> top anti-top               :  0.0000000 %
  
   H -> WW                         : 13.4042449 %
   H -> ZZ                         :  1.6940721 %
   H -> bottom anti-bottom         : 65.4907510 %
   H -> top anti-top               :  0.0000000 %
   H -> charm anti-charm           :  3.8907341 %
   H -> tau anti-tau               :  6.9292925 %
   H -> mu anti-mu                 :  0.0245341 %
   H -> gluon gluon                :  8.2146118 %
   H -> gamma gamma                :  0.2319526 %
   H -> Z gamma                    :  0.1198070 %
  
 Warning: cannot read value for key = MLL_OSONLY. Using default value :  T
 Warning: cannot read value for key = PTMISS_MIN. Using default value :    0.0000000000000000     
 
          information on cut parameters
 -----------------------------------------------
 
 minimum jet pt        (PT_JET_MIN):     20.00    20.00    20.00   
 maximum jet rapidity                 (Y_JET_MAX):    4.5000000000000000     
 maximum parton pseudorapidity          (Y_P_MAX):    5.0000000000000000     
 minimum jet-jet R-separation           (RJJ_MIN):   0.80000000000000004     
 minimum number of jets                (NJET_MIN):            2
 single jet from hadronic decay (SINGLE_DECAYJET):            0
 exponent of generalised kT algorithm (PGENKTJET):    1.0000000000000000     
 minimum lepton-lepton R-separation     (RLL_MIN):    0.0000000000000000     
 maximum lepton-lepton R-separation     (RLL_MAX):    50.000000000000000     
 minimum jet-lepton R-separation        (RJL_MIN):    0.0000000000000000     
 minimum jet-photon R-separation        (RJG_MIN):    0.0000000000000000     
 minimum lepton-photon R-separation     (RLG_MIN):    0.0000000000000000     
 minimum photon-photon R-separation     (RGG_MIN):    0.0000000000000000     
 maximum photon-photon R-separation     (RGG_MAX):    50.000000000000000     
 maximum lepton rapidity                (Y_L_MAX):    2.5000000000000000     
 minimum lepton pt       (PT_L_MIN):     10.00    10.00   
 minimum invariant dilepton mass        (MLL_MIN):    15.000000000000000     
 maximum invariant dilepton mass        (MLL_MAX):    14000.000000000000     
 m_ll cuts only on opposite-sign l   (MLL_OSONLY):  T
 maximum photon rapidity                (Y_G_MAX):    1.5000000000000000     
 minimum photon pt       (PT_G_MIN):    
 photon isolation cut                 (PHISOLCUT):   0.69999999999999996     
 efficiency of photon isolation cut   (EFISOLCUT):    1.0000000000000000     
 minimum invariant lepton-photon mass   (MLG_MIN):    0.0000000000000000     
 maximum invariant lepton-photon mass   (MLG_MAX):    1.0000000000000000E+020
 minimal missing transverse momentum (PTMISS_MIN):    0.0000000000000000     
 minimum jet rapidity separation      (ETAJJ_MIN):    4.0000000000000000     
 tagging jets in opposite hemispheres     (YSIGN):    T
 leptons fall inside rapidity gap     (LRAPIDGAP):    T
 min leptons y-dist from tagging jets   (DELY_JL):    0.0000000000000000     
 photons fall inside rapidity gap     (GRAPIDGAP):    T
 min photons y-dist from tagging jets   (DELY_JG):    0.0000000000000000     
 dijet min mass cut on tag jets        (MDIJ_MIN):    600.00000000000000     
 dijet max mass cut on tag jets        (MDIJ_MAX):    14000.000000000000     
 veto criteria for jets                   (JVETO):    F
 minimum veto-tag y-dist             (DELY_JVETO):    0.0000000000000000     
 maximum |y| for veto jet             (YMAX_VETO):    5.0000000000000000     
 minimum pT for veto jet             (PTMIN_VETO):    10.000000000000000     
 

        phase space generator information  
 -----------------------------------------------

 boson  6 has mass   120.00 GeV and width     0.0036 GeV
 integration range for boson  6 =    119.462  to      120.538 GeV
 boson  2 has mass    91.19 GeV and width     2.5084 GeV
 integration range for boson  2 =      0.032  to     9899.495 GeV
 boson  2 has mass    91.19 GeV and width     2.5084 GeV
 integration range for boson  2 =      0.032  to     9899.495 GeV

 machine energy =    14000.0  GeV
 Minimal mom.transfer or mass for parton pair:   100.00 MeV

 -----------------------------------------------

  Random number generator initialized with seed =            0
 
          information on histogram config
 -----------------------------------------------
 
 SMEARING           =      T
 SMEAR_VALUE        =       0.20000000000000001     
 CALC_ERROR_GNUPLOT =      F
 CALC_ERROR_1D      =      T
 CALC_ERROR_2D      =      F
 
HIST_ID1      =      0.00    250.00  # dS/dpT_j (fb/GeV)
HIST_ID2      =      0.00    500.00  # dS/dpTmax_j (fb/GeV)
HIST_ID3      =      0.00    200.00  # dS/dpTmin_j (fb/GeV)
HIST_ID4      =     -5.00      5.00  # dS/deta_j (fb)
HIST_ID5      =     -5.00      5.00  # dS/deta_j1 (fb)
HIST_ID6      =     -5.00      5.00  # dS/deta_j2 (fb)
HIST_ID7      =      0.00    500.00  # dS/dpTmax_l (fb/GeV)
HIST_ID8      =      0.00    200.00  # dS/dpTmin_l (fb/GeV)
HIST_ID9      =      0.00      5.00  # dS/d|eta|max_l (fb)
HIST_ID10     =      0.00      5.00  # dS/d|eta|min_l (fb)
HIST_ID11     =   -180.00    180.00  # dS/dPhi_jj (fb)
2DHIST_ID1    =      0.00      6.00      0.00    800.00  # d2S/deta_jj dm_jj (fb/GeV)
 
 -----------------------------------------------
 
 
 

 MONACO input parameters:
 ndim = 15,  ncall =       2M,   rtype = 0
 nprn =  0,  acc = -1.0E+0,  alph = 8.75E-1,  nd = 48,  mds =  0

 MONACO:  continuing with uniform grid
  
 Hjj amplitude square information:
 -----------------------------------------------
  
  External b-quark contributions are excluded

 iteration  1:
 integral =  4.535744E-02,  sigma = 1.377E-03
 efficacy = 9.577E-05,  raw efficacy = 9.577E-05
 f_positive = 8.143E-3,  f_zero = 9.919E-1,  f_negative = 0.000E+0
 accumulated statistics:
 integral =  4.535744E-02,  sigma = 1.377E-03,  chi^2/iteration = 0.000E+00

 MONACO:  grid written to file grid2_1.out.1

 MONACO input parameters:
 ndim = 15,  ncall =       4M,   rtype = 0
 nprn =  0,  acc = -1.0E+0,  alph = 8.75E-1,  nd = 48,  mds =  0

 iteration  2:
 integral =  4.680119E-02,  sigma = 1.287E-04
 efficacy = 2.664E-03,  raw efficacy = 2.096E-05
 f_positive = 8.295E-2,  f_zero = 9.170E-1,  f_negative = 0.000E+0
 accumulated statistics:
 integral =  4.678870E-02,  sigma = 1.281E-04,  chi^2/iteration = 1.090E+06

 MONACO:  grid written to file grid2_1.out.2

 MONACO input parameters:
 ndim = 15,  ncall =       8M,   rtype = 0
 nprn =  0,  acc = -1.0E+0,  alph = 8.75E-1,  nd = 48,  mds =  0

 iteration  3:
 integral =  4.693892E-02,  sigma = 4.625E-05
 efficacy = 6.235E-03,  raw efficacy = 1.813E-05
 f_positive = 1.838E-1,  f_zero = 8.162E-1,  f_negative = 0.000E+0
 accumulated statistics:
 integral =  4.692159E-02,  sigma = 4.350E-05,  chi^2/iteration = 2.307E+00

 MONACO:  grid written to file grid2_1.out.3

 MONACO input parameters:
 ndim = 15,  ncall =      16M,   rtype = 0
 nprn =  0,  acc = -1.0E+0,  alph = 8.75E-1,  nd = 48,  mds =  0

 iteration  4:
 integral =  4.691088E-02,  sigma = 2.642E-05
 efficacy = 9.315E-03,  raw efficacy = 1.389E-05
 f_positive = 2.374E-1,  f_zero = 7.626E-1,  f_negative = 0.000E+0
 accumulated statistics:
 integral =  4.691377E-02,  sigma = 2.258E-05,  chi^2/iteration = 1.175E+00

 MONACO:  grid written to file grid2_1.out.4

 MONACO input parameters:
 ndim = 15,  ncall =      32M,   rtype = 0
 nprn =  0,  acc = -1.0E+0,  alph = 8.75E-1,  nd = 48,  mds =  0

 iteration  5:
 integral =  4.690483E-02,  sigma = 1.742E-05
 efficacy = 6.309E-03,  raw efficacy = 1.483E-05
 f_positive = 2.676E-1,  f_zero = 7.324E-1,  f_negative = 0.000E+0
 accumulated statistics:
 integral =  4.690816E-02,  sigma = 1.379E-05,  chi^2/iteration = 8.164E-01

 MONACO:  grid written to file grid2_1.out.5

 MONACO input parameters:
 ndim = 15,  ncall =      64M,   rtype = 0
 nprn =  0,  acc = -1.0E+0,  alph = 8.75E-1,  nd = 48,  mds =  0
  random number setting in monaco saved 

 iteration  6:
 integral =  4.686929E-02,  sigma = 1.209E-05
 efficacy = 2.077E-03,  raw efficacy = 1.385E-05
 f_positive = 2.847E-1,  f_zero = 7.153E-1,  f_negative = 0.000E+0
 accumulated statistics:
 integral =  4.688618E-02,  sigma = 9.091E-06,  chi^2/iteration = 1.735E+00

 MONACO:  grid written to file grid2_1.out.6
 
  result (LO):    4.6886182959323751E-002  +-    9.0913339652417897E-006  fb     1.9390219871660279E-002 %
 
   
 Initialising FF ..
   
 ====================================================
   FF 2.0, a package to evaluate one-loop integrals
 written by G. J. van Oldenborgh, NIKHEF-H, Amsterdam
 ====================================================
 for the algorithms used see preprint NIKHEF-H 89/17,
 'New Algorithms for One-loop Integrals', by G.J. van
 Oldenborgh and J.A.M. Vermaseren, published in 
 Zeitschrift fuer Physik C46(1990)425.
 ====================================================
 Initializing PDF set CT10

 MONACO input parameters:
 ndim = 15,  ncall =      64M,   rtype = 0
 nprn =  0,  acc = -1.0E+0,  alph = 8.75E-1,  nd = 48,  mds =  0

 MONACO:  grid read from file grid2_1.out.6                                                                                                                                                                                                                                             

 iteration  1:
 integral =  4.149691E-02,  sigma = 1.077E-05
 efficacy = 1.313E-03,  raw efficacy = 1.214E-05
 f_positive = 2.952E-1,  f_zero = 7.048E-1,  f_negative = 0.000E+0
 accumulated statistics:
 integral =  4.149691E-02,  sigma = 1.077E-05,  chi^2/iteration = 1.863E-09

 MONACO:  grid written to file grid2_1.vout.1
  
  result for virtual contribution, no.            1
  sigma =    4.1496909285457018E-002  +-    1.0773959289639733E-005  fb  
  
 total result for virtual contns so far 
  sigma =    4.1496909285457018E-002  +-    1.0773959289639733E-005  fb
  
   
 Summary for FF ..
   
 
total number of errors and warnings
===================================
vbffferr: no errors
the warning system has been disabled
 

 MONACO input parameters:
 ndim = 18,  ncall =       2M,   rtype = 0
 nprn =  0,  acc = -1.0E+0,  alph = 8.75E-1,  nd = 48,  mds =  0

 MONACO:  continuing with uniform grid
  
 Hjjj amplitude square information:
 -----------------------------------------------
  
  External b-quark contributions are excluded
  
  creal =   -4.0797362673929065       cvirtual =   -3.7101318663035472     
  virt factor for alphas = 0.12 is   0.81104453988909386     

 iteration  1:
 integral =  7.334305E-03,  sigma = 1.481E-03
 efficacy = 4.088E-06,  raw efficacy = 4.088E-06
 f_positive = 1.267E-2,  f_zero = 9.789E-1,  f_negative = 8.398E-3
 accumulated statistics:
 integral =  7.334305E-03,  sigma = 1.481E-03,  chi^2/iteration = 0.000E+00

 MONACO:  grid written to file grid3_1.out.1

 MONACO input parameters:
 ndim = 18,  ncall =       4M,   rtype = 0
 nprn =  0,  acc = -1.0E+0,  alph = 8.75E-1,  nd = 48,  mds =  0

 iteration  2:
 integral =  7.611529E-03,  sigma = 4.553E-04
 efficacy = 6.377E-06,  raw efficacy = 6.897E-08
 f_positive = 4.757E-2,  f_zero = 9.292E-1,  f_negative = 2.319E-2
 accumulated statistics:
 integral =  7.587575E-03,  sigma = 4.352E-04,  chi^2/iteration = 3.203E+04

 MONACO:  grid written to file grid3_1.out.2

 MONACO input parameters:
 ndim = 18,  ncall =       8M,   rtype = 0
 nprn =  0,  acc = -1.0E+0,  alph = 8.75E-1,  nd = 48,  mds =  0

 iteration  3:
 integral =  7.876029E-03,  sigma = 1.632E-04
 efficacy = 1.507E-05,  raw efficacy = 8.593E-09
 f_positive = 8.566E-2,  f_zero = 8.788E-1,  f_negative = 3.549E-2
 accumulated statistics:
 integral =  7.840469E-03,  sigma = 1.528E-04,  chi^2/iteration = 4.172E-01

 MONACO:  grid written to file grid3_1.out.3

 MONACO input parameters:
 ndim = 18,  ncall =      16M,   rtype = 0
 nprn =  0,  acc = -1.0E+0,  alph = 8.75E-1,  nd = 48,  mds =  0

 iteration  4:
 integral =  7.727889E-03,  sigma = 2.975E-04
 efficacy = 1.700E-06,  raw efficacy = 4.645E-09
 f_positive = 1.118E-1,  f_zero = 8.429E-1,  f_negative = 4.532E-2
 accumulated statistics:
 integral =  7.816967E-03,  sigma = 1.359E-04,  chi^2/iteration = 2.652E-01

 MONACO:  grid written to file grid3_1.out.4

 MONACO input parameters:
 ndim = 18,  ncall =      32M,   rtype = 0
 nprn =  0,  acc = -1.0E+0,  alph = 8.75E-1,  nd = 48,  mds =  0

 iteration  5:
 integral =  7.964366E-03,  sigma = 1.076E-04
 efficacy = 8.235E-06,  raw efficacy = 1.990E-09
 f_positive = 1.339E-1,  f_zero = 8.126E-1,  f_negative = 5.355E-2
 accumulated statistics:
 integral =  7.907561E-03,  sigma = 8.438E-05,  chi^2/iteration = 4.178E-01

 MONACO:  grid written to file grid3_1.out.5

 MONACO input parameters:
 ndim = 18,  ncall =      64M,   rtype = 0
 nprn =  0,  acc = -1.0E+0,  alph = 8.75E-1,  nd = 48,  mds =  0

 iteration  6:
 integral =  8.026338E-03,  sigma = 4.447E-05
 efficacy = 1.220E-05,  raw efficacy = 4.486E-09
 f_positive = 1.429E-1,  f_zero = 8.004E-1,  f_negative = 5.667E-2
 accumulated statistics:
 integral =  8.000523E-03,  sigma = 3.934E-05,  chi^2/iteration = 7.010E-01

 MONACO:  grid written to file grid3_1.out.6
 
  result for real emissions 
  sigma =    8.0005226636948971E-003  +-    3.9338109198668366E-005  fb
  
 
total number of errors and warnings
===================================
fferr: no errors
 
  
  final result at NLO 
  sigma =    4.9497431949151918E-002  +-    4.0786824270849660E-005  fb   8.2401899784921045E-002 %
 
   
 TOTAL VIRTUAL CONTRIBUTIONS:
 TOTAL borntype:
   4.1496909285457018E-002   1.0773959289639733E-005   2.5963281302532015E-002  %
  
  
  
 !!!!!!!!!!!!!!!!!!!!!!!!!!!!!!!!!!!!!!!!!!!!!!!!!!!!!!!!!!!!!!!!!!!!!!!!!!!!!!!!!!!!!!!!!!!!!!!!!!!!!!!!
     VBFNLO 2.7.0 rc1 svn 6148
   
  PROCESS:          107   :   p p --> H jj --> Z Z jj -->  e- e+ ve ve~ jj
   
  TOTAL result (LO):          4.6886182959323751E-002  +-    9.0913339652417897E-006  fb     1.9390219871660279E-002 %
  NLO virtual result:         4.1496909285457018E-002  +-    1.0773959289639733E-005  fb     2.5963281302532011E-002 %
  QCD real emission:          8.0005226636948971E-003  +-    3.9338109198668366E-005  fb    0.49169424114225019      %
  TOTAL result (NLO):         4.9497431949151918E-002  +-    4.0786824270849660E-005  fb     8.2401899784921045E-002 %
  K-Factor:                   1.0556933583630290     
 !!!!!!!!!!!!!!!!!!!!!!!!!!!!!!!!!!!!!!!!!!!!!!!!!!!!!!!!!!!!!!!!!!!!!!!!!!!!!!!!!!!!!!!!!!!!!!!!!!!!!!!!
  
  
