event>     initevent>         0/4000000; xs = 22135.2 pb +- 22135.2 pb
event>         1/4000000; xs = 0.0692118 pb +- 22135.2 pb
event>         2/4000000; xs = 0.534807 pb +- 0.465595 pb
event>         5/4000000; xs = 11.8101 pb +- 10.9802 pb
event>        10/4000000; xs = 11.242 pb +- 6.38292 pb
event>        20/4000000; xs = 5.92236 pb +- 3.50847 pb
event>        50/4000000; xs = 3.80235 pb +- 1.58549 pb
event>       100/4000000; xs = 3.98999 pb +- 0.954978 pb
event>       200/4000000; xs = 3.67075 pb +- 0.619279 pb
event>       500/4000000; xs = 2.68124 pb +- 0.523132 pb
event>      1000/4000000; xs = 2.77548 pb +- 0.447073 pb
event>      2000/4000000; xs = 2.68016 pb +- 0.35885 pb
event>      5000/4000000; xs = 2.68246 pb +- 0.235515 pb
event>     10000/4000000; xs = 2.73548 pb +- 0.167426 pb
event>     20000/4000000; xs = 2.92607 pb +- 0.135037 pb
event>     30000/4000000; xs = 2.97156 pb +- 0.117741 pb
event>     40000/4000000; xs = 2.94063 pb +- 0.0977128 pb
event>     50000/4000000; xs = 2.87809 pb +- 0.0870444 pb
event>     60000/4000000; xs = 2.82772 pb +- 0.0784 pb
event>     70000/4000000; xs = 2.81431 pb +- 0.0736465 pb
event>     80000/4000000; xs = 2.86133 pb +- 0.0688582 pb
event>     90000/4000000; xs = 2.85315 pb +- 0.0643773 pb
event>    100000/4000000; xs = 2.87947 pb +- 0.0616132 pb
event>    110000/4000000; xs = 2.86399 pb +- 0.0581029 pb
event>    120000/4000000; xs = 2.86958 pb +- 0.0561171 pb
event>    130000/4000000; xs = 2.8689 pb +- 0.0535372 pb
event>    140000/4000000; xs = 2.85257 pb +- 0.0516545 pb
event>    150000/4000000; xs = 2.85481 pb +- 0.0507563 pb
event>    160000/4000000; xs = 2.86179 pb +- 0.0489938 pb
event>    170000/4000000; xs = 2.87646 pb +- 0.0475068 pb
event>    180000/4000000; xs = 2.89369 pb +- 0.0461282 pb
event>    190000/4000000; xs = 2.88926 pb +- 0.0443622 pb
event>    200000/4000000; xs = 2.88565 pb +- 0.0435185 pb
event>    210000/4000000; xs = 2.88264 pb +- 0.0423224 pb
event>    220000/4000000; xs = 2.89469 pb +- 0.0421595 pb
event>    230000/4000000; xs = 2.88835 pb +- 0.0411585 pb
event>    240000/4000000; xs = 2.90026 pb +- 0.0404592 pb
event>    250000/4000000; xs = 2.90093 pb +- 0.0396206 pb
event>    260000/4000000; xs = 2.90061 pb +- 0.0387589 pb
event>    270000/4000000; xs = 2.91104 pb +- 0.0387373 pb
event>    280000/4000000; xs = 2.91558 pb +- 0.0378316 pb
event>    290000/4000000; xs = 2.91491 pb +- 0.0371749 pb
event>    300000/4000000; xs = 2.91808 pb +- 0.0364271 pb
event>    310000/4000000; xs = 2.92381 pb +- 0.0356135 pb
event>    320000/4000000; xs = 2.92408 pb +- 0.0350139 pb
event>    330000/4000000; xs = 2.93115 pb +- 0.0344254 pb
event>    340000/4000000; xs = 2.9367 pb +- 0.0339403 pb
event>    350000/4000000; xs = 2.94196 pb +- 0.0334079 pb
event>    360000/4000000; xs = 2.95006 pb +- 0.0331927 pb
event>    370000/4000000; xs = 2.94981 pb +- 0.0327128 pb
event>    380000/4000000; xs = 2.95401 pb +- 0.0320841 pb
event>    390000/4000000; xs = 2.96142 pb +- 0.0315667 pb
event>    400000/4000000; xs = 2.94847 pb +- 0.0317242 pb
event>    410000/4000000; xs = 2.94732 pb +- 0.0312417 pb
event>    420000/4000000; xs = 2.94615 pb +- 0.0306866 pb
event>    430000/4000000; xs = 2.94634 pb +- 0.0302052 pb
event>    440000/4000000; xs = 2.95009 pb +- 0.0297459 pb
event>    450000/4000000; xs = 2.95765 pb +- 0.0294723 pb
event>    460000/4000000; xs = 2.95512 pb +- 0.0292265 pb
event>    470000/4000000; xs = 2.94791 pb +- 0.0288674 pb
event>    480000/4000000; xs = 2.95003 pb +- 0.0285338 pb
event>    490000/4000000; xs = 2.94629 pb +- 0.0284068 pb
event>    500000/4000000; xs = 2.94073 pb +- 0.0280728 pb
event>    510000/4000000; xs = 2.93525 pb +- 0.0279606 pb
event>    520000/4000000; xs = 2.93589 pb +- 0.0275875 pb
event>    530000/4000000; xs = 2.93851 pb +- 0.0274022 pb
event>    540000/4000000; xs = 2.93677 pb +- 0.027119 pb
event>    550000/4000000; xs = 2.94349 pb +- 0.0268209 pb
event>    560000/4000000; xs = 2.93982 pb +- 0.026577 pb
event>    570000/4000000; xs = 2.93452 pb +- 0.0263887 pb
event>    580000/4000000; xs = 2.92882 pb +- 0.0264201 pb
event>    590000/4000000; xs = 2.9306 pb +- 0.0262503 pb
event>    600000/4000000; xs = 2.93432 pb +- 0.0260608 pb
event>    610000/4000000; xs = 2.93496 pb +- 0.0258809 pb
event>    620000/4000000; xs = 2.93354 pb +- 0.0256692 pb
event>    630000/4000000; xs = 2.93415 pb +- 0.0253883 pb
event>    640000/4000000; xs = 2.93483 pb +- 0.0251366 pb
event>    650000/4000000; xs = 2.93581 pb +- 0.0249526 pb
event>    660000/4000000; xs = 2.93726 pb +- 0.024837 pb
event>    670000/4000000; xs = 2.94333 pb +- 0.0250987 pb
event>    680000/4000000; xs = 2.94459 pb +- 0.0249101 pb
event>    690000/4000000; xs = 2.94646 pb +- 0.0248389 pb
event>    700000/4000000; xs = 2.94848 pb +- 0.0246131 pb
event>    710000/4000000; xs = 2.944 pb +- 0.0246202 pb
event>    720000/4000000; xs = 2.94113 pb +- 0.0244159 pb
event>    730000/4000000; xs = 2.93918 pb +- 0.0242231 pb
event>    740000/4000000; xs = 2.93879 pb +- 0.0239765 pb
event>    750000/4000000; xs = 2.9379 pb +- 0.0239078 pb
event>    760000/4000000; xs = 2.94006 pb +- 0.0237845 pb
event>    770000/4000000; xs = 2.94239 pb +- 0.0237106 pb
event>    780000/4000000; xs = 2.93875 pb +- 0.023594 pb
event>    790000/4000000; xs = 2.93772 pb +- 0.0234318 pb
event>    800000/4000000; xs = 2.94174 pb +- 0.0232358 pb
event>    810000/4000000; xs = 2.94099 pb +- 0.0230318 pb
event>    820000/4000000; xs = 2.94014 pb +- 0.0228982 pb
event>    830000/4000000; xs = 2.93887 pb +- 0.0227002 pb
event>    840000/4000000; xs = 2.93739 pb +- 0.0225434 pb
event>    850000/4000000; xs = 2.93906 pb +- 0.0223572 pb
event>    860000/4000000; xs = 2.93982 pb +- 0.022219 pb
event>    870000/4000000; xs = 2.93806 pb +- 0.0220627 pb
event>    880000/4000000; xs = 2.9428 pb +- 0.022068 pb
event>    890000/4000000; xs = 2.94258 pb +- 0.0219327 pb
event>    900000/4000000; xs = 2.94075 pb +- 0.021765 pb
event>    910000/4000000; xs = 2.94446 pb +- 0.0215983 pb
event>    920000/4000000; xs = 2.94306 pb +- 0.0214666 pb
event>    930000/4000000; xs = 2.94163 pb +- 0.0213504 pb
event>    940000/4000000; xs = 2.94629 pb +- 0.0212091 pb
event>    950000/4000000; xs = 2.94653 pb +- 0.0210633 pb
event>    960000/4000000; xs = 2.94555 pb +- 0.0209385 pb
event>    970000/4000000; xs = 2.94628 pb +- 0.0207934 pb
event>    980000/4000000; xs = 2.94297 pb +- 0.0206604 pb
event>    990000/4000000; xs = 2.94093 pb +- 0.0205625 pb
event>   1000000/4000000; xs = 2.94464 pb +- 0.0209082 pb
event>   1010000/4000000; xs = 2.9416 pb +- 0.0207958 pb
event>   1020000/4000000; xs = 2.94207 pb +- 0.0206728 pb
event>   1030000/4000000; xs = 2.941 pb +- 0.0205269 pb
event>   1040000/4000000; xs = 2.94128 pb +- 0.0205665 pb
event>   1050000/4000000; xs = 2.94161 pb +- 0.0204345 pb
event>   1060000/4000000; xs = 2.93956 pb +- 0.0203045 pb
event>   1070000/4000000; xs = 2.94069 pb +- 0.0202274 pb
event>   1080000/4000000; xs = 2.94059 pb +- 0.0201091 pb
event>   1090000/4000000; xs = 2.93938 pb +- 0.0199851 pb
event>   1100000/4000000; xs = 2.94333 pb +- 0.0198804 pb
event>   1110000/4000000; xs = 2.94342 pb +- 0.019793 pb
event>   1120000/4000000; xs = 2.94251 pb +- 0.0196949 pb
event>   1130000/4000000; xs = 2.9422 pb +- 0.0195968 pb
event>   1140000/4000000; xs = 2.93953 pb +- 0.0194842 pb
event>   1150000/4000000; xs = 2.93669 pb +- 0.0193756 pb
event>   1160000/4000000; xs = 2.93625 pb +- 0.0192898 pb
event>   1170000/4000000; xs = 2.93855 pb +- 0.0192186 pb
event>   1180000/4000000; xs = 2.93942 pb +- 0.0191049 pb
event>   1190000/4000000; xs = 2.9419 pb +- 0.0191757 pb
event>   1200000/4000000; xs = 2.94065 pb +- 0.0190665 pb
event>   1210000/4000000; xs = 2.94057 pb +- 0.0189608 pb
event>   1220000/4000000; xs = 2.94103 pb +- 0.0188774 pb
event>   1230000/4000000; xs = 2.94004 pb +- 0.0188003 pb
event>   1240000/4000000; xs = 2.94065 pb +- 0.0186953 pb
event>   1250000/4000000; xs = 2.94093 pb +- 0.0185931 pb
event>   1260000/4000000; xs = 2.94321 pb +- 0.0184992 pb
event>   1270000/4000000; xs = 2.94394 pb +- 0.0184291 pb
event>   1280000/4000000; xs = 2.94257 pb +- 0.0183514 pb
event>   1290000/4000000; xs = 2.9424 pb +- 0.018289 pb
event>   1300000/4000000; xs = 2.94059 pb +- 0.0182171 pb
event>   1310000/4000000; xs = 2.93886 pb +- 0.018126 pb
event>   1320000/4000000; xs = 2.93828 pb +- 0.0180743 pb
event>   1330000/4000000; xs = 2.93817 pb +- 0.0179901 pb
event>   1340000/4000000; xs = 2.93845 pb +- 0.0179458 pb
event>   1350000/4000000; xs = 2.93875 pb +- 0.0178628 pb
event>   1360000/4000000; xs = 2.93855 pb +- 0.0178211 pb
event>   1370000/4000000; xs = 2.93998 pb +- 0.0177327 pb
event>   1380000/4000000; xs = 2.93609 pb +- 0.0176796 pb
event>   1390000/4000000; xs = 2.93585 pb +- 0.0176018 pb
event>   1400000/4000000; xs = 2.93703 pb +- 0.0175234 pb
event>   1410000/4000000; xs = 2.93727 pb +- 0.017497 pb
event>   1420000/4000000; xs = 2.93515 pb +- 0.0174395 pb
event>   1430000/4000000; xs = 2.9338 pb +- 0.0173638 pb
event>   1440000/4000000; xs = 2.93243 pb +- 0.0172917 pb
event>   1450000/4000000; xs = 2.93221 pb +- 0.0172483 pb
event>   1460000/4000000; xs = 2.93381 pb +- 0.0171671 pb
event>   1470000/4000000; xs = 2.92859 pb +- 0.0171851 pb
event>   1480000/4000000; xs = 2.93032 pb +- 0.0171379 pb
event>   1490000/4000000; xs = 2.93357 pb +- 0.0170737 pb
event>   1500000/4000000; xs = 2.93473 pb +- 0.0170181 pb
event>   1510000/4000000; xs = 2.93409 pb +- 0.0169514 pb
event>   1520000/4000000; xs = 2.9326 pb +- 0.0168956 pb
event>   1530000/4000000; xs = 2.93161 pb +- 0.0168172 pb
event>   1540000/4000000; xs = 2.93327 pb +- 0.0167916 pb
event>   1550000/4000000; xs = 2.93382 pb +- 0.0167217 pb
event>   1560000/4000000; xs = 2.93361 pb +- 0.0166631 pb
event>   1570000/4000000; xs = 2.93608 pb +- 0.0166087 pb
event>   1580000/4000000; xs = 2.93548 pb +- 0.0165388 pb
event>   1590000/4000000; xs = 2.93415 pb +- 0.0164695 pb
event>   1600000/4000000; xs = 2.93183 pb +- 0.0164109 pb
event>   1610000/4000000; xs = 2.9329 pb +- 0.0163496 pb
event>   1620000/4000000; xs = 2.93227 pb +- 0.0162899 pb
event>   1630000/4000000; xs = 2.93033 pb +- 0.0162311 pb
event>   1640000/4000000; xs = 2.93236 pb +- 0.0163406 pb
event>   1650000/4000000; xs = 2.93123 pb +- 0.0162889 pb
event>   1660000/4000000; xs = 2.93221 pb +- 0.0162399 pb
event>   1670000/4000000; xs = 2.93233 pb +- 0.016177 pb
event>   1680000/4000000; xs = 2.93219 pb +- 0.0161462 pb
event>   1690000/4000000; xs = 2.93102 pb +- 0.0160934 pb
event>   1700000/4000000; xs = 2.92918 pb +- 0.0160438 pb
event>   1710000/4000000; xs = 2.93097 pb +- 0.0159871 pb
event>   1720000/4000000; xs = 2.93188 pb +- 0.0159492 pb
event>   1730000/4000000; xs = 2.93297 pb +- 0.0158841 pb
event>   1740000/4000000; xs = 2.93231 pb +- 0.0158457 pb
event>   1750000/4000000; xs = 2.93449 pb +- 0.0157837 pb
event>   1760000/4000000; xs = 2.93277 pb +- 0.0157229 pb
event>   1770000/4000000; xs = 2.93374 pb +- 0.0156664 pb
event>   1780000/4000000; xs = 2.93318 pb +- 0.0156096 pb
event>   1790000/4000000; xs = 2.93255 pb +- 0.015554 pb
event>   1800000/4000000; xs = 2.93209 pb +- 0.0154916 pb
event>   1810000/4000000; xs = 2.93263 pb +- 0.0154511 pb
event>   1820000/4000000; xs = 2.93342 pb +- 0.0154137 pb
event>   1830000/4000000; xs = 2.93262 pb +- 0.0153629 pb
event>   1840000/4000000; xs = 2.93133 pb +- 0.0153143 pb
event>   1850000/4000000; xs = 2.93119 pb +- 0.0152547 pb
event>   1860000/4000000; xs = 2.9303 pb +- 0.0152003 pb
event>   1870000/4000000; xs = 2.92978 pb +- 0.0151524 pb
event>   1880000/4000000; xs = 2.93094 pb +- 0.0151074 pb
event>   1890000/4000000; xs = 2.9321 pb +- 0.0150568 pb
event>   1900000/4000000; xs = 2.93315 pb +- 0.0150117 pb
event>   1910000/4000000; xs = 2.93274 pb +- 0.0149588 pb
event>   1920000/4000000; xs = 2.93251 pb +- 0.0149254 pb
event>   1930000/4000000; xs = 2.93154 pb +- 0.01487 pb
event>   1940000/4000000; xs = 2.93039 pb +- 0.0148152 pb
event>   1950000/4000000; xs = 2.93078 pb +- 0.0148014 pb
event>   1960000/4000000; xs = 2.93056 pb +- 0.0147578 pb
event>   1970000/4000000; xs = 2.9308 pb +- 0.014711 pb
event>   1980000/4000000; xs = 2.93088 pb +- 0.0146642 pb
event>   1990000/4000000; xs = 2.93067 pb +- 0.0146279 pb
event>   2000000/4000000; xs = 2.92985 pb +- 0.0146295 pb
event>   2010000/4000000; xs = 2.92974 pb +- 0.0145806 pb
event>   2020000/4000000; xs = 2.92942 pb +- 0.0145281 pb
event>   2030000/4000000; xs = 2.92924 pb +- 0.0144791 pb
event>   2040000/4000000; xs = 2.92983 pb +- 0.0144346 pb
event>   2050000/4000000; xs = 2.93051 pb +- 0.0143977 pb
event>   2060000/4000000; xs = 2.93015 pb +- 0.014375 pb
event>   2070000/4000000; xs = 2.92881 pb +- 0.0143559 pb
event>   2080000/4000000; xs = 2.9282 pb +- 0.0143144 pb
event>   2090000/4000000; xs = 2.92809 pb +- 0.0142771 pb
event>   2100000/4000000; xs = 2.92856 pb +- 0.0142412 pb
event>   2110000/4000000; xs = 2.9278 pb +- 0.0142352 pb
event>   2120000/4000000; xs = 2.9302 pb +- 0.0142007 pb
event>   2130000/4000000; xs = 2.93071 pb +- 0.0141737 pb
event>   2140000/4000000; xs = 2.92987 pb +- 0.0141317 pb
event>   2150000/4000000; xs = 2.92843 pb +- 0.0141063 pb
event>   2160000/4000000; xs = 2.92685 pb +- 0.0140807 pb
event>   2170000/4000000; xs = 2.9291 pb +- 0.0140493 pb
event>   2180000/4000000; xs = 2.92763 pb +- 0.0140089 pb
event>   2190000/4000000; xs = 2.92553 pb +- 0.0139846 pb
event>   2200000/4000000; xs = 2.92565 pb +- 0.013946 pb
event>   2210000/4000000; xs = 2.92508 pb +- 0.0139094 pb
event>   2220000/4000000; xs = 2.92561 pb +- 0.0138841 pb
event>   2230000/4000000; xs = 2.92639 pb +- 0.0138447 pb
event>   2240000/4000000; xs = 2.92769 pb +- 0.0138068 pb
event>   2250000/4000000; xs = 2.92802 pb +- 0.0137719 pb
event>   2260000/4000000; xs = 2.92855 pb +- 0.0137702 pb
event>   2270000/4000000; xs = 2.92857 pb +- 0.0137377 pb
event>   2280000/4000000; xs = 2.92718 pb +- 0.0137254 pb
event>   2290000/4000000; xs = 2.92793 pb +- 0.0136929 pb
event>   2300000/4000000; xs = 2.92733 pb +- 0.0136514 pb
event>   2310000/4000000; xs = 2.92641 pb +- 0.0136152 pb
event>   2320000/4000000; xs = 2.92803 pb +- 0.0135965 pb
event>   2330000/4000000; xs = 2.92861 pb +- 0.0136004 pb
event>   2340000/4000000; xs = 2.92921 pb +- 0.0135717 pb
event>   2350000/4000000; xs = 2.92941 pb +- 0.0135488 pb
event>   2360000/4000000; xs = 2.92932 pb +- 0.0135249 pb
event>   2370000/4000000; xs = 2.92788 pb +- 0.0135002 pb
event>   2380000/4000000; xs = 2.92883 pb +- 0.0134718 pb
event>   2390000/4000000; xs = 2.92905 pb +- 0.0134507 pb
event>   2400000/4000000; xs = 2.93045 pb +- 0.0134168 pb
event>   2410000/4000000; xs = 2.92839 pb +- 0.0134304 pb
event>   2420000/4000000; xs = 2.92807 pb +- 0.0133931 pb
event>   2430000/4000000; xs = 2.92771 pb +- 0.0133642 pb
event>   2440000/4000000; xs = 2.92723 pb +- 0.0133284 pb
event>   2450000/4000000; xs = 2.92571 pb +- 0.0132958 pb
event>   2460000/4000000; xs = 2.9237 pb +- 0.0132736 pb
event>   2470000/4000000; xs = 2.92443 pb +- 0.0132412 pb
event>   2480000/4000000; xs = 2.92511 pb +- 0.0132043 pb
event>   2490000/4000000; xs = 2.92657 pb +- 0.0132358 pb
event>   2500000/4000000; xs = 2.92757 pb +- 0.0132044 pb
event>   2510000/4000000; xs = 2.92781 pb +- 0.01317 pb
event>   2520000/4000000; xs = 2.92825 pb +- 0.0131355 pb
event>   2530000/4000000; xs = 2.92778 pb +- 0.0131074 pb
event>   2540000/4000000; xs = 2.92736 pb +- 0.0130805 pb
event>   2550000/4000000; xs = 2.92826 pb +- 0.013055 pb
event>   2560000/4000000; xs = 2.92854 pb +- 0.0130216 pb
event>   2570000/4000000; xs = 2.92779 pb +- 0.0129999 pb
event>   2580000/4000000; xs = 2.92805 pb +- 0.0129659 pb
event>   2590000/4000000; xs = 2.92804 pb +- 0.0129357 pb
event>   2600000/4000000; xs = 2.92815 pb +- 0.0129176 pb
event>   2610000/4000000; xs = 2.92894 pb +- 0.0128891 pb
event>   2620000/4000000; xs = 2.92947 pb +- 0.0128601 pb
event>   2630000/4000000; xs = 2.93047 pb +- 0.0128389 pb
event>   2640000/4000000; xs = 2.93058 pb +- 0.0128102 pb
event>   2650000/4000000; xs = 2.93077 pb +- 0.0127826 pb
event>   2660000/4000000; xs = 2.93095 pb +- 0.0127527 pb
event>   2670000/4000000; xs = 2.93107 pb +- 0.012721 pb
event>   2680000/4000000; xs = 2.93049 pb +- 0.0127047 pb
event>   2690000/4000000; xs = 2.93038 pb +- 0.0126791 pb
event>   2700000/4000000; xs = 2.92945 pb +- 0.012651 pb
event>   2710000/4000000; xs = 2.92904 pb +- 0.0126286 pb
event>   2720000/4000000; xs = 2.929 pb +- 0.012599 pb
event>   2730000/4000000; xs = 2.92809 pb +- 0.0125714 pb
event>   2740000/4000000; xs = 2.92747 pb +- 0.0125506 pb
event>   2750000/4000000; xs = 2.92715 pb +- 0.0125241 pb
event>   2760000/4000000; xs = 2.92644 pb +- 0.0124951 pb
event>   2770000/4000000; xs = 2.92727 pb +- 0.0124684 pb
event>   2780000/4000000; xs = 2.92814 pb +- 0.0124648 pb
event>   2790000/4000000; xs = 2.92731 pb +- 0.012453 pb
event>   2800000/4000000; xs = 2.92759 pb +- 0.0124225 pb
event>   2810000/4000000; xs = 2.92744 pb +- 0.0123969 pb
event>   2820000/4000000; xs = 2.92738 pb +- 0.0123684 pb
event>   2830000/4000000; xs = 2.92682 pb +- 0.0123442 pb
event>   2840000/4000000; xs = 2.92667 pb +- 0.0123171 pb
event>   2850000/4000000; xs = 2.92739 pb +- 0.0122904 pb
event>   2860000/4000000; xs = 2.92803 pb +- 0.0122679 pb
event>   2870000/4000000; xs = 2.92746 pb +- 0.0122419 pb
event>   2880000/4000000; xs = 2.92788 pb +- 0.0122171 pb
event>   2890000/4000000; xs = 2.92914 pb +- 0.0121986 pb
event>   2900000/4000000; xs = 2.9288 pb +- 0.0121724 pb
event>   2910000/4000000; xs = 2.928 pb +- 0.012145 pb
event>   2920000/4000000; xs = 2.92703 pb +- 0.0121281 pb
event>   2930000/4000000; xs = 2.92731 pb +- 0.0120997 pb
event>   2940000/4000000; xs = 2.92799 pb +- 0.0120761 pb
event>   2950000/4000000; xs = 2.92919 pb +- 0.0120658 pb
event>   2960000/4000000; xs = 2.92983 pb +- 0.0120402 pb
event>   2970000/4000000; xs = 2.93045 pb +- 0.0120187 pb
event>   2980000/4000000; xs = 2.92977 pb +- 0.0119951 pb
event>   2990000/4000000; xs = 2.92925 pb +- 0.0119772 pb
event>   3000000/4000000; xs = 2.92832 pb +- 0.0119521 pb
event>   3010000/4000000; xs = 2.9284 pb +- 0.0119405 pb
event>   3020000/4000000; xs = 2.9287 pb +- 0.0119168 pb
event>   3030000/4000000; xs = 2.92812 pb +- 0.0118907 pb
event>   3040000/4000000; xs = 2.92851 pb +- 0.0118653 pb
event>   3050000/4000000; xs = 2.92822 pb +- 0.0118419 pb
event>   3060000/4000000; xs = 2.92762 pb +- 0.0118177 pb
event>   3070000/4000000; xs = 2.92639 pb +- 0.0117942 pb
event>   3080000/4000000; xs = 2.92699 pb +- 0.011768 pb
event>   3090000/4000000; xs = 2.92713 pb +- 0.0117575 pb
event>   3100000/4000000; xs = 2.92622 pb +- 0.011768 pb
event>   3110000/4000000; xs = 2.92659 pb +- 0.0117449 pb
event>   3120000/4000000; xs = 2.92663 pb +- 0.011725 pb
event>   3130000/4000000; xs = 2.92668 pb +- 0.0117093 pb
event>   3140000/4000000; xs = 2.92677 pb +- 0.011686 pb
event>   3150000/4000000; xs = 2.92703 pb +- 0.0116642 pb
event>   3160000/4000000; xs = 2.9271 pb +- 0.0116368 pb
event>   3170000/4000000; xs = 2.92667 pb +- 0.0116232 pb
event>   3180000/4000000; xs = 2.92658 pb +- 0.0116026 pb
event>   3190000/4000000; xs = 2.92631 pb +- 0.0115765 pb
event>   3200000/4000000; xs = 2.92533 pb +- 0.0115664 pb
event>   3210000/4000000; xs = 2.92483 pb +- 0.0115444 pb
event>   3220000/4000000; xs = 2.92454 pb +- 0.0115206 pb
event>   3230000/4000000; xs = 2.92546 pb +- 0.0115025 pb
event>   3240000/4000000; xs = 2.92506 pb +- 0.0114799 pb
event>   3250000/4000000; xs = 2.92487 pb +- 0.0114616 pb
event>   3260000/4000000; xs = 2.92428 pb +- 0.0114539 pb
event>   3270000/4000000; xs = 2.92475 pb +- 0.0114339 pb
event>   3280000/4000000; xs = 2.92436 pb +- 0.0114744 pb
event>   3290000/4000000; xs = 2.9244 pb +- 0.0114553 pb
event>   3300000/4000000; xs = 2.9254 pb +- 0.0114408 pb
event>   3310000/4000000; xs = 2.92571 pb +- 0.0114254 pb
event>   3320000/4000000; xs = 2.92603 pb +- 0.0114215 pb
event>   3330000/4000000; xs = 2.92653 pb +- 0.011402 pb
event>   3340000/4000000; xs = 2.92657 pb +- 0.0113862 pb
event>   3350000/4000000; xs = 2.92597 pb +- 0.0114092 pb
event>   3360000/4000000; xs = 2.92582 pb +- 0.0114085 pb
event>   3370000/4000000; xs = 2.92723 pb +- 0.011386 pb
event>   3380000/4000000; xs = 2.9275 pb +- 0.0113635 pb
event>   3390000/4000000; xs = 2.92745 pb +- 0.0113503 pb
event>   3400000/4000000; xs = 2.92703 pb +- 0.0113288 pb
event>   3410000/4000000; xs = 2.92725 pb +- 0.011307 pb
event>   3420000/4000000; xs = 2.92629 pb +- 0.0112972 pb
event>   3430000/4000000; xs = 2.92598 pb +- 0.0112849 pb
event>   3440000/4000000; xs = 2.92542 pb +- 0.0112628 pb
event>   3450000/4000000; xs = 2.92517 pb +- 0.0112567 pb
event>   3460000/4000000; xs = 2.92562 pb +- 0.0112371 pb
event>   3470000/4000000; xs = 2.92587 pb +- 0.011216 pb
event>   3480000/4000000; xs = 2.92483 pb +- 0.01125 pb
event>   3490000/4000000; xs = 2.92498 pb +- 0.0112384 pb
event>   3500000/4000000; xs = 2.92418 pb +- 0.0112185 pb
event>   3510000/4000000; xs = 2.92386 pb +- 0.0111977 pb
event>   3520000/4000000; xs = 2.92455 pb +- 0.0111802 pb
event>   3530000/4000000; xs = 2.92373 pb +- 0.0111641 pb
event>   3540000/4000000; xs = 2.92308 pb +- 0.0111398 pb
event>   3550000/4000000; xs = 2.92326 pb +- 0.0111226 pb
event>   3560000/4000000; xs = 2.92289 pb +- 0.0111006 pb
event>   3570000/4000000; xs = 2.92265 pb +- 0.0110804 pb
event>   3580000/4000000; xs = 2.92211 pb +- 0.0110589 pb
event>   3590000/4000000; xs = 2.9216 pb +- 0.0110448 pb
event>   3600000/4000000; xs = 2.9221 pb +- 0.0110257 pb
event>   3610000/4000000; xs = 2.92153 pb +- 0.0110147 pb
event>   3620000/4000000; xs = 2.9213 pb +- 0.0109956 pb
event>   3630000/4000000; xs = 2.92143 pb +- 0.0109811 pb
event>   3640000/4000000; xs = 2.91999 pb +- 0.0109918 pb
event>   3650000/4000000; xs = 2.9208 pb +- 0.0109814 pb
event>   3660000/4000000; xs = 2.92005 pb +- 0.0109716 pb
event>   3670000/4000000; xs = 2.92139 pb +- 0.0109606 pb
event>   3680000/4000000; xs = 2.92209 pb +- 0.0109396 pb
event>   3690000/4000000; xs = 2.92075 pb +- 0.010921 pb
event>   3700000/4000000; xs = 2.92062 pb +- 0.0109071 pb
event>   3710000/4000000; xs = 2.91993 pb +- 0.0108991 pb
event>   3720000/4000000; xs = 2.91932 pb +- 0.0108883 pb
event>   3730000/4000000; xs = 2.92027 pb +- 0.0108694 pb
event>   3740000/4000000; xs = 2.92058 pb +- 0.0108584 pb
event>   3750000/4000000; xs = 2.92097 pb +- 0.0108393 pb
event>   3760000/4000000; xs = 2.9204 pb +- 0.0108282 pb
event>   3770000/4000000; xs = 2.92018 pb +- 0.0108141 pb
event>   3780000/4000000; xs = 2.92042 pb +- 0.0107952 pb
event>   3790000/4000000; xs = 2.92084 pb +- 0.0107759 pb
event>   3800000/4000000; xs = 2.92082 pb +- 0.010761 pb
event>   3810000/4000000; xs = 2.92127 pb +- 0.0107426 pb
event>   3820000/4000000; xs = 2.92105 pb +- 0.0107243 pb
event>   3830000/4000000; xs = 2.92143 pb +- 0.0107074 pb
event>   3840000/4000000; xs = 2.921 pb +- 0.010689 pb
event>   3850000/4000000; xs = 2.92132 pb +- 0.0106748 pb
event>   3860000/4000000; xs = 2.92108 pb +- 0.0106602 pb
event>   3870000/4000000; xs = 2.92041 pb +- 0.0106544 pb
event>   3880000/4000000; xs = 2.91969 pb +- 0.0106548 pb
event>   3890000/4000000; xs = 2.92075 pb +- 0.0106414 pb
event>   3900000/4000000; xs = 2.92065 pb +- 0.010629 pb
event>   3910000/4000000; xs = 2.92159 pb +- 0.010613 pb
event>   3920000/4000000; xs = 2.92244 pb +- 0.0105973 pb
event>   3930000/4000000; xs = 2.92156 pb +- 0.0105809 pb
event>   3940000/4000000; xs = 2.92243 pb +- 0.0105629 pb
event>   3950000/4000000; xs = 2.92262 pb +- 0.0105451 pb
event>   3960000/4000000; xs = 2.92283 pb +- 0.0105265 pb
event>   3970000/4000000; xs = 2.92415 pb +- 0.0105131 pb
event>   3980000/4000000; xs = 2.92405 pb +- 0.0104929 pb
event>   3990000/4000000; xs = 2.92365 pb +- 0.0104772 pb
event>   3995000/4000000; xs = 2.92422 pb +- 0.0104713 pb
event>   3998000/4000000; xs = 2.92346 pb +- 0.0104657 pb
event>   3999000/4000000; xs = 2.92361 pb +- 0.0104636 pb
event>   3999500/4000000; xs = 2.9236 pb +- 0.0104625 pb
event>   3999800/4000000; xs = 2.92361 pb +- 0.0104619 pb
event>   3999900/4000000; xs = 2.92361 pb +- 0.0104617 pb
event>   3999950/4000000; xs = 2.92363 pb +- 0.0104616 pb
event>   3999980/4000000; xs = 2.9236 pb +- 0.0104615 pb
event>   3999990/4000000; xs = 2.92358 pb +- 0.0104615 pb
event>   3999995/4000000; xs = 2.92358 pb +- 0.0104615 pb
event>   3999998/4000000; xs = 2.92358 pb +- 0.0104615 pb
event>   3999999/4000000; xs = 2.92357 pb +- 0.0104615 pb
event>   4000000/4000000; xs = 2.92357 pb +- 0.0104615 pb

