   
 -----------------------------------------------------------------
 VBFNLO, version 3.0.0 beta0 svn 7626
 Comput. Phys. Commun. 180 (2009) 1661[arXiv:0811.4559 [hep-ph]]
 arXiV:1107.4038, arXiV:1207.4975, arXiv:1404.3940
 http://www.itp.kit.edu/vbfnlo
 -----------------------------------------------------------------
 Process-specific references (please cite as well if appropriate):
 
 F. Campanario, C. Englert, M. Spannowsky, D. Zeppenfeld
 Europhys.Lett. 88 (2009) 11001, e-Print: arXiv:0908.1638 [hep-ph],
 F. Campanario, C. Englert, M. Spannowsky
 Phys.Rev. D83 (2011) 074009, e-Print: arXiv:1010.1291 [hep-ph]
 
 -----------------------------------------------------------------
   
   
   
 Initialising LoopTools ..
   
 ====================================================
   FF 2.0, a package to evaluate one-loop integrals
 written by G. J. van Oldenborgh, NIKHEF-H, Amsterdam
 ====================================================
 for the algorithms used see preprint NIKHEF-H 89/17,
 'New Algorithms for One-loop Integrals', by G.J. van
 Oldenborgh and J.A.M. Vermaseren, published in 
 Zeitschrift fuer Physik C46(1990)425.
 ====================================================
  
        Information on global parameters
 -----------------------------------------------
   PROCESS               =      620
   LOPROCESS_PLUS_JET    =        F
   KK_MOD                =        F
   ANOM_CPL              =        T
   LEPTONS               =   -11   12
   LO_ITERATIONS         =        6
   NLO_ITERATIONS        =        6
   LO_POINTS             =       24
   NLO_POINTS            =       24
   NLO_SWITCH            =        T
   EWCOR_SWITCH          =        F
   FERMIONLOOP           =        3
   LHA_SWITCH            =        F
   HEPMC_SWITCH          =        F
   LO_GRID               = grid2_1                                           
                           grid2_2                                           
   NLO_GRID              = grid3_1                                           
                           grid3_2                                           
   PHTN_GRID             = grid4_1                                           
                           grid4_2                                           
   FLOOP_GRID            = grid5_1                                           
                           grid5_2                                           
   ECM                   =  14000.0    
   BEAM1                 =        1
   BEAM2                 =        1
   ID_MUF                =        0
   ID_MUR                =        0
   MUF_USER              =  100.000    
   MUR_USER              =  100.000    
   XIF                   =  1.00000    
   XIR                   =  1.00000    
 
       information on the selected process 
 -----------------------------------------------
 
  pp -> W+ A j -> l- vl A j
 
 W+ photon production in association with a hadronic jet.
 Process is implemented at LO and NLO QCD.
 Anomalous couplings can be set in "anomV.dat".
 References:
 F. Campanario, C. Englert, M. Spannowsky, D. Zeppenfeld
 Europhys.Lett. 88 (2009) 11001, e-Print: arXiv:0908.1638 [hep-ph],
 F. Campanario, C. Englert, M. Spannowsky
 Phys.Rev. D83 (2011) 074009, e-Print: arXiv:1010.1291 [hep-ph]
 
 Initializing PDF set CT10
  
               Physics parameters
 -----------------------------------------------
   HTYPE                 =        0
   MODEL                 =        1
   ANOM_CPL              =        T
   KK_MOD                =        F
   SPIN2                 =        F
   HMASS                 =  120.000    
   HWIDTH                = -999.000    
   TOPMASS               =  172.400    
   BOTTOMMASS            =  4.85500    
   CHARMMASS             =  1.65000    
   TAU_MASS              =  1.77684    
   EWSCHEME              =        3
   FERMI_CONST           = 0.116637E-04
   WMASS                 =  80.3980    
   ZMASS                 =  91.1876    
   
 Running in the SM
   
 Higgs mass =   120.00000000000000     
   
  
   Information on anomalous coupling parameters  
 ------------------------------------------------
   FORMFAC               =        T
 Warning: cannot read value for key = KMATRIX. Using default value :  F
   FORMFAC_IND           =        F
   FFMASSSCALE           =  2000.00    
   FFEXP                 =        2
   TRIANOM               =        1
   FWWW                  = 0.919000E-05
   FW                    = -.144000E-04
   FB                    = 0.383000E-04
  
 Information on scale setting in InitScales 
 -------------------------------------------
  
 Constant factorization scale chosen: mu_F =   100.00000000000000       GeV 
 Constant value for alphas chosen: alphas(NLO) =  0.11636176352327796     
 Initializing PDF set cteq6l1
  
  
 Constant value for alphas chosen: alphas(LO) =  0.12793873092679636     
  
  
   Information on couplings, masses and widths
 ===============================================
  
   SM coupling parameters 
 ---------------------------
   G_Fermi                         : 0.000011663700
   SIN**2 of the weak mixing angle : 0.22264585
   Q.E.D. fine structure constant  : 1/132.34070    
   SU(2) coupling constant g       : 0.65305673
   U(1) coupling constant g'       : 0.34950127
   Q.C.D. LO alfas(MZ)             : 0.12980813
   Q.C.D. NLO alfas(MZ)            : 0.11798159
  
      particle masses
 ---------------------------
   mass of the Z0 boson            :   91.1876
   mass of the W+/- boson          :   80.3980
   mass of the Higgs boson         :  120.0000
   mass of the top quark           :  172.4000
   mass of the bottom quark at MH  :    2.8132
  (All other fermions have mass equal ZERO)
  
      particle widths
 ---------------------------
   total widths of Z0              :   2.508420 GeV
   total widths of W+ or W-        :   2.097673 GeV
   total widths of Higgs           :   0.003584 GeV
   total widths of top quark       :   1.339784 GeV
  
     branching ratios
 ---------------------------
   W -> lepton anti-lepton         : 10.8397227 %
   W -> massless quark anti-quark  : 33.7404159 %
   W -> top bottom                 :  0.0000000 %
  
   Z -> neutrino anti-neutrino     :  6.6129820 %
   Z -> charged lepton anti-lepton :  3.3460763 %
   Z -> up-type quark anti-quark   : 11.9908090 %
   Z -> down-type quark anti-quark : 15.3804024 %
   Z -> top anti-top               :  0.0000000 %
  
   H -> WW                         : 13.4042449 %
   H -> ZZ                         :  1.6940721 %
   H -> bottom anti-bottom         : 65.4907510 %
   H -> top anti-top               :  0.0000000 %
   H -> charm anti-charm           :  3.8907341 %
   H -> tau anti-tau               :  6.9292925 %
   H -> mu anti-mu                 :  0.0245341 %
   H -> gluon gluon                :  8.2146118 %
   H -> gamma gamma                :  0.2319526 %
   H -> Z gamma                    :  0.1198070 %
  
 Warning: cannot read value for key = MLL_OSONLY. Using default value :  T
 Warning: cannot read value for key = PTMISS_MIN. Using default value :    0.0000000000000000     
 
          information on cut parameters
 -----------------------------------------------
 
 minimum jet pt        (PT_JET_MIN):     50.00    50.00   
 maximum jet rapidity                 (Y_JET_MAX):    4.5000000000000000     
 maximum parton pseudorapidity          (Y_P_MAX):    5.0000000000000000     
 minimum jet-jet R-separation           (RJJ_MIN):   0.69999999999999996     
 minimum number of jets                (NJET_MIN):            1
 single jet from hadronic decay (SINGLE_DECAYJET):            0
 exponent of generalised kT algorithm (PGENKTJET):    1.0000000000000000     
 minimum lepton-lepton R-separation     (RLL_MIN):    0.0000000000000000     
 maximum lepton-lepton R-separation     (RLL_MAX):    50.000000000000000     
 minimum jet-lepton R-separation        (RJL_MIN):   0.20000000000000001     
 minimum jet-photon R-separation        (RJG_MIN):    0.0000000000000000     
 minimum lepton-photon R-separation     (RLG_MIN):   0.20000000000000001     
 minimum photon-photon R-separation     (RGG_MIN):    0.0000000000000000     
 maximum photon-photon R-separation     (RGG_MAX):    50.000000000000000     
 maximum lepton rapidity                (Y_L_MAX):    2.5000000000000000     
 minimum lepton pt       (PT_L_MIN):     20.00   
 minimum invariant dilepton mass        (MLL_MIN):    0.0000000000000000     
 maximum invariant dilepton mass        (MLL_MAX):    14000.000000000000     
 m_ll cuts only on opposite-sign l   (MLL_OSONLY):  T
 maximum photon rapidity                (Y_G_MAX):    2.5000000000000000     
 minimum photon pt       (PT_G_MIN):     50.00   
 photon isolation cut                 (PHISOLCUT):   0.59999999999999998     
 efficiency of photon isolation cut   (EFISOLCUT):    1.0000000000000000     
 minimum invariant lepton-photon mass   (MLG_MIN):    0.0000000000000000     
 maximum invariant lepton-photon mass   (MLG_MAX):    1.0000000000000000E+020
 minimal missing transverse momentum (PTMISS_MIN):    0.0000000000000000     
 minimum jet rapidity separation      (ETAJJ_MIN):    0.0000000000000000     
 tagging jets in opposite hemispheres     (YSIGN):    F
 leptons fall inside rapidity gap     (LRAPIDGAP):    F
 min leptons y-dist from tagging jets   (DELY_JL):    0.0000000000000000     
 photons fall inside rapidity gap     (GRAPIDGAP):    T
 min photons y-dist from tagging jets   (DELY_JG):    0.0000000000000000     
 dijet min mass cut on tag jets        (MDIJ_MIN):    600.00000000000000     
 dijet max mass cut on tag jets        (MDIJ_MAX):    14000.000000000000     
 veto criteria for jets                   (JVETO):    F
 minimum veto-tag y-dist             (DELY_JVETO):    0.0000000000000000     
 maximum |y| for veto jet             (YMAX_VETO):    5.0000000000000000     
 minimum pT for veto jet             (PTMIN_VETO):    10.000000000000000     
 

        phase space generator information  
 -----------------------------------------------

 boson  3 has mass  80.40 GeV and width  2.0977 GeV
 integration range for boson  3 =      0.032  to     9899.495 GeV

 pTjmin =   50.0    50.0    50.0    50.0
 Ejmin  =    0.0     0.0     0.0     0.0
 yjmin  =    0.0     0.0     0.0     0.0
 yjmax  =    4.5     4.5     4.5     4.5
 infoj  =     -1      -1      -1      -1
 machine energy =    14000.0  GeV
 Minimal mom.transfer or mass for parton pair:   100.00 MeV

 -----------------------------------------------

  Random number generator initialized with seed =            0
 
          information on histogram config
 -----------------------------------------------
 
 SMEARING           =      T
 SMEAR_VALUE        =       0.20000000000000001     
 CALC_ERROR_GNUPLOT =      F
 CALC_ERROR_ROOT    =      F
 CALC_ERROR_1D      =      T
 CALC_ERROR_2D      =      F
 
HIST_ID1      =      0.00    250.00  # dS/dpT_j (fb/GeV)
HIST_ID2      =      0.00    500.00  # dS/dpTmax_j (fb/GeV)
HIST_ID3      =      0.00    200.00  # dS/dpTmin_j (fb/GeV)
HIST_ID4      =     -5.00      5.00  # dS/dy_j (fb)
HIST_ID5      =     -5.00      5.00  # dS/dy_j1 (fb)
HIST_ID6      =     -5.00      5.00  # dS/dy_j2 (fb)
HIST_ID7      =      0.00    500.00  # dS/dpTmax_l (fb/GeV)
HIST_ID8      =      0.00    200.00  # dS/dpTmin_l (fb/GeV)
HIST_ID9      =      0.00      5.00  # dS/d|eta|max_l (fb)
HIST_ID10     =      0.00      5.00  # dS/d|eta|min_l (fb)
HIST_ID11     =   -180.00    180.00  # dS/dPhi_jj (fb)
2DHIST_ID1    =      0.00      6.00      0.00    800.00  # d2S/dy_jj dm_jj (fb/GeV)
 
 -----------------------------------------------
 
 
 
  
 PHASE SPACE           1
  

 MONACO input parameters:
 ndim =  9,  ncall =     512k,   rtype = 0
 nprn =  0,  acc = -1.0E+0,  alph = 8.75E-1,  nd = 48,  mds =  0

 MONACO:  continuing with uniform grid
  
 W+Aj amplitude square information:
 -----------------------------------------------
  
  alfas =  0.12793873092679636     
  
 -----------------------------------------------
  External b-quark contributions are excluded

 iteration  1:
 integral =  1.195660E+02,  sigma = 4.917E+00
 efficacy = 1.976E-04,  raw efficacy = 1.976E-04
 f_positive = 3.923E-2,  f_zero = 9.608E-1,  f_negative = 0.000E+0
 accumulated statistics:
 integral =  1.195660E+02,  sigma = 4.917E+00,  chi^2/iteration = 0.000E+00

 MONACO:  grid written to file grid2_1.out.1

 MONACO input parameters:
 ndim =  9,  ncall =       1M,   rtype = 0
 nprn =  0,  acc = -1.0E+0,  alph = 8.75E-1,  nd = 48,  mds =  0

 iteration  2:
 integral =  1.137107E+02,  sigma = 8.304E-01
 efficacy = 1.304E-03,  raw efficacy = 9.979E-05
 f_positive = 7.610E-2,  f_zero = 9.239E-1,  f_negative = 0.000E+0
 accumulated statistics:
 integral =  1.138731E+02,  sigma = 8.188E-01,  chi^2/iteration = 1.378E+06

 MONACO:  grid written to file grid2_1.out.2

 MONACO input parameters:
 ndim =  9,  ncall =       2M,   rtype = 0
 nprn =  0,  acc = -1.0E+0,  alph = 8.75E-1,  nd = 48,  mds =  0

 iteration  3:
 integral =  1.143987E+02,  sigma = 3.862E-01
 efficacy = 3.020E-03,  raw efficacy = 8.351E-05
 f_positive = 8.790E-2,  f_zero = 9.121E-1,  f_negative = 0.000E+0
 accumulated statistics:
 integral =  1.143031E+02,  sigma = 3.493E-01,  chi^2/iteration = 1.716E+00

 MONACO:  grid written to file grid2_1.out.3

 MONACO input parameters:
 ndim =  9,  ncall =       4M,   rtype = 0
 nprn =  0,  acc = -1.0E+0,  alph = 8.75E-1,  nd = 48,  mds =  0

 iteration  4:
 integral =  1.145398E+02,  sigma = 2.399E-01
 efficacy = 2.036E-03,  raw efficacy = 8.656E-05
 f_positive = 9.398E-2,  f_zero = 9.060E-1,  f_negative = 0.000E+0
 accumulated statistics:
 integral =  1.144640E+02,  sigma = 1.977E-01,  chi^2/iteration = 1.014E+00

 MONACO:  grid written to file grid2_1.out.4

 MONACO input parameters:
 ndim =  9,  ncall =       8M,   rtype = 0
 nprn =  0,  acc = -1.0E+0,  alph = 8.75E-1,  nd = 48,  mds =  0

 iteration  5:
 integral =  1.143980E+02,  sigma = 1.622E-01
 efficacy = 1.927E-03,  raw efficacy = 8.453E-05
 f_positive = 9.762E-2,  f_zero = 9.024E-1,  f_negative = 0.000E+0
 accumulated statistics:
 integral =  1.144245E+02,  sigma = 1.254E-01,  chi^2/iteration = 6.981E-01

 MONACO:  grid written to file grid2_1.out.5

 MONACO input parameters:
 ndim =  9,  ncall =      16M,   rtype = 0
 nprn =  0,  acc = -1.0E+0,  alph = 8.75E-1,  nd = 48,  mds =  0
  random number setting in monaco saved 

 iteration  6:
 integral =  1.144732E+02,  sigma = 1.127E-01
 efficacy = 1.327E-03,  raw efficacy = 8.095E-05
 f_positive = 9.970E-2,  f_zero = 9.003E-1,  f_negative = 0.000E+0
 accumulated statistics:
 integral =  1.144514E+02,  sigma = 8.381E-02,  chi^2/iteration = 5.444E-01

 MONACO:  grid written to file grid2_1.out.6
 
  result (LO):    114.45144344357368       +-    8.3814170225573456E-002  fb     7.3231204171658293E-002 %
 
  
 PHASE SPACE           2
  

 MONACO input parameters:
 ndim =  9,  ncall =     512k,   rtype = 0
 nprn =  0,  acc = -1.0E+0,  alph = 8.75E-1,  nd = 48,  mds =  0

 MONACO:  continuing with uniform grid

 iteration  1:
 integral =  4.242290E+02,  sigma = 1.106E+01
 efficacy = 1.738E-04,  raw efficacy = 1.738E-04
 f_positive = 8.923E-2,  f_zero = 9.108E-1,  f_negative = 0.000E+0
 accumulated statistics:
 integral =  4.242290E+02,  sigma = 1.106E+01,  chi^2/iteration = 2.274E-13

 MONACO:  grid written to file grid2_2.out.1

 MONACO input parameters:
 ndim =  9,  ncall =       1M,   rtype = 0
 nprn =  0,  acc = -1.0E+0,  alph = 8.75E-1,  nd = 48,  mds =  0

 iteration  2:
 integral =  4.354258E+02,  sigma = 1.897E+00
 efficacy = 1.495E-03,  raw efficacy = 9.494E-05
 f_positive = 3.586E-1,  f_zero = 6.414E-1,  f_negative = 0.000E+0
 accumulated statistics:
 integral =  4.351060E+02,  sigma = 1.869E+00,  chi^2/iteration = 9.955E+05

 MONACO:  grid written to file grid2_2.out.2

 MONACO input parameters:
 ndim =  9,  ncall =       2M,   rtype = 0
 nprn =  0,  acc = -1.0E+0,  alph = 8.75E-1,  nd = 48,  mds =  0

 iteration  3:
 integral =  4.381922E+02,  sigma = 8.546E-01
 efficacy = 1.703E-03,  raw efficacy = 5.187E-05
 f_positive = 5.062E-1,  f_zero = 4.938E-1,  f_negative = 0.000E+0
 accumulated statistics:
 integral =  4.376587E+02,  sigma = 7.772E-01,  chi^2/iteration = 3.250E+00

 MONACO:  grid written to file grid2_2.out.3

 MONACO input parameters:
 ndim =  9,  ncall =       4M,   rtype = 0
 nprn =  0,  acc = -1.0E+0,  alph = 8.75E-1,  nd = 48,  mds =  0

 iteration  4:
 integral =  4.375012E+02,  sigma = 5.155E-01
 efficacy = 1.710E-03,  raw efficacy = 2.369E-05
 f_positive = 5.743E-1,  f_zero = 4.257E-1,  f_negative = 0.000E+0
 accumulated statistics:
 integral =  4.375493E+02,  sigma = 4.296E-01,  chi^2/iteration = 1.639E+00

 MONACO:  grid written to file grid2_2.out.4

 MONACO input parameters:
 ndim =  9,  ncall =       8M,   rtype = 0
 nprn =  0,  acc = -1.0E+0,  alph = 8.75E-1,  nd = 48,  mds =  0

 iteration  5:
 integral =  4.383875E+02,  sigma = 3.417E-01
 efficacy = 2.130E-03,  raw efficacy = 1.956E-05
 f_positive = 6.010E-1,  f_zero = 3.990E-1,  f_negative = 0.000E+0
 accumulated statistics:
 integral =  4.380627E+02,  sigma = 2.674E-01,  chi^2/iteration = 1.870E+00

 MONACO:  grid written to file grid2_2.out.5

 MONACO input parameters:
 ndim =  9,  ncall =      16M,   rtype = 0
 nprn =  0,  acc = -1.0E+0,  alph = 8.75E-1,  nd = 48,  mds =  0
  random number setting in monaco saved 

 iteration  6:
 integral =  4.384079E+02,  sigma = 2.391E-01
 efficacy = 1.190E-03,  raw efficacy = 7.390E-06
 f_positive = 6.142E-1,  f_zero = 3.858E-1,  f_negative = 0.000E+0
 accumulated statistics:
 integral =  4.382545E+02,  sigma = 1.782E-01,  chi^2/iteration = 1.634E+00

 MONACO:  grid written to file grid2_2.out.6
 
  result (LO):    438.25453555503799       +-   0.17824483611416789       fb     4.0671532557769292E-002 %
 
 
  Total (multi-channel) result (LO):    552.70597899861173       +-   0.19696709555651160       fb     3.5636867166404643E-002 %
  
   
 Initialising FF ..
   
 ====================================================
   FF 2.0, a package to evaluate one-loop integrals
 written by G. J. van Oldenborgh, NIKHEF-H, Amsterdam
 ====================================================
 for the algorithms used see preprint NIKHEF-H 89/17,
 'New Algorithms for One-loop Integrals', by G.J. van
 Oldenborgh and J.A.M. Vermaseren, published in 
 Zeitschrift fuer Physik C46(1990)425.
 ====================================================
 ====================================================
   FF 2.0, a package to evaluate one-loop integrals
 written by G. J. van Oldenborgh, NIKHEF-H, Amsterdam
 ====================================================
 for the algorithms used see preprint NIKHEF-H 89/17,
 'New Algorithms for One-loop Integrals', by G.J. van
 Oldenborgh and J.A.M. Vermaseren, published in 
 Zeitschrift fuer Physik C46(1990)425.
 ====================================================
 Initializing PDF set CT10
  
 PHASE SPACE            1
  

 MONACO input parameters:
 ndim =  9,  ncall =      16M,   rtype = 0
 nprn =  0,  acc = -1.0E+0,  alph = 8.75E-1,  nd = 48,  mds =  0

 MONACO:  grid read from file grid2_1.out.6                                                                                                                                                                                                                                             
  
 W+Aj virtual amplitude square information:
 -----------------------------------------------
  
  
 -----------------------------------------------

 iteration  1:
 integral =  1.095169E+02,  sigma = 1.068E-01
 efficacy = 1.361E-03,  raw efficacy = 6.712E-05
 f_positive = 1.013E-1,  f_zero = 8.987E-1,  f_negative = 0.000E+0
 accumulated statistics:
 integral =  1.095169E+02,  sigma = 1.068E-01,  chi^2/iteration = 0.000E+00

 MONACO:  grid written to file grid2_1.vout.1
  
  result for virtual contribution, no.            1
  sigma =    109.51686082064278       +-   0.10677786636003408       fb  
  
 total result for virtual contns so far 
  sigma =    109.51686082064278       +-   0.10677786636003408       fb
  

 MONACO input parameters:
 ndim =  9,  ncall =       1M,   rtype = 0
 nprn =  0,  acc = -1.0E+0,  alph = 8.75E-1,  nd = 48,  mds =  0

 MONACO:  grid read from file grid2_1.out.6                                                                                                                                                                                                                                             

 iteration  1:
 integral = -6.014294E+00,  sigma = 4.064E-02
 efficacy = 9.192E-04,  raw efficacy = 7.961E-05
 f_positive = 1.218E-2,  f_zero = 8.987E-1,  f_negative = 8.916E-2
 accumulated statistics:
 integral = -6.014294E+00,  sigma = 4.064E-02,  chi^2/iteration = 0.000E+00

 MONACO:  grid written to file grid2_1.vout.2
  
  result for virtual contribution, no.            2
  sigma =   -6.0142939845203029       +-    4.0640752119939123E-002  fb  
  
 total result for virtual contns so far 
  sigma =    103.50256683612247       +-   0.11425052943980450       fb
  
  
 PHASE SPACE            2
  

 MONACO input parameters:
 ndim =  9,  ncall =      16M,   rtype = 0
 nprn =  0,  acc = -1.0E+0,  alph = 8.75E-1,  nd = 48,  mds =  0

 MONACO:  grid read from file grid2_2.out.6                                                                                                                                                                                                                                             

 iteration  1:
 integral =  4.249918E+02,  sigma = 2.260E-01
 efficacy = 1.306E-03,  raw efficacy = 1.356E-05
 f_positive = 6.197E-1,  f_zero = 3.803E-1,  f_negative = 0.000E+0
 accumulated statistics:
 integral =  4.249918E+02,  sigma = 2.260E-01,  chi^2/iteration = 9.313E-10

 MONACO:  grid written to file grid2_2.vout.1
  
  result for virtual contribution, no.            1
  sigma =    424.99176062842218       +-   0.22597713308480682       fb  
  
 total result for virtual contns so far 
  sigma =    424.99176062842218       +-   0.22597713308480682       fb
  

 MONACO input parameters:
 ndim =  9,  ncall =       1M,   rtype = 0
 nprn =  0,  acc = -1.0E+0,  alph = 8.75E-1,  nd = 48,  mds =  0

 MONACO:  grid read from file grid2_2.out.6                                                                                                                                                                                                                                             

 iteration  1:
 integral = -3.111159E+01,  sigma = 1.496E-01
 efficacy = 9.998E-04,  raw efficacy = 1.743E-05
 f_positive = 1.827E-1,  f_zero = 3.805E-1,  f_negative = 4.368E-1
 accumulated statistics:
 integral = -3.111159E+01,  sigma = 1.496E-01,  chi^2/iteration = 0.000E+00

 MONACO:  grid written to file grid2_2.vout.2
  
  result for virtual contribution, no.            2
  sigma =   -31.111586538553482       +-   0.14961877601237161       fb  
  
 total result for virtual contns so far 
  sigma =    393.88017408986872       +-   0.27101926649717861       fb
  
 
  Total (multi-channel) result (NLO virtual):    497.38274092599119       +-   0.29411668822075421       fb     5.9132869723864771E-002 %
 
   
 Summary for FF ..
   
 
total number of errors and warnings
===================================
vbffferr: no errors
the warning system has been disabled
 
 vbfquadffopen: error: could not open /itp/scratch/rauch/vbfquadnlotest/binaryrelease30/share/VBFNLO/ff/fferr.dat                                                     
         adjust path in vbfquadffopen (vbfquadffinit.f)
vbfquadfferr:  warning cannot open fferr.dat with error texts
 
total number of errors and warnings
===================================
vbfquadfferr: no errors
the warning system has been disabled
 
  
 PHASE SPACE            1
  

 MONACO input parameters:
 ndim = 12,  ncall =     512k,   rtype = 0
 nprn =  0,  acc = -1.0E+0,  alph = 8.75E-1,  nd = 48,  mds =  0

 MONACO:  continuing with uniform grid
  
 W+Ajj amplitude square information:
 -----------------------------------------------
  
 alfas=  0.11636176352327796     
  
  External b-quark contributions are excluded
  I include the calcluation of the finite
     collinear terms
 -----------------------------------------------

 iteration  1:
 integral =  5.008190E+01,  sigma = 6.349E+00
 efficacy = 2.980E-05,  raw efficacy = 2.980E-05
 f_positive = 5.173E-2,  f_zero = 9.012E-1,  f_negative = 4.710E-2
 accumulated statistics:
 integral =  5.008190E+01,  sigma = 6.349E+00,  chi^2/iteration = 0.000E+00

 MONACO:  grid written to file grid3_1.out.1

 MONACO input parameters:
 ndim = 12,  ncall =       1M,   rtype = 0
 nprn =  0,  acc = -1.0E+0,  alph = 8.75E-1,  nd = 48,  mds =  0

 iteration  2:
 integral =  4.804718E+01,  sigma = 3.742E+00
 efficacy = 1.978E-05,  raw efficacy = 8.354E-07
 f_positive = 1.024E-1,  f_zero = 8.417E-1,  f_negative = 5.586E-2
 accumulated statistics:
 integral =  4.857169E+01,  sigma = 3.223E+00,  chi^2/iteration = 7.623E+04

 MONACO:  grid written to file grid3_1.out.2

 MONACO input parameters:
 ndim = 12,  ncall =       2M,   rtype = 0
 nprn =  0,  acc = -1.0E+0,  alph = 8.75E-1,  nd = 48,  mds =  0

 iteration  3:
 integral =  4.714821E+01,  sigma = 1.156E+00
 efficacy = 6.696E-05,  raw efficacy = 3.107E-07
 f_positive = 1.333E-1,  f_zero = 8.120E-1,  f_negative = 5.477E-2
 accumulated statistics:
 integral =  4.731038E+01,  sigma = 1.088E+00,  chi^2/iteration = 2.490E-01

 MONACO:  grid written to file grid3_1.out.3

 MONACO input parameters:
 ndim = 12,  ncall =       4M,   rtype = 0
 nprn =  0,  acc = -1.0E+0,  alph = 8.75E-1,  nd = 48,  mds =  0

 iteration  4:
 integral =  4.836286E+01,  sigma = 6.876E-01
 efficacy = 4.869E-05,  raw efficacy = 8.912E-08
 f_positive = 1.356E-1,  f_zero = 8.117E-1,  f_negative = 5.266E-2
 accumulated statistics:
 integral =  4.806250E+01,  sigma = 5.812E-01,  chi^2/iteration = 4.589E-01

 MONACO:  grid written to file grid3_1.out.4

 MONACO input parameters:
 ndim = 12,  ncall =       8M,   rtype = 0
 nprn =  0,  acc = -1.0E+0,  alph = 8.75E-1,  nd = 48,  mds =  0

 iteration  5:
 integral =  4.792080E+01,  sigma = 6.615E-01
 efficacy = 1.622E-05,  raw efficacy = 3.052E-08
 f_positive = 1.338E-1,  f_zero = 8.116E-1,  f_negative = 5.459E-2
 accumulated statistics:
 integral =  4.800077E+01,  sigma = 4.366E-01,  chi^2/iteration = 3.145E-01

 MONACO:  grid written to file grid3_1.out.5

 MONACO input parameters:
 ndim = 12,  ncall =      16M,   rtype = 0
 nprn =  0,  acc = -1.0E+0,  alph = 8.75E-1,  nd = 48,  mds =  0

 iteration  6:
 integral =  4.776194E+01,  sigma = 3.744E-01
 efficacy = 2.511E-05,  raw efficacy = 3.414E-09
 f_positive = 1.217E-1,  f_zero = 8.279E-1,  f_negative = 5.032E-2
 accumulated statistics:
 integral =  4.786314E+01,  sigma = 2.842E-01,  chi^2/iteration = 2.790E-01

 MONACO:  grid written to file grid3_1.out.6
 
  result for real emissions 
  sigma =    47.863139122036721       +-   0.28421927272119801       fb
  
  
 PHASE SPACE            2
  

 MONACO input parameters:
 ndim = 12,  ncall =     512k,   rtype = 0
 nprn =  0,  acc = -1.0E+0,  alph = 8.75E-1,  nd = 48,  mds =  0

 MONACO:  continuing with uniform grid

 iteration  1:
 integral =  1.206305E+02,  sigma = 1.147E+02
 efficacy = 2.040E-06,  raw efficacy = 2.040E-06
 f_positive = 8.049E-2,  f_zero = 8.352E-1,  f_negative = 8.435E-2
 accumulated statistics:
 integral =  1.206305E+02,  sigma = 1.147E+02,  chi^2/iteration = 0.000E+00

 MONACO:  grid written to file grid3_2.out.1

 MONACO input parameters:
 ndim = 12,  ncall =       1M,   rtype = 0
 nprn =  0,  acc = -1.0E+0,  alph = 8.75E-1,  nd = 48,  mds =  0

 iteration  2:
 integral =  2.447793E+02,  sigma = 1.674E+01
 efficacy = 1.843E-05,  raw efficacy = 3.457E-06
 f_positive = 2.336E-1,  f_zero = 6.199E-1,  f_negative = 1.465E-1
 accumulated statistics:
 integral =  2.421910E+02,  sigma = 1.656E+01,  chi^2/iteration = 1.147E+06

 MONACO:  grid written to file grid3_2.out.2

 MONACO input parameters:
 ndim = 12,  ncall =       2M,   rtype = 0
 nprn =  0,  acc = -1.0E+0,  alph = 8.75E-1,  nd = 48,  mds =  0

 iteration  3:
 integral =  2.278215E+02,  sigma = 5.142E+00
 efficacy = 7.157E-05,  raw efficacy = 4.395E-07
 f_positive = 3.750E-1,  f_zero = 4.390E-1,  f_negative = 1.860E-1
 accumulated statistics:
 integral =  2.290849E+02,  sigma = 4.911E+00,  chi^2/iteration = 1.834E+00

 MONACO:  grid written to file grid3_2.out.3

 MONACO input parameters:
 ndim = 12,  ncall =       4M,   rtype = 0
 nprn =  0,  acc = -1.0E+0,  alph = 8.75E-1,  nd = 48,  mds =  0

 iteration  4:
 integral =  2.414701E+02,  sigma = 2.589E+00
 efficacy = 7.302E-05,  raw efficacy = 3.538E-07
 f_positive = 4.272E-1,  f_zero = 3.900E-1,  f_negative = 1.828E-1
 accumulated statistics:
 integral =  2.387758E+02,  sigma = 2.290E+00,  chi^2/iteration = 3.406E+00

 MONACO:  grid written to file grid3_2.out.4

 MONACO input parameters:
 ndim = 12,  ncall =       8M,   rtype = 0
 nprn =  0,  acc = -1.0E+0,  alph = 8.75E-1,  nd = 48,  mds =  0

 iteration  5:
 integral =  2.470919E+02,  sigma = 7.865E+00
 efficacy = 4.067E-06,  raw efficacy = 1.601E-08
 f_positive = 4.461E-1,  f_zero = 3.726E-1,  f_negative = 1.813E-1
 accumulated statistics:
 integral =  2.394259E+02,  sigma = 2.199E+00,  chi^2/iteration = 2.614E+00

 MONACO:  grid written to file grid3_2.out.5

 MONACO input parameters:
 ndim = 12,  ncall =      16M,   rtype = 0
 nprn =  0,  acc = -1.0E+0,  alph = 8.75E-1,  nd = 48,  mds =  0

 iteration  6:
 integral =  2.376829E+02,  sigma = 2.350E+00
 efficacy = 1.392E-05,  raw efficacy = 8.608E-08
 f_positive = 4.264E-1,  f_zero = 3.878E-1,  f_negative = 1.858E-1
 accumulated statistics:
 integral =  2.386122E+02,  sigma = 1.606E+00,  chi^2/iteration = 2.034E+00

 MONACO:  grid written to file grid3_2.out.6
 
  result for real emissions 
  sigma =    238.61223845396157       +-    1.6057269870431981       fb
  
 
  Total (multi-channel) result (NLO real):    286.47537757599827       +-    1.6306868957298313       fb    0.56922410209485830      %
 
 
total number of errors and warnings
===================================
fferr: no errors
 
  
  final result at NLO 
  sigma =    783.85811850198945       +-    1.6569986053690382       fb  0.21139011847395092      %
 
 
 LO for different PHASESPACE:
   114.45144344357368       +-    8.3814170225573456E-002  fb   7.3231204171658293E-002
   438.25453555503799       +-   0.17824483611416789       fb   4.0671532557769292E-002
  
  
 VIRTUAL CONTRIBUTIONS for different PHASESPACE:
  borntype for different PHASESPACE:
   109.51686082064278       +-   0.10677786636003408       fb   9.7499020296888922E-002
   424.99176062842218       +-   0.22597713308480682       fb   5.3172120972571658E-002
  boxes for different PHASESPACE:
  -6.0142939845203029       +-    4.0640752119939123E-002  fb -0.67573604191183556     
  -31.111586538553482       +-   0.14961877601237161       fb -0.48091014525075410     
   
 TOTAL VIRTUAL CONTRIBUTIONS:
 TOTAL borntype:
   534.50862144906500       0.24993434622242255        4.6759647308371725E-002  %
 TOTAL boxes:
  -37.125880523073782       0.15504015243902000      -0.41760666751772352       %
  
  
  REAL EMISSION for different PHASESPACE:
   47.863139122036721       0.28421927272119801       0.59381661532170660       %
   238.61223845396157        1.6057269870431981       0.67294410271961425       %
  
  
  
 !!!!!!!!!!!!!!!!!!!!!!!!!!!!!!!!!!!!!!!!!!!!!!!!!!!!!!!!!!!!!!!!!!!!!!!!!!!!!!!!!!!!!!!!!!!!!!!!!!!!!!!!
     VBFNLO 3.0.0 beta0 svn 7626
   
  PROCESS:          620   :   p p -->  W+ A j -->  e+ ve A j
    with anomalous couplings
   
  TOTAL result (LO):          552.70597899861173       +-   0.19696709555651160       fb     3.5636867166404643E-002 %
  NLO virtual result:         497.38274092599124       +-   0.29411668822075421       fb     5.9132869723864771E-002 %
  QCD real emission:          286.47537757599827       +-    1.6306868957298313       fb    0.56922410209485830      %
  TOTAL result (NLO):         783.85811850198945       +-    1.6569986053690382       fb    0.21139011847395092      %
  K-Factor:                   1.4182189957890039     
 !!!!!!!!!!!!!!!!!!!!!!!!!!!!!!!!!!!!!!!!!!!!!!!!!!!!!!!!!!!!!!!!!!!!!!!!!!!!!!!!!!!!!!!!!!!!!!!!!!!!!!!!
  
  
