   
 -----------------------------------------------------------------
 VBFNLO, version 3.0.0 beta0 svn 7626
 Comput. Phys. Commun. 180 (2009) 1661[arXiv:0811.4559 [hep-ph]]
 arXiV:1107.4038, arXiV:1207.4975, arXiv:1404.3940
 http://www.itp.kit.edu/vbfnlo
 -----------------------------------------------------------------
 Process-specific references (please cite as well if appropriate):
 G. Bozzi, F. Campanario, M. Rauch et al.
 Phys. Lett. B696 (2011) 380, e-Print: arXiv:1011.2206 [hep-ph]
 
 -----------------------------------------------------------------
   
   
   
 Initialising LoopTools ..
   
 ====================================================
   FF 2.0, a package to evaluate one-loop integrals
 written by G. J. van Oldenborgh, NIKHEF-H, Amsterdam
 ====================================================
 for the algorithms used see preprint NIKHEF-H 89/17,
 'New Algorithms for One-loop Integrals', by G.J. van
 Oldenborgh and J.A.M. Vermaseren, published in 
 Zeitschrift fuer Physik C46(1990)425.
 ====================================================
  
        Information on global parameters
 -----------------------------------------------
   PROCESS               =      490
   LOPROCESS_PLUS_JET    =        F
   KK_MOD                =        F
   ANOM_CPL              =        F
   LEPTONS               =   -12   11   13  -13
   LO_ITERATIONS         =        6
   NLO_ITERATIONS        =        6
   LO_POINTS             =       26
   NLO_POINTS            =       26
   NLO_SWITCH            =        T
   EWCOR_SWITCH          =        F
   FERMIONLOOP           =        3
   LHA_SWITCH            =        F
   HEPMC_SWITCH          =        F
   LO_GRID               = grid2_1                                           
                           grid2_2                                           
                           grid2_3                                           
   NLO_GRID              = grid3_1                                           
                           grid3_2                                           
                           grid3_3                                           
   PHTN_GRID             = grid4_1                                           
                           grid4_2                                           
                           grid4_3                                           
   FLOOP_GRID            = grid5_1                                           
                           grid5_2                                           
                           grid5_3                                           
   ECM                   =  14000.0    
   BEAM1                 =        1
   BEAM2                 =        1
   ID_MUF                =        4
   ID_MUR                =        4
   MUF_USER              =  171.586    
   MUR_USER              =  171.586    
   XIF                   =  1.00000    
   XIR                   =  1.00000    
 
       information on the selected process 
 -----------------------------------------------
 
  pp -> W- Z A -> l- vl~ l+ l- A
 
 W- Z photon production with subsequent decay of the W and Z bosons to leptons.
 Process is implemented at LO and NLO QCD.
 Anomalous couplings can be set in "anomV.dat".
 References: G. Bozzi, F. Campanario, M. Rauch et al.
 Phys. Lett. B696 (2011) 380, e-Print: arXiv:1011.2206 [hep-ph]
 
 Initializing PDF set CT10
  
               Physics parameters
 -----------------------------------------------
   HTYPE                 =        0
   MODEL                 =        1
   ANOM_CPL              =        F
   KK_MOD                =        F
   SPIN2                 =        F
   HMASS                 =  120.000    
   HWIDTH                = -999.000    
   TOPMASS               =  171.300    
   BOTTOMMASS            =  4.85500    
   CHARMMASS             =  1.65000    
   TAU_MASS              =  1.77684    
   EWSCHEME              =        3
   FERMI_CONST           = 0.116637E-04
   WMASS                 =  80.3980    
   ZMASS                 =  91.1876    
   
 Running in the SM
   
 Higgs mass =   120.00000000000000     
   
  
 Information on scale setting in InitScales 
 -------------------------------------------
  
 Dynamical factorization scale chosen:
       invariant VVV mass 
 Dynamical value for alphas chosen:
 alphas = alpha(invariant VVV mass)
 Initializing PDF set cteq6l1
  
  
  
  
   Information on couplings, masses and widths
 ===============================================
  
   SM coupling parameters 
 ---------------------------
   G_Fermi                         : 0.000011663700
   SIN**2 of the weak mixing angle : 0.22264585
   Q.E.D. fine structure constant  : 1/132.34070    
   SU(2) coupling constant g       : 0.65305673
   U(1) coupling constant g'       : 0.34950127
   Q.C.D. LO alfas(MZ)             : 0.12980813
   Q.C.D. NLO alfas(MZ)            : 0.11798159
  
      particle masses
 ---------------------------
   mass of the Z0 boson            :   91.1876
   mass of the W+/- boson          :   80.3980
   mass of the Higgs boson         :  120.0000
   mass of the top quark           :  171.3000
   mass of the bottom quark at MH  :    2.8132
  (All other fermions have mass equal ZERO)
  
      particle widths
 ---------------------------
   total widths of Z0              :   2.508420 GeV
   total widths of W+ or W-        :   2.097673 GeV
   total widths of Higgs           :   0.003584 GeV
   total widths of top quark       :   1.309884 GeV
  
     branching ratios
 ---------------------------
   W -> lepton anti-lepton         : 10.8397227 %
   W -> massless quark anti-quark  : 33.7404159 %
   W -> top bottom                 :  0.0000000 %
  
   Z -> neutrino anti-neutrino     :  6.6129820 %
   Z -> charged lepton anti-lepton :  3.3460763 %
   Z -> up-type quark anti-quark   : 11.9908090 %
   Z -> down-type quark anti-quark : 15.3804024 %
   Z -> top anti-top               :  0.0000000 %
  
   H -> WW                         : 13.4029082 %
   H -> ZZ                         :  1.6939032 %
   H -> bottom anti-bottom         : 65.4836414 %
   H -> top anti-top               :  0.0000000 %
   H -> charm anti-charm           :  3.8903119 %
   H -> tau anti-tau               :  6.9286015 %
   H -> mu anti-mu                 :  0.0245316 %
   H -> gluon gluon                :  8.2244431 %
   H -> gamma gamma                :  0.2318771 %
   H -> Z gamma                    :  0.1197819 %
  
 Warning: cannot read value for key = MLL_OSONLY. Using default value :  T
 Warning: cannot read value for key = PTMISS_MIN. Using default value :    0.0000000000000000     
 
          information on cut parameters
 -----------------------------------------------
 
 minimum jet pt        (PT_JET_MIN):     20.00   
 maximum jet rapidity                 (Y_JET_MAX):    4.5000000000000000     
 maximum parton pseudorapidity          (Y_P_MAX):    5.0000000000000000     
 minimum jet-jet R-separation           (RJJ_MIN):    0.0000000000000000     
 minimum number of jets                (NJET_MIN):            0
 single jet from hadronic decay (SINGLE_DECAYJET):            0
 exponent of generalised kT algorithm (PGENKTJET):    1.0000000000000000     
 minimum lepton-lepton R-separation     (RLL_MIN):   0.29999999999999999     
 maximum lepton-lepton R-separation     (RLL_MAX):    500.00000000000000     
 minimum jet-lepton R-separation        (RJL_MIN):   0.40000000000000002     
 minimum jet-photon R-separation        (RJG_MIN):   0.40000000000000002     
 minimum lepton-photon R-separation     (RLG_MIN):   0.40000000000000002     
 minimum photon-photon R-separation     (RGG_MIN):   0.40000000000000002     
 maximum photon-photon R-separation     (RGG_MAX):    500.00000000000000     
 maximum lepton rapidity                (Y_L_MAX):    2.5000000000000000     
 minimum lepton pt       (PT_L_MIN):     20.00    20.00    20.00   
 minimum invariant dilepton mass        (MLL_MIN):    15.000000000000000     
 maximum invariant dilepton mass        (MLL_MAX):    14000.000000000000     
 m_ll cuts only on opposite-sign l   (MLL_OSONLY):  T
 maximum photon rapidity                (Y_G_MAX):    2.5000000000000000     
 minimum photon pt       (PT_G_MIN):     10.00   
 photon isolation cut                 (PHISOLCUT):   0.69999999999999996     
 efficiency of photon isolation cut   (EFISOLCUT):    1.0000000000000000     
 minimum invariant lepton-photon mass   (MLG_MIN):    0.0000000000000000     
 maximum invariant lepton-photon mass   (MLG_MAX):    1.0000000000000000E+020
 minimal missing transverse momentum (PTMISS_MIN):    0.0000000000000000     
 minimum jet rapidity separation      (ETAJJ_MIN):    0.0000000000000000     
 tagging jets in opposite hemispheres     (YSIGN):    F
 leptons fall inside rapidity gap     (LRAPIDGAP):    F
 min leptons y-dist from tagging jets   (DELY_JL):    0.0000000000000000     
 photons fall inside rapidity gap     (GRAPIDGAP):    F
 min photons y-dist from tagging jets   (DELY_JG):    0.0000000000000000     
 dijet min mass cut on tag jets        (MDIJ_MIN):    0.0000000000000000     
 dijet max mass cut on tag jets        (MDIJ_MAX):    14000.000000000000     
 veto criteria for jets                   (JVETO):    F
 minimum veto-tag y-dist             (DELY_JVETO):   -100.00000000000000     
 maximum |y| for veto jet             (YMAX_VETO):    4.5000000000000000     
 minimum pT for veto jet             (PTMIN_VETO):    50.000000000000000     
 

 --------------------PHASE SPACE--------------------

 boson has mass    80.40 GeV and width     2.0977 GeV
 integration range for boson   4 =      0.032  to     9899.495 GeV
 boson has mass    91.19 GeV and width     2.5084 GeV
 integration range for boson   2 =      0.032  to     9899.495 GeV
 boson has mass     0.00 GeV and width     0.0000 GeV
 integration range for boson   1 =      0.032  to     9899.495 GeV

 machine energy =    14000.0  GeV

 ---------------------------------------------------

  Random number generator initialized with seed =            0
 
          information on histogram config
 -----------------------------------------------
 
 SMEARING           =      T
 SMEAR_VALUE        =       0.20000000000000001     
 CALC_ERROR_GNUPLOT =      F
 CALC_ERROR_ROOT    =      F
 CALC_ERROR_1D      =      T
 CALC_ERROR_2D      =      F
 
HIST_ID1      =      0.00    250.00  # dS/dpT_j (fb/GeV)
HIST_ID2      =      0.00    500.00  # dS/dpTmax_j (fb/GeV)
HIST_ID3      =      0.00    200.00  # dS/dpTmin_j (fb/GeV)
HIST_ID4      =     -5.00      5.00  # dS/dy_j (fb)
HIST_ID5      =     -5.00      5.00  # dS/dy_j1 (fb)
HIST_ID6      =     -5.00      5.00  # dS/dy_j2 (fb)
HIST_ID7      =      0.00    500.00  # dS/dpTmax_l (fb/GeV)
HIST_ID8      =      0.00    200.00  # dS/dpTmin_l (fb/GeV)
HIST_ID9      =      0.00      5.00  # dS/d|eta|max_l (fb)
HIST_ID10     =      0.00      5.00  # dS/d|eta|min_l (fb)
HIST_ID11     =   -180.00    180.00  # dS/dPhi_jj (fb)
2DHIST_ID1    =      0.00      6.00      0.00    800.00  # d2S/dy_jj dm_jj (fb/GeV)
 
 -----------------------------------------------
 
 
 
  
 PHASE SPACE           1
  

 MONACO input parameters:
 ndim = 12,  ncall =       2M,   rtype = 0
 nprn =  0,  acc = -1.0E+0,  alph = 8.75E-1,  nd = 48,  mds =  0

 MONACO:  continuing with uniform grid
  
 W-ZA amplitude square information:
 -----------------------------------------------
  
  precalculated tensors initialized to  (  0.0000000000000000     ,  0.0000000000000000     )
  External b-quark contributions are excluded

 iteration  1:
 integral =  7.868299E-02,  sigma = 3.211E-03
 efficacy = 1.495E-05,  raw efficacy = 1.495E-05
 f_positive = 3.425E-2,  f_zero = 9.657E-1,  f_negative = 0.000E+0
 accumulated statistics:
 integral =  7.868299E-02,  sigma = 3.211E-03,  chi^2/iteration = 0.000E+00

 MONACO:  grid written to file grid2_1.out.1

 MONACO input parameters:
 ndim = 12,  ncall =       4M,   rtype = 0
 nprn =  0,  acc = -1.0E+0,  alph = 8.75E-1,  nd = 48,  mds =  0

 iteration  2:
 integral =  7.842833E-02,  sigma = 5.542E-04
 efficacy = 1.906E-04,  raw efficacy = 4.726E-06
 f_positive = 1.486E-1,  f_zero = 8.514E-1,  f_negative = 0.000E+0
 accumulated statistics:
 integral =  7.843569E-02,  sigma = 5.461E-04,  chi^2/iteration = 6.108E+03

 MONACO:  grid written to file grid2_1.out.2

 MONACO input parameters:
 ndim = 12,  ncall =       8M,   rtype = 0
 nprn =  0,  acc = -1.0E+0,  alph = 8.75E-1,  nd = 48,  mds =  0

 iteration  3:
 integral =  7.876310E-02,  sigma = 2.145E-04
 efficacy = 4.680E-04,  raw efficacy = 2.476E-06
 f_positive = 2.209E-1,  f_zero = 7.791E-1,  f_negative = 0.000E+0
 accumulated statistics:
 integral =  7.871935E-02,  sigma = 1.996E-04,  chi^2/iteration = 3.175E-01

 MONACO:  grid written to file grid2_1.out.3

 MONACO input parameters:
 ndim = 12,  ncall =      16M,   rtype = 0
 nprn =  0,  acc = -1.0E+0,  alph = 8.75E-1,  nd = 48,  mds =  0

 iteration  4:
 integral =  7.862979E-02,  sigma = 1.193E-04
 efficacy = 3.092E-04,  raw efficacy = 1.673E-06
 f_positive = 2.541E-1,  f_zero = 7.459E-1,  f_negative = 0.000E+0
 accumulated statistics:
 integral =  7.865337E-02,  sigma = 1.024E-04,  chi^2/iteration = 2.329E-01

 MONACO:  grid written to file grid2_1.out.4

 MONACO input parameters:
 ndim = 12,  ncall =      32M,   rtype = 0
 nprn =  0,  acc = -1.0E+0,  alph = 8.75E-1,  nd = 48,  mds =  0

 iteration  5:
 integral =  7.867314E-02,  sigma = 7.882E-05
 efficacy = 2.161E-04,  raw efficacy = 1.390E-06
 f_positive = 2.603E-1,  f_zero = 7.397E-1,  f_negative = 0.000E+0
 accumulated statistics:
 integral =  7.866579E-02,  sigma = 6.247E-05,  chi^2/iteration = 1.631E-01

 MONACO:  grid written to file grid2_1.out.5

 MONACO input parameters:
 ndim = 12,  ncall =      64M,   rtype = 0
 nprn =  0,  acc = -1.0E+0,  alph = 8.75E-1,  nd = 48,  mds =  0
  random number setting in monaco saved 

 iteration  6:
 integral =  7.860285E-02,  sigma = 5.371E-05
 efficacy = 1.736E-04,  raw efficacy = 8.667E-07
 f_positive = 2.610E-1,  f_zero = 7.390E-1,  f_negative = 0.000E+0
 accumulated statistics:
 integral =  7.862960E-02,  sigma = 4.072E-05,  chi^2/iteration = 2.682E-01

 MONACO:  grid written to file grid2_1.out.6
 
  result (LO):    7.8629599278030760E-002  +-    4.0723838340438061E-005  fb     5.1791995271959074E-002 %
 
  
 PHASE SPACE           2
  

 MONACO input parameters:
 ndim = 12,  ncall =       4M,   rtype = 0
 nprn =  0,  acc = -1.0E+0,  alph = 8.75E-1,  nd = 48,  mds =  0

 MONACO:  continuing with uniform grid

 iteration  1:
 integral =  3.317794E-02,  sigma = 1.816E-03
 efficacy = 7.435E-06,  raw efficacy = 7.435E-06
 f_positive = 1.516E-2,  f_zero = 9.848E-1,  f_negative = 0.000E+0
 accumulated statistics:
 integral =  3.317794E-02,  sigma = 1.816E-03,  chi^2/iteration = 5.684E-14

 MONACO:  grid written to file grid2_2.out.1

 MONACO input parameters:
 ndim = 12,  ncall =       8M,   rtype = 0
 nprn =  0,  acc = -1.0E+0,  alph = 8.75E-1,  nd = 48,  mds =  0

 iteration  2:
 integral =  3.326266E-02,  sigma = 1.658E-04
 efficacy = 2.051E-04,  raw efficacy = 1.965E-06
 f_positive = 9.310E-2,  f_zero = 9.069E-1,  f_negative = 0.000E+0
 accumulated statistics:
 integral =  3.326196E-02,  sigma = 1.651E-04,  chi^2/iteration = 2.158E+03

 MONACO:  grid written to file grid2_2.out.2

 MONACO input parameters:
 ndim = 12,  ncall =      16M,   rtype = 0
 nprn =  0,  acc = -1.0E+0,  alph = 8.75E-1,  nd = 48,  mds =  0

 iteration  3:
 integral =  3.336892E-02,  sigma = 5.612E-05
 efficacy = 5.063E-04,  raw efficacy = 1.598E-06
 f_positive = 1.399E-1,  f_zero = 8.601E-1,  f_negative = 0.000E+0
 accumulated statistics:
 integral =  3.335784E-02,  sigma = 5.313E-05,  chi^2/iteration = 3.783E-01

 MONACO:  grid written to file grid2_2.out.3

 MONACO input parameters:
 ndim = 12,  ncall =      32M,   rtype = 0
 nprn =  0,  acc = -1.0E+0,  alph = 8.75E-1,  nd = 48,  mds =  0

 iteration  4:
 integral =  3.336892E-02,  sigma = 3.050E-05
 efficacy = 3.112E-04,  raw efficacy = 6.381E-07
 f_positive = 1.585E-1,  f_zero = 8.415E-1,  f_negative = 0.000E+0
 accumulated statistics:
 integral =  3.336618E-02,  sigma = 2.645E-05,  chi^2/iteration = 2.055E-01

 MONACO:  grid written to file grid2_2.out.4

 MONACO input parameters:
 ndim = 12,  ncall =      64M,   rtype = 0
 nprn =  0,  acc = -1.0E+0,  alph = 8.75E-1,  nd = 48,  mds =  0

 iteration  5:
 integral =  3.335305E-02,  sigma = 2.002E-05
 efficacy = 1.141E-04,  raw efficacy = 1.057E-06
 f_positive = 1.654E-1,  f_zero = 8.346E-1,  f_negative = 0.000E+0
 accumulated statistics:
 integral =  3.335783E-02,  sigma = 1.596E-05,  chi^2/iteration = 1.892E-01

 MONACO:  grid written to file grid2_2.out.5

 MONACO input parameters:
 ndim = 12,  ncall =     128M,   rtype = 0
 nprn =  0,  acc = -1.0E+0,  alph = 8.75E-1,  nd = 48,  mds =  0
  random number setting in monaco saved 

 iteration  6:
 integral =  3.336615E-02,  sigma = 1.380E-05
 efficacy = 1.892E-04,  raw efficacy = 8.977E-07
 f_positive = 1.690E-1,  f_zero = 8.310E-1,  f_negative = 0.000E+0
 accumulated statistics:
 integral =  3.336259E-02,  sigma = 1.044E-05,  chi^2/iteration = 1.808E-01

 MONACO:  grid written to file grid2_2.out.6
 
  result (LO):    3.3362590647986613E-002  +-    1.0438257936175418E-005  fb     3.1287312326284691E-002 %
 
  
 PHASE SPACE           3
  

 MONACO input parameters:
 ndim = 12,  ncall =       4M,   rtype = 0
 nprn =  0,  acc = -1.0E+0,  alph = 8.75E-1,  nd = 48,  mds =  0

 MONACO:  continuing with uniform grid

 iteration  1:
 integral =  1.045057E-01,  sigma = 3.294E-03
 efficacy = 3.280E-05,  raw efficacy = 3.280E-05
 f_positive = 9.250E-3,  f_zero = 9.907E-1,  f_negative = 0.000E+0
 accumulated statistics:
 integral =  1.045057E-01,  sigma = 3.294E-03,  chi^2/iteration = 1.137E-13

 MONACO:  grid written to file grid2_3.out.1

 MONACO input parameters:
 ndim = 12,  ncall =       8M,   rtype = 0
 nprn =  0,  acc = -1.0E+0,  alph = 8.75E-1,  nd = 48,  mds =  0

 iteration  2:
 integral =  1.092064E-01,  sigma = 4.764E-04
 efficacy = 2.988E-04,  raw efficacy = 4.442E-06
 f_positive = 8.185E-2,  f_zero = 9.181E-1,  f_negative = 0.000E+0
 accumulated statistics:
 integral =  1.091101E-01,  sigma = 4.715E-04,  chi^2/iteration = 1.995E+06

 MONACO:  grid written to file grid2_3.out.2

 MONACO input parameters:
 ndim = 12,  ncall =      16M,   rtype = 0
 nprn =  0,  acc = -1.0E+0,  alph = 8.75E-1,  nd = 48,  mds =  0

 iteration  3:
 integral =  1.094404E-01,  sigma = 1.699E-04
 efficacy = 7.269E-04,  raw efficacy = 4.194E-06
 f_positive = 1.353E-1,  f_zero = 8.647E-1,  f_negative = 0.000E+0
 accumulated statistics:
 integral =  1.094024E-01,  sigma = 1.599E-04,  chi^2/iteration = 2.429E+00

 MONACO:  grid written to file grid2_3.out.3

 MONACO input parameters:
 ndim = 12,  ncall =      32M,   rtype = 0
 nprn =  0,  acc = -1.0E+0,  alph = 8.75E-1,  nd = 48,  mds =  0

 iteration  4:
 integral =  1.095055E-01,  sigma = 9.446E-05
 efficacy = 1.997E-04,  raw efficacy = 3.403E-06
 f_positive = 1.581E-1,  f_zero = 8.419E-1,  f_negative = 0.000E+0
 accumulated statistics:
 integral =  1.094788E-01,  sigma = 8.133E-05,  chi^2/iteration = 1.369E+00

 MONACO:  grid written to file grid2_3.out.4

 MONACO input parameters:
 ndim = 12,  ncall =      64M,   rtype = 0
 nprn =  0,  acc = -1.0E+0,  alph = 8.75E-1,  nd = 48,  mds =  0

 iteration  5:
 integral =  1.094636E-01,  sigma = 6.294E-05
 efficacy = 9.298E-05,  raw efficacy = 2.993E-06
 f_positive = 1.628E-1,  f_zero = 8.372E-1,  f_negative = 0.000E+0
 accumulated statistics:
 integral =  1.094693E-01,  sigma = 4.977E-05,  chi^2/iteration = 9.197E-01

 MONACO:  grid written to file grid2_3.out.5

 MONACO input parameters:
 ndim = 12,  ncall =     128M,   rtype = 0
 nprn =  0,  acc = -1.0E+0,  alph = 8.75E-1,  nd = 48,  mds =  0
  random number setting in monaco saved 

 iteration  6:
 integral =  1.095062E-01,  sigma = 4.213E-05
 efficacy = 2.842E-04,  raw efficacy = 2.357E-06
 f_positive = 1.640E-1,  f_zero = 8.360E-1,  f_negative = 0.000E+0
 accumulated statistics:
 integral =  1.094908E-01,  sigma = 3.216E-05,  chi^2/iteration = 7.700E-01

 MONACO:  grid written to file grid2_3.out.6
 
  result (LO):   0.10949081855248934       +-    3.2156133394891929E-005  fb     2.9368794406698533E-002 %
 
 
  Total (multi-channel) result (LO):   0.22148300847850672       +-    5.2928302002145749E-005  fb     2.3897229121881847E-002 %
  
   
 Initialising FF ..
   
 ====================================================
   FF 2.0, a package to evaluate one-loop integrals
 written by G. J. van Oldenborgh, NIKHEF-H, Amsterdam
 ====================================================
 for the algorithms used see preprint NIKHEF-H 89/17,
 'New Algorithms for One-loop Integrals', by G.J. van
 Oldenborgh and J.A.M. Vermaseren, published in 
 Zeitschrift fuer Physik C46(1990)425.
 ====================================================
 ====================================================
   FF 2.0, a package to evaluate one-loop integrals
 written by G. J. van Oldenborgh, NIKHEF-H, Amsterdam
 ====================================================
 for the algorithms used see preprint NIKHEF-H 89/17,
 'New Algorithms for One-loop Integrals', by G.J. van
 Oldenborgh and J.A.M. Vermaseren, published in 
 Zeitschrift fuer Physik C46(1990)425.
 ====================================================
 Initializing PDF set CT10
  
 PHASE SPACE            1
  

 MONACO input parameters:
 ndim = 12,  ncall =      64M,   rtype = 0
 nprn =  0,  acc = -1.0E+0,  alph = 8.75E-1,  nd = 48,  mds =  0

 MONACO:  grid read from file grid2_1.out.6                                                                                                                                                                                                                                             

 iteration  1:
 integral =  9.998341E-02,  sigma = 6.863E-05
 efficacy = 8.056E-05,  raw efficacy = 5.356E-07
 f_positive = 2.648E-1,  f_zero = 7.352E-1,  f_negative = 0.000E+0
 accumulated statistics:
 integral =  9.998341E-02,  sigma = 6.863E-05,  chi^2/iteration = 0.000E+00

 MONACO:  grid written to file grid2_1.vout.1
  
  result for virtual contribution, no.            1
  sigma =    9.9983411631710456E-002  +-    6.8634378189521075E-005  fb  
  
 total result for virtual contns so far 
  sigma =    9.9983411631710456E-002  +-    6.8634378189521075E-005  fb
  

 MONACO input parameters:
 ndim = 12,  ncall =      16M,   rtype = 0
 nprn =  0,  acc = -1.0E+0,  alph = 8.75E-1,  nd = 48,  mds =  0

 MONACO:  grid read from file grid2_1.out.6                                                                                                                                                                                                                                             

 iteration  1:
 integral =  5.077051E-03,  sigma = 1.470E-05
 efficacy = 9.082E-05,  raw efficacy = 9.540E-08
 f_positive = 1.872E-1,  f_zero = 7.350E-1,  f_negative = 7.778E-2
 accumulated statistics:
 integral =  5.077051E-03,  sigma = 1.470E-05,  chi^2/iteration = 0.000E+00

 MONACO:  grid written to file grid2_1.vout.2
  
  result for virtual contribution, no.            2
  sigma =    5.0770510995254885E-003  +-    1.4698622221228891E-005  fb  
  Box instabilites           0
           total calls           0
           instabilities [%]   0.0000000000000000     
  
 total result for virtual contns so far 
  sigma =   0.10506046273123594       +-    7.0190650122823418E-005  fb
  

 MONACO input parameters:
 ndim = 12,  ncall =       4M,   rtype = 0
 nprn =  0,  acc = -1.0E+0,  alph = 8.75E-1,  nd = 48,  mds =  0

 MONACO:  grid read from file grid2_1.out.6                                                                                                                                                                                                                                             

 iteration  1:
 integral =  5.990859E-03,  sigma = 3.290E-05
 efficacy = 2.538E-04,  raw efficacy = 8.150E-07
 f_positive = 1.710E-1,  f_zero = 7.355E-1,  f_negative = 9.348E-2
 accumulated statistics:
 integral =  5.990859E-03,  sigma = 3.290E-05,  chi^2/iteration = 0.000E+00

 MONACO:  grid written to file grid2_1.vout.3
  
  result for virtual contribution, no.            3
  sigma =    5.9908593970313439E-003  +-    3.2896516477770150E-005  fb  
  Pentagon instabilites         133
           total calls     2218734
           instabilities [%]   5.9944094244735961E-003
  
 total result for virtual contns so far 
  sigma =   0.11105132212826728       +-    7.7517147529026210E-005  fb
  
  
 PHASE SPACE            2
  

 MONACO input parameters:
 ndim = 12,  ncall =     128M,   rtype = 0
 nprn =  0,  acc = -1.0E+0,  alph = 8.75E-1,  nd = 48,  mds =  0

 MONACO:  grid read from file grid2_2.out.6                                                                                                                                                                                                                                             

 iteration  1:
 integral =  4.291637E-02,  sigma = 1.724E-05
 efficacy = 1.506E-04,  raw efficacy = 8.823E-07
 f_positive = 1.694E-1,  f_zero = 8.306E-1,  f_negative = 0.000E+0
 accumulated statistics:
 integral =  4.291637E-02,  sigma = 1.724E-05,  chi^2/iteration = 9.313E-10

 MONACO:  grid written to file grid2_2.vout.1
  
  result for virtual contribution, no.            1
  sigma =    4.2916370855129470E-002  +-    1.7235544486210080E-005  fb  
  
 total result for virtual contns so far 
  sigma =    4.2916370855129470E-002  +-    1.7235544486210080E-005  fb
  

 MONACO input parameters:
 ndim = 12,  ncall =      32M,   rtype = 0
 nprn =  0,  acc = -1.0E+0,  alph = 8.75E-1,  nd = 48,  mds =  0

 MONACO:  grid read from file grid2_2.out.6                                                                                                                                                                                                                                             

 iteration  1:
 integral =  4.398720E-03,  sigma = 4.654E-06
 efficacy = 1.518E-04,  raw efficacy = 1.304E-06
 f_positive = 1.542E-1,  f_zero = 8.306E-1,  f_negative = 1.526E-2
 accumulated statistics:
 integral =  4.398720E-03,  sigma = 4.654E-06,  chi^2/iteration = 0.000E+00

 MONACO:  grid written to file grid2_2.vout.2
  
  result for virtual contribution, no.            2
  sigma =    4.3987195524584398E-003  +-    4.6541689942517029E-006  fb  
  Box instabilites           0
           total calls           0
           instabilities [%]   0.0000000000000000     
  
 total result for virtual contns so far 
  sigma =    4.7315090407587912E-002  +-    1.7852878836848152E-005  fb
  

 MONACO input parameters:
 ndim = 12,  ncall =       8M,   rtype = 0
 nprn =  0,  acc = -1.0E+0,  alph = 8.75E-1,  nd = 48,  mds =  0

 MONACO:  grid read from file grid2_2.out.6                                                                                                                                                                                                                                             

 iteration  1:
 integral = -7.645121E-07,  sigma = 1.083E-06
 efficacy = 2.174E-07,  raw efficacy = 3.822E-09
 f_positive = 8.150E-2,  f_zero = 8.306E-1,  f_negative = 8.786E-2
 accumulated statistics:
 integral = -7.645121E-07,  sigma = 1.083E-06,  chi^2/iteration = 5.551E-17

 MONACO:  grid written to file grid2_2.vout.3
  
  result for virtual contribution, no.            3
  sigma =   -7.6451209668074819E-007  +-    1.0832216616197560E-006  fb  
  Pentagon instabilites        1127
           total calls     2842304
           instabilities [%]   3.9650931075634416E-002
  
 total result for virtual contns so far 
  sigma =    4.7314325895491234E-002  +-    1.7885710831034444E-005  fb
  
  
 PHASE SPACE            3
  

 MONACO input parameters:
 ndim = 12,  ncall =     128M,   rtype = 0
 nprn =  0,  acc = -1.0E+0,  alph = 8.75E-1,  nd = 48,  mds =  0

 MONACO:  grid read from file grid2_3.out.6                                                                                                                                                                                                                                             

 iteration  1:
 integral =  1.406528E-01,  sigma = 5.342E-05
 efficacy = 1.478E-04,  raw efficacy = 2.803E-06
 f_positive = 1.650E-1,  f_zero = 8.350E-1,  f_negative = 0.000E+0
 accumulated statistics:
 integral =  1.406528E-01,  sigma = 5.342E-05,  chi^2/iteration = 0.000E+00

 MONACO:  grid written to file grid2_3.vout.1
  
  result for virtual contribution, no.            1
  sigma =   0.14065284607079995       +-    5.3417807438482232E-005  fb  
  
 total result for virtual contns so far 
  sigma =   0.14065284607079995       +-    5.3417807438482232E-005  fb
  

 MONACO input parameters:
 ndim = 12,  ncall =      32M,   rtype = 0
 nprn =  0,  acc = -1.0E+0,  alph = 8.75E-1,  nd = 48,  mds =  0

 MONACO:  grid read from file grid2_3.out.6                                                                                                                                                                                                                                             

 iteration  1:
 integral =  1.529514E-02,  sigma = 1.562E-05
 efficacy = 1.947E-04,  raw efficacy = 3.311E-06
 f_positive = 1.527E-1,  f_zero = 8.351E-1,  f_negative = 1.216E-2
 accumulated statistics:
 integral =  1.529514E-02,  sigma = 1.562E-05,  chi^2/iteration = 0.000E+00

 MONACO:  grid written to file grid2_3.vout.2
  
  result for virtual contribution, no.            2
  sigma =    1.5295144431804240E-002  +-    1.5615479907152241E-005  fb  
  Box instabilites           0
           total calls           0
           instabilities [%]   0.0000000000000000     
  
 total result for virtual contns so far 
  sigma =   0.15594799050260419       +-    5.5653439824196341E-005  fb
  

 MONACO input parameters:
 ndim = 12,  ncall =       8M,   rtype = 0
 nprn =  0,  acc = -1.0E+0,  alph = 8.75E-1,  nd = 48,  mds =  0

 MONACO:  grid read from file grid2_3.out.6                                                                                                                                                                                                                                             

 iteration  1:
 integral =  1.380034E-04,  sigma = 3.782E-06
 efficacy = 1.164E-05,  raw efficacy = 3.629E-07
 f_positive = 8.522E-2,  f_zero = 8.349E-1,  f_negative = 7.984E-2
 accumulated statistics:
 integral =  1.380034E-04,  sigma = 3.782E-06,  chi^2/iteration = 2.274E-13

 MONACO:  grid written to file grid2_3.vout.3
  
  result for virtual contribution, no.            3
  sigma =    1.3800338038871113E-004  +-    3.7820639821827878E-006  fb  
  Pentagon instabilites        1195
           total calls     2770154
           instabilities [%]   4.3138395915894925E-002
  
 total result for virtual contns so far 
  sigma =   0.15608599388299291       +-    5.5781801443040256E-005  fb
  
 
  Total (multi-channel) result (NLO virtual):   0.31445164190675140       +-    9.7161804147509337E-005  fb     3.0898806429613759E-002 %
 
   
 Summary for FF ..
   
 
total number of errors and warnings
===================================
vbffferr: no errors
the warning system has been disabled
 
 vbfquadffopen: error: could not open /itp/scratch/rauch/vbfquadnlotest/binaryrelease30/share/VBFNLO/ff/fferr.dat                                                     
         adjust path in vbfquadffopen (vbfquadffinit.f)
vbfquadfferr:  warning cannot open fferr.dat with error texts
 
total number of errors and warnings
===================================
vbfquadfferr: no errors
the warning system has been disabled
 
  
 PHASE SPACE            1
  

 MONACO input parameters:
 ndim = 15,  ncall =       2M,   rtype = 0
 nprn =  0,  acc = -1.0E+0,  alph = 8.75E-1,  nd = 48,  mds =  0

 MONACO:  continuing with uniform grid
  
 W- Z A j amplitude square information:
 -----------------------------------------------
  
  precalculated tensors initialized to  (  0.0000000000000000     ,  0.0000000000000000     )
  External b-quark contributions are excluded
  
  creal =   -6.5797362673929038       cvirtual =    5.1594725347858095     
  

 iteration  1:
 integral =  6.391923E-02,  sigma = 3.905E-03
 efficacy = 1.446E-05,  raw efficacy = 1.446E-05
 f_positive = 2.693E-2,  f_zero = 9.461E-1,  f_negative = 2.700E-2
 accumulated statistics:
 integral =  6.391923E-02,  sigma = 3.905E-03,  chi^2/iteration = 0.000E+00

 MONACO:  grid written to file grid3_1.out.1

 MONACO input parameters:
 ndim = 15,  ncall =       4M,   rtype = 0
 nprn =  0,  acc = -1.0E+0,  alph = 8.75E-1,  nd = 48,  mds =  0

 iteration  2:
 integral =  6.291492E-02,  sigma = 1.406E-03
 efficacy = 1.932E-05,  raw efficacy = 2.245E-06
 f_positive = 1.249E-1,  f_zero = 7.860E-1,  f_negative = 8.911E-2
 accumulated statistics:
 integral =  6.303012E-02,  sigma = 1.323E-03,  chi^2/iteration = 5.855E+04

 MONACO:  grid written to file grid3_1.out.2

 MONACO input parameters:
 ndim = 15,  ncall =       8M,   rtype = 0
 nprn =  0,  acc = -1.0E+0,  alph = 8.75E-1,  nd = 48,  mds =  0

 iteration  3:
 integral =  6.424688E-02,  sigma = 5.814E-04
 efficacy = 4.012E-05,  raw efficacy = 2.667E-07
 f_positive = 1.845E-1,  f_zero = 6.997E-1,  f_negative = 1.157E-1
 accumulated statistics:
 integral =  6.404982E-02,  sigma = 5.323E-04,  chi^2/iteration = 7.678E-01

 MONACO:  grid written to file grid3_1.out.3

 MONACO input parameters:
 ndim = 15,  ncall =      16M,   rtype = 0
 nprn =  0,  acc = -1.0E+0,  alph = 8.75E-1,  nd = 48,  mds =  0

 iteration  4:
 integral =  6.451620E-02,  sigma = 3.027E-04
 efficacy = 4.512E-05,  raw efficacy = 1.279E-07
 f_positive = 2.049E-1,  f_zero = 6.692E-1,  f_negative = 1.260E-1
 accumulated statistics:
 integral =  6.440222E-02,  sigma = 2.631E-04,  chi^2/iteration = 6.740E-01

 MONACO:  grid written to file grid3_1.out.4

 MONACO input parameters:
 ndim = 15,  ncall =      32M,   rtype = 0
 nprn =  0,  acc = -1.0E+0,  alph = 8.75E-1,  nd = 48,  mds =  0

 iteration  5:
 integral =  6.533657E-02,  sigma = 3.410E-04
 efficacy = 8.497E-06,  raw efficacy = 1.033E-08
 f_positive = 2.112E-1,  f_zero = 6.594E-1,  f_negative = 1.294E-1
 accumulated statistics:
 integral =  6.475092E-02,  sigma = 2.083E-04,  chi^2/iteration = 2.018E+00

 MONACO:  grid written to file grid3_1.out.5

 MONACO input parameters:
 ndim = 15,  ncall =      64M,   rtype = 0
 nprn =  0,  acc = -1.0E+0,  alph = 8.75E-1,  nd = 48,  mds =  0

 iteration  6:
 integral =  6.488124E-02,  sigma = 1.711E-04
 efficacy = 2.286E-05,  raw efficacy = 1.397E-08
 f_positive = 1.891E-1,  f_zero = 6.834E-1,  f_negative = 1.275E-1
 accumulated statistics:
 integral =  6.482874E-02,  sigma = 1.322E-04,  chi^2/iteration = 1.572E+00

 MONACO:  grid written to file grid3_1.out.6
 
  result for real emissions 
  sigma =    6.4828741909960907E-002  +-    1.3222751276523704E-004  fb
  
  
 PHASE SPACE            2
  

 MONACO input parameters:
 ndim = 15,  ncall =       4M,   rtype = 0
 nprn =  0,  acc = -1.0E+0,  alph = 8.75E-1,  nd = 48,  mds =  0

 MONACO:  continuing with uniform grid

 iteration  1:
 integral =  2.268026E-02,  sigma = 9.421E-03
 efficacy = 6.844E-07,  raw efficacy = 6.844E-07
 f_positive = 4.706E-2,  f_zero = 9.079E-1,  f_negative = 4.505E-2
 accumulated statistics:
 integral =  2.268026E-02,  sigma = 9.421E-03,  chi^2/iteration = 0.000E+00

 MONACO:  grid written to file grid3_2.out.1

 MONACO input parameters:
 ndim = 15,  ncall =       8M,   rtype = 0
 nprn =  0,  acc = -1.0E+0,  alph = 8.75E-1,  nd = 48,  mds =  0

 iteration  2:
 integral =  1.509776E-02,  sigma = 1.095E-03
 efficacy = 2.519E-06,  raw efficacy = 1.859E-08
 f_positive = 1.236E-1,  f_zero = 8.025E-1,  f_negative = 7.389E-2
 accumulated statistics:
 integral =  1.519892E-02,  sigma = 1.088E-03,  chi^2/iteration = 6.392E+05

 MONACO:  grid written to file grid3_2.out.2

 MONACO input parameters:
 ndim = 15,  ncall =      16M,   rtype = 0
 nprn =  0,  acc = -1.0E+0,  alph = 8.75E-1,  nd = 48,  mds =  0

 iteration  3:
 integral =  1.488387E-02,  sigma = 2.773E-04
 efficacy = 1.240E-05,  raw efficacy = 4.862E-09
 f_positive = 1.213E-1,  f_zero = 7.986E-1,  f_negative = 8.018E-2
 accumulated statistics:
 integral =  1.490308E-02,  sigma = 2.687E-04,  chi^2/iteration = 7.179E-01

 MONACO:  grid written to file grid3_2.out.3

 MONACO input parameters:
 ndim = 15,  ncall =      32M,   rtype = 0
 nprn =  0,  acc = -1.0E+0,  alph = 8.75E-1,  nd = 48,  mds =  0

 iteration  4:
 integral =  1.506896E-02,  sigma = 1.176E-04
 efficacy = 8.092E-06,  raw efficacy = 3.330E-09
 f_positive = 1.112E-1,  f_zero = 8.039E-1,  f_negative = 8.490E-2
 accumulated statistics:
 integral =  1.504231E-02,  sigma = 1.077E-04,  chi^2/iteration = 5.189E-01

 MONACO:  grid written to file grid3_2.out.4

 MONACO input parameters:
 ndim = 15,  ncall =      64M,   rtype = 0
 nprn =  0,  acc = -1.0E+0,  alph = 8.75E-1,  nd = 48,  mds =  0

 iteration  5:
 integral =  1.488411E-02,  sigma = 8.029E-05
 efficacy = 4.341E-06,  raw efficacy = 5.033E-10
 f_positive = 9.678E-2,  f_zero = 8.202E-1,  f_negative = 8.299E-2
 accumulated statistics:
 integral =  1.494063E-02,  sigma = 6.437E-05,  chi^2/iteration = 8.082E-01

 MONACO:  grid written to file grid3_2.out.5

 MONACO input parameters:
 ndim = 15,  ncall =     128M,   rtype = 0
 nprn =  0,  acc = -1.0E+0,  alph = 8.75E-1,  nd = 48,  mds =  0

 iteration  6:
 integral =  1.485179E-02,  sigma = 1.154E-04
 efficacy = 1.101E-06,  raw efficacy = 4.969E-10
 f_positive = 8.870E-2,  f_zero = 8.255E-1,  f_negative = 8.578E-2
 accumulated statistics:
 integral =  1.491954E-02,  sigma = 5.621E-05,  chi^2/iteration = 7.192E-01

 MONACO:  grid written to file grid3_2.out.6
 
  result for real emissions 
  sigma =    1.4919537346977136E-002  +-    5.6213919544301684E-005  fb
  
  
 PHASE SPACE            3
  

 MONACO input parameters:
 ndim = 15,  ncall =       4M,   rtype = 0
 nprn =  0,  acc = -1.0E+0,  alph = 8.75E-1,  nd = 48,  mds =  0

 MONACO:  continuing with uniform grid

 iteration  1:
 integral =  3.736255E-02,  sigma = 1.061E-02
 efficacy = 1.776E-06,  raw efficacy = 1.776E-06
 f_positive = 4.423E-2,  f_zero = 9.126E-1,  f_negative = 4.319E-2
 accumulated statistics:
 integral =  3.736255E-02,  sigma = 1.061E-02,  chi^2/iteration = 0.000E+00

 MONACO:  grid written to file grid3_3.out.1

 MONACO input parameters:
 ndim = 15,  ncall =       8M,   rtype = 0
 nprn =  0,  acc = -1.0E+0,  alph = 8.75E-1,  nd = 48,  mds =  0

 iteration  2:
 integral =  4.840738E-02,  sigma = 1.539E-03
 efficacy = 8.026E-06,  raw efficacy = 1.105E-07
 f_positive = 1.144E-1,  f_zero = 8.133E-1,  f_negative = 7.233E-2
 accumulated statistics:
 integral =  4.817964E-02,  sigma = 1.523E-03,  chi^2/iteration = 1.062E+06

 MONACO:  grid written to file grid3_3.out.2

 MONACO input parameters:
 ndim = 15,  ncall =      16M,   rtype = 0
 nprn =  0,  acc = -1.0E+0,  alph = 8.75E-1,  nd = 48,  mds =  0

 iteration  3:
 integral =  4.588077E-02,  sigma = 4.977E-04
 efficacy = 3.401E-05,  raw efficacy = 6.531E-08
 f_positive = 1.254E-1,  f_zero = 7.918E-1,  f_negative = 8.283E-2
 accumulated statistics:
 integral =  4.610260E-02,  sigma = 4.731E-04,  chi^2/iteration = 3.121E+00

 MONACO:  grid written to file grid3_3.out.3

 MONACO input parameters:
 ndim = 15,  ncall =      32M,   rtype = 0
 nprn =  0,  acc = -1.0E+0,  alph = 8.75E-1,  nd = 48,  mds =  0

 iteration  4:
 integral =  4.524284E-02,  sigma = 2.711E-04
 efficacy = 1.742E-05,  raw efficacy = 6.527E-09
 f_positive = 1.214E-1,  f_zero = 7.905E-1,  f_negative = 8.814E-2
 accumulated statistics:
 integral =  4.545542E-02,  sigma = 2.352E-04,  chi^2/iteration = 2.803E+00

 MONACO:  grid written to file grid3_3.out.4

 MONACO input parameters:
 ndim = 15,  ncall =      64M,   rtype = 0
 nprn =  0,  acc = -1.0E+0,  alph = 8.75E-1,  nd = 48,  mds =  0

 iteration  5:
 integral =  4.564676E-02,  sigma = 1.556E-04
 efficacy = 2.775E-05,  raw efficacy = 6.084E-09
 f_positive = 1.118E-1,  f_zero = 7.941E-1,  f_negative = 9.417E-2
 accumulated statistics:
 integral =  4.558854E-02,  sigma = 1.298E-04,  chi^2/iteration = 2.022E+00

 MONACO:  grid written to file grid3_3.out.5

 MONACO input parameters:
 ndim = 15,  ncall =     128M,   rtype = 0
 nprn =  0,  acc = -1.0E+0,  alph = 8.75E-1,  nd = 48,  mds =  0

 iteration  6:
 integral =  4.553564E-02,  sigma = 1.094E-04
 efficacy = 1.260E-05,  raw efficacy = 4.227E-09
 f_positive = 1.048E-1,  f_zero = 7.983E-1,  f_negative = 9.694E-2
 accumulated statistics:
 integral =  4.555761E-02,  sigma = 8.363E-05,  chi^2/iteration = 1.541E+00

 MONACO:  grid written to file grid3_3.out.6
 
  result for real emissions 
  sigma =    4.5557612168905789E-002  +-    8.3633216157206626E-005  fb
  
 
  Total (multi-channel) result (NLO real):   0.12530589142584383       +-    1.6624871346092334E-004  fb    0.13267429932399430      %
 
 
total number of errors and warnings
===================================
fferr: no errors
 
  
  final result at NLO 
  sigma =   0.43975753333259526       +-    1.9255921404235933E-004  fb   4.3787587351397088E-002 %
  
  Box instabilites           0
           total calls           0
           instabilities [%]   0.0000000000000000     
  FBox instabilites           0
           total calls           0
           instabilities [%]   0.0000000000000000     
  Pentagon instabilites        2455
           total calls     7831192
           instabilities [%]   3.1348995146588156E-002
  Hexagon instabilites           0
           total calls           0
           instabilities [%]   0.0000000000000000     
 
 
 LO for different PHASESPACE:
   7.8629599278030760E-002  +-    4.0723838340438061E-005  fb   5.1791995271959074E-002
   3.3362590647986613E-002  +-    1.0438257936175418E-005  fb   3.1287312326284691E-002
  0.10949081855248934       +-    3.2156133394891929E-005  fb   2.9368794406698533E-002
  
  
 VIRTUAL CONTRIBUTIONS for different PHASESPACE:
  borntype for different PHASESPACE:
   9.9983411631710456E-002  +-    6.8634378189521075E-005  fb   6.8645765401901121E-002
   4.2916370855129470E-002  +-    1.7235544486210080E-005  fb   4.0160768822674213E-002
  0.14065284607079995       +-    5.3417807438482232E-005  fb   3.7978476035666918E-002
  boxes for different PHASESPACE:
   5.0770510995254885E-003  +-    1.4698622221228891E-005  fb  0.28951101600302298     
   4.3987195524584398E-003  +-    4.6541689942517029E-006  fb  0.10580735913592156     
   1.5295144431804240E-002  +-    1.5615479907152241E-005  fb  0.10209436057813162     
 pentagons for different PHASESPACE:
   5.9908593970313439E-003  +-    3.2896516477770150E-005  fb  0.54911181013647881     
  -7.6451209668074819E-007  +-    1.0832216616197560E-006  fb  -141.68796887880995     
   1.3800338038871113E-004  +-    3.7820639821827878E-006  fb   2.7405589424910684     
   
 TOTAL VIRTUAL CONTRIBUTIONS:
 TOTAL borntype:
  0.28355262855763985        8.8663431101740597E-005   3.1268774178800224E-002  %
 TOTAL boxes:
   2.4770915083788168E-002   2.1944338608400415E-005   8.8589131786908984E-002  %
 TOTAL pentagons:
   6.1280982653233746E-003   3.3130924730615801E-005  0.54063958011397051       %
  
  
  REAL EMISSION for different PHASESPACE:
   6.4828741909960907E-002   1.3222751276523704E-004  0.20396433567827782       %
   1.4919537346977136E-002   5.6213919544301684E-005  0.37678058130731007       %
   4.5557612168905789E-002   8.3633216157206626E-005  0.18357682103077472       %
  
  
  
 !!!!!!!!!!!!!!!!!!!!!!!!!!!!!!!!!!!!!!!!!!!!!!!!!!!!!!!!!!!!!!!!!!!!!!!!!!!!!!!!!!!!!!!!!!!!!!!!!!!!!!!!
     VBFNLO 3.0.0 beta0 svn 7626
   
  PROCESS:          490   :   p p -->  W- Z A -->  e- ve~ mu- mu+ A
   
  TOTAL result (LO):         0.22148300847850672       +-    5.2928302002145749E-005  fb     2.3897229121881847E-002 %
  NLO virtual result:        0.31445164190675140       +-    9.7161804147509337E-005  fb     3.0898806429613759E-002 %
  QCD real emission:         0.12530589142584383       +-    1.6624871346092334E-004  fb    0.13267429932399430      %
  TOTAL result (NLO):        0.43975753333259526       +-    1.9255921404235933E-004  fb     4.3787587351397088E-002 %
  K-Factor:                   1.9855136353508152     
 !!!!!!!!!!!!!!!!!!!!!!!!!!!!!!!!!!!!!!!!!!!!!!!!!!!!!!!!!!!!!!!!!!!!!!!!!!!!!!!!!!!!!!!!!!!!!!!!!!!!!!!!
  
  
