   
 -----------------------------------------------------------------
 VBFNLO, version 3.0.0 GIT 1571c2fe
 Comput. Phys. Commun. 180 (2009) 1661[arXiv:0811.4559 [hep-ph]]
 arXiV:1107.4038, arXiV:1207.4975, arXiv:1404.3940
 http://www.itp.kit.edu/vbfnlo
 -----------------------------------------------------------------
 Process-specific references (please cite as well if appropriate):
 
 B. Feigl, PhD-thesis, http://digbib.ubka.uni-karlsruhe.de/volltexte/1000037298
 
 -----------------------------------------------------------------
   
   
  
        Information on global parameters
 -----------------------------------------------
   PROCESS               =      322
   LOPROCESS_PLUS_JET    =        F
   KK_MOD                =        F
   ANOM_CPL              =        F
   LEPTONS               =    12  -11
  
   Numbers for the final state leptons are not
   valid default values are used:           11         -11           0           0           0           0
  
   DECAY_QUARKS          =    93
   LO_ITERATIONS         =        6
   NLO_ITERATIONS        =        6
   LO_POINTS             =       26
   NLO_POINTS            =       26
   NLO_SWITCH            =        T
   EWCOR_SWITCH          =        F
   FERMIONLOOP           =        0
 Warning: cannot read value for key = NLO_SEMILEP_DECAY. Using default value :            0
   LHA_SWITCH            =        F
   HEPMC_SWITCH          =        F
   LO_GRID               = grid2_1                                           
   NLO_GRID              = grid3_1                                           
   PHTN_GRID             = grid4_1                                           
   FLOOP_GRID            = grid5_1                                           
   ECM                   =  13600.0    
   BEAM1                 =        1
   BEAM2                 =        1
   ID_MUF                =        3
   ID_MUR                =        3
   MUF_USER              =  100.000    
   MUR_USER              =  100.000    
   XIF                   =  1.00000    
   XIR                   =  1.00000    
 Warning: cannot read value for key = SHOWTIMING. Using default value :  T
 
       information on the selected process 
 -----------------------------------------------
 
  pp -> W- Z -> q~ q l+ l-
 
 W+ Z production with subsequent decay of the W- to quarks and Z to leptons.
 Process is implemented at LO and NLO QCD.
 Anomalous gauge boson couplings can be input via "anomV.dat".
 References for semileptonic decays:
 B. Feigl, PhD-thesis, http://digbib.ubka.uni-karlsruhe.de/volltexte/1000037298
 
             Information on PDF sets            
 -----------------------------------------------
 Initializing PDF set CT18
  
               Physics parameters
 -----------------------------------------------
   HTYPE                 =        0
   MODEL                 =        1
   ANOM_CPL              =        F
   KK_MOD                =        F
   SPIN2                 =        F
   HMASS                 =  125.000    
   HWIDTH                = -999.000    
   TOPMASS               =  172.500    
   BOTTOMMASS            =  4.85500    
   CHARMMASS             =  1.65000    
   TAU_MASS              =  1.77684    
   EWSCHEME              =        3
   FERMI_CONST           = 0.116637E-04
   WMASS                 =  80.3980    
   ZMASS                 =  91.1876    
   
 Running in the SM
   
 Higgs mass =   125.00000000000000     
   
   
  
 Information on scale setting in InitScales 
 -------------------------------------------
  
 Dynamical factorization scale chosen:
       invariant VV mass 
 Dynamical value for alphas chosen:
 alphas = alpha(invariant VV mass)
  
  
   Information on couplings, masses and widths
 ===============================================
  
   SM coupling parameters 
 ---------------------------
   G_Fermi                         : 0.000011663700
   SIN**2 of the weak mixing angle : 0.22264585
   Q.E.D. fine structure constant  : 1/132.34070    
   SU(2) coupling constant g       : 0.65305673
   U(1) coupling constant g'       : 0.34950127
   Q.C.D. LO alfas(MZ)             : 0.12980813
   Q.C.D. NLO alfas(MZ)            : 0.11798159
  
      particle masses
 ---------------------------
   mass of the Z0 boson            :   91.1876
   mass of the W+/- boson          :   80.3980
   mass of the Higgs boson         :  125.0000
   mass of the top quark           :  172.5000
   mass of the bottom quark at MH  :    2.8039
  (All other fermions have mass equal ZERO)
  
      particle widths
 ---------------------------
   total widths of Z0              :   2.508420 GeV
   total widths of W+ or W-        :   2.097673 GeV
   total widths of Higgs           :   0.004128 GeV
   total widths of top quark       :   1.342520 GeV
  
     branching ratios
 ---------------------------
   W -> lepton anti-lepton         : 10.8397227 %
   W -> massless quark anti-quark  : 33.7404159 %
   W -> top bottom                 :  0.0000000 %
  
   Z -> neutrino anti-neutrino     :  6.6129820 %
   Z -> charged lepton anti-lepton :  3.3460763 %
   Z -> up-type quark anti-quark   : 11.9908090 %
   Z -> down-type quark anti-quark : 15.3804024 %
   Z -> top anti-top               :  0.0000000 %
  
   H -> WW                         : 20.4628169 %
   H -> ZZ                         :  2.5390366 %
   H -> bottom anti-bottom         : 58.7489081 %
   H -> top anti-top               :  0.0000000 %
   H -> charm anti-charm           :  3.4901975 %
   H -> tau anti-tau               :  6.2665676 %
   H -> mu anti-mu                 :  0.0221853 %
   H -> gluon gluon                :  8.0504027 %
   H -> gamma gamma                :  0.2383715 %
   H -> Z gamma                    :  0.1815139 %
  
 Warning: cannot read value for key = MLL_OSONLY. Using default value :  T
 Warning: cannot read value for key = PTMISS_MIN. Using default value :    0.0000000000000000     
 Warning: cannot read value for key = EXISOLCUT. Using default value :    1.0000000000000000     
 Warning: cannot read value for key = MJ_WINDOWV. Using default value :    0.0000000000000000     
 Input Error in line           67  of cuts.dat                                                                                                                                                                                                                                                  
 
 Warning: cannot read value for key = SINGLE_DECAYJET. Using default value :            0
 Warning: cannot read value for key = VBFCUTS_ALWAYS. Using default value :  F
 
          information on cut parameters
 -----------------------------------------------
 
 minimum jet pt        (PT_JET_MIN):     20.00    20.00    20.00   
 maximum jet rapidity                 (Y_JET_MAX):    4.5000000000000000     
 maximum parton pseudorapidity          (Y_P_MAX):    5.0000000000000000     
 minimum jet-jet R-separation           (RJJ_MIN):   0.80000000000000004     
 minimum number of jets                (NJET_MIN):            2
 single jet from hadronic decay (SINGLE_DECAYJET):            0
 exponent of generalised kT algorithm (PGENKTJET):    1.0000000000000000     
 minimum lepton-lepton R-separation     (RLL_MIN):    0.0000000000000000     
 maximum lepton-lepton R-separation     (RLL_MAX):    50.000000000000000     
 minimum jet-lepton R-separation        (RJL_MIN):    0.0000000000000000     
 minimum jet-photon R-separation        (RJG_MIN):    0.0000000000000000     
 minimum lepton-photon R-separation     (RLG_MIN):    0.0000000000000000     
 minimum photon-photon R-separation     (RGG_MIN):    0.0000000000000000     
 maximum photon-photon R-separation     (RGG_MAX):    50.000000000000000     
 maximum lepton rapidity                (Y_L_MAX):    2.5000000000000000     
 minimum lepton pt       (PT_L_MIN):     10.00    10.00   
 minimum invariant dilepton mass        (MLL_MIN):    15.000000000000000     
 maximum invariant dilepton mass        (MLL_MAX):    14000.000000000000     
 m_ll cuts only on opposite-sign l   (MLL_OSONLY):  T
 maximum photon rapidity                (Y_G_MAX):    1.5000000000000000     
 minimum photon pt       (PT_G_MIN):    
 photon isolation cut                 (PHISOLCUT):   0.69999999999999996     
 efficiency of photon isolation cut   (EFISOLCUT):    1.0000000000000000     
 exponent of photon isolation cut   (EXISOLCUT):    1.0000000000000000     
 minimum invariant lepton-photon mass   (MLG_MIN):    0.0000000000000000     
 maximum invariant lepton-photon mass   (MLG_MAX):    1.0000000000000000E+020
 minimal missing transverse momentum (PTMISS_MIN):    0.0000000000000000     
 minimum jet rapidity separation      (ETAJJ_MIN):    0.0000000000000000     
 tagging jets in opposite hemispheres     (YSIGN):    F
 leptons fall inside rapidity gap     (LRAPIDGAP):    F
 min leptons y-dist from tagging jets   (DELY_JL):    0.0000000000000000     
 photons fall inside rapidity gap     (GRAPIDGAP):    T
 min photons y-dist from tagging jets   (DELY_JG):    0.0000000000000000     
 dijet min mass cut on tag jets        (MDIJ_MIN):    600.00000000000000     
 dijet max mass cut on tag jets        (MDIJ_MAX):    14000.000000000000     
 excluded jet-m window               (MJ_WINDOWV):    85.792800000000000        85.792800000000000     
 veto criteria for jets                   (JVETO):    F
 minimum veto-tag y-dist             (DELY_JVETO):    0.0000000000000000     
 maximum |y| for veto jet             (YMAX_VETO):    5.0000000000000000     
 minimum pT for veto jet             (PTMIN_VETO):    10.000000000000000     
 definition of tagging jets          (DEF_TAGJET):            1
 minimal pt for harder tagging jet  (PTMIN_TAG_1):    20.000000000000000     
 minimal pt for softer tagging jet  (PTMIN_TAG_2):    20.000000000000000     
 mass reconst. cut for V -> had   (RECONST_HAD_V):            0
 mass range for RECONST_HAD_V      (V_MASS_RANGE):    20.000000000000000     
 

 --------------------PHASE SPACE--------------------

 boson has mass    80.40 GeV and width     2.0977 GeV
 integration range for boson   4 =      0.032  to     9616.652 GeV
 boson has mass    91.19 GeV and width     2.5084 GeV
 integration range for boson   2 =      0.032  to     9616.652 GeV

 machine energy =    13600.0  GeV

 configuration   0

 ---------------------------------------------------

  Open error on file random.dat
  Using default values.
  Random number generator initialized with seed =            0
 
          information on histogram config
 -----------------------------------------------
 
  Open error on file histograms.dat
  Using default values.
 SMEARING           =      T
 SMEAR_VALUE        =       0.10000000000000001     
 CALC_ERROR_GNUPLOT =      F
 CALC_ERROR_ROOT    =      F
 CALC_ERROR_1D      =      T
 CALC_ERROR_2D      =      F
 
HIST_ID1      =      0.00    250.00  # dS/dpT_j (fb/GeV)
HIST_ID2      =      0.00    500.00  # dS/dpTmax_j (fb/GeV)
HIST_ID3      =      0.00    200.00  # dS/dpTmin_j (fb/GeV)
HIST_ID4      =     -5.00      5.00  # dS/dy_j (fb)
HIST_ID5      =     -5.00      5.00  # dS/dy_j1 (fb)
HIST_ID6      =     -5.00      5.00  # dS/dy_j2 (fb)
HIST_ID7      =      0.00    500.00  # dS/dpTmax_l (fb/GeV)
HIST_ID8      =      0.00    200.00  # dS/dpTmin_l (fb/GeV)
HIST_ID9      =      0.00      5.00  # dS/d|eta|max_l (fb)
HIST_ID10     =      0.00      5.00  # dS/d|eta|min_l (fb)
HIST_ID11     =   -180.00    180.00  # dS/dPhi_jj (fb)
2DHIST_ID1    =      0.00      6.00      0.00    800.00  # d2S/dy_jj dm_jj (fb/GeV)
 
 -----------------------------------------------
 
Starttime: 2024-04-30T16:03:11+0200

 MONACO input parameters:
 ndim =  9,  ncall =       2M,   rtype = 0
 nprn =  0,  acc = -1.0E+0,  alph =  8.75E-1,  nd = 48,  mds =  0

 MONACO:  continuing with uniform grid
  
 W-Z amplitude square information:
 -----------------------------------------------
  
  W to WZ  tensors initialized to                (0.0000000000000000,0.0000000000000000)
  External b-quark contributions are excluded

 iteration  1:
 integral =  1.302676E+02,  sigma = 8.894E-01
 efficacy = 6.090E-04,  raw efficacy = 6.090E-04
 f_positive = 1.518E-1,  f_zero = 8.482E-1,  f_negative = 0.000E+0
 accumulated statistics:
 integral =  1.302676E+02,  sigma = 8.894E-01,  chi^2/iteration = 3.638E-12

 MONACO:  grid written to file grid2_1.out.1

 MONACO input parameters:
 ndim =  9,  ncall =       4M,   rtype = 0
 nprn =  0,  acc = -1.0E+0,  alph =  8.75E-1,  nd = 48,  mds =  0

 iteration  2:
 integral =  1.304410E+02,  sigma = 3.120E-01
 efficacy = 1.403E-03,  raw efficacy = 3.705E-04
 f_positive = 2.625E-1,  f_zero = 7.375E-1,  f_negative = 0.000E+0
 accumulated statistics:
 integral =  1.304220E+02,  sigma = 2.944E-01,  chi^2/iteration = 3.382E+04

 MONACO:  grid written to file grid2_1.out.2

 MONACO input parameters:
 ndim =  9,  ncall =       8M,   rtype = 0
 nprn =  0,  acc = -1.0E+0,  alph =  8.75E-1,  nd = 48,  mds =  0

 iteration  3:
 integral =  1.300250E+02,  sigma = 1.693E-01
 efficacy = 1.694E-03,  raw efficacy = 2.772E-04
 f_positive = 3.208E-1,  f_zero = 6.792E-1,  f_negative = 0.000E+0
 accumulated statistics:
 integral =  1.301237E+02,  sigma = 1.468E-01,  chi^2/iteration = 1.400E+00

 MONACO:  grid written to file grid2_1.out.3

 MONACO input parameters:
 ndim =  9,  ncall =      16M,   rtype = 0
 nprn =  0,  acc = -1.0E+0,  alph =  8.75E-1,  nd = 48,  mds =  0

 iteration  4:
 integral =  1.303811E+02,  sigma = 1.080E-01
 efficacy = 8.882E-04,  raw efficacy = 1.906E-04
 f_positive = 3.501E-1,  f_zero = 6.499E-1,  f_negative = 0.000E+0
 accumulated statistics:
 integral =  1.302907E+02,  sigma = 8.697E-02,  chi^2/iteration = 1.697E+00

 MONACO:  grid written to file grid2_1.out.4

 MONACO input parameters:
 ndim =  9,  ncall =      32M,   rtype = 0
 nprn =  0,  acc = -1.0E+0,  alph =  8.75E-1,  nd = 48,  mds =  0

 iteration  5:
 integral =  1.303389E+02,  sigma = 7.246E-02
 efficacy = 1.174E-03,  raw efficacy = 1.585E-04
 f_positive = 3.647E-1,  f_zero = 6.353E-1,  f_negative = 0.000E+0
 accumulated statistics:
 integral =  1.303192E+02,  sigma = 5.567E-02,  chi^2/iteration = 1.192E+00

 MONACO:  grid written to file grid2_1.out.5

 MONACO input parameters:
 ndim =  9,  ncall =      64M,   rtype = 0
 nprn =  0,  acc = -1.0E+0,  alph =  8.75E-1,  nd = 48,  mds =  0

 iteration  6:
 integral =  1.303372E+02,  sigma = 5.280E-02
 efficacy = 1.273E-04,  raw efficacy = 1.637E-04
 f_positive = 3.742E-1,  f_zero = 6.258E-1,  f_negative = 0.000E+0
 accumulated statistics:
 integral =  1.303286E+02,  sigma = 3.831E-02,  chi^2/iteration = 9.077E-01

 MONACO:  grid written to file grid2_1.out.6
 
  result (LO):    130.32863180580438       +-    3.8310895895525089E-002  fb     2.9395609671257872E-002 %
 
   
 Initialising FF ..
   
 ====================================================
   FF 2.0, a package to evaluate one-loop integrals
 written by G. J. van Oldenborgh, NIKHEF-H, Amsterdam
 ====================================================
 for the algorithms used see preprint NIKHEF-H 89/17,
 'New Algorithms for One-loop Integrals', by G.J. van
 Oldenborgh and J.A.M. Vermaseren, published in 
 Zeitschrift fuer Physik C46(1990)425.
 ====================================================

 MONACO input parameters:
 ndim =  9,  ncall =      64M,   rtype = 0
 nprn =  0,  acc = -1.0E+0,  alph =  8.75E-1,  nd = 48,  mds =  0

 MONACO:  grid read from file grid2_1.out.6                                                                                                                                                                                                                                             

 iteration  1:
 integral =  1.580660E+02,  sigma = 6.522E-02
 efficacy = 1.561E-04,  raw efficacy = 1.194E-04
 f_positive = 3.734E-1,  f_zero = 6.266E-1,  f_negative = 1.475E-6
 accumulated statistics:
 integral =  1.580660E+02,  sigma = 6.522E-02,  chi^2/iteration = 1.863E-09

 MONACO:  grid written to file grid2_1.vout.1
  
  result for virtual contribution, no.            1
  sigma =    158.06600750823864       +-    6.5215861968494618E-002  fb  
  
 total result for virtual contns so far 
  sigma =    158.06600750823864       +-    6.5215861968494618E-002  fb
  
   
 Summary for FF ..
   
 
total number of errors and warnings
===================================
vbffferr: no errors
the warning system has been disabled
 

 MONACO input parameters:
 ndim = 12,  ncall =       2M,   rtype = 0
 nprn =  0,  acc = -1.0E+0,  alph =  8.75E-1,  nd = 48,  mds =  0

 MONACO:  continuing with uniform grid
  
 W-Z j amplitude square information:
 -----------------------------------------------
  
  W to WZ  tensors initialized to                (0.0000000000000000,0.0000000000000000)
  External b-quark contributions are excluded
  
  creal =   -6.5797362673929038       cvirtual =    5.1594725347858095     

 iteration  1:
 integral =  8.141329E+01,  sigma = 3.094E+00
 efficacy = 1.536E-05,  raw efficacy = 1.536E-05
 f_positive = 8.724E-2,  f_zero = 8.768E-1,  f_negative = 3.592E-2
 accumulated statistics:
 integral =  8.141329E+01,  sigma = 3.094E+00,  chi^2/iteration = 1.137E-13

 MONACO:  grid written to file grid3_1.out.1

 MONACO input parameters:
 ndim = 12,  ncall =       4M,   rtype = 0
 nprn =  0,  acc = -1.0E+0,  alph =  8.75E-1,  nd = 48,  mds =  0

 iteration  2:
 integral =  8.173359E+01,  sigma = 8.300E-01
 efficacy = 6.366E-05,  raw efficacy = 4.986E-06
 f_positive = 1.585E-1,  f_zero = 7.834E-1,  f_negative = 5.816E-2
 accumulated statistics:
 integral =  8.171209E+01,  sigma = 8.016E-01,  chi^2/iteration = 9.996E+03

 MONACO:  grid written to file grid3_1.out.2

 MONACO input parameters:
 ndim = 12,  ncall =       8M,   rtype = 0
 nprn =  0,  acc = -1.0E+0,  alph =  8.75E-1,  nd = 48,  mds =  0

 iteration  3:
 integral =  8.104508E+01,  sigma = 3.497E-01
 efficacy = 1.067E-04,  raw efficacy = 1.887E-06
 f_positive = 1.915E-1,  f_zero = 7.352E-1,  f_negative = 7.332E-2
 accumulated statistics:
 integral =  8.115173E+01,  sigma = 3.205E-01,  chi^2/iteration = 5.916E-01

 MONACO:  grid written to file grid3_1.out.3

 MONACO input parameters:
 ndim = 12,  ncall =      16M,   rtype = 0
 nprn =  0,  acc = -1.0E+0,  alph =  8.75E-1,  nd = 48,  mds =  0

 iteration  4:
 integral =  8.147214E+01,  sigma = 2.426E-01
 efficacy = 6.920E-05,  raw efficacy = 4.594E-07
 f_positive = 2.046E-1,  f_zero = 7.135E-1,  f_negative = 8.196E-2
 accumulated statistics:
 integral =  8.135547E+01,  sigma = 1.934E-01,  chi^2/iteration = 6.135E-01

 MONACO:  grid written to file grid3_1.out.4

 MONACO input parameters:
 ndim = 12,  ncall =      32M,   rtype = 0
 nprn =  0,  acc = -1.0E+0,  alph =  8.75E-1,  nd = 48,  mds =  0

 iteration  5:
 integral =  8.147493E+01,  sigma = 2.083E-01
 efficacy = 1.846E-05,  raw efficacy = 6.212E-07
 f_positive = 1.932E-1,  f_zero = 7.227E-1,  f_negative = 8.405E-2
 accumulated statistics:
 integral =  8.141079E+01,  sigma = 1.417E-01,  chi^2/iteration = 4.679E-01

 MONACO:  grid written to file grid3_1.out.5

 MONACO input parameters:
 ndim = 12,  ncall =      64M,   rtype = 0
 nprn =  0,  acc = -1.0E+0,  alph =  8.75E-1,  nd = 48,  mds =  0

 iteration  6:
 integral =  8.162715E+01,  sigma = 1.261E-01
 efficacy = 3.266E-05,  raw efficacy = 7.169E-08
 f_positive = 1.663E-1,  f_zero = 7.560E-1,  f_negative = 7.769E-2
 accumulated statistics:
 integral =  8.153156E+01,  sigma = 9.421E-02,  chi^2/iteration = 6.761E-01

 MONACO:  grid written to file grid3_1.out.6
 
  result for real emissions 
  sigma =    81.531559170331178       +-    9.4208501855956250E-002  fb
  
  
  final result at NLO 
  sigma =    239.59756667856982       +-   0.11457901410920525       fb   4.7821443137992213E-002 %
 
   
 TOTAL VIRTUAL CONTRIBUTIONS:
 TOTAL borntype:
   158.06600750823864        6.5215861968494618E-002   4.1258625429060371E-002  %
  
  
  
 !!!!!!!!!!!!!!!!!!!!!!!!!!!!!!!!!!!!!!!!!!!!!!!!!!!!!!!!!!!!!!!!!!!!!!!!!!!!!!!!!!!!!!!!!!!!!!!!!!!!!!!!
   
  PROCESS:          322   :   p p -->  W- Z -->  q q~ e- e+
    with leading order hadronic decay of one vector boson
   
  TOTAL result (LO):      130.32863180580438  +-    0.03831089589553 fb    0.02939560967126 %
  NLO virtual result:     158.06600750823864  +-    0.06521586196849 fb    0.04125862542906 %
  QCD real emission:       81.53155917033118  +-    0.09420850185596 fb    0.11554851006730 %
  TOTAL result (NLO):     239.59756667856982  +-    0.11457901410921 fb    0.04782144313799 %
  K-Factor:                  1.8384108185496888     
 !!!!!!!!!!!!!!!!!!!!!!!!!!!!!!!!!!!!!!!!!!!!!!!!!!!!!!!!!!!!!!!!!!!!!!!!!!!!!!!!!!!!!!!!!!!!!!!!!!!!!!!!
  
  
  Endtime: 2024-04-30T16:58:16+0200
  Runtime: 0:55:05 (3305 seconds)
