   
 -----------------------------------------------------------------
 VBFNLO, version 3.0.0 GIT 1571c2fe
 Comput. Phys. Commun. 180 (2009) 1661[arXiv:0811.4559 [hep-ph]]
 arXiV:1107.4038, arXiV:1207.4975, arXiv:1404.3940
 http://www.itp.kit.edu/vbfnlo
 -----------------------------------------------------------------
 Process-specific references (please cite as well if appropriate):
 T. Figy, C. Oleari, D. Zeppenfeld
 Phys. Rev. D68 (2003) 073005, e-Print: hep-ph/0306109
 T. Figy, S. Palmer, G. Weiglein
 JHEP 1202 (2012) 105, e-Print: arXiv:1012.4789 [hep-ph]
 
 -----------------------------------------------------------------
   
   
  
        Information on global parameters
 -----------------------------------------------
   PROCESS               =      100
   LOPROCESS_PLUS_JET    =        F
   KK_MOD                =        F
   ANOM_CPL              =        T
   LO_ITERATIONS         =        6
   NLO_ITERATIONS        =        6
   LO_POINTS             =       26
   NLO_POINTS            =       26
   NLO_SWITCH            =        T
   EWCOR_SWITCH          =        F
   FERMIONLOOP           =        3
   LHA_SWITCH            =        F
   HEPMC_SWITCH          =        F
   LO_GRID               = grid2_1                                           
   NLO_GRID              = grid3_1                                           
   PHTN_GRID             = grid4_1                                           
   FLOOP_GRID            = grid5_1                                           
   ECM                   =  13600.0    
   BEAM1                 =        1
   BEAM2                 =        1
   ID_MUF                =        1
   ID_MUR                =        1
   MUF_USER              =  100.000    
   MUR_USER              =  100.000    
   XIF                   =  1.00000    
   XIR                   =  1.00000    
 Warning: cannot read value for key = SHOWTIMING. Using default value :  T
 Warning: cannot read value for key = HSCHEME. Using default value :            0
 
       information on the selected process 
 -----------------------------------------------
 
  pp -> H jj
 
 Higgs + 2 jets production in vector boson fusion, without Higgs decay.
 Process is implemented at LO and NLO QCD.
 NLO electroweak corrections in the SM and MSSM are also implemented.
 The Q**2 of the produced Higgs is generated in the narrow width approximation.
 Anomalous coupling parameters can be set in "anom_HVV.dat".
 References: T. Figy, C. Oleari, D. Zeppenfeld
 Phys. Rev. D68 (2003) 073005, e-Print: hep-ph/0306109
 T. Figy, S. Palmer, G. Weiglein
 JHEP 1202 (2012) 105, e-Print: arXiv:1012.4789 [hep-ph]
 
             Information on PDF sets            
 -----------------------------------------------
 Initializing PDF set CT18
  
               Physics parameters
 -----------------------------------------------
   HTYPE                 =        0
   MODEL                 =        1
   ANOM_CPL              =        T
   KK_MOD                =        F
   SPIN2                 =        F
   HMASS                 =  125.000    
   HWIDTH                = -999.000    
   TOPMASS               =  172.500    
   BOTTOMMASS            =  4.85500    
   CHARMMASS             =  1.65000    
   TAU_MASS              =  1.77684    
   EWSCHEME              =        3
   FERMI_CONST           = 0.116637E-04
   WMASS                 =  80.3980    
   ZMASS                 =  91.1876    
   
 Running in the SM
   
 Higgs mass =   125.00000000000000     
   
   
 Higgs is produced on-shell
  
   Information on anomalous Higgs coupling parameters  
 ------------------------------------------------------
   PARAMETR1             =        T
   PARAMETR2             =        F
   PARAMETR3             =        F
   FORMFACTOR            =        T
   MASS_SCALE            =  200.000    
   FFAC                  =        2
   LAMBDA5               =  480.000    
   G5E_HWW               = -.182000    
   G5E_HZZ               = -.440000E-01
   G5E_HGG               =  0.00000    
   G5E_HGZ               = -.178000    
   G5O_HWW               =  0.00000    
   G5O_HZZ               =  0.00000    
   G5O_HGG               =  0.00000    
   G5O_HGZ               =  0.00000    
   TREEFACZ              =  1.00000    
   TREEFACW              =  1.00000    
   LOOPFAC               =  1.00000    
  
  
 Information on scale setting in InitScales 
 -------------------------------------------
  
 Dynamical factorization scale chosen:
         momentum transfer of W/Z  
 Dynamical value for alphas chosen:
 alphas = alpha(momentum transfer of W/Z)
  
  
   Information on couplings, masses and widths
 ===============================================
  
   SM coupling parameters 
 ---------------------------
   G_Fermi                         : 0.000011663700
   SIN**2 of the weak mixing angle : 0.22264585
   Q.E.D. fine structure constant  : 1/132.34070    
   SU(2) coupling constant g       : 0.65305673
   U(1) coupling constant g'       : 0.34950127
   Q.C.D. LO alfas(MZ)             : 0.12980813
   Q.C.D. NLO alfas(MZ)            : 0.11798159
  
      particle masses
 ---------------------------
   mass of the Z0 boson            :   91.1876
   mass of the W+/- boson          :   80.3980
   mass of the Higgs boson         :  125.0000
   mass of the top quark           :  172.5000
   mass of the bottom quark at MH  :    2.8039
  (All other fermions have mass equal ZERO)
  
      particle widths
 ---------------------------
   total widths of Z0              :   2.508420 GeV
   total widths of W+ or W-        :   2.097673 GeV
   total widths of Higgs           :   0.005525 GeV
   total widths of top quark       :   1.342520 GeV
  
  partial Higgs decay width 
 ---------------------------
   H -> WW                         : 0.904741D-03 GeV
   H -> ZZ                         : 0.203843D-03 GeV
   H -> bottom anti-bottom         : 0.242528D-02 GeV
   H -> top anti-top               : 0.000000D+00 GeV
   H -> charm anti-charm           : 0.144083D-03 GeV
   H -> tau anti-tau               : 0.258697D-03 GeV
   H -> mu anti-mu                 : 0.915856D-06 GeV
   H -> gluon gluon                : 0.332337D-03 GeV
   H -> gamma gamma                : 0.984047D-05 GeV
   H -> Z gamma                    : 0.124559D-02 GeV
  
     branching ratios
 ---------------------------
   W -> lepton anti-lepton         : 10.8397227 %
   W -> massless quark anti-quark  : 33.7404159 %
   W -> top bottom                 :  0.0000000 %
  
   Z -> neutrino anti-neutrino     :  6.6129820 %
   Z -> charged lepton anti-lepton :  3.3460763 %
   Z -> up-type quark anti-quark   : 11.9908090 %
   Z -> down-type quark anti-quark : 15.3804024 %
   Z -> top anti-top               :  0.0000000 %
  
   H -> WW                         : 16.3744432 %
   H -> ZZ                         :  3.6892506 %
   H -> bottom anti-bottom         : 43.8938738 %
   H -> top anti-top               :  0.0000000 %
   H -> charm anti-charm           :  2.6076789 %
   H -> tau anti-tau               :  4.6820262 %
   H -> mu anti-mu                 :  0.0165756 %
   H -> gluon gluon                :  6.0148073 %
   H -> gamma gamma                :  0.1780978 %
   H -> Z gamma                    : 22.5432466 %
  
 Warning: cannot read value for key = MLL_OSONLY. Using default value :  T
 Warning: cannot read value for key = PTMISS_MIN. Using default value :    0.0000000000000000     
 Warning: cannot read value for key = EXISOLCUT. Using default value :    1.0000000000000000     
 Warning: cannot read value for key = MJ_WINDOWV. Using default value :    0.0000000000000000     
 
          information on cut parameters
 -----------------------------------------------
 
 minimum jet pt        (PT_JET_MIN):     20.00    20.00    20.00   
 maximum jet rapidity                 (Y_JET_MAX):    4.5000000000000000     
 maximum parton pseudorapidity          (Y_P_MAX):    5.0000000000000000     
 minimum jet-jet R-separation           (RJJ_MIN):   0.80000000000000004     
 minimum number of jets                (NJET_MIN):            2
 single jet from hadronic decay (SINGLE_DECAYJET):            0
 exponent of generalised kT algorithm (PGENKTJET):    1.0000000000000000     
 minimum lepton-lepton R-separation     (RLL_MIN):    0.0000000000000000     
 maximum lepton-lepton R-separation     (RLL_MAX):    50.000000000000000     
 minimum jet-lepton R-separation        (RJL_MIN):    0.0000000000000000     
 minimum jet-photon R-separation        (RJG_MIN):    0.0000000000000000     
 minimum lepton-photon R-separation     (RLG_MIN):    0.0000000000000000     
 minimum photon-photon R-separation     (RGG_MIN):    0.0000000000000000     
 maximum photon-photon R-separation     (RGG_MAX):    50.000000000000000     
 maximum lepton rapidity                (Y_L_MAX):    2.5000000000000000     
 minimum lepton pt       (PT_L_MIN):    
 minimum invariant dilepton mass        (MLL_MIN):    15.000000000000000     
 maximum invariant dilepton mass        (MLL_MAX):    14000.000000000000     
 m_ll cuts only on opposite-sign l   (MLL_OSONLY):  T
 maximum photon rapidity                (Y_G_MAX):    1.5000000000000000     
 minimum photon pt       (PT_G_MIN):    
 photon isolation cut                 (PHISOLCUT):   0.69999999999999996     
 efficiency of photon isolation cut   (EFISOLCUT):    1.0000000000000000     
 exponent of photon isolation cut   (EXISOLCUT):    1.0000000000000000     
 minimum invariant lepton-photon mass   (MLG_MIN):    0.0000000000000000     
 maximum invariant lepton-photon mass   (MLG_MAX):    1.0000000000000000E+020
 minimal missing transverse momentum (PTMISS_MIN):    0.0000000000000000     
 minimum jet rapidity separation      (ETAJJ_MIN):    4.0000000000000000     
 tagging jets in opposite hemispheres     (YSIGN):    T
 leptons fall inside rapidity gap     (LRAPIDGAP):    T
 min leptons y-dist from tagging jets   (DELY_JL):    0.0000000000000000     
 photons fall inside rapidity gap     (GRAPIDGAP):    T
 min photons y-dist from tagging jets   (DELY_JG):    0.0000000000000000     
 dijet min mass cut on tag jets        (MDIJ_MIN):    600.00000000000000     
 dijet max mass cut on tag jets        (MDIJ_MAX):    14000.000000000000     
 excluded jet-m window               (MJ_WINDOWV):    85.792800000000000        85.792800000000000     
 veto criteria for jets                   (JVETO):    F
 minimum veto-tag y-dist             (DELY_JVETO):    0.0000000000000000     
 maximum |y| for veto jet             (YMAX_VETO):    5.0000000000000000     
 minimum pT for veto jet             (PTMIN_VETO):    10.000000000000000     
 
 
          information on technical cuts
 -----------------------------------------------
  
 Photon exchange with virtuality Q^2 <        4.0 GeV^2 is eliminated. 
  Recover by calculating  q gamma ---> q g V (V)   etc.
  

        phase space generator information  
 -----------------------------------------------

 boson  6 has mass 125.00 GeV and width  0.0055 GeV
 integration range for boson  6 =    124.171  to      125.829 GeV

 pTjmin =   20.0    20.0    20.0    20.0
 Ejmin  =    0.0     0.0     0.0     0.0
 yjmin  =    0.0     0.0     0.0     0.0
 yjmax  =    4.5     4.5     4.5     4.5
 infoj  =     -1      -1      -1      -1
 machine energy =    13600.0  GeV
 Minimal mom.transfer or mass for parton pair:   100.00 MeV

 -----------------------------------------------

  Open error on file random.dat
  Using default values.
  Random number generator initialized with seed =            0
 
          information on histogram config
 -----------------------------------------------
 
  Open error on file histograms.dat
  Using default values.
 SMEARING           =      T
 SMEAR_VALUE        =       0.10000000000000001     
 CALC_ERROR_GNUPLOT =      F
 CALC_ERROR_ROOT    =      F
 CALC_ERROR_1D      =      T
 CALC_ERROR_2D      =      F
 
HIST_ID1      =      0.00    250.00  # dS/dpT_j (fb/GeV)
HIST_ID2      =      0.00    500.00  # dS/dpTmax_j (fb/GeV)
HIST_ID3      =      0.00    200.00  # dS/dpTmin_j (fb/GeV)
HIST_ID4      =     -5.00      5.00  # dS/dy_j (fb)
HIST_ID5      =     -5.00      5.00  # dS/dy_j1 (fb)
HIST_ID6      =     -5.00      5.00  # dS/dy_j2 (fb)
HIST_ID7      =      0.00    500.00  # dS/dpTmax_l (fb/GeV)
HIST_ID8      =      0.00    200.00  # dS/dpTmin_l (fb/GeV)
HIST_ID9      =      0.00      5.00  # dS/d|eta|max_l (fb)
HIST_ID10     =      0.00      5.00  # dS/d|eta|min_l (fb)
HIST_ID11     =   -180.00    180.00  # dS/dPhi_jj (fb)
2DHIST_ID1    =      0.00      6.00      0.00    800.00  # d2S/dy_jj dm_jj (fb/GeV)
 
 -----------------------------------------------
 
Starttime: 2024-04-30T16:03:08+0200

 MONACO input parameters:
 ndim =  9,  ncall =       2M,   rtype = 0
 nprn =  0,  acc = -1.0E+0,  alph =  8.75E-1,  nd = 48,  mds =  0

 MONACO:  continuing with uniform grid
  
 Hjj amplitude square information:
 -----------------------------------------------
  
  External b-quark contributions are excluded

 iteration  1:
 integral =  1.257801E+03,  sigma = 2.142E+01
 efficacy = 2.261E-04,  raw efficacy = 2.261E-04
 f_positive = 3.909E-2,  f_zero = 9.609E-1,  f_negative = 0.000E+0
 accumulated statistics:
 integral =  1.257801E+03,  sigma = 2.142E+01,  chi^2/iteration = 4.547E-13

 MONACO:  grid written to file grid2_1.out.1

 MONACO input parameters:
 ndim =  9,  ncall =       4M,   rtype = 0
 nprn =  0,  acc = -1.0E+0,  alph =  8.75E-1,  nd = 48,  mds =  0

 iteration  2:
 integral =  1.256370E+03,  sigma = 2.098E+00
 efficacy = 9.688E-03,  raw efficacy = 1.753E-04
 f_positive = 2.161E-1,  f_zero = 7.839E-1,  f_negative = 0.000E+0
 accumulated statistics:
 integral =  1.256384E+03,  sigma = 2.088E+00,  chi^2/iteration = 4.417E+03

 MONACO:  grid written to file grid2_1.out.2

 MONACO input parameters:
 ndim =  9,  ncall =       8M,   rtype = 0
 nprn =  0,  acc = -1.0E+0,  alph =  8.75E-1,  nd = 48,  mds =  0

 iteration  3:
 integral =  1.257142E+03,  sigma = 7.715E-01
 efficacy = 2.894E-02,  raw efficacy = 1.599E-04
 f_positive = 3.915E-1,  f_zero = 6.085E-1,  f_negative = 0.000E+0
 accumulated statistics:
 integral =  1.257051E+03,  sigma = 7.237E-01,  chi^2/iteration = 1.206E-01

 MONACO:  grid written to file grid2_1.out.3

 MONACO input parameters:
 ndim =  9,  ncall =      16M,   rtype = 0
 nprn =  0,  acc = -1.0E+0,  alph =  8.75E-1,  nd = 48,  mds =  0

 iteration  4:
 integral =  1.258327E+03,  sigma = 4.284E-01
 efficacy = 2.576E-02,  raw efficacy = 1.583E-04
 f_positive = 4.746E-1,  f_zero = 5.254E-1,  f_negative = 0.000E+0
 accumulated statistics:
 integral =  1.257996E+03,  sigma = 3.687E-01,  chi^2/iteration = 1.211E+00

 MONACO:  grid written to file grid2_1.out.4

 MONACO input parameters:
 ndim =  9,  ncall =      32M,   rtype = 0
 nprn =  0,  acc = -1.0E+0,  alph =  8.75E-1,  nd = 48,  mds =  0

 iteration  5:
 integral =  1.258129E+03,  sigma = 2.842E-01
 efficacy = 2.909E-03,  raw efficacy = 1.597E-04
 f_positive = 5.128E-1,  f_zero = 4.872E-1,  f_negative = 0.000E+0
 accumulated statistics:
 integral =  1.258079E+03,  sigma = 2.251E-01,  chi^2/iteration = 8.346E-01

 MONACO:  grid written to file grid2_1.out.5

 MONACO input parameters:
 ndim =  9,  ncall =      64M,   rtype = 0
 nprn =  0,  acc = -1.0E+0,  alph =  8.75E-1,  nd = 48,  mds =  0

 iteration  6:
 integral =  1.258158E+03,  sigma = 1.986E-01
 efficacy = 2.391E-03,  raw efficacy = 1.574E-04
 f_positive = 5.333E-1,  f_zero = 4.667E-1,  f_negative = 0.000E+0
 accumulated statistics:
 integral =  1.258124E+03,  sigma = 1.489E-01,  chi^2/iteration = 6.432E-01

 MONACO:  grid written to file grid2_1.out.6
 
  result (LO):    1258.1238203402547       +-   0.14892953272006176       fb     1.1837430490727403E-002 %
 
   
 Initialising FF ..
   
 ====================================================
   FF 2.0, a package to evaluate one-loop integrals
 written by G. J. van Oldenborgh, NIKHEF-H, Amsterdam
 ====================================================
 for the algorithms used see preprint NIKHEF-H 89/17,
 'New Algorithms for One-loop Integrals', by G.J. van
 Oldenborgh and J.A.M. Vermaseren, published in 
 Zeitschrift fuer Physik C46(1990)425.
 ====================================================

 MONACO input parameters:
 ndim =  9,  ncall =      64M,   rtype = 0
 nprn =  0,  acc = -1.0E+0,  alph =  8.75E-1,  nd = 48,  mds =  0

 MONACO:  grid read from file grid2_1.out.6                                                                                                                                                                                                                                             

 iteration  1:
 integral =  1.093537E+03,  sigma = 1.725E-01
 efficacy = 2.000E-03,  raw efficacy = 1.516E-04
 f_positive = 5.451E-1,  f_zero = 4.549E-1,  f_negative = 0.000E+0
 accumulated statistics:
 integral =  1.093537E+03,  sigma = 1.725E-01,  chi^2/iteration = 0.000E+00

 MONACO:  grid written to file grid2_1.vout.1
  
  result for virtual contribution, no.            1
  sigma =    1093.5369792020629       +-   0.17251480366728308       fb  
  
 total result for virtual contns so far 
  sigma =    1093.5369792020629       +-   0.17251480366728308       fb
  
   
 Summary for FF ..
   
 
total number of errors and warnings
===================================
vbffferr: no errors
the warning system has been disabled
 

 MONACO input parameters:
 ndim = 12,  ncall =       2M,   rtype = 0
 nprn =  0,  acc = -1.0E+0,  alph =  8.75E-1,  nd = 48,  mds =  0

 MONACO:  continuing with uniform grid
  
 Hjjj amplitude square information:
 -----------------------------------------------
  
  External b-quark contributions are excluded
  
  creal =   -4.0797362673929065       cvirtual =   -3.7101318663035472     
  virt factor for alphas = 0.12 is   0.81104453988909386     

 iteration  1:
 integral =  2.284266E+02,  sigma = 2.518E+01
 efficacy = 9.673E-06,  raw efficacy = 9.673E-06
 f_positive = 6.293E-2,  f_zero = 8.982E-1,  f_negative = 3.890E-2
 accumulated statistics:
 integral =  2.284266E+02,  sigma = 2.518E+01,  chi^2/iteration = 0.000E+00

 MONACO:  grid written to file grid3_1.out.1

 MONACO input parameters:
 ndim = 12,  ncall =       4M,   rtype = 0
 nprn =  0,  acc = -1.0E+0,  alph =  8.75E-1,  nd = 48,  mds =  0

 iteration  2:
 integral =  2.487623E+02,  sigma = 3.255E+01
 efficacy = 1.891E-06,  raw efficacy = 1.540E-07
 f_positive = 1.297E-1,  f_zero = 8.117E-1,  f_negative = 5.852E-2
 accumulated statistics:
 integral =  2.360399E+02,  sigma = 1.991E+01,  chi^2/iteration = 2.442E+05

 MONACO:  grid written to file grid3_1.out.2

 MONACO input parameters:
 ndim = 12,  ncall =       8M,   rtype = 0
 nprn =  0,  acc = -1.0E+0,  alph =  8.75E-1,  nd = 48,  mds =  0

 iteration  3:
 integral =  2.276074E+02,  sigma = 7.456E+00
 efficacy = 4.247E-06,  raw efficacy = 6.446E-08
 f_positive = 1.862E-1,  f_zero = 7.354E-1,  f_negative = 7.836E-2
 accumulated statistics:
 integral =  2.286442E+02,  sigma = 6.983E+00,  chi^2/iteration = 4.015E-01

 MONACO:  grid written to file grid3_1.out.3

 MONACO input parameters:
 ndim = 12,  ncall =      16M,   rtype = 0
 nprn =  0,  acc = -1.0E+0,  alph =  8.75E-1,  nd = 48,  mds =  0

 iteration  4:
 integral =  2.183569E+02,  sigma = 2.434E+00
 efficacy = 1.202E-05,  raw efficacy = 1.292E-08
 f_positive = 2.207E-1,  f_zero = 6.831E-1,  f_negative = 9.619E-2
 accumulated statistics:
 integral =  2.194715E+02,  sigma = 2.298E+00,  chi^2/iteration = 1.168E+00

 MONACO:  grid written to file grid3_1.out.4

 MONACO input parameters:
 ndim = 12,  ncall =      32M,   rtype = 0
 nprn =  0,  acc = -1.0E+0,  alph =  8.75E-1,  nd = 48,  mds =  0

 iteration  5:
 integral =  2.156009E+02,  sigma = 1.053E+00
 efficacy = 3.634E-05,  raw efficacy = 8.539E-09
 f_positive = 2.329E-1,  f_zero = 6.659E-1,  f_negative = 1.011E-1
 accumulated statistics:
 integral =  2.162725E+02,  sigma = 9.574E-01,  chi^2/iteration = 1.560E+00

 MONACO:  grid written to file grid3_1.out.5

 MONACO input parameters:
 ndim = 12,  ncall =      64M,   rtype = 0
 nprn =  0,  acc = -1.0E+0,  alph =  8.75E-1,  nd = 48,  mds =  0

 iteration  6:
 integral =  2.171585E+02,  sigma = 6.061E-01
 efficacy = 3.886E-05,  raw efficacy = 3.263E-09
 f_positive = 2.445E-1,  f_zero = 6.514E-1,  f_negative = 1.041E-1
 accumulated statistics:
 integral =  2.169051E+02,  sigma = 5.121E-01,  chi^2/iteration = 1.323E+00

 MONACO:  grid written to file grid3_1.out.6
 
  result for real emissions 
  sigma =    216.90509507878957       +-   0.51208599029174207       fb
  
  
  final result at NLO 
  sigma =    1310.4420742808525       +-   0.54036415400860494       fb   4.1235256759070964E-002 %
 
   
 TOTAL VIRTUAL CONTRIBUTIONS:
 TOTAL borntype:
   1093.5369792020629       0.17251480366728308        1.5775854584557762E-002  %
  
  
  
 !!!!!!!!!!!!!!!!!!!!!!!!!!!!!!!!!!!!!!!!!!!!!!!!!!!!!!!!!!!!!!!!!!!!!!!!!!!!!!!!!!!!!!!!!!!!!!!!!!!!!!!!
   
  PROCESS:          100   :   p p --> H jj
    with anomalous couplings
   
  TOTAL result (LO):     1258.12382034025472  +-    0.14892953272006 fb    0.01183743049073 %
  NLO virtual result:    1093.53697920206287  +-    0.17251480366728 fb    0.01577585458456 %
  QCD real emission:      216.90509507878957  +-    0.51208599029174 fb    0.23608758019526 %
  TOTAL result (NLO):    1310.44207428085247  +-    0.54036415400860 fb    0.04123525675907 %
  K-Factor:                  1.0415843441597414     
 !!!!!!!!!!!!!!!!!!!!!!!!!!!!!!!!!!!!!!!!!!!!!!!!!!!!!!!!!!!!!!!!!!!!!!!!!!!!!!!!!!!!!!!!!!!!!!!!!!!!!!!!
  
  
  Endtime: 2024-04-30T21:23:03+0200
  Runtime: 5:19:54 (19194 seconds)
