   
 -----------------------------------------------------------------
 VBFNLO, version 3.0.0 beta0 svn 7628
 Comput. Phys. Commun. 180 (2009) 1661[arXiv:0811.4559 [hep-ph]]
 arXiV:1107.4038, arXiV:1207.4975, arXiv:1404.3940
 http://www.itp.kit.edu/vbfnlo
 -----------------------------------------------------------------
 Process-specific references (please cite as well if appropriate):
 R. Roth diploma thesis
 e-Print: http://www.itp.kit.edu/prep/diploma/PSFiles/Diplom_Roth.pdf
 
 -----------------------------------------------------------------
   
   
   
 Initialising LoopTools ..
   
 ====================================================
   FF 2.0, a package to evaluate one-loop integrals
 written by G. J. van Oldenborgh, NIKHEF-H, Amsterdam
 ====================================================
 for the algorithms used see preprint NIKHEF-H 89/17,
 'New Algorithms for One-loop Integrals', by G.J. van
 Oldenborgh and J.A.M. Vermaseren, published in 
 Zeitschrift fuer Physik C46(1990)425.
 ====================================================
  
        Information on global parameters
 -----------------------------------------------
   PROCESS               =     1630
   LOPROCESS_PLUS_JET    =        F
   KK_MOD                =        F
   ANOM_CPL              =        F
   LEPTONS               =    12  -11
   LO_ITERATIONS         =        4
   NLO_ITERATIONS        =        6
   LO_POINTS             =       25
   NLO_POINTS            =       27
   NLO_SWITCH            =        T
   EWCOR_SWITCH          =        F
   FERMIONLOOP           =        3
   LHA_SWITCH            =        F
   HEPMC_SWITCH          =        F
   LO_GRID               = grid2_1                                           
   NLO_GRID              = grid3_1                                           
   PHTN_GRID             = grid4_1                                           
   FLOOP_GRID            = grid5_1                                           
   ECM                   =  14000.0    
   BEAM1                 =        1
   BEAM2                 =        1
   ID_MUF                =        0
   ID_MUR                =        0
   MUF_USER              =  91.1876    
   MUR_USER              =  91.1876    
   XIF                   =  1.00000    
   XIR                   =  1.00000    
 
       information on the selected process 
 -----------------------------------------------
 
  pp -> W+ j -> l+ vl j
 
 W+ j production with decay to l+ vl.
 Process is implemented at LO and NLO QCD.
 References: R. Roth diploma thesis
 e-Print: http://www.itp.kit.edu/prep/diploma/PSFiles/Diplom_Roth.pdf
 
 Initializing PDF set CT10
  
               Physics parameters
 -----------------------------------------------
   HTYPE                 =        0
   MODEL                 =        1
   ANOM_CPL              =        F
   KK_MOD                =        F
   SPIN2                 =        F
   HMASS                 =  126.000    
   HWIDTH                = -999.000    
   TOPMASS               =  172.400    
   BOTTOMMASS            =  4.85500    
   CHARMMASS             =  1.65000    
   TAU_MASS              =  1.77684    
   EWSCHEME              =        3
   FERMI_CONST           = 0.116637E-04
   WMASS                 =  80.3980    
   ZMASS                 =  91.1876    
   
 Running in the SM
   
 Higgs mass =   126.00000000000000     
   
  
 Information on scale setting in InitScales 
 -------------------------------------------
  
 Constant factorization scale chosen: mu_F =   91.187600000000003       GeV 
 Constant value for alphas chosen: alphas(NLO) =  0.11798158748829392     
 Initializing PDF set cteq6l1
  
  
 Constant value for alphas chosen: alphas(LO) =  0.12980813411832592     
  
  
   Information on couplings, masses and widths
 ===============================================
  
   SM coupling parameters 
 ---------------------------
   G_Fermi                         : 0.000011663700
   SIN**2 of the weak mixing angle : 0.22264585
   Q.E.D. fine structure constant  : 1/132.34070    
   SU(2) coupling constant g       : 0.65305673
   U(1) coupling constant g'       : 0.34950127
   Q.C.D. LO alfas(MZ)             : 0.12980813
   Q.C.D. NLO alfas(MZ)            : 0.11798159
  
      particle masses
 ---------------------------
   mass of the Z0 boson            :   91.1876
   mass of the W+/- boson          :   80.3980
   mass of the Higgs boson         :  126.0000
   mass of the top quark           :  172.4000
   mass of the bottom quark at MH  :    2.8020
  (All other fermions have mass equal ZERO)
  
      particle widths
 ---------------------------
   total widths of Z0              :   2.508420 GeV
   total widths of W+ or W-        :   2.097673 GeV
   total widths of Higgs           :   0.004277 GeV
   total widths of top quark       :   1.339784 GeV
  
     branching ratios
 ---------------------------
   W -> lepton anti-lepton         : 10.8397227 %
   W -> massless quark anti-quark  : 33.7404159 %
   W -> top bottom                 :  0.0000000 %
  
   Z -> neutrino anti-neutrino     :  6.6129820 %
   Z -> charged lepton anti-lepton :  3.3460763 %
   Z -> up-type quark anti-quark   : 11.9908090 %
   Z -> down-type quark anti-quark : 15.3804024 %
   Z -> top anti-top               :  0.0000000 %
  
   H -> WW                         : 22.0125356 %
   H -> ZZ                         :  3.0338266 %
   H -> bottom anti-bottom         : 57.0764080 %
   H -> top anti-top               :  0.0000000 %
   H -> charm anti-charm           :  3.3908342 %
   H -> tau anti-tau               :  6.0977649 %
   H -> mu anti-mu                 :  0.0215873 %
   H -> gluon gluon                :  7.9592311 %
   H -> gamma gamma                :  0.2380229 %
   H -> Z gamma                    :  0.1697893 %
  
 Warning: cannot read value for key = MLL_OSONLY. Using default value :  T
 Warning: cannot read value for key = PTMISS_MIN. Using default value :    0.0000000000000000     
 
          information on cut parameters
 -----------------------------------------------
 
 minimum jet pt        (PT_JET_MIN):     30.00    30.00   
 maximum jet rapidity                 (Y_JET_MAX):    4.5000000000000000     
 maximum parton pseudorapidity          (Y_P_MAX):    10.000000000000000     
 minimum jet-jet R-separation           (RJJ_MIN):   0.80000000000000004     
 minimum number of jets                (NJET_MIN):            1
 single jet from hadronic decay (SINGLE_DECAYJET):            0
 exponent of generalised kT algorithm (PGENKTJET):    1.0000000000000000     
 minimum lepton-lepton R-separation     (RLL_MIN):   0.40000000000000002     
 maximum lepton-lepton R-separation     (RLL_MAX):    50.000000000000000     
 minimum jet-lepton R-separation        (RJL_MIN):   0.59999999999999998     
 minimum jet-photon R-separation        (RJG_MIN):   0.59999999999999998     
 minimum lepton-photon R-separation     (RLG_MIN):   0.59999999999999998     
 minimum photon-photon R-separation     (RGG_MIN):   0.40000000000000002     
 maximum photon-photon R-separation     (RGG_MAX):    50.000000000000000     
 maximum lepton rapidity                (Y_L_MAX):    2.5000000000000000     
 minimum lepton pt       (PT_L_MIN):     20.00   
 minimum invariant dilepton mass        (MLL_MIN):    15.000000000000000     
 maximum invariant dilepton mass        (MLL_MAX):    1.0000000000000000E+020
 m_ll cuts only on opposite-sign l   (MLL_OSONLY):  T
 maximum photon rapidity                (Y_G_MAX):    2.5000000000000000     
 minimum photon pt       (PT_G_MIN):    
 photon isolation cut                 (PHISOLCUT):   0.69999999999999996     
 efficiency of photon isolation cut   (EFISOLCUT):    1.0000000000000000     
 minimum invariant lepton-photon mass   (MLG_MIN):    0.0000000000000000     
 maximum invariant lepton-photon mass   (MLG_MAX):    1.0000000000000000E+020
 minimal missing transverse momentum (PTMISS_MIN):    0.0000000000000000     
 minimum jet rapidity separation      (ETAJJ_MIN):    0.0000000000000000     
 tagging jets in opposite hemispheres     (YSIGN):    F
 leptons fall inside rapidity gap     (LRAPIDGAP):    F
 min leptons y-dist from tagging jets   (DELY_JL):    0.0000000000000000     
 photons fall inside rapidity gap     (GRAPIDGAP):    F
 min photons y-dist from tagging jets   (DELY_JG):    0.0000000000000000     
 dijet min mass cut on tag jets        (MDIJ_MIN):    600.00000000000000     
 dijet max mass cut on tag jets        (MDIJ_MAX):    1.0000000000000000E+020
 veto criteria for jets                   (JVETO):    F
 minimum veto-tag y-dist             (DELY_JVETO):    0.0000000000000000     
 maximum |y| for veto jet             (YMAX_VETO):    4.5000000000000000     
 minimum pT for veto jet             (PTMIN_VETO):    50.000000000000000     
 

 --------------------PHASE SPACE Vj------------------

 boson has mass    80.40 GeV and width     2.0977 GeV
 integration range for boson   3 =      0.032  to     9899.495 GeV

 machine energy =    14000.0  GeV

 ---------------------------------------------------

  Random number generator initialized with seed =            0
 
          information on histogram config
 -----------------------------------------------
 
 SMEARING           =      T
 SMEAR_VALUE        =       0.20000000000000001     
 CALC_ERROR_GNUPLOT =      F
 CALC_ERROR_ROOT    =      F
 CALC_ERROR_1D      =      T
 CALC_ERROR_2D      =      F
 
HIST_ID1      =      0.00    250.00  # dS/dpT_j (fb/GeV)
HIST_ID2      =      0.00    500.00  # dS/dpTmax_j (fb/GeV)
HIST_ID3      =      0.00    200.00  # dS/dpTmin_j (fb/GeV)
HIST_ID4      =     -5.00      5.00  # dS/dy_j (fb)
HIST_ID5      =     -5.00      5.00  # dS/dy_j1 (fb)
HIST_ID6      =     -5.00      5.00  # dS/dy_j2 (fb)
HIST_ID7      =      0.00    500.00  # dS/dpTmax_l (fb/GeV)
HIST_ID8      =      0.00    200.00  # dS/dpTmin_l (fb/GeV)
HIST_ID9      =      0.00      5.00  # dS/d|eta|max_l (fb)
HIST_ID10     =      0.00      5.00  # dS/d|eta|min_l (fb)
HIST_ID11     =   -180.00    180.00  # dS/dPhi_jj (fb)
2DHIST_ID1    =      0.00      6.00      0.00    800.00  # d2S/dy_jj dm_jj (fb/GeV)
 
 -----------------------------------------------
 
 
 

 MONACO input parameters:
 ndim =  6,  ncall =       4M,   rtype = 0
 nprn =  0,  acc = -1.0E+0,  alph = 8.75E-1,  nd = 48,  mds =  0

 MONACO:  continuing with uniform grid
  
 W+j amplitude square information:
 --------------------------------------------
  
  External b-quark contributions are excluded

 iteration  1:
 integral =  8.992847E+05,  sigma = 1.800E+03
 efficacy = 1.930E-02,  raw efficacy = 1.930E-02
 f_positive = 1.631E-1,  f_zero = 8.369E-1,  f_negative = 0.000E+0
 accumulated statistics:
 integral =  8.992847E+05,  sigma = 1.800E+03,  chi^2/iteration = 5.821E-11

 MONACO:  grid written to file grid2_1.out.1

 MONACO input parameters:
 ndim =  6,  ncall =       8M,   rtype = 0
 nprn =  0,  acc = -1.0E+0,  alph = 8.75E-1,  nd = 48,  mds =  0

 iteration  2:
 integral =  9.022507E+05,  sigma = 5.415E+02
 efficacy = 7.405E-02,  raw efficacy = 1.929E-02
 f_positive = 3.670E-1,  f_zero = 6.330E-1,  f_negative = 0.000E+0
 accumulated statistics:
 integral =  9.020044E+05,  sigma = 5.185E+02,  chi^2/iteration = 2.491E+06

 MONACO:  grid written to file grid2_1.out.2

 MONACO input parameters:
 ndim =  6,  ncall =      16M,   rtype = 0
 nprn =  0,  acc = -1.0E+0,  alph = 8.75E-1,  nd = 48,  mds =  0

 iteration  3:
 integral =  9.014276E+05,  sigma = 2.817E+02
 efficacy = 6.020E-02,  raw efficacy = 1.933E-02
 f_positive = 4.641E-1,  f_zero = 5.359E-1,  f_negative = 0.000E+0
 accumulated statistics:
 integral =  9.015590E+05,  sigma = 2.475E+02,  chi^2/iteration = 3.446E+00

 MONACO:  grid written to file grid2_1.out.3

 MONACO input parameters:
 ndim =  6,  ncall =      32M,   rtype = 0
 nprn =  0,  acc = -1.0E+0,  alph = 8.75E-1,  nd = 48,  mds =  0
  random number setting in monaco saved 

 iteration  4:
 integral =  9.018231E+05,  sigma = 1.768E+02
 efficacy = 2.656E-02,  raw efficacy = 1.928E-02
 f_positive = 5.105E-1,  f_zero = 4.895E-1,  f_negative = 0.000E+0
 accumulated statistics:
 integral =  9.017339E+05,  sigma = 1.438E+02,  chi^2/iteration = 2.100E+00

 MONACO:  grid written to file grid2_1.out.4
 
  result (LO):    901733.89202920825       +-    143.84361135236071       fb     1.5951891419836026E-002 %
 
   
 Initialising FF ..
   
 ====================================================
   FF 2.0, a package to evaluate one-loop integrals
 written by G. J. van Oldenborgh, NIKHEF-H, Amsterdam
 ====================================================
 for the algorithms used see preprint NIKHEF-H 89/17,
 'New Algorithms for One-loop Integrals', by G.J. van
 Oldenborgh and J.A.M. Vermaseren, published in 
 Zeitschrift fuer Physik C46(1990)425.
 ====================================================
 ====================================================
   FF 2.0, a package to evaluate one-loop integrals
 written by G. J. van Oldenborgh, NIKHEF-H, Amsterdam
 ====================================================
 for the algorithms used see preprint NIKHEF-H 89/17,
 'New Algorithms for One-loop Integrals', by G.J. van
 Oldenborgh and J.A.M. Vermaseren, published in 
 Zeitschrift fuer Physik C46(1990)425.
 ====================================================
 Initializing PDF set CT10

 MONACO input parameters:
 ndim =  6,  ncall =      32M,   rtype = 0
 nprn =  0,  acc = -1.0E+0,  alph = 8.75E-1,  nd = 48,  mds =  0

 MONACO:  grid read from file grid2_1.out.4                                                                                                                                                                                                                                             

 iteration  1:
 integral =  8.355549E+05,  sigma = 1.523E+02
 efficacy = 1.470E-02,  raw efficacy = 2.285E-02
 f_positive = 5.339E-1,  f_zero = 4.661E-1,  f_negative = 0.000E+0
 accumulated statistics:
 integral =  8.355549E+05,  sigma = 1.523E+02,  chi^2/iteration = 3.725E-09

 MONACO:  grid written to file grid2_1.vout.1
  
  result for virtual contribution, no.            1
  sigma =    835554.85728607455       +-    152.33327812210209       fb  
  
 total result for virtual contns so far 
  sigma =    835554.85728607455       +-    152.33327812210209       fb
  

 MONACO input parameters:
 ndim =  6,  ncall =       8M,   rtype = 0
 nprn =  0,  acc = -1.0E+0,  alph = 8.75E-1,  nd = 48,  mds =  0

 MONACO:  grid read from file grid2_1.out.4                                                                                                                                                                                                                                             

 iteration  1:
 integral =  5.787540E+04,  sigma = 5.080E+01
 efficacy = 2.994E-03,  raw efficacy = 8.268E-03
 f_positive = 4.060E-1,  f_zero = 4.663E-1,  f_negative = 1.277E-1
 accumulated statistics:
 integral =  5.787540E+04,  sigma = 5.080E+01,  chi^2/iteration = 0.000E+00

 MONACO:  grid written to file grid2_1.vout.2
  
  result for virtual contribution, no.            2
  sigma =    57875.403202635775       +-    50.797360296017402       fb  
  
 total result for virtual contns so far 
  sigma =    893430.26048871037       +-    160.57957353433565       fb
  
   
 Summary for FF ..
   
 
total number of errors and warnings
===================================
vbffferr: no errors
the warning system has been disabled
 
 vbfquadffopen: error: could not open /itp/scratch/rauch/vbfquadnlotest/binaryrelease30/share/VBFNLO/ff/fferr.dat                                                     
         adjust path in vbfquadffopen (vbfquadffinit.f)
vbfquadfferr:  warning cannot open fferr.dat with error texts
 
total number of errors and warnings
===================================
vbfquadfferr: no errors
the warning system has been disabled
 

 MONACO input parameters:
 ndim =  9,  ncall =       4M,   rtype = 0
 nprn =  0,  acc = -1.0E+0,  alph = 8.75E-1,  nd = 48,  mds =  0

 MONACO:  continuing with uniform grid
  
 W+jj amplitude square information:
 ---------------------------------------------
  
  External b-quark contributions are included

 iteration  1:
 integral =  3.134497E+05,  sigma = 1.193E+04
 efficacy = 1.914E-05,  raw efficacy = 1.914E-05
 f_positive = 1.602E-1,  f_zero = 7.000E-1,  f_negative = 1.399E-1
 accumulated statistics:
 integral =  3.134497E+05,  sigma = 1.193E+04,  chi^2/iteration = 0.000E+00

 MONACO:  grid written to file grid3_1.out.1

 MONACO input parameters:
 ndim =  9,  ncall =       8M,   rtype = 0
 nprn =  0,  acc = -1.0E+0,  alph = 8.75E-1,  nd = 48,  mds =  0

 iteration  2:
 integral =  3.259299E+05,  sigma = 4.081E+03
 efficacy = 2.526E-05,  raw efficacy = 8.775E-07
 f_positive = 3.134E-1,  f_zero = 4.940E-1,  f_negative = 1.926E-1
 accumulated statistics:
 integral =  3.246220E+05,  sigma = 3.861E+03,  chi^2/iteration = 9.803E+05

 MONACO:  grid written to file grid3_1.out.2

 MONACO input parameters:
 ndim =  9,  ncall =      16M,   rtype = 0
 nprn =  0,  acc = -1.0E+0,  alph = 8.75E-1,  nd = 48,  mds =  0

 iteration  3:
 integral =  3.289132E+05,  sigma = 1.544E+03
 efficacy = 7.479E-05,  raw efficacy = 2.815E-07
 f_positive = 3.874E-1,  f_zero = 4.010E-1,  f_negative = 2.117E-1
 accumulated statistics:
 integral =  3.283216E+05,  sigma = 1.434E+03,  chi^2/iteration = 2.045E+00

 MONACO:  grid written to file grid3_1.out.3

 MONACO input parameters:
 ndim =  9,  ncall =      32M,   rtype = 0
 nprn =  0,  acc = -1.0E+0,  alph = 8.75E-1,  nd = 48,  mds =  0

 iteration  4:
 integral =  3.269596E+05,  sigma = 9.277E+02
 efficacy = 4.890E-05,  raw efficacy = 6.547E-08
 f_positive = 4.071E-1,  f_zero = 3.846E-1,  f_negative = 2.083E-1
 accumulated statistics:
 integral =  3.273616E+05,  sigma = 7.788E+02,  chi^2/iteration = 1.341E+00

 MONACO:  grid written to file grid3_1.out.4

 MONACO input parameters:
 ndim =  9,  ncall =      64M,   rtype = 0
 nprn =  0,  acc = -1.0E+0,  alph = 8.75E-1,  nd = 48,  mds =  0

 iteration  5:
 integral =  3.285353E+05,  sigma = 5.845E+02
 efficacy = 5.477E-05,  raw efficacy = 3.401E-08
 f_positive = 4.080E-1,  f_zero = 3.890E-1,  f_negative = 2.029E-1
 accumulated statistics:
 integral =  3.281123E+05,  sigma = 4.675E+02,  chi^2/iteration = 1.378E+00

 MONACO:  grid written to file grid3_1.out.5

 MONACO input parameters:
 ndim =  9,  ncall =     128M,   rtype = 0
 nprn =  0,  acc = -1.0E+0,  alph = 8.75E-1,  nd = 48,  mds =  0

 iteration  6:
 integral =  3.277811E+05,  sigma = 3.896E+02
 efficacy = 4.290E-05,  raw efficacy = 5.882E-08
 f_positive = 4.111E-1,  f_zero = 3.933E-1,  f_negative = 1.956E-1
 accumulated statistics:
 integral =  3.279169E+05,  sigma = 2.993E+02,  chi^2/iteration = 1.108E+00

 MONACO:  grid written to file grid3_1.out.6
 
  result for real emissions 
  sigma =    327916.88993796200       +-    299.30956573994297       fb
  
 
total number of errors and warnings
===================================
fferr: no errors
 
  
  final result at NLO 
  sigma =    1221347.1504266723       +-    339.66456332667724       fb   2.7810648529209479E-002 %
 
   
 TOTAL VIRTUAL CONTRIBUTIONS:
 TOTAL borntype:
   835554.85728607455        152.33327812210209        1.8231391606876472E-002  %
 TOTAL boxes:
   57875.403202635775        50.797360296017402        8.7770205450083114E-002  %
  
  created GNUplot file for histograms : histograms.gp                                     
  
  
 !!!!!!!!!!!!!!!!!!!!!!!!!!!!!!!!!!!!!!!!!!!!!!!!!!!!!!!!!!!!!!!!!!!!!!!!!!!!!!!!!!!!!!!!!!!!!!!!!!!!!!!!
     VBFNLO 3.0.0 beta0 svn 7628
   
  PROCESS:         1630   :   p p -->  W+ j -->  ve e+ j
   
  TOTAL result (LO):          901733.89202920825       +-    143.84361135236071       fb     1.5951891419836026E-002 %
  NLO virtual result:         893430.26048871037       +-    160.57957353433565       fb     1.7973375274584712E-002 %
  QCD real emission:          327916.88993796200       +-    299.30956573994297       fb     9.1276044303960316E-002 %
  TOTAL result (NLO):         1221347.1504266723       +-    339.66456332667724       fb     2.7810648529209479E-002 %
  K-Factor:                   1.3544429916881857     
 !!!!!!!!!!!!!!!!!!!!!!!!!!!!!!!!!!!!!!!!!!!!!!!!!!!!!!!!!!!!!!!!!!!!!!!!!!!!!!!!!!!!!!!!!!!!!!!!!!!!!!!!
  
  
