   
 -----------------------------------------------------------------
 VBFNLO, version 3.0.0 GIT 1571c2fe
 Comput. Phys. Commun. 180 (2009) 1661[arXiv:0811.4559 [hep-ph]]
 arXiV:1107.4038, arXiV:1207.4975, arXiv:1404.3940
 http://www.itp.kit.edu/vbfnlo
 -----------------------------------------------------------------
 Process-specific references (please cite as well if appropriate):
 F. Campanario, M. Kerner, Le Duc Ninh, D. Zeppenfeld
 Eur.Phys.J. C74 (2014) 2882, e-Print: arXiv:1402.0505
 
 -----------------------------------------------------------------
   
   
  
        Information on global parameters
 -----------------------------------------------
   PROCESS               =     3270
   LOPROCESS_PLUS_JET    =        F
   KK_MOD                =        F
   ANOM_CPL              =        F
   LEPTONS               =   -11   12
   LO_ITERATIONS         =        1
   NLO_ITERATIONS        =        1
   LO_POINTS             =       10
   NLO_POINTS            =       10
   NLO_SWITCH            =        T
   EWCOR_SWITCH          =        F
   FERMIONLOOP           =        3
   LHA_SWITCH            =        F
   HEPMC_SWITCH          =        F
   LO_GRID               = grid2_1                                           
                           grid2_2                                           
   NLO_GRID              = grid3_1                                           
                           grid3_2                                           
   PHTN_GRID             = grid4_1                                           
                           grid4_2                                           
   FLOOP_GRID            = grid5_1                                           
                           grid5_2                                           
   ECM                   =  13600.0    
   BEAM1                 =        1
   BEAM2                 =        1
   ID_MUF                =       10
   ID_MUR                =       10
   MUF_USER              =  100.000    
   MUR_USER              =  100.000    
   XIF                   =  1.00000    
   XIR                   =  1.00000    
 Warning: cannot read value for key = SHOWTIMING. Using default value :  T
 
       information on the selected process 
 -----------------------------------------------
 
  pp -> W+ A jj -> l+ vl A jj
 
 QCD induced W+ A + 2 jets production with fully leptonic decay of the W.
 Process is implemented at LO and NLO QCD.
 References: F. Campanario, M. Kerner, Le Duc Ninh, D. Zeppenfeld
 Eur.Phys.J. C74 (2014) 2882, e-Print: arXiv:1402.0505
 
             Information on PDF sets            
 -----------------------------------------------
 Initializing PDF set CT18
  
               Physics parameters
 -----------------------------------------------
   HTYPE                 =        0
   MODEL                 =        1
   ANOM_CPL              =        F
   KK_MOD                =        F
   SPIN2                 =        F
   HMASS                 =  125.000    
   HWIDTH                = -999.000    
   TOPMASS               =  172.500    
   BOTTOMMASS            =  4.85500    
   CHARMMASS             =  1.65000    
   TAU_MASS              =  1.77684    
   EWSCHEME              =        3
   FERMI_CONST           = 0.116637E-04
   WMASS                 =  80.3850    
   ZMASS                 =  91.1876    
   
 Running in the SM
   
 Higgs mass =   125.00000000000000     
   
   
  
 Information on scale setting in InitScales 
 -------------------------------------------
  
 Dynamical factorization scale chosen:
       mu_F = ( ET(jj) + ET(VV) )/2
 Dynamical renormalization scale chosen:
       mu_R = ( ET(jj) + ET(VV) )/2
  
  
   Information on couplings, masses and widths
 ===============================================
  
   SM coupling parameters 
 ---------------------------
   G_Fermi                         : 0.000011663700
   SIN**2 of the weak mixing angle : 0.22289722
   Q.E.D. fine structure constant  : 1/132.23422    
   SU(2) coupling constant g       : 0.65295113
   U(1) coupling constant g'       : 0.34969851
   Q.C.D. LO alfas(MZ)             : 0.12980813
   Q.C.D. NLO alfas(MZ)            : 0.11798159
  
      particle masses
 ---------------------------
   mass of the Z0 boson            :   91.1876
   mass of the W+/- boson          :   80.3850
   mass of the Higgs boson         :  125.0000
   mass of the top quark           :  172.5000
   mass of the bottom quark at MH  :    2.8039
  (All other fermions have mass equal ZERO)
  
      particle widths
 ---------------------------
   total widths of Z0              :   2.507719 GeV
   total widths of W+ or W-        :   2.096656 GeV
   total widths of Higgs           :   0.004129 GeV
   total widths of top quark       :   1.342630 GeV
  
     branching ratios
 ---------------------------
   W -> lepton anti-lepton         : 10.8397227 %
   W -> massless quark anti-quark  : 33.7404159 %
   W -> top bottom                 :  0.0000000 %
  
   Z -> neutrino anti-neutrino     :  6.6148291 %
   Z -> charged lepton anti-lepton :  3.3462865 %
   Z -> up-type quark anti-quark   : 11.9885556 %
   Z -> down-type quark anti-quark : 15.3798474 %
   Z -> top anti-top               :  0.0000000 %
  
   H -> WW                         : 20.4852746 %
   H -> ZZ                         :  2.5379793 %
   H -> bottom anti-bottom         : 58.7324431 %
   H -> top anti-top               :  0.0000000 %
   H -> charm anti-charm           :  3.4892193 %
   H -> tau anti-tau               :  6.2648113 %
   H -> mu anti-mu                 :  0.0221791 %
   H -> gluon gluon                :  8.0481465 %
   H -> gamma gamma                :  0.2387379 %
   H -> Z gamma                    :  0.1812089 %
  
 Warning: cannot read value for key = EXISOLCUT. Using default value :    1.0000000000000000     
 Warning: cannot read value for key = MJ_WINDOWV. Using default value :    0.0000000000000000     
 
          information on cut parameters
 -----------------------------------------------
 
 minimum jet pt        (PT_JET_MIN):     20.00    20.00    20.00   
 maximum jet rapidity                 (Y_JET_MAX):    4.5000000000000000     
 maximum parton pseudorapidity          (Y_P_MAX):    5.0000000000000000     
 minimum jet-jet R-separation           (RJJ_MIN):   0.40000000000000002     
 minimum number of jets                (NJET_MIN):            2
 single jet from hadronic decay (SINGLE_DECAYJET):            0
 exponent of generalised kT algorithm (PGENKTJET):   -1.0000000000000000     
 minimum lepton-lepton R-separation     (RLL_MIN):   0.40000000000000002     
 maximum lepton-lepton R-separation     (RLL_MAX):    50.000000000000000     
 minimum jet-lepton R-separation        (RJL_MIN):   0.40000000000000002     
 minimum jet-photon R-separation        (RJG_MIN):   0.69999999999999996     
 minimum lepton-photon R-separation     (RLG_MIN):   0.40000000000000002     
 minimum photon-photon R-separation     (RGG_MIN):   0.59999999999999998     
 maximum photon-photon R-separation     (RGG_MAX):    50.000000000000000     
 maximum lepton rapidity                (Y_L_MAX):    2.5000000000000000     
 minimum lepton pt       (PT_L_MIN):     20.00   
 minimum invariant dilepton mass        (MLL_MIN):    15.000000000000000     
 maximum invariant dilepton mass        (MLL_MAX):    1.0000000000000000E+020
 m_ll cuts only on opposite-sign l   (MLL_OSONLY):  T
 maximum photon rapidity                (Y_G_MAX):    2.5000000000000000     
 minimum photon pt       (PT_G_MIN):     30.00   
 photon isolation cut                 (PHISOLCUT):   0.69999999999999996     
 efficiency of photon isolation cut   (EFISOLCUT):    1.0000000000000000     
 exponent of photon isolation cut   (EXISOLCUT):    1.0000000000000000     
 minimum invariant lepton-photon mass   (MLG_MIN):    0.0000000000000000     
 maximum invariant lepton-photon mass   (MLG_MAX):    1.0000000000000000E+020
 minimal missing transverse momentum (PTMISS_MIN):    30.000000000000000     
 minimum jet rapidity separation      (ETAJJ_MIN):    0.0000000000000000     
 tagging jets in opposite hemispheres     (YSIGN):    F
 leptons fall inside rapidity gap     (LRAPIDGAP):    F
 min leptons y-dist from tagging jets   (DELY_JL):    0.0000000000000000     
 photons fall inside rapidity gap     (GRAPIDGAP):    F
 min photons y-dist from tagging jets   (DELY_JG):    0.0000000000000000     
 dijet min mass cut on tag jets        (MDIJ_MIN):    0.0000000000000000     
 dijet max mass cut on tag jets        (MDIJ_MAX):    1.0000000000000000E+020
 excluded jet-m window               (MJ_WINDOWV):    85.786300000000011        85.786300000000011     
 veto criteria for jets                   (JVETO):    F
 minimum veto-tag y-dist             (DELY_JVETO):    0.0000000000000000     
 maximum |y| for veto jet             (YMAX_VETO):    4.5000000000000000     
 minimum pT for veto jet             (PTMIN_VETO):    50.000000000000000     
 

 --------------------PHASE SPACE--------------------

 boson has mass    80.39 GeV and width     2.0967 GeV
 integration range for boson   3 =      0.032  to     9616.652 GeV
 boson has mass     0.00 GeV and width     0.0000 GeV
 integration range for boson   1 =      0.032  to     9616.652 GeV

 machine energy =    13600.0  GeV

 configuration   0

 ---------------------------------------------------

  Open error on file random.dat
  Using default values.
  Random number generator initialized with seed =            0
 
          information on histogram config
 -----------------------------------------------
 
  Open error on file histograms.dat
  Using default values.
 SMEARING           =      T
 SMEAR_VALUE        =       0.10000000000000001     
 CALC_ERROR_GNUPLOT =      F
 CALC_ERROR_ROOT    =      F
 CALC_ERROR_1D      =      T
 CALC_ERROR_2D      =      F
 
HIST_ID1      =      0.00    250.00  # dS/dpT_j (fb/GeV)
HIST_ID2      =      0.00    500.00  # dS/dpTmax_j (fb/GeV)
HIST_ID3      =      0.00    200.00  # dS/dpTmin_j (fb/GeV)
HIST_ID4      =     -5.00      5.00  # dS/dy_j (fb)
HIST_ID5      =     -5.00      5.00  # dS/dy_j1 (fb)
HIST_ID6      =     -5.00      5.00  # dS/dy_j2 (fb)
HIST_ID7      =      0.00    500.00  # dS/dpTmax_l (fb/GeV)
HIST_ID8      =      0.00    200.00  # dS/dpTmin_l (fb/GeV)
HIST_ID9      =      0.00      5.00  # dS/d|eta|max_l (fb)
HIST_ID10     =      0.00      5.00  # dS/d|eta|min_l (fb)
HIST_ID11     =   -180.00    180.00  # dS/dPhi_jj (fb)
2DHIST_ID1    =      0.00      6.00      0.00    800.00  # d2S/dy_jj dm_jj (fb/GeV)
 
 -----------------------------------------------
 
Starttime: 2024-04-30T14:53:29+0200
  
 PHASE SPACE           1
  
  
 Subprocess           1
  

 MONACO input parameters:
 ndim = 13,  ncall =     512,   rtype = 0
 nprn =  0,  acc = -1.0E+0,  alph =  8.75E-1,  nd = 48,  mds =  0

 MONACO:  continuing with uniform grid
  
 W+A jj amplitude square information:
 external b quarks are included
 alpha parameter of dipoles:    1.0000000000000000     
 precision for gauge test:      1.0000000000000000E-002
 -----------------------------------------------

 iteration  1:
 integral =  2.798425E+00,  sigma = 2.029E+00
 efficacy = 3.176E-03,  raw efficacy = 3.176E-03
 f_positive = 3.906E-3,  f_zero = 9.961E-1,  f_negative = 0.000E+0
 accumulated statistics:
 integral =  2.798425E+00,  sigma = 2.029E+00,  chi^2/iteration = 0.000E+00

 MONACO:  grid written to file GRID/grid2_1_1.out.1
 
  result sub (LO):    2.7984254892124838       +-    2.0285728430974475       fb     72.489792953834069      %
 
  
 Subprocess           2
  

 MONACO input parameters:
 ndim = 13,  ncall =     256,   rtype = 0
 nprn =  0,  acc = -1.0E+0,  alph =  8.75E-1,  nd = 48,  mds =  0

 MONACO:  continuing with uniform grid

 iteration  1:
 integral =  1.074611E+01,  sigma = 1.056E+01
 efficacy = 3.977E-03,  raw efficacy = 3.977E-03
 f_positive = 1.562E-2,  f_zero = 9.844E-1,  f_negative = 0.000E+0
 accumulated statistics:
 integral =  1.074611E+01,  sigma = 1.056E+01,  chi^2/iteration = 0.000E+00

 MONACO:  grid written to file GRID/grid2_1_2.out.1
 
  result sub (LO):    10.746111107552025       +-    10.556691441576939       fb     98.237318932595358      %
 
  
 Subprocess           3
  

 MONACO input parameters:
 ndim = 13,  ncall =     128,   rtype = 0
 nprn =  0,  acc = -1.0E+0,  alph =  8.75E-1,  nd = 48,  mds =  0

 MONACO:  continuing with uniform grid

 iteration  1:
 integral =  1.430500E-01,  sigma = 7.825E-02
 efficacy = 1.915E-02,  raw efficacy = 1.915E-02
 f_positive = 3.125E-2,  f_zero = 9.688E-1,  f_negative = 0.000E+0
 accumulated statistics:
 integral =  1.430500E-01,  sigma = 7.825E-02,  chi^2/iteration = 4.441E-16

 MONACO:  grid written to file GRID/grid2_1_3.out.1
 
  result sub (LO):   0.14304998856751083       +-    7.8245731482280312E-002  fb     54.698173880211897      %
 
  
 Subprocess           4
  

 MONACO input parameters:
 ndim = 13,  ncall =      64,   rtype = 0
 nprn =  0,  acc = -1.0E+0,  alph =  8.75E-1,  nd = 48,  mds =  0

 MONACO:  continuing with uniform grid

 iteration  1:
 integral =  1.539519E-03,  sigma = 1.540E-03
 efficacy = 1.562E-02,  raw efficacy = 1.563E-02
 f_positive = 1.562E-2,  f_zero = 9.844E-1,  f_negative = 0.000E+0
 accumulated statistics:
 integral =  1.539519E-03,  sigma = 1.540E-03,  chi^2/iteration = 0.000E+00

 MONACO:  grid written to file GRID/grid2_1_4.out.1
 
  result sub (LO):    1.5395186484958355E-003  +-    1.5395186484958355E-003  fb     100.00000000000000      %
 
  
 Subprocess           5
  

 MONACO input parameters:
 ndim = 13,  ncall =     128,   rtype = 0
 nprn =  0,  acc = -1.0E+0,  alph =  8.75E-1,  nd = 48,  mds =  0

 MONACO:  continuing with uniform grid

 iteration  1:
 integral =  0.000000E+00,  sigma = 0.000E+00
 efficacy = 0.000E+00,  raw efficacy = 0.000E+00
 f_positive = 0.000E+0,  f_zero = 1.000E+0,  f_negative = 0.000E+0
 accumulated statistics:
 integral =  0.000000E+00,  sigma = 0.000E+00,  chi^2/iteration = 0.000E+00

 MONACO:  grid written to file GRID/grid2_1_5.out.1
 
  result sub (LO):    0.0000000000000000       +-    0.0000000000000000       fb                         NaN %
 
  
 Subprocess           6
  

 MONACO input parameters:
 ndim = 13,  ncall =      64,   rtype = 0
 nprn =  0,  acc = -1.0E+0,  alph =  8.75E-1,  nd = 48,  mds =  0

 MONACO:  continuing with uniform grid

 iteration  1:
 integral =  0.000000E+00,  sigma = 0.000E+00
 efficacy = 0.000E+00,  raw efficacy = 0.000E+00
 f_positive = 0.000E+0,  f_zero = 1.000E+0,  f_negative = 0.000E+0
 accumulated statistics:
 integral =  0.000000E+00,  sigma = 0.000E+00,  chi^2/iteration = 0.000E+00

 MONACO:  grid written to file GRID/grid2_1_6.out.1
 
  result sub (LO):    0.0000000000000000       +-    0.0000000000000000       fb                         NaN %
 
  
 Subprocess           7
  

 MONACO input parameters:
 ndim = 13,  ncall =     128,   rtype = 0
 nprn =  0,  acc = -1.0E+0,  alph =  8.75E-1,  nd = 48,  mds =  0

 MONACO:  continuing with uniform grid

 iteration  1:
 integral =  2.207204E+00,  sigma = 1.887E+00
 efficacy = 9.284E-03,  raw efficacy = 9.284E-03
 f_positive = 1.562E-2,  f_zero = 9.844E-1,  f_negative = 0.000E+0
 accumulated statistics:
 integral =  2.207204E+00,  sigma = 1.887E+00,  chi^2/iteration = 0.000E+00

 MONACO:  grid written to file GRID/grid2_1_7.out.1
 
  result sub (LO):    2.2072041085062573       +-    1.8873229379767114       fb     85.507404172692119      %
 
  
 Subprocess           8
  

 MONACO input parameters:
 ndim = 13,  ncall =      64,   rtype = 0
 nprn =  0,  acc = -1.0E+0,  alph =  8.75E-1,  nd = 48,  mds =  0

 MONACO:  continuing with uniform grid

 iteration  1:
 integral =  0.000000E+00,  sigma = 0.000E+00
 efficacy = 0.000E+00,  raw efficacy = 0.000E+00
 f_positive = 0.000E+0,  f_zero = 1.000E+0,  f_negative = 0.000E+0
 accumulated statistics:
 integral =  0.000000E+00,  sigma = 0.000E+00,  chi^2/iteration = 0.000E+00

 MONACO:  grid written to file GRID/grid2_1_8.out.1
 
  result sub (LO):    0.0000000000000000       +-    0.0000000000000000       fb                         NaN %
 
 
  result (LO):    15.896330212486772       +-    10.914529518455762       fb     68.660686916797047      %
  
  
 PHASE SPACE           2
  
  
 Subprocess           1
  

 MONACO input parameters:
 ndim = 13,  ncall =    1024,   rtype = 0
 nprn =  0,  acc = -1.0E+0,  alph =  8.75E-1,  nd = 48,  mds =  0

 MONACO:  continuing with uniform grid

 iteration  1:
 integral =  1.090493E+02,  sigma = 6.676E+01
 efficacy = 2.142E-03,  raw efficacy = 2.142E-03
 f_positive = 2.148E-2,  f_zero = 9.785E-1,  f_negative = 0.000E+0
 accumulated statistics:
 integral =  1.090493E+02,  sigma = 6.676E+01,  chi^2/iteration = 0.000E+00

 MONACO:  grid written to file GRID/grid2_2_1.out.1
 
  result sub (LO):    109.04930461323251       +-    66.757770196598045       fb     61.217969645353762      %
 
  
 Subprocess           2
  

 MONACO input parameters:
 ndim = 13,  ncall =     512,   rtype = 0
 nprn =  0,  acc = -1.0E+0,  alph =  8.75E-1,  nd = 48,  mds =  0

 MONACO:  continuing with uniform grid

 iteration  1:
 integral =  2.319652E+01,  sigma = 1.770E+01
 efficacy = 2.656E-03,  raw efficacy = 2.656E-03
 f_positive = 2.148E-2,  f_zero = 9.785E-1,  f_negative = 0.000E+0
 accumulated statistics:
 integral =  2.319652E+01,  sigma = 1.770E+01,  chi^2/iteration = 0.000E+00

 MONACO:  grid written to file GRID/grid2_2_2.out.1
 
  result sub (LO):    23.196519195603994       +-    17.699044354923238       fb     76.300431998769071      %
 
  
 Subprocess           3
  

 MONACO input parameters:
 ndim = 13,  ncall =     256,   rtype = 0
 nprn =  0,  acc = -1.0E+0,  alph =  8.75E-1,  nd = 48,  mds =  0

 MONACO:  continuing with uniform grid

 iteration  1:
 integral =  2.453918E-01,  sigma = 2.011E-01
 efficacy = 4.917E-03,  raw efficacy = 4.917E-03
 f_positive = 1.562E-2,  f_zero = 9.844E-1,  f_negative = 0.000E+0
 accumulated statistics:
 integral =  2.453918E-01,  sigma = 2.011E-01,  chi^2/iteration = 0.000E+00

 MONACO:  grid written to file GRID/grid2_2_3.out.1
 
  result sub (LO):   0.24539177824967628       +-   0.20110974414285845       fb     81.954556740787524      %
 
  
 Subprocess           4
  

 MONACO input parameters:
 ndim = 13,  ncall =     128,   rtype = 0
 nprn =  0,  acc = -1.0E+0,  alph =  8.75E-1,  nd = 48,  mds =  0

 MONACO:  continuing with uniform grid

 iteration  1:
 integral =  3.287848E+01,  sigma = 3.284E+01
 efficacy = 7.822E-03,  raw efficacy = 7.822E-03
 f_positive = 4.688E-2,  f_zero = 9.531E-1,  f_negative = 0.000E+0
 accumulated statistics:
 integral =  3.287848E+01,  sigma = 3.284E+01,  chi^2/iteration = 0.000E+00

 MONACO:  grid written to file GRID/grid2_2_4.out.1
 
  result sub (LO):    32.878483411996413       +-    32.838450270429895       fb     99.878239087050133      %
 
  
 Subprocess           5
  

 MONACO input parameters:
 ndim = 13,  ncall =     256,   rtype = 0
 nprn =  0,  acc = -1.0E+0,  alph =  8.75E-1,  nd = 48,  mds =  0

 MONACO:  continuing with uniform grid

 iteration  1:
 integral =  1.757733E+01,  sigma = 1.045E+01
 efficacy = 8.789E-03,  raw efficacy = 8.789E-03
 f_positive = 3.906E-2,  f_zero = 9.609E-1,  f_negative = 0.000E+0
 accumulated statistics:
 integral =  1.757733E+01,  sigma = 1.045E+01,  chi^2/iteration = 0.000E+00

 MONACO:  grid written to file GRID/grid2_2_5.out.1
 
  result sub (LO):    17.577332508977388       +-    10.450616600009139       fb     59.455077126586907      %
 
  
 Subprocess           6
  

 MONACO input parameters:
 ndim = 13,  ncall =     128,   rtype = 0
 nprn =  0,  acc = -1.0E+0,  alph =  8.75E-1,  nd = 48,  mds =  0

 MONACO:  continuing with uniform grid

 iteration  1:
 integral =  2.860182E+00,  sigma = 2.859E+00
 efficacy = 7.816E-03,  raw efficacy = 7.816E-03
 f_positive = 3.125E-2,  f_zero = 9.688E-1,  f_negative = 0.000E+0
 accumulated statistics:
 integral =  2.860182E+00,  sigma = 2.859E+00,  chi^2/iteration = 0.000E+00

 MONACO:  grid written to file GRID/grid2_2_6.out.1
 
  result sub (LO):    2.8601817822529920       +-    2.8587273689718402       fb     99.949149620832628      %
 
  
 Subprocess           7
  

 MONACO input parameters:
 ndim = 13,  ncall =     256,   rtype = 0
 nprn =  0,  acc = -1.0E+0,  alph =  8.75E-1,  nd = 48,  mds =  0

 MONACO:  continuing with uniform grid

 iteration  1:
 integral =  1.861800E+01,  sigma = 1.636E+01
 efficacy = 4.478E-03,  raw efficacy = 4.478E-03
 f_positive = 2.734E-2,  f_zero = 9.727E-1,  f_negative = 0.000E+0
 accumulated statistics:
 integral =  1.861800E+01,  sigma = 1.636E+01,  chi^2/iteration = 0.000E+00

 MONACO:  grid written to file GRID/grid2_2_7.out.1
 
  result sub (LO):    18.617998967554961       +-    16.356044857782340       fb     87.850713099111985      %
 
  
 Subprocess           8
  

 MONACO input parameters:
 ndim = 13,  ncall =     128,   rtype = 0
 nprn =  0,  acc = -1.0E+0,  alph =  8.75E-1,  nd = 48,  mds =  0

 MONACO:  continuing with uniform grid

 iteration  1:
 integral =  7.892105E-04,  sigma = 6.899E-04
 efficacy = 9.035E-03,  raw efficacy = 9.035E-03
 f_positive = 1.562E-2,  f_zero = 9.844E-1,  f_negative = 0.000E+0
 accumulated statistics:
 integral =  7.892105E-04,  sigma = 6.899E-04,  chi^2/iteration = 0.000E+00

 MONACO:  grid written to file GRID/grid2_2_8.out.1
 
  result sub (LO):    7.8921045811314186E-004  +-    6.8991523104013487E-004  fb     87.418409620368720      %
 
 
  result (LO):    204.42600146832604       +-    78.950416258233162       fb     38.620535397238015      %
  
 
  Total (multi-channel) result (LO):    220.32233168081285       +-    79.701287203893571       fb     36.174856445945323      %
  
   
 Initialising FF ..
   
 ====================================================
   FF 2.0, a package to evaluate one-loop integrals
 written by G. J. van Oldenborgh, NIKHEF-H, Amsterdam
 ====================================================
 for the algorithms used see preprint NIKHEF-H 89/17,
 'New Algorithms for One-loop Integrals', by G.J. van
 Oldenborgh and J.A.M. Vermaseren, published in 
 Zeitschrift fuer Physik C46(1990)425.
 ====================================================
  
 PHASE SPACE            1
  
  
 Subprocess           1
  

 MONACO input parameters:
 ndim = 13,  ncall =     512,   rtype = 0
 nprn =  0,  acc = -1.0E+0,  alph =  8.75E-1,  nd = 48,  mds =  0

 MONACO:  continuing with uniform grid

 iteration  1:
 integral =  1.266430E+01,  sigma = 1.086E+01
 efficacy = 2.301E-03,  raw efficacy = 2.301E-03
 f_positive = 1.172E-2,  f_zero = 9.883E-1,  f_negative = 0.000E+0
 accumulated statistics:
 integral =  1.266430E+01,  sigma = 1.086E+01,  chi^2/iteration = 2.220E-16

 MONACO:  grid written to file GRID/grid2_1_1.vout.1
  
  result for virtual contribution, no.            1
  sigma =    12.664297055006527       +-    10.860353512260101       fb  
  
 total result for virtual contns so far 
  sigma =    12.664297055006527       +-    10.860353512260101       fb
  

 MONACO input parameters:
 ndim = 13,  ncall =       8,   rtype = 0
 nprn =  0,  acc = -1.0E+0,  alph =  8.75E-1,  nd = 48,  mds =  0

 MONACO:  continuing with uniform grid

 iteration  1:
 integral =  0.000000E+00,  sigma = 0.000E+00
 efficacy = 0.000E+00,  raw efficacy = 0.000E+00
 f_positive = 0.000E+0,  f_zero = 1.000E+0,  f_negative = 0.000E+0
 accumulated statistics:
 integral =  0.000000E+00,  sigma = 0.000E+00,  chi^2/iteration = 0.000E+00

 MONACO:  grid written to file GRID/grid2_1_1.vout.1
  
  result for virtual contribution, no.            2
  sigma =    0.0000000000000000       +-    0.0000000000000000       fb  
  
 total result for virtual contns so far 
  sigma =    12.664297055006527       +-    10.860353512260101       fb
  

 MONACO input parameters:
 ndim = 13,  ncall =     256,   rtype = 0
 nprn =  0,  acc = -1.0E+0,  alph =  8.75E-1,  nd = 48,  mds =  0

 MONACO:  continuing with uniform grid

 iteration  1:
 integral =  4.640766E-01,  sigma = 4.413E-01
 efficacy = 4.112E-03,  raw efficacy = 4.112E-03
 f_positive = 1.172E-2,  f_zero = 9.883E-1,  f_negative = 0.000E+0
 accumulated statistics:
 integral =  4.640766E-01,  sigma = 4.413E-01,  chi^2/iteration = 0.000E+00

 MONACO:  grid written to file GRID/grid2_1_1.vout.1
  
  result for virtual contribution, no.            3
  sigma =   0.46407656863713698       +-   0.44126974277678055       fb  
  
 total result for virtual contns so far 
  sigma =    13.128373623643665       +-    10.869314486072735       fb
  
  
 Subprocess           2
  

 MONACO input parameters:
 ndim = 13,  ncall =     256,   rtype = 0
 nprn =  0,  acc = -1.0E+0,  alph =  8.75E-1,  nd = 48,  mds =  0

 MONACO:  continuing with uniform grid

 iteration  1:
 integral =  2.046419E+00,  sigma = 1.777E+00
 efficacy = 4.556E-03,  raw efficacy = 4.556E-03
 f_positive = 1.562E-2,  f_zero = 9.844E-1,  f_negative = 0.000E+0
 accumulated statistics:
 integral =  2.046419E+00,  sigma = 1.777E+00,  chi^2/iteration = 2.220E-16

 MONACO:  grid written to file GRID/grid2_1_2.vout.1
  
  result for virtual contribution, no.            1
  sigma =    2.0464189174366032       +-    1.7773275074422841       fb  
  
 total result for virtual contns so far 
  sigma =    2.0464189174366032       +-    1.7773275074422841       fb
  

 MONACO input parameters:
 ndim = 13,  ncall =       4,   rtype = 0
 nprn =  0,  acc = -1.0E+0,  alph =  8.75E-1,  nd = 48,  mds =  0

 MONACO:  continuing with uniform grid

 iteration  1:
 integral =  0.000000E+00,  sigma = 0.000E+00
 efficacy = 0.000E+00,  raw efficacy = 0.000E+00
 f_positive = 0.000E+0,  f_zero = 1.000E+0,  f_negative = 0.000E+0
 accumulated statistics:
 integral =  0.000000E+00,  sigma = 0.000E+00,  chi^2/iteration = 0.000E+00

 MONACO:  grid written to file GRID/grid2_1_2.vout.1
  
  result for virtual contribution, no.            2
  sigma =    0.0000000000000000       +-    0.0000000000000000       fb  
  
 total result for virtual contns so far 
  sigma =    2.0464189174366032       +-    1.7773275074422841       fb
  

 MONACO input parameters:
 ndim = 13,  ncall =     128,   rtype = 0
 nprn =  0,  acc = -1.0E+0,  alph =  8.75E-1,  nd = 48,  mds =  0

 MONACO:  continuing with uniform grid

 iteration  1:
 integral =  0.000000E+00,  sigma = 0.000E+00
 efficacy = 0.000E+00,  raw efficacy = 0.000E+00
 f_positive = 0.000E+0,  f_zero = 1.000E+0,  f_negative = 0.000E+0
 accumulated statistics:
 integral =  0.000000E+00,  sigma = 0.000E+00,  chi^2/iteration = 0.000E+00

 MONACO:  grid written to file GRID/grid2_1_2.vout.1
  
  result for virtual contribution, no.            3
  sigma =    0.0000000000000000       +-    0.0000000000000000       fb  
  
 total result for virtual contns so far 
  sigma =    2.0464189174366032       +-    1.7773275074422841       fb
  
  
 Subprocess           3
  

 MONACO input parameters:
 ndim = 13,  ncall =     128,   rtype = 0
 nprn =  0,  acc = -1.0E+0,  alph =  8.75E-1,  nd = 48,  mds =  0

 MONACO:  continuing with uniform grid

 iteration  1:
 integral =  1.360560E+00,  sigma = 1.352E+00
 efficacy = 7.864E-03,  raw efficacy = 7.864E-03
 f_positive = 2.344E-2,  f_zero = 9.766E-1,  f_negative = 0.000E+0
 accumulated statistics:
 integral =  1.360560E+00,  sigma = 1.352E+00,  chi^2/iteration = 0.000E+00

 MONACO:  grid written to file GRID/grid2_1_3.vout.1
  
  result for virtual contribution, no.            1
  sigma =    1.3605603698553692       +-    1.3516745667986017       fb  
  
 total result for virtual contns so far 
  sigma =    1.3605603698553692       +-    1.3516745667986017       fb
  

 MONACO input parameters:
 ndim = 13,  ncall =       2,   rtype = 0
 nprn =  0,  acc = -1.0E+0,  alph =  8.75E-1,  nd = 48,  mds =  0

 MONACO:  continuing with uniform grid

 iteration  1:
 integral =  0.000000E+00,  sigma = 0.000E+00
 efficacy = 0.000E+00,  raw efficacy = 0.000E+00
 f_positive = 0.000E+0,  f_zero = 1.000E+0,  f_negative = 0.000E+0
 accumulated statistics:
 integral =  0.000000E+00,  sigma = 0.000E+00,  chi^2/iteration = 0.000E+00

 MONACO:  grid written to file GRID/grid2_1_3.vout.1
  
  result for virtual contribution, no.            2
  sigma =    0.0000000000000000       +-    0.0000000000000000       fb  
  
 total result for virtual contns so far 
  sigma =    1.3605603698553692       +-    1.3516745667986017       fb
  

 MONACO input parameters:
 ndim = 13,  ncall =      64,   rtype = 0
 nprn =  0,  acc = -1.0E+0,  alph =  8.75E-1,  nd = 48,  mds =  0

 MONACO:  continuing with uniform grid

 iteration  1:
 integral =  0.000000E+00,  sigma = 0.000E+00
 efficacy = 0.000E+00,  raw efficacy = 0.000E+00
 f_positive = 0.000E+0,  f_zero = 1.000E+0,  f_negative = 0.000E+0
 accumulated statistics:
 integral =  0.000000E+00,  sigma = 0.000E+00,  chi^2/iteration = 0.000E+00

 MONACO:  grid written to file GRID/grid2_1_3.vout.1
  
  result for virtual contribution, no.            3
  sigma =    0.0000000000000000       +-    0.0000000000000000       fb  
  
 total result for virtual contns so far 
  sigma =    1.3605603698553692       +-    1.3516745667986017       fb
  
  
 Subprocess           4
  

 MONACO input parameters:
 ndim = 13,  ncall =      64,   rtype = 0
 nprn =  0,  acc = -1.0E+0,  alph =  8.75E-1,  nd = 48,  mds =  0

 MONACO:  continuing with uniform grid

 iteration  1:
 integral =  8.892226E-02,  sigma = 8.892E-02
 efficacy = 1.563E-02,  raw efficacy = 1.563E-02
 f_positive = 3.125E-2,  f_zero = 9.688E-1,  f_negative = 0.000E+0
 accumulated statistics:
 integral =  8.892226E-02,  sigma = 8.892E-02,  chi^2/iteration = 2.220E-16

 MONACO:  grid written to file GRID/grid2_1_4.vout.1
  
  result for virtual contribution, no.            1
  sigma =    8.8922258855945097E-002  +-    8.8922205723476186E-002  fb  
  
 total result for virtual contns so far 
  sigma =    8.8922258855945097E-002  +-    8.8922205723476186E-002  fb
  

 MONACO input parameters:
 ndim = 13,  ncall =       2,   rtype = 0
 nprn =  0,  acc = -1.0E+0,  alph =  8.75E-1,  nd = 48,  mds =  0

 MONACO:  continuing with uniform grid

 iteration  1:
 integral =  0.000000E+00,  sigma = 0.000E+00
 efficacy = 0.000E+00,  raw efficacy = 0.000E+00
 f_positive = 0.000E+0,  f_zero = 5.000E-1,  f_negative = 0.000E+0
 accumulated statistics:
 integral =  0.000000E+00,  sigma = 0.000E+00,  chi^2/iteration = 0.000E+00

 MONACO:  grid written to file GRID/grid2_1_4.vout.1
  
  result for virtual contribution, no.            2
  sigma =    0.0000000000000000       +-    0.0000000000000000       fb  
  
 total result for virtual contns so far 
  sigma =    8.8922258855945097E-002  +-    8.8922205723476186E-002  fb
  

 MONACO input parameters:
 ndim = 13,  ncall =      32,   rtype = 0
 nprn =  0,  acc = -1.0E+0,  alph =  8.75E-1,  nd = 48,  mds =  0

 MONACO:  continuing with uniform grid

 iteration  1:
 integral =  1.291234E-03,  sigma = 1.291E-03
 efficacy = 3.125E-02,  raw efficacy = 3.125E-02
 f_positive = 3.125E-2,  f_zero = 9.688E-1,  f_negative = 0.000E+0
 accumulated statistics:
 integral =  1.291234E-03,  sigma = 1.291E-03,  chi^2/iteration = 0.000E+00

 MONACO:  grid written to file GRID/grid2_1_4.vout.1
  
  result for virtual contribution, no.            3
  sigma =    1.2912343112505469E-003  +-    1.2912343112505471E-003  fb  
  
 total result for virtual contns so far 
  sigma =    9.0213493167195638E-002  +-    8.8931580199470034E-002  fb
  
  
 Subprocess           5
  

 MONACO input parameters:
 ndim = 13,  ncall =     256,   rtype = 0
 nprn =  0,  acc = -1.0E+0,  alph =  8.75E-1,  nd = 48,  mds =  0

 MONACO:  continuing with uniform grid

 iteration  1:
 integral =  4.518943E-01,  sigma = 3.342E-01
 efficacy = 5.939E-03,  raw efficacy = 5.939E-03
 f_positive = 1.562E-2,  f_zero = 9.844E-1,  f_negative = 0.000E+0
 accumulated statistics:
 integral =  4.518943E-01,  sigma = 3.342E-01,  chi^2/iteration = 0.000E+00

 MONACO:  grid written to file GRID/grid2_1_5.vout.1
  
  result for virtual contribution, no.            1
  sigma =   0.45189434527074113       +-   0.33419033350739646       fb  
  
 total result for virtual contns so far 
  sigma =   0.45189434527074113       +-   0.33419033350739646       fb
  

 MONACO input parameters:
 ndim = 13,  ncall =       4,   rtype = 0
 nprn =  0,  acc = -1.0E+0,  alph =  8.75E-1,  nd = 48,  mds =  0

 MONACO:  continuing with uniform grid

 iteration  1:
 integral =  0.000000E+00,  sigma = 0.000E+00
 efficacy = 0.000E+00,  raw efficacy = 0.000E+00
 f_positive = 0.000E+0,  f_zero = 1.000E+0,  f_negative = 0.000E+0
 accumulated statistics:
 integral =  0.000000E+00,  sigma = 0.000E+00,  chi^2/iteration = 0.000E+00

 MONACO:  grid written to file GRID/grid2_1_5.vout.1
  
  result for virtual contribution, no.            2
  sigma =    0.0000000000000000       +-    0.0000000000000000       fb  
  
 total result for virtual contns so far 
  sigma =   0.45189434527074113       +-   0.33419033350739646       fb
  

 MONACO input parameters:
 ndim = 13,  ncall =     128,   rtype = 0
 nprn =  0,  acc = -1.0E+0,  alph =  8.75E-1,  nd = 48,  mds =  0

 MONACO:  continuing with uniform grid

 iteration  1:
 integral =  0.000000E+00,  sigma = 0.000E+00
 efficacy = 0.000E+00,  raw efficacy = 0.000E+00
 f_positive = 0.000E+0,  f_zero = 1.000E+0,  f_negative = 0.000E+0
 accumulated statistics:
 integral =  0.000000E+00,  sigma = 0.000E+00,  chi^2/iteration = 0.000E+00

 MONACO:  grid written to file GRID/grid2_1_5.vout.1
  
  result for virtual contribution, no.            3
  sigma =    0.0000000000000000       +-    0.0000000000000000       fb  
  
 total result for virtual contns so far 
  sigma =   0.45189434527074113       +-   0.33419033350739646       fb
  
  
 Subprocess           6
  

 MONACO input parameters:
 ndim = 13,  ncall =     128,   rtype = 0
 nprn =  0,  acc = -1.0E+0,  alph =  8.75E-1,  nd = 48,  mds =  0

 MONACO:  continuing with uniform grid

 iteration  1:
 integral =  1.374320E-01,  sigma = 1.370E-01
 efficacy = 7.838E-03,  raw efficacy = 7.838E-03
 f_positive = 2.344E-2,  f_zero = 9.766E-1,  f_negative = 0.000E+0
 accumulated statistics:
 integral =  1.374320E-01,  sigma = 1.370E-01,  chi^2/iteration = 0.000E+00

 MONACO:  grid written to file GRID/grid2_1_6.vout.1
  
  result for virtual contribution, no.            1
  sigma =   0.13743197429191842       +-   0.13698559990477702       fb  
  
 total result for virtual contns so far 
  sigma =   0.13743197429191842       +-   0.13698559990477702       fb
  

 MONACO input parameters:
 ndim = 13,  ncall =       2,   rtype = 0
 nprn =  0,  acc = -1.0E+0,  alph =  8.75E-1,  nd = 48,  mds =  0

 MONACO:  continuing with uniform grid

 iteration  1:
 integral =  0.000000E+00,  sigma = 0.000E+00
 efficacy = 0.000E+00,  raw efficacy = 0.000E+00
 f_positive = 0.000E+0,  f_zero = 1.000E+0,  f_negative = 0.000E+0
 accumulated statistics:
 integral =  0.000000E+00,  sigma = 0.000E+00,  chi^2/iteration = 0.000E+00

 MONACO:  grid written to file GRID/grid2_1_6.vout.1
  
  result for virtual contribution, no.            2
  sigma =    0.0000000000000000       +-    0.0000000000000000       fb  
  
 total result for virtual contns so far 
  sigma =   0.13743197429191842       +-   0.13698559990477702       fb
  

 MONACO input parameters:
 ndim = 13,  ncall =      64,   rtype = 0
 nprn =  0,  acc = -1.0E+0,  alph =  8.75E-1,  nd = 48,  mds =  0

 MONACO:  continuing with uniform grid

 iteration  1:
 integral =  0.000000E+00,  sigma = 0.000E+00
 efficacy = 0.000E+00,  raw efficacy = 0.000E+00
 f_positive = 0.000E+0,  f_zero = 1.000E+0,  f_negative = 0.000E+0
 accumulated statistics:
 integral =  0.000000E+00,  sigma = 0.000E+00,  chi^2/iteration = 0.000E+00

 MONACO:  grid written to file GRID/grid2_1_6.vout.1
  
  result for virtual contribution, no.            3
  sigma =    0.0000000000000000       +-    0.0000000000000000       fb  
  
 total result for virtual contns so far 
  sigma =   0.13743197429191842       +-   0.13698559990477702       fb
  
  
 Subprocess           7
  

 MONACO input parameters:
 ndim = 13,  ncall =     256,   rtype = 0
 nprn =  0,  acc = -1.0E+0,  alph =  8.75E-1,  nd = 48,  mds =  0

 MONACO:  continuing with uniform grid

 iteration  1:
 integral =  5.148553E-01,  sigma = 4.311E-01
 efficacy = 4.770E-03,  raw efficacy = 4.770E-03
 f_positive = 1.562E-2,  f_zero = 9.844E-1,  f_negative = 0.000E+0
 accumulated statistics:
 integral =  5.148553E-01,  sigma = 4.311E-01,  chi^2/iteration = 0.000E+00

 MONACO:  grid written to file GRID/grid2_1_7.vout.1
  
  result for virtual contribution, no.            1
  sigma =   0.51485529037657385       +-   0.43106187563358445       fb  
  
 total result for virtual contns so far 
  sigma =   0.51485529037657385       +-   0.43106187563358445       fb
  

 MONACO input parameters:
 ndim = 13,  ncall =       4,   rtype = 0
 nprn =  0,  acc = -1.0E+0,  alph =  8.75E-1,  nd = 48,  mds =  0

 MONACO:  continuing with uniform grid

 iteration  1:
 integral =  0.000000E+00,  sigma = 0.000E+00
 efficacy = 0.000E+00,  raw efficacy = 0.000E+00
 f_positive = 0.000E+0,  f_zero = 1.000E+0,  f_negative = 0.000E+0
 accumulated statistics:
 integral =  0.000000E+00,  sigma = 0.000E+00,  chi^2/iteration = 0.000E+00

 MONACO:  grid written to file GRID/grid2_1_7.vout.1
  
  result for virtual contribution, no.            2
  sigma =    0.0000000000000000       +-    0.0000000000000000       fb  
  
 total result for virtual contns so far 
  sigma =   0.51485529037657385       +-   0.43106187563358445       fb
  

 MONACO input parameters:
 ndim = 13,  ncall =     128,   rtype = 0
 nprn =  0,  acc = -1.0E+0,  alph =  8.75E-1,  nd = 48,  mds =  0

 MONACO:  continuing with uniform grid

 iteration  1:
 integral =  0.000000E+00,  sigma = 0.000E+00
 efficacy = 0.000E+00,  raw efficacy = 0.000E+00
 f_positive = 0.000E+0,  f_zero = 1.000E+0,  f_negative = 0.000E+0
 accumulated statistics:
 integral =  0.000000E+00,  sigma = 0.000E+00,  chi^2/iteration = 0.000E+00

 MONACO:  grid written to file GRID/grid2_1_7.vout.1
  
  result for virtual contribution, no.            3
  sigma =    0.0000000000000000       +-    0.0000000000000000       fb  
  
 total result for virtual contns so far 
  sigma =   0.51485529037657385       +-   0.43106187563358445       fb
  
  
 Subprocess           8
  

 MONACO input parameters:
 ndim = 13,  ncall =      64,   rtype = 0
 nprn =  0,  acc = -1.0E+0,  alph =  8.75E-1,  nd = 48,  mds =  0

 MONACO:  continuing with uniform grid

 iteration  1:
 integral =  3.876737E-04,  sigma = 3.815E-04
 efficacy = 1.588E-02,  raw efficacy = 1.588E-02
 f_positive = 3.125E-2,  f_zero = 9.688E-1,  f_negative = 0.000E+0
 accumulated statistics:
 integral =  3.876737E-04,  sigma = 3.815E-04,  chi^2/iteration = 2.220E-16

 MONACO:  grid written to file GRID/grid2_1_8.vout.1
  
  result for virtual contribution, no.            1
  sigma =    3.8767374819659290E-004  +-    3.8146844195972212E-004  fb  
  
 total result for virtual contns so far 
  sigma =    3.8767374819659290E-004  +-    3.8146844195972212E-004  fb
  

 MONACO input parameters:
 ndim = 13,  ncall =       2,   rtype = 0
 nprn =  0,  acc = -1.0E+0,  alph =  8.75E-1,  nd = 48,  mds =  0

 MONACO:  continuing with uniform grid

 iteration  1:
 integral =  0.000000E+00,  sigma = 0.000E+00
 efficacy = 0.000E+00,  raw efficacy = 0.000E+00
 f_positive = 0.000E+0,  f_zero = 5.000E-1,  f_negative = 0.000E+0
 accumulated statistics:
 integral =  0.000000E+00,  sigma = 0.000E+00,  chi^2/iteration = 0.000E+00

 MONACO:  grid written to file GRID/grid2_1_8.vout.1
  
  result for virtual contribution, no.            2
  sigma =    0.0000000000000000       +-    0.0000000000000000       fb  
  
 total result for virtual contns so far 
  sigma =    3.8767374819659290E-004  +-    3.8146844195972212E-004  fb
  

 MONACO input parameters:
 ndim = 13,  ncall =      32,   rtype = 0
 nprn =  0,  acc = -1.0E+0,  alph =  8.75E-1,  nd = 48,  mds =  0

 MONACO:  continuing with uniform grid

 iteration  1:
 integral =  4.658111E-05,  sigma = 4.658E-05
 efficacy = 3.125E-02,  raw efficacy = 3.125E-02
 f_positive = 3.125E-2,  f_zero = 9.688E-1,  f_negative = 0.000E+0
 accumulated statistics:
 integral =  4.658111E-05,  sigma = 4.658E-05,  chi^2/iteration = 0.000E+00

 MONACO:  grid written to file GRID/grid2_1_8.vout.1
  
  result for virtual contribution, no.            3
  sigma =    4.6581109289421087E-005  +-    4.6581109289421087E-005  fb  
  
 total result for virtual contns so far 
  sigma =    4.3425485748601396E-004  +-    3.8430192811617645E-004  fb
  
  total result for virtual PS            1
  sigma =    17.730182268899551       +-    11.110899430210516       fb
  
  
 PHASE SPACE            2
  
  
 Subprocess           1
  

 MONACO input parameters:
 ndim = 13,  ncall =    1024,   rtype = 0
 nprn =  0,  acc = -1.0E+0,  alph =  8.75E-1,  nd = 48,  mds =  0

 MONACO:  continuing with uniform grid

 iteration  1:
 integral =  4.411486E+01,  sigma = 3.018E+01
 efficacy = 1.465E-03,  raw efficacy = 1.465E-03
 f_positive = 2.344E-2,  f_zero = 9.766E-1,  f_negative = 0.000E+0
 accumulated statistics:
 integral =  4.411486E+01,  sigma = 3.018E+01,  chi^2/iteration = 0.000E+00

 MONACO:  grid written to file GRID/grid2_2_1.vout.1
  
  result for virtual contribution, no.            1
  sigma =    44.114855608054086       +-    30.175111277253400       fb  
  
 total result for virtual contns so far 
  sigma =    44.114855608054086       +-    30.175111277253400       fb
  

 MONACO input parameters:
 ndim = 13,  ncall =      16,   rtype = 0
 nprn =  0,  acc = -1.0E+0,  alph =  8.75E-1,  nd = 48,  mds =  0

 MONACO:  continuing with uniform grid

 iteration  1:
 integral =  0.000000E+00,  sigma = 0.000E+00
 efficacy = 0.000E+00,  raw efficacy = 0.000E+00
 f_positive = 0.000E+0,  f_zero = 1.000E+0,  f_negative = 0.000E+0
 accumulated statistics:
 integral =  0.000000E+00,  sigma = 0.000E+00,  chi^2/iteration = 0.000E+00

 MONACO:  grid written to file GRID/grid2_2_1.vout.1
  
  result for virtual contribution, no.            2
  sigma =    0.0000000000000000       +-    0.0000000000000000       fb  
  
 total result for virtual contns so far 
  sigma =    44.114855608054086       +-    30.175111277253400       fb
  

 MONACO input parameters:
 ndim = 13,  ncall =     512,   rtype = 0
 nprn =  0,  acc = -1.0E+0,  alph =  8.75E-1,  nd = 48,  mds =  0

 MONACO:  continuing with uniform grid

 iteration  1:
 integral =  5.061358E+01,  sigma = 3.568E+01
 efficacy = 3.066E-03,  raw efficacy = 3.066E-03
 f_positive = 1.953E-2,  f_zero = 9.805E-1,  f_negative = 0.000E+0
 accumulated statistics:
 integral =  5.061358E+01,  sigma = 3.568E+01,  chi^2/iteration = 4.441E-16

 MONACO:  grid written to file GRID/grid2_2_1.vout.1
  
  result for virtual contribution, no.            3
  sigma =    50.613580027501882       +-    35.679183323368711       fb  
  
 total result for virtual contns so far 
  sigma =    94.728435635555968       +-    46.728379633978079       fb
  
  
 Subprocess           2
  

 MONACO input parameters:
 ndim = 13,  ncall =     512,   rtype = 0
 nprn =  0,  acc = -1.0E+0,  alph =  8.75E-1,  nd = 48,  mds =  0

 MONACO:  continuing with uniform grid

 iteration  1:
 integral =  1.009915E+02,  sigma = 7.644E+01
 efficacy = 2.750E-03,  raw efficacy = 2.750E-03
 f_positive = 2.734E-2,  f_zero = 9.727E-1,  f_negative = 0.000E+0
 accumulated statistics:
 integral =  1.009915E+02,  sigma = 7.644E+01,  chi^2/iteration = 2.220E-16

 MONACO:  grid written to file GRID/grid2_2_2.vout.1
  
  result for virtual contribution, no.            1
  sigma =    100.99152316762780       +-    76.436948224377886       fb  
  
 total result for virtual contns so far 
  sigma =    100.99152316762780       +-    76.436948224377886       fb
  

 MONACO input parameters:
 ndim = 13,  ncall =       8,   rtype = 0
 nprn =  0,  acc = -1.0E+0,  alph =  8.75E-1,  nd = 48,  mds =  0

 MONACO:  continuing with uniform grid

 iteration  1:
 integral =  0.000000E+00,  sigma = 0.000E+00
 efficacy = 0.000E+00,  raw efficacy = 0.000E+00
 f_positive = 0.000E+0,  f_zero = 1.000E+0,  f_negative = 0.000E+0
 accumulated statistics:
 integral =  0.000000E+00,  sigma = 0.000E+00,  chi^2/iteration = 0.000E+00

 MONACO:  grid written to file GRID/grid2_2_2.vout.1
  
  result for virtual contribution, no.            2
  sigma =    0.0000000000000000       +-    0.0000000000000000       fb  
  
 total result for virtual contns so far 
  sigma =    100.99152316762780       +-    76.436948224377886       fb
  

 MONACO input parameters:
 ndim = 13,  ncall =     256,   rtype = 0
 nprn =  0,  acc = -1.0E+0,  alph =  8.75E-1,  nd = 48,  mds =  0

 MONACO:  continuing with uniform grid

 iteration  1:
 integral =  1.219391E+00,  sigma = 1.100E+00
 efficacy = 4.356E-03,  raw efficacy = 4.356E-03
 f_positive = 1.562E-2,  f_zero = 9.844E-1,  f_negative = 0.000E+0
 accumulated statistics:
 integral =  1.219391E+00,  sigma = 1.100E+00,  chi^2/iteration = 0.000E+00

 MONACO:  grid written to file GRID/grid2_2_2.vout.1
  
  result for virtual contribution, no.            3
  sigma =    1.2193905410734078       +-    1.1002058642231853       fb  
  
 total result for virtual contns so far 
  sigma =    102.21091370870121       +-    76.444865797513813       fb
  
  
 Subprocess           3
  

 MONACO input parameters:
 ndim = 13,  ncall =     256,   rtype = 0
 nprn =  0,  acc = -1.0E+0,  alph =  8.75E-1,  nd = 48,  mds =  0

 MONACO:  continuing with uniform grid

 iteration  1:
 integral =  7.788072E+01,  sigma = 7.605E+01
 efficacy = 4.001E-03,  raw efficacy = 4.001E-03
 f_positive = 2.734E-2,  f_zero = 9.727E-1,  f_negative = 0.000E+0
 accumulated statistics:
 integral =  7.788072E+01,  sigma = 7.605E+01,  chi^2/iteration = 2.220E-16

 MONACO:  grid written to file GRID/grid2_2_3.vout.1
  
  result for virtual contribution, no.            1
  sigma =    77.880723241424917       +-    76.049335007264077       fb  
  
 total result for virtual contns so far 
  sigma =    77.880723241424917       +-    76.049335007264077       fb
  

 MONACO input parameters:
 ndim = 13,  ncall =       4,   rtype = 0
 nprn =  0,  acc = -1.0E+0,  alph =  8.75E-1,  nd = 48,  mds =  0

 MONACO:  continuing with uniform grid

 iteration  1:
 integral =  0.000000E+00,  sigma = 0.000E+00
 efficacy = 0.000E+00,  raw efficacy = 0.000E+00
 f_positive = 0.000E+0,  f_zero = 1.000E+0,  f_negative = 0.000E+0
 accumulated statistics:
 integral =  0.000000E+00,  sigma = 0.000E+00,  chi^2/iteration = 0.000E+00

 MONACO:  grid written to file GRID/grid2_2_3.vout.1
  
  result for virtual contribution, no.            2
  sigma =    0.0000000000000000       +-    0.0000000000000000       fb  
  
 total result for virtual contns so far 
  sigma =    77.880723241424917       +-    76.049335007264077       fb
  

 MONACO input parameters:
 ndim = 13,  ncall =     128,   rtype = 0
 nprn =  0,  acc = -1.0E+0,  alph =  8.75E-1,  nd = 48,  mds =  0

 MONACO:  continuing with uniform grid

 iteration  1:
 integral =  9.987286E-02,  sigma = 9.348E-02
 efficacy = 8.362E-03,  raw efficacy = 8.362E-03
 f_positive = 1.562E-2,  f_zero = 9.844E-1,  f_negative = 0.000E+0
 accumulated statistics:
 integral =  9.987286E-02,  sigma = 9.348E-02,  chi^2/iteration = 0.000E+00

 MONACO:  grid written to file GRID/grid2_2_3.vout.1
  
  result for virtual contribution, no.            3
  sigma =    9.9872862281871005E-002  +-    9.3484614909404795E-002  fb  
  
 total result for virtual contns so far 
  sigma =    77.980596103706787       +-    76.049392465819906       fb
  
  
 Subprocess           4
  

 MONACO input parameters:
 ndim = 13,  ncall =     128,   rtype = 0
 nprn =  0,  acc = -1.0E+0,  alph =  8.75E-1,  nd = 48,  mds =  0

 MONACO:  continuing with uniform grid

 iteration  1:
 integral =  1.041819E+02,  sigma = 1.042E+02
 efficacy = 7.813E-03,  raw efficacy = 7.813E-03
 f_positive = 3.906E-2,  f_zero = 9.609E-1,  f_negative = 0.000E+0
 accumulated statistics:
 integral =  1.041819E+02,  sigma = 1.042E+02,  chi^2/iteration = 4.441E-16

 MONACO:  grid written to file GRID/grid2_2_4.vout.1
  
  result for virtual contribution, no.            1
  sigma =    104.18190724569939       +-    104.18091757426228       fb  
  
 total result for virtual contns so far 
  sigma =    104.18190724569939       +-    104.18091757426228       fb
  

 MONACO input parameters:
 ndim = 13,  ncall =       2,   rtype = 0
 nprn =  0,  acc = -1.0E+0,  alph =  8.75E-1,  nd = 48,  mds =  0

 MONACO:  continuing with uniform grid

 iteration  1:
 integral =  0.000000E+00,  sigma = 0.000E+00
 efficacy = 0.000E+00,  raw efficacy = 0.000E+00
 f_positive = 0.000E+0,  f_zero = 1.000E+0,  f_negative = 0.000E+0
 accumulated statistics:
 integral =  0.000000E+00,  sigma = 0.000E+00,  chi^2/iteration = 0.000E+00

 MONACO:  grid written to file GRID/grid2_2_4.vout.1
  
  result for virtual contribution, no.            2
  sigma =    0.0000000000000000       +-    0.0000000000000000       fb  
  
 total result for virtual contns so far 
  sigma =    104.18190724569939       +-    104.18091757426228       fb
  

 MONACO input parameters:
 ndim = 13,  ncall =      64,   rtype = 0
 nprn =  0,  acc = -1.0E+0,  alph =  8.75E-1,  nd = 48,  mds =  0

 MONACO:  continuing with uniform grid

 iteration  1:
 integral =  8.121277E-01,  sigma = 8.020E-01
 efficacy = 1.582E-02,  raw efficacy = 1.582E-02
 f_positive = 4.688E-2,  f_zero = 9.531E-1,  f_negative = 0.000E+0
 accumulated statistics:
 integral =  8.121277E-01,  sigma = 8.020E-01,  chi^2/iteration = 2.220E-16

 MONACO:  grid written to file GRID/grid2_2_4.vout.1
  
  result for virtual contribution, no.            3
  sigma =   0.81212769695269094       +-   0.80203303670449144       fb  
  
 total result for virtual contns so far 
  sigma =    104.99403494265208       +-    104.18400473972575       fb
  
  
 Subprocess           5
  

 MONACO input parameters:
 ndim = 13,  ncall =     512,   rtype = 0
 nprn =  0,  acc = -1.0E+0,  alph =  8.75E-1,  nd = 48,  mds =  0

 MONACO:  continuing with uniform grid

 iteration  1:
 integral =  6.181729E+01,  sigma = 5.425E+01
 efficacy = 2.235E-03,  raw efficacy = 2.235E-03
 f_positive = 2.734E-2,  f_zero = 9.727E-1,  f_negative = 0.000E+0
 accumulated statistics:
 integral =  6.181729E+01,  sigma = 5.425E+01,  chi^2/iteration = 2.220E-16

 MONACO:  grid written to file GRID/grid2_2_5.vout.1
  
  result for virtual contribution, no.            1
  sigma =    61.817286020349705       +-    54.253470830651423       fb  
  
 total result for virtual contns so far 
  sigma =    61.817286020349705       +-    54.253470830651423       fb
  

 MONACO input parameters:
 ndim = 13,  ncall =       8,   rtype = 0
 nprn =  0,  acc = -1.0E+0,  alph =  8.75E-1,  nd = 48,  mds =  0

 MONACO:  continuing with uniform grid

 iteration  1:
 integral =  0.000000E+00,  sigma = 0.000E+00
 efficacy = 0.000E+00,  raw efficacy = 0.000E+00
 f_positive = 0.000E+0,  f_zero = 1.000E+0,  f_negative = 0.000E+0
 accumulated statistics:
 integral =  0.000000E+00,  sigma = 0.000E+00,  chi^2/iteration = 0.000E+00

 MONACO:  grid written to file GRID/grid2_2_5.vout.1
  
  result for virtual contribution, no.            2
  sigma =    0.0000000000000000       +-    0.0000000000000000       fb  
  
 total result for virtual contns so far 
  sigma =    61.817286020349705       +-    54.253470830651423       fb
  

 MONACO input parameters:
 ndim = 13,  ncall =     256,   rtype = 0
 nprn =  0,  acc = -1.0E+0,  alph =  8.75E-1,  nd = 48,  mds =  0

 MONACO:  continuing with uniform grid

 iteration  1:
 integral =  6.672995E-01,  sigma = 4.748E-01
 efficacy = 6.921E-03,  raw efficacy = 6.921E-03
 f_positive = 1.562E-2,  f_zero = 9.844E-1,  f_negative = 0.000E+0
 accumulated statistics:
 integral =  6.672995E-01,  sigma = 4.748E-01,  chi^2/iteration = 2.220E-16

 MONACO:  grid written to file GRID/grid2_2_5.vout.1
  
  result for virtual contribution, no.            3
  sigma =   0.66729945701410998       +-   0.47484805723839923       fb  
  
 total result for virtual contns so far 
  sigma =    62.484585477363815       +-    54.255548820833134       fb
  
  
 Subprocess           6
  

 MONACO input parameters:
 ndim = 13,  ncall =     256,   rtype = 0
 nprn =  0,  acc = -1.0E+0,  alph =  8.75E-1,  nd = 48,  mds =  0

 MONACO:  continuing with uniform grid

 iteration  1:
 integral =  7.208538E+00,  sigma = 4.599E+00
 efficacy = 7.929E-03,  raw efficacy = 7.929E-03
 f_positive = 2.734E-2,  f_zero = 9.727E-1,  f_negative = 0.000E+0
 accumulated statistics:
 integral =  7.208538E+00,  sigma = 4.599E+00,  chi^2/iteration = 0.000E+00

 MONACO:  grid written to file GRID/grid2_2_6.vout.1
  
  result for virtual contribution, no.            1
  sigma =    7.2085377404882145       +-    4.5991072396692738       fb  
  
 total result for virtual contns so far 
  sigma =    7.2085377404882145       +-    4.5991072396692738       fb
  

 MONACO input parameters:
 ndim = 13,  ncall =       4,   rtype = 0
 nprn =  0,  acc = -1.0E+0,  alph =  8.75E-1,  nd = 48,  mds =  0

 MONACO:  continuing with uniform grid

 iteration  1:
 integral =  0.000000E+00,  sigma = 0.000E+00
 efficacy = 0.000E+00,  raw efficacy = 0.000E+00
 f_positive = 0.000E+0,  f_zero = 1.000E+0,  f_negative = 0.000E+0
 accumulated statistics:
 integral =  0.000000E+00,  sigma = 0.000E+00,  chi^2/iteration = 0.000E+00

 MONACO:  grid written to file GRID/grid2_2_6.vout.1
  
  result for virtual contribution, no.            2
  sigma =    0.0000000000000000       +-    0.0000000000000000       fb  
  
 total result for virtual contns so far 
  sigma =    7.2085377404882145       +-    4.5991072396692738       fb
  

 MONACO input parameters:
 ndim = 13,  ncall =     128,   rtype = 0
 nprn =  0,  acc = -1.0E+0,  alph =  8.75E-1,  nd = 48,  mds =  0

 MONACO:  continuing with uniform grid

 iteration  1:
 integral =  2.874038E-04,  sigma = 2.356E-04
 efficacy = 9.824E-03,  raw efficacy = 9.824E-03
 f_positive = 1.562E-2,  f_zero = 9.844E-1,  f_negative = 0.000E+0
 accumulated statistics:
 integral =  2.874038E-04,  sigma = 2.356E-04,  chi^2/iteration = 0.000E+00

 MONACO:  grid written to file GRID/grid2_2_6.vout.1
  
  result for virtual contribution, no.            3
  sigma =    2.8740375503255117E-004  +-    2.3555990326012656E-004  fb  
  
 total result for virtual contns so far 
  sigma =    7.2088251442432467       +-    4.5991072457018003       fb
  
  
 Subprocess           7
  

 MONACO input parameters:
 ndim = 13,  ncall =     512,   rtype = 0
 nprn =  0,  acc = -1.0E+0,  alph =  8.75E-1,  nd = 48,  mds =  0

 MONACO:  continuing with uniform grid

 iteration  1:
 integral =  1.956371E+01,  sigma = 1.087E+01
 efficacy = 4.837E-03,  raw efficacy = 4.837E-03
 f_positive = 2.734E-2,  f_zero = 9.727E-1,  f_negative = 0.000E+0
 accumulated statistics:
 integral =  1.956371E+01,  sigma = 1.087E+01,  chi^2/iteration = 0.000E+00

 MONACO:  grid written to file GRID/grid2_2_7.vout.1
  
  result for virtual contribution, no.            1
  sigma =    19.563708889025165       +-    10.873212073180195       fb  
  
 total result for virtual contns so far 
  sigma =    19.563708889025165       +-    10.873212073180195       fb
  

 MONACO input parameters:
 ndim = 13,  ncall =       8,   rtype = 0
 nprn =  0,  acc = -1.0E+0,  alph =  8.75E-1,  nd = 48,  mds =  0

 MONACO:  continuing with uniform grid

 iteration  1:
 integral =  0.000000E+00,  sigma = 0.000E+00
 efficacy = 0.000E+00,  raw efficacy = 0.000E+00
 f_positive = 0.000E+0,  f_zero = 1.000E+0,  f_negative = 0.000E+0
 accumulated statistics:
 integral =  0.000000E+00,  sigma = 0.000E+00,  chi^2/iteration = 0.000E+00

 MONACO:  grid written to file GRID/grid2_2_7.vout.1
  
  result for virtual contribution, no.            2
  sigma =    0.0000000000000000       +-    0.0000000000000000       fb  
  
 total result for virtual contns so far 
  sigma =    19.563708889025165       +-    10.873212073180195       fb
  

 MONACO input parameters:
 ndim = 13,  ncall =     256,   rtype = 0
 nprn =  0,  acc = -1.0E+0,  alph =  8.75E-1,  nd = 48,  mds =  0

 MONACO:  continuing with uniform grid

 iteration  1:
 integral =  8.133031E-02,  sigma = 5.874E-02
 efficacy = 6.420E-03,  raw efficacy = 6.420E-03
 f_positive = 1.562E-2,  f_zero = 9.844E-1,  f_negative = 0.000E+0
 accumulated statistics:
 integral =  8.133031E-02,  sigma = 5.874E-02,  chi^2/iteration = 0.000E+00

 MONACO:  grid written to file GRID/grid2_2_7.vout.1
  
  result for virtual contribution, no.            3
  sigma =    8.1330312292329870E-002  +-    5.8742438957577539E-002  fb  
  
 total result for virtual contns so far 
  sigma =    19.645039201317495       +-    10.873370749794482       fb
  
  
 Subprocess           8
  

 MONACO input parameters:
 ndim = 13,  ncall =     128,   rtype = 0
 nprn =  0,  acc = -1.0E+0,  alph =  8.75E-1,  nd = 48,  mds =  0

 MONACO:  continuing with uniform grid

 iteration  1:
 integral =  1.927413E+00,  sigma = 1.906E+00
 efficacy = 7.901E-03,  raw efficacy = 7.901E-03
 f_positive = 3.906E-2,  f_zero = 9.609E-1,  f_negative = 0.000E+0
 accumulated statistics:
 integral =  1.927413E+00,  sigma = 1.906E+00,  chi^2/iteration = 0.000E+00

 MONACO:  grid written to file GRID/grid2_2_8.vout.1
  
  result for virtual contribution, no.            1
  sigma =    1.9274133091840095       +-    1.9057865973441026       fb  
  
 total result for virtual contns so far 
  sigma =    1.9274133091840095       +-    1.9057865973441026       fb
  

 MONACO input parameters:
 ndim = 13,  ncall =       2,   rtype = 0
 nprn =  0,  acc = -1.0E+0,  alph =  8.75E-1,  nd = 48,  mds =  0

 MONACO:  continuing with uniform grid

 iteration  1:
 integral =  0.000000E+00,  sigma = 0.000E+00
 efficacy = 0.000E+00,  raw efficacy = 0.000E+00
 f_positive = 0.000E+0,  f_zero = 1.000E+0,  f_negative = 0.000E+0
 accumulated statistics:
 integral =  0.000000E+00,  sigma = 0.000E+00,  chi^2/iteration = 0.000E+00

 MONACO:  grid written to file GRID/grid2_2_8.vout.1
  
  result for virtual contribution, no.            2
  sigma =    0.0000000000000000       +-    0.0000000000000000       fb  
  
 total result for virtual contns so far 
  sigma =    1.9274133091840095       +-    1.9057865973441026       fb
  

 MONACO input parameters:
 ndim = 13,  ncall =      64,   rtype = 0
 nprn =  0,  acc = -1.0E+0,  alph =  8.75E-1,  nd = 48,  mds =  0

 MONACO:  continuing with uniform grid

 iteration  1:
 integral =  3.291420E-01,  sigma = 3.291E-01
 efficacy = 1.563E-02,  raw efficacy = 1.563E-02
 f_positive = 4.688E-2,  f_zero = 9.531E-1,  f_negative = 0.000E+0
 accumulated statistics:
 integral =  3.291420E-01,  sigma = 3.291E-01,  chi^2/iteration = 0.000E+00

 MONACO:  grid written to file GRID/grid2_2_8.vout.1
  
  result for virtual contribution, no.            3
  sigma =   0.32914196257764405       +-   0.32910202012222450       fb  
  
 total result for virtual contns so far 
  sigma =    2.2565552717616537       +-    1.9339934576582574       fb
  
  total result for virtual PS            2
  sigma =    471.50898548530228       +-    166.58920371833406       fb
  
 
  Total (multi-channel) result (NLO virtual):    489.23916775420184       +-    166.95932103855975       fb     34.126319404263562      %
 
   
 Summary for FF ..
   
 
total number of errors and warnings
===================================
vbffferr: no errors
the warning system has been disabled
 
  
 PHASE SPACE            1
  

 MONACO input parameters:
 ndim = 16,  ncall =     512,   rtype = 0
 nprn =  0,  acc = -1.0E+0,  alph =  8.75E-1,  nd = 48,  mds =  0

 MONACO:  continuing with uniform grid
 QCD W+A jjj amplitude square information:
 external b quarks are included
 alpha parameter of dipoles:    1.0000000000000000     
 -----------------------------------------------

 iteration  1:
 integral =  3.865366E-01,  sigma = 7.151E-01
 efficacy = 1.129E-03,  raw efficacy = 1.129E-03
 f_positive = 7.812E-3,  f_zero = 9.766E-1,  f_negative = 1.562E-2
 accumulated statistics:
 integral =  3.865366E-01,  sigma = 7.151E-01,  chi^2/iteration = 0.000E+00

 MONACO:  grid written to file grid3_1.out.1
 
  result for real emissions 
  sigma =   0.38653660978971283       +-   0.71512692642904108       fb
  
  
 PHASE SPACE            2
  

 MONACO input parameters:
 ndim = 16,  ncall =    1024,   rtype = 0
 nprn =  0,  acc = -1.0E+0,  alph =  8.75E-1,  nd = 48,  mds =  0

 MONACO:  continuing with uniform grid

 iteration  1:
 integral =  2.560390E-01,  sigma = 1.372E+01
 efficacy = 2.792E-05,  raw efficacy = 2.792E-05
 f_positive = 2.051E-2,  f_zero = 9.258E-1,  f_negative = 5.371E-2
 accumulated statistics:
 integral =  2.560390E-01,  sigma = 1.372E+01,  chi^2/iteration = 0.000E+00

 MONACO:  grid written to file grid3_2.out.1
 
  result for real emissions 
  sigma =   0.25603901566837506       +-    13.716520635025732       fb
  
 
  Total (multi-channel) result (NLO real):   0.64257562545808788       +-    13.735149975591478       fb     2137.5149369850096      %
 
  
  final result at NLO 
  sigma =    489.88174337965989       +-    167.52333934860792       fb   34.196689632252088      %

  penbox/ fermionloops instabilites 
      total calls                      0
      instabilities dble               0   0.0000000000000000      %
      instabilities quad               0   0.0000000000000000      %
  Box instabilites 
      total calls                      0
      instabilities dble               0   0.0000000000000000      %
      instabilities quad               0   0.0000000000000000      %
  Pentagon instabilites 
      total calls                      0
      instabilities dble               0   0.0000000000000000      %
      instabilities quad               0   0.0000000000000000      %
  Hexagon instabilites 
      total calls                      0
      instabilities dble               0   0.0000000000000000      %
      instabilities quad               0   0.0000000000000000      %
 LO for different PHASESPACE:
   15.896330212486772       +-    10.914529518455762       fb   68.660686916797047     
   204.42600146832604       +-    78.950416258233162       fb   38.620535397238015     
 

 ========================================
    results of individual contributions
 ========================================

 virtual contributions
 gnlo           1   434.95072310669519       +-    163.09511442567296     
 gnlo           2   0.0000000000000000       +-    0.0000000000000000     
 gnlo           3   54.288444647506644       +-    35.712722272790884     

 total virtual contributions for different phase spaces
 subproc           1   17.730182268899551       +-    11.110899430210516     
 subproc           2   471.50898548530228       +-    166.58920371833406     

 total virtual contributions for different subprocesses
 subproc           1   107.85680925919964       +-    47.975863312861058     
 subproc           2   104.25733262613781       +-    76.465524256808749     
 subproc           3   79.341156473562151       +-    76.061403606262985     
 subproc           4   105.08424843581928       +-    104.18404269576581     
 subproc           5   62.936479822634553       +-    54.256578043853978     
 subproc           6   7.3462571185351653       +-    4.6011468692107700     
 subproc           7   20.159894491694068       +-    10.881911863414029     
 subproc           8   2.2569895266191398       +-    1.9339934958403853     

 RE subprocesses
 PS            1
 subproc           1  0.38653660978971283       +-   0.71512692642904108     
 PS            2
 subproc           1  0.25603901566837506       +-    13.716520635025732     
  
  
  
 !!!!!!!!!!!!!!!!!!!!!!!!!!!!!!!!!!!!!!!!!!!!!!!!!!!!!!!!!!!!!!!!!!!!!!!!!!!!!!!!!!!!!!!!!!!!!!!!!!!!!!!!
   
  PROCESS:         3270   :   p p -->  W+ A jj -->  e+ ve A jj (QCD induced)
   
  TOTAL result (LO):      220.32233168081285  +-   79.70128720389357 fb   36.17485644594532 %
  NLO virtual result:     489.23916775420184  +-  166.95932103855972 fb   34.12631940426355 %
  QCD real emission:        0.64257562545809  +-   13.73514997559148 fb 2137.51493698500963 %
  TOTAL result (NLO):     489.88174337965989  +-  167.52333934860792 fb   34.19668963225209 %
  Approx. error due to instable points:    0.0000000000000000       %
  K-Factor:                  2.2234774824794670     
 !!!!!!!!!!!!!!!!!!!!!!!!!!!!!!!!!!!!!!!!!!!!!!!!!!!!!!!!!!!!!!!!!!!!!!!!!!!!!!!!!!!!!!!!!!!!!!!!!!!!!!!!
  
  
  Endtime: 2024-04-30T14:53:30+0200
  Runtime: 0:00:00 (0 seconds)
