running on itppc59
command to run:
/itp/fast/robin/vbfnlo-installs/mpi-disable/bin/vbfnlo
   
 -----------------------------------------------------------------
 VBFNLO, version 3.0.0 beta2 GIT a9d9ebca
 Comput. Phys. Commun. 180 (2009) 1661[arXiv:0811.4559 [hep-ph]]
 arXiV:1107.4038, arXiV:1207.4975, arXiv:1404.3940
 http://www.itp.kit.edu/vbfnlo
 -----------------------------------------------------------------
 Process-specific references (please cite as well if appropriate):
 B. Jager, C. Oleari, D. Zeppenfeld
 Phys. Rev. D75 (2007) 073004, e-Print: /hep-ph/0701105
 B. Feigl, PhD-thesis, http://digbib.ubka.uni-karlsruhe.de/volltexte/1000037298
 
 -----------------------------------------------------------------
   
   
  
        Information on global parameters
 -----------------------------------------------
   PROCESS               =      221
   LOPROCESS_PLUS_JET    =        F
   KK_MOD                =        F
   ANOM_CPL              =        F
   LEPTONS               =    12  -11
  
   Numbers for the final state leptons are not
   valid default values are used:          -11          11           0           0           0           0
  
   DECAY_QUARKS          =    93
   LO_ITERATIONS         =        6
   NLO_ITERATIONS        =        6
   LO_POINTS             =       24
   NLO_POINTS            =       24
   NLO_SWITCH            =        T
   EWCOR_SWITCH          =        F
   FERMIONLOOP           =        3
 Warning: cannot read value for key = NLO_SEMILEP_DECAY. Using default value :            0
   LHA_SWITCH            =        F
   HEPMC_SWITCH          =        F
   LO_GRID               = grid2_1                                           
   NLO_GRID              = grid3_1                                           
   PHTN_GRID             = grid4_1                                           
   FLOOP_GRID            = grid5_1                                           
   ECM                   =  14000.0    
   BEAM1                 =        1
   BEAM2                 =        1
   ID_MUF                =        1
   ID_MUR                =        1
   MUF_USER              =  100.000    
   MUR_USER              =  100.000    
   XIF                   =  1.00000    
   XIR                   =  1.00000    
 Warning: cannot read value for key = SHOWTIMING. Using default value :  T
 
       information on the selected process 
 -----------------------------------------------
 
  pp -> W+ Z jj -> l+ l- q q~ jj
 
 W+ Z + 2 jets production in vector boson fusion with subsequent decay of the
 Z-boson to leptons and the W-boson to q q~.
 The Higgs contribution is included.
 Process is implemented at LO and NLO QCD.
 Anomalous couplings can be set in "anomV.dat".
 References: B. Jager, C. Oleari, D. Zeppenfeld
 Phys. Rev. D75 (2007) 073004, e-Print: /hep-ph/0701105
 B. Feigl, PhD-thesis, http://digbib.ubka.uni-karlsruhe.de/volltexte/1000037298
 
 Initializing PDF set CT10
  
               Physics parameters
 -----------------------------------------------
   HTYPE                 =        0
   MODEL                 =        1
   ANOM_CPL              =        F
   KK_MOD                =        F
   SPIN2                 =        F
   HMASS                 =  120.000    
   HWIDTH                = -999.000    
   TOPMASS               =  172.400    
   BOTTOMMASS            =  4.85500    
   CHARMMASS             =  1.65000    
   TAU_MASS              =  1.77684    
   EWSCHEME              =        3
   FERMI_CONST           = 0.116637E-04
   WMASS                 =  80.3980    
   ZMASS                 =  91.1876    
   
 Running in the SM
   
 Higgs mass =   120.00000000000000     
   
   
  
 Information on scale setting in InitScales 
 -------------------------------------------
  
 Dynamical factorization scale chosen:
         momentum transfer of W/Z  
 Dynamical value for alphas chosen:
 alphas = alpha(momentum transfer of W/Z)
 Initializing PDF set cteq6l1
  
  
  
  
   Information on couplings, masses and widths
 ===============================================
  
   SM coupling parameters 
 ---------------------------
   G_Fermi                         : 0.000011663700
   SIN**2 of the weak mixing angle : 0.22264585
   Q.E.D. fine structure constant  : 1/132.34070    
   SU(2) coupling constant g       : 0.65305673
   U(1) coupling constant g'       : 0.34950127
   Q.C.D. LO alfas(MZ)             : 0.12980813
   Q.C.D. NLO alfas(MZ)            : 0.11798159
  
      particle masses
 ---------------------------
   mass of the Z0 boson            :   91.1876
   mass of the W+/- boson          :   80.3980
   mass of the Higgs boson         :  120.0000
   mass of the top quark           :  172.4000
   mass of the bottom quark at MH  :    2.8132
  (All other fermions have mass equal ZERO)
  
      particle widths
 ---------------------------
   total widths of Z0              :   2.508420 GeV
   total widths of W+ or W-        :   2.097673 GeV
   total widths of Higgs           :   0.003578 GeV
   total widths of top quark       :   1.339784 GeV
  
     branching ratios
 ---------------------------
   W -> lepton anti-lepton         : 10.8397227 %
   W -> massless quark anti-quark  : 33.7404159 %
   W -> top bottom                 :  0.0000000 %
  
   Z -> neutrino anti-neutrino     :  6.6129820 %
   Z -> charged lepton anti-lepton :  3.3460763 %
   Z -> up-type quark anti-quark   : 11.9908090 %
   Z -> down-type quark anti-quark : 15.3804024 %
   Z -> top anti-top               :  0.0000000 %
  
   H -> WW                         : 13.4257085 %
   H -> ZZ                         :  1.5167593 %
   H -> bottom anti-bottom         : 65.5969832 %
   H -> top anti-top               :  0.0000000 %
   H -> charm anti-charm           :  3.8970452 %
   H -> tau anti-tau               :  6.9405324 %
   H -> mu anti-mu                 :  0.0245739 %
   H -> gluon gluon                :  8.2279367 %
   H -> gamma gamma                :  0.2323288 %
   H -> Z gamma                    :  0.1381319 %
  
 Warning: cannot read value for key = MLL_OSONLY. Using default value :  T
 Warning: cannot read value for key = PTMISS_MIN. Using default value :    0.0000000000000000     
 Warning: cannot read value for key = VBFCUTS_ALWAYS. Using default value :  F
 
          information on cut parameters
 -----------------------------------------------
 
 minimum jet pt        (PT_JET_MIN):     20.00    20.00    20.00    20.00    20.00   
 maximum jet rapidity                 (Y_JET_MAX):    4.5000000000000000     
 maximum parton pseudorapidity          (Y_P_MAX):    5.0000000000000000     
 minimum jet-jet R-separation           (RJJ_MIN):   0.80000000000000004     
 minimum number of jets                (NJET_MIN):            4
 single jet from hadronic decay (SINGLE_DECAYJET):            0
 exponent of generalised kT algorithm (PGENKTJET):    1.0000000000000000     
 minimum lepton-lepton R-separation     (RLL_MIN):    0.0000000000000000     
 maximum lepton-lepton R-separation     (RLL_MAX):    50.000000000000000     
 minimum jet-lepton R-separation        (RJL_MIN):    0.0000000000000000     
 minimum jet-photon R-separation        (RJG_MIN):    0.0000000000000000     
 minimum lepton-photon R-separation     (RLG_MIN):    0.0000000000000000     
 minimum photon-photon R-separation     (RGG_MIN):    0.0000000000000000     
 maximum photon-photon R-separation     (RGG_MAX):    50.000000000000000     
 maximum lepton rapidity                (Y_L_MAX):    2.5000000000000000     
 minimum lepton pt       (PT_L_MIN):     10.00    10.00   
 minimum invariant dilepton mass        (MLL_MIN):    15.000000000000000     
 maximum invariant dilepton mass        (MLL_MAX):    14000.000000000000     
 m_ll cuts only on opposite-sign l   (MLL_OSONLY):  T
 maximum photon rapidity                (Y_G_MAX):    1.5000000000000000     
 minimum photon pt       (PT_G_MIN):    
 photon isolation cut                 (PHISOLCUT):   0.69999999999999996     
 efficiency of photon isolation cut   (EFISOLCUT):    1.0000000000000000     
 minimum invariant lepton-photon mass   (MLG_MIN):    0.0000000000000000     
 maximum invariant lepton-photon mass   (MLG_MAX):    1.0000000000000000E+020
 minimal missing transverse momentum (PTMISS_MIN):    0.0000000000000000     
 minimum jet rapidity separation      (ETAJJ_MIN):    4.0000000000000000     
 tagging jets in opposite hemispheres     (YSIGN):    T
 leptons fall inside rapidity gap     (LRAPIDGAP):    T
 min leptons y-dist from tagging jets   (DELY_JL):    0.0000000000000000     
 photons fall inside rapidity gap     (GRAPIDGAP):    T
 min photons y-dist from tagging jets   (DELY_JG):    0.0000000000000000     
 dijet min mass cut on tag jets        (MDIJ_MIN):    600.00000000000000     
 dijet max mass cut on tag jets        (MDIJ_MAX):    14000.000000000000     
 veto criteria for jets                   (JVETO):    F
 minimum veto-tag y-dist             (DELY_JVETO):    0.0000000000000000     
 maximum |y| for veto jet             (YMAX_VETO):    5.0000000000000000     
 minimum pT for veto jet             (PTMIN_VETO):    10.000000000000000     
 definition of tagging jets          (DEF_TAGJET):            2
 max |y| for "central region"       (ETA_CENTRAL):    2.0000000000000000     
 minimal pt for harder tagging jet  (PTMIN_TAG_1):    20.000000000000000     
 minimal pt for softer tagging jet  (PTMIN_TAG_2):    20.000000000000000     
 mass reconst. cut for V -> had   (RECONST_HAD_V):            0
 mass range for RECONST_HAD_V      (V_MASS_RANGE):    20.000000000000000     
 
 
          information on technical cuts
 -----------------------------------------------
  
 Photon exchange with virtuality Q^2 <        4.0 GeV^2 is eliminated. 
  Recover by calculating  q gamma ---> q g V (V)   etc.
  

        phase space generator information  
 -----------------------------------------------

 boson  0 has mass   171.59 GeV and width   500.0000 GeV
 integration range for boson  0 =      0.032  to     9899.495 GeV
 boson  3 has mass    80.40 GeV and width     2.0977 GeV
 integration range for boson  3 =      0.032  to     9899.495 GeV
 boson  2 has mass    91.19 GeV and width     2.5084 GeV
 integration range for boson  2 =      0.032  to     9899.495 GeV

 machine energy =    14000.0  GeV
 Minimal mom.transfer or mass for parton pair:   100.00 MeV

 -----------------------------------------------

  Open error on file random.dat
  Using default values.
  Random number generator initialized with seed =            0
 
          information on histogram config
 -----------------------------------------------
 
  Open error on file histograms.dat
  Using default values.
 SMEARING           =      F
 CALC_ERROR_GNUPLOT =      F
 CALC_ERROR_ROOT    =      F
 CALC_ERROR_1D      =      T
 CALC_ERROR_2D      =      F
 
HIST_ID1      =      0.00    250.00  # dS/dpT_j (fb/GeV)
HIST_ID2      =      0.00    500.00  # dS/dpTmax_j (fb/GeV)
HIST_ID3      =      0.00    200.00  # dS/dpTmin_j (fb/GeV)
HIST_ID4      =     -5.00      5.00  # dS/dy_j (fb)
HIST_ID5      =     -5.00      5.00  # dS/dy_j1 (fb)
HIST_ID6      =     -5.00      5.00  # dS/dy_j2 (fb)
HIST_ID7      =      0.00    500.00  # dS/dpTmax_l (fb/GeV)
HIST_ID8      =      0.00    200.00  # dS/dpTmin_l (fb/GeV)
HIST_ID9      =      0.00      5.00  # dS/d|eta|max_l (fb)
HIST_ID10     =      0.00      5.00  # dS/d|eta|min_l (fb)
HIST_ID11     =   -180.00    180.00  # dS/dPhi_jj (fb)
2DHIST_ID1    =      0.00      6.00      0.00    800.00  # d2S/dy_jj dm_jj (fb/GeV)
 
 -----------------------------------------------
 
 
 
Starttime: 2016-11-30T11:43:30+0100

 MONACO input parameters:
 ndim = 15,  ncall =     512k,   rtype = 0
 nprn =  0,  acc = -1.0E+0,  alph = 8.75E-1,  nd = 48,  mds =  0

 MONACO:  continuing with uniform grid
  
       W+Zjj amplitude square information:
 -----------------------------------------------
  
  v(v) to WZ/WA tensors initialized to  (  0.0000000000000000     ,  0.0000000000000000     )
  External b-quark contributions are excluded
  creal =   -4.0797362673929065       cvirtual =   -3.7101318663035472     
  virt factor for alphas = 0.12 is   0.81104453988909386     

 iteration  1:
 integral =  6.134412E-01,  sigma = 9.549E-02
 efficacy = 1.779E-05,  raw efficacy = 1.779E-05
 f_positive = 7.545E-3,  f_zero = 9.925E-1,  f_negative = 0.000E+0
 accumulated statistics:
 integral =  6.134412E-01,  sigma = 9.549E-02,  chi^2/iteration = 0.000E+00

 MONACO:  grid written to file grid2_1.out.1

 MONACO input parameters:
 ndim = 15,  ncall =       1M,   rtype = 0
 nprn =  0,  acc = -1.0E+0,  alph = 8.75E-1,  nd = 48,  mds =  0

 iteration  2:
 integral =  7.115050E-01,  sigma = 2.699E-02
 efficacy = 4.427E-05,  raw efficacy = 8.092E-07
 f_positive = 4.915E-2,  f_zero = 9.509E-1,  f_negative = 0.000E+0
 accumulated statistics:
 integral =  7.042489E-01,  sigma = 2.597E-02,  chi^2/iteration = 9.766E+05

 MONACO:  grid written to file grid2_1.out.2

 MONACO input parameters:
 ndim = 15,  ncall =       2M,   rtype = 0
 nprn =  0,  acc = -1.0E+0,  alph = 8.75E-1,  nd = 48,  mds =  0

 iteration  3:
 integral =  7.437238E-01,  sigma = 1.064E-02
 efficacy = 5.384E-05,  raw efficacy = 1.195E-07
 f_positive = 1.011E-1,  f_zero = 8.989E-1,  f_negative = 0.000E+0
 accumulated statistics:
 integral =  7.380511E-01,  sigma = 9.847E-03,  chi^2/iteration = 2.954E+00

 MONACO:  grid written to file grid2_1.out.3

 MONACO input parameters:
 ndim = 15,  ncall =       4M,   rtype = 0
 nprn =  0,  acc = -1.0E+0,  alph = 8.75E-1,  nd = 48,  mds =  0

 iteration  4:
 integral =  7.399343E-01,  sigma = 4.156E-03
 efficacy = 8.607E-05,  raw efficacy = 1.164E-07
 f_positive = 1.103E-1,  f_zero = 8.897E-1,  f_negative = 0.000E+0
 accumulated statistics:
 integral =  7.396495E-01,  sigma = 3.829E-03,  chi^2/iteration = 1.493E+00

 MONACO:  grid written to file grid2_1.out.4

 MONACO input parameters:
 ndim = 15,  ncall =       8M,   rtype = 0
 nprn =  0,  acc = -1.0E+0,  alph = 8.75E-1,  nd = 48,  mds =  0

 iteration  5:
 integral =  7.371871E-01,  sigma = 2.142E-03
 efficacy = 2.456E-04,  raw efficacy = 4.190E-08
 f_positive = 1.120E-1,  f_zero = 8.880E-1,  f_negative = 0.000E+0
 accumulated statistics:
 integral =  7.377742E-01,  sigma = 1.870E-03,  chi^2/iteration = 1.100E+00

 MONACO:  grid written to file grid2_1.out.5

 MONACO input parameters:
 ndim = 15,  ncall =      16M,   rtype = 0
 nprn =  0,  acc = -1.0E+0,  alph = 8.75E-1,  nd = 48,  mds =  0

 iteration  6:
 integral =  7.409516E-01,  sigma = 1.393E-03
 efficacy = 1.459E-04,  raw efficacy = 3.628E-08
 f_positive = 1.217E-1,  f_zero = 8.783E-1,  f_negative = 0.000E+0
 accumulated statistics:
 integral =  7.398169E-01,  sigma = 1.117E-03,  chi^2/iteration = 1.289E+00

 MONACO:  grid written to file grid2_1.out.6
 
  result (LO):   0.73981688221638231       +-    1.1172535827046917E-003  fb    0.15101758415644215      %
 
   
 Initialising FF ..
   
 ====================================================
   FF 2.0, a package to evaluate one-loop integrals
 written by G. J. van Oldenborgh, NIKHEF-H, Amsterdam
 ====================================================
 for the algorithms used see preprint NIKHEF-H 89/17,
 'New Algorithms for One-loop Integrals', by G.J. van
 Oldenborgh and J.A.M. Vermaseren, published in 
 Zeitschrift fuer Physik C46(1990)425.
 ====================================================
 Initializing PDF set CT10

 MONACO input parameters:
 ndim = 15,  ncall =      16M,   rtype = 0
 nprn =  0,  acc = -1.0E+0,  alph = 8.75E-1,  nd = 48,  mds =  0

 MONACO:  grid read from file grid2_1.out.6                                                                                                                                                                                                                                             

 iteration  1:
 integral =  6.252337E-01,  sigma = 1.065E-03
 efficacy = 2.507E-04,  raw efficacy = 3.627E-08
 f_positive = 1.244E-1,  f_zero = 8.756E-1,  f_negative = 0.000E+0
 accumulated statistics:
 integral =  6.252337E-01,  sigma = 1.065E-03,  chi^2/iteration = 1.164E-10

 MONACO:  grid written to file grid2_1.vout.1
  
  result for virtual contribution, no.            1
  sigma =   0.62523368861100181       +-    1.0652406123624646E-003  fb  
  
 total result for virtual contns so far 
  sigma =   0.62523368861100181       +-    1.0652406123624646E-003  fb
  

 MONACO input parameters:
 ndim = 15,  ncall =       1M,   rtype = 0
 nprn =  0,  acc = -1.0E+0,  alph = 8.75E-1,  nd = 48,  mds =  0

 MONACO:  grid read from file grid2_1.out.6                                                                                                                                                                                                                                             

 iteration  1:
 integral =  1.794291E-02,  sigma = 4.599E-04
 efficacy = 1.458E-04,  raw efficacy = 2.813E-08
 f_positive = 8.204E-2,  f_zero = 8.753E-1,  f_negative = 4.266E-2
 accumulated statistics:
 integral =  1.794291E-02,  sigma = 4.599E-04,  chi^2/iteration = 0.000E+00

 MONACO:  grid written to file grid2_1.vout.2
  
  result for virtual contribution, no.            2
  sigma =    1.7942911427700051E-002  +-    4.5987034444406168E-004  fb  
  
 total result for virtual contns so far 
  sigma =   0.64317660003870192       +-    1.1602664762568376E-003  fb
  

 MONACO input parameters:
 ndim = 15,  ncall =     128k,   rtype = 0
 nprn =  0,  acc = -1.0E+0,  alph = 8.75E-1,  nd = 48,  mds =  0

 MONACO:  grid read from file grid2_1.out.6                                                                                                                                                                                                                                             

 iteration  1:
 integral = -2.287241E-04,  sigma = 5.693E-04
 efficacy = 4.585E-06,  raw efficacy = 1.975E-08
 f_positive = 6.087E-2,  f_zero = 8.755E-1,  f_negative = 6.366E-2
 accumulated statistics:
 integral = -2.287241E-04,  sigma = 5.693E-04,  chi^2/iteration = 0.000E+00

 MONACO:  grid written to file grid2_1.vout.3
  
  result for virtual contribution, no.            3
  sigma =   -2.2872406036747971E-004  +-    5.6933449012429999E-004  fb  
  
 total result for virtual contns so far 
  sigma =   0.64294787597833447       +-    1.2924241012804408E-003  fb
  
   
 Summary for FF ..
   
 
total number of errors and warnings
===================================
vbffferr: no errors
the warning system has been disabled
 

 MONACO input parameters:
 ndim = 18,  ncall =     512k,   rtype = 0
 nprn =  0,  acc = -1.0E+0,  alph = 8.75E-1,  nd = 48,  mds =  0

 MONACO:  continuing with uniform grid
  
       W+Zjjj amplitude square information:
 -----------------------------------------------
  
  v(v) to WZ/WA tensors initialized to  (  0.0000000000000000     ,  0.0000000000000000     )
  External b-quark contributions are excluded
  creal =   -4.0797362673929065       cvirtual =   -3.7101318663035472     
  virt factor for alphas = 0.12 is   0.81104453988909386     

 iteration  1:
 integral =  4.449965E-01,  sigma = 7.831E-02
 efficacy = 1.738E-05,  raw efficacy = 1.738E-05
 f_positive = 2.095E-2,  f_zero = 9.733E-1,  f_negative = 5.762E-3
 accumulated statistics:
 integral =  4.449965E-01,  sigma = 7.831E-02,  chi^2/iteration = 7.105E-15

 MONACO:  grid written to file grid3_1.out.1

 MONACO input parameters:
 ndim = 18,  ncall =       1M,   rtype = 0
 nprn =  0,  acc = -1.0E+0,  alph = 8.75E-1,  nd = 48,  mds =  0

 iteration  2:
 integral =  5.476571E-01,  sigma = 8.485E-02
 efficacy = 6.718E-06,  raw efficacy = 3.865E-07
 f_positive = 7.481E-2,  f_zero = 9.141E-1,  f_negative = 1.112E-2
 accumulated statistics:
 integral =  4.922180E-01,  sigma = 5.755E-02,  chi^2/iteration = 7.905E+05

 MONACO:  grid written to file grid3_1.out.2

 MONACO input parameters:
 ndim = 18,  ncall =       2M,   rtype = 0
 nprn =  0,  acc = -1.0E+0,  alph = 8.75E-1,  nd = 48,  mds =  0

 iteration  3:
 integral =  4.944743E-01,  sigma = 1.689E-02
 efficacy = 2.971E-05,  raw efficacy = 5.453E-08
 f_positive = 1.369E-1,  f_zero = 8.478E-1,  f_negative = 1.531E-2
 accumulated statistics:
 integral =  4.942954E-01,  sigma = 1.621E-02,  chi^2/iteration = 7.919E-01

 MONACO:  grid written to file grid3_1.out.3

 MONACO input parameters:
 ndim = 18,  ncall =       4M,   rtype = 0
 nprn =  0,  acc = -1.0E+0,  alph = 8.75E-1,  nd = 48,  mds =  0

 iteration  4:
 integral =  4.990417E-01,  sigma = 8.811E-03
 efficacy = 3.064E-05,  raw efficacy = 1.696E-08
 f_positive = 1.654E-1,  f_zero = 8.159E-1,  f_negative = 1.862E-2
 accumulated statistics:
 integral =  4.979588E-01,  sigma = 7.741E-03,  chi^2/iteration = 4.291E-01

 MONACO:  grid written to file grid3_1.out.4

 MONACO input parameters:
 ndim = 18,  ncall =       8M,   rtype = 0
 nprn =  0,  acc = -1.0E+0,  alph = 8.75E-1,  nd = 48,  mds =  0

 iteration  5:
 integral =  4.986816E-01,  sigma = 5.101E-03
 efficacy = 2.077E-05,  raw efficacy = 7.606E-09
 f_positive = 1.746E-1,  f_zero = 8.065E-1,  f_negative = 1.888E-2
 accumulated statistics:
 integral =  4.984628E-01,  sigma = 4.260E-03,  chi^2/iteration = 2.881E-01

 MONACO:  grid written to file grid3_1.out.5

 MONACO input parameters:
 ndim = 18,  ncall =      16M,   rtype = 0
 nprn =  0,  acc = -1.0E+0,  alph = 8.75E-1,  nd = 48,  mds =  0

 iteration  6:
 integral =  5.010048E-01,  sigma = 3.016E-03
 efficacy = 2.413E-05,  raw efficacy = 2.842E-09
 f_positive = 1.709E-1,  f_zero = 8.088E-1,  f_negative = 2.036E-2
 accumulated statistics:
 integral =  5.001560E-01,  sigma = 2.461E-03,  chi^2/iteration = 2.754E-01

 MONACO:  grid written to file grid3_1.out.6
 
  result for real emissions 
  sigma =   0.50015601037424262       +-    2.4613937806621262E-003  fb
  
  
  final result at NLO 
  sigma =    1.1431038863525771       +-    2.7800754308206729E-003  fb  0.24320409229745119      %
 
   
 TOTAL VIRTUAL CONTRIBUTIONS:
 TOTAL borntype:
  0.62523368861100181        1.0652406123624646E-003  0.17037479453945731       %
 TOTAL boxes:
   1.7942911427700051E-002   4.5987034444406168E-004   2.5629639108295401       %
 TOTAL pentagons:
  -2.2872406036747971E-004   5.6933449012429999E-004  -248.91762117617984       %
  
  created GNUplot file for histograms : histograms.gp                                     
  
  
 !!!!!!!!!!!!!!!!!!!!!!!!!!!!!!!!!!!!!!!!!!!!!!!!!!!!!!!!!!!!!!!!!!!!!!!!!!!!!!!!!!!!!!!!!!!!!!!!!!!!!!!!
   
  PROCESS:          221   :   p p -->  W+ Z jj -->  q q~ e+ e- jj
    with leading order hadronic decay of one vector boson
   
  TOTAL result (LO):         0.73981688221638231       +-    1.1172535827046917E-003  fb    0.15101758415644215      %
  NLO virtual result:        0.64294787597833447       +-    1.2924241012804408E-003  fb    0.20101537769509512      %
  QCD real emission:         0.50015601037424262       +-    2.4613937806621262E-003  fb    0.49212520285828099      %
  TOTAL result (NLO):         1.1431038863525771       +-    2.7800754308206729E-003  fb    0.24320409229745119      %
  K-Factor:                   1.5451173308292268     
 !!!!!!!!!!!!!!!!!!!!!!!!!!!!!!!!!!!!!!!!!!!!!!!!!!!!!!!!!!!!!!!!!!!!!!!!!!!!!!!!!!!!!!!!!!!!!!!!!!!!!!!!
  
  
  Endtime: 2016-11-30T17:38:08+0100
  Runtime: 5:54:38 (21278 seconds)
