   
 -----------------------------------------------------------------
 VBFNLO, version 3.0.0 beta0 svn 7626
 Comput. Phys. Commun. 180 (2009) 1661[arXiv:0811.4559 [hep-ph]]
 arXiV:1107.4038, arXiV:1207.4975, arXiv:1404.3940
 http://www.itp.kit.edu/vbfnlo
 -----------------------------------------------------------------
   
   
   
 Initialising LoopTools ..
   
 ====================================================
   FF 2.0, a package to evaluate one-loop integrals
 written by G. J. van Oldenborgh, NIKHEF-H, Amsterdam
 ====================================================
 for the algorithms used see preprint NIKHEF-H 89/17,
 'New Algorithms for One-loop Integrals', by G.J. van
 Oldenborgh and J.A.M. Vermaseren, published in 
 Zeitschrift fuer Physik C46(1990)425.
 ====================================================
  
        Information on global parameters
 -----------------------------------------------
   PROCESS               =      450
   LOPROCESS_PLUS_JET    =        F
   KK_MOD                =        F
   ANOM_CPL              =        F
   LEPTONS               =    11  -11   13  -13   15  -15
   LO_ITERATIONS         =        6
   NLO_ITERATIONS        =        6
   LO_POINTS             =       26
   NLO_POINTS            =       26
   NLO_SWITCH            =        T
   EWCOR_SWITCH          =        F
   FERMIONLOOP           =        3
   LHA_SWITCH            =        F
   HEPMC_SWITCH          =        F
   LO_GRID               = grid2_1                                           
                           grid2_2                                           
   NLO_GRID              = grid3_1                                           
                           grid3_2                                           
   PHTN_GRID             = grid4_1                                           
                           grid4_2                                           
   FLOOP_GRID            = grid5_1                                           
                           grid5_2                                           
   ECM                   =  14000.0    
   BEAM1                 =        1
   BEAM2                 =        1
   ID_MUF                =        4
   ID_MUR                =        4
   MUF_USER              =  100.000    
   MUR_USER              =  100.000    
   XIF                   =  1.00000    
   XIR                   =  1.00000    
 
       information on the selected process 
 -----------------------------------------------
 
  pp -> Z Z Z -> l- l+ l- l+ l- l+
 
 Z Z Z production with subsequent decay of the  vector bosons to leptons.
 Process is implemented at LO and NLO QCD.
 Anomalous couplings can be set in "anomV.dat".
 
 Initializing PDF set CT10
  
               Physics parameters
 -----------------------------------------------
   HTYPE                 =        0
   MODEL                 =        1
   ANOM_CPL              =        F
   KK_MOD                =        F
   SPIN2                 =        F
   HMASS                 =  120.000    
   HWIDTH                = -999.000    
   TOPMASS               =  172.400    
   BOTTOMMASS            =  4.85500    
   CHARMMASS             =  1.65000    
   TAU_MASS              =  1.77684    
   EWSCHEME              =        3
   FERMI_CONST           = 0.116637E-04
   WMASS                 =  80.3980    
   ZMASS                 =  91.1876    
   
 Running in the SM
   
 Higgs mass =   120.00000000000000     
   
  
 Information on scale setting in InitScales 
 -------------------------------------------
  
 Dynamical factorization scale chosen:
       invariant VVV mass 
 Dynamical value for alphas chosen:
 alphas = alpha(invariant VVV mass)
 Initializing PDF set cteq6l1
  
  
  
  
   Information on couplings, masses and widths
 ===============================================
  
   SM coupling parameters 
 ---------------------------
   G_Fermi                         : 0.000011663700
   SIN**2 of the weak mixing angle : 0.22264585
   Q.E.D. fine structure constant  : 1/132.34070    
   SU(2) coupling constant g       : 0.65305673
   U(1) coupling constant g'       : 0.34950127
   Q.C.D. LO alfas(MZ)             : 0.12980813
   Q.C.D. NLO alfas(MZ)            : 0.11798159
  
      particle masses
 ---------------------------
   mass of the Z0 boson            :   91.1876
   mass of the W+/- boson          :   80.3980
   mass of the Higgs boson         :  120.0000
   mass of the top quark           :  172.4000
   mass of the bottom quark at MH  :    2.8132
  (All other fermions have mass equal ZERO)
  
      particle widths
 ---------------------------
   total widths of Z0              :   2.508420 GeV
   total widths of W+ or W-        :   2.097673 GeV
   total widths of Higgs           :   0.003584 GeV
   total widths of top quark       :   1.339784 GeV
  
     branching ratios
 ---------------------------
   W -> lepton anti-lepton         : 10.8397227 %
   W -> massless quark anti-quark  : 33.7404159 %
   W -> top bottom                 :  0.0000000 %
  
   Z -> neutrino anti-neutrino     :  6.6129820 %
   Z -> charged lepton anti-lepton :  3.3460763 %
   Z -> up-type quark anti-quark   : 11.9908090 %
   Z -> down-type quark anti-quark : 15.3804024 %
   Z -> top anti-top               :  0.0000000 %
  
   H -> WW                         : 13.4042449 %
   H -> ZZ                         :  1.6940721 %
   H -> bottom anti-bottom         : 65.4907510 %
   H -> top anti-top               :  0.0000000 %
   H -> charm anti-charm           :  3.8907341 %
   H -> tau anti-tau               :  6.9292925 %
   H -> mu anti-mu                 :  0.0245341 %
   H -> gluon gluon                :  8.2146118 %
   H -> gamma gamma                :  0.2319526 %
   H -> Z gamma                    :  0.1198070 %
  
 Warning: cannot read value for key = MLL_OSONLY. Using default value :  T
 Warning: cannot read value for key = PTMISS_MIN. Using default value :    0.0000000000000000     
 
          information on cut parameters
 -----------------------------------------------
 
 minimum jet pt        (PT_JET_MIN):     20.00   
 maximum jet rapidity                 (Y_JET_MAX):    4.5000000000000000     
 maximum parton pseudorapidity          (Y_P_MAX):    5.0000000000000000     
 minimum jet-jet R-separation           (RJJ_MIN):   0.80000000000000004     
 minimum number of jets                (NJET_MIN):            0
 single jet from hadronic decay (SINGLE_DECAYJET):            0
 exponent of generalised kT algorithm (PGENKTJET):    1.0000000000000000     
 minimum lepton-lepton R-separation     (RLL_MIN):    0.0000000000000000     
 maximum lepton-lepton R-separation     (RLL_MAX):    50.000000000000000     
 minimum jet-lepton R-separation        (RJL_MIN):    0.0000000000000000     
 minimum jet-photon R-separation        (RJG_MIN):    0.0000000000000000     
 minimum lepton-photon R-separation     (RLG_MIN):    0.0000000000000000     
 minimum photon-photon R-separation     (RGG_MIN):    0.0000000000000000     
 maximum photon-photon R-separation     (RGG_MAX):    50.000000000000000     
 maximum lepton rapidity                (Y_L_MAX):    2.5000000000000000     
 minimum lepton pt       (PT_L_MIN):     10.00    10.00    10.00    10.00    10.00   
 10.00   
 minimum invariant dilepton mass        (MLL_MIN):    15.000000000000000     
 maximum invariant dilepton mass        (MLL_MAX):    14000.000000000000     
 m_ll cuts only on opposite-sign l   (MLL_OSONLY):  T
 maximum photon rapidity                (Y_G_MAX):    1.5000000000000000     
 minimum photon pt       (PT_G_MIN):    
 photon isolation cut                 (PHISOLCUT):   0.69999999999999996     
 efficiency of photon isolation cut   (EFISOLCUT):    1.0000000000000000     
 minimum invariant lepton-photon mass   (MLG_MIN):    0.0000000000000000     
 maximum invariant lepton-photon mass   (MLG_MAX):    1.0000000000000000E+020
 minimal missing transverse momentum (PTMISS_MIN):    0.0000000000000000     
 minimum jet rapidity separation      (ETAJJ_MIN):    0.0000000000000000     
 tagging jets in opposite hemispheres     (YSIGN):    F
 leptons fall inside rapidity gap     (LRAPIDGAP):    F
 min leptons y-dist from tagging jets   (DELY_JL):    0.0000000000000000     
 photons fall inside rapidity gap     (GRAPIDGAP):    T
 min photons y-dist from tagging jets   (DELY_JG):    0.0000000000000000     
 dijet min mass cut on tag jets        (MDIJ_MIN):    600.00000000000000     
 dijet max mass cut on tag jets        (MDIJ_MAX):    14000.000000000000     
 veto criteria for jets                   (JVETO):    F
 minimum veto-tag y-dist             (DELY_JVETO):    0.0000000000000000     
 maximum |y| for veto jet             (YMAX_VETO):    5.0000000000000000     
 minimum pT for veto jet             (PTMIN_VETO):    10.000000000000000     
 

 --------------------PHASE SPACE--------------------

 boson has mass    91.19 GeV and width     2.5084 GeV
 integration range for boson   2 =      0.032  to     9899.495 GeV
 boson has mass    91.19 GeV and width     2.5084 GeV
 integration range for boson   2 =      0.032  to     9899.495 GeV
 boson has mass    91.19 GeV and width     2.5084 GeV
 integration range for boson   2 =      0.032  to     9899.495 GeV

 machine energy =    14000.0  GeV

 ---------------------------------------------------

  Random number generator initialized with seed =            0
 
          information on histogram config
 -----------------------------------------------
 
 SMEARING           =      T
 SMEAR_VALUE        =       0.20000000000000001     
 CALC_ERROR_GNUPLOT =      F
 CALC_ERROR_ROOT    =      F
 CALC_ERROR_1D      =      T
 CALC_ERROR_2D      =      F
 
HIST_ID1      =      0.00    250.00  # dS/dpT_j (fb/GeV)
HIST_ID2      =      0.00    500.00  # dS/dpTmax_j (fb/GeV)
HIST_ID3      =      0.00    200.00  # dS/dpTmin_j (fb/GeV)
HIST_ID4      =     -5.00      5.00  # dS/dy_j (fb)
HIST_ID5      =     -5.00      5.00  # dS/dy_j1 (fb)
HIST_ID6      =     -5.00      5.00  # dS/dy_j2 (fb)
HIST_ID7      =      0.00    500.00  # dS/dpTmax_l (fb/GeV)
HIST_ID8      =      0.00    200.00  # dS/dpTmin_l (fb/GeV)
HIST_ID9      =      0.00      5.00  # dS/d|eta|max_l (fb)
HIST_ID10     =      0.00      5.00  # dS/d|eta|min_l (fb)
HIST_ID11     =   -180.00    180.00  # dS/dPhi_jj (fb)
2DHIST_ID1    =      0.00      6.00      0.00    800.00  # d2S/dy_jj dm_jj (fb/GeV)
 
 -----------------------------------------------
 
 
 
  
 PHASE SPACE           1
  

 MONACO input parameters:
 ndim = 16,  ncall =       2M,   rtype = 0
 nprn =  0,  acc = -1.0E+0,  alph = 8.75E-1,  nd = 48,  mds =  0

 MONACO:  continuing with uniform grid
  
 ZZZ amplitude square information:
 -----------------------------------------------
  
  precalculated tensors initialized to  (  0.0000000000000000     ,  0.0000000000000000     )
  External b-quark contributions are included

 iteration  1:
 integral =  1.089884E-03,  sigma = 3.432E-05
 efficacy = 3.767E-05,  raw efficacy = 3.767E-05
 f_positive = 3.800E-2,  f_zero = 9.610E-1,  f_negative = 1.036E-3
 accumulated statistics:
 integral =  1.089884E-03,  sigma = 3.432E-05,  chi^2/iteration = 0.000E+00

 MONACO:  grid written to file grid2_1.out.1

 MONACO input parameters:
 ndim = 16,  ncall =       4M,   rtype = 0
 nprn =  0,  acc = -1.0E+0,  alph = 8.75E-1,  nd = 48,  mds =  0

 iteration  2:
 integral =  1.140399E-03,  sigma = 1.571E-05
 efficacy = 2.970E-05,  raw efficacy = 6.624E-06
 f_positive = 1.060E-1,  f_zero = 8.921E-1,  f_negative = 1.864E-3
 accumulated statistics:
 integral =  1.131646E-03,  sigma = 1.429E-05,  chi^2/iteration = 1.791E+06

 MONACO:  grid written to file grid2_1.out.2

 MONACO input parameters:
 ndim = 16,  ncall =       8M,   rtype = 0
 nprn =  0,  acc = -1.0E+0,  alph = 8.75E-1,  nd = 48,  mds =  0

 iteration  3:
 integral =  1.149536E-03,  sigma = 7.894E-06
 efficacy = 5.223E-05,  raw efficacy = 3.518E-06
 f_positive = 1.508E-1,  f_zero = 8.463E-1,  f_negative = 2.939E-3
 accumulated statistics:
 integral =  1.145351E-03,  sigma = 6.910E-06,  chi^2/iteration = 2.992E+00

 MONACO:  grid written to file grid2_1.out.3

 MONACO input parameters:
 ndim = 16,  ncall =      16M,   rtype = 0
 nprn =  0,  acc = -1.0E+0,  alph = 8.75E-1,  nd = 48,  mds =  0

 iteration  4:
 integral =  1.140209E-03,  sigma = 6.149E-06
 efficacy = 1.619E-05,  raw efficacy = 1.453E-06
 f_positive = 1.542E-1,  f_zero = 8.430E-1,  f_negative = 2.810E-3
 accumulated statistics:
 integral =  1.142482E-03,  sigma = 4.594E-06,  chi^2/iteration = 1.651E+00

 MONACO:  grid written to file grid2_1.out.4

 MONACO input parameters:
 ndim = 16,  ncall =      32M,   rtype = 0
 nprn =  0,  acc = -1.0E+0,  alph = 8.75E-1,  nd = 48,  mds =  0

 iteration  5:
 integral =  1.141206E-03,  sigma = 4.293E-06
 efficacy = 1.327E-05,  raw efficacy = 5.363E-07
 f_positive = 1.543E-1,  f_zero = 8.422E-1,  f_negative = 3.459E-3
 accumulated statistics:
 integral =  1.141801E-03,  sigma = 3.136E-06,  chi^2/iteration = 1.114E+00

 MONACO:  grid written to file grid2_1.out.5

 MONACO input parameters:
 ndim = 16,  ncall =      64M,   rtype = 0
 nprn =  0,  acc = -1.0E+0,  alph = 8.75E-1,  nd = 48,  mds =  0
  random number setting in monaco saved 

 iteration  6:
 integral =  1.140927E-03,  sigma = 2.554E-06
 efficacy = 3.023E-05,  raw efficacy = 2.054E-07
 f_positive = 1.359E-1,  f_zero = 8.609E-1,  f_negative = 3.146E-3
 accumulated statistics:
 integral =  1.141276E-03,  sigma = 1.981E-06,  chi^2/iteration = 8.472E-01

 MONACO:  grid written to file grid2_1.out.6
 
  result (LO):    1.1412756286892079E-003  +-    1.9805331670420307E-006  fb    0.17353679665592592      %
 
  
 PHASE SPACE           2
  

 MONACO input parameters:
 ndim = 16,  ncall =       2M,   rtype = 0
 nprn =  0,  acc = -1.0E+0,  alph = 8.75E-1,  nd = 48,  mds =  0

 MONACO:  continuing with uniform grid

 iteration  1:
 integral =  3.677945E-04,  sigma = 1.110E-05
 efficacy = 7.007E-05,  raw efficacy = 7.007E-05
 f_positive = 5.523E-2,  f_zero = 9.448E-1,  f_negative = 0.000E+0
 accumulated statistics:
 integral =  3.677945E-04,  sigma = 1.110E-05,  chi^2/iteration = 2.274E-13

 MONACO:  grid written to file grid2_2.out.1

 MONACO input parameters:
 ndim = 16,  ncall =       4M,   rtype = 0
 nprn =  0,  acc = -1.0E+0,  alph = 8.75E-1,  nd = 48,  mds =  0

 iteration  2:
 integral =  3.793190E-04,  sigma = 4.545E-06
 efficacy = 6.799E-05,  raw efficacy = 1.434E-05
 f_positive = 6.563E-2,  f_zero = 9.344E-1,  f_negative = 0.000E+0
 accumulated statistics:
 integral =  3.776650E-04,  sigma = 4.206E-06,  chi^2/iteration = 9.228E+05

 MONACO:  grid written to file grid2_2.out.2

 MONACO input parameters:
 ndim = 16,  ncall =       8M,   rtype = 0
 nprn =  0,  acc = -1.0E+0,  alph = 8.75E-1,  nd = 48,  mds =  0

 iteration  3:
 integral =  3.731461E-04,  sigma = 2.651E-06
 efficacy = 6.517E-05,  raw efficacy = 1.093E-05
 f_positive = 7.571E-2,  f_zero = 9.243E-1,  f_negative = 0.000E+0
 accumulated statistics:
 integral =  3.744306E-04,  sigma = 2.243E-06,  chi^2/iteration = 1.749E+00

 MONACO:  grid written to file grid2_2.out.3

 MONACO input parameters:
 ndim = 16,  ncall =      16M,   rtype = 0
 nprn =  0,  acc = -1.0E+0,  alph = 8.75E-1,  nd = 48,  mds =  0

 iteration  4:
 integral =  3.744922E-04,  sigma = 1.575E-06
 efficacy = 1.115E-04,  raw efficacy = 7.997E-06
 f_positive = 7.797E-2,  f_zero = 9.220E-1,  f_negative = 0.000E+0
 accumulated statistics:
 integral =  3.744719E-04,  sigma = 1.289E-06,  chi^2/iteration = 8.747E-01

 MONACO:  grid written to file grid2_2.out.4

 MONACO input parameters:
 ndim = 16,  ncall =      32M,   rtype = 0
 nprn =  0,  acc = -1.0E+0,  alph = 8.75E-1,  nd = 48,  mds =  0

 iteration  5:
 integral =  3.755113E-04,  sigma = 1.076E-06
 efficacy = 4.093E-05,  raw efficacy = 1.367E-06
 f_positive = 8.126E-2,  f_zero = 9.187E-1,  f_negative = 0.000E+0
 accumulated statistics:
 integral =  3.750846E-04,  sigma = 8.258E-07,  chi^2/iteration = 7.109E-01

 MONACO:  grid written to file grid2_2.out.5

 MONACO input parameters:
 ndim = 16,  ncall =      64M,   rtype = 0
 nprn =  0,  acc = -1.0E+0,  alph = 8.75E-1,  nd = 48,  mds =  0
  random number setting in monaco saved 

 iteration  6:
 integral =  3.744699E-04,  sigma = 7.571E-07
 efficacy = 2.848E-05,  raw efficacy = 1.094E-06
 f_positive = 8.610E-2,  f_zero = 9.139E-1,  f_negative = 0.000E+0
 accumulated statistics:
 integral =  3.747506E-04,  sigma = 5.580E-07,  chi^2/iteration = 6.085E-01

 MONACO:  grid written to file grid2_2.out.6
 
  result (LO):    3.7475059147083176E-004  +-    5.5804339093968252E-007  fb    0.14891060978702075      %
 
 
  Total (multi-channel) result (LO):    1.5160262201600397E-003  +-    2.0576501286479668E-006  fb    0.13572655283170171      %
  
   
 Initialising FF ..
   
 ====================================================
   FF 2.0, a package to evaluate one-loop integrals
 written by G. J. van Oldenborgh, NIKHEF-H, Amsterdam
 ====================================================
 for the algorithms used see preprint NIKHEF-H 89/17,
 'New Algorithms for One-loop Integrals', by G.J. van
 Oldenborgh and J.A.M. Vermaseren, published in 
 Zeitschrift fuer Physik C46(1990)425.
 ====================================================
 ====================================================
   FF 2.0, a package to evaluate one-loop integrals
 written by G. J. van Oldenborgh, NIKHEF-H, Amsterdam
 ====================================================
 for the algorithms used see preprint NIKHEF-H 89/17,
 'New Algorithms for One-loop Integrals', by G.J. van
 Oldenborgh and J.A.M. Vermaseren, published in 
 Zeitschrift fuer Physik C46(1990)425.
 ====================================================
 Initializing PDF set CT10
  
 PHASE SPACE            1
  

 MONACO input parameters:
 ndim = 16,  ncall =      64M,   rtype = 0
 nprn =  0,  acc = -1.0E+0,  alph = 8.75E-1,  nd = 48,  mds =  0

 MONACO:  grid read from file grid2_1.out.6                                                                                                                                                                                                                                             

 iteration  1:
 integral =  1.483738E-03,  sigma = 1.521E-05
 efficacy = 1.751E-06,  raw efficacy = 1.281E-07
 f_positive = 1.350E-1,  f_zero = 8.624E-1,  f_negative = 2.659E-3
 accumulated statistics:
 integral =  1.483738E-03,  sigma = 1.521E-05,  chi^2/iteration = 0.000E+00

 MONACO:  grid written to file grid2_1.vout.1
  
  result for virtual contribution, no.            1
  sigma =    1.4837378326216391E-003  +-    1.5209628298549707E-005  fb  
  
 total result for virtual contns so far 
  sigma =    1.4837378326216391E-003  +-    1.5209628298549707E-005  fb
  

 MONACO input parameters:
 ndim = 16,  ncall =      16M,   rtype = 0
 nprn =  0,  acc = -1.0E+0,  alph = 8.75E-1,  nd = 48,  mds =  0

 MONACO:  grid read from file grid2_1.out.6                                                                                                                                                                                                                                             

 iteration  1:
 integral =  4.138948E-06,  sigma = 2.456E-07
 efficacy = 2.285E-06,  raw efficacy = 6.924E-08
 f_positive = 8.028E-2,  f_zero = 8.624E-1,  f_negative = 5.731E-2
 accumulated statistics:
 integral =  4.138948E-06,  sigma = 2.456E-07,  chi^2/iteration = 0.000E+00

 MONACO:  grid written to file grid2_1.vout.2
  
  result for virtual contribution, no.            2
  sigma =    4.1389475940666479E-006  +-    2.4560232048054172E-007  fb  
  
 total result for virtual contns so far 
  sigma =    1.4878767802157058E-003  +-    1.5211611140174124E-005  fb
  

 MONACO input parameters:
 ndim = 16,  ncall =       4M,   rtype = 0
 nprn =  0,  acc = -1.0E+0,  alph = 8.75E-1,  nd = 48,  mds =  0

 MONACO:  grid read from file grid2_1.out.6                                                                                                                                                                                                                                             

 iteration  1:
 integral =  1.329607E-04,  sigma = 1.217E-06
 efficacy = 8.995E-05,  raw efficacy = 1.476E-06
 f_positive = 1.074E-1,  f_zero = 8.625E-1,  f_negative = 3.003E-2
 accumulated statistics:
 integral =  1.329607E-04,  sigma = 1.217E-06,  chi^2/iteration = 1.819E-12

 MONACO:  grid written to file grid2_1.vout.3
  
  result for virtual contribution, no.            3
  sigma =    1.3296067601927203E-004  +-    1.2166150235961605E-006  fb  
  
 total result for virtual contns so far 
  sigma =    1.6208374562349777E-003  +-    1.5260185634372518E-005  fb
  
  
 PHASE SPACE            2
  

 MONACO input parameters:
 ndim = 16,  ncall =      64M,   rtype = 0
 nprn =  0,  acc = -1.0E+0,  alph = 8.75E-1,  nd = 48,  mds =  0

 MONACO:  grid read from file grid2_2.out.6                                                                                                                                                                                                                                             

 iteration  1:
 integral =  4.355204E-04,  sigma = 1.306E-06
 efficacy = 7.099E-06,  raw efficacy = 6.273E-07
 f_positive = 8.797E-2,  f_zero = 9.120E-1,  f_negative = 0.000E+0
 accumulated statistics:
 integral =  4.355204E-04,  sigma = 1.306E-06,  chi^2/iteration = 0.000E+00

 MONACO:  grid written to file grid2_2.vout.1
  
  result for virtual contribution, no.            1
  sigma =    4.3552043105873390E-004  +-    1.3059937063750445E-006  fb  
  
 total result for virtual contns so far 
  sigma =    4.3552043105873390E-004  +-    1.3059937063750445E-006  fb
  

 MONACO input parameters:
 ndim = 16,  ncall =      16M,   rtype = 0
 nprn =  0,  acc = -1.0E+0,  alph = 8.75E-1,  nd = 48,  mds =  0

 MONACO:  grid read from file grid2_2.out.6                                                                                                                                                                                                                                             

 iteration  1:
 integral =  0.000000E+00,  sigma = 0.000E+00
 efficacy = 0.000E+00,  raw efficacy = 0.000E+00
 f_positive = 0.000E+0,  f_zero = 1.000E+0,  f_negative = 0.000E+0
 accumulated statistics:
 integral =  0.000000E+00,  sigma = 0.000E+00,  chi^2/iteration = 0.000E+00

 MONACO:  grid written to file grid2_2.vout.2
  
  result for virtual contribution, no.            2
  sigma =    0.0000000000000000       +-    0.0000000000000000       fb  
  
 total result for virtual contns so far 
  sigma =    4.3552043105873390E-004  +-    1.3059937063750445E-006  fb
  

 MONACO input parameters:
 ndim = 16,  ncall =       4M,   rtype = 0
 nprn =  0,  acc = -1.0E+0,  alph = 8.75E-1,  nd = 48,  mds =  0

 MONACO:  grid read from file grid2_2.out.6                                                                                                                                                                                                                                             

 iteration  1:
 integral =  0.000000E+00,  sigma = 0.000E+00
 efficacy = 0.000E+00,  raw efficacy = 0.000E+00
 f_positive = 0.000E+0,  f_zero = 1.000E+0,  f_negative = 0.000E+0
 accumulated statistics:
 integral =  0.000000E+00,  sigma = 0.000E+00,  chi^2/iteration = 0.000E+00

 MONACO:  grid written to file grid2_2.vout.3
  
  result for virtual contribution, no.            3
  sigma =    0.0000000000000000       +-    0.0000000000000000       fb  
  
 total result for virtual contns so far 
  sigma =    4.3552043105873390E-004  +-    1.3059937063750445E-006  fb
  
 
  Total (multi-channel) result (NLO virtual):    2.0563578872937116E-003  +-    1.5315968306202535E-005  fb    0.74481044378706152      %
 
   
 Summary for FF ..
   
 
total number of errors and warnings
===================================
vbffferr: no errors
the warning system has been disabled
 
 vbfquadffopen: error: could not open /itp/scratch/rauch/vbfquadnlotest/binaryrelease30/share/VBFNLO/ff/fferr.dat                                                     
         adjust path in vbfquadffopen (vbfquadffinit.f)
vbfquadfferr:  warning cannot open fferr.dat with error texts
 
total number of errors and warnings
===================================
vbfquadfferr: no errors
the warning system has been disabled
 
  
 PHASE SPACE            1
  

 MONACO input parameters:
 ndim = 19,  ncall =       2M,   rtype = 0
 nprn =  0,  acc = -1.0E+0,  alph = 8.75E-1,  nd = 48,  mds =  0

 MONACO:  continuing with uniform grid
  External b-quark contributions are included
  
  creal =   -6.5797362673929038       cvirtual =    5.1594725347858095     
  

 iteration  1:
 integral =  1.447200E-04,  sigma = 3.058E-05
 efficacy = 3.030E-06,  raw efficacy = 3.030E-06
 f_positive = 4.176E-2,  f_zero = 9.125E-1,  f_negative = 4.575E-2
 accumulated statistics:
 integral =  1.447200E-04,  sigma = 3.058E-05,  chi^2/iteration = 0.000E+00

 MONACO:  grid written to file grid3_1.out.1

 MONACO input parameters:
 ndim = 19,  ncall =       4M,   rtype = 0
 nprn =  0,  acc = -1.0E+0,  alph = 8.75E-1,  nd = 48,  mds =  0

 iteration  2:
 integral =  9.659580E-05,  sigma = 2.421E-05
 efficacy = 1.791E-06,  raw efficacy = 9.421E-08
 f_positive = 8.617E-2,  f_zero = 8.576E-1,  f_negative = 5.618E-2
 accumulated statistics:
 integral =  1.151381E-04,  sigma = 1.898E-05,  chi^2/iteration = 1.522E+06

 MONACO:  grid written to file grid3_1.out.2

 MONACO input parameters:
 ndim = 19,  ncall =       8M,   rtype = 0
 nprn =  0,  acc = -1.0E+0,  alph = 8.75E-1,  nd = 48,  mds =  0

 iteration  3:
 integral =  1.216072E-04,  sigma = 2.575E-05
 efficacy = 7.809E-07,  raw efficacy = 6.050E-08
 f_positive = 1.075E-1,  f_zero = 8.311E-1,  f_negative = 6.141E-2
 accumulated statistics:
 integral =  1.174156E-04,  sigma = 1.528E-05,  chi^2/iteration = 1.563E+00

 MONACO:  grid written to file grid3_1.out.3

 MONACO input parameters:
 ndim = 19,  ncall =      16M,   rtype = 0
 nprn =  0,  acc = -1.0E+0,  alph = 8.75E-1,  nd = 48,  mds =  0

 iteration  4:
 integral =  3.037473E-04,  sigma = 1.984E-04
 efficacy = 9.136E-08,  raw efficacy = 1.222E-07
 f_positive = 1.137E-1,  f_zero = 8.230E-1,  f_negative = 6.331E-2
 accumulated statistics:
 integral =  1.185139E-04,  sigma = 1.523E-05,  chi^2/iteration = 1.220E+00

 MONACO:  grid written to file grid3_1.out.4

 MONACO input parameters:
 ndim = 19,  ncall =      32M,   rtype = 0
 nprn =  0,  acc = -1.0E+0,  alph = 8.75E-1,  nd = 48,  mds =  0

 iteration  5:
 integral =  1.338063E-04,  sigma = 1.355E-05
 efficacy = 4.871E-07,  raw efficacy = 1.244E-07
 f_positive = 7.240E-2,  f_zero = 8.912E-1,  f_negative = 3.640E-2
 accumulated statistics:
 integral =  1.270524E-04,  sigma = 1.012E-05,  chi^2/iteration = 1.001E+00

 MONACO:  grid written to file grid3_1.out.5

 MONACO input parameters:
 ndim = 19,  ncall =      64M,   rtype = 0
 nprn =  0,  acc = -1.0E+0,  alph = 8.75E-1,  nd = 48,  mds =  0

 iteration  6:
 integral =  1.263051E-04,  sigma = 7.098E-06
 efficacy = 3.397E-07,  raw efficacy = 5.291E-08
 f_positive = 8.372E-2,  f_zero = 8.693E-1,  f_negative = 4.698E-2
 accumulated statistics:
 integral =  1.265514E-04,  sigma = 5.812E-06,  chi^2/iteration = 7.516E-01

 MONACO:  grid written to file grid3_1.out.6
 
  result for real emissions 
  sigma =    1.2655138908954680E-004  +-    5.8118393826397944E-006  fb
  
  
 PHASE SPACE            2
  

 MONACO input parameters:
 ndim = 19,  ncall =       2M,   rtype = 0
 nprn =  0,  acc = -1.0E+0,  alph = 8.75E-1,  nd = 48,  mds =  0

 MONACO:  continuing with uniform grid

 iteration  1:
 integral =  1.609542E-04,  sigma = 1.311E-04
 efficacy = 5.890E-07,  raw efficacy = 5.890E-07
 f_positive = 2.097E-2,  f_zero = 9.578E-1,  f_negative = 2.124E-2
 accumulated statistics:
 integral =  1.609542E-04,  sigma = 1.311E-04,  chi^2/iteration = 0.000E+00

 MONACO:  grid written to file grid3_2.out.1

 MONACO input parameters:
 ndim = 19,  ncall =       4M,   rtype = 0
 nprn =  0,  acc = -1.0E+0,  alph = 8.75E-1,  nd = 48,  mds =  0

 iteration  2:
 integral =  1.017947E-05,  sigma = 1.826E-05
 efficacy = 1.538E-07,  raw efficacy = 6.267E-08
 f_positive = 3.361E-2,  f_zero = 9.376E-1,  f_negative = 2.884E-2
 accumulated statistics:
 integral =  1.304994E-05,  sigma = 1.809E-05,  chi^2/iteration = 1.298E+06

 MONACO:  grid written to file grid3_2.out.2

 MONACO input parameters:
 ndim = 19,  ncall =       8M,   rtype = 0
 nprn =  0,  acc = -1.0E+0,  alph = 8.75E-1,  nd = 48,  mds =  0

 iteration  3:
 integral =  2.924849E-05,  sigma = 6.102E-06
 efficacy = 7.815E-07,  raw efficacy = 4.805E-08
 f_positive = 4.210E-2,  f_zero = 9.275E-1,  f_negative = 3.043E-2
 accumulated statistics:
 integral =  2.759308E-05,  sigma = 5.782E-06,  chi^2/iteration = 2.018E+00

 MONACO:  grid written to file grid3_2.out.3

 MONACO input parameters:
 ndim = 19,  ncall =      16M,   rtype = 0
 nprn =  0,  acc = -1.0E+0,  alph = 8.75E-1,  nd = 48,  mds =  0

 iteration  4:
 integral =  2.533569E-05,  sigma = 2.381E-06
 efficacy = 2.191E-06,  raw efficacy = 3.842E-08
 f_positive = 4.880E-2,  f_zero = 9.120E-1,  f_negative = 3.917E-2
 accumulated statistics:
 integral =  2.566294E-05,  sigma = 2.201E-06,  chi^2/iteration = 1.074E+00

 MONACO:  grid written to file grid3_2.out.4

 MONACO input parameters:
 ndim = 19,  ncall =      32M,   rtype = 0
 nprn =  0,  acc = -1.0E+0,  alph = 8.75E-1,  nd = 48,  mds =  0

 iteration  5:
 integral =  2.885098E-05,  sigma = 1.285E-06
 efficacy = 1.695E-06,  raw efficacy = 2.229E-08
 f_positive = 5.466E-2,  f_zero = 9.056E-1,  f_negative = 3.974E-2
 accumulated statistics:
 integral =  2.804087E-05,  sigma = 1.110E-06,  chi^2/iteration = 1.238E+00

 MONACO:  grid written to file grid3_2.out.5

 MONACO input parameters:
 ndim = 19,  ncall =      64M,   rtype = 0
 nprn =  0,  acc = -1.0E+0,  alph = 8.75E-1,  nd = 48,  mds =  0

 iteration  6:
 integral =  2.699626E-05,  sigma = 1.030E-06
 efficacy = 7.529E-07,  raw efficacy = 6.738E-09
 f_positive = 5.246E-2,  f_zero = 9.065E-1,  f_negative = 4.100E-2
 accumulated statistics:
 integral =  2.747982E-05,  sigma = 7.550E-07,  chi^2/iteration = 1.047E+00

 MONACO:  grid written to file grid3_2.out.6
 
  result for real emissions 
  sigma =    2.7479824172428217E-005  +-    7.5501456699826600E-007  fb
  
 
  Total (multi-channel) result (NLO real):    1.5403121326197500E-004  +-    5.8606760707261820E-006  fb     3.8048626292116472      %
 
 
total number of errors and warnings
===================================
fferr: no errors
 
  
  final result at NLO 
  sigma =    2.2103891005556867E-003  +-    1.6398975857125441E-005  fb  0.74190448428300593      %
 
 
 LO for different PHASESPACE:
   1.1412756286892079E-003  +-    1.9805331670420307E-006  fb  0.17353679665592592     
   3.7475059147083176E-004  +-    5.5804339093968252E-007  fb  0.14891060978702075     
  
  
 VIRTUAL CONTRIBUTIONS for different PHASESPACE:
  borntype for different PHASESPACE:
   1.4837378326216391E-003  +-    1.5209628298549707E-005  fb   1.0250886621712396     
   4.3552043105873390E-004  +-    1.3059937063750445E-006  fb  0.29986967619411620     
  boxes for different PHASESPACE:
   4.1389475940666479E-006  +-    2.4560232048054172E-007  fb   5.9339316311378951     
   0.0000000000000000       +-    0.0000000000000000       fb                       NaN
 pentagons for different PHASESPACE:
   1.3296067601927203E-004  +-    1.2166150235961605E-006  fb  0.91501868072618542     
   0.0000000000000000       +-    0.0000000000000000       fb                       NaN
   
 TOTAL VIRTUAL CONTRIBUTIONS:
 TOTAL borntype:
   1.9192582636803730E-003   1.5265595715239393E-005  0.79539038617794255       %
 TOTAL boxes:
   4.1389475940666479E-006   2.4560232048054172E-007   5.9339316311378951       %
 TOTAL pentagons:
   1.3296067601927203E-004   1.2166150235961605E-006  0.91501868072618542       %
  
  
  REAL EMISSION for different PHASESPACE:
   1.2655138908954680E-004   5.8118393826397944E-006   4.5924737961804443       %
   2.7479824172428217E-005   7.5501456699826600E-007   2.7475232820296109       %
  
  
  
 !!!!!!!!!!!!!!!!!!!!!!!!!!!!!!!!!!!!!!!!!!!!!!!!!!!!!!!!!!!!!!!!!!!!!!!!!!!!!!!!!!!!!!!!!!!!!!!!!!!!!!!!
     VBFNLO 3.0.0 beta0 svn 7626
   
  PROCESS:          450   :   p p -->  ZZZ -->  e- e+ mu- mu+ mtau- mtau+
   
  TOTAL result (LO):          1.5160262201600397E-003  +-    2.0576501286479668E-006  fb    0.13572655283170171      %
  NLO virtual result:         2.0563578872937116E-003  +-    1.5315968306202535E-005  fb    0.74481044378706152      %
  QCD real emission:          1.5403121326197500E-004  +-    5.8606760707261820E-006  fb     3.8048626292116472      %
  TOTAL result (NLO):         2.2103891005556867E-003  +-    1.6398975857125441E-005  fb    0.74190448428300593      %
  K-Factor:                   1.4580150865216213     
 !!!!!!!!!!!!!!!!!!!!!!!!!!!!!!!!!!!!!!!!!!!!!!!!!!!!!!!!!!!!!!!!!!!!!!!!!!!!!!!!!!!!!!!!!!!!!!!!!!!!!!!!
  
  
