   
 -----------------------------------------------------------------
 VBFNLO, version 3.0.0 GIT 1571c2fe
 Comput. Phys. Commun. 180 (2009) 1661[arXiv:0811.4559 [hep-ph]]
 arXiV:1107.4038, arXiV:1207.4975, arXiv:1404.3940
 http://www.itp.kit.edu/vbfnlo
 -----------------------------------------------------------------
 Process-specific references (please cite as well if appropriate):
 N. Kaiser diploma thesis
 e-Print: http://www.itp.kit.edu/prep/diploma/PSFiles/Diplom_Kaiser.pdf
 
 -----------------------------------------------------------------
   
   
  
        Information on global parameters
 -----------------------------------------------
   PROCESS               =      270
   LOPROCESS_PLUS_JET    =        F
   KK_MOD                =        F
   ANOM_CPL              =        F
   LEPTONS               =    12  -11
   LO_ITERATIONS         =        1
   NLO_ITERATIONS        =        1
   LO_POINTS             =       10
   NLO_POINTS            =       10
   NLO_SWITCH            =        T
   EWCOR_SWITCH          =        F
   FERMIONLOOP           =        3
   LHA_SWITCH            =        F
   HEPMC_SWITCH          =        F
   LO_GRID               = grid2_1                                           
                           grid2_2                                           
   NLO_GRID              = grid3_1                                           
                           grid3_2                                           
   PHTN_GRID             = grid4_1                                           
                           grid4_2                                           
   FLOOP_GRID            = grid5_1                                           
                           grid5_2                                           
   ECM                   =  13600.0    
   BEAM1                 =        1
   BEAM2                 =        1
   ID_MUF                =        1
   ID_MUR                =        1
   MUF_USER              =  100.000    
   MUR_USER              =  100.000    
   XIF                   =  1.00000    
   XIR                   =  1.00000    
 Warning: cannot read value for key = SHOWTIMING. Using default value :  T
 
       information on the selected process 
 -----------------------------------------------
 
  pp -> W+ A jj -> l+ vl A jj
 
 W+ A + 2 jets production in vector boson fusion with leptonic decay of the W.
 Process is implemented at LO and NLO QCD.
 Anomalous couplings can be set in "anomV.dat".
 References: N. Kaiser diploma thesis
 e-Print: http://www.itp.kit.edu/prep/diploma/PSFiles/Diplom_Kaiser.pdf
 
             Information on PDF sets            
 -----------------------------------------------
 Initializing PDF set CT18
  
               Physics parameters
 -----------------------------------------------
   HTYPE                 =        0
   MODEL                 =        1
   ANOM_CPL              =        F
   KK_MOD                =        F
   SPIN2                 =        F
   HMASS                 =  125.000    
   HWIDTH                = -999.000    
   TOPMASS               =  172.500    
   BOTTOMMASS            =  4.85500    
   CHARMMASS             =  1.65000    
   TAU_MASS              =  1.77684    
   EWSCHEME              =        3
   FERMI_CONST           = 0.116637E-04
   WMASS                 =  80.3980    
   ZMASS                 =  91.1876    
   
 Running in the SM
   
 Higgs mass =   125.00000000000000     
   
   
  
 Information on scale setting in InitScales 
 -------------------------------------------
  
 Dynamical factorization scale chosen:
         momentum transfer of W/Z  
 Dynamical value for alphas chosen:
 alphas = alpha(momentum transfer of W/Z)
  
  
   Information on couplings, masses and widths
 ===============================================
  
   SM coupling parameters 
 ---------------------------
   G_Fermi                         : 0.000011663700
   SIN**2 of the weak mixing angle : 0.22264585
   Q.E.D. fine structure constant  : 1/132.34070    
   SU(2) coupling constant g       : 0.65305673
   U(1) coupling constant g'       : 0.34950127
   Q.C.D. LO alfas(MZ)             : 0.12980813
   Q.C.D. NLO alfas(MZ)            : 0.11798159
  
      particle masses
 ---------------------------
   mass of the Z0 boson            :   91.1876
   mass of the W+/- boson          :   80.3980
   mass of the Higgs boson         :  125.0000
   mass of the top quark           :  172.5000
   mass of the bottom quark at MH  :    2.8039
  (All other fermions have mass equal ZERO)
  
      particle widths
 ---------------------------
   total widths of Z0              :   2.508420 GeV
   total widths of W+ or W-        :   2.097673 GeV
   total widths of Higgs           :   0.004128 GeV
   total widths of top quark       :   1.342520 GeV
  
     branching ratios
 ---------------------------
   W -> lepton anti-lepton         : 10.8397227 %
   W -> massless quark anti-quark  : 33.7404159 %
   W -> top bottom                 :  0.0000000 %
  
   Z -> neutrino anti-neutrino     :  6.6129820 %
   Z -> charged lepton anti-lepton :  3.3460763 %
   Z -> up-type quark anti-quark   : 11.9908090 %
   Z -> down-type quark anti-quark : 15.3804024 %
   Z -> top anti-top               :  0.0000000 %
  
   H -> WW                         : 20.4628169 %
   H -> ZZ                         :  2.5390366 %
   H -> bottom anti-bottom         : 58.7489081 %
   H -> top anti-top               :  0.0000000 %
   H -> charm anti-charm           :  3.4901975 %
   H -> tau anti-tau               :  6.2665676 %
   H -> mu anti-mu                 :  0.0221853 %
   H -> gluon gluon                :  8.0504027 %
   H -> gamma gamma                :  0.2383715 %
   H -> Z gamma                    :  0.1815139 %
  
 Warning: cannot read value for key = MLL_OSONLY. Using default value :  T
 Warning: cannot read value for key = PTMISS_MIN. Using default value :    0.0000000000000000     
 Warning: cannot read value for key = EXISOLCUT. Using default value :    1.0000000000000000     
 Warning: cannot read value for key = MJ_WINDOWV. Using default value :    0.0000000000000000     
 
          information on cut parameters
 -----------------------------------------------
 
 minimum jet pt        (PT_JET_MIN):     30.00    30.00    30.00   
 maximum jet rapidity                 (Y_JET_MAX):    4.5000000000000000     
 maximum parton pseudorapidity          (Y_P_MAX):    5.0000000000000000     
 minimum jet-jet R-separation           (RJJ_MIN):   0.40000000000000002     
 minimum number of jets                (NJET_MIN):            2
 single jet from hadronic decay (SINGLE_DECAYJET):            0
 exponent of generalised kT algorithm (PGENKTJET):   -1.0000000000000000     
 minimum lepton-lepton R-separation     (RLL_MIN):    0.0000000000000000     
 maximum lepton-lepton R-separation     (RLL_MAX):    50.000000000000000     
 minimum jet-lepton R-separation        (RJL_MIN):   0.40000000000000002     
 minimum jet-photon R-separation        (RJG_MIN):   0.69999999999999996     
 minimum lepton-photon R-separation     (RLG_MIN):   0.40000000000000002     
 minimum photon-photon R-separation     (RGG_MIN):    0.0000000000000000     
 maximum photon-photon R-separation     (RGG_MAX):    50.000000000000000     
 maximum lepton rapidity                (Y_L_MAX):    2.5000000000000000     
 minimum lepton pt       (PT_L_MIN):     20.00   
 minimum invariant dilepton mass        (MLL_MIN):    0.0000000000000000     
 maximum invariant dilepton mass        (MLL_MAX):    14000.000000000000     
 m_ll cuts only on opposite-sign l   (MLL_OSONLY):  T
 maximum photon rapidity                (Y_G_MAX):    2.5000000000000000     
 minimum photon pt       (PT_G_MIN):     30.00   
 photon isolation cut                 (PHISOLCUT):   0.69999999999999996     
 efficiency of photon isolation cut   (EFISOLCUT):    1.0000000000000000     
 exponent of photon isolation cut   (EXISOLCUT):    1.0000000000000000     
 minimum invariant lepton-photon mass   (MLG_MIN):    0.0000000000000000     
 maximum invariant lepton-photon mass   (MLG_MAX):    1.0000000000000000E+020
 minimal missing transverse momentum (PTMISS_MIN):    0.0000000000000000     
 minimum jet rapidity separation      (ETAJJ_MIN):    4.0000000000000000     
 tagging jets in opposite hemispheres     (YSIGN):    T
 leptons fall inside rapidity gap     (LRAPIDGAP):    F
 min leptons y-dist from tagging jets   (DELY_JL):    0.0000000000000000     
 photons fall inside rapidity gap     (GRAPIDGAP):    F
 min photons y-dist from tagging jets   (DELY_JG):    0.0000000000000000     
 dijet min mass cut on tag jets        (MDIJ_MIN):    600.00000000000000     
 dijet max mass cut on tag jets        (MDIJ_MAX):    14000.000000000000     
 excluded jet-m window               (MJ_WINDOWV):    85.792800000000000        85.792800000000000     
 veto criteria for jets                   (JVETO):    F
 minimum veto-tag y-dist             (DELY_JVETO):    0.0000000000000000     
 maximum |y| for veto jet             (YMAX_VETO):    5.0000000000000000     
 minimum pT for veto jet             (PTMIN_VETO):    10.000000000000000     
 

 --------------------PHASE SPACE--------------------

 boson has mass    80.40 GeV and width     2.0977 GeV
 integration range for boson   3 =      0.032  to     9616.652 GeV
 boson has mass     0.00 GeV and width     0.0000 GeV
 integration range for boson   1 =      0.032  to     9616.652 GeV

 machine energy =    13600.0  GeV

 configuration   0

 ---------------------------------------------------

  Open error on file random.dat
  Using default values.
  Random number generator initialized with seed =            0
 
          information on histogram config
 -----------------------------------------------
 
  Open error on file histograms.dat
  Using default values.
 SMEARING           =      T
 SMEAR_VALUE        =       0.10000000000000001     
 CALC_ERROR_GNUPLOT =      F
 CALC_ERROR_ROOT    =      F
 CALC_ERROR_1D      =      T
 CALC_ERROR_2D      =      F
 
HIST_ID1      =      0.00    250.00  # dS/dpT_j (fb/GeV)
HIST_ID2      =      0.00    500.00  # dS/dpTmax_j (fb/GeV)
HIST_ID3      =      0.00    200.00  # dS/dpTmin_j (fb/GeV)
HIST_ID4      =     -5.00      5.00  # dS/dy_j (fb)
HIST_ID5      =     -5.00      5.00  # dS/dy_j1 (fb)
HIST_ID6      =     -5.00      5.00  # dS/dy_j2 (fb)
HIST_ID7      =      0.00    500.00  # dS/dpTmax_l (fb/GeV)
HIST_ID8      =      0.00    200.00  # dS/dpTmin_l (fb/GeV)
HIST_ID9      =      0.00      5.00  # dS/d|eta|max_l (fb)
HIST_ID10     =      0.00      5.00  # dS/d|eta|min_l (fb)
HIST_ID11     =   -180.00    180.00  # dS/dPhi_jj (fb)
2DHIST_ID1    =      0.00      6.00      0.00    800.00  # d2S/dy_jj dm_jj (fb/GeV)
 
 -----------------------------------------------
 
Starttime: 2024-04-30T14:53:23+0200
  
 PHASE SPACE           1
  

 MONACO input parameters:
 ndim = 12,  ncall =    1024,   rtype = 0
 nprn =  0,  acc = -1.0E+0,  alph =  8.75E-1,  nd = 48,  mds =  0

 MONACO:  continuing with uniform grid
  
       W+Ajj amplitude square information:
 -----------------------------------------------
  
  v(v) to WZ/WA tensors initialized to                (0.0000000000000000,0.0000000000000000)
  External b-quark contributions are excluded
  creal =   -4.0797362673929065       cvirtual =   -3.7101318663035472     
  virt factor for alphas = 0.12 is   0.81104453988909386     

 iteration  1:
 integral =  1.126281E-01,  sigma = 9.106E-02
 efficacy = 1.227E-03,  raw efficacy = 1.227E-03
 f_positive = 6.836E-3,  f_zero = 9.932E-1,  f_negative = 0.000E+0
 accumulated statistics:
 integral =  1.126281E-01,  sigma = 9.106E-02,  chi^2/iteration = 0.000E+00

 MONACO:  grid written to file grid2_1.out.1
 
  result (LO):   0.11262809263080797       +-    9.1056299553988113E-002  fb     80.846880584640942      %
 
  
 PHASE SPACE           2
  

 MONACO input parameters:
 ndim = 12,  ncall =    1024,   rtype = 0
 nprn =  0,  acc = -1.0E+0,  alph =  8.75E-1,  nd = 48,  mds =  0

 MONACO:  continuing with uniform grid

 iteration  1:
 integral =  7.968773E+00,  sigma = 7.914E+00
 efficacy = 9.834E-04,  raw efficacy = 9.834E-04
 f_positive = 5.859E-3,  f_zero = 9.941E-1,  f_negative = 0.000E+0
 accumulated statistics:
 integral =  7.968773E+00,  sigma = 7.914E+00,  chi^2/iteration = 2.220E-16

 MONACO:  grid written to file grid2_2.out.1
 
  result (LO):    7.9687730821202205       +-    7.9138629113735028       fb     99.310933186566430      %
 
 
  Total (multi-channel) result (LO):    8.0814011747510293       +-    7.9143867374359180       fb     97.933348020923404      %
  
   
 Initialising FF ..
   
 ====================================================
   FF 2.0, a package to evaluate one-loop integrals
 written by G. J. van Oldenborgh, NIKHEF-H, Amsterdam
 ====================================================
 for the algorithms used see preprint NIKHEF-H 89/17,
 'New Algorithms for One-loop Integrals', by G.J. van
 Oldenborgh and J.A.M. Vermaseren, published in 
 Zeitschrift fuer Physik C46(1990)425.
 ====================================================
  
 PHASE SPACE            1
  

 MONACO input parameters:
 ndim = 12,  ncall =    1024,   rtype = 0
 nprn =  0,  acc = -1.0E+0,  alph =  8.75E-1,  nd = 48,  mds =  0

 MONACO:  continuing with uniform grid

 iteration  1:
 integral =  1.926281E-01,  sigma = 1.690E-01
 efficacy = 1.119E-03,  raw efficacy = 1.119E-03
 f_positive = 6.836E-3,  f_zero = 9.932E-1,  f_negative = 0.000E+0
 accumulated statistics:
 integral =  1.926281E-01,  sigma = 1.690E-01,  chi^2/iteration = 0.000E+00

 MONACO:  grid written to file grid2_1.vout.1
  
  result for virtual contribution, no.            1
  sigma =   0.19262807218220079       +-   0.16904409629011760       fb  
  
 total result for virtual contns so far 
  sigma =   0.19262807218220079       +-   0.16904409629011760       fb
  

 MONACO input parameters:
 ndim = 12,  ncall =      64,   rtype = 0
 nprn =  0,  acc = -1.0E+0,  alph =  8.75E-1,  nd = 48,  mds =  0

 MONACO:  continuing with uniform grid

 iteration  1:
 integral =  0.000000E+00,  sigma = 0.000E+00
 efficacy = 0.000E+00,  raw efficacy = 0.000E+00
 f_positive = 0.000E+0,  f_zero = 1.000E+0,  f_negative = 0.000E+0
 accumulated statistics:
 integral =  0.000000E+00,  sigma = 0.000E+00,  chi^2/iteration = 0.000E+00

 MONACO:  grid written to file grid2_1.vout.2
  
  result for virtual contribution, no.            2
  sigma =    0.0000000000000000       +-    0.0000000000000000       fb  
  Box instabilites           0
           total calls           0
           instabilities [%]   0.0000000000000000     
  
 total result for virtual contns so far 
  sigma =   0.19262807218220079       +-   0.16904409629011760       fb
  

 MONACO input parameters:
 ndim = 12,  ncall =       8,   rtype = 0
 nprn =  0,  acc = -1.0E+0,  alph =  8.75E-1,  nd = 48,  mds =  0

 MONACO:  continuing with uniform grid

 iteration  1:
 integral =  0.000000E+00,  sigma = 0.000E+00
 efficacy = 0.000E+00,  raw efficacy = 0.000E+00
 f_positive = 0.000E+0,  f_zero = 1.000E+0,  f_negative = 0.000E+0
 accumulated statistics:
 integral =  0.000000E+00,  sigma = 0.000E+00,  chi^2/iteration = 0.000E+00

 MONACO:  grid written to file grid2_1.vout.3
  
  result for virtual contribution, no.            3
  sigma =    0.0000000000000000       +-    0.0000000000000000       fb  
  Pentagon instabilites           0
           total calls           0
           instabilities [%]   0.0000000000000000     
  
 total result for virtual contns so far 
  sigma =   0.19262807218220079       +-   0.16904409629011760       fb
  
  
 PHASE SPACE            2
  

 MONACO input parameters:
 ndim = 12,  ncall =    1024,   rtype = 0
 nprn =  0,  acc = -1.0E+0,  alph =  8.75E-1,  nd = 48,  mds =  0

 MONACO:  continuing with uniform grid

 iteration  1:
 integral =  1.395829E-01,  sigma = 9.098E-02
 efficacy = 1.943E-03,  raw efficacy = 1.943E-03
 f_positive = 9.766E-3,  f_zero = 9.902E-1,  f_negative = 0.000E+0
 accumulated statistics:
 integral =  1.395829E-01,  sigma = 9.098E-02,  chi^2/iteration = 0.000E+00

 MONACO:  grid written to file grid2_2.vout.1
  
  result for virtual contribution, no.            1
  sigma =   0.13958292396786889       +-    9.0981634855375096E-002  fb  
  
 total result for virtual contns so far 
  sigma =   0.13958292396786889       +-    9.0981634855375096E-002  fb
  

 MONACO input parameters:
 ndim = 12,  ncall =      64,   rtype = 0
 nprn =  0,  acc = -1.0E+0,  alph =  8.75E-1,  nd = 48,  mds =  0

 MONACO:  continuing with uniform grid

 iteration  1:
 integral =  2.086032E-14,  sigma = 2.086E-14
 efficacy = 1.562E-02,  raw efficacy = 1.563E-02
 f_positive = 1.562E-2,  f_zero = 9.844E-1,  f_negative = 0.000E+0
 accumulated statistics:
 integral =  2.086032E-14,  sigma = 2.086E-14,  chi^2/iteration = 2.220E-16

 MONACO:  grid written to file grid2_2.vout.2
  
  result for virtual contribution, no.            2
  sigma =    2.0860320496840307E-014  +-    2.0860320496840307E-014  fb  
  Box instabilites           0
           total calls           4
           instabilities [%]   0.0000000000000000     
  
 total result for virtual contns so far 
  sigma =   0.13958292396788977       +-    9.0981634855375096E-002  fb
  

 MONACO input parameters:
 ndim = 12,  ncall =       8,   rtype = 0
 nprn =  0,  acc = -1.0E+0,  alph =  8.75E-1,  nd = 48,  mds =  0

 MONACO:  continuing with uniform grid

 iteration  1:
 integral =  0.000000E+00,  sigma = 0.000E+00
 efficacy = 0.000E+00,  raw efficacy = 0.000E+00
 f_positive = 0.000E+0,  f_zero = 1.000E+0,  f_negative = 0.000E+0
 accumulated statistics:
 integral =  0.000000E+00,  sigma = 0.000E+00,  chi^2/iteration = 0.000E+00

 MONACO:  grid written to file grid2_2.vout.3
  
  result for virtual contribution, no.            3
  sigma =    0.0000000000000000       +-    0.0000000000000000       fb  
  Pentagon instabilites           0
           total calls           0
           instabilities [%]   0.0000000000000000     
  
 total result for virtual contns so far 
  sigma =   0.13958292396788977       +-    9.0981634855375096E-002  fb
  
 
  Total (multi-channel) result (NLO virtual):   0.33221099615009053       +-   0.19197282196055607       fb     57.786414111898978      %
 
   
 Summary for FF ..
   
 
total number of errors and warnings
===================================
vbffferr: no errors
the warning system has been disabled
 
  
 PHASE SPACE            1
  

 MONACO input parameters:
 ndim = 15,  ncall =    1024,   rtype = 0
 nprn =  0,  acc = -1.0E+0,  alph =  8.75E-1,  nd = 48,  mds =  0

 MONACO:  continuing with uniform grid
  
       W+Ajjj amplitude square information:
 -----------------------------------------------
  
  v(v) to WZ/WA tensors initialized to                (0.0000000000000000,0.0000000000000000)
  External b-quark contributions are excluded
  creal =   -4.0797362673929065       cvirtual =   -3.7101318663035472     
  virt factor for alphas = 0.12 is   0.81104453988909386     

 iteration  1:
 integral =  9.436171E-03,  sigma = 9.394E-03
 efficacy = 9.810E-04,  raw efficacy = 9.810E-04
 f_positive = 6.836E-3,  f_zero = 9.844E-1,  f_negative = 8.789E-3
 accumulated statistics:
 integral =  9.436171E-03,  sigma = 9.394E-03,  chi^2/iteration = 0.000E+00

 MONACO:  grid written to file grid3_1.out.1
 
  result for real emissions 
  sigma =    9.4361706854806798E-003  +-    9.3936127346372026E-003  fb
  
  
 PHASE SPACE            2
  

 MONACO input parameters:
 ndim = 15,  ncall =    1024,   rtype = 0
 nprn =  0,  acc = -1.0E+0,  alph =  8.75E-1,  nd = 48,  mds =  0

 MONACO:  continuing with uniform grid

 iteration  1:
 integral =  1.455335E+01,  sigma = 1.438E+01
 efficacy = 9.887E-04,  raw efficacy = 9.887E-04
 f_positive = 1.953E-2,  f_zero = 9.688E-1,  f_negative = 1.172E-2
 accumulated statistics:
 integral =  1.455335E+01,  sigma = 1.438E+01,  chi^2/iteration = 2.220E-16

 MONACO:  grid written to file grid3_2.out.1
 
  result for real emissions 
  sigma =    14.553353304729486       +-    14.375721749876517       fb
  
 
  Total (multi-channel) result (NLO real):    14.562789475414966       +-    14.375724818938103       fb     98.715461369590855      %
 
  
  final result at NLO 
  sigma =    14.895000471565057       +-    14.377006560275490       fb   96.522363914801943      %
  
  Box instabilites           0
           total calls           4
           instabilities [%]   0.0000000000000000     
  FBox instabilites           0
           total calls           0
           instabilities [%]   0.0000000000000000     
  Pentagon instabilites           0
           total calls           0
           instabilities [%]   0.0000000000000000     
  Hexagon instabilites           0
           total calls           0
           instabilities [%]   0.0000000000000000     
 LO for different PHASESPACE:
  0.11262809263080797       +-    9.1056299553988113E-002  fb   80.846880584640942     
   7.9687730821202205       +-    7.9138629113735028       fb   99.310933186566430     
 
  
  
 VIRTUAL CONTRIBUTIONS for different PHASESPACE:
  borntype for different PHASESPACE:
  0.19262807218220079       +-   0.16904409629011760       fb   87.756729522903669     
  0.13958292396786889       +-    9.0981634855375096E-002  fb   65.181063893115251     
  boxes for different PHASESPACE:
   0.0000000000000000       +-    0.0000000000000000       fb                       NaN
   2.0860320496840307E-014  +-    2.0860320496840307E-014  fb   100.00000000000000     
 pentagons for different PHASESPACE:
   0.0000000000000000       +-    0.0000000000000000       fb                       NaN
   0.0000000000000000       +-    0.0000000000000000       fb                       NaN
   
 TOTAL VIRTUAL CONTRIBUTIONS:
 TOTAL borntype:
  0.33221099615006966       0.19197282196055607        57.786414111902602       %
 TOTAL boxes:
   2.0860320496840307E-014   2.0860320496840307E-014   100.00000000000000       %
 TOTAL pentagons:
   0.0000000000000000        0.0000000000000000                            NaN  %
  
  
  REAL EMISSION for different PHASESPACE:
   9.4361706854806798E-003   9.3936127346372026E-003   99.548991298886094       %
   14.553353304729486        14.375721749876517        98.779445869734758       %
  
  
  
 !!!!!!!!!!!!!!!!!!!!!!!!!!!!!!!!!!!!!!!!!!!!!!!!!!!!!!!!!!!!!!!!!!!!!!!!!!!!!!!!!!!!!!!!!!!!!!!!!!!!!!!!
   
  PROCESS:          270   :   p p -->  W+A jj -->  e+ ve A jj
   
  TOTAL result (LO):        8.08140117475103  +-    7.91438673743592 fb   97.93334802092340 %
  NLO virtual result:       0.33221099615009  +-    0.19197282196056 fb   57.78641411189898 %
  QCD real emission:       14.56278947541497  +-   14.37572481893810 fb   98.71546136959086 %
  TOTAL result (NLO):      14.89500047156506  +-   14.37700656027549 fb   96.52236391480194 %
  K-Factor:                  1.8431210317960660     
 !!!!!!!!!!!!!!!!!!!!!!!!!!!!!!!!!!!!!!!!!!!!!!!!!!!!!!!!!!!!!!!!!!!!!!!!!!!!!!!!!!!!!!!!!!!!!!!!!!!!!!!!
  
  
  Endtime: 2024-04-30T14:53:23+0200
  Runtime: 0:00:00 (0 seconds)
