   
 -----------------------------------------------------------------
 VBFNLO, version 3.0.0 GIT 33c9f510
 Comput. Phys. Commun. 180 (2009) 1661[arXiv:0811.4559 [hep-ph]]
 arXiV:1107.4038, arXiV:1207.4975, arXiv:1404.3940
 http://www.itp.kit.edu/vbfnlo
 -----------------------------------------------------------------
 Process-specific references (please cite as well if appropriate):
 F. Campanario, M. Kerner, Le Duc Ninh, D. Zeppenfeld
 Eur.Phys.J. C74 (2014) 2882, e-Print: arXiv:1402.0505
 
 -----------------------------------------------------------------
   
   
  
        Information on global parameters
 -----------------------------------------------
   PROCESS               =     3280
   LOPROCESS_PLUS_JET    =        F
   KK_MOD                =        F
   ANOM_CPL              =        F
   LEPTONS               =    11  -12
   LO_ITERATIONS         =        1
   NLO_ITERATIONS        =        1
   LO_POINTS             =       10
   NLO_POINTS            =       10
   NLO_SWITCH            =        T
   EWCOR_SWITCH          =        F
   FERMIONLOOP           =        3
   LHA_SWITCH            =        F
   HEPMC_SWITCH          =        F
   LO_GRID               = grid2_1                                           
                           grid2_2                                           
   NLO_GRID              = grid3_1                                           
                           grid3_2                                           
   PHTN_GRID             = grid4_1                                           
                           grid4_2                                           
   FLOOP_GRID            = grid5_1                                           
                           grid5_2                                           
   ECM                   =  13600.0    
   BEAM1                 =        1
   BEAM2                 =        1
   ID_MUF                =       10
   ID_MUR                =       10
   MUF_USER              =  100.000    
   MUR_USER              =  100.000    
   XIF                   =  1.00000    
   XIR                   =  1.00000    
 Warning: cannot read value for key = SHOWTIMING. Using default value :  T
 
       information on the selected process 
 -----------------------------------------------
 
  pp -> W- A jj -> l- vl~ A jj
 
 QCD induced W- A + 2 jets production with fully leptonic decay of the W.
 Process is implemented at LO and NLO QCD.
 References: F. Campanario, M. Kerner, Le Duc Ninh, D. Zeppenfeld
 Eur.Phys.J. C74 (2014) 2882, e-Print: arXiv:1402.0505
 
             Information on PDF sets            
 -----------------------------------------------
 Initializing PDF set CT18
  
               Physics parameters
 -----------------------------------------------
   HTYPE                 =        0
   MODEL                 =        1
   ANOM_CPL              =        F
   KK_MOD                =        F
   SPIN2                 =        F
   HMASS                 =  125.000    
   HWIDTH                = -999.000    
   TOPMASS               =  172.500    
   BOTTOMMASS            =  4.85500    
   CHARMMASS             =  1.65000    
   TAU_MASS              =  1.77684    
   EWSCHEME              =        3
   FERMI_CONST           = 0.116637E-04
   WMASS                 =  80.3850    
   ZMASS                 =  91.1876    
   
 Running in the SM
   
 Higgs mass =   125.00000000000000     
   
   
  
 Information on scale setting in InitScales 
 -------------------------------------------
  
 Dynamical factorization scale chosen:
       mu_F = ( ET(jj) + ET(VV) )/2
 Dynamical renormalization scale chosen:
       mu_R = ( ET(jj) + ET(VV) )/2
  
  
   Information on couplings, masses and widths
 ===============================================
  
   SM coupling parameters 
 ---------------------------
   G_Fermi                         : 0.000011663700
   SIN**2 of the weak mixing angle : 0.22289722
   Q.E.D. fine structure constant  : 1/132.23422    
   SU(2) coupling constant g       : 0.65295113
   U(1) coupling constant g'       : 0.34969851
   Q.C.D. LO alfas(MZ)             : 0.12980813
   Q.C.D. NLO alfas(MZ)            : 0.11798159
  
      particle masses
 ---------------------------
   mass of the Z0 boson            :   91.1876
   mass of the W+/- boson          :   80.3850
   mass of the Higgs boson         :  125.0000
   mass of the top quark           :  172.5000
   mass of the bottom quark at MH  :    2.8039
  (All other fermions have mass equal ZERO)
  
      particle widths
 ---------------------------
   total widths of Z0              :   2.507719 GeV
   total widths of W+ or W-        :   2.096656 GeV
   total widths of Higgs           :   0.004129 GeV
   total widths of top quark       :   1.342630 GeV
  
     branching ratios
 ---------------------------
   W -> lepton anti-lepton         : 10.8397227 %
   W -> massless quark anti-quark  : 33.7404159 %
   W -> top bottom                 :  0.0000000 %
  
   Z -> neutrino anti-neutrino     :  6.6148291 %
   Z -> charged lepton anti-lepton :  3.3462865 %
   Z -> up-type quark anti-quark   : 11.9885556 %
   Z -> down-type quark anti-quark : 15.3798474 %
   Z -> top anti-top               :  0.0000000 %
  
   H -> WW                         : 20.4852746 %
   H -> ZZ                         :  2.5379793 %
   H -> bottom anti-bottom         : 58.7324431 %
   H -> top anti-top               :  0.0000000 %
   H -> charm anti-charm           :  3.4892193 %
   H -> tau anti-tau               :  6.2648113 %
   H -> mu anti-mu                 :  0.0221791 %
   H -> gluon gluon                :  8.0481465 %
   H -> gamma gamma                :  0.2387379 %
   H -> Z gamma                    :  0.1812089 %
  
 Warning: cannot read value for key = EXISOLCUT. Using default value :    1.0000000000000000     
 Warning: cannot read value for key = MJ_WINDOWV. Using default value :    0.0000000000000000     
 
          information on cut parameters
 -----------------------------------------------
 
 minimum jet pt        (PT_JET_MIN):     20.00    20.00    20.00   
 maximum jet rapidity                 (Y_JET_MAX):    4.5000000000000000     
 maximum parton pseudorapidity          (Y_P_MAX):    5.0000000000000000     
 minimum jet-jet R-separation           (RJJ_MIN):   0.40000000000000002     
 minimum number of jets                (NJET_MIN):            2
 single jet from hadronic decay (SINGLE_DECAYJET):            0
 exponent of generalised kT algorithm (PGENKTJET):   -1.0000000000000000     
 minimum lepton-lepton R-separation     (RLL_MIN):   0.40000000000000002     
 maximum lepton-lepton R-separation     (RLL_MAX):    50.000000000000000     
 minimum jet-lepton R-separation        (RJL_MIN):   0.40000000000000002     
 minimum jet-photon R-separation        (RJG_MIN):   0.69999999999999996     
 minimum lepton-photon R-separation     (RLG_MIN):   0.40000000000000002     
 minimum photon-photon R-separation     (RGG_MIN):   0.59999999999999998     
 maximum photon-photon R-separation     (RGG_MAX):    50.000000000000000     
 maximum lepton rapidity                (Y_L_MAX):    2.5000000000000000     
 minimum lepton pt       (PT_L_MIN):     20.00   
 minimum invariant dilepton mass        (MLL_MIN):    15.000000000000000     
 maximum invariant dilepton mass        (MLL_MAX):    1.0000000000000000E+020
 m_ll cuts only on opposite-sign l   (MLL_OSONLY):  T
 maximum photon rapidity                (Y_G_MAX):    2.5000000000000000     
 minimum photon pt       (PT_G_MIN):     30.00   
 photon isolation cut                 (PHISOLCUT):   0.69999999999999996     
 efficiency of photon isolation cut   (EFISOLCUT):    1.0000000000000000     
 exponent of photon isolation cut   (EXISOLCUT):    1.0000000000000000     
 minimum invariant lepton-photon mass   (MLG_MIN):    0.0000000000000000     
 maximum invariant lepton-photon mass   (MLG_MAX):    1.0000000000000000E+020
 minimal missing transverse momentum (PTMISS_MIN):    30.000000000000000     
 minimum jet rapidity separation      (ETAJJ_MIN):    0.0000000000000000     
 tagging jets in opposite hemispheres     (YSIGN):    F
 leptons fall inside rapidity gap     (LRAPIDGAP):    F
 min leptons y-dist from tagging jets   (DELY_JL):    0.0000000000000000     
 photons fall inside rapidity gap     (GRAPIDGAP):    F
 min photons y-dist from tagging jets   (DELY_JG):    0.0000000000000000     
 dijet min mass cut on tag jets        (MDIJ_MIN):    0.0000000000000000     
 dijet max mass cut on tag jets        (MDIJ_MAX):    1.0000000000000000E+020
 excluded jet-m window               (MJ_WINDOWV):    85.786300000000011        85.786300000000011     
 veto criteria for jets                   (JVETO):    F
 minimum veto-tag y-dist             (DELY_JVETO):    0.0000000000000000     
 maximum |y| for veto jet             (YMAX_VETO):    4.5000000000000000     
 minimum pT for veto jet             (PTMIN_VETO):    50.000000000000000     
 

 --------------------PHASE SPACE--------------------

 boson has mass    80.39 GeV and width     2.0967 GeV
 integration range for boson   4 =      0.032  to     9616.652 GeV
 boson has mass     0.00 GeV and width     0.0000 GeV
 integration range for boson   1 =      0.032  to     9616.652 GeV

 machine energy =    13600.0  GeV

 configuration   0

 ---------------------------------------------------

  Open error on file random.dat
  Using default values.
  Random number generator initialized with seed =            0
 
          information on histogram config
 -----------------------------------------------
 
  Open error on file histograms.dat
  Using default values.
 SMEARING           =      T
 SMEAR_VALUE        =       0.10000000000000001     
 CALC_ERROR_GNUPLOT =      F
 CALC_ERROR_ROOT    =      F
 CALC_ERROR_1D      =      T
 CALC_ERROR_2D      =      F
 
HIST_ID1      =      0.00    250.00  # dS/dpT_j (fb/GeV)
HIST_ID2      =      0.00    500.00  # dS/dpTmax_j (fb/GeV)
HIST_ID3      =      0.00    200.00  # dS/dpTmin_j (fb/GeV)
HIST_ID4      =     -5.00      5.00  # dS/dy_j (fb)
HIST_ID5      =     -5.00      5.00  # dS/dy_j1 (fb)
HIST_ID6      =     -5.00      5.00  # dS/dy_j2 (fb)
HIST_ID7      =      0.00    500.00  # dS/dpTmax_l (fb/GeV)
HIST_ID8      =      0.00    200.00  # dS/dpTmin_l (fb/GeV)
HIST_ID9      =      0.00      5.00  # dS/d|eta|max_l (fb)
HIST_ID10     =      0.00      5.00  # dS/d|eta|min_l (fb)
HIST_ID11     =   -180.00    180.00  # dS/dPhi_jj (fb)
2DHIST_ID1    =      0.00      6.00      0.00    800.00  # d2S/dy_jj dm_jj (fb/GeV)
 
 -----------------------------------------------
 
Starttime: 2024-05-03T17:42:12+0200
  
 PHASE SPACE           1
  
  
 Subprocess           1
  

 MONACO input parameters:
 ndim = 13,  ncall =     512,   rtype = 0
 nprn =  0,  acc = -1.0E+0,  alph =  8.75E-1,  nd = 48,  mds =  0

 MONACO:  continuing with uniform grid
  
 W-A jj amplitude square information:
 external b quarks are included
 alpha parameter of dipoles:    1.0000000000000000     
 precision for gauge test:      1.0000000000000000E-002
 -----------------------------------------------

 iteration  1:
 integral =  5.735984E+00,  sigma = 5.705E+00
 efficacy = 1.964E-03,  raw efficacy = 1.964E-03
 f_positive = 3.906E-3,  f_zero = 9.961E-1,  f_negative = 0.000E+0
 accumulated statistics:
 integral =  5.735984E+00,  sigma = 5.705E+00,  chi^2/iteration = 0.000E+00

 MONACO:  grid written to file GRID/grid2_1_1.out.1
 
  result sub (LO):    5.7359843728700408       +-    5.7045667409933385       fb     99.452271313267502      %
 
  
 Subprocess           2
  

 MONACO input parameters:
 ndim = 13,  ncall =     256,   rtype = 0
 nprn =  0,  acc = -1.0E+0,  alph =  8.75E-1,  nd = 48,  mds =  0

 MONACO:  continuing with uniform grid

 iteration  1:
 integral =  3.444098E+01,  sigma = 3.433E+01
 efficacy = 3.919E-03,  raw efficacy = 3.919E-03
 f_positive = 1.562E-2,  f_zero = 9.844E-1,  f_negative = 0.000E+0
 accumulated statistics:
 integral =  3.444098E+01,  sigma = 3.433E+01,  chi^2/iteration = 0.000E+00

 MONACO:  grid written to file GRID/grid2_1_2.out.1
 
  result sub (LO):    34.440977378195591       +-    34.329064298029998       fb     99.675058350009422      %
 
  
 Subprocess           3
  

 MONACO input parameters:
 ndim = 13,  ncall =     128,   rtype = 0
 nprn =  0,  acc = -1.0E+0,  alph =  8.75E-1,  nd = 48,  mds =  0

 MONACO:  continuing with uniform grid

 iteration  1:
 integral =  3.023783E-02,  sigma = 1.763E-02
 efficacy = 1.654E-02,  raw efficacy = 1.654E-02
 f_positive = 3.125E-2,  f_zero = 9.688E-1,  f_negative = 0.000E+0
 accumulated statistics:
 integral =  3.023783E-02,  sigma = 1.763E-02,  chi^2/iteration = 8.882E-16

 MONACO:  grid written to file GRID/grid2_1_3.out.1
 
  result sub (LO):    3.0237830550064130E-002  +-    1.7625748751540778E-002  fb     58.290388003723358      %
 
  
 Subprocess           4
  

 MONACO input parameters:
 ndim = 13,  ncall =      64,   rtype = 0
 nprn =  0,  acc = -1.0E+0,  alph =  8.75E-1,  nd = 48,  mds =  0

 MONACO:  continuing with uniform grid

 iteration  1:
 integral =  9.167520E-03,  sigma = 9.168E-03
 efficacy = 1.562E-02,  raw efficacy = 1.563E-02
 f_positive = 1.562E-2,  f_zero = 9.844E-1,  f_negative = 0.000E+0
 accumulated statistics:
 integral =  9.167520E-03,  sigma = 9.168E-03,  chi^2/iteration = 0.000E+00

 MONACO:  grid written to file GRID/grid2_1_4.out.1
 
  result sub (LO):    9.1675196396653474E-003  +-    9.1675196396653474E-003  fb     100.00000000000000      %
 
  
 Subprocess           5
  

 MONACO input parameters:
 ndim = 13,  ncall =     128,   rtype = 0
 nprn =  0,  acc = -1.0E+0,  alph =  8.75E-1,  nd = 48,  mds =  0

 MONACO:  continuing with uniform grid

 iteration  1:
 integral =  0.000000E+00,  sigma = 0.000E+00
 efficacy = 0.000E+00,  raw efficacy = 0.000E+00
 f_positive = 0.000E+0,  f_zero = 1.000E+0,  f_negative = 0.000E+0
 accumulated statistics:
 integral =  0.000000E+00,  sigma = 0.000E+00,  chi^2/iteration = 0.000E+00

 MONACO:  grid written to file GRID/grid2_1_5.out.1
 
  result sub (LO):    0.0000000000000000       +-    0.0000000000000000       fb                         NaN %
 
  
 Subprocess           6
  

 MONACO input parameters:
 ndim = 13,  ncall =      64,   rtype = 0
 nprn =  0,  acc = -1.0E+0,  alph =  8.75E-1,  nd = 48,  mds =  0

 MONACO:  continuing with uniform grid

 iteration  1:
 integral =  0.000000E+00,  sigma = 0.000E+00
 efficacy = 0.000E+00,  raw efficacy = 0.000E+00
 f_positive = 0.000E+0,  f_zero = 1.000E+0,  f_negative = 0.000E+0
 accumulated statistics:
 integral =  0.000000E+00,  sigma = 0.000E+00,  chi^2/iteration = 0.000E+00

 MONACO:  grid written to file GRID/grid2_1_6.out.1
 
  result sub (LO):    0.0000000000000000       +-    0.0000000000000000       fb                         NaN %
 
  
 Subprocess           7
  

 MONACO input parameters:
 ndim = 13,  ncall =     128,   rtype = 0
 nprn =  0,  acc = -1.0E+0,  alph =  8.75E-1,  nd = 48,  mds =  0

 MONACO:  continuing with uniform grid

 iteration  1:
 integral =  2.317073E+00,  sigma = 1.642E+00
 efficacy = 1.409E-02,  raw efficacy = 1.409E-02
 f_positive = 1.562E-2,  f_zero = 9.844E-1,  f_negative = 0.000E+0
 accumulated statistics:
 integral =  2.317073E+00,  sigma = 1.642E+00,  chi^2/iteration = 2.220E-16

 MONACO:  grid written to file GRID/grid2_1_7.out.1
 
  result sub (LO):    2.3170727868781915       +-    1.6418133404027162       fb     70.857219061069841      %
 
  
 Subprocess           8
  

 MONACO input parameters:
 ndim = 13,  ncall =      64,   rtype = 0
 nprn =  0,  acc = -1.0E+0,  alph =  8.75E-1,  nd = 48,  mds =  0

 MONACO:  continuing with uniform grid

 iteration  1:
 integral =  0.000000E+00,  sigma = 0.000E+00
 efficacy = 0.000E+00,  raw efficacy = 0.000E+00
 f_positive = 0.000E+0,  f_zero = 1.000E+0,  f_negative = 0.000E+0
 accumulated statistics:
 integral =  0.000000E+00,  sigma = 0.000E+00,  chi^2/iteration = 0.000E+00

 MONACO:  grid written to file GRID/grid2_1_8.out.1
 
  result sub (LO):    0.0000000000000000       +-    0.0000000000000000       fb                         NaN %
 
 
  result (LO):    42.533439888133557       +-    34.838522974372566       fb     81.908547876684196      %
  
  
 PHASE SPACE           2
  
  
 Subprocess           1
  

 MONACO input parameters:
 ndim = 13,  ncall =    1024,   rtype = 0
 nprn =  0,  acc = -1.0E+0,  alph =  8.75E-1,  nd = 48,  mds =  0

 MONACO:  continuing with uniform grid

 iteration  1:
 integral =  3.070307E+01,  sigma = 1.517E+01
 efficacy = 2.168E-03,  raw efficacy = 2.168E-03
 f_positive = 2.148E-2,  f_zero = 9.785E-1,  f_negative = 0.000E+0
 accumulated statistics:
 integral =  3.070307E+01,  sigma = 1.517E+01,  chi^2/iteration = 8.882E-16

 MONACO:  grid written to file GRID/grid2_2_1.out.1
 
  result sub (LO):    30.703066647159432       +-    15.172104810480548       fb     49.415600678716672      %
 
  
 Subprocess           2
  

 MONACO input parameters:
 ndim = 13,  ncall =     512,   rtype = 0
 nprn =  0,  acc = -1.0E+0,  alph =  8.75E-1,  nd = 48,  mds =  0

 MONACO:  continuing with uniform grid

 iteration  1:
 integral =  5.196571E+00,  sigma = 2.794E+00
 efficacy = 5.405E-03,  raw efficacy = 5.405E-03
 f_positive = 2.148E-2,  f_zero = 9.785E-1,  f_negative = 0.000E+0
 accumulated statistics:
 integral =  5.196571E+00,  sigma = 2.794E+00,  chi^2/iteration = 4.441E-16

 MONACO:  grid written to file GRID/grid2_2_2.out.1
 
  result sub (LO):    5.1965707168038877       +-    2.7944279265063803       fb     53.774461636212898      %
 
  
 Subprocess           3
  

 MONACO input parameters:
 ndim = 13,  ncall =     256,   rtype = 0
 nprn =  0,  acc = -1.0E+0,  alph =  8.75E-1,  nd = 48,  mds =  0

 MONACO:  continuing with uniform grid

 iteration  1:
 integral =  2.309276E-01,  sigma = 2.193E-01
 efficacy = 4.116E-03,  raw efficacy = 4.116E-03
 f_positive = 1.562E-2,  f_zero = 9.844E-1,  f_negative = 0.000E+0
 accumulated statistics:
 integral =  2.309276E-01,  sigma = 2.193E-01,  chi^2/iteration = 2.220E-16

 MONACO:  grid written to file GRID/grid2_2_3.out.1
 
  result sub (LO):   0.23092757245755893       +-   0.21932767573234557       fb     94.976824723974758      %
 
  
 Subprocess           4
  

 MONACO input parameters:
 ndim = 13,  ncall =     128,   rtype = 0
 nprn =  0,  acc = -1.0E+0,  alph =  8.75E-1,  nd = 48,  mds =  0

 MONACO:  continuing with uniform grid

 iteration  1:
 integral =  3.192560E-01,  sigma = 2.325E-01
 efficacy = 1.238E-02,  raw efficacy = 1.238E-02
 f_positive = 4.688E-2,  f_zero = 9.531E-1,  f_negative = 0.000E+0
 accumulated statistics:
 integral =  3.192560E-01,  sigma = 2.325E-01,  chi^2/iteration = 0.000E+00

 MONACO:  grid written to file GRID/grid2_2_4.out.1
 
  result sub (LO):   0.31925601251508079       +-   0.23254008927378508       fb     72.838123686958127      %
 
  
 Subprocess           5
  

 MONACO input parameters:
 ndim = 13,  ncall =     256,   rtype = 0
 nprn =  0,  acc = -1.0E+0,  alph =  8.75E-1,  nd = 48,  mds =  0

 MONACO:  continuing with uniform grid

 iteration  1:
 integral =  1.617055E+01,  sigma = 9.745E+00
 efficacy = 7.729E-03,  raw efficacy = 7.729E-03
 f_positive = 3.906E-2,  f_zero = 9.609E-1,  f_negative = 0.000E+0
 accumulated statistics:
 integral =  1.617055E+01,  sigma = 9.745E+00,  chi^2/iteration = 4.441E-16

 MONACO:  grid written to file GRID/grid2_2_5.out.1
 
  result sub (LO):    16.170549215050041       +-    9.7453131927974201       fb     60.265814495202122      %
 
  
 Subprocess           6
  

 MONACO input parameters:
 ndim = 13,  ncall =     128,   rtype = 0
 nprn =  0,  acc = -1.0E+0,  alph =  8.75E-1,  nd = 48,  mds =  0

 MONACO:  continuing with uniform grid

 iteration  1:
 integral =  4.521518E-02,  sigma = 4.493E-02
 efficacy = 7.862E-03,  raw efficacy = 7.862E-03
 f_positive = 3.125E-2,  f_zero = 9.688E-1,  f_negative = 0.000E+0
 accumulated statistics:
 integral =  4.521518E-02,  sigma = 4.493E-02,  chi^2/iteration = 0.000E+00

 MONACO:  grid written to file GRID/grid2_2_6.out.1
 
  result sub (LO):    4.5215178772267064E-002  +-    4.4931333586763940E-002  fb     99.372234737956575      %
 
  
 Subprocess           7
  

 MONACO input parameters:
 ndim = 13,  ncall =     256,   rtype = 0
 nprn =  0,  acc = -1.0E+0,  alph =  8.75E-1,  nd = 48,  mds =  0

 MONACO:  continuing with uniform grid

 iteration  1:
 integral =  4.009084E+01,  sigma = 3.602E+01
 efficacy = 4.377E-03,  raw efficacy = 4.377E-03
 f_positive = 2.734E-2,  f_zero = 9.727E-1,  f_negative = 0.000E+0
 accumulated statistics:
 integral =  4.009084E+01,  sigma = 3.602E+01,  chi^2/iteration = 0.000E+00

 MONACO:  grid written to file GRID/grid2_2_7.out.1
 
  result sub (LO):    40.090844090730073       +-    36.018634617599034       fb     89.842544936406995      %
 
  
 Subprocess           8
  

 MONACO input parameters:
 ndim = 13,  ncall =     128,   rtype = 0
 nprn =  0,  acc = -1.0E+0,  alph =  8.75E-1,  nd = 48,  mds =  0

 MONACO:  continuing with uniform grid

 iteration  1:
 integral =  1.602325E-05,  sigma = 1.229E-05
 efficacy = 1.094E-02,  raw efficacy = 1.094E-02
 f_positive = 1.562E-2,  f_zero = 9.844E-1,  f_negative = 0.000E+0
 accumulated statistics:
 integral =  1.602325E-05,  sigma = 1.229E-05,  chi^2/iteration = 2.220E-16

 MONACO:  grid written to file GRID/grid2_2_8.out.1
 
  result sub (LO):    1.6023247881681729E-005  +-    1.2289264058589343E-005  fb     76.696460975547964      %
 
 
  result (LO):    92.756445456736230       +-    40.378446714872666       fb     43.531688300524749      %
  
 
  Total (multi-channel) result (LO):    135.28988534486979       +-    53.330494486191448       fb     39.419424704401045      %
  
   
 Initialising FF ..
   
 ====================================================
   FF 2.0, a package to evaluate one-loop integrals
 written by G. J. van Oldenborgh, NIKHEF-H, Amsterdam
 ====================================================
 for the algorithms used see preprint NIKHEF-H 89/17,
 'New Algorithms for One-loop Integrals', by G.J. van
 Oldenborgh and J.A.M. Vermaseren, published in 
 Zeitschrift fuer Physik C46(1990)425.
 ====================================================
  
 PHASE SPACE            1
  
  
 Subprocess           1
  

 MONACO input parameters:
 ndim = 13,  ncall =     512,   rtype = 0
 nprn =  0,  acc = -1.0E+0,  alph =  8.75E-1,  nd = 48,  mds =  0

 MONACO:  continuing with uniform grid

 iteration  1:
 integral =  6.155079E+00,  sigma = 4.788E+00
 efficacy = 2.654E-03,  raw efficacy = 2.654E-03
 f_positive = 1.172E-2,  f_zero = 9.883E-1,  f_negative = 0.000E+0
 accumulated statistics:
 integral =  6.155079E+00,  sigma = 4.788E+00,  chi^2/iteration = 2.220E-16

 MONACO:  grid written to file GRID/grid2_1_1.vout.1
  
  result for virtual contribution, no.            1
  sigma =    6.1550785954253371       +-    4.7876105314381130       fb  
  
 total result for virtual contns so far 
  sigma =    6.1550785954253371       +-    4.7876105314381130       fb
  

 MONACO input parameters:
 ndim = 13,  ncall =       8,   rtype = 0
 nprn =  0,  acc = -1.0E+0,  alph =  8.75E-1,  nd = 48,  mds =  0

 MONACO:  continuing with uniform grid

 iteration  1:
 integral =  0.000000E+00,  sigma = 0.000E+00
 efficacy = 0.000E+00,  raw efficacy = 0.000E+00
 f_positive = 0.000E+0,  f_zero = 1.000E+0,  f_negative = 0.000E+0
 accumulated statistics:
 integral =  0.000000E+00,  sigma = 0.000E+00,  chi^2/iteration = 0.000E+00

 MONACO:  grid written to file GRID/grid2_1_1.vout.1
  
  result for virtual contribution, no.            2
  sigma =    0.0000000000000000       +-    0.0000000000000000       fb  
  
 total result for virtual contns so far 
  sigma =    6.1550785954253371       +-    4.7876105314381130       fb
  

 MONACO input parameters:
 ndim = 13,  ncall =     256,   rtype = 0
 nprn =  0,  acc = -1.0E+0,  alph =  8.75E-1,  nd = 48,  mds =  0

 MONACO:  continuing with uniform grid

 iteration  1:
 integral =  8.435136E-01,  sigma = 8.288E-01
 efficacy = 3.976E-03,  raw efficacy = 3.976E-03
 f_positive = 1.172E-2,  f_zero = 9.883E-1,  f_negative = 0.000E+0
 accumulated statistics:
 integral =  8.435136E-01,  sigma = 8.288E-01,  chi^2/iteration = 2.220E-16

 MONACO:  grid written to file GRID/grid2_1_1.vout.1
  
  result for virtual contribution, no.            3
  sigma =   0.84351360852169288       +-   0.82879589276604537       fb  
  
 total result for virtual contns so far 
  sigma =    6.9985922039470303       +-    4.8588185017144854       fb
  
  
 Subprocess           2
  

 MONACO input parameters:
 ndim = 13,  ncall =     256,   rtype = 0
 nprn =  0,  acc = -1.0E+0,  alph =  8.75E-1,  nd = 48,  mds =  0

 MONACO:  continuing with uniform grid

 iteration  1:
 integral =  5.423096E+00,  sigma = 5.268E+00
 efficacy = 4.023E-03,  raw efficacy = 4.023E-03
 f_positive = 1.562E-2,  f_zero = 9.844E-1,  f_negative = 0.000E+0
 accumulated statistics:
 integral =  5.423096E+00,  sigma = 5.268E+00,  chi^2/iteration = 0.000E+00

 MONACO:  grid written to file GRID/grid2_1_2.vout.1
  
  result for virtual contribution, no.            1
  sigma =    5.4230964634587648       +-    5.2678223293451154       fb  
  
 total result for virtual contns so far 
  sigma =    5.4230964634587648       +-    5.2678223293451154       fb
  

 MONACO input parameters:
 ndim = 13,  ncall =       4,   rtype = 0
 nprn =  0,  acc = -1.0E+0,  alph =  8.75E-1,  nd = 48,  mds =  0

 MONACO:  continuing with uniform grid

 iteration  1:
 integral =  0.000000E+00,  sigma = 0.000E+00
 efficacy = 0.000E+00,  raw efficacy = 0.000E+00
 f_positive = 0.000E+0,  f_zero = 1.000E+0,  f_negative = 0.000E+0
 accumulated statistics:
 integral =  0.000000E+00,  sigma = 0.000E+00,  chi^2/iteration = 0.000E+00

 MONACO:  grid written to file GRID/grid2_1_2.vout.1
  
  result for virtual contribution, no.            2
  sigma =    0.0000000000000000       +-    0.0000000000000000       fb  
  
 total result for virtual contns so far 
  sigma =    5.4230964634587648       +-    5.2678223293451154       fb
  

 MONACO input parameters:
 ndim = 13,  ncall =     128,   rtype = 0
 nprn =  0,  acc = -1.0E+0,  alph =  8.75E-1,  nd = 48,  mds =  0

 MONACO:  continuing with uniform grid

 iteration  1:
 integral =  0.000000E+00,  sigma = 0.000E+00
 efficacy = 0.000E+00,  raw efficacy = 0.000E+00
 f_positive = 0.000E+0,  f_zero = 1.000E+0,  f_negative = 0.000E+0
 accumulated statistics:
 integral =  0.000000E+00,  sigma = 0.000E+00,  chi^2/iteration = 0.000E+00

 MONACO:  grid written to file GRID/grid2_1_2.vout.1
  
  result for virtual contribution, no.            3
  sigma =    0.0000000000000000       +-    0.0000000000000000       fb  
  
 total result for virtual contns so far 
  sigma =    5.4230964634587648       +-    5.2678223293451154       fb
  
  
 Subprocess           3
  

 MONACO input parameters:
 ndim = 13,  ncall =     128,   rtype = 0
 nprn =  0,  acc = -1.0E+0,  alph =  8.75E-1,  nd = 48,  mds =  0

 MONACO:  continuing with uniform grid

 iteration  1:
 integral =  5.185919E-01,  sigma = 5.094E-01
 efficacy = 7.953E-03,  raw efficacy = 7.953E-03
 f_positive = 2.344E-2,  f_zero = 9.766E-1,  f_negative = 0.000E+0
 accumulated statistics:
 integral =  5.185919E-01,  sigma = 5.094E-01,  chi^2/iteration = 2.220E-16

 MONACO:  grid written to file GRID/grid2_1_3.vout.1
  
  result for virtual contribution, no.            1
  sigma =   0.51859192951111743       +-   0.50943171082932748       fb  
  
 total result for virtual contns so far 
  sigma =   0.51859192951111743       +-   0.50943171082932748       fb
  

 MONACO input parameters:
 ndim = 13,  ncall =       2,   rtype = 0
 nprn =  0,  acc = -1.0E+0,  alph =  8.75E-1,  nd = 48,  mds =  0

 MONACO:  continuing with uniform grid

 iteration  1:
 integral =  0.000000E+00,  sigma = 0.000E+00
 efficacy = 0.000E+00,  raw efficacy = 0.000E+00
 f_positive = 0.000E+0,  f_zero = 1.000E+0,  f_negative = 0.000E+0
 accumulated statistics:
 integral =  0.000000E+00,  sigma = 0.000E+00,  chi^2/iteration = 0.000E+00

 MONACO:  grid written to file GRID/grid2_1_3.vout.1
  
  result for virtual contribution, no.            2
  sigma =    0.0000000000000000       +-    0.0000000000000000       fb  
  
 total result for virtual contns so far 
  sigma =   0.51859192951111743       +-   0.50943171082932748       fb
  

 MONACO input parameters:
 ndim = 13,  ncall =      64,   rtype = 0
 nprn =  0,  acc = -1.0E+0,  alph =  8.75E-1,  nd = 48,  mds =  0

 MONACO:  continuing with uniform grid

 iteration  1:
 integral =  0.000000E+00,  sigma = 0.000E+00
 efficacy = 0.000E+00,  raw efficacy = 0.000E+00
 f_positive = 0.000E+0,  f_zero = 1.000E+0,  f_negative = 0.000E+0
 accumulated statistics:
 integral =  0.000000E+00,  sigma = 0.000E+00,  chi^2/iteration = 0.000E+00

 MONACO:  grid written to file GRID/grid2_1_3.vout.1
  
  result for virtual contribution, no.            3
  sigma =    0.0000000000000000       +-    0.0000000000000000       fb  
  
 total result for virtual contns so far 
  sigma =   0.51859192951111743       +-   0.50943171082932748       fb
  
  
 Subprocess           4
  

 MONACO input parameters:
 ndim = 13,  ncall =      64,   rtype = 0
 nprn =  0,  acc = -1.0E+0,  alph =  8.75E-1,  nd = 48,  mds =  0

 MONACO:  continuing with uniform grid

 iteration  1:
 integral =  6.431693E-02,  sigma = 6.424E-02
 efficacy = 1.564E-02,  raw efficacy = 1.564E-02
 f_positive = 3.125E-2,  f_zero = 9.688E-1,  f_negative = 0.000E+0
 accumulated statistics:
 integral =  6.431693E-02,  sigma = 6.424E-02,  chi^2/iteration = 0.000E+00

 MONACO:  grid written to file GRID/grid2_1_4.vout.1
  
  result for virtual contribution, no.            1
  sigma =    6.4316929283714436E-002  +-    6.4239323203754473E-002  fb  
  
 total result for virtual contns so far 
  sigma =    6.4316929283714436E-002  +-    6.4239323203754473E-002  fb
  

 MONACO input parameters:
 ndim = 13,  ncall =       2,   rtype = 0
 nprn =  0,  acc = -1.0E+0,  alph =  8.75E-1,  nd = 48,  mds =  0

 MONACO:  continuing with uniform grid

 iteration  1:
 integral =  0.000000E+00,  sigma = 0.000E+00
 efficacy = 0.000E+00,  raw efficacy = 0.000E+00
 f_positive = 0.000E+0,  f_zero = 5.000E-1,  f_negative = 0.000E+0
 accumulated statistics:
 integral =  0.000000E+00,  sigma = 0.000E+00,  chi^2/iteration = 0.000E+00

 MONACO:  grid written to file GRID/grid2_1_4.vout.1
  
  result for virtual contribution, no.            2
  sigma =    0.0000000000000000       +-    0.0000000000000000       fb  
  
 total result for virtual contns so far 
  sigma =    6.4316929283714436E-002  +-    6.4239323203754473E-002  fb
  

 MONACO input parameters:
 ndim = 13,  ncall =      32,   rtype = 0
 nprn =  0,  acc = -1.0E+0,  alph =  8.75E-1,  nd = 48,  mds =  0

 MONACO:  continuing with uniform grid

 iteration  1:
 integral =  9.293392E-03,  sigma = 9.293E-03
 efficacy = 3.125E-02,  raw efficacy = 3.125E-02
 f_positive = 3.125E-2,  f_zero = 9.688E-1,  f_negative = 0.000E+0
 accumulated statistics:
 integral =  9.293392E-03,  sigma = 9.293E-03,  chi^2/iteration = 0.000E+00

 MONACO:  grid written to file GRID/grid2_1_4.vout.1
  
  result for virtual contribution, no.            3
  sigma =    9.2933916836583936E-003  +-    9.2933916836583936E-003  fb  
  
 total result for virtual contns so far 
  sigma =    7.3610320967372828E-002  +-    6.4908071721953953E-002  fb
  
  
 Subprocess           5
  

 MONACO input parameters:
 ndim = 13,  ncall =     256,   rtype = 0
 nprn =  0,  acc = -1.0E+0,  alph =  8.75E-1,  nd = 48,  mds =  0

 MONACO:  continuing with uniform grid

 iteration  1:
 integral =  1.391097E-01,  sigma = 1.027E-01
 efficacy = 5.913E-03,  raw efficacy = 5.913E-03
 f_positive = 1.562E-2,  f_zero = 9.844E-1,  f_negative = 0.000E+0
 accumulated statistics:
 integral =  1.391097E-01,  sigma = 1.027E-01,  chi^2/iteration = 0.000E+00

 MONACO:  grid written to file GRID/grid2_1_5.vout.1
  
  result for virtual contribution, no.            1
  sigma =   0.13910965343850173       +-   0.10271624293025503       fb  
  
 total result for virtual contns so far 
  sigma =   0.13910965343850173       +-   0.10271624293025503       fb
  

 MONACO input parameters:
 ndim = 13,  ncall =       4,   rtype = 0
 nprn =  0,  acc = -1.0E+0,  alph =  8.75E-1,  nd = 48,  mds =  0

 MONACO:  continuing with uniform grid

 iteration  1:
 integral =  0.000000E+00,  sigma = 0.000E+00
 efficacy = 0.000E+00,  raw efficacy = 0.000E+00
 f_positive = 0.000E+0,  f_zero = 1.000E+0,  f_negative = 0.000E+0
 accumulated statistics:
 integral =  0.000000E+00,  sigma = 0.000E+00,  chi^2/iteration = 0.000E+00

 MONACO:  grid written to file GRID/grid2_1_5.vout.1
  
  result for virtual contribution, no.            2
  sigma =    0.0000000000000000       +-    0.0000000000000000       fb  
  
 total result for virtual contns so far 
  sigma =   0.13910965343850173       +-   0.10271624293025503       fb
  

 MONACO input parameters:
 ndim = 13,  ncall =     128,   rtype = 0
 nprn =  0,  acc = -1.0E+0,  alph =  8.75E-1,  nd = 48,  mds =  0

 MONACO:  continuing with uniform grid

 iteration  1:
 integral =  0.000000E+00,  sigma = 0.000E+00
 efficacy = 0.000E+00,  raw efficacy = 0.000E+00
 f_positive = 0.000E+0,  f_zero = 1.000E+0,  f_negative = 0.000E+0
 accumulated statistics:
 integral =  0.000000E+00,  sigma = 0.000E+00,  chi^2/iteration = 0.000E+00

 MONACO:  grid written to file GRID/grid2_1_5.vout.1
  
  result for virtual contribution, no.            3
  sigma =    0.0000000000000000       +-    0.0000000000000000       fb  
  
 total result for virtual contns so far 
  sigma =   0.13910965343850173       +-   0.10271624293025503       fb
  
  
 Subprocess           6
  

 MONACO input parameters:
 ndim = 13,  ncall =     128,   rtype = 0
 nprn =  0,  acc = -1.0E+0,  alph =  8.75E-1,  nd = 48,  mds =  0

 MONACO:  continuing with uniform grid

 iteration  1:
 integral =  1.024487E-01,  sigma = 1.023E-01
 efficacy = 7.827E-03,  raw efficacy = 7.827E-03
 f_positive = 2.344E-2,  f_zero = 9.766E-1,  f_negative = 0.000E+0
 accumulated statistics:
 integral =  1.024487E-01,  sigma = 1.023E-01,  chi^2/iteration = 0.000E+00

 MONACO:  grid written to file GRID/grid2_1_6.vout.1
  
  result for virtual contribution, no.            1
  sigma =   0.10244866900199487       +-   0.10225839432404575       fb  
  
 total result for virtual contns so far 
  sigma =   0.10244866900199487       +-   0.10225839432404575       fb
  

 MONACO input parameters:
 ndim = 13,  ncall =       2,   rtype = 0
 nprn =  0,  acc = -1.0E+0,  alph =  8.75E-1,  nd = 48,  mds =  0

 MONACO:  continuing with uniform grid

 iteration  1:
 integral =  0.000000E+00,  sigma = 0.000E+00
 efficacy = 0.000E+00,  raw efficacy = 0.000E+00
 f_positive = 0.000E+0,  f_zero = 1.000E+0,  f_negative = 0.000E+0
 accumulated statistics:
 integral =  0.000000E+00,  sigma = 0.000E+00,  chi^2/iteration = 0.000E+00

 MONACO:  grid written to file GRID/grid2_1_6.vout.1
  
  result for virtual contribution, no.            2
  sigma =    0.0000000000000000       +-    0.0000000000000000       fb  
  
 total result for virtual contns so far 
  sigma =   0.10244866900199487       +-   0.10225839432404575       fb
  

 MONACO input parameters:
 ndim = 13,  ncall =      64,   rtype = 0
 nprn =  0,  acc = -1.0E+0,  alph =  8.75E-1,  nd = 48,  mds =  0

 MONACO:  continuing with uniform grid

 iteration  1:
 integral =  0.000000E+00,  sigma = 0.000E+00
 efficacy = 0.000E+00,  raw efficacy = 0.000E+00
 f_positive = 0.000E+0,  f_zero = 1.000E+0,  f_negative = 0.000E+0
 accumulated statistics:
 integral =  0.000000E+00,  sigma = 0.000E+00,  chi^2/iteration = 0.000E+00

 MONACO:  grid written to file GRID/grid2_1_6.vout.1
  
  result for virtual contribution, no.            3
  sigma =    0.0000000000000000       +-    0.0000000000000000       fb  
  
 total result for virtual contns so far 
  sigma =   0.10244866900199487       +-   0.10225839432404575       fb
  
  
 Subprocess           7
  

 MONACO input parameters:
 ndim = 13,  ncall =     256,   rtype = 0
 nprn =  0,  acc = -1.0E+0,  alph =  8.75E-1,  nd = 48,  mds =  0

 MONACO:  continuing with uniform grid

 iteration  1:
 integral =  4.998682E-01,  sigma = 4.060E-01
 efficacy = 4.981E-03,  raw efficacy = 4.981E-03
 f_positive = 1.562E-2,  f_zero = 9.844E-1,  f_negative = 0.000E+0
 accumulated statistics:
 integral =  4.998682E-01,  sigma = 4.060E-01,  chi^2/iteration = 0.000E+00

 MONACO:  grid written to file GRID/grid2_1_7.vout.1
  
  result for virtual contribution, no.            1
  sigma =   0.49986822119941876       +-   0.40604192572544667       fb  
  
 total result for virtual contns so far 
  sigma =   0.49986822119941876       +-   0.40604192572544667       fb
  

 MONACO input parameters:
 ndim = 13,  ncall =       4,   rtype = 0
 nprn =  0,  acc = -1.0E+0,  alph =  8.75E-1,  nd = 48,  mds =  0

 MONACO:  continuing with uniform grid

 iteration  1:
 integral =  0.000000E+00,  sigma = 0.000E+00
 efficacy = 0.000E+00,  raw efficacy = 0.000E+00
 f_positive = 0.000E+0,  f_zero = 1.000E+0,  f_negative = 0.000E+0
 accumulated statistics:
 integral =  0.000000E+00,  sigma = 0.000E+00,  chi^2/iteration = 0.000E+00

 MONACO:  grid written to file GRID/grid2_1_7.vout.1
  
  result for virtual contribution, no.            2
  sigma =    0.0000000000000000       +-    0.0000000000000000       fb  
  
 total result for virtual contns so far 
  sigma =   0.49986822119941876       +-   0.40604192572544667       fb
  

 MONACO input parameters:
 ndim = 13,  ncall =     128,   rtype = 0
 nprn =  0,  acc = -1.0E+0,  alph =  8.75E-1,  nd = 48,  mds =  0

 MONACO:  continuing with uniform grid

 iteration  1:
 integral =  0.000000E+00,  sigma = 0.000E+00
 efficacy = 0.000E+00,  raw efficacy = 0.000E+00
 f_positive = 0.000E+0,  f_zero = 1.000E+0,  f_negative = 0.000E+0
 accumulated statistics:
 integral =  0.000000E+00,  sigma = 0.000E+00,  chi^2/iteration = 0.000E+00

 MONACO:  grid written to file GRID/grid2_1_7.vout.1
  
  result for virtual contribution, no.            3
  sigma =    0.0000000000000000       +-    0.0000000000000000       fb  
  
 total result for virtual contns so far 
  sigma =   0.49986822119941876       +-   0.40604192572544667       fb
  
  
 Subprocess           8
  

 MONACO input parameters:
 ndim = 13,  ncall =      64,   rtype = 0
 nprn =  0,  acc = -1.0E+0,  alph =  8.75E-1,  nd = 48,  mds =  0

 MONACO:  continuing with uniform grid

 iteration  1:
 integral =  2.258820E-02,  sigma = 2.258E-02
 efficacy = 1.563E-02,  raw efficacy = 1.563E-02
 f_positive = 3.125E-2,  f_zero = 9.688E-1,  f_negative = 0.000E+0
 accumulated statistics:
 integral =  2.258820E-02,  sigma = 2.258E-02,  chi^2/iteration = 0.000E+00

 MONACO:  grid written to file GRID/grid2_1_8.vout.1
  
  result for virtual contribution, no.            1
  sigma =    2.2588203906244095E-002  +-    2.2583698830565827E-002  fb  
  
 total result for virtual contns so far 
  sigma =    2.2588203906244095E-002  +-    2.2583698830565827E-002  fb
  

 MONACO input parameters:
 ndim = 13,  ncall =       2,   rtype = 0
 nprn =  0,  acc = -1.0E+0,  alph =  8.75E-1,  nd = 48,  mds =  0

 MONACO:  continuing with uniform grid

 iteration  1:
 integral =  0.000000E+00,  sigma = 0.000E+00
 efficacy = 0.000E+00,  raw efficacy = 0.000E+00
 f_positive = 0.000E+0,  f_zero = 5.000E-1,  f_negative = 0.000E+0
 accumulated statistics:
 integral =  0.000000E+00,  sigma = 0.000E+00,  chi^2/iteration = 0.000E+00

 MONACO:  grid written to file GRID/grid2_1_8.vout.1
  
  result for virtual contribution, no.            2
  sigma =    0.0000000000000000       +-    0.0000000000000000       fb  
  
 total result for virtual contns so far 
  sigma =    2.2588203906244095E-002  +-    2.2583698830565827E-002  fb
  

 MONACO input parameters:
 ndim = 13,  ncall =      32,   rtype = 0
 nprn =  0,  acc = -1.0E+0,  alph =  8.75E-1,  nd = 48,  mds =  0

 MONACO:  continuing with uniform grid

 iteration  1:
 integral =  6.604199E-04,  sigma = 6.604E-04
 efficacy = 3.125E-02,  raw efficacy = 3.125E-02
 f_positive = 3.125E-2,  f_zero = 9.688E-1,  f_negative = 0.000E+0
 accumulated statistics:
 integral =  6.604199E-04,  sigma = 6.604E-04,  chi^2/iteration = 0.000E+00

 MONACO:  grid written to file GRID/grid2_1_8.vout.1
  
  result for virtual contribution, no.            3
  sigma =    6.6041993292938119E-004  +-    6.6041993292938130E-004  fb  
  
 total result for virtual contns so far 
  sigma =    2.3248623839173477E-002  +-    2.2593353167635628E-002  fb
  
  total result for virtual PS            1
  sigma =    13.778566085363375       +-    7.1977907001210299       fb
  
  
 PHASE SPACE            2
  
  
 Subprocess           1
  

 MONACO input parameters:
 ndim = 13,  ncall =    1024,   rtype = 0
 nprn =  0,  acc = -1.0E+0,  alph =  8.75E-1,  nd = 48,  mds =  0

 MONACO:  continuing with uniform grid

 iteration  1:
 integral =  2.892040E+02,  sigma = 2.585E+02
 efficacy = 1.097E-03,  raw efficacy = 1.097E-03
 f_positive = 2.344E-2,  f_zero = 9.766E-1,  f_negative = 0.000E+0
 accumulated statistics:
 integral =  2.892040E+02,  sigma = 2.585E+02,  chi^2/iteration = 2.220E-16

 MONACO:  grid written to file GRID/grid2_2_1.vout.1
  
  result for virtual contribution, no.            1
  sigma =    289.20395510173000       +-    258.47512455489795       fb  
  
 total result for virtual contns so far 
  sigma =    289.20395510173000       +-    258.47512455489795       fb
  

 MONACO input parameters:
 ndim = 13,  ncall =      16,   rtype = 0
 nprn =  0,  acc = -1.0E+0,  alph =  8.75E-1,  nd = 48,  mds =  0

 MONACO:  continuing with uniform grid

 iteration  1:
 integral =  0.000000E+00,  sigma = 0.000E+00
 efficacy = 0.000E+00,  raw efficacy = 0.000E+00
 f_positive = 0.000E+0,  f_zero = 1.000E+0,  f_negative = 0.000E+0
 accumulated statistics:
 integral =  0.000000E+00,  sigma = 0.000E+00,  chi^2/iteration = 0.000E+00

 MONACO:  grid written to file GRID/grid2_2_1.vout.1
  
  result for virtual contribution, no.            2
  sigma =    0.0000000000000000       +-    0.0000000000000000       fb  
  
 total result for virtual contns so far 
  sigma =    289.20395510173000       +-    258.47512455489795       fb
  

 MONACO input parameters:
 ndim = 13,  ncall =     512,   rtype = 0
 nprn =  0,  acc = -1.0E+0,  alph =  8.75E-1,  nd = 48,  mds =  0

 MONACO:  continuing with uniform grid

 iteration  1:
 integral =  1.552426E+01,  sigma = 1.422E+01
 efficacy = 2.138E-03,  raw efficacy = 2.138E-03
 f_positive = 1.953E-2,  f_zero = 9.805E-1,  f_negative = 0.000E+0
 accumulated statistics:
 integral =  1.552426E+01,  sigma = 1.422E+01,  chi^2/iteration = 0.000E+00

 MONACO:  grid written to file GRID/grid2_2_1.vout.1
  
  result for virtual contribution, no.            3
  sigma =    15.524260162032213       +-    14.216938170855325       fb  
  
 total result for virtual contns so far 
  sigma =    304.72821526376219       +-    258.86581725794531       fb
  
  
 Subprocess           2
  

 MONACO input parameters:
 ndim = 13,  ncall =     512,   rtype = 0
 nprn =  0,  acc = -1.0E+0,  alph =  8.75E-1,  nd = 48,  mds =  0

 MONACO:  continuing with uniform grid

 iteration  1:
 integral =  3.465782E+01,  sigma = 2.937E+01
 efficacy = 2.339E-03,  raw efficacy = 2.339E-03
 f_positive = 2.734E-2,  f_zero = 9.727E-1,  f_negative = 0.000E+0
 accumulated statistics:
 integral =  3.465782E+01,  sigma = 2.937E+01,  chi^2/iteration = 0.000E+00

 MONACO:  grid written to file GRID/grid2_2_2.vout.1
  
  result for virtual contribution, no.            1
  sigma =    34.657822978158443       +-    29.372586845435990       fb  
  
 total result for virtual contns so far 
  sigma =    34.657822978158443       +-    29.372586845435990       fb
  

 MONACO input parameters:
 ndim = 13,  ncall =       8,   rtype = 0
 nprn =  0,  acc = -1.0E+0,  alph =  8.75E-1,  nd = 48,  mds =  0

 MONACO:  continuing with uniform grid

 iteration  1:
 integral =  0.000000E+00,  sigma = 0.000E+00
 efficacy = 0.000E+00,  raw efficacy = 0.000E+00
 f_positive = 0.000E+0,  f_zero = 1.000E+0,  f_negative = 0.000E+0
 accumulated statistics:
 integral =  0.000000E+00,  sigma = 0.000E+00,  chi^2/iteration = 0.000E+00

 MONACO:  grid written to file GRID/grid2_2_2.vout.1
  
  result for virtual contribution, no.            2
  sigma =    0.0000000000000000       +-    0.0000000000000000       fb  
  
 total result for virtual contns so far 
  sigma =    34.657822978158443       +-    29.372586845435990       fb
  

 MONACO input parameters:
 ndim = 13,  ncall =     256,   rtype = 0
 nprn =  0,  acc = -1.0E+0,  alph =  8.75E-1,  nd = 48,  mds =  0

 MONACO:  continuing with uniform grid

 iteration  1:
 integral =  1.785082E+00,  sigma = 1.561E+00
 efficacy = 4.518E-03,  raw efficacy = 4.518E-03
 f_positive = 1.562E-2,  f_zero = 9.844E-1,  f_negative = 0.000E+0
 accumulated statistics:
 integral =  1.785082E+00,  sigma = 1.561E+00,  chi^2/iteration = 0.000E+00

 MONACO:  grid written to file GRID/grid2_2_2.vout.1
  
  result for virtual contribution, no.            3
  sigma =    1.7850823491089809       +-    1.5612694384654020       fb  
  
 total result for virtual contns so far 
  sigma =    36.442905327267425       +-    29.414051408334849       fb
  
  
 Subprocess           3
  

 MONACO input parameters:
 ndim = 13,  ncall =     256,   rtype = 0
 nprn =  0,  acc = -1.0E+0,  alph =  8.75E-1,  nd = 48,  mds =  0

 MONACO:  continuing with uniform grid

 iteration  1:
 integral =  8.603581E+01,  sigma = 8.578E+01
 efficacy = 3.918E-03,  raw efficacy = 3.918E-03
 f_positive = 2.734E-2,  f_zero = 9.727E-1,  f_negative = 0.000E+0
 accumulated statistics:
 integral =  8.603581E+01,  sigma = 8.578E+01,  chi^2/iteration = 0.000E+00

 MONACO:  grid written to file GRID/grid2_2_3.vout.1
  
  result for virtual contribution, no.            1
  sigma =    86.035807229530263       +-    85.776841099741276       fb  
  
 total result for virtual contns so far 
  sigma =    86.035807229530263       +-    85.776841099741276       fb
  

 MONACO input parameters:
 ndim = 13,  ncall =       4,   rtype = 0
 nprn =  0,  acc = -1.0E+0,  alph =  8.75E-1,  nd = 48,  mds =  0

 MONACO:  continuing with uniform grid

 iteration  1:
 integral =  0.000000E+00,  sigma = 0.000E+00
 efficacy = 0.000E+00,  raw efficacy = 0.000E+00
 f_positive = 0.000E+0,  f_zero = 1.000E+0,  f_negative = 0.000E+0
 accumulated statistics:
 integral =  0.000000E+00,  sigma = 0.000E+00,  chi^2/iteration = 0.000E+00

 MONACO:  grid written to file GRID/grid2_2_3.vout.1
  
  result for virtual contribution, no.            2
  sigma =    0.0000000000000000       +-    0.0000000000000000       fb  
  
 total result for virtual contns so far 
  sigma =    86.035807229530263       +-    85.776841099741276       fb
  

 MONACO input parameters:
 ndim = 13,  ncall =     128,   rtype = 0
 nprn =  0,  acc = -1.0E+0,  alph =  8.75E-1,  nd = 48,  mds =  0

 MONACO:  continuing with uniform grid

 iteration  1:
 integral =  4.165455E-02,  sigma = 3.364E-02
 efficacy = 1.004E-02,  raw efficacy = 1.004E-02
 f_positive = 1.562E-2,  f_zero = 9.844E-1,  f_negative = 0.000E+0
 accumulated statistics:
 integral =  4.165455E-02,  sigma = 3.364E-02,  chi^2/iteration = 0.000E+00

 MONACO:  grid written to file GRID/grid2_2_3.vout.1
  
  result for virtual contribution, no.            3
  sigma =    4.1654546142895328E-002  +-    3.3643532582030178E-002  fb  
  
 total result for virtual contns so far 
  sigma =    86.077461775673157       +-    85.776847697601639       fb
  
  
 Subprocess           4
  

 MONACO input parameters:
 ndim = 13,  ncall =     128,   rtype = 0
 nprn =  0,  acc = -1.0E+0,  alph =  8.75E-1,  nd = 48,  mds =  0

 MONACO:  continuing with uniform grid

 iteration  1:
 integral =  3.226551E-01,  sigma = 2.978E-01
 efficacy = 8.475E-03,  raw efficacy = 8.475E-03
 f_positive = 3.906E-2,  f_zero = 9.609E-1,  f_negative = 0.000E+0
 accumulated statistics:
 integral =  3.226551E-01,  sigma = 2.978E-01,  chi^2/iteration = 0.000E+00

 MONACO:  grid written to file GRID/grid2_2_4.vout.1
  
  result for virtual contribution, no.            1
  sigma =   0.32265506198957766       +-   0.29777065045319862       fb  
  
 total result for virtual contns so far 
  sigma =   0.32265506198957766       +-   0.29777065045319862       fb
  

 MONACO input parameters:
 ndim = 13,  ncall =       2,   rtype = 0
 nprn =  0,  acc = -1.0E+0,  alph =  8.75E-1,  nd = 48,  mds =  0

 MONACO:  continuing with uniform grid

 iteration  1:
 integral =  0.000000E+00,  sigma = 0.000E+00
 efficacy = 0.000E+00,  raw efficacy = 0.000E+00
 f_positive = 0.000E+0,  f_zero = 1.000E+0,  f_negative = 0.000E+0
 accumulated statistics:
 integral =  0.000000E+00,  sigma = 0.000E+00,  chi^2/iteration = 0.000E+00

 MONACO:  grid written to file GRID/grid2_2_4.vout.1
  
  result for virtual contribution, no.            2
  sigma =    0.0000000000000000       +-    0.0000000000000000       fb  
  
 total result for virtual contns so far 
  sigma =   0.32265506198957766       +-   0.29777065045319862       fb
  

 MONACO input parameters:
 ndim = 13,  ncall =      64,   rtype = 0
 nprn =  0,  acc = -1.0E+0,  alph =  8.75E-1,  nd = 48,  mds =  0

 MONACO:  continuing with uniform grid

 iteration  1:
 integral =  7.228035E-01,  sigma = 7.126E-01
 efficacy = 1.585E-02,  raw efficacy = 1.585E-02
 f_positive = 4.688E-2,  f_zero = 9.531E-1,  f_negative = 0.000E+0
 accumulated statistics:
 integral =  7.228035E-01,  sigma = 7.126E-01,  chi^2/iteration = 0.000E+00

 MONACO:  grid written to file GRID/grid2_2_4.vout.1
  
  result for virtual contribution, no.            3
  sigma =   0.72280353730719349       +-   0.71259872424898030       fb  
  
 total result for virtual contns so far 
  sigma =    1.0454585992967711       +-   0.77231101382318457       fb
  
  
 Subprocess           5
  

 MONACO input parameters:
 ndim = 13,  ncall =     512,   rtype = 0
 nprn =  0,  acc = -1.0E+0,  alph =  8.75E-1,  nd = 48,  mds =  0

 MONACO:  continuing with uniform grid

 iteration  1:
 integral =  5.481521E+01,  sigma = 3.903E+01
 efficacy = 3.097E-03,  raw efficacy = 3.097E-03
 f_positive = 2.734E-2,  f_zero = 9.727E-1,  f_negative = 0.000E+0
 accumulated statistics:
 integral =  5.481521E+01,  sigma = 3.903E+01,  chi^2/iteration = 2.220E-16

 MONACO:  grid written to file GRID/grid2_2_5.vout.1
  
  result for virtual contribution, no.            1
  sigma =    54.815206260907722       +-    39.027741964844296       fb  
  
 total result for virtual contns so far 
  sigma =    54.815206260907722       +-    39.027741964844296       fb
  

 MONACO input parameters:
 ndim = 13,  ncall =       8,   rtype = 0
 nprn =  0,  acc = -1.0E+0,  alph =  8.75E-1,  nd = 48,  mds =  0

 MONACO:  continuing with uniform grid

 iteration  1:
 integral =  0.000000E+00,  sigma = 0.000E+00
 efficacy = 0.000E+00,  raw efficacy = 0.000E+00
 f_positive = 0.000E+0,  f_zero = 1.000E+0,  f_negative = 0.000E+0
 accumulated statistics:
 integral =  0.000000E+00,  sigma = 0.000E+00,  chi^2/iteration = 0.000E+00

 MONACO:  grid written to file GRID/grid2_2_5.vout.1
  
  result for virtual contribution, no.            2
  sigma =    0.0000000000000000       +-    0.0000000000000000       fb  
  
 total result for virtual contns so far 
  sigma =    54.815206260907722       +-    39.027741964844296       fb
  

 MONACO input parameters:
 ndim = 13,  ncall =     256,   rtype = 0
 nprn =  0,  acc = -1.0E+0,  alph =  8.75E-1,  nd = 48,  mds =  0

 MONACO:  continuing with uniform grid

 iteration  1:
 integral =  1.358177E-01,  sigma = 9.586E-02
 efficacy = 7.674E-03,  raw efficacy = 7.674E-03
 f_positive = 1.562E-2,  f_zero = 9.844E-1,  f_negative = 0.000E+0
 accumulated statistics:
 integral =  1.358177E-01,  sigma = 9.586E-02,  chi^2/iteration = 0.000E+00

 MONACO:  grid written to file GRID/grid2_2_5.vout.1
  
  result for virtual contribution, no.            3
  sigma =   0.13581770522024980       +-    9.5864789433801348E-002  fb  
  
 total result for virtual contns so far 
  sigma =    54.951023966127970       +-    39.027859702170723       fb
  
  
 Subprocess           6
  

 MONACO input parameters:
 ndim = 13,  ncall =     256,   rtype = 0
 nprn =  0,  acc = -1.0E+0,  alph =  8.75E-1,  nd = 48,  mds =  0

 MONACO:  continuing with uniform grid

 iteration  1:
 integral =  2.423293E+00,  sigma = 1.836E+00
 efficacy = 5.442E-03,  raw efficacy = 5.442E-03
 f_positive = 2.734E-2,  f_zero = 9.727E-1,  f_negative = 0.000E+0
 accumulated statistics:
 integral =  2.423293E+00,  sigma = 1.836E+00,  chi^2/iteration = 0.000E+00

 MONACO:  grid written to file GRID/grid2_2_6.vout.1
  
  result for virtual contribution, no.            1
  sigma =    2.4232933595917614       +-    1.8364814364705904       fb  
  
 total result for virtual contns so far 
  sigma =    2.4232933595917614       +-    1.8364814364705904       fb
  

 MONACO input parameters:
 ndim = 13,  ncall =       4,   rtype = 0
 nprn =  0,  acc = -1.0E+0,  alph =  8.75E-1,  nd = 48,  mds =  0

 MONACO:  continuing with uniform grid

 iteration  1:
 integral =  0.000000E+00,  sigma = 0.000E+00
 efficacy = 0.000E+00,  raw efficacy = 0.000E+00
 f_positive = 0.000E+0,  f_zero = 1.000E+0,  f_negative = 0.000E+0
 accumulated statistics:
 integral =  0.000000E+00,  sigma = 0.000E+00,  chi^2/iteration = 0.000E+00

 MONACO:  grid written to file GRID/grid2_2_6.vout.1
  
  result for virtual contribution, no.            2
  sigma =    0.0000000000000000       +-    0.0000000000000000       fb  
  
 total result for virtual contns so far 
  sigma =    2.4232933595917614       +-    1.8364814364705904       fb
  

 MONACO input parameters:
 ndim = 13,  ncall =     128,   rtype = 0
 nprn =  0,  acc = -1.0E+0,  alph =  8.75E-1,  nd = 48,  mds =  0

 MONACO:  continuing with uniform grid

 iteration  1:
 integral =  4.002257E-03,  sigma = 3.783E-03
 efficacy = 8.277E-03,  raw efficacy = 8.277E-03
 f_positive = 1.562E-2,  f_zero = 9.844E-1,  f_negative = 0.000E+0
 accumulated statistics:
 integral =  4.002257E-03,  sigma = 3.783E-03,  chi^2/iteration = 0.000E+00

 MONACO:  grid written to file GRID/grid2_2_6.vout.1
  
  result for virtual contribution, no.            3
  sigma =    4.0022574253248035E-003  +-    3.7825146158713342E-003  fb  
  
 total result for virtual contns so far 
  sigma =    2.4272956170170863       +-    1.8364853318003667       fb
  
  
 Subprocess           7
  

 MONACO input parameters:
 ndim = 13,  ncall =     512,   rtype = 0
 nprn =  0,  acc = -1.0E+0,  alph =  8.75E-1,  nd = 48,  mds =  0

 MONACO:  continuing with uniform grid

 iteration  1:
 integral =  2.424590E+01,  sigma = 2.207E+01
 efficacy = 2.149E-03,  raw efficacy = 2.149E-03
 f_positive = 2.734E-2,  f_zero = 9.727E-1,  f_negative = 0.000E+0
 accumulated statistics:
 integral =  2.424590E+01,  sigma = 2.207E+01,  chi^2/iteration = 0.000E+00

 MONACO:  grid written to file GRID/grid2_2_7.vout.1
  
  result for virtual contribution, no.            1
  sigma =    24.245896108185850       +-    22.066291586953259       fb  
  
 total result for virtual contns so far 
  sigma =    24.245896108185850       +-    22.066291586953259       fb
  

 MONACO input parameters:
 ndim = 13,  ncall =       8,   rtype = 0
 nprn =  0,  acc = -1.0E+0,  alph =  8.75E-1,  nd = 48,  mds =  0

 MONACO:  continuing with uniform grid

 iteration  1:
 integral =  0.000000E+00,  sigma = 0.000E+00
 efficacy = 0.000E+00,  raw efficacy = 0.000E+00
 f_positive = 0.000E+0,  f_zero = 1.000E+0,  f_negative = 0.000E+0
 accumulated statistics:
 integral =  0.000000E+00,  sigma = 0.000E+00,  chi^2/iteration = 0.000E+00

 MONACO:  grid written to file GRID/grid2_2_7.vout.1
  
  result for virtual contribution, no.            2
  sigma =    0.0000000000000000       +-    0.0000000000000000       fb  
  
 total result for virtual contns so far 
  sigma =    24.245896108185850       +-    22.066291586953259       fb
  

 MONACO input parameters:
 ndim = 13,  ncall =     256,   rtype = 0
 nprn =  0,  acc = -1.0E+0,  alph =  8.75E-1,  nd = 48,  mds =  0

 MONACO:  continuing with uniform grid

 iteration  1:
 integral =  9.468331E-02,  sigma = 7.780E-02
 efficacy = 4.901E-03,  raw efficacy = 4.901E-03
 f_positive = 1.562E-2,  f_zero = 9.844E-1,  f_negative = 0.000E+0
 accumulated statistics:
 integral =  9.468331E-02,  sigma = 7.780E-02,  chi^2/iteration = 0.000E+00

 MONACO:  grid written to file GRID/grid2_2_7.vout.1
  
  result for virtual contribution, no.            3
  sigma =    9.4683306606590953E-002  +-    7.7799619133426451E-002  fb  
  
 total result for virtual contns so far 
  sigma =    24.340579414792440       +-    22.066428736458047       fb
  
  
 Subprocess           8
  

 MONACO input parameters:
 ndim = 13,  ncall =     128,   rtype = 0
 nprn =  0,  acc = -1.0E+0,  alph =  8.75E-1,  nd = 48,  mds =  0

 MONACO:  continuing with uniform grid

 iteration  1:
 integral =  8.310510E-01,  sigma = 6.385E-01
 efficacy = 1.051E-02,  raw efficacy = 1.051E-02
 f_positive = 3.906E-2,  f_zero = 9.609E-1,  f_negative = 0.000E+0
 accumulated statistics:
 integral =  8.310510E-01,  sigma = 6.385E-01,  chi^2/iteration = 2.220E-16

 MONACO:  grid written to file GRID/grid2_2_8.vout.1
  
  result for virtual contribution, no.            1
  sigma =   0.83105097825777985       +-   0.63851693712729940       fb  
  
 total result for virtual contns so far 
  sigma =   0.83105097825777985       +-   0.63851693712729940       fb
  

 MONACO input parameters:
 ndim = 13,  ncall =       2,   rtype = 0
 nprn =  0,  acc = -1.0E+0,  alph =  8.75E-1,  nd = 48,  mds =  0

 MONACO:  continuing with uniform grid

 iteration  1:
 integral =  0.000000E+00,  sigma = 0.000E+00
 efficacy = 0.000E+00,  raw efficacy = 0.000E+00
 f_positive = 0.000E+0,  f_zero = 1.000E+0,  f_negative = 0.000E+0
 accumulated statistics:
 integral =  0.000000E+00,  sigma = 0.000E+00,  chi^2/iteration = 0.000E+00

 MONACO:  grid written to file GRID/grid2_2_8.vout.1
  
  result for virtual contribution, no.            2
  sigma =    0.0000000000000000       +-    0.0000000000000000       fb  
  
 total result for virtual contns so far 
  sigma =   0.83105097825777985       +-   0.63851693712729940       fb
  

 MONACO input parameters:
 ndim = 13,  ncall =      64,   rtype = 0
 nprn =  0,  acc = -1.0E+0,  alph =  8.75E-1,  nd = 48,  mds =  0

 MONACO:  continuing with uniform grid

 iteration  1:
 integral =  2.988666E+00,  sigma = 2.988E+00
 efficacy = 1.563E-02,  raw efficacy = 1.563E-02
 f_positive = 4.688E-2,  f_zero = 9.531E-1,  f_negative = 0.000E+0
 accumulated statistics:
 integral =  2.988666E+00,  sigma = 2.988E+00,  chi^2/iteration = 2.220E-16

 MONACO:  grid written to file GRID/grid2_2_8.vout.1
  
  result for virtual contribution, no.            3
  sigma =    2.9886664853493743       +-    2.9879289179290311       fb  
  
 total result for virtual contns so far 
  sigma =    3.8197174636071543       +-    3.0553924621224975       fb
  
  total result for virtual PS            2
  sigma =    513.83265742754418       +-    277.95282161133156       fb
  
 
  Total (multi-channel) result (NLO virtual):    527.61122351290760       +-    278.04600200805527       fb     52.699030956314196      %
 
   
 Summary for FF ..
   
 
total number of errors and warnings
===================================
vbffferr: no errors
the warning system has been disabled
 
  
 PHASE SPACE            1
  

 MONACO input parameters:
 ndim = 16,  ncall =     512,   rtype = 0
 nprn =  0,  acc = -1.0E+0,  alph =  8.75E-1,  nd = 48,  mds =  0

 MONACO:  continuing with uniform grid
 QCD W-A jjj amplitude square information:
 external b quarks are included
 alpha parameter of dipoles:    1.0000000000000000     
 -----------------------------------------------

 iteration  1:
 integral =  4.315197E-01,  sigma = 4.951E-01
 efficacy = 1.710E-03,  raw efficacy = 1.710E-03
 f_positive = 5.859E-3,  f_zero = 9.766E-1,  f_negative = 1.758E-2
 accumulated statistics:
 integral =  4.315197E-01,  sigma = 4.951E-01,  chi^2/iteration = 1.110E-16

 MONACO:  grid written to file grid3_1.out.1
 
  result for real emissions 
  sigma =   0.43151972586657494       +-   0.49514786347893963       fb
  
  
 PHASE SPACE            2
  

 MONACO input parameters:
 ndim = 16,  ncall =    1024,   rtype = 0
 nprn =  0,  acc = -1.0E+0,  alph =  8.75E-1,  nd = 48,  mds =  0

 MONACO:  continuing with uniform grid

 iteration  1:
 integral = -4.368276E-01,  sigma = 5.931E+00
 efficacy = 9.123E-05,  raw efficacy = 9.123E-05
 f_positive = 1.660E-2,  f_zero = 9.258E-1,  f_negative = 5.762E-2
 accumulated statistics:
 integral = -4.368276E-01,  sigma = 5.931E+00,  chi^2/iteration = 0.000E+00

 MONACO:  grid written to file grid3_2.out.1
 
  result for real emissions 
  sigma =  -0.43682761252659780       +-    5.9309774849664780       fb
  
 
  Total (multi-channel) result (NLO real):   -5.3078866600228536E-003  +-    5.9516103143508188       fb    -112127.68274003036      %
 
  
  final result at NLO 
  sigma =    527.60591562624757       +-    278.10969220434833       fb   52.711632672700993      %

  penbox/ fermionloops instabilites 
      total calls                      0
      instabilities dble               0   0.0000000000000000      %
      instabilities quad               0   0.0000000000000000      %
  Box instabilites 
      total calls                      0
      instabilities dble               0   0.0000000000000000      %
      instabilities quad               0   0.0000000000000000      %
  Pentagon instabilites 
      total calls                      0
      instabilities dble               0   0.0000000000000000      %
      instabilities quad               0   0.0000000000000000      %
  Hexagon instabilites 
      total calls                      0
      instabilities dble               0   0.0000000000000000      %
      instabilities quad               0   0.0000000000000000      %
 LO for different PHASESPACE:
   42.533439888133557       +-    34.838522974372566       fb   81.908547876684196     
   92.756445456736230       +-    40.378446714872666       fb   43.531688300524749     
 

 ========================================
    results of individual contributions
 ========================================

 virtual contributions
 gnlo           1   505.46078574357648       +-    277.65965037221599     
 gnlo           2   0.0000000000000000       +-    0.0000000000000000     
 gnlo           3   22.150437769331102       +-    14.652569325625054     

 total virtual contributions for different phase spaces
 subproc           1   13.778566085363375       +-    7.1977907001210299     
 subproc           2   513.83265742754418       +-    277.95282161133156     

 total virtual contributions for different subprocesses
 subproc           1   311.72680746770925       +-    258.91141238241420     
 subproc           2   41.866001790726187       +-    29.882040966870257     
 subproc           3   86.596053705184275       +-    85.778360450672807     
 subproc           4   1.1190689202641440       +-   0.77503377981043997     
 subproc           5   55.090133619566473       +-    39.027994869822400     
 subproc           6   2.5297442860190813       +-    1.8393300827006649     
 subproc           7   24.840447635991858       +-    22.070164186671299     
 subproc           8   3.8429660874463276       +-    3.0554759951932753     

 RE subprocesses
 PS            1
 subproc           1  0.43151972586657494       +-   0.49514786347893963     
 PS            2
 subproc           1 -0.43682761252659780       +-    5.9309774849664780     
  
  
  
 !!!!!!!!!!!!!!!!!!!!!!!!!!!!!!!!!!!!!!!!!!!!!!!!!!!!!!!!!!!!!!!!!!!!!!!!!!!!!!!!!!!!!!!!!!!!!!!!!!!!!!!!
   
  PROCESS:         3280   :   p p -->  W- A jj -->  e- ve~ A jj (QCD induced)
   
  TOTAL result (LO):          135.28988534486979  +-       53.33049448619145 fb       39.41942470440105 %
  NLO virtual result:         527.61122351290760  +-      278.04600200805527 fb       52.69903095631420 %
  QCD real emission:           -0.00530788666002  +-        5.95161031435082 fb  -112127.68274003035913 %
  TOTAL result (NLO):         527.60591562624757  +-      278.10969220434833 fb       52.71163267270099 %
  Approx. error due to instable points:    0.0000000000000000       %
  K-Factor:                  3.8998178931212646     
 !!!!!!!!!!!!!!!!!!!!!!!!!!!!!!!!!!!!!!!!!!!!!!!!!!!!!!!!!!!!!!!!!!!!!!!!!!!!!!!!!!!!!!!!!!!!!!!!!!!!!!!!
  
  
  Endtime: 2024-05-03T17:42:13+0200
  Runtime: 0:00:00 (0 seconds)
