   
 -----------------------------------------------------------------
 VBFNLO, version 3.0.0 beta0 svn 7628
 Comput. Phys. Commun. 180 (2009) 1661[arXiv:0811.4559 [hep-ph]]
 arXiV:1107.4038, arXiV:1207.4975, arXiv:1404.3940
 http://www.itp.kit.edu/vbfnlo
 -----------------------------------------------------------------
 Process-specific references (please cite as well if appropriate):
 R. Roth diploma thesis
 e-Print: http://www.itp.kit.edu/prep/diploma/PSFiles/Diplom_Roth.pdf
 
 -----------------------------------------------------------------
   
   
   
 Initialising LoopTools ..
   
 ====================================================
   FF 2.0, a package to evaluate one-loop integrals
 written by G. J. van Oldenborgh, NIKHEF-H, Amsterdam
 ====================================================
 for the algorithms used see preprint NIKHEF-H 89/17,
 'New Algorithms for One-loop Integrals', by G.J. van
 Oldenborgh and J.A.M. Vermaseren, published in 
 Zeitschrift fuer Physik C46(1990)425.
 ====================================================
  
        Information on global parameters
 -----------------------------------------------
   PROCESS               =     1310
   LOPROCESS_PLUS_JET    =        F
   KK_MOD                =        F
   ANOM_CPL              =        F
   LEPTONS               =    11  -12
   LO_ITERATIONS         =        4
   NLO_ITERATIONS        =        8
   LO_POINTS             =       26
   NLO_POINTS            =       26
   NLO_SWITCH            =        T
   EWCOR_SWITCH          =        F
   FERMIONLOOP           =        3
   LHA_SWITCH            =        F
   HEPMC_SWITCH          =        F
   LO_GRID               = grid2_1                                           
   NLO_GRID              = grid3_1                                           
   PHTN_GRID             = grid4_1                                           
   FLOOP_GRID            = grid5_1                                           
   ECM                   =  14000.0    
   BEAM1                 =        1
   BEAM2                 =        1
   ID_MUF                =        0
   ID_MUR                =        0
   MUF_USER              =  91.1876    
   MUR_USER              =  91.1876    
   XIF                   =  1.00000    
   XIR                   =  1.00000    
 
       information on the selected process 
 -----------------------------------------------
 
  pp -> W- H -> l- vl~ H
 
 W- H production with leptonic decay of the W boson and stable Higgs.
 Anomalous couplings can be set in "anomV.dat".
 Process is implemented at LO and NLO QCD.
 References: R. Roth diploma thesis
 e-Print: http://www.itp.kit.edu/prep/diploma/PSFiles/Diplom_Roth.pdf
 
 Initializing PDF set CT10
  
               Physics parameters
 -----------------------------------------------
   HTYPE                 =        0
   MODEL                 =        1
   ANOM_CPL              =        F
   KK_MOD                =        F
   SPIN2                 =        F
   HMASS                 =  126.000    
   HWIDTH                = -999.000    
   TOPMASS               =  172.400    
   BOTTOMMASS            =  4.85500    
   CHARMMASS             =  1.65000    
   TAU_MASS              =  1.77684    
   EWSCHEME              =        3
   FERMI_CONST           = 0.116637E-04
   WMASS                 =  80.3980    
   ZMASS                 =  91.1876    
   
 Running in the SM
   
 Higgs mass =   126.00000000000000     
   
  
 Information on scale setting in InitScales 
 -------------------------------------------
  
 Constant factorization scale chosen: mu_F =   91.187600000000003       GeV 
 Constant value for alphas chosen: alphas(NLO) =  0.11798158748829392     
 Initializing PDF set cteq6l1
  
  
 Constant value for alphas chosen: alphas(LO) =  0.12980813411832592     
  
  
   Information on couplings, masses and widths
 ===============================================
  
   SM coupling parameters 
 ---------------------------
   G_Fermi                         : 0.000011663700
   SIN**2 of the weak mixing angle : 0.22264585
   Q.E.D. fine structure constant  : 1/132.34070    
   SU(2) coupling constant g       : 0.65305673
   U(1) coupling constant g'       : 0.34950127
   Q.C.D. LO alfas(MZ)             : 0.12980813
   Q.C.D. NLO alfas(MZ)            : 0.11798159
  
      particle masses
 ---------------------------
   mass of the Z0 boson            :   91.1876
   mass of the W+/- boson          :   80.3980
   mass of the Higgs boson         :  126.0000
   mass of the top quark           :  172.4000
   mass of the bottom quark at MH  :    2.8020
  (All other fermions have mass equal ZERO)
  
      particle widths
 ---------------------------
   total widths of Z0              :   2.508420 GeV
   total widths of W+ or W-        :   2.097673 GeV
   total widths of Higgs           :   0.004277 GeV
   total widths of top quark       :   1.339784 GeV
  
     branching ratios
 ---------------------------
   W -> lepton anti-lepton         : 10.8397227 %
   W -> massless quark anti-quark  : 33.7404159 %
   W -> top bottom                 :  0.0000000 %
  
   Z -> neutrino anti-neutrino     :  6.6129820 %
   Z -> charged lepton anti-lepton :  3.3460763 %
   Z -> up-type quark anti-quark   : 11.9908090 %
   Z -> down-type quark anti-quark : 15.3804024 %
   Z -> top anti-top               :  0.0000000 %
  
   H -> WW                         : 22.0125356 %
   H -> ZZ                         :  3.0338266 %
   H -> bottom anti-bottom         : 57.0764080 %
   H -> top anti-top               :  0.0000000 %
   H -> charm anti-charm           :  3.3908342 %
   H -> tau anti-tau               :  6.0977649 %
   H -> mu anti-mu                 :  0.0215873 %
   H -> gluon gluon                :  7.9592311 %
   H -> gamma gamma                :  0.2380229 %
   H -> Z gamma                    :  0.1697893 %
  
 Warning: cannot read value for key = MLL_OSONLY. Using default value :  T
 Warning: cannot read value for key = PTMISS_MIN. Using default value :    0.0000000000000000     
 
          information on cut parameters
 -----------------------------------------------
 
 minimum jet pt        (PT_JET_MIN):     30.00   
 maximum jet rapidity                 (Y_JET_MAX):    4.5000000000000000     
 maximum parton pseudorapidity          (Y_P_MAX):    4.5000000000000000     
 minimum jet-jet R-separation           (RJJ_MIN):   0.80000000000000004     
 minimum number of jets                (NJET_MIN):            0
 single jet from hadronic decay (SINGLE_DECAYJET):            0
 exponent of generalised kT algorithm (PGENKTJET):    1.0000000000000000     
 minimum lepton-lepton R-separation     (RLL_MIN):   0.40000000000000002     
 maximum lepton-lepton R-separation     (RLL_MAX):    50.000000000000000     
 minimum jet-lepton R-separation        (RJL_MIN):   0.59999999999999998     
 minimum jet-photon R-separation        (RJG_MIN):   0.59999999999999998     
 minimum lepton-photon R-separation     (RLG_MIN):   0.59999999999999998     
 minimum photon-photon R-separation     (RGG_MIN):   0.40000000000000002     
 maximum photon-photon R-separation     (RGG_MAX):    50.000000000000000     
 maximum lepton rapidity                (Y_L_MAX):    2.5000000000000000     
 minimum lepton pt       (PT_L_MIN):     20.00   
 minimum invariant dilepton mass        (MLL_MIN):    15.000000000000000     
 maximum invariant dilepton mass        (MLL_MAX):    1.0000000000000000E+020
 m_ll cuts only on opposite-sign l   (MLL_OSONLY):  T
 maximum photon rapidity                (Y_G_MAX):    2.5000000000000000     
 minimum photon pt       (PT_G_MIN):    
 photon isolation cut                 (PHISOLCUT):   0.69999999999999996     
 efficiency of photon isolation cut   (EFISOLCUT):    1.0000000000000000     
 minimum invariant lepton-photon mass   (MLG_MIN):    0.0000000000000000     
 maximum invariant lepton-photon mass   (MLG_MAX):    1.0000000000000000E+020
 minimal missing transverse momentum (PTMISS_MIN):    0.0000000000000000     
 minimum jet rapidity separation      (ETAJJ_MIN):    0.0000000000000000     
 tagging jets in opposite hemispheres     (YSIGN):    F
 leptons fall inside rapidity gap     (LRAPIDGAP):    F
 min leptons y-dist from tagging jets   (DELY_JL):    0.0000000000000000     
 photons fall inside rapidity gap     (GRAPIDGAP):    F
 min photons y-dist from tagging jets   (DELY_JG):    0.0000000000000000     
 dijet min mass cut on tag jets        (MDIJ_MIN):    600.00000000000000     
 dijet max mass cut on tag jets        (MDIJ_MAX):    1.0000000000000000E+020
 veto criteria for jets                   (JVETO):    F
 minimum veto-tag y-dist             (DELY_JVETO):    0.0000000000000000     
 maximum |y| for veto jet             (YMAX_VETO):    4.5000000000000000     
 minimum pT for veto jet             (PTMIN_VETO):    50.000000000000000     
 

 --------------------PHASE SPACE VHj------------------

 boson has mass    80.40 GeV and width     2.0977 GeV
 integration range for boson   4 =      0.032  to     9899.495 GeV
 boson has mass   126.00 GeV and width     0.0043 GeV
 integration range for boson   6 =    121.723  to      130.277 GeV

 machine energy =    14000.0  GeV

 ---------------------------------------------------

  Random number generator initialized with seed =            0
 
          information on histogram config
 -----------------------------------------------
 
 SMEARING           =      T
 SMEAR_VALUE        =       0.20000000000000001     
 CALC_ERROR_GNUPLOT =      F
 CALC_ERROR_ROOT    =      F
 CALC_ERROR_1D      =      T
 CALC_ERROR_2D      =      F
 
HIST_ID1      =      0.00    250.00  # dS/dpT_j (fb/GeV)
HIST_ID2      =      0.00    500.00  # dS/dpTmax_j (fb/GeV)
HIST_ID3      =      0.00    200.00  # dS/dpTmin_j (fb/GeV)
HIST_ID4      =     -5.00      5.00  # dS/dy_j (fb)
HIST_ID5      =     -5.00      5.00  # dS/dy_j1 (fb)
HIST_ID6      =     -5.00      5.00  # dS/dy_j2 (fb)
HIST_ID7      =      0.00    500.00  # dS/dpTmax_l (fb/GeV)
HIST_ID8      =      0.00    200.00  # dS/dpTmin_l (fb/GeV)
HIST_ID9      =      0.00      5.00  # dS/d|eta|max_l (fb)
HIST_ID10     =      0.00      5.00  # dS/d|eta|min_l (fb)
HIST_ID11     =   -180.00    180.00  # dS/dPhi_jj (fb)
2DHIST_ID1    =      0.00      6.00      0.00    800.00  # d2S/dy_jj dm_jj (fb/GeV)
 
 -----------------------------------------------
 
 
 

 MONACO input parameters:
 ndim =  9,  ncall =       8M,   rtype = 0
 nprn =  0,  acc = -1.0E+0,  alph = 8.75E-1,  nd = 48,  mds =  0

 MONACO:  continuing with uniform grid
  
 W-H amplitude square information:
  External b-quark contributions are excluded

 iteration  1:
 integral =  3.173202E+01,  sigma = 1.824E-02
 efficacy = 8.951E-02,  raw efficacy = 8.951E-02
 f_positive = 4.360E-1,  f_zero = 5.640E-1,  f_negative = 0.000E+0
 accumulated statistics:
 integral =  3.173202E+01,  sigma = 1.824E-02,  chi^2/iteration = 9.313E-10

 MONACO:  grid written to file grid2_1.out.1

 MONACO input parameters:
 ndim =  9,  ncall =      16M,   rtype = 0
 nprn =  0,  acc = -1.0E+0,  alph = 8.75E-1,  nd = 48,  mds =  0

 iteration  2:
 integral =  3.170936E+01,  sigma = 7.816E-03
 efficacy = 1.507E-01,  raw efficacy = 8.786E-02
 f_positive = 6.458E-1,  f_zero = 3.542E-1,  f_negative = 0.000E+0
 accumulated statistics:
 integral =  3.171287E+01,  sigma = 7.184E-03,  chi^2/iteration = 1.304E+06

 MONACO:  grid written to file grid2_1.out.2

 MONACO input parameters:
 ndim =  9,  ncall =      32M,   rtype = 0
 nprn =  0,  acc = -1.0E+0,  alph = 8.75E-1,  nd = 48,  mds =  0

 iteration  3:
 integral =  3.171133E+01,  sigma = 4.550E-03
 efficacy = 1.373E-01,  raw efficacy = 8.677E-02
 f_positive = 7.145E-1,  f_zero = 2.855E-1,  f_negative = 0.000E+0
 accumulated statistics:
 integral =  3.171177E+01,  sigma = 3.844E-03,  chi^2/iteration = 1.337E+00

 MONACO:  grid written to file grid2_1.out.3

 MONACO input parameters:
 ndim =  9,  ncall =      64M,   rtype = 0
 nprn =  0,  acc = -1.0E+0,  alph = 8.75E-1,  nd = 48,  mds =  0
  random number setting in monaco saved 

 iteration  4:
 integral =  3.170728E+01,  sigma = 2.976E-03
 efficacy = 8.483E-02,  raw efficacy = 8.698E-02
 f_positive = 7.407E-1,  f_zero = 2.593E-1,  f_negative = 0.000E+0
 accumulated statistics:
 integral =  3.170896E+01,  sigma = 2.353E-03,  chi^2/iteration = 1.096E+00

 MONACO:  grid written to file grid2_1.out.4
 
  result (LO):    31.708960207633542       +-    2.3529404214101103E-003  fb     7.4204275573932854E-003 %
 
   
 Initialising FF ..
   
 ====================================================
   FF 2.0, a package to evaluate one-loop integrals
 written by G. J. van Oldenborgh, NIKHEF-H, Amsterdam
 ====================================================
 for the algorithms used see preprint NIKHEF-H 89/17,
 'New Algorithms for One-loop Integrals', by G.J. van
 Oldenborgh and J.A.M. Vermaseren, published in 
 Zeitschrift fuer Physik C46(1990)425.
 ====================================================
 ====================================================
   FF 2.0, a package to evaluate one-loop integrals
 written by G. J. van Oldenborgh, NIKHEF-H, Amsterdam
 ====================================================
 for the algorithms used see preprint NIKHEF-H 89/17,
 'New Algorithms for One-loop Integrals', by G.J. van
 Oldenborgh and J.A.M. Vermaseren, published in 
 Zeitschrift fuer Physik C46(1990)425.
 ====================================================
 Initializing PDF set CT10

 MONACO input parameters:
 ndim =  9,  ncall =      64M,   rtype = 0
 nprn =  0,  acc = -1.0E+0,  alph = 8.75E-1,  nd = 48,  mds =  0

 MONACO:  grid read from file grid2_1.out.4                                                                                                                                                                                                                                             

 iteration  1:
 integral =  4.079176E+01,  sigma = 3.710E-03
 efficacy = 6.054E-02,  raw efficacy = 8.799E-02
 f_positive = 7.520E-1,  f_zero = 2.480E-1,  f_negative = 0.000E+0
 accumulated statistics:
 integral =  4.079176E+01,  sigma = 3.710E-03,  chi^2/iteration = 1.490E-08

 MONACO:  grid written to file grid2_1.vout.1
  
  result for virtual contribution, no.            1
  sigma =    40.791759054682508       +-    3.7102402871187091E-003  fb  
  
 total result for virtual contns so far 
  sigma =    40.791759054682508       +-    3.7102402871187091E-003  fb
  
   
 Summary for FF ..
   
 
total number of errors and warnings
===================================
vbffferr: no errors
the warning system has been disabled
 
 vbfquadffopen: error: could not open /itp/scratch/rauch/vbfquadnlotest/binaryrelease30/share/VBFNLO/ff/fferr.dat                                                     
         adjust path in vbfquadffopen (vbfquadffinit.f)
vbfquadfferr:  warning cannot open fferr.dat with error texts
 
total number of errors and warnings
===================================
vbfquadfferr: no errors
the warning system has been disabled
 

 MONACO input parameters:
 ndim = 13,  ncall =     512k,   rtype = 0
 nprn =  0,  acc = -1.0E+0,  alph = 8.75E-1,  nd = 48,  mds =  0

 MONACO:  continuing with uniform grid
  
 W-H j amplitude square information:
 -----------------------------------------------
  
  External b-quark contributions are excluded
  
  creal =   -6.5797362673929038       cvirtual =    5.1594725347858095     

 iteration  1:
 integral =  3.920352E+00,  sigma = 1.311E-01
 efficacy = 1.147E-04,  raw efficacy = 1.147E-04
 f_positive = 1.228E-1,  f_zero = 7.466E-1,  f_negative = 1.306E-1
 accumulated statistics:
 integral =  3.920352E+00,  sigma = 1.311E-01,  chi^2/iteration = 1.137E-13

 MONACO:  grid written to file grid3_1.out.1

 MONACO input parameters:
 ndim = 13,  ncall =       1M,   rtype = 0
 nprn =  0,  acc = -1.0E+0,  alph = 8.75E-1,  nd = 48,  mds =  0

 iteration  2:
 integral =  3.794905E+00,  sigma = 8.619E-02
 efficacy = 5.655E-05,  raw efficacy = 1.192E-05
 f_positive = 2.396E-1,  f_zero = 5.954E-1,  f_negative = 1.649E-1
 accumulated statistics:
 integral =  3.832743E+00,  sigma = 7.202E-02,  chi^2/iteration = 6.390E+05

 MONACO:  grid written to file grid3_1.out.2

 MONACO input parameters:
 ndim = 13,  ncall =       2M,   rtype = 0
 nprn =  0,  acc = -1.0E+0,  alph = 8.75E-1,  nd = 48,  mds =  0

 iteration  3:
 integral =  3.944517E+00,  sigma = 3.945E-02
 efficacy = 1.568E-04,  raw efficacy = 7.455E-06
 f_positive = 2.871E-1,  f_zero = 5.293E-1,  f_negative = 1.837E-1
 accumulated statistics:
 integral =  3.918724E+00,  sigma = 3.460E-02,  chi^2/iteration = 2.492E+00

 MONACO:  grid written to file grid3_1.out.3

 MONACO input parameters:
 ndim = 13,  ncall =       4M,   rtype = 0
 nprn =  0,  acc = -1.0E+0,  alph = 8.75E-1,  nd = 48,  mds =  0

 iteration  4:
 integral =  3.911027E+00,  sigma = 2.391E-02
 efficacy = 9.313E-05,  raw efficacy = 1.865E-06
 f_positive = 2.680E-1,  f_zero = 5.474E-1,  f_negative = 1.847E-1
 accumulated statistics:
 integral =  3.913515E+00,  sigma = 1.967E-02,  chi^2/iteration = 1.263E+00

 MONACO:  grid written to file grid3_1.out.4

 MONACO input parameters:
 ndim = 13,  ncall =       8M,   rtype = 0
 nprn =  0,  acc = -1.0E+0,  alph = 8.75E-1,  nd = 48,  mds =  0

 iteration  5:
 integral =  3.913111E+00,  sigma = 1.801E-02
 efficacy = 4.405E-05,  raw efficacy = 9.564E-07
 f_positive = 2.717E-1,  f_zero = 5.398E-1,  f_negative = 1.885E-1
 accumulated statistics:
 integral =  3.913295E+00,  sigma = 1.328E-02,  chi^2/iteration = 8.418E-01

 MONACO:  grid written to file grid3_1.out.5

 MONACO input parameters:
 ndim = 13,  ncall =      16M,   rtype = 0
 nprn =  0,  acc = -1.0E+0,  alph = 8.75E-1,  nd = 48,  mds =  0

 iteration  6:
 integral =  3.912842E+00,  sigma = 1.128E-02
 efficacy = 6.040E-05,  raw efficacy = 2.923E-07
 f_positive = 2.640E-1,  f_zero = 5.466E-1,  f_negative = 1.894E-1
 accumulated statistics:
 integral =  3.913032E+00,  sigma = 8.597E-03,  chi^2/iteration = 6.315E-01

 MONACO:  grid written to file grid3_1.out.6

 MONACO input parameters:
 ndim = 13,  ncall =      32M,   rtype = 0
 nprn =  0,  acc = -1.0E+0,  alph = 8.75E-1,  nd = 48,  mds =  0

 iteration  7:
 integral =  3.914407E+00,  sigma = 6.707E-03
 efficacy = 1.490E-04,  raw efficacy = 4.786E-07
 f_positive = 2.605E-1,  f_zero = 5.473E-1,  f_negative = 1.923E-1
 accumulated statistics:
 integral =  3.913887E+00,  sigma = 5.288E-03,  chi^2/iteration = 5.084E-01

 MONACO:  grid written to file grid3_1.out.7

 MONACO input parameters:
 ndim = 13,  ncall =      64M,   rtype = 0
 nprn =  0,  acc = -1.0E+0,  alph = 8.75E-1,  nd = 48,  mds =  0

 iteration  8:
 integral =  3.920736E+00,  sigma = 4.647E-03
 efficacy = 5.075E-05,  raw efficacy = 2.077E-07
 f_positive = 2.585E-1,  f_zero = 5.491E-1,  f_negative = 1.925E-1
 accumulated statistics:
 integral =  3.917752E+00,  sigma = 3.491E-03,  chi^2/iteration = 5.814E-01

 MONACO:  grid written to file grid3_1.out.8
 
  result for real emissions 
  sigma =    3.9177516056592734       +-    3.4908723176771393E-003  fb
  
 
total number of errors and warnings
===================================
fferr: no errors
 
  
  final result at NLO 
  sigma =    44.709510660341785       +-    5.0943176703542236E-003  fb   1.1394259510142623E-002 %
 
   
 TOTAL VIRTUAL CONTRIBUTIONS:
 TOTAL borntype:
   40.791759054682508        3.7102402871187091E-003   9.0955633517667799E-003  %
  
  created GNUplot file for histograms : histograms.gp                                     
  
  
 !!!!!!!!!!!!!!!!!!!!!!!!!!!!!!!!!!!!!!!!!!!!!!!!!!!!!!!!!!!!!!!!!!!!!!!!!!!!!!!!!!!!!!!!!!!!!!!!!!!!!!!!
     VBFNLO 3.0.0 beta0 svn 7628
   
  PROCESS:         1310   :   p p -->  W- H -->  e- ve~ H
   
  TOTAL result (LO):          31.708960207633542       +-    2.3529404214101103E-003  fb     7.4204275573932854E-003 %
  NLO virtual result:         40.791759054682508       +-    3.7102402871187091E-003  fb     9.0955633517667799E-003 %
  QCD real emission:          3.9177516056592734       +-    3.4908723176771393E-003  fb     8.9103972611089016E-002 %
  TOTAL result (NLO):         44.709510660341785       +-    5.0943176703542236E-003  fb     1.1394259510142623E-002 %
  K-Factor:                   1.4099961136404127     
 !!!!!!!!!!!!!!!!!!!!!!!!!!!!!!!!!!!!!!!!!!!!!!!!!!!!!!!!!!!!!!!!!!!!!!!!!!!!!!!!!!!!!!!!!!!!!!!!!!!!!!!!
  
  
