event>     initevent>         0/10000000; xs = 199.779 pb +- 199.779 pb
event>         1/10000000; xs = 0.00034736 pb +- 0.00034736 pb
event>         2/10000000; xs = 0.000269 pb +- 0.000257817 pb
event>         5/10000000; xs = 0.000627328 pb +- 0.000425142 pb
event>        10/10000000; xs = 0.000383963 pb +- 0.000255547 pb
event>        20/10000000; xs = 0.000405032 pb +- 0.000229511 pb
event>        50/10000000; xs = 0.000978523 pb +- 0.000380787 pb
event>       100/10000000; xs = 0.000796999 pb +- 0.000221848 pb
event>       200/10000000; xs = 0.000961297 pb +- 0.000255288 pb
event>       500/10000000; xs = 0.00110768 pb +- 0.000218729 pb
event>      1000/10000000; xs = 0.000208383 pb +- 0.000896403 pb
event>      2000/10000000; xs = 0.0018015 pb +- 0.000837376 pb
event>      5000/10000000; xs = 0.00274205 pb +- 0.000699154 pb
event>     10000/10000000; xs = 0.00248239 pb +- 0.000391203 pb
event>     20000/10000000; xs = 0.00267303 pb +- 0.00024366 pb
event>     30000/10000000; xs = 0.0026138 pb +- 0.000177485 pb
event>     40000/10000000; xs = 0.00281899 pb +- 0.000225001 pb
event>     50000/10000000; xs = 0.00280772 pb +- 0.000188209 pb
event>     60000/10000000; xs = 0.0026764 pb +- 0.000160587 pb
event>     70000/10000000; xs = 0.00263531 pb +- 0.000151953 pb
event>     80000/10000000; xs = 0.00272035 pb +- 0.000149309 pb
event>     90000/10000000; xs = 0.00283005 pb +- 0.000232151 pb
event>    100000/10000000; xs = 0.0027449 pb +- 0.000215645 pb
event>    110000/10000000; xs = 0.00268522 pb +- 0.000212927 pb
event>    120000/10000000; xs = 0.00265233 pb +- 0.000196127 pb
event>    130000/10000000; xs = 0.00258191 pb +- 0.000192271 pb
event>    140000/10000000; xs = 0.00258897 pb +- 0.000180514 pb
event>    150000/10000000; xs = 0.0025885 pb +- 0.000169845 pb
event>    160000/10000000; xs = 0.0025481 pb +- 0.000159621 pb
event>    170000/10000000; xs = 0.00253839 pb +- 0.000152806 pb
event>    180000/10000000; xs = 0.00253812 pb +- 0.00015658 pb
event>    190000/10000000; xs = 0.00252449 pb +- 0.000150063 pb
event>    200000/10000000; xs = 0.00249554 pb +- 0.000142905 pb
event>    210000/10000000; xs = 0.00248742 pb +- 0.000136579 pb
event>    220000/10000000; xs = 0.00247601 pb +- 0.00013087 pb
event>    230000/10000000; xs = 0.00167376 pb +- 0.000831801 pb
event>    240000/10000000; xs = 0.00170682 pb +- 0.000797666 pb
event>    250000/10000000; xs = 0.00172464 pb +- 0.000765924 pb
event>    260000/10000000; xs = 0.00177146 pb +- 0.000736651 pb
event>    270000/10000000; xs = 0.00179259 pb +- 0.000709903 pb
event>    280000/10000000; xs = 0.0018031 pb +- 0.000684406 pb
event>    290000/10000000; xs = 0.00184133 pb +- 0.000660949 pb
event>    300000/10000000; xs = 0.00188222 pb +- 0.000639241 pb
event>    310000/10000000; xs = 0.00191011 pb +- 0.000618928 pb
event>    320000/10000000; xs = 0.00194006 pb +- 0.000599988 pb
event>    330000/10000000; xs = 0.0019619 pb +- 0.000582105 pb
event>    340000/10000000; xs = 0.00195519 pb +- 0.000564962 pb
event>    350000/10000000; xs = 0.00197998 pb +- 0.000548894 pb
event>    360000/10000000; xs = 0.00199814 pb +- 0.00053382 pb
event>    370000/10000000; xs = 0.00202174 pb +- 0.000519567 pb
event>    380000/10000000; xs = 0.00203687 pb +- 0.000505945 pb
event>    390000/10000000; xs = 0.00202579 pb +- 0.000493059 pb
event>    400000/10000000; xs = 0.00204159 pb +- 0.000480639 pb
event>    410000/10000000; xs = 0.00205332 pb +- 0.000469057 pb
event>    420000/10000000; xs = 0.00206393 pb +- 0.000457956 pb
event>    430000/10000000; xs = 0.00205562 pb +- 0.000447368 pb
event>    440000/10000000; xs = 0.00207291 pb +- 0.000437185 pb
event>    450000/10000000; xs = 0.00206981 pb +- 0.000427514 pb
event>    460000/10000000; xs = 0.00207907 pb +- 0.00041824 pb
event>    470000/10000000; xs = 0.00208261 pb +- 0.000409383 pb
event>    480000/10000000; xs = 0.0020864 pb +- 0.000400774 pb
event>    490000/10000000; xs = 0.00209412 pb +- 0.000392715 pb
event>    500000/10000000; xs = 0.00210258 pb +- 0.000384903 pb
event>    510000/10000000; xs = 0.00211376 pb +- 0.000377457 pb
event>    520000/10000000; xs = 0.00215449 pb +- 0.000370912 pb
event>    530000/10000000; xs = 0.0021561 pb +- 0.000363928 pb
event>    540000/10000000; xs = 0.00214453 pb +- 0.00035764 pb
event>    550000/10000000; xs = 0.00215327 pb +- 0.000351206 pb
event>    560000/10000000; xs = 0.00215973 pb +- 0.000344907 pb
event>    570000/10000000; xs = 0.00215831 pb +- 0.00033885 pb
event>    580000/10000000; xs = 0.00215886 pb +- 0.00033303 pb
event>    590000/10000000; xs = 0.00215395 pb +- 0.000327489 pb
event>    600000/10000000; xs = 0.00215111 pb +- 0.000322034 pb
event>    610000/10000000; xs = 0.00215131 pb +- 0.00031677 pb
event>    620000/10000000; xs = 0.00216318 pb +- 0.000311698 pb
event>    630000/10000000; xs = 0.00216414 pb +- 0.000306833 pb
event>    640000/10000000; xs = 0.0021553 pb +- 0.00030207 pb
event>    650000/10000000; xs = 0.00218919 pb +- 0.00029791 pb
event>    660000/10000000; xs = 0.00219843 pb +- 0.000293514 pb
event>    670000/10000000; xs = 0.00220292 pb +- 0.00028917 pb
event>    680000/10000000; xs = 0.00222931 pb +- 0.000285143 pb
event>    690000/10000000; xs = 0.0022314 pb +- 0.00028106 pb
event>    700000/10000000; xs = 0.00223911 pb +- 0.000277032 pb
event>    710000/10000000; xs = 0.00224398 pb +- 0.000273276 pb
event>    720000/10000000; xs = 0.00224728 pb +- 0.000269504 pb
event>    730000/10000000; xs = 0.00225412 pb +- 0.000265889 pb
event>    740000/10000000; xs = 0.00225533 pb +- 0.000262344 pb
event>    750000/10000000; xs = 0.0022547 pb +- 0.000258865 pb
event>    760000/10000000; xs = 0.00227203 pb +- 0.000255635 pb
event>    770000/10000000; xs = 0.00228087 pb +- 0.00025238 pb
event>    780000/10000000; xs = 0.0022838 pb +- 0.000249196 pb
event>    790000/10000000; xs = 0.00228517 pb +- 0.000246059 pb
event>    800000/10000000; xs = 0.00228998 pb +- 0.000243054 pb
event>    810000/10000000; xs = 0.00229161 pb +- 0.000240158 pb
event>    820000/10000000; xs = 0.00229368 pb +- 0.000237249 pb
event>    830000/10000000; xs = 0.00229811 pb +- 0.000234418 pb
event>    840000/10000000; xs = 0.00231658 pb +- 0.000231959 pb
event>    850000/10000000; xs = 0.00231861 pb +- 0.000229266 pb
event>    860000/10000000; xs = 0.00231738 pb +- 0.0002266 pb
event>    870000/10000000; xs = 0.00232271 pb +- 0.000224088 pb
event>    880000/10000000; xs = 0.00231222 pb +- 0.000221576 pb
event>    890000/10000000; xs = 0.00230695 pb +- 0.000219078 pb
event>    900000/10000000; xs = 0.00231001 pb +- 0.000216682 pb
event>    910000/10000000; xs = 0.00230098 pb +- 0.000214608 pb
event>    920000/10000000; xs = 0.00230395 pb +- 0.00021228 pb
event>    930000/10000000; xs = 0.00231055 pb +- 0.000210027 pb
event>    940000/10000000; xs = 0.00230624 pb +- 0.000207931 pb
event>    950000/10000000; xs = 0.00231045 pb +- 0.000205769 pb
event>    960000/10000000; xs = 0.00231351 pb +- 0.000203669 pb
event>    970000/10000000; xs = 0.00232271 pb +- 0.000201644 pb
event>    980000/10000000; xs = 0.00232273 pb +- 0.000199593 pb
event>    990000/10000000; xs = 0.00234038 pb +- 0.000197967 pb
event>   1000000/10000000; xs = 0.00234215 pb +- 0.000196063 pb
event>   1010000/10000000; xs = 0.00234356 pb +- 0.000194191 pb
event>   1020000/10000000; xs = 0.00234212 pb +- 0.0001923 pb
event>   1030000/10000000; xs = 0.00233753 pb +- 0.000190461 pb
event>   1040000/10000000; xs = 0.00234129 pb +- 0.000188654 pb
event>   1050000/10000000; xs = 0.00234596 pb +- 0.000186895 pb
event>   1060000/10000000; xs = 0.00234351 pb +- 0.0001852 pb
event>   1070000/10000000; xs = 0.00234786 pb +- 0.000183515 pb
event>   1080000/10000000; xs = 0.00235131 pb +- 0.000181845 pb
event>   1090000/10000000; xs = 0.0023659 pb +- 0.000180836 pb
event>   1100000/10000000; xs = 0.00236089 pb +- 0.000179223 pb
event>   1110000/10000000; xs = 0.00237827 pb +- 0.000178083 pb
event>   1120000/10000000; xs = 0.00238355 pb +- 0.000176526 pb
event>   1130000/10000000; xs = 0.00238303 pb +- 0.000174986 pb
event>   1140000/10000000; xs = 0.00238089 pb +- 0.00017345 pb
event>   1150000/10000000; xs = 0.00238043 pb +- 0.000171959 pb
event>   1160000/10000000; xs = 0.00237637 pb +- 0.00017051 pb
event>   1170000/10000000; xs = 0.00237096 pb +- 0.000169088 pb
event>   1180000/10000000; xs = 0.00237484 pb +- 0.000167694 pb
event>   1190000/10000000; xs = 0.00237054 pb +- 0.000166283 pb
event>   1200000/10000000; xs = 0.00237531 pb +- 0.000164977 pb
event>   1210000/10000000; xs = 0.00237731 pb +- 0.000163634 pb
event>   1220000/10000000; xs = 0.00238539 pb +- 0.000162417 pb
event>   1230000/10000000; xs = 0.00238881 pb +- 0.000161151 pb
event>   1240000/10000000; xs = 0.00238661 pb +- 0.000159846 pb
event>   1250000/10000000; xs = 0.00238609 pb +- 0.000158575 pb
event>   1260000/10000000; xs = 0.00238483 pb +- 0.000157331 pb
event>   1270000/10000000; xs = 0.00237907 pb +- 0.000156334 pb
event>   1280000/10000000; xs = 0.00238204 pb +- 0.00015513 pb
event>   1290000/10000000; xs = 0.0023809 pb +- 0.000153955 pb
event>   1300000/10000000; xs = 0.00238636 pb +- 0.000152804 pb
event>   1310000/10000000; xs = 0.00239205 pb +- 0.000151699 pb
event>   1320000/10000000; xs = 0.0024139 pb +- 0.000151304 pb
event>   1330000/10000000; xs = 0.00241298 pb +- 0.000150184 pb
event>   1340000/10000000; xs = 0.00241472 pb +- 0.000149087 pb
event>   1350000/10000000; xs = 0.00241344 pb +- 0.000148006 pb
event>   1360000/10000000; xs = 0.00240131 pb +- 0.000147352 pb
event>   1370000/10000000; xs = 0.00240017 pb +- 0.000146274 pb
event>   1380000/10000000; xs = 0.00239779 pb +- 0.000145212 pb
event>   1390000/10000000; xs = 0.0024027 pb +- 0.000144274 pb
event>   1400000/10000000; xs = 0.00240435 pb +- 0.000143281 pb
event>   1410000/10000000; xs = 0.00240571 pb +- 0.000142287 pb
event>   1420000/10000000; xs = 0.00240378 pb +- 0.000141311 pb
event>   1430000/10000000; xs = 0.00240078 pb +- 0.000140334 pb
event>   1440000/10000000; xs = 0.00239987 pb +- 0.00013938 pb
event>   1450000/10000000; xs = 0.00242605 pb +- 0.000141144 pb
event>   1460000/10000000; xs = 0.00242553 pb +- 0.00014019 pb
event>   1470000/10000000; xs = 0.00242493 pb +- 0.000139252 pb
event>   1480000/10000000; xs = 0.00242836 pb +- 0.000138413 pb
event>   1490000/10000000; xs = 0.0024355 pb +- 0.000137584 pb
event>   1500000/10000000; xs = 0.00243752 pb +- 0.000136686 pb
event>   1510000/10000000; xs = 0.00243615 pb +- 0.000135788 pb
event>   1520000/10000000; xs = 0.00243441 pb +- 0.000134926 pb
event>   1530000/10000000; xs = 0.00243073 pb +- 0.000134054 pb
event>   1540000/10000000; xs = 0.00243171 pb +- 0.000133196 pb
event>   1550000/10000000; xs = 0.00244123 pb +- 0.000132501 pb
event>   1560000/10000000; xs = 0.00241104 pb +- 0.000134501 pb
event>   1570000/10000000; xs = 0.00240917 pb +- 0.000133651 pb
event>   1580000/10000000; xs = 0.00240887 pb +- 0.000132825 pb
event>   1590000/10000000; xs = 0.00241317 pb +- 0.000132049 pb
event>   1600000/10000000; xs = 0.00241566 pb +- 0.000131295 pb
event>   1610000/10000000; xs = 0.00241482 pb +- 0.000130521 pb
event>   1620000/10000000; xs = 0.00241766 pb +- 0.000129744 pb
event>   1630000/10000000; xs = 0.00241733 pb +- 0.000128944 pb
event>   1640000/10000000; xs = 0.00242282 pb +- 0.000128214 pb
event>   1650000/10000000; xs = 0.00242223 pb +- 0.000127451 pb
event>   1660000/10000000; xs = 0.00242424 pb +- 0.000126694 pb
event>   1670000/10000000; xs = 0.00242395 pb +- 0.000125938 pb
event>   1680000/10000000; xs = 0.00242795 pb +- 0.000125213 pb
event>   1690000/10000000; xs = 0.00242739 pb +- 0.000124489 pb
event>   1700000/10000000; xs = 0.00242619 pb +- 0.000123772 pb
event>   1710000/10000000; xs = 0.00242732 pb +- 0.000123074 pb
event>   1720000/10000000; xs = 0.00242765 pb +- 0.000122373 pb
event>   1730000/10000000; xs = 0.00242744 pb +- 0.000121683 pb
event>   1740000/10000000; xs = 0.00243062 pb +- 0.000121037 pb
event>   1750000/10000000; xs = 0.00243504 pb +- 0.000120379 pb
event>   1760000/10000000; xs = 0.00243717 pb +- 0.000119709 pb
event>   1770000/10000000; xs = 0.00243614 pb +- 0.000119044 pb
event>   1780000/10000000; xs = 0.00245173 pb +- 0.000119341 pb
event>   1790000/10000000; xs = 0.00245311 pb +- 0.000118688 pb
event>   1800000/10000000; xs = 0.00245435 pb +- 0.000118059 pb
event>   1810000/10000000; xs = 0.00245454 pb +- 0.000117413 pb
event>   1820000/10000000; xs = 0.00245375 pb +- 0.000116774 pb
event>   1830000/10000000; xs = 0.00245577 pb +- 0.000116146 pb
event>   1840000/10000000; xs = 0.00245905 pb +- 0.000115552 pb
event>   1850000/10000000; xs = 0.00246051 pb +- 0.000114949 pb
event>   1860000/10000000; xs = 0.00245949 pb +- 0.000114341 pb
event>   1870000/10000000; xs = 0.0024598 pb +- 0.000113788 pb
event>   1880000/10000000; xs = 0.00245901 pb +- 0.000113181 pb
event>   1890000/10000000; xs = 0.00245652 pb +- 0.000112584 pb
event>   1900000/10000000; xs = 0.00245808 pb +- 0.000112032 pb
event>   1910000/10000000; xs = 0.00246282 pb +- 0.000111516 pb
event>   1920000/10000000; xs = 0.00246196 pb +- 0.000110954 pb
event>   1930000/10000000; xs = 0.00246254 pb +- 0.0001104 pb
event>   1940000/10000000; xs = 0.00245938 pb +- 0.000109833 pb
event>   1950000/10000000; xs = 0.00246138 pb +- 0.000109306 pb
event>   1960000/10000000; xs = 0.00246321 pb +- 0.000108768 pb
event>   1970000/10000000; xs = 0.00247132 pb +- 0.000108483 pb
event>   1980000/10000000; xs = 0.00247012 pb +- 0.000107949 pb
event>   1990000/10000000; xs = 0.00247015 pb +- 0.00010742 pb
event>   2000000/10000000; xs = 0.00246896 pb +- 0.000106911 pb
event>   2010000/10000000; xs = 0.00246578 pb +- 0.000106402 pb
event>   2020000/10000000; xs = 0.00246543 pb +- 0.000105881 pb
event>   2030000/10000000; xs = 0.0024637 pb +- 0.000105367 pb
event>   2040000/10000000; xs = 0.00246451 pb +- 0.00010489 pb
event>   2050000/10000000; xs = 0.00246593 pb +- 0.000104408 pb
event>   2060000/10000000; xs = 0.00246465 pb +- 0.000103909 pb
event>   2070000/10000000; xs = 0.002464 pb +- 0.000103414 pb
event>   2080000/10000000; xs = 0.00246563 pb +- 0.000102931 pb
event>   2090000/10000000; xs = 0.00246629 pb +- 0.000102462 pb
event>   2100000/10000000; xs = 0.00246612 pb +- 0.000101986 pb
event>   2110000/10000000; xs = 0.00246523 pb +- 0.000101512 pb
event>   2120000/10000000; xs = 0.00246334 pb +- 0.00010104 pb
event>   2130000/10000000; xs = 0.0024618 pb +- 0.000100595 pb
event>   2140000/10000000; xs = 0.00246011 pb +- 0.000100133 pb
event>   2150000/10000000; xs = 0.00245977 pb +- 9.96724e-05 pb
event>   2160000/10000000; xs = 0.00245885 pb +- 9.92114e-05 pb
event>   2170000/10000000; xs = 0.0024589 pb +- 9.87669e-05 pb
event>   2180000/10000000; xs = 0.00245779 pb +- 9.83176e-05 pb
event>   2190000/10000000; xs = 0.00245739 pb +- 9.78789e-05 pb
event>   2200000/10000000; xs = 0.0024562 pb +- 9.74527e-05 pb
event>   2210000/10000000; xs = 0.00245992 pb +- 9.70487e-05 pb
event>   2220000/10000000; xs = 0.00246009 pb +- 9.66173e-05 pb
event>   2230000/10000000; xs = 0.00246158 pb +- 9.62018e-05 pb
event>   2240000/10000000; xs = 0.00246004 pb +- 9.57831e-05 pb
event>   2250000/10000000; xs = 0.00245896 pb +- 9.53612e-05 pb
event>   2260000/10000000; xs = 0.00245877 pb +- 9.49422e-05 pb
event>   2270000/10000000; xs = 0.00245756 pb +- 9.45432e-05 pb
event>   2280000/10000000; xs = 0.00242775 pb +- 9.8358e-05 pb
event>   2290000/10000000; xs = 0.00242122 pb +- 9.81245e-05 pb
event>   2300000/10000000; xs = 0.00242224 pb +- 9.7738e-05 pb
event>   2310000/10000000; xs = 0.00242137 pb +- 9.73287e-05 pb
event>   2320000/10000000; xs = 0.00242347 pb +- 9.70325e-05 pb
event>   2330000/10000000; xs = 0.00242823 pb +- 9.66653e-05 pb
event>   2340000/10000000; xs = 0.0024347 pb +- 9.65801e-05 pb
event>   2350000/10000000; xs = 0.00243434 pb +- 9.61669e-05 pb
event>   2360000/10000000; xs = 0.0024371 pb +- 9.57918e-05 pb
event>   2370000/10000000; xs = 0.00243677 pb +- 9.5393e-05 pb
event>   2380000/10000000; xs = 0.0024373 pb +- 9.50139e-05 pb
event>   2390000/10000000; xs = 0.00243576 pb +- 9.462e-05 pb
event>   2400000/10000000; xs = 0.0024341 pb +- 9.4235e-05 pb
event>   2410000/10000000; xs = 0.00243413 pb +- 9.38516e-05 pb
event>   2420000/10000000; xs = 0.00243248 pb +- 9.3477e-05 pb
event>   2430000/10000000; xs = 0.00243417 pb +- 9.31045e-05 pb
event>   2440000/10000000; xs = 0.00243402 pb +- 9.27265e-05 pb
event>   2450000/10000000; xs = 0.00243281 pb +- 9.23502e-05 pb
event>   2460000/10000000; xs = 0.00243231 pb +- 9.19835e-05 pb
event>   2470000/10000000; xs = 0.00244032 pb +- 9.19334e-05 pb
event>   2480000/10000000; xs = 0.00243968 pb +- 9.15682e-05 pb
event>   2490000/10000000; xs = 0.00243915 pb +- 9.1208e-05 pb
event>   2500000/10000000; xs = 0.00243866 pb +- 9.08475e-05 pb
event>   2510000/10000000; xs = 0.00244033 pb +- 9.04917e-05 pb
event>   2520000/10000000; xs = 0.0024416 pb +- 9.01468e-05 pb
event>   2530000/10000000; xs = 0.00244084 pb +- 8.97964e-05 pb
event>   2540000/10000000; xs = 0.00244148 pb +- 8.94472e-05 pb
event>   2550000/10000000; xs = 0.00244231 pb +- 8.91048e-05 pb
event>   2560000/10000000; xs = 0.00244179 pb +- 8.87613e-05 pb
event>   2570000/10000000; xs = 0.00244172 pb +- 8.84217e-05 pb
event>   2580000/10000000; xs = 0.00244286 pb +- 8.81024e-05 pb
event>   2590000/10000000; xs = 0.00244536 pb +- 8.77807e-05 pb
event>   2600000/10000000; xs = 0.0024446 pb +- 8.74565e-05 pb
event>   2610000/10000000; xs = 0.00244692 pb +- 8.71432e-05 pb
event>   2620000/10000000; xs = 0.00244525 pb +- 8.68358e-05 pb
event>   2630000/10000000; xs = 0.00244512 pb +- 8.65162e-05 pb
event>   2640000/10000000; xs = 0.00244646 pb +- 8.62023e-05 pb
event>   2650000/10000000; xs = 0.0024467 pb +- 8.58866e-05 pb
event>   2660000/10000000; xs = 0.00244658 pb +- 8.55671e-05 pb
event>   2670000/10000000; xs = 0.00244557 pb +- 8.52494e-05 pb
event>   2680000/10000000; xs = 0.00244458 pb +- 8.49667e-05 pb
event>   2690000/10000000; xs = 0.00244354 pb +- 8.46566e-05 pb
event>   2700000/10000000; xs = 0.00244394 pb +- 8.43527e-05 pb
event>   2710000/10000000; xs = 0.00244524 pb +- 8.40731e-05 pb
event>   2720000/10000000; xs = 0.00244675 pb +- 8.37804e-05 pb
event>   2730000/10000000; xs = 0.00235451 pb +- 0.000123868 pb
event>   2740000/10000000; xs = 0.00235522 pb +- 0.000123421 pb
event>   2750000/10000000; xs = 0.00235354 pb +- 0.000123009 pb
event>   2760000/10000000; xs = 0.00235605 pb +- 0.000122575 pb
event>   2770000/10000000; xs = 0.00236007 pb +- 0.000122142 pb
event>   2780000/10000000; xs = 0.0023612 pb +- 0.000121719 pb
event>   2790000/10000000; xs = 0.00236483 pb +- 0.000121309 pb
event>   2800000/10000000; xs = 0.00236317 pb +- 0.000120886 pb
event>   2810000/10000000; xs = 0.00236448 pb +- 0.000120469 pb
event>   2820000/10000000; xs = 0.00236523 pb +- 0.000120047 pb
event>   2830000/10000000; xs = 0.00236436 pb +- 0.000119619 pb
event>   2840000/10000000; xs = 0.00236664 pb +- 0.000119214 pb
event>   2850000/10000000; xs = 0.00236613 pb +- 0.000118801 pb
event>   2860000/10000000; xs = 0.00236467 pb +- 0.000118384 pb
event>   2870000/10000000; xs = 0.00236531 pb +- 0.00011798 pb
event>   2880000/10000000; xs = 0.00236591 pb +- 0.000117575 pb
event>   2890000/10000000; xs = 0.00236506 pb +- 0.00011717 pb
event>   2900000/10000000; xs = 0.00236869 pb +- 0.000116785 pb
event>   2910000/10000000; xs = 0.00236603 pb +- 0.000116433 pb
event>   2920000/10000000; xs = 0.00236904 pb +- 0.000116054 pb
event>   2930000/10000000; xs = 0.00237017 pb +- 0.000115671 pb
event>   2940000/10000000; xs = 0.00236901 pb +- 0.000115279 pb
event>   2950000/10000000; xs = 0.00236821 pb +- 0.000114893 pb
event>   2960000/10000000; xs = 0.00237041 pb +- 0.000114526 pb
event>   2970000/10000000; xs = 0.00237292 pb +- 0.000114152 pb
event>   2980000/10000000; xs = 0.00237079 pb +- 0.000113771 pb
event>   2990000/10000000; xs = 0.00237175 pb +- 0.000113401 pb
event>   3000000/10000000; xs = 0.00237222 pb +- 0.000113033 pb
event>   3010000/10000000; xs = 0.00237285 pb +- 0.00011266 pb
event>   3020000/10000000; xs = 0.00237438 pb +- 0.000112289 pb
event>   3030000/10000000; xs = 0.00237388 pb +- 0.000111924 pb
event>   3040000/10000000; xs = 0.00237677 pb +- 0.00011158 pb
event>   3050000/10000000; xs = 0.00237606 pb +- 0.000111214 pb
event>   3060000/10000000; xs = 0.00237674 pb +- 0.00011086 pb
event>   3070000/10000000; xs = 0.0023766 pb +- 0.000110512 pb
event>   3080000/10000000; xs = 0.0023774 pb +- 0.000110161 pb
event>   3090000/10000000; xs = 0.00237765 pb +- 0.000109807 pb
event>   3100000/10000000; xs = 0.0023779 pb +- 0.000109455 pb
event>   3110000/10000000; xs = 0.00237758 pb +- 0.000109105 pb
event>   3120000/10000000; xs = 0.00237593 pb +- 0.000108758 pb
event>   3130000/10000000; xs = 0.00237945 pb +- 0.000108459 pb
event>   3140000/10000000; xs = 0.0023812 pb +- 0.000108141 pb
event>   3150000/10000000; xs = 0.00238114 pb +- 0.000107805 pb
event>   3160000/10000000; xs = 0.00227722 pb +- 0.000149355 pb
event>   3170000/10000000; xs = 0.0022779 pb +- 0.000148887 pb
event>   3180000/10000000; xs = 0.00227879 pb +- 0.000148418 pb
event>   3190000/10000000; xs = 0.00227885 pb +- 0.000147956 pb
event>   3200000/10000000; xs = 0.00227908 pb +- 0.000147493 pb
event>   3210000/10000000; xs = 0.00228014 pb +- 0.000147034 pb
event>   3220000/10000000; xs = 0.00228033 pb +- 0.000146584 pb
event>   3230000/10000000; xs = 0.00228127 pb +- 0.000146135 pb
event>   3240000/10000000; xs = 0.00228197 pb +- 0.000145686 pb
event>   3250000/10000000; xs = 0.00228248 pb +- 0.000145236 pb
event>   3260000/10000000; xs = 0.00228414 pb +- 0.0001448 pb
event>   3270000/10000000; xs = 0.0022846 pb +- 0.000144381 pb
event>   3280000/10000000; xs = 0.00228505 pb +- 0.000143945 pb
event>   3290000/10000000; xs = 0.00228452 pb +- 0.000143508 pb
event>   3300000/10000000; xs = 0.00229114 pb +- 0.000143104 pb
event>   3310000/10000000; xs = 0.00229334 pb +- 0.000142681 pb
event>   3320000/10000000; xs = 0.00229387 pb +- 0.000142255 pb
event>   3330000/10000000; xs = 0.00229301 pb +- 0.000141828 pb
event>   3340000/10000000; xs = 0.00229475 pb +- 0.000141415 pb
event>   3350000/10000000; xs = 0.00229486 pb +- 0.000140992 pb
event>   3360000/10000000; xs = 0.00229586 pb +- 0.000140577 pb
event>   3370000/10000000; xs = 0.00229483 pb +- 0.000140175 pb
event>   3380000/10000000; xs = 0.00229666 pb +- 0.00013976 pb
event>   3390000/10000000; xs = 0.00229833 pb +- 0.000139353 pb
event>   3400000/10000000; xs = 0.0022987 pb +- 0.000138943 pb
event>   3410000/10000000; xs = 0.00229972 pb +- 0.000138537 pb
event>   3420000/10000000; xs = 0.00230276 pb +- 0.000138157 pb
event>   3430000/10000000; xs = 0.00230175 pb +- 0.000137755 pb
event>   3440000/10000000; xs = 0.00230075 pb +- 0.000137361 pb
event>   3450000/10000000; xs = 0.002303 pb +- 0.000136982 pb
event>   3460000/10000000; xs = 0.00230321 pb +- 0.00013659 pb
event>   3470000/10000000; xs = 0.00230306 pb +- 0.000136195 pb
event>   3480000/10000000; xs = 0.00230223 pb +- 0.000135806 pb
event>   3490000/10000000; xs = 0.00230541 pb +- 0.000135432 pb
event>   3500000/10000000; xs = 0.00230568 pb +- 0.000135053 pb
event>   3510000/10000000; xs = 0.00230571 pb +- 0.000134671 pb
event>   3520000/10000000; xs = 0.00230615 pb +- 0.000134296 pb
event>   3530000/10000000; xs = 0.00230702 pb +- 0.00013392 pb
event>   3540000/10000000; xs = 0.00231934 pb +- 0.000133749 pb
event>   3550000/10000000; xs = 0.00232004 pb +- 0.000133381 pb
event>   3560000/10000000; xs = 0.00231923 pb +- 0.000133013 pb
event>   3570000/10000000; xs = 0.002322 pb +- 0.000132655 pb
event>   3580000/10000000; xs = 0.00232179 pb +- 0.000132288 pb
event>   3590000/10000000; xs = 0.00231586 pb +- 0.000132094 pb
event>   3600000/10000000; xs = 0.00231387 pb +- 0.000131751 pb
event>   3610000/10000000; xs = 0.00231428 pb +- 0.000131392 pb
event>   3620000/10000000; xs = 0.00231494 pb +- 0.000131034 pb
event>   3630000/10000000; xs = 0.00231501 pb +- 0.00013068 pb
event>   3640000/10000000; xs = 0.00231531 pb +- 0.000130323 pb
event>   3650000/10000000; xs = 0.00231446 pb +- 0.000129967 pb
event>   3660000/10000000; xs = 0.00231382 pb +- 0.000129615 pb
event>   3670000/10000000; xs = 0.00231451 pb +- 0.000129267 pb
event>   3680000/10000000; xs = 0.00231465 pb +- 0.000128919 pb
event>   3690000/10000000; xs = 0.00231491 pb +- 0.000128569 pb
event>   3700000/10000000; xs = 0.00231657 pb +- 0.000128231 pb
event>   3710000/10000000; xs = 0.00231542 pb +- 0.000127887 pb
event>   3720000/10000000; xs = 0.00231345 pb +- 0.00012756 pb
event>   3730000/10000000; xs = 0.0023139 pb +- 0.00012722 pb
event>   3740000/10000000; xs = 0.00231538 pb +- 0.000126889 pb
event>   3750000/10000000; xs = 0.00231675 pb +- 0.000126568 pb
event>   3760000/10000000; xs = 0.00231678 pb +- 0.000126234 pb
event>   3770000/10000000; xs = 0.00231658 pb +- 0.0001259 pb
event>   3780000/10000000; xs = 0.00231663 pb +- 0.000125571 pb
event>   3790000/10000000; xs = 0.00231665 pb +- 0.000125245 pb
event>   3800000/10000000; xs = 0.00231546 pb +- 0.000124923 pb
event>   3810000/10000000; xs = 0.00231595 pb +- 0.000124599 pb
event>   3820000/10000000; xs = 0.00231991 pb +- 0.000124284 pb
event>   3830000/10000000; xs = 0.0023174 pb +- 0.000123999 pb
event>   3840000/10000000; xs = 0.00231759 pb +- 0.000123675 pb
event>   3850000/10000000; xs = 0.00231972 pb +- 0.000123377 pb
event>   3860000/10000000; xs = 0.00231789 pb +- 0.000123064 pb
event>   3870000/10000000; xs = 0.00232088 pb +- 0.000122779 pb
event>   3880000/10000000; xs = 0.00232125 pb +- 0.000122475 pb
event>   3890000/10000000; xs = 0.00232301 pb +- 0.000122163 pb
event>   3900000/10000000; xs = 0.00232307 pb +- 0.000121852 pb
event>   3910000/10000000; xs = 0.00232502 pb +- 0.000121547 pb
event>   3920000/10000000; xs = 0.00232315 pb +- 0.000121245 pb
event>   3930000/10000000; xs = 0.00232229 pb +- 0.000120944 pb
event>   3940000/10000000; xs = 0.00232176 pb +- 0.000120639 pb
event>   3950000/10000000; xs = 0.00232178 pb +- 0.000120336 pb
event>   3960000/10000000; xs = 0.00232689 pb +- 0.000120093 pb
event>   3970000/10000000; xs = 0.00232896 pb +- 0.000119796 pb
event>   3980000/10000000; xs = 0.00232876 pb +- 0.000119497 pb
event>   3990000/10000000; xs = 0.00233018 pb +- 0.000119202 pb
event>   4000000/10000000; xs = 0.00232928 pb +- 0.00011893 pb
event>   4010000/10000000; xs = 0.00232951 pb +- 0.000118636 pb
event>   4020000/10000000; xs = 0.0023301 pb +- 0.000118345 pb
event>   4030000/10000000; xs = 0.00232936 pb +- 0.000118052 pb
event>   4040000/10000000; xs = 0.00233023 pb +- 0.000117772 pb
event>   4050000/10000000; xs = 0.00233 pb +- 0.000117483 pb
event>   4060000/10000000; xs = 0.0023298 pb +- 0.000117196 pb
event>   4070000/10000000; xs = 0.0023301 pb +- 0.00011691 pb
event>   4080000/10000000; xs = 0.00233221 pb +- 0.000116637 pb
event>   4090000/10000000; xs = 0.00233149 pb +- 0.000116358 pb
event>   4100000/10000000; xs = 0.00233242 pb +- 0.000116087 pb
event>   4110000/10000000; xs = 0.00233233 pb +- 0.000115799 pb
event>   4120000/10000000; xs = 0.00233202 pb +- 0.000115518 pb
event>   4130000/10000000; xs = 0.00233197 pb +- 0.000115242 pb
event>   4140000/10000000; xs = 0.00233629 pb +- 0.000115032 pb
event>   4150000/10000000; xs = 0.0023381 pb +- 0.000114768 pb
event>   4160000/10000000; xs = 0.00233786 pb +- 0.000114492 pb
event>   4170000/10000000; xs = 0.00233836 pb +- 0.000114218 pb
event>   4180000/10000000; xs = 0.0023386 pb +- 0.000113944 pb
event>   4190000/10000000; xs = 0.00233866 pb +- 0.000113669 pb
event>   4200000/10000000; xs = 0.00233879 pb +- 0.000113402 pb
event>   4210000/10000000; xs = 0.00234 pb +- 0.000113137 pb
event>   4220000/10000000; xs = 0.00233927 pb +- 0.000112875 pb
event>   4230000/10000000; xs = 0.00233897 pb +- 0.000112609 pb
event>   4240000/10000000; xs = 0.00233878 pb +- 0.000112346 pb
event>   4250000/10000000; xs = 0.00233793 pb +- 0.000112086 pb
event>   4260000/10000000; xs = 0.00233741 pb +- 0.000111827 pb
event>   4270000/10000000; xs = 0.00233727 pb +- 0.000111568 pb
event>   4280000/10000000; xs = 0.00233766 pb +- 0.000111305 pb
event>   4290000/10000000; xs = 0.00233786 pb +- 0.000111048 pb
event>   4300000/10000000; xs = 0.00233996 pb +- 0.000110808 pb
event>   4310000/10000000; xs = 0.00234053 pb +- 0.000110555 pb
event>   4320000/10000000; xs = 0.00233898 pb +- 0.000110302 pb
event>   4330000/10000000; xs = 0.00233789 pb +- 0.000110051 pb
event>   4340000/10000000; xs = 0.0023382 pb +- 0.000109799 pb
event>   4350000/10000000; xs = 0.00234103 pb +- 0.000109555 pb
event>   4360000/10000000; xs = 0.00234035 pb +- 0.000109303 pb
event>   4370000/10000000; xs = 0.00233819 pb +- 0.00010906 pb
event>   4380000/10000000; xs = 0.00233796 pb +- 0.00010881 pb
event>   4390000/10000000; xs = 0.00233927 pb +- 0.000108568 pb
event>   4400000/10000000; xs = 0.00234038 pb +- 0.000108334 pb
event>   4410000/10000000; xs = 0.0023421 pb +- 0.000108093 pb
event>   4420000/10000000; xs = 0.00234253 pb +- 0.000107854 pb
event>   4430000/10000000; xs = 0.00234227 pb +- 0.000107614 pb
event>   4440000/10000000; xs = 0.00234419 pb +- 0.000107375 pb
event>   4450000/10000000; xs = 0.00234526 pb +- 0.000107134 pb
event>   4460000/10000000; xs = 0.00234338 pb +- 0.000106904 pb
event>   4470000/10000000; xs = 0.00234474 pb +- 0.000106687 pb
event>   4480000/10000000; xs = 0.0023451 pb +- 0.000106453 pb
event>   4490000/10000000; xs = 0.00234824 pb +- 0.000106265 pb
event>   4500000/10000000; xs = 0.00234776 pb +- 0.000106031 pb
event>   4510000/10000000; xs = 0.00234695 pb +- 0.000105799 pb
event>   4520000/10000000; xs = 0.00234703 pb +- 0.000105568 pb
event>   4530000/10000000; xs = 0.00234708 pb +- 0.000105337 pb
event>   4540000/10000000; xs = 0.00234893 pb +- 0.000105111 pb
event>   4550000/10000000; xs = 0.00234782 pb +- 0.000104886 pb
event>   4560000/10000000; xs = 0.00234973 pb +- 0.000104669 pb
event>   4570000/10000000; xs = 0.00235077 pb +- 0.000104447 pb
event>   4580000/10000000; xs = 0.00235329 pb +- 0.000104233 pb
event>   4590000/10000000; xs = 0.00235383 pb +- 0.000104008 pb
event>   4600000/10000000; xs = 0.00235357 pb +- 0.000103784 pb
event>   4610000/10000000; xs = 0.0023541 pb +- 0.000103577 pb
event>   4620000/10000000; xs = 0.0023514 pb +- 0.000103383 pb
event>   4630000/10000000; xs = 0.00235187 pb +- 0.000103161 pb
event>   4640000/10000000; xs = 0.00235229 pb +- 0.000102955 pb
event>   4650000/10000000; xs = 0.00235277 pb +- 0.00010274 pb
event>   4660000/10000000; xs = 0.00235271 pb +- 0.000102524 pb
event>   4670000/10000000; xs = 0.00235368 pb +- 0.000102309 pb
event>   4680000/10000000; xs = 0.00235548 pb +- 0.000102097 pb
event>   4690000/10000000; xs = 0.00235533 pb +- 0.000101885 pb
event>   4700000/10000000; xs = 0.00235394 pb +- 0.000101671 pb
event>   4710000/10000000; xs = 0.00235461 pb +- 0.000101462 pb
event>   4720000/10000000; xs = 0.00235339 pb +- 0.000101246 pb
event>   4730000/10000000; xs = 0.00235521 pb +- 0.000101044 pb
event>   4740000/10000000; xs = 0.00235566 pb +- 0.000100831 pb
event>   4750000/10000000; xs = 0.00235659 pb +- 0.000100625 pb
event>   4760000/10000000; xs = 0.00235785 pb +- 0.000100419 pb
event>   4770000/10000000; xs = 0.00235698 pb +- 0.00010021 pb
event>   4780000/10000000; xs = 0.00235723 pb +- 0.000100001 pb
event>   4790000/10000000; xs = 0.0023566 pb +- 9.97934e-05 pb
event>   4800000/10000000; xs = 0.0023568 pb +- 9.95889e-05 pb
event>   4810000/10000000; xs = 0.00235731 pb +- 9.93818e-05 pb
event>   4820000/10000000; xs = 0.00235712 pb +- 9.91794e-05 pb
event>   4830000/10000000; xs = 0.00235506 pb +- 9.91045e-05 pb
event>   4840000/10000000; xs = 0.00235573 pb +- 9.89021e-05 pb
event>   4850000/10000000; xs = 0.00235516 pb +- 9.87006e-05 pb
event>   4860000/10000000; xs = 0.00235552 pb +- 9.85001e-05 pb
event>   4870000/10000000; xs = 0.0023566 pb +- 9.83017e-05 pb
event>   4880000/10000000; xs = 0.00235785 pb +- 9.81035e-05 pb
event>   4890000/10000000; xs = 0.00235609 pb +- 9.79034e-05 pb
event>   4900000/10000000; xs = 0.00235685 pb +- 9.77127e-05 pb
event>   4910000/10000000; xs = 0.00235756 pb +- 9.75145e-05 pb
event>   4920000/10000000; xs = 0.00235717 pb +- 9.73176e-05 pb
event>   4930000/10000000; xs = 0.00235687 pb +- 9.71323e-05 pb
event>   4940000/10000000; xs = 0.00235877 pb +- 9.6947e-05 pb
event>   4950000/10000000; xs = 0.00235931 pb +- 9.67501e-05 pb
event>   4960000/10000000; xs = 0.00235839 pb +- 9.65567e-05 pb
event>   4970000/10000000; xs = 0.00235833 pb +- 9.63619e-05 pb
event>   4980000/10000000; xs = 0.00235877 pb +- 9.61712e-05 pb
event>   4990000/10000000; xs = 0.00235877 pb +- 9.59791e-05 pb
event>   5000000/10000000; xs = 0.00236243 pb +- 9.58274e-05 pb
event>   5010000/10000000; xs = 0.0023642 pb +- 9.5643e-05 pb
event>   5020000/10000000; xs = 0.00236446 pb +- 9.54589e-05 pb
event>   5030000/10000000; xs = 0.00236402 pb +- 9.52734e-05 pb
event>   5040000/10000000; xs = 0.00236306 pb +- 9.50828e-05 pb
event>   5050000/10000000; xs = 0.00236289 pb +- 9.48944e-05 pb
event>   5060000/10000000; xs = 0.0023643 pb +- 9.47122e-05 pb
event>   5070000/10000000; xs = 0.00236401 pb +- 9.45375e-05 pb
event>   5080000/10000000; xs = 0.00236461 pb +- 9.43531e-05 pb
event>   5090000/10000000; xs = 0.0023652 pb +- 9.41704e-05 pb
event>   5100000/10000000; xs = 0.00236635 pb +- 9.39975e-05 pb
event>   5110000/10000000; xs = 0.00236717 pb +- 9.38151e-05 pb
event>   5120000/10000000; xs = 0.00236648 pb +- 9.36327e-05 pb
event>   5130000/10000000; xs = 0.002365 pb +- 9.34596e-05 pb
event>   5140000/10000000; xs = 0.00236509 pb +- 9.32805e-05 pb
event>   5150000/10000000; xs = 0.00236568 pb +- 9.31006e-05 pb
event>   5160000/10000000; xs = 0.00236635 pb +- 9.29228e-05 pb
event>   5170000/10000000; xs = 0.00236615 pb +- 9.27424e-05 pb
event>   5180000/10000000; xs = 0.00236594 pb +- 9.25654e-05 pb
event>   5190000/10000000; xs = 0.00236629 pb +- 9.23909e-05 pb
event>   5200000/10000000; xs = 0.00236646 pb +- 9.22156e-05 pb
event>   5210000/10000000; xs = 0.00236699 pb +- 9.20522e-05 pb
event>   5220000/10000000; xs = 0.00236676 pb +- 9.18757e-05 pb
event>   5230000/10000000; xs = 0.00236808 pb +- 9.17077e-05 pb
event>   5240000/10000000; xs = 0.00237026 pb +- 9.15562e-05 pb
event>   5250000/10000000; xs = 0.00236996 pb +- 9.13835e-05 pb
event>   5260000/10000000; xs = 0.00237 pb +- 9.1211e-05 pb
event>   5270000/10000000; xs = 0.00237025 pb +- 9.10492e-05 pb
event>   5280000/10000000; xs = 0.00237154 pb +- 9.08843e-05 pb
event>   5290000/10000000; xs = 0.00237173 pb +- 9.0716e-05 pb
event>   5300000/10000000; xs = 0.0023725 pb +- 9.05448e-05 pb
event>   5310000/10000000; xs = 0.00237512 pb +- 9.04169e-05 pb
event>   5320000/10000000; xs = 0.00237566 pb +- 9.02506e-05 pb
event>   5330000/10000000; xs = 0.00237549 pb +- 9.00838e-05 pb
event>   5340000/10000000; xs = 0.00237391 pb +- 8.9919e-05 pb
event>   5350000/10000000; xs = 0.00237397 pb +- 8.97508e-05 pb
event>   5360000/10000000; xs = 0.00237537 pb +- 8.95871e-05 pb
event>   5370000/10000000; xs = 0.00237603 pb +- 8.94251e-05 pb
event>   5380000/10000000; xs = 0.00237612 pb +- 8.92596e-05 pb
event>   5390000/10000000; xs = 0.00237636 pb +- 8.90979e-05 pb
event>   5400000/10000000; xs = 0.00237689 pb +- 8.89393e-05 pb
event>   5410000/10000000; xs = 0.00237817 pb +- 8.87831e-05 pb
event>   5420000/10000000; xs = 0.00237647 pb +- 8.86372e-05 pb
event>   5430000/10000000; xs = 0.00237667 pb +- 8.84783e-05 pb
event>   5440000/10000000; xs = 0.0023766 pb +- 8.83194e-05 pb
event>   5450000/10000000; xs = 0.0023772 pb +- 8.81597e-05 pb
event>   5460000/10000000; xs = 0.00223467 pb +- 0.0001679 pb
event>   5470000/10000000; xs = 0.00223631 pb +- 0.000167597 pb
event>   5480000/10000000; xs = 0.00223646 pb +- 0.000167294 pb
event>   5490000/10000000; xs = 0.00223767 pb +- 0.00016699 pb
event>   5500000/10000000; xs = 0.00223799 pb +- 0.000166687 pb
event>   5510000/10000000; xs = 0.00224032 pb +- 0.00016639 pb
event>   5520000/10000000; xs = 0.00224015 pb +- 0.000166096 pb
event>   5530000/10000000; xs = 0.00224184 pb +- 0.000165798 pb
event>   5540000/10000000; xs = 0.00224244 pb +- 0.000165498 pb
event>   5550000/10000000; xs = 0.00224301 pb +- 0.000165196 pb
event>   5560000/10000000; xs = 0.00224396 pb +- 0.000164905 pb
event>   5570000/10000000; xs = 0.00224496 pb +- 0.000164615 pb
event>   5580000/10000000; xs = 0.00224518 pb +- 0.000164324 pb
event>   5590000/10000000; xs = 0.00224459 pb +- 0.000164031 pb
event>   5600000/10000000; xs = 0.00224508 pb +- 0.000163739 pb
event>   5610000/10000000; xs = 0.00224655 pb +- 0.000163458 pb
event>   5620000/10000000; xs = 0.0022475 pb +- 0.000163169 pb
event>   5630000/10000000; xs = 0.00224783 pb +- 0.000162878 pb
event>   5640000/10000000; xs = 0.00225137 pb +- 0.000162603 pb
event>   5650000/10000000; xs = 0.00225235 pb +- 0.000162315 pb
event>   5660000/10000000; xs = 0.00225337 pb +- 0.00016203 pb
event>   5670000/10000000; xs = 0.00225648 pb +- 0.000161754 pb
event>   5680000/10000000; xs = 0.00225624 pb +- 0.000161472 pb
event>   5690000/10000000; xs = 0.00226078 pb +- 0.000161214 pb
event>   5700000/10000000; xs = 0.00226058 pb +- 0.000160933 pb
event>   5710000/10000000; xs = 0.00226186 pb +- 0.00016065 pb
event>   5720000/10000000; xs = 0.00226232 pb +- 0.000160371 pb
event>   5730000/10000000; xs = 0.00226279 pb +- 0.000160097 pb
event>   5740000/10000000; xs = 0.00226393 pb +- 0.000159819 pb
event>   5750000/10000000; xs = 0.00226413 pb +- 0.00015954 pb
event>   5760000/10000000; xs = 0.00226345 pb +- 0.000159265 pb
event>   5770000/10000000; xs = 0.00226378 pb +- 0.00015899 pb
event>   5780000/10000000; xs = 0.00226396 pb +- 0.000158714 pb
event>   5790000/10000000; xs = 0.00226629 pb +- 0.000158442 pb
event>   5800000/10000000; xs = 0.00226847 pb +- 0.000158168 pb
event>   5810000/10000000; xs = 0.00226846 pb +- 0.000157896 pb
event>   5820000/10000000; xs = 0.00226811 pb +- 0.000157624 pb
event>   5830000/10000000; xs = 0.00226767 pb +- 0.000157356 pb
event>   5840000/10000000; xs = 0.00226791 pb +- 0.00015709 pb
event>   5850000/10000000; xs = 0.0022674 pb +- 0.000156822 pb
event>   5860000/10000000; xs = 0.00226859 pb +- 0.000156559 pb
event>   5870000/10000000; xs = 0.00226936 pb +- 0.000156294 pb
event>   5880000/10000000; xs = 0.00227124 pb +- 0.000156031 pb
event>   5890000/10000000; xs = 0.00227095 pb +- 0.000155771 pb
event>   5900000/10000000; xs = 0.00227255 pb +- 0.000155517 pb
event>   5910000/10000000; xs = 0.00227185 pb +- 0.000155257 pb
event>   5920000/10000000; xs = 0.00227131 pb +- 0.000155 pb
event>   5930000/10000000; xs = 0.00227193 pb +- 0.000154743 pb
event>   5940000/10000000; xs = 0.00227565 pb +- 0.000154512 pb
event>   5950000/10000000; xs = 0.00227316 pb +- 0.000154271 pb
event>   5960000/10000000; xs = 0.00227356 pb +- 0.000154012 pb
event>   5970000/10000000; xs = 0.0022737 pb +- 0.000153755 pb
event>   5980000/10000000; xs = 0.00227533 pb +- 0.000153504 pb
event>   5990000/10000000; xs = 0.00227229 pb +- 0.000153272 pb
event>   6000000/10000000; xs = 0.00227316 pb +- 0.000153022 pb
event>   6010000/10000000; xs = 0.00227371 pb +- 0.000152767 pb
event>   6020000/10000000; xs = 0.0022726 pb +- 0.000152522 pb
event>   6030000/10000000; xs = 0.00227303 pb +- 0.00015227 pb
event>   6040000/10000000; xs = 0.00227307 pb +- 0.000152019 pb
event>   6050000/10000000; xs = 0.00227382 pb +- 0.000151767 pb
event>   6060000/10000000; xs = 0.0022735 pb +- 0.000151518 pb
event>   6070000/10000000; xs = 0.00227368 pb +- 0.000151268 pb
event>   6080000/10000000; xs = 0.00227368 pb +- 0.000151022 pb
event>   6090000/10000000; xs = 0.00227429 pb +- 0.000150776 pb
event>   6100000/10000000; xs = 0.00227524 pb +- 0.000150532 pb
event>   6110000/10000000; xs = 0.00227583 pb +- 0.000150288 pb
event>   6120000/10000000; xs = 0.00227639 pb +- 0.000150044 pb
event>   6130000/10000000; xs = 0.00227725 pb +- 0.0001498 pb
event>   6140000/10000000; xs = 0.00227727 pb +- 0.000149557 pb
event>   6150000/10000000; xs = 0.0022786 pb +- 0.000149316 pb
event>   6160000/10000000; xs = 0.002279 pb +- 0.000149072 pb
event>   6170000/10000000; xs = 0.00228086 pb +- 0.000148842 pb
event>   6180000/10000000; xs = 0.00228395 pb +- 0.000148627 pb
event>   6190000/10000000; xs = 0.00228366 pb +- 0.000148384 pb
event>   6200000/10000000; xs = 0.00228348 pb +- 0.000148145 pb
event>   6210000/10000000; xs = 0.00228435 pb +- 0.000147909 pb
event>   6220000/10000000; xs = 0.00228605 pb +- 0.000147679 pb
event>   6230000/10000000; xs = 0.00228663 pb +- 0.000147441 pb
event>   6240000/10000000; xs = 0.00228728 pb +- 0.000147207 pb
event>   6250000/10000000; xs = 0.00228783 pb +- 0.000146973 pb
event>   6260000/10000000; xs = 0.00228827 pb +- 0.000146738 pb
event>   6270000/10000000; xs = 0.00228841 pb +- 0.000146503 pb
event>   6280000/10000000; xs = 0.00228882 pb +- 0.000146273 pb
event>   6290000/10000000; xs = 0.00229007 pb +- 0.000146046 pb
event>   6300000/10000000; xs = 0.0022873 pb +- 0.000145827 pb
event>   6310000/10000000; xs = 0.00228803 pb +- 0.0001456 pb
event>   6320000/10000000; xs = 0.0022878 pb +- 0.000145375 pb
event>   6330000/10000000; xs = 0.00228769 pb +- 0.000145142 pb
event>   6340000/10000000; xs = 0.00228951 pb +- 0.000144921 pb
event>   6350000/10000000; xs = 0.0022916 pb +- 0.000144701 pb
event>   6360000/10000000; xs = 0.00228567 pb +- 0.000144569 pb
event>   6370000/10000000; xs = 0.00228486 pb +- 0.000144342 pb
event>   6380000/10000000; xs = 0.00228537 pb +- 0.000144116 pb
event>   6390000/10000000; xs = 0.00228534 pb +- 0.00014389 pb
event>   6400000/10000000; xs = 0.00228689 pb +- 0.000143669 pb
event>   6410000/10000000; xs = 0.00228953 pb +- 0.000143457 pb
event>   6420000/10000000; xs = 0.00228946 pb +- 0.000143235 pb
event>   6430000/10000000; xs = 0.0022892 pb +- 0.000143012 pb
event>   6440000/10000000; xs = 0.00229023 pb +- 0.000142795 pb
event>   6450000/10000000; xs = 0.00229014 pb +- 0.000142573 pb
event>   6460000/10000000; xs = 0.0022906 pb +- 0.000142359 pb
event>   6470000/10000000; xs = 0.00229115 pb +- 0.000142142 pb
event>   6480000/10000000; xs = 0.00229115 pb +- 0.000141923 pb
event>   6490000/10000000; xs = 0.0022924 pb +- 0.000141713 pb
event>   6500000/10000000; xs = 0.00229639 pb +- 0.00014154 pb
event>   6510000/10000000; xs = 0.00229644 pb +- 0.000141321 pb
event>   6520000/10000000; xs = 0.00228821 pb +- 0.00014133 pb
event>   6530000/10000000; xs = 0.00228842 pb +- 0.000141113 pb
event>   6540000/10000000; xs = 0.00228779 pb +- 0.000140898 pb
event>   6550000/10000000; xs = 0.00228756 pb +- 0.000140683 pb
event>   6560000/10000000; xs = 0.00228346 pb +- 0.000140505 pb
event>   6570000/10000000; xs = 0.00228438 pb +- 0.0001403 pb
event>   6580000/10000000; xs = 0.00228399 pb +- 0.000140089 pb
event>   6590000/10000000; xs = 0.00228416 pb +- 0.000139878 pb
event>   6600000/10000000; xs = 0.00228466 pb +- 0.000139667 pb
event>   6610000/10000000; xs = 0.0022859 pb +- 0.000139457 pb
event>   6620000/10000000; xs = 0.00228551 pb +- 0.00013925 pb
event>   6630000/10000000; xs = 0.00228576 pb +- 0.000139042 pb
event>   6640000/10000000; xs = 0.00228579 pb +- 0.000138835 pb
event>   6650000/10000000; xs = 0.00228581 pb +- 0.000138628 pb
event>   6660000/10000000; xs = 0.00228474 pb +- 0.000138417 pb
event>   6670000/10000000; xs = 0.00228562 pb +- 0.000138215 pb
event>   6680000/10000000; xs = 0.00228634 pb +- 0.000138009 pb
event>   6690000/10000000; xs = 0.00228648 pb +- 0.000137805 pb
event>   6700000/10000000; xs = 0.00228688 pb +- 0.000137602 pb
event>   6710000/10000000; xs = 0.00228784 pb +- 0.000137397 pb
event>   6720000/10000000; xs = 0.00228874 pb +- 0.000137194 pb
event>   6730000/10000000; xs = 0.00229012 pb +- 0.000136994 pb
event>   6740000/10000000; xs = 0.00228938 pb +- 0.000136792 pb
event>   6750000/10000000; xs = 0.00228945 pb +- 0.00013659 pb
event>   6760000/10000000; xs = 0.00228883 pb +- 0.000136391 pb
event>   6770000/10000000; xs = 0.00228689 pb +- 0.000136204 pb
event>   6780000/10000000; xs = 0.0022866 pb +- 0.000136003 pb
event>   6790000/10000000; xs = 0.00228674 pb +- 0.000135807 pb
event>   6800000/10000000; xs = 0.00228687 pb +- 0.000135609 pb
event>   6810000/10000000; xs = 0.00228656 pb +- 0.00013541 pb
event>   6820000/10000000; xs = 0.00228759 pb +- 0.000135213 pb
event>   6830000/10000000; xs = 0.00228763 pb +- 0.000135015 pb
event>   6840000/10000000; xs = 0.00228753 pb +- 0.00013482 pb
event>   6850000/10000000; xs = 0.00228835 pb +- 0.000134626 pb
event>   6860000/10000000; xs = 0.00228893 pb +- 0.000134432 pb
event>   6870000/10000000; xs = 0.00228995 pb +- 0.000134237 pb
event>   6880000/10000000; xs = 0.00228981 pb +- 0.000134041 pb
event>   6890000/10000000; xs = 0.00229001 pb +- 0.000133844 pb
event>   6900000/10000000; xs = 0.00229067 pb +- 0.000133653 pb
event>   6910000/10000000; xs = 0.0022911 pb +- 0.00013346 pb
event>   6920000/10000000; xs = 0.00228959 pb +- 0.000133279 pb
event>   6930000/10000000; xs = 0.00229185 pb +- 0.000133094 pb
event>   6940000/10000000; xs = 0.00229155 pb +- 0.000132904 pb
event>   6950000/10000000; xs = 0.0022969 pb +- 0.000132799 pb
event>   6960000/10000000; xs = 0.00229706 pb +- 0.000132614 pb
event>   6970000/10000000; xs = 0.0022966 pb +- 0.000132424 pb
event>   6980000/10000000; xs = 0.00229652 pb +- 0.000132236 pb
event>   6990000/10000000; xs = 0.00229668 pb +- 0.000132046 pb
event>   7000000/10000000; xs = 0.00229711 pb +- 0.000131856 pb
event>   7010000/10000000; xs = 0.00229724 pb +- 0.000131669 pb
event>   7020000/10000000; xs = 0.00229757 pb +- 0.000131483 pb
event>   7030000/10000000; xs = 0.00230028 pb +- 0.000131312 pb
event>   7040000/10000000; xs = 0.00229902 pb +- 0.000131127 pb
event>   7050000/10000000; xs = 0.00229911 pb +- 0.000130941 pb
event>   7060000/10000000; xs = 0.00229992 pb +- 0.000130757 pb
event>   7070000/10000000; xs = 0.00230042 pb +- 0.000130572 pb
event>   7080000/10000000; xs = 0.00230064 pb +- 0.000130389 pb
event>   7090000/10000000; xs = 0.00230061 pb +- 0.000130203 pb
event>   7100000/10000000; xs = 0.00230188 pb +- 0.000130019 pb
event>   7110000/10000000; xs = 0.00230089 pb +- 0.00012984 pb
event>   7120000/10000000; xs = 0.0023011 pb +- 0.000129658 pb
event>   7130000/10000000; xs = 0.00230256 pb +- 0.000129483 pb
event>   7140000/10000000; xs = 0.00230247 pb +- 0.000129301 pb
event>   7150000/10000000; xs = 0.00230224 pb +- 0.00012912 pb
event>   7160000/10000000; xs = 0.00230281 pb +- 0.00012894 pb
event>   7170000/10000000; xs = 0.00230278 pb +- 0.000128759 pb
event>   7180000/10000000; xs = 0.00230273 pb +- 0.000128583 pb
event>   7190000/10000000; xs = 0.00230203 pb +- 0.000128408 pb
event>   7200000/10000000; xs = 0.00230307 pb +- 0.000128235 pb
event>   7210000/10000000; xs = 0.00230453 pb +- 0.000128061 pb
event>   7220000/10000000; xs = 0.00230844 pb +- 0.000127907 pb
event>   7230000/10000000; xs = 0.0023081 pb +- 0.000127729 pb
event>   7240000/10000000; xs = 0.00230763 pb +- 0.000127551 pb
event>   7250000/10000000; xs = 0.00230901 pb +- 0.000127384 pb
event>   7260000/10000000; xs = 0.0023083 pb +- 0.000127211 pb
event>   7270000/10000000; xs = 0.00230851 pb +- 0.000127037 pb
event>   7280000/10000000; xs = 0.00230959 pb +- 0.000126864 pb
event>   7290000/10000000; xs = 0.00230898 pb +- 0.000126689 pb
event>   7300000/10000000; xs = 0.00231072 pb +- 0.000126522 pb
event>   7310000/10000000; xs = 0.00231069 pb +- 0.000126351 pb
event>   7320000/10000000; xs = 0.00231118 pb +- 0.000126181 pb
event>   7330000/10000000; xs = 0.0023111 pb +- 0.000126008 pb
event>   7340000/10000000; xs = 0.00231091 pb +- 0.000125835 pb
event>   7350000/10000000; xs = 0.00231461 pb +- 0.000125674 pb
event>   7360000/10000000; xs = 0.00231424 pb +- 0.000125505 pb
event>   7370000/10000000; xs = 0.00231458 pb +- 0.000125342 pb
event>   7380000/10000000; xs = 0.00231523 pb +- 0.000125174 pb
event>   7390000/10000000; xs = 0.00231652 pb +- 0.000125007 pb
event>   7400000/10000000; xs = 0.00231612 pb +- 0.000124839 pb
event>   7410000/10000000; xs = 0.00231642 pb +- 0.000124671 pb
event>   7420000/10000000; xs = 0.00231524 pb +- 0.000124505 pb
event>   7430000/10000000; xs = 0.00231559 pb +- 0.000124338 pb
event>   7440000/10000000; xs = 0.00231575 pb +- 0.000124171 pb
event>   7450000/10000000; xs = 0.00231522 pb +- 0.000124003 pb
event>   7460000/10000000; xs = 0.00231554 pb +- 0.000123839 pb
event>   7470000/10000000; xs = 0.00231872 pb +- 0.000123702 pb
event>   7480000/10000000; xs = 0.00231855 pb +- 0.00012354 pb
event>   7490000/10000000; xs = 0.00231789 pb +- 0.000123375 pb
event>   7500000/10000000; xs = 0.0023183 pb +- 0.00012321 pb
event>   7510000/10000000; xs = 0.00231864 pb +- 0.000123047 pb
event>   7520000/10000000; xs = 0.00232193 pb +- 0.000122924 pb
event>   7530000/10000000; xs = 0.00232279 pb +- 0.000122761 pb
event>   7540000/10000000; xs = 0.00232304 pb +- 0.000122598 pb
event>   7550000/10000000; xs = 0.00232354 pb +- 0.000122439 pb
event>   7560000/10000000; xs = 0.00232294 pb +- 0.000122278 pb
event>   7570000/10000000; xs = 0.00232267 pb +- 0.000122116 pb
event>   7580000/10000000; xs = 0.00232241 pb +- 0.000121959 pb
event>   7590000/10000000; xs = 0.00232122 pb +- 0.0001218 pb
event>   7600000/10000000; xs = 0.00232365 pb +- 0.000121659 pb
event>   7610000/10000000; xs = 0.00232382 pb +- 0.000121499 pb
event>   7620000/10000000; xs = 0.00232439 pb +- 0.000121343 pb
event>   7630000/10000000; xs = 0.00232537 pb +- 0.000121192 pb
event>   7640000/10000000; xs = 0.00232554 pb +- 0.000121034 pb
event>   7650000/10000000; xs = 0.00232512 pb +- 0.000120876 pb
event>   7660000/10000000; xs = 0.0023258 pb +- 0.00012072 pb
event>   7670000/10000000; xs = 0.00232566 pb +- 0.000120564 pb
event>   7680000/10000000; xs = 0.00232594 pb +- 0.000120408 pb
event>   7690000/10000000; xs = 0.00232603 pb +- 0.000120252 pb
event>   7700000/10000000; xs = 0.00232707 pb +- 0.000120098 pb
event>   7710000/10000000; xs = 0.00232788 pb +- 0.000119947 pb
event>   7720000/10000000; xs = 0.00236519 pb +- 0.00012544 pb
event>   7730000/10000000; xs = 0.00236551 pb +- 0.00012528 pb
event>   7740000/10000000; xs = 0.00236564 pb +- 0.000125118 pb
event>   7750000/10000000; xs = 0.00236474 pb +- 0.000124957 pb
event>   7760000/10000000; xs = 0.00236676 pb +- 0.000124815 pb
event>   7770000/10000000; xs = 0.00236618 pb +- 0.000124655 pb
event>   7780000/10000000; xs = 0.0023655 pb +- 0.000124494 pb
event>   7790000/10000000; xs = 0.00236581 pb +- 0.000124333 pb
event>   7800000/10000000; xs = 0.00236604 pb +- 0.000124173 pb
event>   7810000/10000000; xs = 0.00236496 pb +- 0.000124015 pb
event>   7820000/10000000; xs = 0.00236557 pb +- 0.000123859 pb
event>   7830000/10000000; xs = 0.00236528 pb +- 0.000123701 pb
event>   7840000/10000000; xs = 0.00236483 pb +- 0.000123542 pb
event>   7850000/10000000; xs = 0.00236426 pb +- 0.00012339 pb
event>   7860000/10000000; xs = 0.00236378 pb +- 0.000123241 pb
event>   7870000/10000000; xs = 0.00236421 pb +- 0.000123086 pb
event>   7880000/10000000; xs = 0.0023644 pb +- 0.000122929 pb
event>   7890000/10000000; xs = 0.00236493 pb +- 0.000122775 pb
event>   7900000/10000000; xs = 0.00236665 pb +- 0.000122628 pb
event>   7910000/10000000; xs = 0.00236635 pb +- 0.000122471 pb
event>   7920000/10000000; xs = 0.00237101 pb +- 0.000122381 pb
event>   7930000/10000000; xs = 0.00237104 pb +- 0.000122228 pb
event>   7940000/10000000; xs = 0.00237091 pb +- 0.000122074 pb
event>   7950000/10000000; xs = 0.00237061 pb +- 0.00012192 pb
event>   7960000/10000000; xs = 0.00237325 pb +- 0.000121774 pb
event>   7970000/10000000; xs = 0.00237301 pb +- 0.000121621 pb
event>   7980000/10000000; xs = 0.00237359 pb +- 0.000121469 pb
event>   7990000/10000000; xs = 0.00237354 pb +- 0.000121317 pb
event>   8000000/10000000; xs = 0.0023738 pb +- 0.000121166 pb
event>   8010000/10000000; xs = 0.00237449 pb +- 0.000121016 pb
event>   8020000/10000000; xs = 0.0023747 pb +- 0.000120869 pb
event>   8030000/10000000; xs = 0.0023747 pb +- 0.000120718 pb
event>   8040000/10000000; xs = 0.00237446 pb +- 0.000120568 pb
event>   8050000/10000000; xs = 0.00237479 pb +- 0.000120418 pb
event>   8060000/10000000; xs = 0.00237526 pb +- 0.000120269 pb
event>   8070000/10000000; xs = 0.00237539 pb +- 0.000120121 pb
event>   8080000/10000000; xs = 0.00237617 pb +- 0.000119972 pb
event>   8090000/10000000; xs = 0.00237585 pb +- 0.000119824 pb
event>   8100000/10000000; xs = 0.00237553 pb +- 0.000119678 pb
event>   8110000/10000000; xs = 0.00237539 pb +- 0.000119529 pb
event>   8120000/10000000; xs = 0.00237495 pb +- 0.000119382 pb
event>   8130000/10000000; xs = 0.00237476 pb +- 0.000119234 pb
event>   8140000/10000000; xs = 0.00237476 pb +- 0.00011909 pb
event>   8150000/10000000; xs = 0.00237457 pb +- 0.000118944 pb
event>   8160000/10000000; xs = 0.00237641 pb +- 0.000118805 pb
event>   8170000/10000000; xs = 0.00237614 pb +- 0.000118661 pb
event>   8180000/10000000; xs = 0.00237634 pb +- 0.000118514 pb
event>   8190000/10000000; xs = 0.00237672 pb +- 0.000118369 pb
event>   8200000/10000000; xs = 0.00237671 pb +- 0.000118225 pb
event>   8210000/10000000; xs = 0.00237674 pb +- 0.00011808 pb
event>   8220000/10000000; xs = 0.00237632 pb +- 0.000117936 pb
event>   8230000/10000000; xs = 0.00237611 pb +- 0.000117794 pb
event>   8240000/10000000; xs = 0.00237612 pb +- 0.000117652 pb
event>   8250000/10000000; xs = 0.00237634 pb +- 0.000117515 pb
event>   8260000/10000000; xs = 0.00237704 pb +- 0.000117376 pb
event>   8270000/10000000; xs = 0.00237713 pb +- 0.000117236 pb
event>   8280000/10000000; xs = 0.0023767 pb +- 0.000117095 pb
event>   8290000/10000000; xs = 0.00237631 pb +- 0.000116957 pb
event>   8300000/10000000; xs = 0.00237629 pb +- 0.000116817 pb
event>   8310000/10000000; xs = 0.0023762 pb +- 0.000116676 pb
event>   8320000/10000000; xs = 0.00237543 pb +- 0.00011654 pb
event>   8330000/10000000; xs = 0.00237494 pb +- 0.0001164 pb
event>   8340000/10000000; xs = 0.00237503 pb +- 0.000116261 pb
event>   8350000/10000000; xs = 0.00237685 pb +- 0.00011613 pb
event>   8360000/10000000; xs = 0.00237718 pb +- 0.000115991 pb
event>   8370000/10000000; xs = 0.00237706 pb +- 0.000115854 pb
event>   8380000/10000000; xs = 0.00237718 pb +- 0.000115716 pb
event>   8390000/10000000; xs = 0.00237707 pb +- 0.000115579 pb
event>   8400000/10000000; xs = 0.00237703 pb +- 0.000115442 pb
event>   8410000/10000000; xs = 0.00237948 pb +- 0.00011532 pb
event>   8420000/10000000; xs = 0.0023802 pb +- 0.000115187 pb
event>   8430000/10000000; xs = 0.00238069 pb +- 0.000115052 pb
event>   8440000/10000000; xs = 0.00238051 pb +- 0.000114915 pb
event>   8450000/10000000; xs = 0.0023804 pb +- 0.00011478 pb
event>   8460000/10000000; xs = 0.00238131 pb +- 0.000114649 pb
event>   8470000/10000000; xs = 0.00238084 pb +- 0.000114519 pb
event>   8480000/10000000; xs = 0.00238337 pb +- 0.0001144 pb
event>   8490000/10000000; xs = 0.00238316 pb +- 0.000114265 pb
event>   8500000/10000000; xs = 0.00238298 pb +- 0.00011413 pb
event>   8510000/10000000; xs = 0.00238342 pb +- 0.000114 pb
event>   8520000/10000000; xs = 0.00238341 pb +- 0.000113869 pb
event>   8530000/10000000; xs = 0.00238316 pb +- 0.000113737 pb
event>   8540000/10000000; xs = 0.00238383 pb +- 0.000113605 pb
event>   8550000/10000000; xs = 0.00238393 pb +- 0.000113472 pb
event>   8560000/10000000; xs = 0.00238374 pb +- 0.00011334 pb
event>   8570000/10000000; xs = 0.00238329 pb +- 0.000113206 pb
event>   8580000/10000000; xs = 0.00238313 pb +- 0.000113076 pb
event>   8590000/10000000; xs = 0.00238738 pb +- 0.000113016 pb
event>   8600000/10000000; xs = 0.00238768 pb +- 0.000112885 pb
event>   8610000/10000000; xs = 0.00238754 pb +- 0.000112753 pb
event>   8620000/10000000; xs = 0.00238785 pb +- 0.000112626 pb
event>   8630000/10000000; xs = 0.00238414 pb +- 0.000112537 pb
event>   8640000/10000000; xs = 0.00238412 pb +- 0.000112407 pb
event>   8650000/10000000; xs = 0.00238383 pb +- 0.000112277 pb
event>   8660000/10000000; xs = 0.00238516 pb +- 0.000112162 pb
event>   8670000/10000000; xs = 0.00238469 pb +- 0.000112035 pb
event>   8680000/10000000; xs = 0.00238532 pb +- 0.000111908 pb
event>   8690000/10000000; xs = 0.00238554 pb +- 0.000111781 pb
event>   8700000/10000000; xs = 0.00238727 pb +- 0.000111674 pb
event>   8710000/10000000; xs = 0.00238767 pb +- 0.000111546 pb
event>   8720000/10000000; xs = 0.00238944 pb +- 0.000111436 pb
event>   8730000/10000000; xs = 0.00239009 pb +- 0.000111309 pb
event>   8740000/10000000; xs = 0.0023912 pb +- 0.000111185 pb
event>   8750000/10000000; xs = 0.00239108 pb +- 0.000111058 pb
event>   8760000/10000000; xs = 0.00239162 pb +- 0.000110933 pb
event>   8770000/10000000; xs = 0.00239188 pb +- 0.000110809 pb
event>   8780000/10000000; xs = 0.00239217 pb +- 0.000110685 pb
event>   8790000/10000000; xs = 0.00239242 pb +- 0.00011056 pb
event>   8800000/10000000; xs = 0.00239256 pb +- 0.000110433 pb
event>   8810000/10000000; xs = 0.00239233 pb +- 0.000110309 pb
event>   8820000/10000000; xs = 0.00239126 pb +- 0.000110189 pb
event>   8830000/10000000; xs = 0.00239149 pb +- 0.000110066 pb
event>   8840000/10000000; xs = 0.00239171 pb +- 0.000109941 pb
event>   8850000/10000000; xs = 0.00239145 pb +- 0.00010982 pb
event>   8860000/10000000; xs = 0.00239143 pb +- 0.000109696 pb
event>   8870000/10000000; xs = 0.00239113 pb +- 0.000109574 pb
event>   8880000/10000000; xs = 0.00239063 pb +- 0.000109449 pb
event>   8890000/10000000; xs = 0.00239067 pb +- 0.000109327 pb
event>   8900000/10000000; xs = 0.00239086 pb +- 0.000109205 pb
event>   8910000/10000000; xs = 0.00239081 pb +- 0.000109082 pb
event>   8920000/10000000; xs = 0.00239098 pb +- 0.000108962 pb
event>   8930000/10000000; xs = 0.00239045 pb +- 0.00010884 pb
event>   8940000/10000000; xs = 0.00239025 pb +- 0.000108722 pb
event>   8950000/10000000; xs = 0.00239046 pb +- 0.000108601 pb
event>   8960000/10000000; xs = 0.0023898 pb +- 0.000108481 pb
event>   8970000/10000000; xs = 0.00239016 pb +- 0.000108361 pb
event>   8980000/10000000; xs = 0.00238925 pb +- 0.000108242 pb
event>   8990000/10000000; xs = 0.00238421 pb +- 0.000108242 pb
event>   9000000/10000000; xs = 0.00238462 pb +- 0.000108123 pb
event>   9010000/10000000; xs = 0.00238465 pb +- 0.000108004 pb
event>   9020000/10000000; xs = 0.00238456 pb +- 0.000107885 pb
event>   9030000/10000000; xs = 0.00238409 pb +- 0.000107765 pb
event>   9040000/10000000; xs = 0.00238421 pb +- 0.000107647 pb
event>   9050000/10000000; xs = 0.00238435 pb +- 0.000107527 pb
event>   9060000/10000000; xs = 0.00238453 pb +- 0.000107408 pb
event>   9070000/10000000; xs = 0.0023848 pb +- 0.000107299 pb
event>   9080000/10000000; xs = 0.00236975 pb +- 0.000108229 pb
event>   9090000/10000000; xs = 0.0023713 pb +- 0.000108124 pb
event>   9100000/10000000; xs = 0.00237215 pb +- 0.000108007 pb
event>   9110000/10000000; xs = 0.0023738 pb +- 0.000107898 pb
event>   9120000/10000000; xs = 0.00237426 pb +- 0.000107784 pb
event>   9130000/10000000; xs = 0.00237604 pb +- 0.00010767 pb
event>   9140000/10000000; xs = 0.00237627 pb +- 0.000107555 pb
event>   9150000/10000000; xs = 0.00237653 pb +- 0.000107437 pb
event>   9160000/10000000; xs = 0.0023767 pb +- 0.00010732 pb
event>   9170000/10000000; xs = 0.00237634 pb +- 0.000107204 pb
event>   9180000/10000000; xs = 0.00237605 pb +- 0.000107086 pb
event>   9190000/10000000; xs = 0.00237612 pb +- 0.000106971 pb
event>   9200000/10000000; xs = 0.00237597 pb +- 0.000106853 pb
event>   9210000/10000000; xs = 0.00237566 pb +- 0.000106738 pb
event>   9220000/10000000; xs = 0.00237534 pb +- 0.000106623 pb
event>   9230000/10000000; xs = 0.00237553 pb +- 0.000106509 pb
event>   9240000/10000000; xs = 0.00237624 pb +- 0.000106395 pb
event>   9250000/10000000; xs = 0.00237605 pb +- 0.000106279 pb
event>   9260000/10000000; xs = 0.00237575 pb +- 0.000106164 pb
event>   9270000/10000000; xs = 0.00237641 pb +- 0.000106053 pb
event>   9280000/10000000; xs = 0.00237634 pb +- 0.000105938 pb
event>   9290000/10000000; xs = 0.00238047 pb +- 0.000105863 pb
event>   9300000/10000000; xs = 0.0023807 pb +- 0.00010575 pb
event>   9310000/10000000; xs = 0.00238062 pb +- 0.000105639 pb
event>   9320000/10000000; xs = 0.00238035 pb +- 0.000105525 pb
event>   9330000/10000000; xs = 0.00238011 pb +- 0.000105413 pb
event>   9340000/10000000; xs = 0.00238052 pb +- 0.000105302 pb
event>   9350000/10000000; xs = 0.00238078 pb +- 0.00010519 pb
event>   9360000/10000000; xs = 0.0023821 pb +- 0.000105095 pb
event>   9370000/10000000; xs = 0.0023832 pb +- 0.000104987 pb
event>   9380000/10000000; xs = 0.00238355 pb +- 0.000104876 pb
event>   9390000/10000000; xs = 0.00238338 pb +- 0.000104766 pb
event>   9400000/10000000; xs = 0.00238318 pb +- 0.000104654 pb
event>   9410000/10000000; xs = 0.00238279 pb +- 0.000104544 pb
event>   9420000/10000000; xs = 0.00238199 pb +- 0.000104437 pb
event>   9430000/10000000; xs = 0.00238208 pb +- 0.000104328 pb
event>   9440000/10000000; xs = 0.0023828 pb +- 0.000104219 pb
event>   9450000/10000000; xs = 0.00238233 pb +- 0.000104109 pb
event>   9460000/10000000; xs = 0.00238237 pb +- 0.000103999 pb
event>   9470000/10000000; xs = 0.00238235 pb +- 0.000103891 pb
event>   9480000/10000000; xs = 0.0023843 pb +- 0.000103798 pb
event>   9490000/10000000; xs = 0.00238466 pb +- 0.00010369 pb
event>   9500000/10000000; xs = 0.00238382 pb +- 0.000103582 pb
event>   9510000/10000000; xs = 0.00238345 pb +- 0.000103473 pb
event>   9520000/10000000; xs = 0.00238398 pb +- 0.000103364 pb
event>   9530000/10000000; xs = 0.00238392 pb +- 0.000103256 pb
event>   9540000/10000000; xs = 0.0023837 pb +- 0.000103149 pb
event>   9550000/10000000; xs = 0.00238553 pb +- 0.000103059 pb
event>   9560000/10000000; xs = 0.00238632 pb +- 0.000102954 pb
event>   9570000/10000000; xs = 0.0023868 pb +- 0.000102847 pb
event>   9580000/10000000; xs = 0.00238679 pb +- 0.000102741 pb
event>   9590000/10000000; xs = 0.00238637 pb +- 0.000102636 pb
event>   9600000/10000000; xs = 0.00238588 pb +- 0.00010253 pb
event>   9610000/10000000; xs = 0.00238576 pb +- 0.000102423 pb
event>   9620000/10000000; xs = 0.00238513 pb +- 0.000102319 pb
event>   9630000/10000000; xs = 0.00238513 pb +- 0.000102212 pb
event>   9640000/10000000; xs = 0.00238505 pb +- 0.000102108 pb
event>   9650000/10000000; xs = 0.00237894 pb +- 0.000102188 pb
event>   9660000/10000000; xs = 0.00238063 pb +- 0.00010209 pb
event>   9670000/10000000; xs = 0.00238136 pb +- 0.000101989 pb
event>   9680000/10000000; xs = 0.00238068 pb +- 0.000101886 pb
event>   9690000/10000000; xs = 0.00238132 pb +- 0.000101783 pb
event>   9700000/10000000; xs = 0.00238154 pb +- 0.000101679 pb
event>   9710000/10000000; xs = 0.00238187 pb +- 0.000101575 pb
event>   9720000/10000000; xs = 0.00238171 pb +- 0.000101471 pb
event>   9730000/10000000; xs = 0.00238194 pb +- 0.000101369 pb
event>   9740000/10000000; xs = 0.00238297 pb +- 0.000101272 pb
event>   9750000/10000000; xs = 0.00238303 pb +- 0.000101169 pb
event>   9760000/10000000; xs = 0.00238315 pb +- 0.000101066 pb
event>   9770000/10000000; xs = 0.00238319 pb +- 0.000100965 pb
event>   9780000/10000000; xs = 0.00238338 pb +- 0.000100863 pb
event>   9790000/10000000; xs = 0.00238316 pb +- 0.00010076 pb
event>   9800000/10000000; xs = 0.00238316 pb +- 0.000100658 pb
event>   9810000/10000000; xs = 0.0023837 pb +- 0.000100556 pb
event>   9820000/10000000; xs = 0.00238368 pb +- 0.000100458 pb
event>   9830000/10000000; xs = 0.00238384 pb +- 0.000100356 pb
event>   9840000/10000000; xs = 0.00238334 pb +- 0.000100255 pb
event>   9850000/10000000; xs = 0.00238339 pb +- 0.000100154 pb
event>   9860000/10000000; xs = 0.00238393 pb +- 0.000100055 pb
event>   9870000/10000000; xs = 0.00238333 pb +- 9.99574e-05 pb
event>   9880000/10000000; xs = 0.00238343 pb +- 9.98576e-05 pb
event>   9890000/10000000; xs = 0.00238323 pb +- 9.97568e-05 pb
event>   9900000/10000000; xs = 0.00238291 pb +- 9.96562e-05 pb
event>   9910000/10000000; xs = 0.00238303 pb +- 9.95577e-05 pb
event>   9920000/10000000; xs = 0.0023836 pb +- 9.94598e-05 pb
event>   9930000/10000000; xs = 0.00238391 pb +- 9.93612e-05 pb
event>   9940000/10000000; xs = 0.00238395 pb +- 9.92622e-05 pb
event>   9950000/10000000; xs = 0.00238413 pb +- 9.91628e-05 pb
event>   9960000/10000000; xs = 0.00238403 pb +- 9.9062e-05 pb
event>   9970000/10000000; xs = 0.0023841 pb +- 9.89641e-05 pb
event>   9980000/10000000; xs = 0.0023846 pb +- 9.88661e-05 pb
event>   9990000/10000000; xs = 0.00236856 pb +- 0.000100155 pb
event>   9995000/10000000; xs = 0.00236863 pb +- 0.000100105 pb
event>   9998000/10000000; xs = 0.00236827 pb +- 0.000100076 pb
event>   9999000/10000000; xs = 0.00236822 pb +- 0.000100066 pb
event>   9999500/10000000; xs = 0.0023682 pb +- 0.000100061 pb
event>   9999800/10000000; xs = 0.00236818 pb +- 0.000100058 pb
event>   9999900/10000000; xs = 0.00236822 pb +- 0.000100057 pb
event>   9999950/10000000; xs = 0.00236822 pb +- 0.000100056 pb
event>   9999980/10000000; xs = 0.00236822 pb +- 0.000100056 pb
event>   9999990/10000000; xs = 0.00236822 pb +- 0.000100056 pb
event>   9999995/10000000; xs = 0.00236822 pb +- 0.000100056 pb
event>   9999998/10000000; xs = 0.00236822 pb +- 0.000100056 pb
event>   9999999/10000000; xs = 0.00236822 pb +- 0.000100056 pb
event>  10000000/10000000; xs = 0.00236822 pb +- 0.000100056 pb

