   
 -----------------------------------------------------------------
 VBFNLO, version 3.0.0 beta0 svn 7626
 Comput. Phys. Commun. 180 (2009) 1661[arXiv:0811.4559 [hep-ph]]
 arXiV:1107.4038, arXiV:1207.4975, arXiv:1404.3940
 http://www.itp.kit.edu/vbfnlo
 -----------------------------------------------------------------
 Process-specific references (please cite as well if appropriate):
 B. Jager, C. Oleari, D. Zeppenfeld
 Phys. Rev. D73 (2006) 113006, e-Print: hep-ph/0604200
 C. Englert diploma thesis
 e-Print: http://www-itp.particle.uni-karlsruhe.de/prep/diploma/PSFiles/Diplom_Englert.ps.gz
 For Spin-2:
 J. Frank, M. Rauch and D. Zeppenfeld,
 Phys.Rev.D87, 055020 (2013) [arXiv:1211.3658 [hep-ph]],
 J. Frank diploma thesis
 e-Print: www-itp.particle.uni-karlsruhe.de/prep/diploma/PSFiles/Diplom_Frank.pdf
 
 -----------------------------------------------------------------
   
   
   
 Initialising LoopTools ..
   
 ====================================================
   FF 2.0, a package to evaluate one-loop integrals
 written by G. J. van Oldenborgh, NIKHEF-H, Amsterdam
 ====================================================
 for the algorithms used see preprint NIKHEF-H 89/17,
 'New Algorithms for One-loop Integrals', by G.J. van
 Oldenborgh and J.A.M. Vermaseren, published in 
 Zeitschrift fuer Physik C46(1990)425.
 ====================================================
  
        Information on global parameters
 -----------------------------------------------
   PROCESS               =      211
   LOPROCESS_PLUS_JET    =        F
   KK_MOD                =        F
   ANOM_CPL              =        F
   LEPTONS               =    11  -11   12  -12
   LO_ITERATIONS         =        6
   NLO_ITERATIONS        =        6
   LO_POINTS             =       26
   NLO_POINTS            =       26
   NLO_SWITCH            =        T
   EWCOR_SWITCH          =        F
   FERMIONLOOP           =        3
   LHA_SWITCH            =        F
   HEPMC_SWITCH          =        F
   LO_GRID               = grid2_1                                           
   NLO_GRID              = grid3_1                                           
   PHTN_GRID             = grid4_1                                           
   FLOOP_GRID            = grid5_1                                           
   ECM                   =  14000.0    
   BEAM1                 =        1
   BEAM2                 =        1
   ID_MUF                =        1
   ID_MUR                =        1
   MUF_USER              =  100.000    
   MUR_USER              =  100.000    
   XIF                   =  1.00000    
   XIR                   =  1.00000    
 
       information on the selected process 
 -----------------------------------------------
 
  pp -> Z Z jj -> l+ l- vl vl~ jj
 
 Z pair + 2 jets production in vector boson fusion with decay into a pair of
 charged leptons and a pair of neutrinos.
 The Higgs contribution is included.
 Process is implemented at LO and NLO QCD.
 This process can be run in the AdS Higgsless and Three-Site Higgsless scenarios using:
   "kk_input.dat" or "kk_coupl_inp.dat".
 Anomalous couplings can be set in "anomV.dat".
 This process can be run in spin-2 models using:
    "spin2coupl.dat"
 References: B. Jager, C. Oleari, D. Zeppenfeld
 Phys. Rev. D73 (2006) 113006, e-Print: hep-ph/0604200
 C. Englert diploma thesis
 e-Print: http://www-itp.particle.uni-karlsruhe.de/prep/diploma/PSFiles/Diplom_Englert.ps.gz
 For Spin-2:
 J. Frank, M. Rauch and D. Zeppenfeld,
 Phys.Rev.D87, 055020 (2013) [arXiv:1211.3658 [hep-ph]],
 J. Frank diploma thesis
 e-Print: www-itp.particle.uni-karlsruhe.de/prep/diploma/PSFiles/Diplom_Frank.pdf
 
 Initializing PDF set CT10
  
               Physics parameters
 -----------------------------------------------
   HTYPE                 =        0
   MODEL                 =        1
   ANOM_CPL              =        F
   KK_MOD                =        F
   SPIN2                 =        F
   HMASS                 =  120.000    
   HWIDTH                = -999.000    
   TOPMASS               =  172.400    
   BOTTOMMASS            =  4.85500    
   CHARMMASS             =  1.65000    
   TAU_MASS              =  1.77684    
   EWSCHEME              =        3
   FERMI_CONST           = 0.116637E-04
   WMASS                 =  80.3980    
   ZMASS                 =  91.1876    
   
 Running in the SM
   
 Higgs mass =   120.00000000000000     
   
  
 Information on scale setting in InitScales 
 -------------------------------------------
  
 Dynamical factorization scale chosen:
         momentum transfer of W/Z  
 Dynamical value for alphas chosen:
 alphas = alpha(momentum transfer of W/Z)
 Initializing PDF set cteq6l1
  
  
  
  
   Information on couplings, masses and widths
 ===============================================
  
   SM coupling parameters 
 ---------------------------
   G_Fermi                         : 0.000011663700
   SIN**2 of the weak mixing angle : 0.22264585
   Q.E.D. fine structure constant  : 1/132.34070    
   SU(2) coupling constant g       : 0.65305673
   U(1) coupling constant g'       : 0.34950127
   Q.C.D. LO alfas(MZ)             : 0.12980813
   Q.C.D. NLO alfas(MZ)            : 0.11798159
  
      particle masses
 ---------------------------
   mass of the Z0 boson            :   91.1876
   mass of the W+/- boson          :   80.3980
   mass of the Higgs boson         :  120.0000
   mass of the top quark           :  172.4000
   mass of the bottom quark at MH  :    2.8132
  (All other fermions have mass equal ZERO)
  
      particle widths
 ---------------------------
   total widths of Z0              :   2.508420 GeV
   total widths of W+ or W-        :   2.097673 GeV
   total widths of Higgs           :   0.003584 GeV
   total widths of top quark       :   1.339784 GeV
  
     branching ratios
 ---------------------------
   W -> lepton anti-lepton         : 10.8397227 %
   W -> massless quark anti-quark  : 33.7404159 %
   W -> top bottom                 :  0.0000000 %
  
   Z -> neutrino anti-neutrino     :  6.6129820 %
   Z -> charged lepton anti-lepton :  3.3460763 %
   Z -> up-type quark anti-quark   : 11.9908090 %
   Z -> down-type quark anti-quark : 15.3804024 %
   Z -> top anti-top               :  0.0000000 %
  
   H -> WW                         : 13.4042449 %
   H -> ZZ                         :  1.6940721 %
   H -> bottom anti-bottom         : 65.4907510 %
   H -> top anti-top               :  0.0000000 %
   H -> charm anti-charm           :  3.8907341 %
   H -> tau anti-tau               :  6.9292925 %
   H -> mu anti-mu                 :  0.0245341 %
   H -> gluon gluon                :  8.2146118 %
   H -> gamma gamma                :  0.2319526 %
   H -> Z gamma                    :  0.1198070 %
  
 Warning: cannot read value for key = MLL_OSONLY. Using default value :  T
 Warning: cannot read value for key = PTMISS_MIN. Using default value :    0.0000000000000000     
 
          information on cut parameters
 -----------------------------------------------
 
 minimum jet pt        (PT_JET_MIN):     20.00    20.00    20.00   
 maximum jet rapidity                 (Y_JET_MAX):    4.5000000000000000     
 maximum parton pseudorapidity          (Y_P_MAX):    5.0000000000000000     
 minimum jet-jet R-separation           (RJJ_MIN):   0.80000000000000004     
 minimum number of jets                (NJET_MIN):            2
 single jet from hadronic decay (SINGLE_DECAYJET):            0
 exponent of generalised kT algorithm (PGENKTJET):    1.0000000000000000     
 minimum lepton-lepton R-separation     (RLL_MIN):    0.0000000000000000     
 maximum lepton-lepton R-separation     (RLL_MAX):    50.000000000000000     
 minimum jet-lepton R-separation        (RJL_MIN):    0.0000000000000000     
 minimum jet-photon R-separation        (RJG_MIN):    0.0000000000000000     
 minimum lepton-photon R-separation     (RLG_MIN):    0.0000000000000000     
 minimum photon-photon R-separation     (RGG_MIN):    0.0000000000000000     
 maximum photon-photon R-separation     (RGG_MAX):    50.000000000000000     
 maximum lepton rapidity                (Y_L_MAX):    2.5000000000000000     
 minimum lepton pt       (PT_L_MIN):     10.00    10.00   
 minimum invariant dilepton mass        (MLL_MIN):    15.000000000000000     
 maximum invariant dilepton mass        (MLL_MAX):    14000.000000000000     
 m_ll cuts only on opposite-sign l   (MLL_OSONLY):  T
 maximum photon rapidity                (Y_G_MAX):    1.5000000000000000     
 minimum photon pt       (PT_G_MIN):    
 photon isolation cut                 (PHISOLCUT):   0.69999999999999996     
 efficiency of photon isolation cut   (EFISOLCUT):    1.0000000000000000     
 minimum invariant lepton-photon mass   (MLG_MIN):    0.0000000000000000     
 maximum invariant lepton-photon mass   (MLG_MAX):    1.0000000000000000E+020
 minimal missing transverse momentum (PTMISS_MIN):    0.0000000000000000     
 minimum jet rapidity separation      (ETAJJ_MIN):    4.0000000000000000     
 tagging jets in opposite hemispheres     (YSIGN):    T
 leptons fall inside rapidity gap     (LRAPIDGAP):    T
 min leptons y-dist from tagging jets   (DELY_JL):    0.0000000000000000     
 photons fall inside rapidity gap     (GRAPIDGAP):    T
 min photons y-dist from tagging jets   (DELY_JG):    0.0000000000000000     
 dijet min mass cut on tag jets        (MDIJ_MIN):    600.00000000000000     
 dijet max mass cut on tag jets        (MDIJ_MAX):    14000.000000000000     
 veto criteria for jets                   (JVETO):    F
 minimum veto-tag y-dist             (DELY_JVETO):    0.0000000000000000     
 maximum |y| for veto jet             (YMAX_VETO):    5.0000000000000000     
 minimum pT for veto jet             (PTMIN_VETO):    10.000000000000000     
 
 
          information on technical cuts
 -----------------------------------------------
  
 Photon exchange with virtuality Q^2 <        4.0 GeV^2 is eliminated. 
  Recover by calculating  q gamma ---> q g V (V)   etc.
  

        phase space generator information  
 -----------------------------------------------

 boson -6 has mass   182.38 GeV and width   500.0000 GeV
 integration range for boson -6 =      0.032  to     9899.495 GeV
 boson  2 has mass    91.19 GeV and width     2.5084 GeV
 integration range for boson  2 =      0.032  to     9899.495 GeV
 boson  2 has mass    91.19 GeV and width     2.5084 GeV
 integration range for boson  2 =      0.032  to     9899.495 GeV

 machine energy =    14000.0  GeV
 Minimal mom.transfer or mass for parton pair:   100.00 MeV

 -----------------------------------------------

  Random number generator initialized with seed =            0
 
          information on histogram config
 -----------------------------------------------
 
 SMEARING           =      T
 SMEAR_VALUE        =       0.20000000000000001     
 CALC_ERROR_GNUPLOT =      F
 CALC_ERROR_ROOT    =      F
 CALC_ERROR_1D      =      T
 CALC_ERROR_2D      =      F
 
HIST_ID1      =      0.00    250.00  # dS/dpT_j (fb/GeV)
HIST_ID2      =      0.00    500.00  # dS/dpTmax_j (fb/GeV)
HIST_ID3      =      0.00    200.00  # dS/dpTmin_j (fb/GeV)
HIST_ID4      =     -5.00      5.00  # dS/dy_j (fb)
HIST_ID5      =     -5.00      5.00  # dS/dy_j1 (fb)
HIST_ID6      =     -5.00      5.00  # dS/dy_j2 (fb)
HIST_ID7      =      0.00    500.00  # dS/dpTmax_l (fb/GeV)
HIST_ID8      =      0.00    200.00  # dS/dpTmin_l (fb/GeV)
HIST_ID9      =      0.00      5.00  # dS/d|eta|max_l (fb)
HIST_ID10     =      0.00      5.00  # dS/d|eta|min_l (fb)
HIST_ID11     =   -180.00    180.00  # dS/dPhi_jj (fb)
2DHIST_ID1    =      0.00      6.00      0.00    800.00  # d2S/dy_jj dm_jj (fb/GeV)
 
 -----------------------------------------------
 
 
 

 MONACO input parameters:
 ndim = 15,  ncall =       2M,   rtype = 0
 nprn =  0,  acc = -1.0E+0,  alph = 8.75E-1,  nd = 48,  mds =  0

 MONACO:  continuing with uniform grid
  
 ZZ jj -> 2l 2v amplitude square information:
 -----------------------------------------------
  
  v(v) to ZZ tensors initialized to  (  0.0000000000000000     ,  0.0000000000000000     )
  External b-quark contributions are excluded

 iteration  1:
 integral =  1.834071E-01,  sigma = 1.673E-02
 efficacy = 7.699E-06,  raw efficacy = 7.699E-06
 f_positive = 7.755E-3,  f_zero = 9.922E-1,  f_negative = 0.000E+0
 accumulated statistics:
 integral =  1.834071E-01,  sigma = 1.673E-02,  chi^2/iteration = 0.000E+00

 MONACO:  grid written to file grid2_1.out.1

 MONACO input parameters:
 ndim = 15,  ncall =       4M,   rtype = 0
 nprn =  0,  acc = -1.0E+0,  alph = 8.75E-1,  nd = 48,  mds =  0

 iteration  2:
 integral =  2.013618E-01,  sigma = 2.170E-03
 efficacy = 1.226E-04,  raw efficacy = 1.019E-06
 f_positive = 7.266E-2,  f_zero = 9.273E-1,  f_negative = 0.000E+0
 accumulated statistics:
 integral =  2.010645E-01,  sigma = 2.152E-03,  chi^2/iteration = 1.133E+06

 MONACO:  grid written to file grid2_1.out.2

 MONACO input parameters:
 ndim = 15,  ncall =       8M,   rtype = 0
 nprn =  0,  acc = -1.0E+0,  alph = 8.75E-1,  nd = 48,  mds =  0

 iteration  3:
 integral =  2.053098E-01,  sigma = 7.521E-04
 efficacy = 1.982E-04,  raw efficacy = 2.809E-07
 f_positive = 1.657E-1,  f_zero = 8.343E-1,  f_negative = 0.000E+0
 accumulated statistics:
 integral =  2.048477E-01,  sigma = 7.100E-04,  chi^2/iteration = 4.601E+00

 MONACO:  grid written to file grid2_1.out.3

 MONACO input parameters:
 ndim = 15,  ncall =      16M,   rtype = 0
 nprn =  0,  acc = -1.0E+0,  alph = 8.75E-1,  nd = 48,  mds =  0

 iteration  4:
 integral =  2.039072E-01,  sigma = 3.630E-04
 efficacy = 3.925E-04,  raw efficacy = 1.954E-07
 f_positive = 2.270E-1,  f_zero = 7.730E-1,  f_negative = 0.000E+0
 accumulated statistics:
 integral =  2.041020E-01,  sigma = 3.232E-04,  chi^2/iteration = 2.996E+00

 MONACO:  grid written to file grid2_1.out.4

 MONACO input parameters:
 ndim = 15,  ncall =      32M,   rtype = 0
 nprn =  0,  acc = -1.0E+0,  alph = 8.75E-1,  nd = 48,  mds =  0

 iteration  5:
 integral =  2.035078E-01,  sigma = 2.252E-04
 efficacy = 4.980E-04,  raw efficacy = 8.011E-08
 f_positive = 2.547E-1,  f_zero = 7.453E-1,  f_negative = 0.000E+0
 accumulated statistics:
 integral =  2.037020E-01,  sigma = 1.848E-04,  chi^2/iteration = 2.756E+00

 MONACO:  grid written to file grid2_1.out.5

 MONACO input parameters:
 ndim = 15,  ncall =      64M,   rtype = 0
 nprn =  0,  acc = -1.0E+0,  alph = 8.75E-1,  nd = 48,  mds =  0
  random number setting in monaco saved 

 iteration  6:
 integral =  2.038160E-01,  sigma = 1.524E-04
 efficacy = 2.009E-04,  raw efficacy = 1.563E-07
 f_positive = 2.711E-1,  f_zero = 7.289E-1,  f_negative = 0.000E+0
 accumulated statistics:
 integral =  2.037698E-01,  sigma = 1.176E-04,  chi^2/iteration = 2.123E+00

 MONACO:  grid written to file grid2_1.out.6
 
  result (LO):   0.20376984362610989       +-    1.1758867021268319E-004  fb     5.7706610615279513E-002 %
 
   
 Initialising FF ..
   
 ====================================================
   FF 2.0, a package to evaluate one-loop integrals
 written by G. J. van Oldenborgh, NIKHEF-H, Amsterdam
 ====================================================
 for the algorithms used see preprint NIKHEF-H 89/17,
 'New Algorithms for One-loop Integrals', by G.J. van
 Oldenborgh and J.A.M. Vermaseren, published in 
 Zeitschrift fuer Physik C46(1990)425.
 ====================================================
 ====================================================
   FF 2.0, a package to evaluate one-loop integrals
 written by G. J. van Oldenborgh, NIKHEF-H, Amsterdam
 ====================================================
 for the algorithms used see preprint NIKHEF-H 89/17,
 'New Algorithms for One-loop Integrals', by G.J. van
 Oldenborgh and J.A.M. Vermaseren, published in 
 Zeitschrift fuer Physik C46(1990)425.
 ====================================================
 Initializing PDF set CT10

 MONACO input parameters:
 ndim = 15,  ncall =      64M,   rtype = 0
 nprn =  0,  acc = -1.0E+0,  alph = 8.75E-1,  nd = 48,  mds =  0

 MONACO:  grid read from file grid2_1.out.6                                                                                                                                                                                                                                             

 iteration  1:
 integral =  1.758417E-01,  sigma = 1.291E-04
 efficacy = 4.026E-04,  raw efficacy = 9.059E-08
 f_positive = 2.816E-1,  f_zero = 7.184E-1,  f_negative = 0.000E+0
 accumulated statistics:
 integral =  1.758417E-01,  sigma = 1.291E-04,  chi^2/iteration = 2.328E-10

 MONACO:  grid written to file grid2_1.vout.1
  
  result for virtual contribution, no.            1
  sigma =   0.17584174312997924       +-    1.2909635585170139E-004  fb  
  
 total result for virtual contns so far 
  sigma =   0.17584174312997924       +-    1.2909635585170139E-004  fb
  

 MONACO input parameters:
 ndim = 15,  ncall =       4M,   rtype = 0
 nprn =  0,  acc = -1.0E+0,  alph = 8.75E-1,  nd = 48,  mds =  0

 MONACO:  grid read from file grid2_1.out.6                                                                                                                                                                                                                                             

 iteration  1:
 integral =  8.852365E-04,  sigma = 3.587E-05
 efficacy = 9.607E-06,  raw efficacy = 1.200E-08
 f_positive = 1.537E-1,  f_zero = 7.186E-1,  f_negative = 1.278E-1
 accumulated statistics:
 integral =  8.852365E-04,  sigma = 3.587E-05,  chi^2/iteration = 0.000E+00

 MONACO:  grid written to file grid2_1.vout.2
  
  result for virtual contribution, no.            2
  sigma =    8.8523652440195130E-004  +-    3.5870311294335477E-005  fb  
  
 total result for virtual contns so far 
  sigma =   0.17672697965438119       +-    1.3398712000241533E-004  fb
  

 MONACO input parameters:
 ndim = 15,  ncall =     512k,   rtype = 0
 nprn =  0,  acc = -1.0E+0,  alph = 8.75E-1,  nd = 48,  mds =  0

 MONACO:  grid read from file grid2_1.out.6                                                                                                                                                                                                                                             

 iteration  1:
 integral =  1.254474E-04,  sigma = 3.151E-05
 efficacy = 2.157E-05,  raw efficacy = 3.898E-08
 f_positive = 1.389E-1,  f_zero = 7.181E-1,  f_negative = 1.430E-1
 accumulated statistics:
 integral =  1.254474E-04,  sigma = 3.151E-05,  chi^2/iteration = 1.776E-15

 MONACO:  grid written to file grid2_1.vout.3
  
  result for virtual contribution, no.            3
  sigma =    1.2544736733732854E-004  +-    3.1511514794200463E-005  fb  
  
 total result for virtual contns so far 
  sigma =   0.17685242702171852       +-    1.3764274005978943E-004  fb
  
   
 Summary for FF ..
   
 
total number of errors and warnings
===================================
vbffferr: no errors
the warning system has been disabled
 
 vbfquadffopen: error: could not open /itp/scratch/rauch/vbfquadnlotest/binaryrelease30/share/VBFNLO/ff/fferr.dat                                                     
         adjust path in vbfquadffopen (vbfquadffinit.f)
vbfquadfferr:  warning cannot open fferr.dat with error texts
 
total number of errors and warnings
===================================
vbfquadfferr: no errors
the warning system has been disabled
 

 MONACO input parameters:
 ndim = 18,  ncall =       2M,   rtype = 0
 nprn =  0,  acc = -1.0E+0,  alph = 8.75E-1,  nd = 48,  mds =  0

 MONACO:  continuing with uniform grid
  
 ZZ jjj -> 2l 2v amplitude square information:
 -----------------------------------------------
  
  v(v) to ZZ tensors initialized to  (  0.0000000000000000     ,  0.0000000000000000     )
  External b-quark contributions are excluded
  
  creal =   -4.0797362673929065       cvirtual =   -3.7101318663035472     
  virt factor for alphas = 0.12 is   0.81104453988909386     

 iteration  1:
 integral =  5.122193E-02,  sigma = 1.089E-02
 efficacy = 4.320E-06,  raw efficacy = 4.320E-06
 f_positive = 1.195E-2,  f_zero = 9.797E-1,  f_negative = 8.367E-3
 accumulated statistics:
 integral =  5.122193E-02,  sigma = 1.089E-02,  chi^2/iteration = 0.000E+00

 MONACO:  grid written to file grid3_1.out.1

 MONACO input parameters:
 ndim = 18,  ncall =       4M,   rtype = 0
 nprn =  0,  acc = -1.0E+0,  alph = 8.75E-1,  nd = 48,  mds =  0

 iteration  2:
 integral =  3.377453E-02,  sigma = 3.146E-03
 efficacy = 4.465E-06,  raw efficacy = 6.535E-08
 f_positive = 4.776E-2,  f_zero = 9.303E-1,  f_negative = 2.198E-2
 accumulated statistics:
 integral =  3.511743E-02,  sigma = 3.023E-03,  chi^2/iteration = 2.367E+06

 MONACO:  grid written to file grid3_1.out.2

 MONACO input parameters:
 ndim = 18,  ncall =       8M,   rtype = 0
 nprn =  0,  acc = -1.0E+0,  alph = 8.75E-1,  nd = 48,  mds =  0

 iteration  3:
 integral =  3.910651E-02,  sigma = 1.659E-03
 efficacy = 3.929E-06,  raw efficacy = 8.103E-09
 f_positive = 9.735E-2,  f_zero = 8.650E-1,  f_negative = 3.766E-2
 accumulated statistics:
 integral =  3.818317E-02,  sigma = 1.454E-03,  chi^2/iteration = 3.706E+00

 MONACO:  grid written to file grid3_1.out.3

 MONACO input parameters:
 ndim = 18,  ncall =      16M,   rtype = 0
 nprn =  0,  acc = -1.0E+0,  alph = 8.75E-1,  nd = 48,  mds =  0

 iteration  4:
 integral =  4.257313E-02,  sigma = 1.434E-03
 efficacy = 2.039E-06,  raw efficacy = 1.157E-08
 f_positive = 1.169E-1,  f_zero = 8.383E-1,  f_negative = 4.482E-2
 accumulated statistics:
 integral =  4.040911E-02,  sigma = 1.021E-03,  chi^2/iteration = 4.163E+00

 MONACO:  grid written to file grid3_1.out.4

 MONACO input parameters:
 ndim = 18,  ncall =      32M,   rtype = 0
 nprn =  0,  acc = -1.0E+0,  alph = 8.75E-1,  nd = 48,  mds =  0

 iteration  5:
 integral =  4.154181E-02,  sigma = 6.411E-04
 efficacy = 5.301E-06,  raw efficacy = 1.775E-09
 f_positive = 1.275E-1,  f_zero = 8.258E-1,  f_negative = 4.669E-2
 accumulated statistics:
 integral =  4.122150E-02,  sigma = 5.429E-04,  chi^2/iteration = 3.070E+00

 MONACO:  grid written to file grid3_1.out.5

 MONACO input parameters:
 ndim = 18,  ncall =      64M,   rtype = 0
 nprn =  0,  acc = -1.0E+0,  alph = 8.75E-1,  nd = 48,  mds =  0

 iteration  6:
 integral =  4.099054E-02,  sigma = 3.099E-04
 efficacy = 9.790E-06,  raw efficacy = 4.506E-09
 f_positive = 1.413E-1,  f_zero = 8.080E-1,  f_negative = 5.064E-2
 accumulated statistics:
 integral =  4.104731E-02,  sigma = 2.692E-04,  chi^2/iteration = 2.337E+00

 MONACO:  grid written to file grid3_1.out.6
 
  result for real emissions 
  sigma =    4.1047308064690015E-002  +-    2.6917356712641901E-004  fb
  
 
total number of errors and warnings
===================================
fferr: no errors
 
  
  final result at NLO 
  sigma =   0.21789973508640853       +-    3.0232421856465214E-004  fb  0.13874464714000911      %
 
   
 TOTAL VIRTUAL CONTRIBUTIONS:
 TOTAL borntype:
  0.17584174312997924        1.2909635585170139E-004   7.3416217078942136E-002  %
 TOTAL boxes:
   8.8523652440195130E-004   3.5870311294335477E-005   4.0520595688896552       %
 TOTAL pentagons:
   1.2544736733732854E-004   3.1511514794200463E-005   25.119311359851700       %
  
  
  
 !!!!!!!!!!!!!!!!!!!!!!!!!!!!!!!!!!!!!!!!!!!!!!!!!!!!!!!!!!!!!!!!!!!!!!!!!!!!!!!!!!!!!!!!!!!!!!!!!!!!!!!!
     VBFNLO 3.0.0 beta0 svn 7626
   
  PROCESS:          211   :   p p -->  Z Z jj -->  e+ e- ve ve~ jj
   
  TOTAL result (LO):         0.20376984362610989       +-    1.1758867021268319E-004  fb     5.7706610615279513E-002 %
  NLO virtual result:        0.17685242702171852       +-    1.3764274005978943E-004  fb     7.7829149634958697E-002 %
  QCD real emission:          4.1047308064690015E-002  +-    2.6917356712641901E-004  fb    0.65576423842997211      %
  TOTAL result (NLO):        0.21789973508640853       +-    3.0232421856465214E-004  fb    0.13874464714000911      %
  K-Factor:                   1.0693424071435471     
 !!!!!!!!!!!!!!!!!!!!!!!!!!!!!!!!!!!!!!!!!!!!!!!!!!!!!!!!!!!!!!!!!!!!!!!!!!!!!!!!!!!!!!!!!!!!!!!!!!!!!!!!
  
  
