   
 -----------------------------------------------------------------
 VBFNLO, version 3.0.0 GIT f9c4fa17
 Comput. Phys. Commun. 180 (2009) 1661[arXiv:0811.4559 [hep-ph]]
 arXiV:1107.4038, arXiV:1207.4975, arXiv:1404.3940
 http://www.itp.kit.edu/vbfnlo
 -----------------------------------------------------------------
 Process-specific references (please cite as well if appropriate):
 F. Campanario, M. Kerner, Le Duc Ninh, I. Rosario
 JHEP 06 (2020) 072, e-Print: arXiv:2002.12109 [hep-ph]
 
 -----------------------------------------------------------------
   
   
   
 Initialising LoopTools ..
   
 ====================================================
   FF 2.0, a package to evaluate one-loop integrals
 written by G. J. van Oldenborgh, NIKHEF-H, Amsterdam
 ====================================================
 for the algorithms used see preprint NIKHEF-H 89/17,
 'New Algorithms for One-loop Integrals', by G.J. van
 Oldenborgh and J.A.M. Vermaseren, published in 
 Zeitschrift fuer Physik C46(1990)425.
 ====================================================
  
        Information on global parameters
 -----------------------------------------------
   PROCESS               =     3240
   LOPROCESS_PLUS_JET    =        F
   KK_MOD                =        F
   ANOM_CPL              =        F
   LO_ITERATIONS         =        6
   NLO_ITERATIONS        =        6
   LO_POINTS             =       26
   NLO_POINTS            =       26
   NLO_SWITCH            =        T
   EWCOR_SWITCH          =        F
 Warning: cannot read value for key = DOPDFSUBPROCESS. Using default value :  F
 Warning: cannot read value for key = PDFPROTON1. Using default value :           -7
 Warning: cannot read value for key = PDFPROTON2. Using default value :           -7
   FERMIONLOOP           =        3
   LHA_SWITCH            =        F
   HEPMC_SWITCH          =        F
   LO_GRID               = grid2_1                                           
   NLO_GRID              = grid3_1                                           
   PHTN_GRID             = grid4_1                                           
   FLOOP_GRID            = grid5_1                                           
   ECM                   =  13000.0    
   BEAM1                 =        1
   BEAM2                 =        1
   ID_MUF                =        8
   ID_MUR                =        8
   MUF_USER              =  91.1876    
   MUR_USER              =  91.1876    
   XIF                   =  1.00000    
   XIR                   =  1.00000    
 Warning: cannot read value for key = SHOWTIMING. Using default value :  T
 
       information on the selected process 
 -----------------------------------------------
 
  pp -> A A jj
 
 QCD induced A A + 2 jets production.
 Process is implemented at LO and NLO QCD.
 References: F. Campanario, M. Kerner, Le Duc Ninh, I. Rosario
 JHEP 06 (2020) 072, e-Print: arXiv:2002.12109 [hep-ph]
 
 Initialize PDF set MSTW2008 NLO
  
               Physics parameters
 -----------------------------------------------
   HTYPE                 =        0
   MODEL                 =        1
   ANOM_CPL              =        F
   KK_MOD                =        F
   SPIN2                 =        F
   HMASS                 =  126.000    
   HWIDTH                = -999.000    
   TOPMASS               =  173.100    
   BOTTOMMASS            =  4.85500    
   CHARMMASS             =  1.65000    
   TAU_MASS              =  1.77684    
   EWSCHEME              =        3
   FERMI_CONST           = 0.116637E-04
   WMASS                 =  80.3850    
   ZMASS                 =  91.1876    
   
 Running in the SM
   
 Higgs mass =   126.00000000000000     
   
   
  
 Information on scale setting in InitScales 
 -------------------------------------------
  
 Dynamical factorization scale chosen:
       mu_F = ( sum(pT partons) + sum( ET V ) )/2 
 Dynamical renormalization scale chosen:
       mu_R = ( sum(pT partons) + sum( ET V ) )/2 
 Initialize PDF set MSTW2008 LO
  
  
   Information on couplings, masses and widths
 ===============================================
  
   SM coupling parameters 
 ---------------------------
   G_Fermi                         : 0.000011663700
   SIN**2 of the weak mixing angle : 0.22289722
   Q.E.D. fine structure constant  : 1/132.23422    
   SU(2) coupling constant g       : 0.65295113
   U(1) coupling constant g'       : 0.34969851
   Q.C.D. LO alfas(MZ)             : 0.13938690
   Q.C.D. NLO alfas(MZ)            : 0.12017890
  
      particle masses
 ---------------------------
   mass of the Z0 boson            :   91.1876
   mass of the W+/- boson          :   80.3850
   mass of the Higgs boson         :  126.0000
   mass of the top quark           :  173.1000
   mass of the bottom quark at MH  :    2.7510
  (All other fermions have mass equal ZERO)
  
      particle widths
 ---------------------------
   total widths of Z0              :   2.508905 GeV
   total widths of W+ or W-        :   2.097609 GeV
   total widths of Higgs           :   0.004184 GeV
   total widths of top quark       :   1.356748 GeV
  
     branching ratios
 ---------------------------
   W -> lepton anti-lepton         : 10.8347940 %
   W -> massless quark anti-quark  : 33.7478090 %
   W -> top bottom                 :  0.0000000 %
  
   Z -> neutrino anti-neutrino     :  6.6117040 %
   Z -> charged lepton anti-lepton :  3.3447056 %
   Z -> up-type quark anti-quark   : 11.9909695 %
   Z -> down-type quark anti-quark : 15.3829441 %
   Z -> top anti-top               :  0.0000000 %
  
   H -> WW                         : 22.5383355 %
   H -> ZZ                         :  2.8340757 %
   H -> bottom anti-bottom         : 56.4766209 %
   H -> top anti-top               :  0.0000000 %
   H -> charm anti-charm           :  2.9478350 %
   H -> tau anti-tau               :  6.2320296 %
   H -> mu anti-mu                 :  0.0220626 %
   H -> gluon gluon                :  8.5112191 %
   H -> gamma gamma                :  0.2437450 %
   H -> Z gamma                    :  0.1940766 %
  
 Warning: cannot read value for key = EXISOLCUT. Using default value :    1.0000000000000000     
 
          information on cut parameters
 -----------------------------------------------
 
 minimum jet pt        (PT_JET_MIN):     30.00    30.00    30.00   
 maximum jet rapidity                 (Y_JET_MAX):    4.5000000000000000     
 maximum parton pseudorapidity          (Y_P_MAX):    5.0000000000000000     
 minimum jet-jet R-separation           (RJJ_MIN):   0.40000000000000002     
 minimum number of jets                (NJET_MIN):            2
 single jet from hadronic decay (SINGLE_DECAYJET):            0
 exponent of generalised kT algorithm (PGENKTJET):   -1.0000000000000000     
 minimum lepton-lepton R-separation     (RLL_MIN):   0.40000000000000002     
 maximum lepton-lepton R-separation     (RLL_MAX):    50.000000000000000     
 minimum jet-lepton R-separation        (RJL_MIN):   0.40000000000000002     
 minimum jet-photon R-separation        (RJG_MIN):   0.80000000000000004     
 minimum lepton-photon R-separation     (RLG_MIN):   0.40000000000000002     
 minimum photon-photon R-separation     (RGG_MIN):   0.40000000000000002     
 maximum photon-photon R-separation     (RGG_MAX):    50.000000000000000     
 maximum lepton rapidity                (Y_L_MAX):    2.5000000000000000     
 minimum lepton pt       (PT_L_MIN):    
 minimum invariant dilepton mass        (MLL_MIN):    15.000000000000000     
 maximum invariant dilepton mass        (MLL_MAX):    1.0000000000000000E+020
 m_ll cuts only on opposite-sign l   (MLL_OSONLY):  T
 maximum photon rapidity                (Y_G_MAX):    2.5000000000000000     
 minimum photon pt       (PT_G_MIN):     30.00    30.00   
 photon isolation cut                 (PHISOLCUT):   0.40000000000000002     
 efficiency of photon isolation cut   (EFISOLCUT):    5.0000000000000003E-002
 exponent of photon isolation cut   (EXISOLCUT):    1.0000000000000000     
 minimum invariant lepton-photon mass   (MLG_MIN):    0.0000000000000000     
 maximum invariant lepton-photon mass   (MLG_MAX):    1.0000000000000000E+020
 minimal missing transverse momentum (PTMISS_MIN):    0.0000000000000000     
 minimum jet rapidity separation      (ETAJJ_MIN):    3.0000000000000000     
 tagging jets in opposite hemispheres     (YSIGN):    T
 leptons fall inside rapidity gap     (LRAPIDGAP):    T
 min leptons y-dist from tagging jets   (DELY_JL):    0.0000000000000000     
 photons fall inside rapidity gap     (GRAPIDGAP):    T
 min photons y-dist from tagging jets   (DELY_JG):    0.0000000000000000     
 dijet min mass cut on tag jets        (MDIJ_MIN):    800.00000000000000     
 dijet max mass cut on tag jets        (MDIJ_MAX):    1.0000000000000000E+020
 excluded jet-m window               (MJ_WINDOWV):    70.786300000000011        100.78630000000001     
 veto criteria for jets                   (JVETO):    F
 minimum veto-tag y-dist             (DELY_JVETO):    0.0000000000000000     
 maximum |y| for veto jet             (YMAX_VETO):    4.5000000000000000     
 minimum pT for veto jet             (PTMIN_VETO):    50.000000000000000     
 

 --------------------PHASE SPACE--------------------

 boson has mass     0.00 GeV and width     0.0000 GeV
 integration range for boson   1 =      0.032  to     5000.000 GeV
 boson has mass     0.00 GeV and width     0.0000 GeV
 integration range for boson   1 =      0.032  to     5000.000 GeV

 machine energy =    13000.0  GeV

 configuration   0

 ---------------------------------------------------

  Open error on file random.dat
  Using default values.
  Random number generator initialized with seed =            0
 
          information on histogram config
 -----------------------------------------------
 
  Open error on file histograms.dat
  Using default values.
 SMEARING           =      T
 SMEAR_VALUE        =       0.10000000000000001     
 CALC_ERROR_GNUPLOT =      F
 CALC_ERROR_ROOT    =      F
 CALC_ERROR_1D      =      T
 CALC_ERROR_2D      =      F
 
HIST_ID1      =      0.00    250.00  # dS/dpT_j (fb/GeV)
HIST_ID2      =      0.00    500.00  # dS/dpTmax_j (fb/GeV)
HIST_ID3      =      0.00    200.00  # dS/dpTmin_j (fb/GeV)
HIST_ID4      =     -5.00      5.00  # dS/dy_j (fb)
HIST_ID5      =     -5.00      5.00  # dS/dy_j1 (fb)
HIST_ID6      =     -5.00      5.00  # dS/dy_j2 (fb)
HIST_ID7      =      0.00    500.00  # dS/dpTmax_l (fb/GeV)
HIST_ID8      =      0.00    200.00  # dS/dpTmin_l (fb/GeV)
HIST_ID9      =      0.00      5.00  # dS/d|eta|max_l (fb)
HIST_ID10     =      0.00      5.00  # dS/d|eta|min_l (fb)
HIST_ID11     =   -180.00    180.00  # dS/dPhi_jj (fb)
2DHIST_ID1    =      0.00      6.00      0.00    800.00  # d2S/dy_jj dm_jj (fb/GeV)
 
 -----------------------------------------------
 
Starttime: 2022-02-09T10:35:29+0100
  
 Subprocess           1
  

 MONACO input parameters:
 ndim = 10,  ncall =       2M,   rtype = 0
 nprn =  0,  acc = -1.0E+0,  alph =  8.75E-1,  nd = 48,  mds =  0

 MONACO:  continuing with uniform grid
  
 QCD AA jj amplitude square information:
 external b quarks are included
 -----------------------------------------------
  
 Reading PDF grid from /itp/swift/max/fast/compiletest-vbfnlo/share/VBFNLO/pdfsets/mstw2008lo.00.dat

 iteration  1:
 integral =  8.888392E+00,  sigma = 6.237E-01
 efficacy = 1.296E-05,  raw efficacy = 1.296E-05
 f_positive = 1.633E-2,  f_zero = 9.837E-1,  f_negative = 0.000E+0
 accumulated statistics:
 integral =  8.888392E+00,  sigma = 6.237E-01,  chi^2/iteration = 0.000E+00

 MONACO:  grid written to file GRID/grid2_1_1.out.1

 MONACO input parameters:
 ndim = 10,  ncall =       4M,   rtype = 0
 nprn =  0,  acc = -1.0E+0,  alph =  8.75E-1,  nd = 48,  mds =  0

 iteration  2:
 integral =  1.070451E+01,  sigma = 2.683E-01
 efficacy = 1.675E-05,  raw efficacy = 4.132E-07
 f_positive = 7.718E-2,  f_zero = 9.228E-1,  f_negative = 6.676E-6
 accumulated statistics:
 integral =  1.042096E+01,  sigma = 2.465E-01,  chi^2/iteration = 7.154E+06

 MONACO:  grid written to file GRID/grid2_1_1.out.2

 MONACO input parameters:
 ndim = 10,  ncall =       8M,   rtype = 0
 nprn =  0,  acc = -1.0E+0,  alph =  8.75E-1,  nd = 48,  mds =  0

 iteration  3:
 integral =  1.113605E+01,  sigma = 1.856E-01
 efficacy = 1.068E-05,  raw efficacy = 1.472E-07
 f_positive = 1.132E-1,  f_zero = 8.868E-1,  f_negative = 8.345E-6
 accumulated statistics:
 integral =  1.087730E+01,  sigma = 1.483E-01,  chi^2/iteration = 1.253E+01

 MONACO:  grid written to file GRID/grid2_1_1.out.3

 MONACO input parameters:
 ndim = 10,  ncall =      16M,   rtype = 0
 nprn =  0,  acc = -1.0E+0,  alph =  8.75E-1,  nd = 48,  mds =  0

 iteration  4:
 integral =  1.103563E+01,  sigma = 5.994E-02
 efficacy = 4.228E-05,  raw efficacy = 1.553E-08
 f_positive = 1.282E-1,  f_zero = 8.718E-1,  f_negative = 9.358E-6
 accumulated statistics:
 integral =  1.101338E+01,  sigma = 5.557E-02,  chi^2/iteration = 6.753E+00

 MONACO:  grid written to file GRID/grid2_1_1.out.4

 MONACO input parameters:
 ndim = 10,  ncall =      32M,   rtype = 0
 nprn =  0,  acc = -1.0E+0,  alph =  8.75E-1,  nd = 48,  mds =  0

 iteration  5:
 integral =  1.102063E+01,  sigma = 3.976E-02
 efficacy = 1.892E-05,  raw efficacy = 1.291E-08
 f_positive = 1.287E-1,  f_zero = 8.713E-1,  f_negative = 8.643E-6
 accumulated statistics:
 integral =  1.101817E+01,  sigma = 3.233E-02,  chi^2/iteration = 4.506E+00

 MONACO:  grid written to file GRID/grid2_1_1.out.5

 MONACO input parameters:
 ndim = 10,  ncall =      64M,   rtype = 0
 nprn =  0,  acc = -1.0E+0,  alph =  8.75E-1,  nd = 48,  mds =  0

 iteration  6:
 integral =  1.102416E+01,  sigma = 2.575E-02
 efficacy = 2.788E-05,  raw efficacy = 9.164E-09
 f_positive = 1.219E-1,  f_zero = 8.781E-1,  f_negative = 8.911E-6
 accumulated statistics:
 integral =  1.102184E+01,  sigma = 2.014E-02,  chi^2/iteration = 3.385E+00

 MONACO:  grid written to file GRID/grid2_1_1.out.6
 
  result sub (LO):    11.021836794330364       +-    2.0140896709438236E-002  fb    0.18273629963200616      %
 
  
 Subprocess           2
  

 MONACO input parameters:
 ndim = 10,  ncall =     512k,   rtype = 0
 nprn =  0,  acc = -1.0E+0,  alph =  8.75E-1,  nd = 48,  mds =  0

 MONACO:  continuing with uniform grid

 iteration  1:
 integral =  1.322681E+00,  sigma = 1.765E-01
 efficacy = 2.123E-05,  raw efficacy = 2.123E-05
 f_positive = 1.678E-2,  f_zero = 9.832E-1,  f_negative = 0.000E+0
 accumulated statistics:
 integral =  1.322681E+00,  sigma = 1.765E-01,  chi^2/iteration = 0.000E+00

 MONACO:  grid written to file GRID/grid2_1_2.out.1

 MONACO input parameters:
 ndim = 10,  ncall =       1M,   rtype = 0
 nprn =  0,  acc = -1.0E+0,  alph =  8.75E-1,  nd = 48,  mds =  0

 iteration  2:
 integral =  1.873422E+00,  sigma = 2.829E-01
 efficacy = 6.698E-06,  raw efficacy = 6.584E-07
 f_positive = 7.929E-2,  f_zero = 9.207E-1,  f_negative = 0.000E+0
 accumulated statistics:
 integral =  1.477084E+00,  sigma = 1.498E-01,  chi^2/iteration = 2.728E+06

 MONACO:  grid written to file GRID/grid2_1_2.out.2

 MONACO input parameters:
 ndim = 10,  ncall =       2M,   rtype = 0
 nprn =  0,  acc = -1.0E+0,  alph =  8.75E-1,  nd = 48,  mds =  0

 iteration  3:
 integral =  1.874274E+00,  sigma = 1.667E-01
 efficacy = 5.604E-06,  raw efficacy = 1.093E-07
 f_positive = 1.304E-1,  f_zero = 8.696E-1,  f_negative = 0.000E+0
 accumulated statistics:
 integral =  1.654536E+00,  sigma = 1.114E-01,  chi^2/iteration = 5.870E+00

 MONACO:  grid written to file GRID/grid2_1_2.out.3

 MONACO input parameters:
 ndim = 10,  ncall =       4M,   rtype = 0
 nprn =  0,  acc = -1.0E+0,  alph =  8.75E-1,  nd = 48,  mds =  0

 iteration  4:
 integral =  1.695928E+00,  sigma = 3.213E-02
 efficacy = 1.731E-05,  raw efficacy = 6.605E-08
 f_positive = 1.213E-1,  f_zero = 8.787E-1,  f_negative = 0.000E+0
 accumulated statistics:
 integral =  1.692748E+00,  sigma = 3.087E-02,  chi^2/iteration = 2.999E+00

 MONACO:  grid written to file GRID/grid2_1_2.out.4

 MONACO input parameters:
 ndim = 10,  ncall =       8M,   rtype = 0
 nprn =  0,  acc = -1.0E+0,  alph =  8.75E-1,  nd = 48,  mds =  0

 iteration  5:
 integral =  1.720044E+00,  sigma = 1.544E-02
 efficacy = 5.423E-05,  raw efficacy = 2.333E-08
 f_positive = 1.202E-1,  f_zero = 8.798E-1,  f_negative = 0.000E+0
 accumulated statistics:
 integral =  1.714583E+00,  sigma = 1.381E-02,  chi^2/iteration = 2.208E+00

 MONACO:  grid written to file GRID/grid2_1_2.out.5

 MONACO input parameters:
 ndim = 10,  ncall =      16M,   rtype = 0
 nprn =  0,  acc = -1.0E+0,  alph =  8.75E-1,  nd = 48,  mds =  0

 iteration  6:
 integral =  1.711397E+00,  sigma = 7.898E-03
 efficacy = 8.273E-05,  raw efficacy = 1.066E-08
 f_positive = 1.183E-1,  f_zero = 8.817E-1,  f_negative = 0.000E+0
 accumulated statistics:
 integral =  1.712182E+00,  sigma = 6.856E-03,  chi^2/iteration = 1.666E+00

 MONACO:  grid written to file GRID/grid2_1_2.out.6
 
  result sub (LO):    1.7121821998184421       +-    6.8557844807107275E-003  fb    0.40041208706863718      %
 
  
 Subprocess           3
  

 MONACO input parameters:
 ndim = 10,  ncall =     256k,   rtype = 0
 nprn =  0,  acc = -1.0E+0,  alph =  8.75E-1,  nd = 48,  mds =  0

 MONACO:  continuing with uniform grid

 iteration  1:
 integral =  1.882292E+00,  sigma = 2.379E-01
 efficacy = 4.761E-05,  raw efficacy = 4.761E-05
 f_positive = 1.672E-2,  f_zero = 9.833E-1,  f_negative = 0.000E+0
 accumulated statistics:
 integral =  1.882292E+00,  sigma = 2.379E-01,  chi^2/iteration = 1.421E-14

 MONACO:  grid written to file GRID/grid2_1_3.out.1

 MONACO input parameters:
 ndim = 10,  ncall =     512k,   rtype = 0
 nprn =  0,  acc = -1.0E+0,  alph =  8.75E-1,  nd = 48,  mds =  0

 iteration  2:
 integral =  2.323386E+00,  sigma = 1.358E-01
 efficacy = 3.860E-05,  raw efficacy = 4.097E-06
 f_positive = 7.712E-2,  f_zero = 9.229E-1,  f_negative = 0.000E+0
 accumulated statistics:
 integral =  2.214965E+00,  sigma = 1.180E-01,  chi^2/iteration = 2.593E+06

 MONACO:  grid written to file GRID/grid2_1_3.out.2

 MONACO input parameters:
 ndim = 10,  ncall =       1M,   rtype = 0
 nprn =  0,  acc = -1.0E+0,  alph =  8.75E-1,  nd = 48,  mds =  0

 iteration  3:
 integral =  2.194712E+00,  sigma = 3.204E-02
 efficacy = 3.088E-04,  raw efficacy = 5.701E-07
 f_positive = 1.146E-1,  f_zero = 8.854E-1,  f_negative = 0.000E+0
 accumulated statistics:
 integral =  2.196104E+00,  sigma = 3.092E-02,  chi^2/iteration = 2.620E+00

 MONACO:  grid written to file GRID/grid2_1_3.out.3

 MONACO input parameters:
 ndim = 10,  ncall =       2M,   rtype = 0
 nprn =  0,  acc = -1.0E+0,  alph =  8.75E-1,  nd = 48,  mds =  0

 iteration  4:
 integral =  2.198629E+00,  sigma = 1.933E-02
 efficacy = 2.836E-04,  raw efficacy = 4.384E-07
 f_positive = 1.293E-1,  f_zero = 8.707E-1,  f_negative = 0.000E+0
 accumulated statistics:
 integral =  2.197919E+00,  sigma = 1.639E-02,  chi^2/iteration = 1.312E+00

 MONACO:  grid written to file GRID/grid2_1_3.out.4

 MONACO input parameters:
 ndim = 10,  ncall =       4M,   rtype = 0
 nprn =  0,  acc = -1.0E+0,  alph =  8.75E-1,  nd = 48,  mds =  0

 iteration  5:
 integral =  2.197271E+00,  sigma = 1.130E-02
 efficacy = 1.756E-04,  raw efficacy = 1.974E-07
 f_positive = 1.352E-1,  f_zero = 8.648E-1,  f_negative = 0.000E+0
 accumulated statistics:
 integral =  2.197480E+00,  sigma = 9.302E-03,  chi^2/iteration = 8.753E-01

 MONACO:  grid written to file GRID/grid2_1_3.out.5

 MONACO input parameters:
 ndim = 10,  ncall =       8M,   rtype = 0
 nprn =  0,  acc = -1.0E+0,  alph =  8.75E-1,  nd = 48,  mds =  0

 iteration  6:
 integral =  2.211802E+00,  sigma = 8.005E-03
 efficacy = 2.348E-04,  raw efficacy = 1.380E-07
 f_positive = 1.332E-1,  f_zero = 8.668E-1,  f_negative = 0.000E+0
 accumulated statistics:
 integral =  2.205708E+00,  sigma = 6.068E-03,  chi^2/iteration = 9.970E-01

 MONACO:  grid written to file GRID/grid2_1_3.out.6
 
  result sub (LO):    2.2057082899544818       +-    6.0675547495065369E-003  fb    0.27508418847316163      %
 
  
 Subprocess           4
  

 MONACO input parameters:
 ndim = 10,  ncall =     256k,   rtype = 0
 nprn =  0,  acc = -1.0E+0,  alph =  8.75E-1,  nd = 48,  mds =  0

 MONACO:  continuing with uniform grid

 iteration  1:
 integral =  2.199762E+00,  sigma = 3.321E-01
 efficacy = 4.940E-05,  raw efficacy = 4.940E-05
 f_positive = 1.678E-2,  f_zero = 9.832E-1,  f_negative = 0.000E+0
 accumulated statistics:
 integral =  2.199762E+00,  sigma = 3.321E-01,  chi^2/iteration = 7.105E-15

 MONACO:  grid written to file GRID/grid2_1_4.out.1

 MONACO input parameters:
 ndim = 10,  ncall =     512k,   rtype = 0
 nprn =  0,  acc = -1.0E+0,  alph =  8.75E-1,  nd = 48,  mds =  0

 iteration  2:
 integral =  2.893481E+00,  sigma = 1.220E-01
 efficacy = 1.233E-04,  raw efficacy = 1.449E-06
 f_positive = 9.226E-2,  f_zero = 9.077E-1,  f_negative = 0.000E+0
 accumulated statistics:
 integral =  2.810933E+00,  sigma = 1.146E-01,  chi^2/iteration = 3.844E+06

 MONACO:  grid written to file GRID/grid2_1_4.out.2

 MONACO input parameters:
 ndim = 10,  ncall =       1M,   rtype = 0
 nprn =  0,  acc = -1.0E+0,  alph =  8.75E-1,  nd = 48,  mds =  0

 iteration  3:
 integral =  3.198637E+00,  sigma = 7.550E-02
 efficacy = 6.170E-05,  raw efficacy = 3.167E-07
 f_positive = 1.465E-1,  f_zero = 8.535E-1,  f_negative = 0.000E+0
 accumulated statistics:
 integral =  3.081223E+00,  sigma = 6.304E-02,  chi^2/iteration = 1.183E+01

 MONACO:  grid written to file GRID/grid2_1_4.out.3

 MONACO input parameters:
 ndim = 10,  ncall =       2M,   rtype = 0
 nprn =  0,  acc = -1.0E+0,  alph =  8.75E-1,  nd = 48,  mds =  0

 iteration  4:
 integral =  3.266717E+00,  sigma = 6.378E-02
 efficacy = 2.965E-05,  raw efficacy = 8.212E-08
 f_positive = 1.593E-1,  f_zero = 8.407E-1,  f_negative = 0.000E+0
 accumulated statistics:
 integral =  3.172896E+00,  sigma = 4.483E-02,  chi^2/iteration = 8.054E+00

 MONACO:  grid written to file GRID/grid2_1_4.out.4

 MONACO input parameters:
 ndim = 10,  ncall =       4M,   rtype = 0
 nprn =  0,  acc = -1.0E+0,  alph =  8.75E-1,  nd = 48,  mds =  0

 iteration  5:
 integral =  3.269076E+00,  sigma = 2.709E-02
 efficacy = 1.414E-04,  raw efficacy = 9.561E-08
 f_positive = 1.580E-1,  f_zero = 8.420E-1,  f_negative = 0.000E+0
 accumulated statistics:
 integral =  3.243358E+00,  sigma = 2.318E-02,  chi^2/iteration = 6.493E+00

 MONACO:  grid written to file GRID/grid2_1_4.out.5

 MONACO input parameters:
 ndim = 10,  ncall =       8M,   rtype = 0
 nprn =  0,  acc = -1.0E+0,  alph =  8.75E-1,  nd = 48,  mds =  0

 iteration  6:
 integral =  3.265599E+00,  sigma = 1.592E-02
 efficacy = 6.726E-05,  raw efficacy = 4.522E-08
 f_positive = 1.546E-1,  f_zero = 8.454E-1,  f_negative = 0.000E+0
 accumulated statistics:
 integral =  3.258471E+00,  sigma = 1.312E-02,  chi^2/iteration = 5.026E+00

 MONACO:  grid written to file GRID/grid2_1_4.out.6
 
  result sub (LO):    3.2584714803431978       +-    1.3124456800399762E-002  fb    0.40277955107397262      %
 
  
 Subprocess           5
  

 MONACO input parameters:
 ndim = 10,  ncall =       8M,   rtype = 0
 nprn =  0,  acc = -1.0E+0,  alph =  8.75E-1,  nd = 48,  mds =  0

 MONACO:  continuing with uniform grid

 iteration  1:
 integral =  4.764802E+00,  sigma = 4.120E-01
 efficacy = 3.144E-06,  raw efficacy = 3.144E-06
 f_positive = 1.652E-2,  f_zero = 9.834E-1,  f_negative = 2.992E-5
 accumulated statistics:
 integral =  4.764802E+00,  sigma = 4.120E-01,  chi^2/iteration = 0.000E+00

 MONACO:  grid written to file GRID/grid2_1_5.out.1

 MONACO input parameters:
 ndim = 10,  ncall =      16M,   rtype = 0
 nprn =  0,  acc = -1.0E+0,  alph =  8.75E-1,  nd = 48,  mds =  0

 iteration  2:
 integral =  5.085617E+00,  sigma = 1.074E-01
 efficacy = 1.099E-05,  raw efficacy = 1.737E-07
 f_positive = 8.054E-2,  f_zero = 9.194E-1,  f_negative = 2.849E-5
 accumulated statistics:
 integral =  5.065194E+00,  sigma = 1.040E-01,  chi^2/iteration = 5.677E+05

 MONACO:  grid written to file GRID/grid2_1_5.out.2

 MONACO input parameters:
 ndim = 10,  ncall =      32M,   rtype = 0
 nprn =  0,  acc = -1.0E+0,  alph =  8.75E-1,  nd = 48,  mds =  0

 iteration  3:
 integral =  5.049401E+00,  sigma = 3.704E-02
 efficacy = 1.485E-05,  raw efficacy = 5.136E-08
 f_positive = 1.267E-1,  f_zero = 8.733E-1,  f_negative = 2.977E-5
 accumulated statistics:
 integral =  5.051181E+00,  sigma = 3.489E-02,  chi^2/iteration = 5.882E-01

 MONACO:  grid written to file GRID/grid2_1_5.out.3

 MONACO input parameters:
 ndim = 10,  ncall =      64M,   rtype = 0
 nprn =  0,  acc = -1.0E+0,  alph =  8.75E-1,  nd = 48,  mds =  0

 iteration  4:
 integral =  5.099344E+00,  sigma = 2.044E-02
 efficacy = 1.215E-05,  raw efficacy = 4.866E-08
 f_positive = 1.506E-1,  f_zero = 8.494E-1,  f_negative = 2.757E-5
 accumulated statistics:
 integral =  5.087038E+00,  sigma = 1.764E-02,  chi^2/iteration = 1.003E+00

 MONACO:  grid written to file GRID/grid2_1_5.out.4

 MONACO input parameters:
 ndim = 10,  ncall =     128M,   rtype = 0
 nprn =  0,  acc = -1.0E+0,  alph =  8.75E-1,  nd = 48,  mds =  0

 iteration  5:
 integral =  5.053885E+00,  sigma = 1.243E-02
 efficacy = 2.271E-05,  raw efficacy = 8.531E-09
 f_positive = 1.555E-1,  f_zero = 8.444E-1,  f_negative = 2.608E-5
 accumulated statistics:
 integral =  5.064887E+00,  sigma = 1.016E-02,  chi^2/iteration = 1.456E+00

 MONACO:  grid written to file GRID/grid2_1_5.out.5

 MONACO input parameters:
 ndim = 10,  ncall =     256M,   rtype = 0
 nprn =  0,  acc = -1.0E+0,  alph =  8.75E-1,  nd = 48,  mds =  0

 iteration  6:
 integral =  5.048436E+00,  sigma = 8.225E-03
 efficacy = 1.215E-05,  raw efficacy = 8.587E-09
 f_positive = 1.564E-1,  f_zero = 8.435E-1,  f_negative = 2.719E-5
 accumulated statistics:
 integral =  5.054948E+00,  sigma = 6.393E-03,  chi^2/iteration = 1.488E+00

 MONACO:  grid written to file GRID/grid2_1_5.out.6
 
  result sub (LO):    5.0549482353656092       +-    6.3928802581989120E-003  fb    0.12646776901636331      %
 
  
 Subprocess           6
  

 MONACO input parameters:
 ndim = 10,  ncall =       1M,   rtype = 0
 nprn =  0,  acc = -1.0E+0,  alph =  8.75E-1,  nd = 48,  mds =  0

 MONACO:  continuing with uniform grid

 iteration  1:
 integral =  2.484851E+00,  sigma = 4.069E-01
 efficacy = 1.002E-05,  raw efficacy = 1.002E-05
 f_positive = 1.647E-2,  f_zero = 9.835E-1,  f_negative = 0.000E+0
 accumulated statistics:
 integral =  2.484851E+00,  sigma = 4.069E-01,  chi^2/iteration = 0.000E+00

 MONACO:  grid written to file GRID/grid2_1_6.out.1

 MONACO input parameters:
 ndim = 10,  ncall =       2M,   rtype = 0
 nprn =  0,  acc = -1.0E+0,  alph =  8.75E-1,  nd = 48,  mds =  0

 iteration  2:
 integral =  2.978753E+00,  sigma = 2.555E-01
 efficacy = 8.883E-06,  raw efficacy = 2.148E-07
 f_positive = 7.270E-2,  f_zero = 9.273E-1,  f_negative = 4.768E-7
 accumulated statistics:
 integral =  2.839121E+00,  sigma = 2.164E-01,  chi^2/iteration = 1.057E+06

 MONACO:  grid written to file GRID/grid2_1_6.out.2

 MONACO input parameters:
 ndim = 10,  ncall =       4M,   rtype = 0
 nprn =  0,  acc = -1.0E+0,  alph =  8.75E-1,  nd = 48,  mds =  0

 iteration  3:
 integral =  2.806348E+00,  sigma = 6.656E-02
 efficacy = 3.511E-05,  raw efficacy = 1.586E-07
 f_positive = 1.281E-1,  f_zero = 8.719E-1,  f_negative = 7.153E-7
 accumulated statistics:
 integral =  2.809182E+00,  sigma = 6.362E-02,  chi^2/iteration = 1.078E+00

 MONACO:  grid written to file GRID/grid2_1_6.out.3

 MONACO input parameters:
 ndim = 10,  ncall =       8M,   rtype = 0
 nprn =  0,  acc = -1.0E+0,  alph =  8.75E-1,  nd = 48,  mds =  0

 iteration  4:
 integral =  2.800911E+00,  sigma = 3.440E-02
 efficacy = 1.965E-05,  raw efficacy = 6.512E-08
 f_positive = 1.433E-1,  f_zero = 8.567E-1,  f_negative = 1.311E-6
 accumulated statistics:
 integral =  2.802782E+00,  sigma = 3.026E-02,  chi^2/iteration = 5.454E-01

 MONACO:  grid written to file GRID/grid2_1_6.out.4

 MONACO input parameters:
 ndim = 10,  ncall =      16M,   rtype = 0
 nprn =  0,  acc = -1.0E+0,  alph =  8.75E-1,  nd = 48,  mds =  0

 iteration  5:
 integral =  2.847886E+00,  sigma = 2.181E-02
 efficacy = 2.270E-05,  raw efficacy = 2.079E-08
 f_positive = 1.460E-1,  f_zero = 8.540E-1,  f_negative = 1.371E-6
 accumulated statistics:
 integral =  2.832460E+00,  sigma = 1.769E-02,  chi^2/iteration = 8.510E-01

 MONACO:  grid written to file GRID/grid2_1_6.out.5

 MONACO input parameters:
 ndim = 10,  ncall =      32M,   rtype = 0
 nprn =  0,  acc = -1.0E+0,  alph =  8.75E-1,  nd = 48,  mds =  0

 iteration  6:
 integral =  2.814630E+00,  sigma = 1.313E-02
 efficacy = 2.401E-05,  raw efficacy = 1.347E-08
 f_positive = 1.397E-1,  f_zero = 8.603E-1,  f_negative = 1.222E-6
 accumulated statistics:
 integral =  2.820961E+00,  sigma = 1.054E-02,  chi^2/iteration = 8.020E-01

 MONACO:  grid written to file GRID/grid2_1_6.out.6
 
  result sub (LO):    2.8209606826775544       +-    1.0543713999037784E-002  fb    0.37376323831036418      %
 
  
 Subprocess           7
  

 MONACO input parameters:
 ndim = 10,  ncall =     256k,   rtype = 0
 nprn =  0,  acc = -1.0E+0,  alph =  8.75E-1,  nd = 48,  mds =  0

 MONACO:  continuing with uniform grid

 iteration  1:
 integral =  2.317430E-01,  sigma = 1.463E-01
 efficacy = 6.100E-06,  raw efficacy = 6.100E-06
 f_positive = 1.638E-2,  f_zero = 9.836E-1,  f_negative = 0.000E+0
 accumulated statistics:
 integral =  2.317430E-01,  sigma = 1.463E-01,  chi^2/iteration = 0.000E+00

 MONACO:  grid written to file GRID/grid2_1_7.out.1

 MONACO input parameters:
 ndim = 10,  ncall =     512k,   rtype = 0
 nprn =  0,  acc = -1.0E+0,  alph =  8.75E-1,  nd = 48,  mds =  0

 iteration  2:
 integral =  2.389486E-01,  sigma = 5.463E-02
 efficacy = 8.915E-06,  raw efficacy = 4.423E-07
 f_positive = 9.303E-2,  f_zero = 9.070E-1,  f_negative = 0.000E+0
 accumulated statistics:
 integral =  2.380673E-01,  sigma = 5.118E-02,  chi^2/iteration = 2.128E+03

 MONACO:  grid written to file GRID/grid2_1_7.out.2

 MONACO input parameters:
 ndim = 10,  ncall =       1M,   rtype = 0
 nprn =  0,  acc = -1.0E+0,  alph =  8.75E-1,  nd = 48,  mds =  0

 iteration  3:
 integral =  2.206383E-01,  sigma = 1.517E-02
 efficacy = 2.717E-05,  raw efficacy = 1.031E-07
 f_positive = 1.288E-1,  f_zero = 8.712E-1,  f_negative = 0.000E+0
 accumulated statistics:
 integral =  2.220452E-01,  sigma = 1.454E-02,  chi^2/iteration = 1.087E-01

 MONACO:  grid written to file GRID/grid2_1_7.out.3

 MONACO input parameters:
 ndim = 10,  ncall =       2M,   rtype = 0
 nprn =  0,  acc = -1.0E+0,  alph =  8.75E-1,  nd = 48,  mds =  0

 iteration  4:
 integral =  2.157719E-01,  sigma = 6.344E-03
 efficacy = 4.493E-05,  raw efficacy = 1.120E-08
 f_positive = 1.409E-1,  f_zero = 8.591E-1,  f_negative = 0.000E+0
 accumulated statistics:
 integral =  2.167751E-01,  sigma = 5.815E-03,  chi^2/iteration = 1.326E-01

 MONACO:  grid written to file GRID/grid2_1_7.out.4

 MONACO input parameters:
 ndim = 10,  ncall =       4M,   rtype = 0
 nprn =  0,  acc = -1.0E+0,  alph =  8.75E-1,  nd = 48,  mds =  0

 iteration  5:
 integral =  2.191612E-01,  sigma = 3.208E-03
 efficacy = 4.778E-05,  raw efficacy = 1.813E-08
 f_positive = 1.558E-1,  f_zero = 8.442E-1,  f_negative = 0.000E+0
 accumulated statistics:
 integral =  2.186044E-01,  sigma = 2.809E-03,  chi^2/iteration = 1.314E-01

 MONACO:  grid written to file GRID/grid2_1_7.out.5

 MONACO input parameters:
 ndim = 10,  ncall =       8M,   rtype = 0
 nprn =  0,  acc = -1.0E+0,  alph =  8.75E-1,  nd = 48,  mds =  0

 iteration  6:
 integral =  2.266068E-01,  sigma = 2.661E-03
 efficacy = 2.603E-05,  raw efficacy = 1.276E-08
 f_positive = 1.690E-1,  f_zero = 8.310E-1,  f_negative = 0.000E+0
 accumulated statistics:
 integral =  2.228223E-01,  sigma = 1.932E-03,  chi^2/iteration = 1.168E+00

 MONACO:  grid written to file GRID/grid2_1_7.out.6
 
  result sub (LO):   0.22282228569945473       +-    1.9316342476488235E-003  fb    0.86689454853462644      %
 
 
  result (LO):    26.296929968189104       +-    2.8591854116267058E-002  fb    0.10872696604072825      %
  
   
 Initialising FF ..
   
 ====================================================
   FF 2.0, a package to evaluate one-loop integrals
 written by G. J. van Oldenborgh, NIKHEF-H, Amsterdam
 ====================================================
 for the algorithms used see preprint NIKHEF-H 89/17,
 'New Algorithms for One-loop Integrals', by G.J. van
 Oldenborgh and J.A.M. Vermaseren, published in 
 Zeitschrift fuer Physik C46(1990)425.
 ====================================================
 Initialize PDF set MSTW2008 NLO
  
 Subprocess           1
  

 MONACO input parameters:
 ndim = 10,  ncall =      64M,   rtype = 0
 nprn =  0,  acc = -1.0E+0,  alph =  8.75E-1,  nd = 48,  mds =  0

 MONACO:  grid read from file GRID/grid2_1_1.out.6                                                                                                                                                                                                                                      
 Reading PDF grid from /itp/swift/max/fast/compiletest-vbfnlo/share/VBFNLO/pdfsets/mstw2008nlo.00.dat

 iteration  1:
 integral =  9.526183E+00,  sigma = 1.956E-02
 efficacy = 3.693E-05,  raw efficacy = 1.441E-08
 f_positive = 1.204E-1,  f_zero = 8.796E-1,  f_negative = 0.000E+0
 accumulated statistics:
 integral =  9.526183E+00,  sigma = 1.956E-02,  chi^2/iteration = 0.000E+00

 MONACO:  grid written to file GRID/grid2_1_1.vout.1
  
  result for virtual contribution, no.            1
  sigma =    9.5261825638122346       +-    1.9556159143592454E-002  fb  
  
 total result for virtual contns so far 
  sigma =    9.5261825638122346       +-    1.9556159143592454E-002  fb
  

 MONACO input parameters:
 ndim = 10,  ncall =       2M,   rtype = 0
 nprn =  0,  acc = -1.0E+0,  alph =  8.75E-1,  nd = 48,  mds =  0

 MONACO:  grid read from file GRID/grid2_1_1.out.6                                                                                                                                                                                                                                      

 iteration  1:
 integral =  6.625400E+00,  sigma = 1.253E-01
 efficacy = 5.415E-05,  raw efficacy = 2.317E-08
 f_positive = 1.187E-1,  f_zero = 8.798E-1,  f_negative = 1.576E-3
 accumulated statistics:
 integral =  6.625400E+00,  sigma = 1.253E-01,  chi^2/iteration = 4.547E-13

 MONACO:  grid written to file GRID/grid2_1_1.vout.1
  
  result for virtual contribution, no.            2
  sigma =    6.6254003052185038       +-   0.12525103707145060       fb  
  
 total result for virtual contns so far 
  sigma =    16.151582869030740       +-   0.12676855149414387       fb
  

 MONACO input parameters:
 ndim = 10,  ncall =      32M,   rtype = 0
 nprn =  0,  acc = -1.0E+0,  alph =  8.75E-1,  nd = 48,  mds =  0

 MONACO:  grid read from file GRID/grid2_1_1.out.6                                                                                                                                                                                                                                      

 iteration  1:
 integral =  4.263669E+00,  sigma = 1.800E-02
 efficacy = 1.876E-05,  raw efficacy = 2.230E-08
 f_positive = 1.311E-1,  f_zero = 8.668E-1,  f_negative = 2.067E-3
 accumulated statistics:
 integral =  4.263669E+00,  sigma = 1.800E-02,  chi^2/iteration = 0.000E+00

 MONACO:  grid written to file GRID/grid2_1_1.vout.1
  
  result for virtual contribution, no.            3
  sigma =    4.2636687396063326       +-    1.7996321537038402E-002  fb  
  
 total result for virtual contns so far 
  sigma =    20.415251608637071       +-   0.12803957683774139       fb
  
  
 Subprocess           2
  

 MONACO input parameters:
 ndim = 10,  ncall =      32M,   rtype = 0
 nprn =  0,  acc = -1.0E+0,  alph =  8.75E-1,  nd = 48,  mds =  0

 MONACO:  grid read from file GRID/grid2_1_2.out.6                                                                                                                                                                                                                                      

 iteration  1:
 integral =  1.350509E+00,  sigma = 7.284E-03
 efficacy = 1.622E-05,  raw efficacy = 4.512E-09
 f_positive = 1.495E-1,  f_zero = 8.505E-1,  f_negative = 7.808E-5
 accumulated statistics:
 integral =  1.350509E+00,  sigma = 7.284E-03,  chi^2/iteration = 7.276E-12

 MONACO:  grid written to file GRID/grid2_1_2.vout.1
  
  result for virtual contribution, no.            1
  sigma =    1.3505088954038300       +-    7.2838203526204900E-003  fb  
  
 total result for virtual contns so far 
  sigma =    1.3505088954038300       +-    7.2838203526204900E-003  fb
  

 MONACO input parameters:
 ndim = 10,  ncall =       1M,   rtype = 0
 nprn =  0,  acc = -1.0E+0,  alph =  8.75E-1,  nd = 48,  mds =  0

 MONACO:  grid read from file GRID/grid2_1_2.out.6                                                                                                                                                                                                                                      

 iteration  1:
 integral =  1.143691E+00,  sigma = 2.097E-01
 efficacy = 5.301E-06,  raw efficacy = 7.318E-08
 f_positive = 1.483E-1,  f_zero = 8.501E-1,  f_negative = 1.597E-3
 accumulated statistics:
 integral =  1.143691E+00,  sigma = 2.097E-01,  chi^2/iteration = 0.000E+00

 MONACO:  grid written to file GRID/grid2_1_2.vout.1
  
  result for virtual contribution, no.            2
  sigma =    1.1436905410030762       +-   0.20966500599635035       fb  
  
 total result for virtual contns so far 
  sigma =    2.4941994364069062       +-   0.20979148881300899       fb
  

 MONACO input parameters:
 ndim = 10,  ncall =      16M,   rtype = 0
 nprn =  0,  acc = -1.0E+0,  alph =  8.75E-1,  nd = 48,  mds =  0

 MONACO:  grid read from file GRID/grid2_1_2.out.6                                                                                                                                                                                                                                      

 iteration  1:
 integral =  5.981274E-01,  sigma = 6.043E-03
 efficacy = 1.364E-05,  raw efficacy = 1.613E-08
 f_positive = 1.473E-1,  f_zero = 8.504E-1,  f_negative = 2.350E-3
 accumulated statistics:
 integral =  5.981274E-01,  sigma = 6.043E-03,  chi^2/iteration = 0.000E+00

 MONACO:  grid written to file GRID/grid2_1_2.vout.1
  
  result for virtual contribution, no.            3
  sigma =   0.59812738795751519       +-    6.0431046368044673E-003  fb  
  
 total result for virtual contns so far 
  sigma =    3.0923268243644215       +-   0.20987850745617151       fb
  
  
 Subprocess           3
  

 MONACO input parameters:
 ndim = 10,  ncall =      16M,   rtype = 0
 nprn =  0,  acc = -1.0E+0,  alph =  8.75E-1,  nd = 48,  mds =  0

 MONACO:  grid read from file GRID/grid2_1_3.out.6                                                                                                                                                                                                                                      

 iteration  1:
 integral =  1.768681E+00,  sigma = 7.974E-03
 efficacy = 6.810E-05,  raw efficacy = 3.172E-07
 f_positive = 1.582E-1,  f_zero = 8.418E-1,  f_negative = 1.967E-6
 accumulated statistics:
 integral =  1.768681E+00,  sigma = 7.974E-03,  chi^2/iteration = 0.000E+00

 MONACO:  grid written to file GRID/grid2_1_3.vout.1
  
  result for virtual contribution, no.            1
  sigma =    1.7686808389578186       +-    7.9742811423561596E-003  fb  
  
 total result for virtual contns so far 
  sigma =    1.7686808389578186       +-    7.9742811423561596E-003  fb
  

 MONACO input parameters:
 ndim = 10,  ncall =     512k,   rtype = 0
 nprn =  0,  acc = -1.0E+0,  alph =  8.75E-1,  nd = 48,  mds =  0

 MONACO:  grid read from file GRID/grid2_1_3.out.6                                                                                                                                                                                                                                      

 iteration  1:
 integral =  8.551148E-01,  sigma = 1.689E-02
 efficacy = 2.602E-04,  raw efficacy = 2.510E-06
 f_positive = 1.553E-1,  f_zero = 8.426E-1,  f_negative = 2.100E-3
 accumulated statistics:
 integral =  8.551148E-01,  sigma = 1.689E-02,  chi^2/iteration = 0.000E+00

 MONACO:  grid written to file GRID/grid2_1_3.vout.1
  
  result for virtual contribution, no.            2
  sigma =   0.85511479287610537       +-    1.6885861384719467E-002  fb  
  
 total result for virtual contns so far 
  sigma =    2.6237956318339242       +-    1.8674085638694524E-002  fb
  

 MONACO input parameters:
 ndim = 10,  ncall =       8M,   rtype = 0
 nprn =  0,  acc = -1.0E+0,  alph =  8.75E-1,  nd = 48,  mds =  0

 MONACO:  grid read from file GRID/grid2_1_3.out.6                                                                                                                                                                                                                                      

 iteration  1:
 integral =  5.705435E-01,  sigma = 3.198E-03
 efficacy = 1.357E-04,  raw efficacy = 4.534E-07
 f_positive = 1.580E-1,  f_zero = 8.419E-1,  f_negative = 1.180E-5
 accumulated statistics:
 integral =  5.705435E-01,  sigma = 3.198E-03,  chi^2/iteration = 0.000E+00

 MONACO:  grid written to file GRID/grid2_1_3.vout.1
  
  result for virtual contribution, no.            3
  sigma =   0.57054353850330586       +-    3.1983734894174562E-003  fb  
  
 total result for virtual contns so far 
  sigma =    3.1943391703372299       +-    1.8946003996070136E-002  fb
  
  
 Subprocess           4
  

 MONACO input parameters:
 ndim = 10,  ncall =       8M,   rtype = 0
 nprn =  0,  acc = -1.0E+0,  alph =  8.75E-1,  nd = 48,  mds =  0

 MONACO:  grid read from file GRID/grid2_1_4.out.6                                                                                                                                                                                                                                      

 iteration  1:
 integral =  2.978812E+00,  sigma = 2.627E-02
 efficacy = 2.729E-05,  raw efficacy = 2.466E-08
 f_positive = 1.675E-1,  f_zero = 8.325E-1,  f_negative = 0.000E+0
 accumulated statistics:
 integral =  2.978812E+00,  sigma = 2.627E-02,  chi^2/iteration = 1.819E-12

 MONACO:  grid written to file GRID/grid2_1_4.vout.1
  
  result for virtual contribution, no.            1
  sigma =    2.9788117827450278       +-    2.6268155380738237E-002  fb  
  
 total result for virtual contns so far 
  sigma =    2.9788117827450278       +-    2.6268155380738237E-002  fb
  

 MONACO input parameters:
 ndim = 10,  ncall =     256k,   rtype = 0
 nprn =  0,  acc = -1.0E+0,  alph =  8.75E-1,  nd = 48,  mds =  0

 MONACO:  grid read from file GRID/grid2_1_4.out.6                                                                                                                                                                                                                                      

 iteration  1:
 integral =  1.432453E+00,  sigma = 4.173E-02
 efficacy = 5.367E-04,  raw efficacy = 8.551E-07
 f_positive = 1.651E-1,  f_zero = 8.325E-1,  f_negative = 2.377E-3
 accumulated statistics:
 integral =  1.432453E+00,  sigma = 4.173E-02,  chi^2/iteration = 0.000E+00

 MONACO:  grid written to file GRID/grid2_1_4.vout.1
  
  result for virtual contribution, no.            2
  sigma =    1.4324534975717695       +-    4.1734772987240577E-002  fb  
  
 total result for virtual contns so far 
  sigma =    4.4112652803167975       +-    4.9313357859743369E-002  fb
  

 MONACO input parameters:
 ndim = 10,  ncall =       4M,   rtype = 0
 nprn =  0,  acc = -1.0E+0,  alph =  8.75E-1,  nd = 48,  mds =  0

 MONACO:  grid read from file GRID/grid2_1_4.out.6                                                                                                                                                                                                                                      

 iteration  1:
 integral =  1.730313E+00,  sigma = 1.916E-02
 efficacy = 1.011E-04,  raw efficacy = 6.910E-08
 f_positive = 1.601E-1,  f_zero = 8.325E-1,  f_negative = 7.315E-3
 accumulated statistics:
 integral =  1.730313E+00,  sigma = 1.916E-02,  chi^2/iteration = 0.000E+00

 MONACO:  grid written to file GRID/grid2_1_4.vout.1
  
  result for virtual contribution, no.            3
  sigma =    1.7303129234250818       +-    1.9161225500913353E-002  fb  
  
 total result for virtual contns so far 
  sigma =    6.1415782037418793       +-    5.2905196588803688E-002  fb
  
  
 Subprocess           5
  

 MONACO input parameters:
 ndim = 10,  ncall =      64M,   rtype = 0
 nprn =  0,  acc = -1.0E+0,  alph =  8.75E-1,  nd = 48,  mds =  0

 MONACO:  grid read from file GRID/grid2_1_5.out.6                                                                                                                                                                                                                                      

 iteration  1:
 integral =  4.285218E+00,  sigma = 1.942E-02
 efficacy = 5.526E-06,  raw efficacy = 1.121E-08
 f_positive = 1.611E-1,  f_zero = 8.389E-1,  f_negative = 1.128E-5
 accumulated statistics:
 integral =  4.285218E+00,  sigma = 1.942E-02,  chi^2/iteration = 7.276E-12

 MONACO:  grid written to file GRID/grid2_1_5.vout.1
  
  result for virtual contribution, no.            1
  sigma =    4.2852175883060335       +-    1.9418951786129020E-002  fb  
  
 total result for virtual contns so far 
  sigma =    4.2852175883060335       +-    1.9418951786129020E-002  fb
  

 MONACO input parameters:
 ndim = 10,  ncall =       2M,   rtype = 0
 nprn =  0,  acc = -1.0E+0,  alph =  8.75E-1,  nd = 48,  mds =  0

 MONACO:  grid read from file GRID/grid2_1_5.out.6                                                                                                                                                                                                                                      

 iteration  1:
 integral =  4.562362E+00,  sigma = 9.450E-02
 efficacy = 8.125E-05,  raw efficacy = 6.568E-08
 f_positive = 1.611E-1,  f_zero = 8.388E-1,  f_negative = 1.154E-4
 accumulated statistics:
 integral =  4.562362E+00,  sigma = 9.450E-02,  chi^2/iteration = 0.000E+00

 MONACO:  grid written to file GRID/grid2_1_5.vout.1
  
  result for virtual contribution, no.            2
  sigma =    4.5623622959731041       +-    9.4495990065381091E-002  fb  
  
 total result for virtual contns so far 
  sigma =    8.8475798842791384       +-    9.6470657854648242E-002  fb
  

 MONACO input parameters:
 ndim = 10,  ncall =      32M,   rtype = 0
 nprn =  0,  acc = -1.0E+0,  alph =  8.75E-1,  nd = 48,  mds =  0

 MONACO:  grid read from file GRID/grid2_1_5.out.6                                                                                                                                                                                                                                      

 iteration  1:
 integral =  1.934190E-01,  sigma = 3.590E-03
 efficacy = 4.846E-06,  raw efficacy = 2.832E-09
 f_positive = 7.999E-2,  f_zero = 8.389E-1,  f_negative = 8.110E-2
 accumulated statistics:
 integral =  1.934190E-01,  sigma = 3.590E-03,  chi^2/iteration = 0.000E+00

 MONACO:  grid written to file GRID/grid2_1_5.vout.1
  
  result for virtual contribution, no.            3
  sigma =   0.19341904128769316       +-    3.5895297105271273E-003  fb  
  
 total result for virtual contns so far 
  sigma =    9.0409989255668322       +-    9.6537415287811401E-002  fb
  
  
 Subprocess           6
  

 MONACO input parameters:
 ndim = 10,  ncall =      64M,   rtype = 0
 nprn =  0,  acc = -1.0E+0,  alph =  8.75E-1,  nd = 48,  mds =  0

 MONACO:  grid read from file GRID/grid2_1_6.out.6                                                                                                                                                                                                                                      

 iteration  1:
 integral =  2.236467E+00,  sigma = 1.055E-02
 efficacy = 8.040E-06,  raw efficacy = 8.974E-09
 f_positive = 1.495E-1,  f_zero = 8.505E-1,  f_negative = 9.894E-6
 accumulated statistics:
 integral =  2.236467E+00,  sigma = 1.055E-02,  chi^2/iteration = 7.276E-12

 MONACO:  grid written to file GRID/grid2_1_6.vout.1
  
  result for virtual contribution, no.            1
  sigma =    2.2364666419099888       +-    1.0552712797657638E-002  fb  
  
 total result for virtual contns so far 
  sigma =    2.2364666419099888       +-    1.0552712797657638E-002  fb
  

 MONACO input parameters:
 ndim = 10,  ncall =       2M,   rtype = 0
 nprn =  0,  acc = -1.0E+0,  alph =  8.75E-1,  nd = 48,  mds =  0

 MONACO:  grid read from file GRID/grid2_1_6.out.6                                                                                                                                                                                                                                      

 iteration  1:
 integral =  2.010668E+00,  sigma = 4.908E-02
 efficacy = 6.364E-05,  raw efficacy = 3.718E-08
 f_positive = 1.478E-1,  f_zero = 8.503E-1,  f_negative = 1.852E-3
 accumulated statistics:
 integral =  2.010668E+00,  sigma = 4.908E-02,  chi^2/iteration = 0.000E+00

 MONACO:  grid written to file GRID/grid2_1_6.vout.1
  
  result for virtual contribution, no.            2
  sigma =    2.0106680841587830       +-    4.9080955716482244E-002  fb  
  
 total result for virtual contns so far 
  sigma =    4.2471347260687722       +-    5.0202589190530188E-002  fb
  

 MONACO input parameters:
 ndim = 10,  ncall =      32M,   rtype = 0
 nprn =  0,  acc = -1.0E+0,  alph =  8.75E-1,  nd = 48,  mds =  0

 MONACO:  grid read from file GRID/grid2_1_6.out.6                                                                                                                                                                                                                                      

 iteration  1:
 integral =  7.946639E-02,  sigma = 7.003E-03
 efficacy = 3.896E-07,  raw efficacy = 3.333E-09
 f_positive = 8.131E-2,  f_zero = 8.504E-1,  f_negative = 6.827E-2
 accumulated statistics:
 integral =  7.946639E-02,  sigma = 7.003E-03,  chi^2/iteration = 0.000E+00

 MONACO:  grid written to file GRID/grid2_1_6.vout.1
  
  result for virtual contribution, no.            3
  sigma =    7.9466389777626725E-002  +-    7.0030120520332435E-003  fb  
  
 total result for virtual contns so far 
  sigma =    4.3266011158463993       +-    5.0688678610061051E-002  fb
  
  
 Subprocess           7
  

 MONACO input parameters:
 ndim = 10,  ncall =       8M,   rtype = 0
 nprn =  0,  acc = -1.0E+0,  alph =  8.75E-1,  nd = 48,  mds =  0

 MONACO:  grid read from file GRID/grid2_1_7.out.6                                                                                                                                                                                                                                      

 iteration  1:
 integral =  1.611919E-01,  sigma = 3.843E-03
 efficacy = 1.302E-05,  raw efficacy = 7.601E-09
 f_positive = 2.106E-1,  f_zero = 7.891E-1,  f_negative = 3.543E-4
 accumulated statistics:
 integral =  1.611919E-01,  sigma = 3.843E-03,  chi^2/iteration = 0.000E+00

 MONACO:  grid written to file GRID/grid2_1_7.vout.1
  
  result for virtual contribution, no.            1
  sigma =   0.16119193939397491       +-    3.8425491432524050E-003  fb  
  
 total result for virtual contns so far 
  sigma =   0.16119193939397491       +-    3.8425491432524050E-003  fb
  

 MONACO input parameters:
 ndim = 10,  ncall =     256k,   rtype = 0
 nprn =  0,  acc = -1.0E+0,  alph =  8.75E-1,  nd = 48,  mds =  0

 MONACO:  grid read from file GRID/grid2_1_7.out.6                                                                                                                                                                                                                                      

 iteration  1:
 integral =  1.862249E-01,  sigma = 2.300E-02
 efficacy = 5.517E-05,  raw efficacy = 7.069E-08
 f_positive = 2.101E-1,  f_zero = 7.895E-1,  f_negative = 4.730E-4
 accumulated statistics:
 integral =  1.862249E-01,  sigma = 2.300E-02,  chi^2/iteration = 1.421E-14

 MONACO:  grid written to file GRID/grid2_1_7.vout.1
  
  result for virtual contribution, no.            2
  sigma =   0.18622491635657865       +-    2.2997602255201699E-002  fb  
  
 total result for virtual contns so far 
  sigma =   0.34741685575055359       +-    2.3316408244126452E-002  fb
  

 MONACO input parameters:
 ndim = 10,  ncall =       4M,   rtype = 0
 nprn =  0,  acc = -1.0E+0,  alph =  8.75E-1,  nd = 48,  mds =  0

 MONACO:  grid read from file GRID/grid2_1_7.out.6                                                                                                                                                                                                                                      

 iteration  1:
 integral =  1.557074E-02,  sigma = 9.644E-04
 efficacy = 6.893E-06,  raw efficacy = 4.996E-09
 f_positive = 1.072E-1,  f_zero = 7.889E-1,  f_negative = 1.039E-1
 accumulated statistics:
 integral =  1.557074E-02,  sigma = 9.644E-04,  chi^2/iteration = 0.000E+00

 MONACO:  grid written to file GRID/grid2_1_7.vout.1
  
  result for virtual contribution, no.            3
  sigma =    1.5570742475095411E-002  +-    9.6441664714748984E-004  fb  
  
 total result for virtual contns so far 
  sigma =   0.36298759822564902       +-    2.3336344891093447E-002  fb
  
  total result for virtual PS            1
  sigma =    46.574083446719477       +-   0.27574341643074401       fb
  
   
 Summary for FF ..
   
 
total number of errors and warnings
===================================
vbffferr: no errors
the warning system has been disabled
 

 MONACO input parameters:
 ndim = 13,  ncall =       2M,   rtype = 0
 nprn =  0,  acc = -1.0E+0,  alph =  8.75E-1,  nd = 48,  mds =  0

 MONACO:  continuing with uniform grid
 QCD AA jjj amplitude square information:
 external b quarks are included
 alpha parameter of dipoles:    1.0000000000000000     
 -----------------------------------------------

 iteration  1:
 integral =  4.878782E+00,  sigma = 6.645E+00
 efficacy = 5.378E-07,  raw efficacy = 5.378E-07
 f_positive = 1.941E-2,  f_zero = 9.285E-1,  f_negative = 5.205E-2
 accumulated statistics:
 integral =  4.878782E+00,  sigma = 6.645E+00,  chi^2/iteration = 0.000E+00

 MONACO:  grid written to file grid3_1.out.1

 MONACO input parameters:
 ndim = 13,  ncall =       4M,   rtype = 0
 nprn =  0,  acc = -1.0E+0,  alph =  8.75E-1,  nd = 48,  mds =  0

 iteration  2:
 integral = -6.303663E+00,  sigma = 3.468E+00
 efficacy = 7.657E-07,  raw efficacy = 5.328E-08
 f_positive = 4.316E-2,  f_zero = 8.474E-1,  f_negative = 1.095E-1
 accumulated statistics:
 integral = -3.909203E+00,  sigma = 3.075E+00,  chi^2/iteration = 2.226E+06

 MONACO:  grid written to file grid3_1.out.2

 MONACO input parameters:
 ndim = 13,  ncall =       8M,   rtype = 0
 nprn =  0,  acc = -1.0E+0,  alph =  8.75E-1,  nd = 48,  mds =  0

 iteration  3:
 integral = -1.466214E+01,  sigma = 6.796E+00
 efficacy = 3.387E-07,  raw efficacy = 2.062E-08
 f_positive = 5.283E-2,  f_zero = 8.039E-1,  f_negative = 1.432E-1
 accumulated statistics:
 integral = -5.736479E+00,  sigma = 2.801E+00,  chi^2/iteration = 4.304E+00

 MONACO:  grid written to file grid3_1.out.3

 MONACO input parameters:
 ndim = 13,  ncall =      16M,   rtype = 0
 nprn =  0,  acc = -1.0E+0,  alph =  8.75E-1,  nd = 48,  mds =  0

 iteration  4:
 integral = -1.020628E+01,  sigma = 2.115E+00
 efficacy = 4.831E-07,  raw efficacy = 4.795E-09
 f_positive = 5.410E-2,  f_zero = 7.977E-1,  f_negative = 1.482E-1
 accumulated statistics:
 integral = -8.583616E+00,  sigma = 1.688E+00,  chi^2/iteration = 2.963E+00

 MONACO:  grid written to file grid3_1.out.4

 MONACO input parameters:
 ndim = 13,  ncall =      32M,   rtype = 0
 nprn =  0,  acc = -1.0E+0,  alph =  8.75E-1,  nd = 48,  mds =  0

 iteration  5:
 integral = -6.838842E+00,  sigma = 1.364E+00
 efficacy = 2.512E-07,  raw efficacy = 2.224E-09
 f_positive = 4.832E-2,  f_zero = 8.191E-1,  f_negative = 1.326E-1
 accumulated statistics:
 integral = -7.528313E+00,  sigma = 1.061E+00,  chi^2/iteration = 2.191E+00

 MONACO:  grid written to file grid3_1.out.5

 MONACO input parameters:
 ndim = 13,  ncall =      64M,   rtype = 0
 nprn =  0,  acc = -1.0E+0,  alph =  8.75E-1,  nd = 48,  mds =  0

 iteration  6:
 integral = -6.185658E+00,  sigma = 6.588E-01
 efficacy = 3.476E-07,  raw efficacy = 4.382E-10
 f_positive = 4.424E-2,  f_zero = 8.355E-1,  f_negative = 1.203E-1
 accumulated statistics:
 integral = -6.559266E+00,  sigma = 5.597E-01,  chi^2/iteration = 1.932E+00

 MONACO:  grid written to file grid3_1.out.6
 
  result for real emissions 
  sigma =   -6.5592663185489917       +-   0.55968976557663519       fb
  
 
total number of errors and warnings
===================================
fferr: no errors
 
  
  final result at NLO 
  sigma =    40.014817128170485       +-   0.62392873422861972       fb   1.5592442475249326      %

  penbox/ fermionloops instabilites 
      total calls                      0
      instabilities dble               0   0.0000000000000000      %
      instabilities quad               0   0.0000000000000000      %
  Box instabilites 
      total calls                3070275
      instabilities dble               7   2.2799260652547410E-004 %
      instabilities quad               7   2.2799260652547410E-004 %
  Pentagon instabilites 
      total calls                3070275
      instabilities dble             894   2.9117912890539121E-002 %
      instabilities quad               2   6.5140744721564029E-005 %
  Hexagon instabilites 
      total calls                3070275
      instabilities dble           33801   1.1009111561667928      %
      instabilities quad             729   2.3743801451010089E-002 %
 

 ========================================
    results of individual contributions
 ========================================

 virtual contributions
 gnlo           1   22.307060250528910       +-    4.1137855632043682E-002
 gnlo           2   16.815914433157921       +-   0.27118532902775611     
 gnlo           3   7.4511087630326500       +-    2.8295332813089078E-002

 total virtual contributions for different phase spaces
 subproc           1   46.574083446719477       +-   0.27574341643074401     

 total virtual contributions for different subprocesses
 subproc           1   20.415251608637071       +-   0.12803957683774148     
 subproc           2   3.0923268243644215       +-   0.20987850745617151     
 subproc           3   3.1943391703372299       +-    1.8946003996070136E-002
 subproc           4   6.1415782037418793       +-    5.2905196588803688E-002
 subproc           5   9.0409989255668322       +-    9.6537415287811401E-002
 subproc           6   4.3266011158463993       +-    5.0688678610061051E-002
 subproc           7  0.36298759822564902       +-    2.3336344891093447E-002

 RE subprocesses
 PS            1
 subproc           1  -6.5592663185489917       +-   0.55968976557663519     
  
  
  
 !!!!!!!!!!!!!!!!!!!!!!!!!!!!!!!!!!!!!!!!!!!!!!!!!!!!!!!!!!!!!!!!!!!!!!!!!!!!!!!!!!!!!!!!!!!!!!!!!!!!!!!!
   
  PROCESS:         3240   :   p p -->  A A jj (QCD induced)
   
  TOTAL result (LO):       26.29692996818910  +-    0.02859185411627 fb    0.10872696604073 %
  NLO virtual result:      46.57408344671948  +-    0.27574341643074 fb    0.59205333959216 %
  QCD real emission:       -6.55926631854899  +-    0.55968976557664 fb   -8.53281050647212 %
  TOTAL result (NLO):      40.01481712817048  +-    0.62392873422862 fb    1.55924424752493 %
  Approx. error due to instable points:    3.7396505052077235E-003  %
  K-Factor:                  1.5216535609508657     
 !!!!!!!!!!!!!!!!!!!!!!!!!!!!!!!!!!!!!!!!!!!!!!!!!!!!!!!!!!!!!!!!!!!!!!!!!!!!!!!!!!!!!!!!!!!!!!!!!!!!!!!!
  
  
  Endtime: 2022-02-10T10:54:47+0100
  Runtime: 24:19:18 (87558 seconds)
