event>     initevent>         0/1000000; xs = 98.5403 pb +- 98.5403 pb
event>         1/1000000; xs = 1.41488e-06 pb +- 1.41488e-06 pb
event>         2/1000000; xs = 9.43247e-07 pb +- 9.43253e-07 pb
event>         5/1000000; xs = 8.67402e-08 pb +- 5.68381e-07 pb
event>        10/1000000; xs = 0.0141219 pb +- 0.0140494 pb
event>        20/1000000; xs = 0.00523293 pb +- 0.00513971 pb
event>        50/1000000; xs = 0.00226124 pb +- 0.00197094 pb
event>       100/1000000; xs = 0.00128606 pb +- 0.00106043 pb
event>       200/1000000; xs = 0.000926112 pb +- 0.000561193 pb
event>       500/1000000; xs = 0.000744449 pb +- 0.00030123 pb
event>      1000/1000000; xs = 0.000626238 pb +- 0.000162879 pb
event>      2000/1000000; xs = 0.000587483 pb +- 9.01281e-05 pb
event>      5000/1000000; xs = 0.000637357 pb +- 6.04212e-05 pb
event>     10000/1000000; xs = 0.000686405 pb +- 4.46539e-05 pb
event>     20000/1000000; xs = 0.000611681 pb +- 3.75442e-05 pb
event>     30000/1000000; xs = 0.000659969 pb +- 3.37537e-05 pb
event>     40000/1000000; xs = 0.000706146 pb +- 3.86112e-05 pb
event>     50000/1000000; xs = 0.000705288 pb +- 3.21776e-05 pb
event>     60000/1000000; xs = 0.00067536 pb +- 3.10114e-05 pb
event>     70000/1000000; xs = 0.000676493 pb +- 2.76883e-05 pb
event>     80000/1000000; xs = 0.000595775 pb +- 9.30148e-05 pb
event>     90000/1000000; xs = 0.000695967 pb +- 0.000109624 pb
event>    100000/1000000; xs = 0.000701774 pb +- 9.8995e-05 pb
event>    110000/1000000; xs = 0.000696425 pb +- 9.01674e-05 pb
event>    120000/1000000; xs = 0.000696615 pb +- 8.30061e-05 pb
event>    130000/1000000; xs = 0.000702232 pb +- 7.73159e-05 pb
event>    140000/1000000; xs = 0.000717535 pb +- 7.2587e-05 pb
event>    150000/1000000; xs = 0.000715941 pb +- 6.78438e-05 pb
event>    160000/1000000; xs = 0.000714094 pb +- 6.38684e-05 pb
event>    170000/1000000; xs = 0.000714889 pb +- 6.02778e-05 pb
event>    180000/1000000; xs = 0.000707855 pb +- 5.69625e-05 pb
event>    190000/1000000; xs = 0.000705627 pb +- 5.40551e-05 pb
event>    200000/1000000; xs = 0.000711 pb +- 5.22616e-05 pb
event>    210000/1000000; xs = 0.000712022 pb +- 4.98586e-05 pb
event>    220000/1000000; xs = 0.000717206 pb +- 4.78698e-05 pb
event>    230000/1000000; xs = 0.000717435 pb +- 4.58819e-05 pb
event>    240000/1000000; xs = 0.000714677 pb +- 4.41225e-05 pb
event>    250000/1000000; xs = 0.000713031 pb +- 4.24493e-05 pb
event>    260000/1000000; xs = 0.000712426 pb +- 4.09508e-05 pb
event>    270000/1000000; xs = 0.000706391 pb +- 3.96299e-05 pb
event>    280000/1000000; xs = 0.000704846 pb +- 3.82592e-05 pb
event>    290000/1000000; xs = 0.000703851 pb +- 3.69911e-05 pb
event>    300000/1000000; xs = 0.000707842 pb +- 3.59155e-05 pb
event>    310000/1000000; xs = 0.0007093 pb +- 3.48442e-05 pb
event>    320000/1000000; xs = 0.000708998 pb +- 3.38055e-05 pb
event>    330000/1000000; xs = 0.000708182 pb +- 3.28273e-05 pb
event>    340000/1000000; xs = 0.000708824 pb +- 3.19401e-05 pb
event>    350000/1000000; xs = 0.000710766 pb +- 3.1082e-05 pb
event>    360000/1000000; xs = 0.000710125 pb +- 3.02643e-05 pb
event>    370000/1000000; xs = 0.00071035 pb +- 2.94923e-05 pb
event>    380000/1000000; xs = 0.000710032 pb +- 2.87899e-05 pb
event>    390000/1000000; xs = 0.000710867 pb +- 2.81367e-05 pb
event>    400000/1000000; xs = 0.000713275 pb +- 2.7536e-05 pb
event>    410000/1000000; xs = 0.000711697 pb +- 2.68915e-05 pb
event>    420000/1000000; xs = 0.000713125 pb +- 2.6288e-05 pb
event>    430000/1000000; xs = 0.000712163 pb +- 2.56924e-05 pb
event>    440000/1000000; xs = 0.000709068 pb +- 2.51222e-05 pb
event>    450000/1000000; xs = 0.000709598 pb +- 2.46054e-05 pb
event>    460000/1000000; xs = 0.000709107 pb +- 2.40872e-05 pb
event>    470000/1000000; xs = 0.00070716 pb +- 2.35889e-05 pb
event>    480000/1000000; xs = 0.000707208 pb +- 2.31297e-05 pb
event>    490000/1000000; xs = 0.000706242 pb +- 2.26808e-05 pb
event>    500000/1000000; xs = 0.000707164 pb +- 2.22796e-05 pb
event>    510000/1000000; xs = 0.000709431 pb +- 2.19827e-05 pb
event>    520000/1000000; xs = 0.00070731 pb +- 2.16218e-05 pb
event>    530000/1000000; xs = 0.00070647 pb +- 2.12325e-05 pb
event>    540000/1000000; xs = 0.000710849 pb +- 2.11964e-05 pb
event>    550000/1000000; xs = 0.000712429 pb +- 2.08503e-05 pb
event>    560000/1000000; xs = 0.000750761 pb +- 4.28548e-05 pb
event>    570000/1000000; xs = 0.000749607 pb +- 4.21108e-05 pb
event>    580000/1000000; xs = 0.000750724 pb +- 4.14209e-05 pb
event>    590000/1000000; xs = 0.000749551 pb +- 4.07256e-05 pb
event>    600000/1000000; xs = 0.000748506 pb +- 4.00627e-05 pb
event>    610000/1000000; xs = 0.000746927 pb +- 3.94162e-05 pb
event>    620000/1000000; xs = 0.000745969 pb +- 3.87869e-05 pb
event>    630000/1000000; xs = 0.000743778 pb +- 3.81718e-05 pb
event>    640000/1000000; xs = 0.000750883 pb +- 3.82389e-05 pb
event>    650000/1000000; xs = 0.000749368 pb +- 3.76542e-05 pb
event>    660000/1000000; xs = 0.000749766 pb +- 3.71097e-05 pb
event>    670000/1000000; xs = 0.000749523 pb +- 3.65666e-05 pb
event>    680000/1000000; xs = 0.000748249 pb +- 3.60358e-05 pb
event>    690000/1000000; xs = 0.000748203 pb +- 3.55247e-05 pb
event>    700000/1000000; xs = 0.000748206 pb +- 3.50272e-05 pb
event>    710000/1000000; xs = 0.000747596 pb +- 3.4547e-05 pb
event>    720000/1000000; xs = 0.000745319 pb +- 3.4072e-05 pb
event>    730000/1000000; xs = 0.000744125 pb +- 3.36051e-05 pb
event>    740000/1000000; xs = 0.000743755 pb +- 3.32018e-05 pb
event>    750000/1000000; xs = 0.000745827 pb +- 3.28841e-05 pb
event>    760000/1000000; xs = 0.000745972 pb +- 3.24991e-05 pb
event>    770000/1000000; xs = 0.000746263 pb +- 3.20895e-05 pb
event>    780000/1000000; xs = 0.000744516 pb +- 3.16877e-05 pb
event>    790000/1000000; xs = 0.000744894 pb +- 3.12947e-05 pb
event>    800000/1000000; xs = 0.000744165 pb +- 3.09109e-05 pb
event>    810000/1000000; xs = 0.000741092 pb +- 3.05588e-05 pb
event>    820000/1000000; xs = 0.000739039 pb +- 3.02536e-05 pb
event>    830000/1000000; xs = 0.000738385 pb +- 2.98941e-05 pb
event>    840000/1000000; xs = 0.000737043 pb +- 2.95413e-05 pb
event>    850000/1000000; xs = 0.000736323 pb +- 2.92051e-05 pb
event>    860000/1000000; xs = 0.000736134 pb +- 2.88716e-05 pb
event>    870000/1000000; xs = 0.00073577 pb +- 2.85449e-05 pb
event>    880000/1000000; xs = 0.000735156 pb +- 2.82311e-05 pb
event>    890000/1000000; xs = 0.000734596 pb +- 2.79177e-05 pb
event>    900000/1000000; xs = 0.000736756 pb +- 2.76494e-05 pb
event>    910000/1000000; xs = 0.000736624 pb +- 2.73541e-05 pb
event>    920000/1000000; xs = 0.000735687 pb +- 2.70623e-05 pb
event>    930000/1000000; xs = 0.000738844 pb +- 2.68257e-05 pb
event>    940000/1000000; xs = 0.000737605 pb +- 2.65455e-05 pb
event>    950000/1000000; xs = 0.000741255 pb +- 2.646e-05 pb
event>    960000/1000000; xs = 0.000740721 pb +- 2.61899e-05 pb
event>    970000/1000000; xs = 0.000741164 pb +- 2.59352e-05 pb
event>    980000/1000000; xs = 0.000741099 pb +- 2.56751e-05 pb
event>    990000/1000000; xs = 0.000741186 pb +- 2.5441e-05 pb
event>    995000/1000000; xs = 0.000741253 pb +- 2.53179e-05 pb
event>    998000/1000000; xs = 0.000743094 pb +- 2.53225e-05 pb
event>    999000/1000000; xs = 0.000742957 pb +- 2.52973e-05 pb
event>    999500/1000000; xs = 0.000742968 pb +- 2.52852e-05 pb
event>    999800/1000000; xs = 0.000742892 pb +- 2.52776e-05 pb
event>    999900/1000000; xs = 0.000742864 pb +- 2.52752e-05 pb
event>    999950/1000000; xs = 0.000742847 pb +- 2.52738e-05 pb
event>    999980/1000000; xs = 0.000742794 pb +- 2.52732e-05 pb
event>    999990/1000000; xs = 0.000742792 pb +- 2.52729e-05 pb
event>    999995/1000000; xs = 0.000742792 pb +- 2.52728e-05 pb
event>    999998/1000000; xs = 0.000742796 pb +- 2.52728e-05 pb
event>    999999/1000000; xs = 0.000742799 pb +- 2.52728e-05 pb
event>   1000000/1000000; xs = 0.000742801 pb +- 2.52727e-05 pb

