   
 Initialising LoopTools ..
   
 ====================================================
   FF 2.0, a package to evaluate one-loop integrals
 written by G. J. van Oldenborgh, NIKHEF-H, Amsterdam
 ====================================================
 for the algorithms used see preprint NIKHEF-H 89/17,
 'New Algorithms for One-loop Integrals', by G.J. van
 Oldenborgh and J.A.M. Vermaseren, published in 
 Zeitschrift fuer Physik C46(1990)425.
 ====================================================
 
 TIME=        2012           7          18         120          11          46          35         252
  
        Information on global parameters
 -----------------------------------------------
   PROCESS               =   100
   LOPROCESS_PLUS_JET    =     F
   KK_MOD                =     F
   LO_ITERATIONS         =     6
   NLO_ITERATIONS        =     6
   LO_POINTS             =    22
   NLO_POINTS            =    22
   NLO_SWITCH            =     T
   EWCOR_SWITCH          =     F
 Warning: cannot read value for key = FERMIONLOOP. Using default value :            3
   LHA_SWITCH            =     F
   HEPMC_SWITCH          =     F
   UNWEIGHTING_SWITCH    =     T
   PRENEVUNW             =  1000
   TAUMASS               =     F
   LO_GRID               = grid2_1                                           
   NLO_GRID              = grid3_1                                           
   PHTN_GRID             = grid4_1                                           
 Warning: cannot read value for key = FLOOP_GRID. Using default values : grid5                                             
   ECM                   =  14000.    
   BEAM1                 =     1
   BEAM2                 =     1
   ID_MUF                =     1
   ID_MUR                =     1
   MUF_USER              =  100.00    
   MUR_USER              =  100.00    
   XIF                   =  1.0000    
   XIR                   =  1.0000    
 
       information on the selected process 
 -----------------------------------------------
                                                                                                     
  pp -> H jj                                                                                         
                                                                                                     
 Higgs + 2 jets production in vector boson fusion, without Higgs decay.                              
 Process is implemented at LO and NLO QCD.                                                           
 NLO electroweak corrections in the SM and MSSM are also implemented.                                
 The Q**2 of the produced Higgs is generated in the narrow width approximation.                      
 Anomalous coupling parameters can be set in "anom_HVV.dat".                                         
 References: T. Figy, C. Oleari, D. Zeppenfeld                                                       
 Phys. Rev. D68 (2003) 073005, e-Print: hep-ph/0306109                                               
 T. Figy, S. Palmer, G. Weiglein                                                                     
 JHEP 1202 (2012) 105, e-Print: arXiv:1012.4789 [hep-ph]                                             
                                                                                                     
 Initializing PDF set CT10
  
               Physics parameters
 -----------------------------------------------
   MODEL                 =     1
   HTYPE                 =     0
   HMASS                 =  120.00    
 Warning: cannot read value for key = HWIDTH. Using default value :   -999.00000000000000     
   TOPMASS               =  172.40    
   BOTTOMMASS            =  4.8550    
   CHARMMASS             =  1.6500    
 Warning: cannot read value for key = TAU_MASS. Using default value :    1.7768400000000000     
   EWSCHEME              =     3
   FERMI_CONST           = 0.11664E-04
   WMASS                 =  80.398    
   ZMASS                 =  91.188    
   ANOM_CPL              =     F
   KK_MOD                =     F
 Warning: cannot read value for key = SPIN2. Using default value :  F
   
 Running in the SM
   
 Higgs mass =   120.00000000000000     
   
  
 Information on scale setting in InitScales 
 -------------------------------------------
  
 Dynamical factorization scale chosen:
         momentum transfer of W/Z  
 Dynamical value for alphas chosen:
 alphas = alpha(momentum transfer of W/Z)
 Initializing PDF set cteq6l1
  
  
  
  
   Information on couplings, masses and widths
 ===============================================
  
   SM coupling parameters 
 ---------------------------
   G_Fermi                         : 0.000011663700
   SIN**2 of the weak mixing angle : 0.22264585
   Q.E.D. fine structure constant  : 1/132.34070    
   Q.C.D. LO alfas(MZ)             : 0.12980813
   Q.C.D. NLO alfas(MZ)            : 0.11798159
  
      particle masses
 ---------------------------
   mass of the Z0 boson            :   91.1876
   mass of the W+/- boson          :   80.3980
   mass of the Higgs boson         :  120.0000
   mass of the top quark           :  172.4000
   mass of the bottom quark at MH  :    2.8132
  (All other fermions have mass equal ZERO)
  
      particle widths
 ---------------------------
   total widths of Z0              :   2.508420 GeV
   total widths of W+ or W-        :   2.097673 GeV
   total widths of Higgs           :   0.003450 GeV
   total widths of top quark       :   1.339784 GeV
  
     branching ratios
 ---------------------------
   W -> lepton anti-lepton         : 10.8397227 %
   W -> massless quark anti-quark  : 33.7404159 %
   W -> top bottom                 :  0.0000000 %
  
   Z -> neutrino anti-neutrino     :  6.6129820 %
   Z -> charged lepton anti-lepton :  3.3460763 %
   Z -> up-type quark anti-quark   : 11.9908090 %
   Z -> down-type quark anti-quark : 15.3804024 %
   Z -> top anti-top               :  0.0000000 %
  
   H -> WW                         : 13.9250464 %
   H -> ZZ                         :  1.7598927 %
   H -> bottom anti-bottom         : 68.0352944 %
   H -> top anti-top               :  0.0000000 %
   H -> charm anti-charm           :  4.0419026 %
   H -> tau anti-tau               :  7.1985196 %
   H -> mu anti-mu                 :  0.0254873 %
   H -> gluon gluon                :  4.6484304 %
   H -> gamma gamma                :  0.2409647 %
   H -> Z gamma                    :  0.1244619 %
  
 Warning: cannot read value for key = MLG_MIN. Using default value :    0.0000000000000000     
 Warning: cannot read value for key = MLG_MAX. Using default value :    14000.000000000000     
 
          information on cut parameters
 -----------------------------------------------
 
 minimum jet pt        (PT_JET_MIN):     20.00    20.00    20.00    20.00   
 maximum jet rapidity                 (Y_JET_MAX):    4.5000000000000000     
 maximum parton pseudorapidity          (Y_P_MAX):    5.0000000000000000     
 minimum jet-jet R-separation           (RJJ_MIN):   0.80000000000000004     
 minimum number of jets                (NJET_MIN):            2
 exponent of generalised kT algorithm (PGENKTJET):    1.0000000000000000     
 minimum lepton-lepton R-separation     (RLL_MIN):    0.0000000000000000     
 maximum lepton-lepton R-separation     (RLL_MAX):    50.000000000000000     
 minimum jet-lepton R-separation        (RJL_MIN):    0.0000000000000000     
 minimum jet-photon R-separation        (RJG_MIN):    0.0000000000000000     
 minimum lepton-photon R-separation     (RLG_MIN):    0.0000000000000000     
 minimum photon-photon R-separation     (RGG_MIN):    0.0000000000000000     
 maximum photon-photon R-separation     (RGG_MAX):    50.000000000000000     
 maximum lepton rapidity                (Y_L_MAX):    2.5000000000000000     
 minimum lepton pt                     (PT_L_MIN):    10.000000000000000     
 minimum invariant dilepton mass        (MLL_MIN):    15.000000000000000     
 maximum invariant dilepton mass        (MLL_MAX):    14000.000000000000     
 maximum photon rapidity                (Y_G_MAX):    1.5000000000000000     
 minimum photon pt                     (PT_G_MIN):    20.000000000000000     
 photon isolation cut                 (PHISOLCUT):   0.69999999999999996     
 efficiency of photon isolation cut   (EFISOLCUT):    1.0000000000000000     
 minimum invariant lepton-photon mass   (MLG_MIN):    0.0000000000000000     
 maximum invariant lepton-photon mass   (MLG_MAX):    14000.000000000000     
 minimum jet rapidity separation      (ETAJJ_MIN):    4.0000000000000000     
 tagging jets in opposite hemispheres     (YSIGN):    T
 leptons fall inside rapidity gap     (LRAPIDGAP):    T
 min leptons y-dist from tagging jets   (DELY_JL):    0.0000000000000000     
 photons fall inside rapidity gap     (GRAPIDGAP):    T
 min photons y-dist from tagging jets   (DELY_JG):    0.0000000000000000     
 dijet min mass cut on tag jets        (MDIJ_MIN):    600.00000000000000     
 dijet max mass cut on tag jets        (MDIJ_MAX):    14000.000000000000     
 veto criteria for jets                   (JVETO):    F
 minimun veto-tag y-dist             (DELY_JVETO):    0.0000000000000000     
 maximum |y| for veto jet             (YMAX_VETO):    5.0000000000000000     
 minimum pT for veto jet             (PTMIN_VETO):    10.000000000000000     
 

        phase space generator information  
 -----------------------------------------------

 boson  6 has mass 120.00 GeV and width  0.0034 GeV
 integration range for boson  6 =    119.483  to      120.517 GeV

 pTjmin =   20.0    20.0    20.0    20.0
 Ejmin  =    0.0     0.0     0.0     0.0
 yjmin  =    0.0     0.0     0.0     0.0
 yjmax  =    4.5     4.5     4.5     4.5
 infoj  =     -1      -1      -1      -1
 machine energy =    14000.0  GeV
 Minimal mom.transfer or mass for parton pair:   100.00 MeV

 -----------------------------------------------

  Random number generator initialized with seed =            4
 
          information on histogram config
 -----------------------------------------------
 
 SMEARING           =      T
 SMEAR_VALUE        =       0.20000000000000001     
 CALC_ERROR_GNUPLOT =      F
 CALC_ERROR_1D      =      T
 CALC_ERROR_2D      =      F
 
HIST_ID1      =      0.00    250.00  # dS/dpT_j (fb/GeV)
HIST_ID2      =      0.00    500.00  # dS/dpTmax_j (fb/GeV)
HIST_ID3      =      0.00    200.00  # dS/dpTmin_j (fb/GeV)
HIST_ID4      =     -5.00      5.00  # dS/deta_j (fb)
HIST_ID5      =     -5.00      5.00  # dS/deta_j1 (fb)
HIST_ID6      =     -5.00      5.00  # dS/deta_j2 (fb)
HIST_ID7      =      0.00    500.00  # dS/dpTmax_l (fb/GeV)
HIST_ID8      =      0.00    200.00  # dS/dpTmin_l (fb/GeV)
HIST_ID9      =      0.00      5.00  # dS/d|eta|max_l (fb)
HIST_ID10     =      0.00      5.00  # dS/d|eta|min_l (fb)
HIST_ID11     =   -180.00    180.00  # dS/dPhi_jj (fb)
2DHIST_ID1    =      0.00      6.00      0.00    800.00  # d2S/deta_jj dm_jj (fb/GeV)
 
 -----------------------------------------------
 
 
 
 Warning: cannot read value for key = XSECFILE. Using default value : xsection

 MONACO input parameters:
 ndim =  9,  ncall =     128k,   rtype = 0
 nprn =  0,  acc = -1.0E+0,  alph = 8.75E-1,  nd = 48,  mds =  0

 MONACO:  continuing with uniform grid
  
 Hjj amplitude square information:
 -----------------------------------------------
  
  External b-quark contributions are excluded

 iteration  1:
 integral =  1.072462E+03,  sigma = 6.905E+01
 efficacy = 3.784E-04,  raw efficacy = 3.784E-04
 f_positive = 3.865E-2,  f_zero = 9.613E-1,  f_negative = 0.000E+0
 accumulated statistics:
 integral =  1.072462E+03,  sigma = 6.905E+01,  chi^2/iteration = 0.000E+00

 MONACO:  grid written to file grid2_1.out.1

 MONACO input parameters:
 ndim =  9,  ncall =     256k,   rtype = 0
 nprn =  0,  acc = -1.0E+0,  alph = 8.75E-1,  nd = 48,  mds =  0

 iteration  2:
 integral =  1.262850E+03,  sigma = 8.351E+00
 efficacy = 1.196E-02,  raw efficacy = 2.601E-04
 f_positive = 2.261E-1,  f_zero = 7.739E-1,  f_negative = 0.000E+0
 accumulated statistics:
 integral =  1.260106E+03,  sigma = 8.291E+00,  chi^2/iteration = 7.492E+06

 MONACO:  grid written to file grid2_1.out.2

 MONACO input parameters:
 ndim =  9,  ncall =     512k,   rtype = 0
 nprn =  0,  acc = -1.0E+0,  alph = 8.75E-1,  nd = 48,  mds =  0

 iteration  3:
 integral =  1.257071E+03,  sigma = 3.038E+00
 efficacy = 9.472E-03,  raw efficacy = 2.440E-04
 f_positive = 3.941E-1,  f_zero = 6.059E-1,  f_negative = 0.000E+0
 accumulated statistics:
 integral =  1.257430E+03,  sigma = 2.852E+00,  chi^2/iteration = 7.610E+00

 MONACO:  grid written to file grid2_1.out.3

 MONACO input parameters:
 ndim =  9,  ncall =       1M,   rtype = 0
 nprn =  0,  acc = -1.0E+0,  alph = 8.75E-1,  nd = 48,  mds =  0

 iteration  4:
 integral =  1.255933E+03,  sigma = 1.694E+00
 efficacy = 2.424E-02,  raw efficacy = 2.409E-04
 f_positive = 4.664E-1,  f_zero = 5.336E-1,  f_negative = 0.000E+0
 accumulated statistics:
 integral =  1.256323E+03,  sigma = 1.456E+00,  chi^2/iteration = 3.907E+00

 MONACO:  grid written to file grid2_1.out.4

 MONACO input parameters:
 ndim =  9,  ncall =       2M,   rtype = 0
 nprn =  0,  acc = -1.0E+0,  alph = 8.75E-1,  nd = 48,  mds =  0

 iteration  5:
 integral =  1.255544E+03,  sigma = 1.103E+00
 efficacy = 2.410E-02,  raw efficacy = 2.414E-04
 f_positive = 5.054E-1,  f_zero = 4.946E-1,  f_negative = 0.000E+0
 accumulated statistics:
 integral =  1.255828E+03,  sigma = 8.792E-01,  chi^2/iteration = 2.665E+00

 MONACO:  grid written to file grid2_1.out.5

 MONACO input parameters:
 ndim =  9,  ncall =       4M,   rtype = 0
 nprn =  0,  acc = -1.0E+0,  alph = 8.75E-1,  nd = 48,  mds =  0
  random number setting in monaco saved 

 iteration  6:
 integral =  1.257425E+03,  sigma = 7.668E-01
 efficacy = 5.569E-03,  raw efficacy = 2.417E-04
 f_positive = 5.279E-1,  f_zero = 4.721E-1,  f_negative = 0.000E+0
 accumulated statistics:
 integral =  1.256735E+03,  sigma = 5.779E-01,  chi^2/iteration = 2.467E+00

 MONACO:  grid written to file grid2_1.out.6
 
  result (LO):    1256.7352913099833       +-   0.57789035331381278       fb    4.59834586734201786E-002 %
 
   
 Initialising FF ..
   
 ====================================================
   FF 2.0, a package to evaluate one-loop integrals
 written by G. J. van Oldenborgh, NIKHEF-H, Amsterdam
 ====================================================
 for the algorithms used see preprint NIKHEF-H 89/17,
 'New Algorithms for One-loop Integrals', by G.J. van
 Oldenborgh and J.A.M. Vermaseren, published in 
 Zeitschrift fuer Physik C46(1990)425.
 ====================================================
  No NLO fermion loop calculation performed.
 Initializing PDF set CT10

 MONACO input parameters:
 ndim =  9,  ncall =       4M,   rtype = 0
 nprn =  0,  acc = -1.0E+0,  alph = 8.75E-1,  nd = 48,  mds =  0

 MONACO:  grid read from file grid2_1.out.6                                                                                       

 iteration  1:
 integral =  1.107559E+03,  sigma = 6.792E-01
 efficacy = 8.535E-03,  raw efficacy = 2.256E-04
 f_positive = 5.403E-1,  f_zero = 4.597E-1,  f_negative = 0.000E+0
 accumulated statistics:
 integral =  1.107559E+03,  sigma = 6.792E-01,  chi^2/iteration = 0.000E+00

 MONACO:  grid written to file grid2_1.vout.1
  
  result for virtual contribution, no.            1
  sigma =    1107.5587676577675       +-   0.67916732503084210       fb  
  
 total result for virtual contns so far 
  sigma =    1107.5587676577675       +-   0.67916732503084210       fb
  
   
 Summary for FF ..
   
 
total number of errors and warnings
===================================
vbffferr: no errors
the warning system has been disabled
 

 MONACO input parameters:
 ndim = 12,  ncall =     128k,   rtype = 0
 nprn =  0,  acc = -1.0E+0,  alph = 8.75E-1,  nd = 48,  mds =  0

 MONACO:  continuing with uniform grid
  
 Hjjj amplitude square information:
 -----------------------------------------------
  
  External b-quark contributions are excluded
  
  creal =   -4.0797362673929065       cvirtual =   -3.7101318663035472     
  virt factor for alphas = 0.12 is   0.81104453988909386     

 iteration  1:
 integral =  2.217189E+02,  sigma = 7.738E+01
 efficacy = 3.052E-05,  raw efficacy = 3.052E-05
 f_positive = 6.229E-2,  f_zero = 8.977E-1,  f_negative = 4.000E-2
 accumulated statistics:
 integral =  2.217189E+02,  sigma = 7.738E+01,  chi^2/iteration = 0.000E+00

 MONACO:  grid written to file grid3_1.out.1

 MONACO input parameters:
 ndim = 12,  ncall =     256k,   rtype = 0
 nprn =  0,  acc = -1.0E+0,  alph = 8.75E-1,  nd = 48,  mds =  0

 iteration  2:
 integral =  2.136179E+02,  sigma = 2.580E+01
 efficacy = 4.924E-05,  raw efficacy = 1.001E-06
 f_positive = 1.288E-1,  f_zero = 8.101E-1,  f_negative = 6.107E-2
 accumulated statistics:
 integral =  2.144283E+02,  sigma = 2.447E+01,  chi^2/iteration = 9.864E+03

 MONACO:  grid written to file grid3_1.out.2

 MONACO input parameters:
 ndim = 12,  ncall =     512k,   rtype = 0
 nprn =  0,  acc = -1.0E+0,  alph = 8.75E-1,  nd = 48,  mds =  0

 iteration  3:
 integral =  2.031019E+02,  sigma = 1.018E+01
 efficacy = 1.111E-04,  raw efficacy = 3.220E-07
 f_positive = 1.961E-1,  f_zero = 7.220E-1,  f_negative = 8.186E-2
 accumulated statistics:
 integral =  2.047740E+02,  sigma = 9.403E+00,  chi^2/iteration = 1.924E-01

 MONACO:  grid written to file grid3_1.out.3

 MONACO input parameters:
 ndim = 12,  ncall =       1M,   rtype = 0
 nprn =  0,  acc = -1.0E+0,  alph = 8.75E-1,  nd = 48,  mds =  0

 iteration  4:
 integral =  2.156152E+02,  sigma = 5.627E+00
 efficacy = 1.012E-04,  raw efficacy = 2.499E-07
 f_positive = 2.388E-1,  f_zero = 6.642E-1,  f_negative = 9.708E-2
 accumulated statistics:
 integral =  2.127563E+02,  sigma = 4.829E+00,  chi^2/iteration = 5.856E-01

 MONACO:  grid written to file grid3_1.out.4

 MONACO input parameters:
 ndim = 12,  ncall =       2M,   rtype = 0
 nprn =  0,  acc = -1.0E+0,  alph = 8.75E-1,  nd = 48,  mds =  0

 iteration  5:
 integral =  2.140259E+02,  sigma = 3.535E+00
 efficacy = 1.420E-04,  raw efficacy = 4.609E-08
 f_positive = 2.525E-1,  f_zero = 6.437E-1,  f_negative = 1.038E-1
 accumulated statistics:
 integral =  2.135830E+02,  sigma = 2.852E+00,  chi^2/iteration = 4.054E-01

 MONACO:  grid written to file grid3_1.out.5

 MONACO input parameters:
 ndim = 12,  ncall =       4M,   rtype = 0
 nprn =  0,  acc = -1.0E+0,  alph = 8.75E-1,  nd = 48,  mds =  0

 iteration  6:
 integral =  2.146400E+02,  sigma = 2.530E+00
 efficacy = 4.720E-05,  raw efficacy = 2.689E-08
 f_positive = 2.626E-1,  f_zero = 6.274E-1,  f_negative = 1.100E-1
 accumulated statistics:
 integral =  2.141746E+02,  sigma = 1.893E+00,  chi^2/iteration = 3.233E-01

 MONACO:  grid written to file grid3_1.out.6
 
  result for real emissions 
  sigma =    214.17457215554066       +-    1.8926022631467392       fb
  
 
total number of errors and warnings
===================================
fferr: no errors
 
  
  final result at NLO 
  sigma =    1321.7333398133082       +-    2.0107738763614642       fb  0.15213158477529826      %
  
  
  
 !!!!!!!!!!!!!!!!!!!!!!!!!!!!!!!!!!!!!!!!!!!!!!!!!!!!!!!!!!!!!!!!!!!!!!!!!!!!!!!!!!!!!!!!!!!!!!!!!!!!!!!!
  TOTAL result (LO):          1256.7352913099833       +-   0.57789035331381278       fb    4.59834586734201786E-002 %
  NLO virtual result:         1107.5587676577675       +-   0.67916732503084210       fb    6.13211095305692053E-002 %
  QCD real emission:          214.17457215554066       +-    1.8926022631467392       fb    0.88367271805369541      %
  TOTAL result (NLO):         1321.7333398133082       +-    2.0107738763614642       fb    0.15213158477529826      %
  K-Factor:                   1.0517197606789357     
 !!!!!!!!!!!!!!!!!!!!!!!!!!!!!!!!!!!!!!!!!!!!!!!!!!!!!!!!!!!!!!!!!!!!!!!!!!!!!!!!!!!!!!!!!!!!!!!!!!!!!!!!
  
  
 
 TIME=        2012           7          18         120          11          55          21         716
