running on itpalbatros17
command to run:
/itp/fast/robin/vbfnlo-installs/mpi-disable/bin/vbfnlo
   
 -----------------------------------------------------------------
 VBFNLO, version 3.0.0 beta2 GIT a9d9ebca
 Comput. Phys. Commun. 180 (2009) 1661[arXiv:0811.4559 [hep-ph]]
 arXiV:1107.4038, arXiV:1207.4975, arXiv:1404.3940
 http://www.itp.kit.edu/vbfnlo
 -----------------------------------------------------------------
 Process-specific references (please cite as well if appropriate):
 T. Figy, C. Oleari, D. Zeppenfeld
 Phys. Rev. D68 (2003) 073005, e-Print: hep-ph/0306109
 T. Figy, S. Palmer, G. Weiglein
 JHEP 1202 (2012) 105, e-Print: arXiv:1012.4789 [hep-ph]
 
 -----------------------------------------------------------------
   
   
  
        Information on global parameters
 -----------------------------------------------
   PROCESS               =      105
   LOPROCESS_PLUS_JET    =        F
   KK_MOD                =        F
   ANOM_CPL              =        F
   LEPTONS               =    12  -11  -12   11
   LO_ITERATIONS         =        6
   NLO_ITERATIONS        =        6
   LO_POINTS             =       26
   NLO_POINTS            =       26
   NLO_SWITCH            =        T
   EWCOR_SWITCH          =        F
   FERMIONLOOP           =        3
   LHA_SWITCH            =        F
   HEPMC_SWITCH          =        F
   LO_GRID               = grid2_1                                           
   NLO_GRID              = grid3_1                                           
   PHTN_GRID             = grid4_1                                           
   FLOOP_GRID            = grid5_1                                           
   ECM                   =  14000.0    
   BEAM1                 =        1
   BEAM2                 =        1
   ID_MUF                =        1
   ID_MUR                =        1
   MUF_USER              =  100.000    
   MUR_USER              =  100.000    
   XIF                   =  1.00000    
   XIR                   =  1.00000    
 Warning: cannot read value for key = SHOWTIMING. Using default value :  T
 Warning: cannot read value for key = HSCHEME. Using default value :            0
 
       information on the selected process 
 -----------------------------------------------
 
  pp -> H jj -> W+ W- jj -> l+ l- vl vl~ jj
 
 Higgs + 2 jets production in vector boson fusion with Higgs decay
 into W+ W-.
 The vector bosons subsequently decay into l+ l- vl vl~.
 Process is implemented at LO and NLO QCD.
 NLO electroweak corrections in the SM and MSSM are also implemented.
 Anomalous coupling parameters can be set in "anom_HVV.dat".
 The Q**2 of the produced Higgs is generated in the narrow width approximation.
 References: T. Figy, C. Oleari, D. Zeppenfeld
 Phys. Rev. D68 (2003) 073005, e-Print: hep-ph/0306109
 T. Figy, S. Palmer, G. Weiglein
 JHEP 1202 (2012) 105, e-Print: arXiv:1012.4789 [hep-ph]
 
 Initializing PDF set CT10
  
               Physics parameters
 -----------------------------------------------
   HTYPE                 =        0
   MODEL                 =        1
   ANOM_CPL              =        F
   KK_MOD                =        F
   SPIN2                 =        F
   HMASS                 =  120.000    
   HWIDTH                = -999.000    
   TOPMASS               =  172.400    
   BOTTOMMASS            =  4.85500    
   CHARMMASS             =  1.65000    
   TAU_MASS              =  1.77684    
   EWSCHEME              =        3
   FERMI_CONST           = 0.116637E-04
   WMASS                 =  80.3980    
   ZMASS                 =  91.1876    
   
 Running in the SM
   
 Higgs mass =   120.00000000000000     
   
   
 Higgs is produced on-shell
  
 Information on scale setting in InitScales 
 -------------------------------------------
  
 Dynamical factorization scale chosen:
         momentum transfer of W/Z  
 Dynamical value for alphas chosen:
 alphas = alpha(momentum transfer of W/Z)
 Initializing PDF set cteq6l1
  
  
  
  
   Information on couplings, masses and widths
 ===============================================
  
   SM coupling parameters 
 ---------------------------
   G_Fermi                         : 0.000011663700
   SIN**2 of the weak mixing angle : 0.22264585
   Q.E.D. fine structure constant  : 1/132.34070    
   SU(2) coupling constant g       : 0.65305673
   U(1) coupling constant g'       : 0.34950127
   Q.C.D. LO alfas(MZ)             : 0.12980813
   Q.C.D. NLO alfas(MZ)            : 0.11798159
  
      particle masses
 ---------------------------
   mass of the Z0 boson            :   91.1876
   mass of the W+/- boson          :   80.3980
   mass of the Higgs boson         :  120.0000
   mass of the top quark           :  172.4000
   mass of the bottom quark at MH  :    2.8132
  (All other fermions have mass equal ZERO)
  
      particle widths
 ---------------------------
   total widths of Z0              :   2.508420 GeV
   total widths of W+ or W-        :   2.097673 GeV
   total widths of Higgs           :   0.003578 GeV
   total widths of top quark       :   1.339784 GeV
  
     branching ratios
 ---------------------------
   W -> lepton anti-lepton         : 10.8397227 %
   W -> massless quark anti-quark  : 33.7404159 %
   W -> top bottom                 :  0.0000000 %
  
   Z -> neutrino anti-neutrino     :  6.6129820 %
   Z -> charged lepton anti-lepton :  3.3460763 %
   Z -> up-type quark anti-quark   : 11.9908090 %
   Z -> down-type quark anti-quark : 15.3804024 %
   Z -> top anti-top               :  0.0000000 %
  
   H -> WW                         : 13.4257085 %
   H -> ZZ                         :  1.5167593 %
   H -> bottom anti-bottom         : 65.5969832 %
   H -> top anti-top               :  0.0000000 %
   H -> charm anti-charm           :  3.8970452 %
   H -> tau anti-tau               :  6.9405324 %
   H -> mu anti-mu                 :  0.0245739 %
   H -> gluon gluon                :  8.2279367 %
   H -> gamma gamma                :  0.2323288 %
   H -> Z gamma                    :  0.1381319 %
  
 Warning: cannot read value for key = MLL_OSONLY. Using default value :  T
 Warning: cannot read value for key = PTMISS_MIN. Using default value :    0.0000000000000000     
 
          information on cut parameters
 -----------------------------------------------
 
 minimum jet pt        (PT_JET_MIN):     20.00    20.00    20.00   
 maximum jet rapidity                 (Y_JET_MAX):    4.5000000000000000     
 maximum parton pseudorapidity          (Y_P_MAX):    5.0000000000000000     
 minimum jet-jet R-separation           (RJJ_MIN):   0.80000000000000004     
 minimum number of jets                (NJET_MIN):            2
 single jet from hadronic decay (SINGLE_DECAYJET):            0
 exponent of generalised kT algorithm (PGENKTJET):    1.0000000000000000     
 minimum lepton-lepton R-separation     (RLL_MIN):    0.0000000000000000     
 maximum lepton-lepton R-separation     (RLL_MAX):    50.000000000000000     
 minimum jet-lepton R-separation        (RJL_MIN):    0.0000000000000000     
 minimum jet-photon R-separation        (RJG_MIN):    0.0000000000000000     
 minimum lepton-photon R-separation     (RLG_MIN):    0.0000000000000000     
 minimum photon-photon R-separation     (RGG_MIN):    0.0000000000000000     
 maximum photon-photon R-separation     (RGG_MAX):    50.000000000000000     
 maximum lepton rapidity                (Y_L_MAX):    2.5000000000000000     
 minimum lepton pt       (PT_L_MIN):     10.00    10.00   
 minimum invariant dilepton mass        (MLL_MIN):    15.000000000000000     
 maximum invariant dilepton mass        (MLL_MAX):    14000.000000000000     
 m_ll cuts only on opposite-sign l   (MLL_OSONLY):  T
 maximum photon rapidity                (Y_G_MAX):    1.5000000000000000     
 minimum photon pt       (PT_G_MIN):    
 photon isolation cut                 (PHISOLCUT):   0.69999999999999996     
 efficiency of photon isolation cut   (EFISOLCUT):    1.0000000000000000     
 minimum invariant lepton-photon mass   (MLG_MIN):    0.0000000000000000     
 maximum invariant lepton-photon mass   (MLG_MAX):    1.0000000000000000E+020
 minimal missing transverse momentum (PTMISS_MIN):    0.0000000000000000     
 minimum jet rapidity separation      (ETAJJ_MIN):    4.0000000000000000     
 tagging jets in opposite hemispheres     (YSIGN):    T
 leptons fall inside rapidity gap     (LRAPIDGAP):    T
 min leptons y-dist from tagging jets   (DELY_JL):    0.0000000000000000     
 photons fall inside rapidity gap     (GRAPIDGAP):    T
 min photons y-dist from tagging jets   (DELY_JG):    0.0000000000000000     
 dijet min mass cut on tag jets        (MDIJ_MIN):    600.00000000000000     
 dijet max mass cut on tag jets        (MDIJ_MAX):    14000.000000000000     
 veto criteria for jets                   (JVETO):    F
 minimum veto-tag y-dist             (DELY_JVETO):    0.0000000000000000     
 maximum |y| for veto jet             (YMAX_VETO):    5.0000000000000000     
 minimum pT for veto jet             (PTMIN_VETO):    10.000000000000000     
 

        phase space generator information  
 -----------------------------------------------

 boson  6 has mass   120.00 GeV and width     0.0036 GeV
 integration range for boson  6 =    119.463  to      120.537 GeV
 boson  3 has mass    80.40 GeV and width     2.0977 GeV
 integration range for boson  3 =      0.032  to     9899.495 GeV
 boson  4 has mass    80.40 GeV and width     2.0977 GeV
 integration range for boson  4 =      0.032  to     9899.495 GeV

 machine energy =    14000.0  GeV
 Minimal mom.transfer or mass for parton pair:   100.00 MeV

 -----------------------------------------------

  Open error on file random.dat
  Using default values.
  Random number generator initialized with seed =            0
 
          information on histogram config
 -----------------------------------------------
 
  Open error on file histograms.dat
  Using default values.
 SMEARING           =      F
 CALC_ERROR_GNUPLOT =      F
 CALC_ERROR_ROOT    =      F
 CALC_ERROR_1D      =      T
 CALC_ERROR_2D      =      F
 
HIST_ID1      =      0.00    250.00  # dS/dpT_j (fb/GeV)
HIST_ID2      =      0.00    500.00  # dS/dpTmax_j (fb/GeV)
HIST_ID3      =      0.00    200.00  # dS/dpTmin_j (fb/GeV)
HIST_ID4      =     -5.00      5.00  # dS/dy_j (fb)
HIST_ID5      =     -5.00      5.00  # dS/dy_j1 (fb)
HIST_ID6      =     -5.00      5.00  # dS/dy_j2 (fb)
HIST_ID7      =      0.00    500.00  # dS/dpTmax_l (fb/GeV)
HIST_ID8      =      0.00    200.00  # dS/dpTmin_l (fb/GeV)
HIST_ID9      =      0.00      5.00  # dS/d|eta|max_l (fb)
HIST_ID10     =      0.00      5.00  # dS/d|eta|min_l (fb)
HIST_ID11     =   -180.00    180.00  # dS/dPhi_jj (fb)
2DHIST_ID1    =      0.00      6.00      0.00    800.00  # d2S/dy_jj dm_jj (fb/GeV)
 
 -----------------------------------------------
 
 
 
Starttime: 2016-11-30T11:42:42+0100

 MONACO input parameters:
 ndim = 15,  ncall =       2M,   rtype = 0
 nprn =  0,  acc = -1.0E+0,  alph = 8.75E-1,  nd = 48,  mds =  0

 MONACO:  continuing with uniform grid
  
 Hjj amplitude square information:
 -----------------------------------------------
  
  External b-quark contributions are excluded

 iteration  1:
 integral =  1.125712E+00,  sigma = 3.872E-02
 efficacy = 4.545E-05,  raw efficacy = 4.545E-05
 f_positive = 9.873E-3,  f_zero = 9.901E-1,  f_negative = 0.000E+0
 accumulated statistics:
 integral =  1.125712E+00,  sigma = 3.872E-02,  chi^2/iteration = 1.137E-13

 MONACO:  grid written to file grid2_1.out.1

 MONACO input parameters:
 ndim = 15,  ncall =       4M,   rtype = 0
 nprn =  0,  acc = -1.0E+0,  alph = 8.75E-1,  nd = 48,  mds =  0

 iteration  2:
 integral =  1.127633E+00,  sigma = 3.672E-03
 efficacy = 1.478E-03,  raw efficacy = 1.177E-05
 f_positive = 8.989E-2,  f_zero = 9.101E-1,  f_negative = 0.000E+0
 accumulated statistics:
 integral =  1.127616E+00,  sigma = 3.656E-03,  chi^2/iteration = 2.440E+03

 MONACO:  grid written to file grid2_1.out.2

 MONACO input parameters:
 ndim = 15,  ncall =       8M,   rtype = 0
 nprn =  0,  acc = -1.0E+0,  alph = 8.75E-1,  nd = 48,  mds =  0

 iteration  3:
 integral =  1.125643E+00,  sigma = 1.338E-03
 efficacy = 5.026E-03,  raw efficacy = 6.702E-06
 f_positive = 1.953E-1,  f_zero = 8.047E-1,  f_negative = 0.000E+0
 accumulated statistics:
 integral =  1.125876E+00,  sigma = 1.256E-03,  chi^2/iteration = 2.592E-01

 MONACO:  grid written to file grid2_1.out.3

 MONACO input parameters:
 ndim = 15,  ncall =      16M,   rtype = 0
 nprn =  0,  acc = -1.0E+0,  alph = 8.75E-1,  nd = 48,  mds =  0

 iteration  4:
 integral =  1.124632E+00,  sigma = 7.657E-04
 efficacy = 7.003E-03,  raw efficacy = 6.311E-06
 f_positive = 2.528E-1,  f_zero = 7.472E-1,  f_negative = 0.000E+0
 accumulated statistics:
 integral =  1.124969E+00,  sigma = 6.538E-04,  chi^2/iteration = 4.870E-01

 MONACO:  grid written to file grid2_1.out.4

 MONACO input parameters:
 ndim = 15,  ncall =      32M,   rtype = 0
 nprn =  0,  acc = -1.0E+0,  alph = 8.75E-1,  nd = 48,  mds =  0

 iteration  5:
 integral =  1.125329E+00,  sigma = 5.047E-04
 efficacy = 4.418E-03,  raw efficacy = 5.996E-06
 f_positive = 2.858E-1,  f_zero = 7.142E-1,  f_negative = 0.000E+0
 accumulated statistics:
 integral =  1.125195E+00,  sigma = 3.995E-04,  chi^2/iteration = 3.879E-01

 MONACO:  grid written to file grid2_1.out.5

 MONACO input parameters:
 ndim = 15,  ncall =      64M,   rtype = 0
 nprn =  0,  acc = -1.0E+0,  alph = 8.75E-1,  nd = 48,  mds =  0

 iteration  6:
 integral =  1.125081E+00,  sigma = 3.532E-04
 efficacy = 1.011E-03,  raw efficacy = 6.211E-06
 f_positive = 3.042E-1,  f_zero = 6.958E-1,  f_negative = 0.000E+0
 accumulated statistics:
 integral =  1.125131E+00,  sigma = 2.646E-04,  chi^2/iteration = 3.023E-01

 MONACO:  grid written to file grid2_1.out.6
 
  result (LO):    1.1251308387284664       +-    2.6460331741255726E-004  fb     2.3517559763235264E-002 %
 
   
 Initialising FF ..
   
 ====================================================
   FF 2.0, a package to evaluate one-loop integrals
 written by G. J. van Oldenborgh, NIKHEF-H, Amsterdam
 ====================================================
 for the algorithms used see preprint NIKHEF-H 89/17,
 'New Algorithms for One-loop Integrals', by G.J. van
 Oldenborgh and J.A.M. Vermaseren, published in 
 Zeitschrift fuer Physik C46(1990)425.
 ====================================================
 Initializing PDF set CT10

 MONACO input parameters:
 ndim = 15,  ncall =      64M,   rtype = 0
 nprn =  0,  acc = -1.0E+0,  alph = 8.75E-1,  nd = 48,  mds =  0

 MONACO:  grid read from file grid2_1.out.6                                                                                                                                                                                                                                             

 iteration  1:
 integral =  9.947822E-01,  sigma = 3.113E-04
 efficacy = 9.660E-04,  raw efficacy = 5.541E-06
 f_positive = 3.145E-1,  f_zero = 6.855E-1,  f_negative = 0.000E+0
 accumulated statistics:
 integral =  9.947822E-01,  sigma = 3.113E-04,  chi^2/iteration = 1.863E-09

 MONACO:  grid written to file grid2_1.vout.1
  
  result for virtual contribution, no.            1
  sigma =   0.99478216217634508       +-    3.1128625926373724E-004  fb  
  
 total result for virtual contns so far 
  sigma =   0.99478216217634508       +-    3.1128625926373724E-004  fb
  
   
 Summary for FF ..
   
 
total number of errors and warnings
===================================
vbffferr: no errors
the warning system has been disabled
 

 MONACO input parameters:
 ndim = 18,  ncall =       2M,   rtype = 0
 nprn =  0,  acc = -1.0E+0,  alph = 8.75E-1,  nd = 48,  mds =  0

 MONACO:  continuing with uniform grid
  
 Hjjj amplitude square information:
 -----------------------------------------------
  
  External b-quark contributions are excluded
  
  creal =   -4.0797362673929065       cvirtual =   -3.7101318663035472     
  virt factor for alphas = 0.12 is   0.81104453988909386     

 iteration  1:
 integral =  1.441894E-01,  sigma = 9.225E-02
 efficacy = 8.995E-07,  raw efficacy = 8.995E-07
 f_positive = 1.548E-2,  f_zero = 9.742E-1,  f_negative = 1.034E-2
 accumulated statistics:
 integral =  1.441894E-01,  sigma = 9.225E-02,  chi^2/iteration = 0.000E+00

 MONACO:  grid written to file grid3_1.out.1

 MONACO input parameters:
 ndim = 18,  ncall =       4M,   rtype = 0
 nprn =  0,  acc = -1.0E+0,  alph = 8.75E-1,  nd = 48,  mds =  0

 iteration  2:
 integral =  1.644462E-01,  sigma = 2.854E-02
 efficacy = 1.488E-06,  raw efficacy = 2.964E-08
 f_positive = 6.106E-2,  f_zero = 9.088E-1,  f_negative = 3.011E-2
 accumulated statistics:
 integral =  1.626771E-01,  sigma = 2.726E-02,  chi^2/iteration = 4.400E+04

 MONACO:  grid written to file grid3_1.out.2

 MONACO input parameters:
 ndim = 18,  ncall =       8M,   rtype = 0
 nprn =  0,  acc = -1.0E+0,  alph = 8.75E-1,  nd = 48,  mds =  0

 iteration  3:
 integral =  1.779536E-01,  sigma = 9.271E-03
 efficacy = 3.513E-06,  raw efficacy = 3.248E-08
 f_positive = 1.006E-1,  f_zero = 8.540E-1,  f_negative = 4.541E-2
 accumulated statistics:
 integral =  1.763701E-01,  sigma = 8.778E-03,  chi^2/iteration = 3.254E-01

 MONACO:  grid written to file grid3_1.out.3

 MONACO input parameters:
 ndim = 18,  ncall =      16M,   rtype = 0
 nprn =  0,  acc = -1.0E+0,  alph = 8.75E-1,  nd = 48,  mds =  0

 iteration  4:
 integral =  1.982535E-01,  sigma = 4.779E-03
 efficacy = 3.362E-06,  raw efficacy = 2.100E-09
 f_positive = 1.346E-1,  f_zero = 8.065E-1,  f_negative = 5.896E-2
 accumulated statistics:
 integral =  1.932497E-01,  sigma = 4.197E-03,  chi^2/iteration = 2.560E+00

 MONACO:  grid written to file grid3_1.out.4

 MONACO input parameters:
 ndim = 18,  ncall =      32M,   rtype = 0
 nprn =  0,  acc = -1.0E+0,  alph = 8.75E-1,  nd = 48,  mds =  0

 iteration  5:
 integral =  1.970386E-01,  sigma = 2.930E-03
 efficacy = 4.472E-06,  raw efficacy = 2.387E-09
 f_positive = 1.482E-1,  f_zero = 7.877E-1,  f_negative = 6.418E-2
 accumulated statistics:
 integral =  1.957972E-01,  sigma = 2.403E-03,  chi^2/iteration = 1.889E+00

 MONACO:  grid written to file grid3_1.out.5

 MONACO input parameters:
 ndim = 18,  ncall =      64M,   rtype = 0
 nprn =  0,  acc = -1.0E+0,  alph = 8.75E-1,  nd = 48,  mds =  0

 iteration  6:
 integral =  1.907828E-01,  sigma = 1.312E-03
 efficacy = 6.566E-06,  raw efficacy = 2.884E-09
 f_positive = 1.454E-1,  f_zero = 7.917E-1,  f_negative = 6.291E-2
 accumulated statistics:
 integral =  1.919340E-01,  sigma = 1.151E-03,  chi^2/iteration = 2.256E+00

 MONACO:  grid written to file grid3_1.out.6
 
  result for real emissions 
  sigma =   0.19193401402066457       +-    1.1511900381669415E-003  fb
  
  
  final result at NLO 
  sigma =    1.1867161761970095       +-    1.1925341249545921E-003  fb  0.10049025612646714      %
 
   
 TOTAL VIRTUAL CONTRIBUTIONS:
 TOTAL borntype:
  0.99478216217634508        3.1128625926373724E-004   3.1291901996183515E-002  %
  
  
  
 !!!!!!!!!!!!!!!!!!!!!!!!!!!!!!!!!!!!!!!!!!!!!!!!!!!!!!!!!!!!!!!!!!!!!!!!!!!!!!!!!!!!!!!!!!!!!!!!!!!!!!!!
   
  PROCESS:          105   :   p p --> H jj --> W+ W- jj -->  ve e+ e- ve~ jj
   
  TOTAL result (LO):          1.1251308387284664       +-    2.6460331741255726E-004  fb     2.3517559763235264E-002 %
  NLO virtual result:        0.99478216217634508       +-    3.1128625926373724E-004  fb     3.1291901996183515E-002 %
  QCD real emission:         0.19193401402066457       +-    1.1511900381669415E-003  fb    0.59978427692498459      %
  TOTAL result (NLO):         1.1867161761970095       +-    1.1925341249545921E-003  fb    0.10049025612646714      %
  K-Factor:                   1.0547361563195103     
 !!!!!!!!!!!!!!!!!!!!!!!!!!!!!!!!!!!!!!!!!!!!!!!!!!!!!!!!!!!!!!!!!!!!!!!!!!!!!!!!!!!!!!!!!!!!!!!!!!!!!!!!
  
  
  Endtime: 2016-11-30T13:40:02+0100
  Runtime: 1:57:20 (7040 seconds)
