   
 -----------------------------------------------------------------
 VBFNLO, version 3.0.0 beta0 svn 7628
 Comput. Phys. Commun. 180 (2009) 1661[arXiv:0811.4559 [hep-ph]]
 arXiV:1107.4038, arXiV:1207.4975, arXiv:1404.3940
 http://www.itp.kit.edu/vbfnlo
 -----------------------------------------------------------------
 Process-specific references (please cite as well if appropriate):
 F. Campanario, M. Kerner, Le Duc Ninh, D. Zeppenfeld
 JHEP 1407 (2014) 148, e-Print: arXiv:1405.3972
 
 -----------------------------------------------------------------
   
   
   
 Initialising LoopTools ..
   
 ====================================================
   FF 2.0, a package to evaluate one-loop integrals
 written by G. J. van Oldenborgh, NIKHEF-H, Amsterdam
 ====================================================
 for the algorithms used see preprint NIKHEF-H 89/17,
 'New Algorithms for One-loop Integrals', by G.J. van
 Oldenborgh and J.A.M. Vermaseren, published in 
 Zeitschrift fuer Physik C46(1990)425.
 ====================================================
  
        Information on global parameters
 -----------------------------------------------
   PROCESS               =     3210
   LOPROCESS_PLUS_JET    =        F
   KK_MOD                =        F
   ANOM_CPL              =        F
   LEPTONS               =   -11   11  -13   13
   LO_ITERATIONS         =        6
   NLO_ITERATIONS        =        6
   LO_POINTS             =       23
   NLO_POINTS            =       24
   NLO_SWITCH            =        T
   EWCOR_SWITCH          =        F
   FERMIONLOOP           =        3
   LHA_SWITCH            =        F
   HEPMC_SWITCH          =        F
   LO_GRID               = grid2_1                                           
   NLO_GRID              = grid3_1                                           
   PHTN_GRID             = grid4_1                                           
   FLOOP_GRID            = grid5_1                                           
   ECM                   =  14000.0    
   BEAM1                 =        1
   BEAM2                 =        1
   ID_MUF                =       10
   ID_MUR                =       10
   MUF_USER              =  100.000    
   MUR_USER              =  100.000    
   XIF                   =  1.00000    
   XIR                   =  1.00000    
 
       information on the selected process 
 -----------------------------------------------
 
  pp -> Z Z jj -> l+ l- l+ l- jj
 
 QCD induced Z Z + 2 jets production with fully leptonic decay.
 Process is implemented at LO and NLO QCD.
 References: F. Campanario, M. Kerner, Le Duc Ninh, D. Zeppenfeld
 JHEP 1407 (2014) 148, e-Print: arXiv:1405.3972
 
 Initialize PDF set MSTW2008 NLO
  
               Physics parameters
 -----------------------------------------------
   HTYPE                 =        0
   MODEL                 =        1
   ANOM_CPL              =        F
   KK_MOD                =        F
   SPIN2                 =        F
   HMASS                 =  126.000    
   HWIDTH                = -999.000    
   TOPMASS               =  173.100    
   BOTTOMMASS            =  4.85500    
   CHARMMASS             =  1.65000    
   TAU_MASS              =  1.77684    
   EWSCHEME              =        3
   FERMI_CONST           = 0.116637E-04
   WMASS                 =  80.3850    
   ZMASS                 =  91.1876    
   
 Running in the SM
   
 Higgs mass =   126.00000000000000     
   
  
 Information on scale setting in InitScales 
 -------------------------------------------
  
 Dynamical factorization scale chosen:
       mu_F = ( ET(jj) + ET(VV) )/2
 Dynamical renormalization scale chosen:
       mu_R = ( ET(jj) + ET(VV) )/2
 Initialize PDF set MSTW2008 LO
  
  
   Information on couplings, masses and widths
 ===============================================
  
   SM coupling parameters 
 ---------------------------
   G_Fermi                         : 0.000011663700
   SIN**2 of the weak mixing angle : 0.22289722
   Q.E.D. fine structure constant  : 1/132.23422    
   SU(2) coupling constant g       : 0.65295113
   U(1) coupling constant g'       : 0.34969851
   Q.C.D. LO alfas(MZ)             : 0.13938690
   Q.C.D. NLO alfas(MZ)            : 0.12017890
  
      particle masses
 ---------------------------
   mass of the Z0 boson            :   91.1876
   mass of the W+/- boson          :   80.3850
   mass of the Higgs boson         :  126.0000
   mass of the top quark           :  173.1000
   mass of the bottom quark at MH  :    2.7510
  (All other fermions have mass equal ZERO)
  
      particle widths
 ---------------------------
   total widths of Z0              :   2.508905 GeV
   total widths of W+ or W-        :   2.097609 GeV
   total widths of Higgs           :   0.004195 GeV
   total widths of top quark       :   1.356748 GeV
  
     branching ratios
 ---------------------------
   W -> lepton anti-lepton         : 10.8347940 %
   W -> massless quark anti-quark  : 33.7478090 %
   W -> top bottom                 :  0.0000000 %
  
   Z -> neutrino anti-neutrino     :  6.6117040 %
   Z -> charged lepton anti-lepton :  3.3447056 %
   Z -> up-type quark anti-quark   : 11.9909695 %
   Z -> down-type quark anti-quark : 15.3829441 %
   Z -> top anti-top               :  0.0000000 %
  
   H -> WW                         : 22.4831826 %
   H -> ZZ                         :  3.0936989 %
   H -> bottom anti-bottom         : 56.3373332 %
   H -> top anti-top               :  0.0000000 %
   H -> charm anti-charm           :  2.9405648 %
   H -> tau anti-tau               :  6.2166596 %
   H -> mu anti-mu                 :  0.0220082 %
   H -> gluon gluon                :  8.4902280 %
   H -> gamma gamma                :  0.2431439 %
   H -> Z gamma                    :  0.1731809 %
  
 
          information on cut parameters
 -----------------------------------------------
 
 minimum jet pt        (PT_JET_MIN):     20.00    20.00    20.00   
 maximum jet rapidity                 (Y_JET_MAX):    4.5000000000000000     
 maximum parton pseudorapidity          (Y_P_MAX):    5.0000000000000000     
 minimum jet-jet R-separation           (RJJ_MIN):   0.40000000000000002     
 minimum number of jets                (NJET_MIN):            2
 single jet from hadronic decay (SINGLE_DECAYJET):            0
 exponent of generalised kT algorithm (PGENKTJET):   -1.0000000000000000     
 minimum lepton-lepton R-separation     (RLL_MIN):   0.40000000000000002     
 maximum lepton-lepton R-separation     (RLL_MAX):    50.000000000000000     
 minimum jet-lepton R-separation        (RJL_MIN):   0.40000000000000002     
 minimum jet-photon R-separation        (RJG_MIN):   0.69999999999999996     
 minimum lepton-photon R-separation     (RLG_MIN):   0.40000000000000002     
 minimum photon-photon R-separation     (RGG_MIN):   0.59999999999999998     
 maximum photon-photon R-separation     (RGG_MAX):    50.000000000000000     
 maximum lepton rapidity                (Y_L_MAX):    2.5000000000000000     
 minimum lepton pt       (PT_L_MIN):     20.00    20.00    20.00    20.00   
 minimum invariant dilepton mass        (MLL_MIN):    0.0000000000000000     
 maximum invariant dilepton mass        (MLL_MAX):    1.0000000000000000E+020
 m_ll cuts only on opposite-sign l   (MLL_OSONLY):  T
 maximum photon rapidity                (Y_G_MAX):    2.5000000000000000     
 minimum photon pt       (PT_G_MIN):    
 photon isolation cut                 (PHISOLCUT):   0.69999999999999996     
 efficiency of photon isolation cut   (EFISOLCUT):    1.0000000000000000     
 minimum invariant lepton-photon mass   (MLG_MIN):    0.0000000000000000     
 maximum invariant lepton-photon mass   (MLG_MAX):    1.0000000000000000E+020
 minimal missing transverse momentum (PTMISS_MIN):    0.0000000000000000     
 minimum jet rapidity separation      (ETAJJ_MIN):    0.0000000000000000     
 tagging jets in opposite hemispheres     (YSIGN):    F
 leptons fall inside rapidity gap     (LRAPIDGAP):    F
 min leptons y-dist from tagging jets   (DELY_JL):    0.0000000000000000     
 photons fall inside rapidity gap     (GRAPIDGAP):    F
 min photons y-dist from tagging jets   (DELY_JG):    0.0000000000000000     
 dijet min mass cut on tag jets        (MDIJ_MIN):    0.0000000000000000     
 dijet max mass cut on tag jets        (MDIJ_MAX):    1.0000000000000000E+020
 veto criteria for jets                   (JVETO):    F
 minimum veto-tag y-dist             (DELY_JVETO):    0.0000000000000000     
 maximum |y| for veto jet             (YMAX_VETO):    4.5000000000000000     
 minimum pT for veto jet             (PTMIN_VETO):    50.000000000000000     
 

 --------------------PHASE SPACE--------------------

 boson has mass    91.19 GeV and width     2.5089 GeV
 integration range for boson   2 =      0.032  to     9899.495 GeV
 boson has mass    91.19 GeV and width     2.5089 GeV
 integration range for boson   2 =      0.032  to     9899.495 GeV

 machine energy =    14000.0  GeV

 configuration   0

 ---------------------------------------------------

  Random number generator initialized with seed =            0
 
          information on histogram config
 -----------------------------------------------
 
 SMEARING           =      T
 SMEAR_VALUE        =       0.20000000000000001     
 CALC_ERROR_GNUPLOT =      F
 CALC_ERROR_ROOT    =      F
 CALC_ERROR_1D      =      T
 CALC_ERROR_2D      =      F
 
HIST_ID1      =      0.00    250.00  # dS/dpT_j (fb/GeV)
HIST_ID2      =      0.00    500.00  # dS/dpTmax_j (fb/GeV)
HIST_ID3      =      0.00    200.00  # dS/dpTmin_j (fb/GeV)
HIST_ID4      =     -5.00      5.00  # dS/dy_j (fb)
HIST_ID5      =     -5.00      5.00  # dS/dy_j1 (fb)
HIST_ID6      =     -5.00      5.00  # dS/dy_j2 (fb)
HIST_ID7      =      0.00    500.00  # dS/dpTmax_l (fb/GeV)
HIST_ID8      =      0.00    200.00  # dS/dpTmin_l (fb/GeV)
HIST_ID9      =      0.00      5.00  # dS/d|eta|max_l (fb)
HIST_ID10     =      0.00      5.00  # dS/d|eta|min_l (fb)
HIST_ID11     =   -180.00    180.00  # dS/dPhi_jj (fb)
2DHIST_ID1    =      0.00      6.00      0.00    800.00  # d2S/dy_jj dm_jj (fb/GeV)
 
 -----------------------------------------------
 
 
 
  
 Subprocess           1
  

 MONACO input parameters:
 ndim = 16,  ncall =     256k,   rtype = 0
 nprn =  0,  acc = -1.0E+0,  alph = 8.75E-1,  nd = 48,  mds =  0

 MONACO:  continuing with uniform grid
  
 QCD ZZ jj -> 4l amplitude square information:
 external b quarks are included
 -----------------------------------------------
  
 Reading PDF grid from /itp/scratch/rauch/vbfnlotest/binaryrelease30/share/VBFNLO/pdfsets/mstw2008lo.00.dat

 iteration  1:
 integral =  8.556376E-01,  sigma = 5.755E-02
 efficacy = 1.964E-04,  raw efficacy = 1.964E-04
 f_positive = 2.053E-2,  f_zero = 9.795E-1,  f_negative = 0.000E+0
 accumulated statistics:
 integral =  8.556376E-01,  sigma = 5.755E-02,  chi^2/iteration = 2.842E-14

 MONACO:  grid written to file GRID/grid2_1_1.out.1

 MONACO input parameters:
 ndim = 16,  ncall =     512k,   rtype = 0
 nprn =  0,  acc = -1.0E+0,  alph = 8.75E-1,  nd = 48,  mds =  0

 iteration  2:
 integral =  8.915109E-01,  sigma = 1.187E-02
 efficacy = 7.704E-04,  raw efficacy = 2.614E-05
 f_positive = 1.178E-1,  f_zero = 8.822E-1,  f_negative = 0.000E+0
 accumulated statistics:
 integral =  8.900468E-01,  sigma = 1.163E-02,  chi^2/iteration = 3.727E+05

 MONACO:  grid written to file GRID/grid2_1_1.out.2

 MONACO input parameters:
 ndim = 16,  ncall =       1M,   rtype = 0
 nprn =  0,  acc = -1.0E+0,  alph = 8.75E-1,  nd = 48,  mds =  0

 iteration  3:
 integral =  8.932047E-01,  sigma = 5.589E-03
 efficacy = 7.225E-04,  raw efficacy = 5.926E-06
 f_positive = 1.722E-1,  f_zero = 8.278E-1,  f_negative = 0.000E+0
 accumulated statistics:
 integral =  8.926121E-01,  sigma = 5.037E-03,  chi^2/iteration = 4.326E-01

 MONACO:  grid written to file GRID/grid2_1_1.out.3

 MONACO input parameters:
 ndim = 16,  ncall =       2M,   rtype = 0
 nprn =  0,  acc = -1.0E+0,  alph = 8.75E-1,  nd = 48,  mds =  0

 iteration  4:
 integral =  8.974526E-01,  sigma = 3.521E-03
 efficacy = 4.799E-04,  raw efficacy = 4.540E-06
 f_positive = 1.866E-1,  f_zero = 8.134E-1,  f_negative = 0.000E+0
 accumulated statistics:
 integral =  8.958640E-01,  sigma = 2.886E-03,  chi^2/iteration = 5.265E-01

 MONACO:  grid written to file GRID/grid2_1_1.out.4

 MONACO input parameters:
 ndim = 16,  ncall =       4M,   rtype = 0
 nprn =  0,  acc = -1.0E+0,  alph = 8.75E-1,  nd = 48,  mds =  0

 iteration  5:
 integral =  9.010368E-01,  sigma = 3.295E-03
 efficacy = 9.717E-05,  raw efficacy = 4.799E-06
 f_positive = 1.916E-1,  f_zero = 8.084E-1,  f_negative = 0.000E+0
 accumulated statistics:
 integral =  8.981091E-01,  sigma = 2.171E-03,  chi^2/iteration = 8.159E-01

 MONACO:  grid written to file GRID/grid2_1_1.out.5

 MONACO input parameters:
 ndim = 16,  ncall =       8M,   rtype = 0
 nprn =  0,  acc = -1.0E+0,  alph = 8.75E-1,  nd = 48,  mds =  0
  random number setting in monaco saved 

 iteration  6:
 integral =  8.989378E-01,  sigma = 2.714E-03
 efficacy = 6.440E-05,  raw efficacy = 3.286E-06
 f_positive = 1.825E-1,  f_zero = 8.175E-1,  f_negative = 0.000E+0
 accumulated statistics:
 integral =  8.984324E-01,  sigma = 1.695E-03,  chi^2/iteration = 6.262E-01

 MONACO:  grid written to file GRID/grid2_1_1.out.6
 
  result sub (LO):   0.89843241704169285       +-    1.6952405255980275E-003  fb    0.18868870862652296      %
 
  
 Subprocess           2
  

 MONACO input parameters:
 ndim = 16,  ncall =      64k,   rtype = 0
 nprn =  0,  acc = -1.0E+0,  alph = 8.75E-1,  nd = 48,  mds =  0

 MONACO:  continuing with uniform grid

 iteration  1:
 integral =  3.541541E-01,  sigma = 4.088E-02
 efficacy = 3.248E-04,  raw efficacy = 3.248E-04
 f_positive = 2.077E-2,  f_zero = 9.792E-1,  f_negative = 0.000E+0
 accumulated statistics:
 integral =  3.541541E-01,  sigma = 4.088E-02,  chi^2/iteration = 0.000E+00

 MONACO:  grid written to file GRID/grid2_1_2.out.1

 MONACO input parameters:
 ndim = 16,  ncall =     128k,   rtype = 0
 nprn =  0,  acc = -1.0E+0,  alph = 8.75E-1,  nd = 48,  mds =  0

 iteration  2:
 integral =  4.722869E-01,  sigma = 1.780E-02
 efficacy = 4.020E-04,  raw efficacy = 4.641E-05
 f_positive = 1.143E-1,  f_zero = 8.857E-1,  f_negative = 0.000E+0
 accumulated statistics:
 integral =  4.534685E-01,  sigma = 1.632E-02,  chi^2/iteration = 7.020E+06

 MONACO:  grid written to file GRID/grid2_1_2.out.2

 MONACO input parameters:
 ndim = 16,  ncall =     256k,   rtype = 0
 nprn =  0,  acc = -1.0E+0,  alph = 8.75E-1,  nd = 48,  mds =  0

 iteration  3:
 integral =  4.455648E-01,  sigma = 6.106E-03
 efficacy = 1.027E-03,  raw efficacy = 9.973E-06
 f_positive = 1.720E-1,  f_zero = 8.280E-1,  f_negative = 0.000E+0
 accumulated statistics:
 integral =  4.465355E-01,  sigma = 5.718E-03,  chi^2/iteration = 7.225E+00

 MONACO:  grid written to file GRID/grid2_1_2.out.3

 MONACO input parameters:
 ndim = 16,  ncall =     512k,   rtype = 0
 nprn =  0,  acc = -1.0E+0,  alph = 8.75E-1,  nd = 48,  mds =  0

 iteration  4:
 integral =  4.424800E-01,  sigma = 3.269E-03
 efficacy = 1.300E-03,  raw efficacy = 1.734E-05
 f_positive = 1.953E-1,  f_zero = 8.047E-1,  f_negative = 0.000E+0
 accumulated statistics:
 integral =  4.434787E-01,  sigma = 2.838E-03,  chi^2/iteration = 3.802E+00

 MONACO:  grid written to file GRID/grid2_1_2.out.4

 MONACO input parameters:
 ndim = 16,  ncall =       1M,   rtype = 0
 nprn =  0,  acc = -1.0E+0,  alph = 8.75E-1,  nd = 48,  mds =  0

 iteration  5:
 integral =  4.459351E-01,  sigma = 2.593E-03
 efficacy = 4.234E-04,  raw efficacy = 4.196E-06
 f_positive = 2.040E-1,  f_zero = 7.960E-1,  f_negative = 0.000E+0
 accumulated statistics:
 integral =  4.448171E-01,  sigma = 1.914E-03,  chi^2/iteration = 2.671E+00

 MONACO:  grid written to file GRID/grid2_1_2.out.5

 MONACO input parameters:
 ndim = 16,  ncall =       2M,   rtype = 0
 nprn =  0,  acc = -1.0E+0,  alph = 8.75E-1,  nd = 48,  mds =  0
  random number setting in monaco saved 

 iteration  6:
 integral =  4.447212E-01,  sigma = 1.715E-03
 efficacy = 4.388E-04,  raw efficacy = 4.131E-06
 f_positive = 1.967E-1,  f_zero = 8.033E-1,  f_negative = 0.000E+0
 accumulated statistics:
 integral =  4.447639E-01,  sigma = 1.277E-03,  chi^2/iteration = 2.004E+00

 MONACO:  grid written to file GRID/grid2_1_2.out.6
 
  result sub (LO):   0.44476387932138217       +-    1.2773130233234248E-003  fb    0.28718901932241903      %
 
  
 Subprocess           3
  

 MONACO input parameters:
 ndim = 16,  ncall =      32k,   rtype = 0
 nprn =  0,  acc = -1.0E+0,  alph = 8.75E-1,  nd = 48,  mds =  0

 MONACO:  continuing with uniform grid

 iteration  1:
 integral =  5.058439E-01,  sigma = 7.211E-02
 efficacy = 3.994E-04,  raw efficacy = 3.994E-04
 f_positive = 2.087E-2,  f_zero = 9.791E-1,  f_negative = 0.000E+0
 accumulated statistics:
 integral =  5.058439E-01,  sigma = 7.211E-02,  chi^2/iteration = 0.000E+00

 MONACO:  grid written to file GRID/grid2_1_3.out.1

 MONACO input parameters:
 ndim = 16,  ncall =      64k,   rtype = 0
 nprn =  0,  acc = -1.0E+0,  alph = 8.75E-1,  nd = 48,  mds =  0

 iteration  2:
 integral =  5.875091E-01,  sigma = 2.921E-02
 efficacy = 6.126E-04,  raw efficacy = 5.782E-05
 f_positive = 1.293E-1,  f_zero = 8.707E-1,  f_negative = 0.000E+0
 accumulated statistics:
 integral =  5.760006E-01,  sigma = 2.707E-02,  chi^2/iteration = 1.102E+06

 MONACO:  grid written to file GRID/grid2_1_3.out.2

 MONACO input parameters:
 ndim = 16,  ncall =     128k,   rtype = 0
 nprn =  0,  acc = -1.0E+0,  alph = 8.75E-1,  nd = 48,  mds =  0

 iteration  3:
 integral =  5.706874E-01,  sigma = 1.069E-02
 efficacy = 1.769E-03,  raw efficacy = 4.459E-05
 f_positive = 1.890E-1,  f_zero = 8.110E-1,  f_negative = 0.000E+0
 accumulated statistics:
 integral =  5.714036E-01,  sigma = 9.939E-03,  chi^2/iteration = 1.135E+00

 MONACO:  grid written to file GRID/grid2_1_3.out.3

 MONACO input parameters:
 ndim = 16,  ncall =     256k,   rtype = 0
 nprn =  0,  acc = -1.0E+0,  alph = 8.75E-1,  nd = 48,  mds =  0

 iteration  4:
 integral =  5.684420E-01,  sigma = 6.386E-03
 efficacy = 1.538E-03,  raw efficacy = 2.143E-05
 f_positive = 2.092E-1,  f_zero = 7.908E-1,  f_negative = 0.000E+0
 accumulated statistics:
 integral =  5.693075E-01,  sigma = 5.373E-03,  chi^2/iteration = 5.990E-01

 MONACO:  grid written to file GRID/grid2_1_3.out.4

 MONACO input parameters:
 ndim = 16,  ncall =     512k,   rtype = 0
 nprn =  0,  acc = -1.0E+0,  alph = 8.75E-1,  nd = 48,  mds =  0

 iteration  5:
 integral =  5.644472E-01,  sigma = 3.868E-03
 efficacy = 1.716E-03,  raw efficacy = 1.622E-05
 f_positive = 2.180E-1,  f_zero = 7.820E-1,  f_negative = 0.000E+0
 accumulated statistics:
 integral =  5.661066E-01,  sigma = 3.139E-03,  chi^2/iteration = 5.790E-01

 MONACO:  grid written to file GRID/grid2_1_3.out.5

 MONACO input parameters:
 ndim = 16,  ncall =       1M,   rtype = 0
 nprn =  0,  acc = -1.0E+0,  alph = 8.75E-1,  nd = 48,  mds =  0
  random number setting in monaco saved 

 iteration  6:
 integral =  5.698545E-01,  sigma = 2.720E-03
 efficacy = 1.326E-03,  raw efficacy = 1.390E-05
 f_positive = 2.206E-1,  f_zero = 7.794E-1,  f_negative = 0.000E+0
 accumulated statistics:
 integral =  5.682474E-01,  sigma = 2.056E-03,  chi^2/iteration = 6.378E-01

 MONACO:  grid written to file GRID/grid2_1_3.out.6
 
  result sub (LO):   0.56824740535145335       +-    2.0557401615119821E-003  fb    0.36176850825047491      %
 
  
 Subprocess           4
  

 MONACO input parameters:
 ndim = 16,  ncall =      32k,   rtype = 0
 nprn =  0,  acc = -1.0E+0,  alph = 8.75E-1,  nd = 48,  mds =  0

 MONACO:  continuing with uniform grid

 iteration  1:
 integral =  7.509244E-02,  sigma = 1.377E-02
 efficacy = 2.589E-04,  raw efficacy = 2.589E-04
 f_positive = 1.968E-2,  f_zero = 9.803E-1,  f_negative = 0.000E+0
 accumulated statistics:
 integral =  7.509244E-02,  sigma = 1.377E-02,  chi^2/iteration = 3.553E-15

 MONACO:  grid written to file GRID/grid2_1_4.out.1

 MONACO input parameters:
 ndim = 16,  ncall =      64k,   rtype = 0
 nprn =  0,  acc = -1.0E+0,  alph = 8.75E-1,  nd = 48,  mds =  0

 iteration  2:
 integral =  9.445218E-02,  sigma = 4.617E-03
 efficacy = 7.624E-04,  raw efficacy = 2.591E-05
 f_positive = 1.364E-1,  f_zero = 8.636E-1,  f_negative = 0.000E+0
 accumulated statistics:
 integral =  9.249492E-02,  sigma = 4.377E-03,  chi^2/iteration = 1.778E+06

 MONACO:  grid written to file GRID/grid2_1_4.out.2

 MONACO input parameters:
 ndim = 16,  ncall =     128k,   rtype = 0
 nprn =  0,  acc = -1.0E+0,  alph = 8.75E-1,  nd = 48,  mds =  0

 iteration  3:
 integral =  9.370130E-02,  sigma = 1.812E-03
 efficacy = 7.241E-04,  raw efficacy = 9.617E-06
 f_positive = 2.245E-1,  f_zero = 7.755E-1,  f_negative = 0.000E+0
 accumulated statistics:
 integral =  9.352479E-02,  sigma = 1.674E-03,  chi^2/iteration = 1.842E+00

 MONACO:  grid written to file GRID/grid2_1_4.out.3

 MONACO input parameters:
 ndim = 16,  ncall =     256k,   rtype = 0
 nprn =  0,  acc = -1.0E+0,  alph = 8.75E-1,  nd = 48,  mds =  0

 iteration  4:
 integral =  9.425304E-02,  sigma = 9.851E-04
 efficacy = 8.023E-04,  raw efficacy = 1.043E-05
 f_positive = 2.443E-1,  f_zero = 7.557E-1,  f_negative = 0.000E+0
 accumulated statistics:
 integral =  9.406579E-02,  sigma = 8.491E-04,  chi^2/iteration = 9.914E-01

 MONACO:  grid written to file GRID/grid2_1_4.out.4

 MONACO input parameters:
 ndim = 16,  ncall =     512k,   rtype = 0
 nprn =  0,  acc = -1.0E+0,  alph = 8.75E-1,  nd = 48,  mds =  0

 iteration  5:
 integral =  9.490781E-02,  sigma = 6.383E-04
 efficacy = 7.097E-04,  raw efficacy = 9.032E-06
 f_positive = 2.534E-1,  f_zero = 7.466E-1,  f_negative = 0.000E+0
 accumulated statistics:
 integral =  9.460380E-02,  sigma = 5.102E-04,  chi^2/iteration = 8.704E-01

 MONACO:  grid written to file GRID/grid2_1_4.out.5

 MONACO input parameters:
 ndim = 16,  ncall =       1M,   rtype = 0
 nprn =  0,  acc = -1.0E+0,  alph = 8.75E-1,  nd = 48,  mds =  0
  random number setting in monaco saved 

 iteration  6:
 integral =  9.544341E-02,  sigma = 5.737E-04
 efficacy = 2.866E-04,  raw efficacy = 6.666E-06
 f_positive = 2.540E-1,  f_zero = 7.460E-1,  f_negative = 0.000E+0
 accumulated statistics:
 integral =  9.497459E-02,  sigma = 3.812E-04,  chi^2/iteration = 9.518E-01

 MONACO:  grid written to file GRID/grid2_1_4.out.6
 
  result sub (LO):    9.4974588001572602E-002  +-    3.8123510776230641E-004  fb    0.40140748781768221      %
 
  
 Subprocess           5
  

 MONACO input parameters:
 ndim = 16,  ncall =     256k,   rtype = 0
 nprn =  0,  acc = -1.0E+0,  alph = 8.75E-1,  nd = 48,  mds =  0

 MONACO:  continuing with uniform grid

 iteration  1:
 integral =  1.328756E-01,  sigma = 1.126E-02
 efficacy = 9.665E-05,  raw efficacy = 9.665E-05
 f_positive = 2.018E-2,  f_zero = 9.798E-1,  f_negative = 3.815E-6
 accumulated statistics:
 integral =  1.328756E-01,  sigma = 1.126E-02,  chi^2/iteration = 0.000E+00

 MONACO:  grid written to file GRID/grid2_1_5.out.1

 MONACO input parameters:
 ndim = 16,  ncall =     512k,   rtype = 0
 nprn =  0,  acc = -1.0E+0,  alph = 8.75E-1,  nd = 48,  mds =  0

 iteration  2:
 integral =  1.468498E-01,  sigma = 3.716E-03
 efficacy = 1.625E-04,  raw efficacy = 6.636E-06
 f_positive = 9.989E-2,  f_zero = 9.001E-1,  f_negative = 0.000E+0
 accumulated statistics:
 integral =  1.454773E-01,  sigma = 3.529E-03,  chi^2/iteration = 1.389E+06

 MONACO:  grid written to file GRID/grid2_1_5.out.2

 MONACO input parameters:
 ndim = 16,  ncall =       1M,   rtype = 0
 nprn =  0,  acc = -1.0E+0,  alph = 8.75E-1,  nd = 48,  mds =  0

 iteration  3:
 integral =  1.516273E-01,  sigma = 3.879E-03
 efficacy = 5.221E-05,  raw efficacy = 4.218E-07
 f_positive = 1.468E-1,  f_zero = 8.532E-1,  f_negative = 0.000E+0
 accumulated statistics:
 integral =  1.482627E-01,  sigma = 2.610E-03,  chi^2/iteration = 2.764E+00

 MONACO:  grid written to file GRID/grid2_1_5.out.3

 MONACO input parameters:
 ndim = 16,  ncall =       2M,   rtype = 0
 nprn =  0,  acc = -1.0E+0,  alph = 8.75E-1,  nd = 48,  mds =  0

 iteration  4:
 integral =  1.518898E-01,  sigma = 2.006E-03
 efficacy = 8.106E-05,  raw efficacy = 2.479E-07
 f_positive = 1.646E-1,  f_zero = 8.354E-1,  f_negative = 4.768E-7
 accumulated statistics:
 integral =  1.505432E-01,  sigma = 1.591E-03,  chi^2/iteration = 1.989E+00

 MONACO:  grid written to file GRID/grid2_1_5.out.4

 MONACO input parameters:
 ndim = 16,  ncall =       4M,   rtype = 0
 nprn =  0,  acc = -1.0E+0,  alph = 8.75E-1,  nd = 48,  mds =  0

 iteration  5:
 integral =  1.491105E-01,  sigma = 8.900E-04
 efficacy = 2.263E-04,  raw efficacy = 1.930E-07
 f_positive = 1.679E-1,  f_zero = 8.321E-1,  f_negative = 0.000E+0
 accumulated statistics:
 integral =  1.494521E-01,  sigma = 7.767E-04,  chi^2/iteration = 1.532E+00

 MONACO:  grid written to file GRID/grid2_1_5.out.5

 MONACO input parameters:
 ndim = 16,  ncall =       8M,   rtype = 0
 nprn =  0,  acc = -1.0E+0,  alph = 8.75E-1,  nd = 48,  mds =  0
  random number setting in monaco saved 

 iteration  6:
 integral =  1.488305E-01,  sigma = 9.293E-04
 efficacy = 2.275E-05,  raw efficacy = 2.896E-07
 f_positive = 1.671E-1,  f_zero = 8.329E-1,  f_negative = 1.192E-7
 accumulated statistics:
 integral =  1.491965E-01,  sigma = 5.959E-04,  chi^2/iteration = 1.215E+00

 MONACO:  grid written to file GRID/grid2_1_5.out.6
 
  result sub (LO):   0.14919647433430994       +-    5.9594975030120704E-004  fb    0.39943956649125700      %
 
  
 Subprocess           6
  

 MONACO input parameters:
 ndim = 16,  ncall =     128k,   rtype = 0
 nprn =  0,  acc = -1.0E+0,  alph = 8.75E-1,  nd = 48,  mds =  0

 MONACO:  continuing with uniform grid

 iteration  1:
 integral =  2.067383E-01,  sigma = 3.210E-02
 efficacy = 5.948E-05,  raw efficacy = 5.948E-05
 f_positive = 2.020E-2,  f_zero = 9.798E-1,  f_negative = 0.000E+0
 accumulated statistics:
 integral =  2.067383E-01,  sigma = 3.210E-02,  chi^2/iteration = 0.000E+00

 MONACO:  grid written to file GRID/grid2_1_6.out.1

 MONACO input parameters:
 ndim = 16,  ncall =     256k,   rtype = 0
 nprn =  0,  acc = -1.0E+0,  alph = 8.75E-1,  nd = 48,  mds =  0

 iteration  2:
 integral =  2.089263E-01,  sigma = 8.080E-03
 efficacy = 2.286E-04,  raw efficacy = 7.176E-06
 f_positive = 1.051E-1,  f_zero = 8.949E-1,  f_negative = 0.000E+0
 accumulated statistics:
 integral =  2.087959E-01,  sigma = 7.835E-03,  chi^2/iteration = 4.369E+03

 MONACO:  grid written to file GRID/grid2_1_6.out.2

 MONACO input parameters:
 ndim = 16,  ncall =     512k,   rtype = 0
 nprn =  0,  acc = -1.0E+0,  alph = 8.75E-1,  nd = 48,  mds =  0

 iteration  3:
 integral =  2.115926E-01,  sigma = 3.658E-03
 efficacy = 3.106E-04,  raw efficacy = 4.884E-06
 f_positive = 1.645E-1,  f_zero = 8.355E-1,  f_negative = 0.000E+0
 accumulated statistics:
 integral =  2.110921E-01,  sigma = 3.315E-03,  chi^2/iteration = 1.090E-01

 MONACO:  grid written to file GRID/grid2_1_6.out.3

 MONACO input parameters:
 ndim = 16,  ncall =       1M,   rtype = 0
 nprn =  0,  acc = -1.0E+0,  alph = 8.75E-1,  nd = 48,  mds =  0

 iteration  4:
 integral =  2.099817E-01,  sigma = 1.810E-03
 efficacy = 6.261E-04,  raw efficacy = 2.033E-06
 f_positive = 1.775E-1,  f_zero = 8.225E-1,  f_negative = 0.000E+0
 accumulated statistics:
 integral =  2.102368E-01,  sigma = 1.589E-03,  chi^2/iteration = 9.771E-02

 MONACO:  grid written to file GRID/grid2_1_6.out.4

 MONACO input parameters:
 ndim = 16,  ncall =       2M,   rtype = 0
 nprn =  0,  acc = -1.0E+0,  alph = 8.75E-1,  nd = 48,  mds =  0

 iteration  5:
 integral =  2.071741E-01,  sigma = 1.147E-03
 efficacy = 4.185E-04,  raw efficacy = 2.657E-06
 f_positive = 1.858E-1,  f_zero = 8.142E-1,  f_negative = 0.000E+0
 accumulated statistics:
 integral =  2.082236E-01,  sigma = 9.300E-04,  chi^2/iteration = 8.794E-01

 MONACO:  grid written to file GRID/grid2_1_6.out.5

 MONACO input parameters:
 ndim = 16,  ncall =       4M,   rtype = 0
 nprn =  0,  acc = -1.0E+0,  alph = 8.75E-1,  nd = 48,  mds =  0
  random number setting in monaco saved 

 iteration  6:
 integral =  2.076875E-01,  sigma = 1.292E-03
 efficacy = 4.839E-05,  raw efficacy = 1.807E-06
 f_positive = 1.855E-1,  f_zero = 8.145E-1,  f_negative = 0.000E+0
 accumulated statistics:
 integral =  2.080405E-01,  sigma = 7.547E-04,  chi^2/iteration = 6.879E-01

 MONACO:  grid written to file GRID/grid2_1_6.out.6
 
  result sub (LO):   0.20804054423396803       +-    7.5469736284178074E-004  fb    0.36276455900491572      %
 
  
 Subprocess           7
  

 MONACO input parameters:
 ndim = 16,  ncall =      32k,   rtype = 0
 nprn =  0,  acc = -1.0E+0,  alph = 8.75E-1,  nd = 48,  mds =  0

 MONACO:  continuing with uniform grid

 iteration  1:
 integral =  2.516278E-02,  sigma = 5.354E-03
 efficacy = 1.956E-04,  raw efficacy = 1.956E-04
 f_positive = 2.075E-2,  f_zero = 9.792E-1,  f_negative = 0.000E+0
 accumulated statistics:
 integral =  2.516278E-02,  sigma = 5.354E-03,  chi^2/iteration = 0.000E+00

 MONACO:  grid written to file GRID/grid2_1_7.out.1

 MONACO input parameters:
 ndim = 16,  ncall =      64k,   rtype = 0
 nprn =  0,  acc = -1.0E+0,  alph = 8.75E-1,  nd = 48,  mds =  0

 iteration  2:
 integral =  2.669507E-02,  sigma = 3.204E-03
 efficacy = 1.597E-04,  raw efficacy = 2.665E-05
 f_positive = 1.083E-1,  f_zero = 8.917E-1,  f_negative = 0.000E+0
 accumulated statistics:
 integral =  2.629102E-02,  sigma = 2.749E-03,  chi^2/iteration = 6.031E+04

 MONACO:  grid written to file GRID/grid2_1_7.out.2

 MONACO input parameters:
 ndim = 16,  ncall =     128k,   rtype = 0
 nprn =  0,  acc = -1.0E+0,  alph = 8.75E-1,  nd = 48,  mds =  0

 iteration  3:
 integral =  2.415223E-02,  sigma = 1.502E-03
 efficacy = 2.331E-04,  raw efficacy = 8.498E-06
 f_positive = 1.443E-1,  f_zero = 8.557E-1,  f_negative = 0.000E+0
 accumulated statistics:
 integral =  2.464357E-02,  sigma = 1.318E-03,  chi^2/iteration = 5.264E-01

 MONACO:  grid written to file GRID/grid2_1_7.out.3

 MONACO input parameters:
 ndim = 16,  ncall =     256k,   rtype = 0
 nprn =  0,  acc = -1.0E+0,  alph = 8.75E-1,  nd = 48,  mds =  0

 iteration  4:
 integral =  2.529125E-02,  sigma = 6.262E-04
 efficacy = 5.692E-04,  raw efficacy = 3.363E-06
 f_positive = 1.787E-1,  f_zero = 8.213E-1,  f_negative = 0.000E+0
 accumulated statistics:
 integral =  2.517194E-02,  sigma = 5.656E-04,  chi^2/iteration = 3.617E-01

 MONACO:  grid written to file GRID/grid2_1_7.out.4

 MONACO input parameters:
 ndim = 16,  ncall =     512k,   rtype = 0
 nprn =  0,  acc = -1.0E+0,  alph = 8.75E-1,  nd = 48,  mds =  0

 iteration  5:
 integral =  2.543509E-02,  sigma = 3.667E-04
 efficacy = 3.375E-04,  raw efficacy = 2.857E-06
 f_positive = 1.834E-1,  f_zero = 8.166E-1,  f_negative = 0.000E+0
 accumulated statistics:
 integral =  2.535721E-02,  sigma = 3.077E-04,  chi^2/iteration = 2.920E-01

 MONACO:  grid written to file GRID/grid2_1_7.out.5

 MONACO input parameters:
 ndim = 16,  ncall =       1M,   rtype = 0
 nprn =  0,  acc = -1.0E+0,  alph = 8.75E-1,  nd = 48,  mds =  0
  random number setting in monaco saved 

 iteration  6:
 integral =  2.640437E-02,  sigma = 2.698E-04
 efficacy = 2.699E-04,  raw efficacy = 1.782E-06
 f_positive = 1.913E-1,  f_zero = 8.087E-1,  f_negative = 0.000E+0
 accumulated statistics:
 integral =  2.594918E-02,  sigma = 2.029E-04,  chi^2/iteration = 1.856E+00

 MONACO:  grid written to file GRID/grid2_1_7.out.6
 
  result sub (LO):    2.5949175722689483E-002  +-    2.0285787508379254E-004  fb    0.78175074712071613      %
 
 
  result (LO):    2.3896044840070685       +-    3.1373001689467450E-003  fb    0.13128951631718921      %
  
   
 Initialising FF ..
   
 ====================================================
   FF 2.0, a package to evaluate one-loop integrals
 written by G. J. van Oldenborgh, NIKHEF-H, Amsterdam
 ====================================================
 for the algorithms used see preprint NIKHEF-H 89/17,
 'New Algorithms for One-loop Integrals', by G.J. van
 Oldenborgh and J.A.M. Vermaseren, published in 
 Zeitschrift fuer Physik C46(1990)425.
 ====================================================
 ====================================================
   FF 2.0, a package to evaluate one-loop integrals
 written by G. J. van Oldenborgh, NIKHEF-H, Amsterdam
 ====================================================
 for the algorithms used see preprint NIKHEF-H 89/17,
 'New Algorithms for One-loop Integrals', by G.J. van
 Oldenborgh and J.A.M. Vermaseren, published in 
 Zeitschrift fuer Physik C46(1990)425.
 ====================================================
 Initialize PDF set MSTW2008 NLO
  
 Subprocess           1
  

 MONACO input parameters:
 ndim = 16,  ncall =       8M,   rtype = 0
 nprn =  0,  acc = -1.0E+0,  alph = 8.75E-1,  nd = 48,  mds =  0

 MONACO:  grid read from file GRID/grid2_1_1.out.6                                                                                                                                                                                                                                      
 Reading PDF grid from /itp/scratch/rauch/vbfnlotest/binaryrelease30/share/VBFNLO/pdfsets/mstw2008nlo.00.dat

 iteration  1:
 integral =  7.969674E-01,  sigma = 2.694E-03
 efficacy = 5.655E-05,  raw efficacy = 3.039E-06
 f_positive = 1.665E-1,  f_zero = 8.335E-1,  f_negative = 0.000E+0
 accumulated statistics:
 integral =  7.969674E-01,  sigma = 2.694E-03,  chi^2/iteration = 0.000E+00

 MONACO:  grid written to file GRID/grid2_1_1.vout.1
  
  result for virtual contribution, no.            1
  sigma =   0.79696741235620172       +-    2.6944969837430252E-003  fb  
  
 total result for virtual contns so far 
  sigma =   0.79696741235620172       +-    2.6944969837430252E-003  fb
  

 MONACO input parameters:
 ndim = 16,  ncall =     256k,   rtype = 0
 nprn =  0,  acc = -1.0E+0,  alph = 8.75E-1,  nd = 48,  mds =  0

 MONACO:  grid read from file GRID/grid2_1_1.out.6                                                                                                                                                                                                                                      

 iteration  1:
 integral =  3.235485E-01,  sigma = 9.788E-03
 efficacy = 3.089E-04,  raw efficacy = 7.662E-06
 f_positive = 1.561E-1,  f_zero = 8.323E-1,  f_negative = 1.154E-2
 accumulated statistics:
 integral =  3.235485E-01,  sigma = 9.788E-03,  chi^2/iteration = 2.274E-13

 MONACO:  grid written to file GRID/grid2_1_1.vout.1
  
  result for virtual contribution, no.            2
  sigma =   0.32354846646481417       +-    9.7884808612183991E-003  fb  
  
 total result for virtual contns so far 
  sigma =    1.1205158788210159       +-    1.0152569702584619E-002  fb
  

 MONACO input parameters:
 ndim = 16,  ncall =       4M,   rtype = 0
 nprn =  0,  acc = -1.0E+0,  alph = 8.75E-1,  nd = 48,  mds =  0

 MONACO:  grid read from file GRID/grid2_1_1.out.6                                                                                                                                                                                                                                      

 iteration  1:
 integral =  3.765188E-01,  sigma = 1.476E-03
 efficacy = 2.960E-04,  raw efficacy = 3.233E-06
 f_positive = 1.665E-1,  f_zero = 8.335E-1,  f_negative = 5.245E-6
 accumulated statistics:
 integral =  3.765188E-01,  sigma = 1.476E-03,  chi^2/iteration = 2.183E-11

 MONACO:  grid written to file GRID/grid2_1_1.vout.1
  
  result for virtual contribution, no.            3
  sigma =   0.37651881437535845       +-    1.4760080548915171E-003  fb  
  
 total result for virtual contns so far 
  sigma =    1.4970346931963743       +-    1.0259301698651024E-002  fb
  
  
 Subprocess           2
  

 MONACO input parameters:
 ndim = 16,  ncall =       4M,   rtype = 0
 nprn =  0,  acc = -1.0E+0,  alph = 8.75E-1,  nd = 48,  mds =  0

 MONACO:  grid read from file GRID/grid2_1_2.out.6                                                                                                                                                                                                                                      

 iteration  1:
 integral =  3.891039E-01,  sigma = 1.331E-03
 efficacy = 1.174E-04,  raw efficacy = 5.400E-06
 f_positive = 1.945E-1,  f_zero = 8.055E-1,  f_negative = 2.384E-7
 accumulated statistics:
 integral =  3.891039E-01,  sigma = 1.331E-03,  chi^2/iteration = 0.000E+00

 MONACO:  grid written to file GRID/grid2_1_2.vout.1
  
  result for virtual contribution, no.            1
  sigma =   0.38910392029381291       +-    1.3310603504203724E-003  fb  
  
 total result for virtual contns so far 
  sigma =   0.38910392029381291       +-    1.3310603504203724E-003  fb
  

 MONACO input parameters:
 ndim = 16,  ncall =     128k,   rtype = 0
 nprn =  0,  acc = -1.0E+0,  alph = 8.75E-1,  nd = 48,  mds =  0

 MONACO:  grid read from file GRID/grid2_1_2.out.6                                                                                                                                                                                                                                      

 iteration  1:
 integral =  1.661520E-01,  sigma = 4.883E-03
 efficacy = 9.396E-04,  raw efficacy = 1.029E-05
 f_positive = 1.849E-1,  f_zero = 8.042E-1,  f_negative = 1.093E-2
 accumulated statistics:
 integral =  1.661520E-01,  sigma = 4.883E-03,  chi^2/iteration = 0.000E+00

 MONACO:  grid written to file GRID/grid2_1_2.vout.1
  
  result for virtual contribution, no.            2
  sigma =   0.16615200752194434       +-    4.8832952469749294E-003  fb  
  
 total result for virtual contns so far 
  sigma =   0.55525592781575728       +-    5.0614517804271481E-003  fb
  

 MONACO input parameters:
 ndim = 16,  ncall =       2M,   rtype = 0
 nprn =  0,  acc = -1.0E+0,  alph = 8.75E-1,  nd = 48,  mds =  0

 MONACO:  grid read from file GRID/grid2_1_2.out.6                                                                                                                                                                                                                                      

 iteration  1:
 integral =  1.844989E-01,  sigma = 1.075E-03
 efficacy = 1.250E-04,  raw efficacy = 4.185E-06
 f_positive = 1.941E-1,  f_zero = 8.059E-1,  f_negative = 2.241E-5
 accumulated statistics:
 integral =  1.844989E-01,  sigma = 1.075E-03,  chi^2/iteration = 0.000E+00

 MONACO:  grid written to file GRID/grid2_1_2.vout.1
  
  result for virtual contribution, no.            3
  sigma =   0.18449893597729666       +-    1.0746763395087522E-003  fb  
  
 total result for virtual contns so far 
  sigma =   0.73975486379305400       +-    5.1742848163093104E-003  fb
  
  
 Subprocess           3
  

 MONACO input parameters:
 ndim = 16,  ncall =       2M,   rtype = 0
 nprn =  0,  acc = -1.0E+0,  alph = 8.75E-1,  nd = 48,  mds =  0

 MONACO:  grid read from file GRID/grid2_1_3.out.6                                                                                                                                                                                                                                      

 iteration  1:
 integral =  4.892629E-01,  sigma = 1.580E-03
 efficacy = 8.345E-04,  raw efficacy = 1.756E-05
 f_positive = 2.158E-1,  f_zero = 7.842E-1,  f_negative = 0.000E+0
 accumulated statistics:
 integral =  4.892629E-01,  sigma = 1.580E-03,  chi^2/iteration = 0.000E+00

 MONACO:  grid written to file GRID/grid2_1_3.vout.1
  
  result for virtual contribution, no.            1
  sigma =   0.48926292251164882       +-    1.5796803482228778E-003  fb  
  
 total result for virtual contns so far 
  sigma =   0.48926292251164882       +-    1.5796803482228778E-003  fb
  

 MONACO input parameters:
 ndim = 16,  ncall =      64k,   rtype = 0
 nprn =  0,  acc = -1.0E+0,  alph = 8.75E-1,  nd = 48,  mds =  0

 MONACO:  grid read from file GRID/grid2_1_3.out.6                                                                                                                                                                                                                                      

 iteration  1:
 integral =  2.073790E-01,  sigma = 8.027E-03
 efficacy = 9.249E-04,  raw efficacy = 1.010E-05
 f_positive = 2.002E-1,  f_zero = 7.852E-1,  f_negative = 1.460E-2
 accumulated statistics:
 integral =  2.073790E-01,  sigma = 8.027E-03,  chi^2/iteration = 0.000E+00

 MONACO:  grid written to file GRID/grid2_1_3.vout.1
  
  result for virtual contribution, no.            2
  sigma =   0.20737902184007009       +-    8.0265739226031470E-003  fb  
  
 total result for virtual contns so far 
  sigma =   0.69664194435171889       +-    8.1805427043426908E-003  fb
  

 MONACO input parameters:
 ndim = 16,  ncall =       1M,   rtype = 0
 nprn =  0,  acc = -1.0E+0,  alph = 8.75E-1,  nd = 48,  mds =  0

 MONACO:  grid read from file GRID/grid2_1_3.out.6                                                                                                                                                                                                                                      

 iteration  1:
 integral =  1.036959E-01,  sigma = 8.219E-04
 efficacy = 1.826E-04,  raw efficacy = 1.818E-05
 f_positive = 2.089E-1,  f_zero = 7.846E-1,  f_negative = 6.462E-3
 accumulated statistics:
 integral =  1.036959E-01,  sigma = 8.219E-04,  chi^2/iteration = 3.638E-12

 MONACO:  grid written to file GRID/grid2_1_3.vout.1
  
  result for virtual contribution, no.            3
  sigma =   0.10369592461721423       +-    8.2191006850988529E-004  fb  
  
 total result for virtual contns so far 
  sigma =   0.80033786896893311       +-    8.2217282306272042E-003  fb
  
  
 Subprocess           4
  

 MONACO input parameters:
 ndim = 16,  ncall =       1M,   rtype = 0
 nprn =  0,  acc = -1.0E+0,  alph = 8.75E-1,  nd = 48,  mds =  0

 MONACO:  grid read from file GRID/grid2_1_4.out.6                                                                                                                                                                                                                                      

 iteration  1:
 integral =  8.519180E-02,  sigma = 4.875E-04
 efficacy = 4.419E-04,  raw efficacy = 6.170E-06
 f_positive = 2.395E-1,  f_zero = 7.605E-1,  f_negative = 0.000E+0
 accumulated statistics:
 integral =  8.519180E-02,  sigma = 4.875E-04,  chi^2/iteration = 0.000E+00

 MONACO:  grid written to file GRID/grid2_1_4.vout.1
  
  result for virtual contribution, no.            1
  sigma =    8.5191802367166364E-002  +-    4.8751554183314156E-004  fb  
  
 total result for virtual contns so far 
  sigma =    8.5191802367166364E-002  +-    4.8751554183314156E-004  fb
  

 MONACO input parameters:
 ndim = 16,  ncall =      32k,   rtype = 0
 nprn =  0,  acc = -1.0E+0,  alph = 8.75E-1,  nd = 48,  mds =  0

 MONACO:  grid read from file GRID/grid2_1_4.out.6                                                                                                                                                                                                                                      

 iteration  1:
 integral =  3.682460E-02,  sigma = 2.108E-03
 efficacy = 1.091E-03,  raw efficacy = 1.368E-05
 f_positive = 2.198E-1,  f_zero = 7.592E-1,  f_negative = 2.097E-2
 accumulated statistics:
 integral =  3.682460E-02,  sigma = 2.108E-03,  chi^2/iteration = 0.000E+00

 MONACO:  grid written to file GRID/grid2_1_4.vout.1
  
  result for virtual contribution, no.            2
  sigma =    3.6824598836429072E-002  +-    2.1081810288048311E-003  fb  
  
 total result for virtual contns so far 
  sigma =   0.12201640120359544       +-    2.1638157624302165E-003  fb
  

 MONACO input parameters:
 ndim = 16,  ncall =     512k,   rtype = 0
 nprn =  0,  acc = -1.0E+0,  alph = 8.75E-1,  nd = 48,  mds =  0

 MONACO:  grid read from file GRID/grid2_1_4.out.6                                                                                                                                                                                                                                      

 iteration  1:
 integral =  5.894665E-02,  sigma = 5.297E-04
 efficacy = 6.789E-04,  raw efficacy = 6.036E-06
 f_positive = 2.402E-1,  f_zero = 7.597E-1,  f_negative = 5.531E-5
 accumulated statistics:
 integral =  5.894665E-02,  sigma = 5.297E-04,  chi^2/iteration = 0.000E+00

 MONACO:  grid written to file GRID/grid2_1_4.vout.1
  
  result for virtual contribution, no.            3
  sigma =    5.8946647219328123E-002  +-    5.2967894695578441E-004  fb  
  
 total result for virtual contns so far 
  sigma =   0.18096304842292357       +-    2.2277025027120758E-003  fb
  
  
 Subprocess           5
  

 MONACO input parameters:
 ndim = 16,  ncall =       8M,   rtype = 0
 nprn =  0,  acc = -1.0E+0,  alph = 8.75E-1,  nd = 48,  mds =  0

 MONACO:  grid read from file GRID/grid2_1_5.out.6                                                                                                                                                                                                                                      

 iteration  1:
 integral =  1.318196E-01,  sigma = 7.223E-04
 efficacy = 4.563E-05,  raw efficacy = 1.097E-07
 f_positive = 1.457E-1,  f_zero = 8.543E-1,  f_negative = 0.000E+0
 accumulated statistics:
 integral =  1.318196E-01,  sigma = 7.223E-04,  chi^2/iteration = 0.000E+00

 MONACO:  grid written to file GRID/grid2_1_5.vout.1
  
  result for virtual contribution, no.            1
  sigma =   0.13181956787885735       +-    7.2228297378439284E-004  fb  
  
 total result for virtual contns so far 
  sigma =   0.13181956787885735       +-    7.2228297378439284E-004  fb
  

 MONACO input parameters:
 ndim = 16,  ncall =     256k,   rtype = 0
 nprn =  0,  acc = -1.0E+0,  alph = 8.75E-1,  nd = 48,  mds =  0

 MONACO:  grid read from file GRID/grid2_1_5.out.6                                                                                                                                                                                                                                      

 iteration  1:
 integral =  9.797937E-02,  sigma = 2.891E-03
 efficacy = 4.016E-04,  raw efficacy = 2.217E-06
 f_positive = 1.434E-1,  f_zero = 8.546E-1,  f_negative = 1.938E-3
 accumulated statistics:
 integral =  9.797937E-02,  sigma = 2.891E-03,  chi^2/iteration = 2.274E-13

 MONACO:  grid written to file GRID/grid2_1_5.vout.1
  
  result for virtual contribution, no.            2
  sigma =    9.7979368075818363E-002  +-    2.8910796944311428E-003  fb  
  
 total result for virtual contns so far 
  sigma =   0.22979893595467571       +-    2.9799386728204483E-003  fb
  

 MONACO input parameters:
 ndim = 16,  ncall =       4M,   rtype = 0
 nprn =  0,  acc = -1.0E+0,  alph = 8.75E-1,  nd = 48,  mds =  0

 MONACO:  grid read from file GRID/grid2_1_5.out.6                                                                                                                                                                                                                                      

 iteration  1:
 integral =  2.393788E-02,  sigma = 2.632E-04
 efficacy = 5.233E-05,  raw efficacy = 3.404E-07
 f_positive = 1.411E-1,  f_zero = 8.548E-1,  f_negative = 4.043E-3
 accumulated statistics:
 integral =  2.393788E-02,  sigma = 2.632E-04,  chi^2/iteration = 1.819E-12

 MONACO:  grid written to file GRID/grid2_1_5.vout.1
  
  result for virtual contribution, no.            3
  sigma =    2.3937881557354556E-002  +-    2.6323199745006471E-004  fb  
  
 total result for virtual contns so far 
  sigma =   0.25373681751203025       +-    2.9915423410429021E-003  fb
  
  
 Subprocess           6
  

 MONACO input parameters:
 ndim = 16,  ncall =       8M,   rtype = 0
 nprn =  0,  acc = -1.0E+0,  alph = 8.75E-1,  nd = 48,  mds =  0

 MONACO:  grid read from file GRID/grid2_1_6.out.6                                                                                                                                                                                                                                      

 iteration  1:
 integral =  1.779421E-01,  sigma = 6.691E-04
 efficacy = 1.002E-04,  raw efficacy = 1.612E-06
 f_positive = 1.703E-1,  f_zero = 8.297E-1,  f_negative = 0.000E+0
 accumulated statistics:
 integral =  1.779421E-01,  sigma = 6.691E-04,  chi^2/iteration = 1.455E-11

 MONACO:  grid written to file GRID/grid2_1_6.vout.1
  
  result for virtual contribution, no.            1
  sigma =   0.17794210914046463       +-    6.6905790975444141E-004  fb  
  
 total result for virtual contns so far 
  sigma =   0.17794210914046463       +-    6.6905790975444141E-004  fb
  

 MONACO input parameters:
 ndim = 16,  ncall =     256k,   rtype = 0
 nprn =  0,  acc = -1.0E+0,  alph = 8.75E-1,  nd = 48,  mds =  0

 MONACO:  grid read from file GRID/grid2_1_6.out.6                                                                                                                                                                                                                                      

 iteration  1:
 integral =  1.080679E-01,  sigma = 2.525E-03
 efficacy = 4.955E-04,  raw efficacy = 3.751E-06
 f_positive = 1.705E-1,  f_zero = 8.284E-1,  f_negative = 1.137E-3
 accumulated statistics:
 integral =  1.080679E-01,  sigma = 2.525E-03,  chi^2/iteration = 2.274E-13

 MONACO:  grid written to file GRID/grid2_1_6.vout.1
  
  result for virtual contribution, no.            2
  sigma =   0.10806787492407767       +-    2.5253150428757947E-003  fb  
  
 total result for virtual contns so far 
  sigma =   0.28600998406454231       +-    2.6124422581905535E-003  fb
  

 MONACO input parameters:
 ndim = 16,  ncall =       4M,   rtype = 0
 nprn =  0,  acc = -1.0E+0,  alph = 8.75E-1,  nd = 48,  mds =  0

 MONACO:  grid read from file GRID/grid2_1_6.out.6                                                                                                                                                                                                                                      

 iteration  1:
 integral =  2.660515E-02,  sigma = 1.681E-04
 efficacy = 1.670E-04,  raw efficacy = 2.669E-06
 f_positive = 1.502E-1,  f_zero = 8.289E-1,  f_negative = 2.099E-2
 accumulated statistics:
 integral =  2.660515E-02,  sigma = 1.681E-04,  chi^2/iteration = 3.638E-12

 MONACO:  grid written to file GRID/grid2_1_6.vout.1
  
  result for virtual contribution, no.            3
  sigma =    2.6605152015182043E-002  +-    1.6812280320339923E-004  fb  
  
 total result for virtual contns so far 
  sigma =   0.31261513607972435       +-    2.6178464105704766E-003  fb
  
  
 Subprocess           7
  

 MONACO input parameters:
 ndim = 16,  ncall =       1M,   rtype = 0
 nprn =  0,  acc = -1.0E+0,  alph = 8.75E-1,  nd = 48,  mds =  0

 MONACO:  grid read from file GRID/grid2_1_7.out.6                                                                                                                                                                                                                                      

 iteration  1:
 integral =  2.104038E-02,  sigma = 1.955E-04
 efficacy = 3.499E-04,  raw efficacy = 1.517E-06
 f_positive = 1.891E-1,  f_zero = 8.108E-1,  f_negative = 4.387E-5
 accumulated statistics:
 integral =  2.104038E-02,  sigma = 1.955E-04,  chi^2/iteration = 1.819E-12

 MONACO:  grid written to file GRID/grid2_1_7.vout.1
  
  result for virtual contribution, no.            1
  sigma =    2.1040375406297433E-002  +-    1.9549068502972884E-004  fb  
  
 total result for virtual contns so far 
  sigma =    2.1040375406297433E-002  +-    1.9549068502972884E-004  fb
  

 MONACO input parameters:
 ndim = 16,  ncall =      32k,   rtype = 0
 nprn =  0,  acc = -1.0E+0,  alph = 8.75E-1,  nd = 48,  mds =  0

 MONACO:  grid read from file GRID/grid2_1_7.out.6                                                                                                                                                                                                                                      

 iteration  1:
 integral =  1.602430E-02,  sigma = 8.809E-04
 efficacy = 9.976E-04,  raw efficacy = 6.244E-06
 f_positive = 1.906E-1,  f_zero = 8.080E-1,  f_negative = 1.404E-3
 accumulated statistics:
 integral =  1.602430E-02,  sigma = 8.809E-04,  chi^2/iteration = 0.000E+00

 MONACO:  grid written to file GRID/grid2_1_7.vout.1
  
  result for virtual contribution, no.            2
  sigma =    1.6024303180071996E-002  +-    8.8088205221793488E-004  fb  
  
 total result for virtual contns so far 
  sigma =    3.7064678586369429E-002  +-    9.0231358066532124E-004  fb
  

 MONACO input parameters:
 ndim = 16,  ncall =     512k,   rtype = 0
 nprn =  0,  acc = -1.0E+0,  alph = 8.75E-1,  nd = 48,  mds =  0

 MONACO:  grid read from file GRID/grid2_1_7.out.6                                                                                                                                                                                                                                      

 iteration  1:
 integral =  3.754410E-03,  sigma = 5.500E-05
 efficacy = 7.259E-04,  raw efficacy = 1.875E-06
 f_positive = 1.803E-1,  f_zero = 8.108E-1,  f_negative = 8.883E-3
 accumulated statistics:
 integral =  3.754410E-03,  sigma = 5.500E-05,  chi^2/iteration = 9.095E-13

 MONACO:  grid written to file GRID/grid2_1_7.vout.1
  
  result for virtual contribution, no.            3
  sigma =    3.7544099999466639E-003  +-    5.4999153849942483E-005  fb  
  
 total result for virtual contns so far 
  sigma =    4.0819088586316096E-002  +-    9.0398822159211943E-004  fb
  
  total result for virtual PS            1
  sigma =    3.8252615165593564       +-    1.4872982496980264E-002  fb
  
   
 Summary for FF ..
   
 
total number of errors and warnings
===================================
vbffferr: no errors
the warning system has been disabled
 
 vbfquadffopen: error: could not open /itp/scratch/rauch/vbfquadnlotest/binaryrelease30/share/VBFNLO/ff/fferr.dat                                                     
         adjust path in vbfquadffopen (vbfquadffinit.f)
vbfquadfferr:  warning cannot open fferr.dat with error texts
 
total number of errors and warnings
===================================
vbfquadfferr: no errors
the warning system has been disabled
 

 MONACO input parameters:
 ndim = 19,  ncall =     512k,   rtype = 0
 nprn =  0,  acc = -1.0E+0,  alph = 8.75E-1,  nd = 48,  mds =  0

 MONACO:  continuing with uniform grid
 QCD ZZ jjj -> 4l amplitude square information:
 external b quarks are included
 alpha parameter of dipoles:    1.0000000000000000     
 -----------------------------------------------

 iteration  1:
 integral = -1.370447E+00,  sigma = 2.983E-01
 efficacy = 1.085E-05,  raw efficacy = 1.085E-05
 f_positive = 1.836E-2,  f_zero = 9.370E-1,  f_negative = 4.465E-2
 accumulated statistics:
 integral = -1.370447E+00,  sigma = 2.983E-01,  chi^2/iteration = 0.000E+00

 MONACO:  grid written to file grid3_1.out.1

 MONACO input parameters:
 ndim = 19,  ncall =       1M,   rtype = 0
 nprn =  0,  acc = -1.0E+0,  alph = 8.75E-1,  nd = 48,  mds =  0

 iteration  2:
 integral = -1.208007E+00,  sigma = 1.148E-01
 efficacy = 1.745E-05,  raw efficacy = 8.353E-07
 f_positive = 4.749E-2,  f_zero = 8.269E-1,  f_negative = 1.256E-1
 accumulated statistics:
 integral = -1.228958E+00,  sigma = 1.071E-01,  chi^2/iteration = 2.584E+05

 MONACO:  grid written to file grid3_1.out.2

 MONACO input parameters:
 ndim = 19,  ncall =       2M,   rtype = 0
 nprn =  0,  acc = -1.0E+0,  alph = 8.75E-1,  nd = 48,  mds =  0

 iteration  3:
 integral = -1.226748E+00,  sigma = 5.565E-02
 efficacy = 2.209E-05,  raw efficacy = 4.302E-07
 f_positive = 6.300E-2,  f_zero = 7.628E-1,  f_negative = 1.742E-1
 accumulated statistics:
 integral = -1.227218E+00,  sigma = 4.939E-02,  chi^2/iteration = 2.587E-01

 MONACO:  grid written to file grid3_1.out.3

 MONACO input parameters:
 ndim = 19,  ncall =       4M,   rtype = 0
 nprn =  0,  acc = -1.0E+0,  alph = 8.75E-1,  nd = 48,  mds =  0

 iteration  4:
 integral = -1.219357E+00,  sigma = 3.847E-02
 efficacy = 1.655E-05,  raw efficacy = 1.541E-07
 f_positive = 7.172E-2,  f_zero = 7.336E-1,  f_negative = 1.946E-1
 accumulated statistics:
 integral = -1.222326E+00,  sigma = 3.035E-02,  chi^2/iteration = 1.372E-01

 MONACO:  grid written to file grid3_1.out.4

 MONACO input parameters:
 ndim = 19,  ncall =       8M,   rtype = 0
 nprn =  0,  acc = -1.0E+0,  alph = 8.75E-1,  nd = 48,  mds =  0

 iteration  5:
 integral = -1.246749E+00,  sigma = 2.640E-02
 efficacy = 1.009E-05,  raw efficacy = 3.696E-08
 f_positive = 6.736E-2,  f_zero = 7.369E-1,  f_negative = 1.958E-1
 accumulated statistics:
 integral = -1.236228E+00,  sigma = 1.992E-02,  chi^2/iteration = 2.144E-01

 MONACO:  grid written to file grid3_1.out.5

 MONACO input parameters:
 ndim = 19,  ncall =      16M,   rtype = 0
 nprn =  0,  acc = -1.0E+0,  alph = 8.75E-1,  nd = 48,  mds =  0

 iteration  6:
 integral = -1.261587E+00,  sigma = 1.458E-02
 efficacy = 1.386E-05,  raw efficacy = 1.980E-08
 f_positive = 6.830E-2,  f_zero = 7.334E-1,  f_negative = 1.983E-1
 accumulated statistics:
 integral = -1.252740E+00,  sigma = 1.176E-02,  chi^2/iteration = 4.246E-01

 MONACO:  grid written to file grid3_1.out.6
 
  result for real emissions 
  sigma =   -1.2527402430418251       +-    1.1764840695811164E-002  fb
  
 
total number of errors and warnings
===================================
fferr: no errors
 
  
  final result at NLO 
  sigma =    2.5725212735175313       +-    1.8963572578849584E-002  fb  0.73715901882202062      %

  penbox/ fermionloops instabilites 
      total calls                 268864
      instabilities dble               3   1.1158057605332064E-003 %
      instabilities quad               3   1.1158057605332064E-003 %
  Box instabilites 
      total calls                 444142
      instabilities dble              21   4.7282175520441663E-003 %
      instabilities quad              21   4.7282175520441663E-003 %
  Pentagon instabilites 
      total calls                 444142
      instabilities dble             743  0.16728884005565786      %
      instabilities quad               3   6.7545965029202368E-004 %
  Hexagon instabilites 
      total calls                 444142
      instabilities dble            1502  0.33818013157953986      %
      instabilities quad              68   1.5310418739952538E-002 %
 

 ========================================
    results of individual contributions
 ========================================

 virtual contributions
 gnlo           1   2.0913281099544494       +-    3.5738837203676730E-003
 gnlo           2  0.95597564084322573       +-    1.4284353582855572E-002
 gnlo           3  0.77795776576168074       +-    2.0952818971998522E-003

 total virtual contributions for different phase spaces
 subproc           1   3.8252615165593564       +-    1.4872982496980264E-002

 total virtual contributions for different subprocesses
 subproc           1   1.4970346931963743       +-    1.0259301698651024E-002
 subproc           2  0.73975486379305400       +-    5.1742848163093104E-003
 subproc           3  0.80033786896893311       +-    8.2217282306272042E-003
 subproc           4  0.18096304842292357       +-    2.2277025027120758E-003
 subproc           5  0.25373681751203025       +-    2.9915423410429021E-003
 subproc           6  0.31261513607972435       +-    2.6178464105704766E-003
 subproc           7   4.0819088586316096E-002  +-    9.0398822159211943E-004

 RE subprocesses
 PS            1
 subproc           1  -1.2527402430418251       +-    1.1764840695811164E-002
  
  
  
 !!!!!!!!!!!!!!!!!!!!!!!!!!!!!!!!!!!!!!!!!!!!!!!!!!!!!!!!!!!!!!!!!!!!!!!!!!!!!!!!!!!!!!!!!!!!!!!!!!!!!!!!
     VBFNLO 3.0.0 beta0 svn 7628
   
  PROCESS:         3210   :   p p -->  Z Z jj -->  e+ e- mu+ mu- jj (QCD induced)
   
  TOTAL result (LO):          2.3896044840070685       +-    3.1373001689467450E-003  fb    0.13128951631718921      %
  NLO virtual result:         3.8252615165593555       +-    1.4872982496980264E-002  fb    0.38880956066914396      %
  QCD real emission:         -1.2527402430418251       +-    1.1764840695811164E-002  fb   -0.93912850338746345      %
  TOTAL result (NLO):         2.5725212735175313       +-    1.8963572578849584E-002  fb    0.73715901882202062      %
  Approx. error due to instable points:    8.0238472043544281E-003  %
  K-Factor:                   1.0765468891336085     
 !!!!!!!!!!!!!!!!!!!!!!!!!!!!!!!!!!!!!!!!!!!!!!!!!!!!!!!!!!!!!!!!!!!!!!!!!!!!!!!!!!!!!!!!!!!!!!!!!!!!!!!!
  
  
