   
 -----------------------------------------------------------------
 VBFNLO, version 3.0.0 GIT 1571c2fe
 Comput. Phys. Commun. 180 (2009) 1661[arXiv:0811.4559 [hep-ph]]
 arXiV:1107.4038, arXiV:1207.4975, arXiv:1404.3940
 http://www.itp.kit.edu/vbfnlo
 -----------------------------------------------------------------
 Process-specific references (please cite as well if appropriate):
 G. Bozzi, F. Campanario, M. Rauch et al.
 Phys. Lett. B696 (2011) 380, e-Print: arXiv:1011.2206 [hep-ph]
 B. Feigl, PhD-thesis, http://digbib.ubka.uni-karlsruhe.de/volltexte/1000037298
 
 -----------------------------------------------------------------
   
   
  
        Information on global parameters
 -----------------------------------------------
   PROCESS               =      492
   LOPROCESS_PLUS_JET    =        F
   KK_MOD                =        F
   ANOM_CPL              =        F
   LEPTONS               =    98
   DECAY_QUARKS          =    93
   LO_ITERATIONS         =        6
   NLO_ITERATIONS        =        6
   LO_POINTS             =       25
   NLO_POINTS            =       25
   NLO_SWITCH            =        T
   EWCOR_SWITCH          =        F
   FERMIONLOOP           =        3
   NLO_SEMILEP_DECAY     =        0
   LHA_SWITCH            =        F
   HEPMC_SWITCH          =        F
   LO_GRID               = grid2_1                                           
                           grid2_2                                           
                           grid2_3                                           
   NLO_GRID              = grid3_1                                           
                           grid3_2                                           
                           grid3_3                                           
   PHTN_GRID             = grid4_1                                           
                           grid4_2                                           
                           grid4_3                                           
   FLOOP_GRID            = grid5_1                                           
                           grid5_2                                           
                           grid5_3                                           
   ECM                   =  13600.0    
   BEAM1                 =        1
   BEAM2                 =        1
   ID_MUF                =        4
   ID_MUR                =        4
   MUF_USER              =  100.000    
   MUR_USER              =  100.000    
   XIF                   =  1.00000    
   XIR                   =  1.00000    
 Warning: cannot read value for key = SHOWTIMING. Using default value :  T
 
       information on the selected process 
 -----------------------------------------------
 
  pp -> W- Z A -> l- vl~ q q~ A
 
 W- Z photon production with subsequent decay of the W boson to leptons
 and the Z boson to quarks.
 Process is implemented at LO and NLO QCD.
 Anomalous couplings can be set in "anomV.dat".
 References: G. Bozzi, F. Campanario, M. Rauch et al.
 Phys. Lett. B696 (2011) 380, e-Print: arXiv:1011.2206 [hep-ph]
 B. Feigl, PhD-thesis, http://digbib.ubka.uni-karlsruhe.de/volltexte/1000037298
 
             Information on PDF sets            
 -----------------------------------------------
 Initializing PDF set CT18
  
               Physics parameters
 -----------------------------------------------
   HTYPE                 =        0
   MODEL                 =        1
   ANOM_CPL              =        F
   KK_MOD                =        F
   SPIN2                 =        F
   HMASS                 =  125.000    
   HWIDTH                = -999.000    
   TOPMASS               =  172.500    
   BOTTOMMASS            =  4.85500    
   CHARMMASS             =  1.65000    
   TAU_MASS              =  1.77684    
   EWSCHEME              =        3
   FERMI_CONST           = 0.116637E-04
   WMASS                 =  80.3980    
   ZMASS                 =  91.1876    
   
 Running in the SM
   
 Higgs mass =   125.00000000000000     
   
   
  
 Information on scale setting in InitScales 
 -------------------------------------------
  
 Dynamical factorization scale chosen:
       invariant VVV mass 
 Dynamical value for alphas chosen:
 alphas = alpha(invariant VVV mass)
  
  
   Information on couplings, masses and widths
 ===============================================
  
   SM coupling parameters 
 ---------------------------
   G_Fermi                         : 0.000011663700
   SIN**2 of the weak mixing angle : 0.22264585
   Q.E.D. fine structure constant  : 1/132.34070    
   SU(2) coupling constant g       : 0.65305673
   U(1) coupling constant g'       : 0.34950127
   Q.C.D. LO alfas(MZ)             : 0.12980813
   Q.C.D. NLO alfas(MZ)            : 0.11798159
  
      particle masses
 ---------------------------
   mass of the Z0 boson            :   91.1876
   mass of the W+/- boson          :   80.3980
   mass of the Higgs boson         :  125.0000
   mass of the top quark           :  172.5000
   mass of the bottom quark at MH  :    2.8039
  (All other fermions have mass equal ZERO)
  
      particle widths
 ---------------------------
   total widths of Z0              :   2.508420 GeV
   total widths of W+ or W-        :   2.097673 GeV
   total widths of Higgs           :   0.004128 GeV
   total widths of top quark       :   1.342520 GeV
  
     branching ratios
 ---------------------------
   W -> lepton anti-lepton         : 10.8397227 %
   W -> massless quark anti-quark  : 33.7404159 %
   W -> top bottom                 :  0.0000000 %
  
   Z -> neutrino anti-neutrino     :  6.6129820 %
   Z -> charged lepton anti-lepton :  3.3460763 %
   Z -> up-type quark anti-quark   : 11.9908090 %
   Z -> down-type quark anti-quark : 15.3804024 %
   Z -> top anti-top               :  0.0000000 %
  
   H -> WW                         : 20.4628169 %
   H -> ZZ                         :  2.5390366 %
   H -> bottom anti-bottom         : 58.7489081 %
   H -> top anti-top               :  0.0000000 %
   H -> charm anti-charm           :  3.4901975 %
   H -> tau anti-tau               :  6.2665676 %
   H -> mu anti-mu                 :  0.0221853 %
   H -> gluon gluon                :  8.0504027 %
   H -> gamma gamma                :  0.2383715 %
   H -> Z gamma                    :  0.1815139 %
  
 Warning: cannot read value for key = EXISOLCUT. Using default value :    1.0000000000000000     
 Warning: cannot read value for key = MJ_WINDOWV. Using default value :    0.0000000000000000     
 
          information on cut parameters
 -----------------------------------------------
 
 minimum jet pt        (PT_JET_MIN):     20.00    20.00    20.00   
 maximum jet rapidity                 (Y_JET_MAX):    4.5000000000000000     
 maximum parton pseudorapidity          (Y_P_MAX):    5.0000000000000000     
 minimum jet-jet R-separation           (RJJ_MIN):   0.80000000000000004     
 minimum number of jets                (NJET_MIN):            2
 single jet from hadronic decay (SINGLE_DECAYJET):            0
 exponent of generalised kT algorithm (PGENKTJET):    1.0000000000000000     
 minimum lepton-lepton R-separation     (RLL_MIN):   0.40000000000000002     
 maximum lepton-lepton R-separation     (RLL_MAX):    50.000000000000000     
 minimum jet-lepton R-separation        (RJL_MIN):   0.59999999999999998     
 minimum jet-photon R-separation        (RJG_MIN):   0.59999999999999998     
 minimum lepton-photon R-separation     (RLG_MIN):   0.59999999999999998     
 minimum photon-photon R-separation     (RGG_MIN):   0.59999999999999998     
 maximum photon-photon R-separation     (RGG_MAX):    50.000000000000000     
 maximum lepton rapidity                (Y_L_MAX):    2.5000000000000000     
 minimum lepton pt       (PT_L_MIN):     10.00   
 minimum invariant dilepton mass        (MLL_MIN):    15.000000000000000     
 maximum invariant dilepton mass        (MLL_MAX):    1.0000000000000000E+020
 m_ll cuts only on opposite-sign l   (MLL_OSONLY):  T
 maximum photon rapidity                (Y_G_MAX):    1.5000000000000000     
 minimum photon pt       (PT_G_MIN):     20.00   
 photon isolation cut                 (PHISOLCUT):   0.69999999999999996     
 efficiency of photon isolation cut   (EFISOLCUT):    1.0000000000000000     
 exponent of photon isolation cut   (EXISOLCUT):    1.0000000000000000     
 minimum invariant lepton-photon mass   (MLG_MIN):    0.0000000000000000     
 maximum invariant lepton-photon mass   (MLG_MAX):    1.0000000000000000E+020
 minimal missing transverse momentum (PTMISS_MIN):    0.0000000000000000     
 minimum jet rapidity separation      (ETAJJ_MIN):    0.0000000000000000     
 tagging jets in opposite hemispheres     (YSIGN):    F
 leptons fall inside rapidity gap     (LRAPIDGAP):    F
 min leptons y-dist from tagging jets   (DELY_JL):    0.0000000000000000     
 photons fall inside rapidity gap     (GRAPIDGAP):    F
 min photons y-dist from tagging jets   (DELY_JG):    0.0000000000000000     
 dijet min mass cut on tag jets        (MDIJ_MIN):    600.00000000000000     
 dijet max mass cut on tag jets        (MDIJ_MAX):    1.0000000000000000E+020
 excluded jet-m window               (MJ_WINDOWV):    85.792800000000000        85.792800000000000     
 veto criteria for jets                   (JVETO):    F
 minimum veto-tag y-dist             (DELY_JVETO):    0.0000000000000000     
 maximum |y| for veto jet             (YMAX_VETO):    4.5000000000000000     
 minimum pT for veto jet             (PTMIN_VETO):    50.000000000000000     
 definition of tagging jets          (DEF_TAGJET):            1
 minimal pt for harder tagging jet  (PTMIN_TAG_1):    20.000000000000000     
 minimal pt for softer tagging jet  (PTMIN_TAG_2):    20.000000000000000     
 mass reconst. cut for V -> had   (RECONST_HAD_V):            0
 mass range for RECONST_HAD_V      (V_MASS_RANGE):    20.000000000000000     
 

 --------------------PHASE SPACE--------------------

 boson has mass    80.40 GeV and width     2.0977 GeV
 integration range for boson   4 =      0.032  to     9616.652 GeV
 boson has mass    91.19 GeV and width     2.5084 GeV
 integration range for boson   2 =      0.032  to     9616.652 GeV
 boson has mass     0.00 GeV and width     0.0000 GeV
 integration range for boson   1 =      0.032  to     9616.652 GeV

 machine energy =    13600.0  GeV

 ---------------------------------------------------

  Open error on file random.dat
  Using default values.
  Random number generator initialized with seed =            0
 
          information on histogram config
 -----------------------------------------------
 
  Open error on file histograms.dat
  Using default values.
 SMEARING           =      T
 SMEAR_VALUE        =       0.10000000000000001     
 CALC_ERROR_GNUPLOT =      F
 CALC_ERROR_ROOT    =      F
 CALC_ERROR_1D      =      T
 CALC_ERROR_2D      =      F
 
HIST_ID1      =      0.00    250.00  # dS/dpT_j (fb/GeV)
HIST_ID2      =      0.00    500.00  # dS/dpTmax_j (fb/GeV)
HIST_ID3      =      0.00    200.00  # dS/dpTmin_j (fb/GeV)
HIST_ID4      =     -5.00      5.00  # dS/dy_j (fb)
HIST_ID5      =     -5.00      5.00  # dS/dy_j1 (fb)
HIST_ID6      =     -5.00      5.00  # dS/dy_j2 (fb)
HIST_ID7      =      0.00    500.00  # dS/dpTmax_l (fb/GeV)
HIST_ID8      =      0.00    200.00  # dS/dpTmin_l (fb/GeV)
HIST_ID9      =      0.00      5.00  # dS/d|eta|max_l (fb)
HIST_ID10     =      0.00      5.00  # dS/d|eta|min_l (fb)
HIST_ID11     =   -180.00    180.00  # dS/dPhi_jj (fb)
2DHIST_ID1    =      0.00      6.00      0.00    800.00  # d2S/dy_jj dm_jj (fb/GeV)
 
 -----------------------------------------------
 
Starttime: 2024-04-30T16:03:16+0200
  
 PHASE SPACE           1
  

 MONACO input parameters:
 ndim = 12,  ncall =       1M,   rtype = 0
 nprn =  0,  acc = -1.0E+0,  alph =  8.75E-1,  nd = 48,  mds =  0

 MONACO:  continuing with uniform grid
  
 W-ZA amplitude square information:
 -----------------------------------------------
  
  precalculated tensors initialized to                (0.0000000000000000,0.0000000000000000)
  External b-quark contributions are excluded

 iteration  1:
 integral =  1.019028E+00,  sigma = 3.541E-02
 efficacy = 7.935E-05,  raw efficacy = 7.935E-05
 f_positive = 2.088E-2,  f_zero = 9.791E-1,  f_negative = 0.000E+0
 accumulated statistics:
 integral =  1.019028E+00,  sigma = 3.541E-02,  chi^2/iteration = 0.000E+00

 MONACO:  grid written to file grid2_1.out.1

 MONACO input parameters:
 ndim = 12,  ncall =       2M,   rtype = 0
 nprn =  0,  acc = -1.0E+0,  alph =  8.75E-1,  nd = 48,  mds =  0

 iteration  2:
 integral =  1.073975E+00,  sigma = 6.094E-03
 efficacy = 7.722E-04,  raw efficacy = 2.282E-05
 f_positive = 1.876E-1,  f_zero = 8.124E-1,  f_negative = 0.000E+0
 accumulated statistics:
 integral =  1.072394E+00,  sigma = 6.006E-03,  chi^2/iteration = 2.338E+06

 MONACO:  grid written to file grid2_1.out.2

 MONACO input parameters:
 ndim = 12,  ncall =       4M,   rtype = 0
 nprn =  0,  acc = -1.0E+0,  alph =  8.75E-1,  nd = 48,  mds =  0

 iteration  3:
 integral =  1.083485E+00,  sigma = 2.905E-03
 efficacy = 1.012E-03,  raw efficacy = 1.385E-05
 f_positive = 2.877E-1,  f_zero = 7.123E-1,  f_negative = 0.000E+0
 accumulated statistics:
 integral =  1.081382E+00,  sigma = 2.615E-03,  chi^2/iteration = 5.102E+00

 MONACO:  grid written to file grid2_1.out.3

 MONACO input parameters:
 ndim = 12,  ncall =       8M,   rtype = 0
 nprn =  0,  acc = -1.0E+0,  alph =  8.75E-1,  nd = 48,  mds =  0

 iteration  4:
 integral =  1.083170E+00,  sigma = 1.796E-03
 efficacy = 7.955E-04,  raw efficacy = 1.336E-05
 f_positive = 3.268E-1,  f_zero = 6.732E-1,  f_negative = 0.000E+0
 accumulated statistics:
 integral =  1.082597E+00,  sigma = 1.481E-03,  chi^2/iteration = 2.710E+00

 MONACO:  grid written to file grid2_1.out.4

 MONACO input parameters:
 ndim = 12,  ncall =      16M,   rtype = 0
 nprn =  0,  acc = -1.0E+0,  alph =  8.75E-1,  nd = 48,  mds =  0

 iteration  5:
 integral =  1.082660E+00,  sigma = 1.229E-03
 efficacy = 3.958E-04,  raw efficacy = 9.577E-06
 f_positive = 3.421E-1,  f_zero = 6.579E-1,  f_negative = 0.000E+0
 accumulated statistics:
 integral =  1.082634E+00,  sigma = 9.458E-04,  chi^2/iteration = 1.807E+00

 MONACO:  grid written to file grid2_1.out.5

 MONACO input parameters:
 ndim = 12,  ncall =      32M,   rtype = 0
 nprn =  0,  acc = -1.0E+0,  alph =  8.75E-1,  nd = 48,  mds =  0

 iteration  6:
 integral =  1.084189E+00,  sigma = 8.691E-04
 efficacy = 2.661E-04,  raw efficacy = 5.053E-06
 f_positive = 3.509E-1,  f_zero = 6.491E-1,  f_negative = 0.000E+0
 accumulated statistics:
 integral =  1.083478E+00,  sigma = 6.400E-04,  chi^2/iteration = 1.721E+00

 MONACO:  grid written to file grid2_1.out.6
 
  result (LO):    1.0834775908250482       +-    6.3995596528491547E-004  fb     5.9064993194515525E-002 %
 
  
 PHASE SPACE           2
  

 MONACO input parameters:
 ndim = 12,  ncall =       2M,   rtype = 0
 nprn =  0,  acc = -1.0E+0,  alph =  8.75E-1,  nd = 48,  mds =  0

 MONACO:  continuing with uniform grid

 iteration  1:
 integral =  4.696345E-01,  sigma = 2.125E-02
 efficacy = 3.697E-05,  raw efficacy = 3.697E-05
 f_positive = 2.092E-2,  f_zero = 9.791E-1,  f_negative = 0.000E+0
 accumulated statistics:
 integral =  4.696345E-01,  sigma = 2.125E-02,  chi^2/iteration = 5.684E-14

 MONACO:  grid written to file grid2_2.out.1

 MONACO input parameters:
 ndim = 12,  ncall =       4M,   rtype = 0
 nprn =  0,  acc = -1.0E+0,  alph =  8.75E-1,  nd = 48,  mds =  0

 iteration  2:
 integral =  5.152598E-01,  sigma = 4.420E-03
 efficacy = 1.325E-04,  raw efficacy = 5.090E-06
 f_positive = 8.181E-2,  f_zero = 9.182E-1,  f_negative = 0.000E+0
 accumulated statistics:
 integral =  5.133680E-01,  sigma = 4.328E-03,  chi^2/iteration = 4.417E+06

 MONACO:  grid written to file grid2_2.out.2

 MONACO input parameters:
 ndim = 12,  ncall =       8M,   rtype = 0
 nprn =  0,  acc = -1.0E+0,  alph =  8.75E-1,  nd = 48,  mds =  0

 iteration  3:
 integral =  5.124952E-01,  sigma = 1.696E-03
 efficacy = 4.172E-04,  raw efficacy = 3.066E-06
 f_positive = 1.087E-1,  f_zero = 8.913E-1,  f_negative = 0.000E+0
 accumulated statistics:
 integral =  5.126114E-01,  sigma = 1.579E-03,  chi^2/iteration = 4.452E+00

 MONACO:  grid written to file grid2_2.out.3

 MONACO input parameters:
 ndim = 12,  ncall =      16M,   rtype = 0
 nprn =  0,  acc = -1.0E+0,  alph =  8.75E-1,  nd = 48,  mds =  0

 iteration  4:
 integral =  5.114364E-01,  sigma = 9.415E-04
 efficacy = 6.307E-04,  raw efficacy = 2.871E-06
 f_positive = 1.169E-1,  f_zero = 8.831E-1,  f_negative = 0.000E+0
 accumulated statistics:
 integral =  5.117446E-01,  sigma = 8.086E-04,  chi^2/iteration = 2.430E+00

 MONACO:  grid written to file grid2_2.out.4

 MONACO input parameters:
 ndim = 12,  ncall =      32M,   rtype = 0
 nprn =  0,  acc = -1.0E+0,  alph =  8.75E-1,  nd = 48,  mds =  0

 iteration  5:
 integral =  5.123082E-01,  sigma = 6.177E-04
 efficacy = 4.628E-04,  raw efficacy = 2.681E-06
 f_positive = 1.194E-1,  f_zero = 8.806E-1,  f_negative = 0.000E+0
 accumulated statistics:
 integral =  5.121005E-01,  sigma = 4.909E-04,  chi^2/iteration = 1.723E+00

 MONACO:  grid written to file grid2_2.out.5

 MONACO input parameters:
 ndim = 12,  ncall =      64M,   rtype = 0
 nprn =  0,  acc = -1.0E+0,  alph =  8.75E-1,  nd = 48,  mds =  0

 iteration  6:
 integral =  5.128034E-01,  sigma = 4.381E-04
 efficacy = 1.042E-04,  raw efficacy = 2.308E-06
 f_positive = 1.197E-1,  f_zero = 8.803E-1,  f_negative = 0.000E+0
 accumulated statistics:
 integral =  5.124918E-01,  sigma = 3.268E-04,  chi^2/iteration = 1.577E+00

 MONACO:  grid written to file grid2_2.out.6
 
  result (LO):   0.51249178606107304       +-    3.2683672716501445E-004  fb     6.3774042053830249E-002 %
 
  
 PHASE SPACE           3
  

 MONACO input parameters:
 ndim = 12,  ncall =       2M,   rtype = 0
 nprn =  0,  acc = -1.0E+0,  alph =  8.75E-1,  nd = 48,  mds =  0

 MONACO:  continuing with uniform grid

 iteration  1:
 integral =  1.957786E-01,  sigma = 1.499E-02
 efficacy = 1.038E-05,  raw efficacy = 1.038E-05
 f_positive = 4.045E-3,  f_zero = 9.960E-1,  f_negative = 0.000E+0
 accumulated statistics:
 integral =  1.957786E-01,  sigma = 1.499E-02,  chi^2/iteration = 2.842E-14

 MONACO:  grid written to file grid2_3.out.1

 MONACO input parameters:
 ndim = 12,  ncall =       4M,   rtype = 0
 nprn =  0,  acc = -1.0E+0,  alph =  8.75E-1,  nd = 48,  mds =  0

 iteration  2:
 integral =  1.882018E-01,  sigma = 1.942E-03
 efficacy = 1.247E-04,  raw efficacy = 4.648E-06
 f_positive = 3.365E-2,  f_zero = 9.663E-1,  f_negative = 0.000E+0
 accumulated statistics:
 integral =  1.883269E-01,  sigma = 1.925E-03,  chi^2/iteration = 2.514E+05

 MONACO:  grid written to file grid2_3.out.2

 MONACO input parameters:
 ndim = 12,  ncall =       8M,   rtype = 0
 nprn =  0,  acc = -1.0E+0,  alph =  8.75E-1,  nd = 48,  mds =  0

 iteration  3:
 integral =  1.889168E-01,  sigma = 6.769E-04
 efficacy = 3.268E-04,  raw efficacy = 2.562E-06
 f_positive = 5.964E-2,  f_zero = 9.404E-1,  f_negative = 0.000E+0
 accumulated statistics:
 integral =  1.888519E-01,  sigma = 6.386E-04,  chi^2/iteration = 3.350E-01

 MONACO:  grid written to file grid2_3.out.3

 MONACO input parameters:
 ndim = 12,  ncall =      16M,   rtype = 0
 nprn =  0,  acc = -1.0E+0,  alph =  8.75E-1,  nd = 48,  mds =  0

 iteration  4:
 integral =  1.887887E-01,  sigma = 3.691E-04
 efficacy = 5.395E-04,  raw efficacy = 2.108E-06
 f_positive = 7.283E-2,  f_zero = 9.272E-1,  f_negative = 0.000E+0
 accumulated statistics:
 integral =  1.888046E-01,  sigma = 3.196E-04,  chi^2/iteration = 1.711E-01

 MONACO:  grid written to file grid2_3.out.4

 MONACO input parameters:
 ndim = 12,  ncall =      32M,   rtype = 0
 nprn =  0,  acc = -1.0E+0,  alph =  8.75E-1,  nd = 48,  mds =  0

 iteration  5:
 integral =  1.886340E-01,  sigma = 2.380E-04
 efficacy = 3.640E-04,  raw efficacy = 2.463E-06
 f_positive = 7.980E-2,  f_zero = 9.202E-1,  f_negative = 0.000E+0
 accumulated statistics:
 integral =  1.886949E-01,  sigma = 1.909E-04,  chi^2/iteration = 1.752E-01

 MONACO:  grid written to file grid2_3.out.5

 MONACO input parameters:
 ndim = 12,  ncall =      64M,   rtype = 0
 nprn =  0,  acc = -1.0E+0,  alph =  8.75E-1,  nd = 48,  mds =  0

 iteration  6:
 integral =  1.885328E-01,  sigma = 1.634E-04
 efficacy = 1.732E-04,  raw efficacy = 2.297E-06
 f_positive = 8.330E-2,  f_zero = 9.167E-1,  f_negative = 0.000E+0
 accumulated statistics:
 integral =  1.886013E-01,  sigma = 1.241E-04,  chi^2/iteration = 2.354E-01

 MONACO:  grid written to file grid2_3.out.6
 
  result (LO):   0.18860132144770525       +-    1.2410779481055741E-004  fb     6.5804308187188187E-002 %
 
 
  Total (multi-channel) result (LO):    1.7845706983338263       +-    7.2922467625583366E-004  fb     4.0862750740930466E-002 %
  
   
 Initialising FF ..
   
 ====================================================
   FF 2.0, a package to evaluate one-loop integrals
 written by G. J. van Oldenborgh, NIKHEF-H, Amsterdam
 ====================================================
 for the algorithms used see preprint NIKHEF-H 89/17,
 'New Algorithms for One-loop Integrals', by G.J. van
 Oldenborgh and J.A.M. Vermaseren, published in 
 Zeitschrift fuer Physik C46(1990)425.
 ====================================================
  
 PHASE SPACE            1
  

 MONACO input parameters:
 ndim = 12,  ncall =      32M,   rtype = 0
 nprn =  0,  acc = -1.0E+0,  alph =  8.75E-1,  nd = 48,  mds =  0

 MONACO:  grid read from file grid2_1.out.6                                                                                                                                                                                                                                             

 iteration  1:
 integral =  1.172734E+00,  sigma = 9.168E-04
 efficacy = 5.826E-04,  raw efficacy = 7.028E-06
 f_positive = 3.517E-1,  f_zero = 6.483E-1,  f_negative = 0.000E+0
 accumulated statistics:
 integral =  1.172734E+00,  sigma = 9.168E-04,  chi^2/iteration = 2.328E-10

 MONACO:  grid written to file grid2_1.vout.1
  
  result for virtual contribution, no.            1
  sigma =    1.1727342360194906       +-    9.1682173797648088E-004  fb  
  
 total result for virtual contns so far 
  sigma =    1.1727342360194906       +-    9.1682173797648088E-004  fb
  

 MONACO input parameters:
 ndim = 12,  ncall =       8M,   rtype = 0
 nprn =  0,  acc = -1.0E+0,  alph =  8.75E-1,  nd = 48,  mds =  0

 MONACO:  grid read from file grid2_1.out.6                                                                                                                                                                                                                                             

 iteration  1:
 integral =  6.920381E-02,  sigma = 2.462E-04
 efficacy = 1.792E-04,  raw efficacy = 7.776E-07
 f_positive = 2.552E-1,  f_zero = 6.480E-1,  f_negative = 9.674E-2
 accumulated statistics:
 integral =  6.920381E-02,  sigma = 2.462E-04,  chi^2/iteration = 0.000E+00

 MONACO:  grid written to file grid2_1.vout.2
  
  result for virtual contribution, no.            2
  sigma =    6.9203812762846081E-002  +-    2.4624533302554597E-004  fb  
  Box instabilites           0
           total calls           0
           instabilities [%]   0.0000000000000000     
  
 total result for virtual contns so far 
  sigma =    1.2419380487823366       +-    9.4931494419032351E-004  fb
  

 MONACO input parameters:
 ndim = 12,  ncall =       2M,   rtype = 0
 nprn =  0,  acc = -1.0E+0,  alph =  8.75E-1,  nd = 48,  mds =  0

 MONACO:  grid read from file grid2_1.out.6                                                                                                                                                                                                                                             

 iteration  1:
 integral =  7.409521E-02,  sigma = 6.318E-04
 efficacy = 1.263E-04,  raw efficacy = 1.439E-06
 f_positive = 2.272E-1,  f_zero = 6.477E-1,  f_negative = 1.250E-1
 accumulated statistics:
 integral =  7.409521E-02,  sigma = 6.318E-04,  chi^2/iteration = 1.819E-12

 MONACO:  grid written to file grid2_1.vout.3
  
  result for virtual contribution, no.            3
  sigma =    7.4095207707346594E-002  +-    6.3177784628617225E-004  fb  
  Pentagon instabilites         196
           total calls     2955120
           instabilities [%]   6.6325563767292020E-003
  
 total result for virtual contns so far 
  sigma =    1.3160332564896833       +-    1.1403254405304966E-003  fb
  
  
 PHASE SPACE            2
  

 MONACO input parameters:
 ndim = 12,  ncall =      64M,   rtype = 0
 nprn =  0,  acc = -1.0E+0,  alph =  8.75E-1,  nd = 48,  mds =  0

 MONACO:  grid read from file grid2_2.out.6                                                                                                                                                                                                                                             

 iteration  1:
 integral =  5.559473E-01,  sigma = 4.638E-04
 efficacy = 2.732E-04,  raw efficacy = 2.441E-06
 f_positive = 1.187E-1,  f_zero = 8.813E-1,  f_negative = 0.000E+0
 accumulated statistics:
 integral =  5.559473E-01,  sigma = 4.638E-04,  chi^2/iteration = 2.328E-10

 MONACO:  grid written to file grid2_2.vout.1
  
  result for virtual contribution, no.            1
  sigma =   0.55594734080899622       +-    4.6383901112049110E-004  fb  
  
 total result for virtual contns so far 
  sigma =   0.55594734080899622       +-    4.6383901112049110E-004  fb
  

 MONACO input parameters:
 ndim = 12,  ncall =      16M,   rtype = 0
 nprn =  0,  acc = -1.0E+0,  alph =  8.75E-1,  nd = 48,  mds =  0

 MONACO:  grid read from file grid2_2.out.6                                                                                                                                                                                                                                             

 iteration  1:
 integral =  6.658175E-02,  sigma = 1.551E-04
 efficacy = 2.298E-04,  raw efficacy = 3.451E-06
 f_positive = 1.117E-1,  f_zero = 8.812E-1,  f_negative = 7.084E-3
 accumulated statistics:
 integral =  6.658175E-02,  sigma = 1.551E-04,  chi^2/iteration = 0.000E+00

 MONACO:  grid written to file grid2_2.vout.2
  
  result for virtual contribution, no.            2
  sigma =    6.6581752775137837E-002  +-    1.5511548526845787E-004  fb  
  Box instabilites           0
           total calls           0
           instabilities [%]   0.0000000000000000     
  
 total result for virtual contns so far 
  sigma =   0.62252909358413411       +-    4.8908837852407031E-004  fb
  

 MONACO input parameters:
 ndim = 12,  ncall =       4M,   rtype = 0
 nprn =  0,  acc = -1.0E+0,  alph =  8.75E-1,  nd = 48,  mds =  0

 MONACO:  grid read from file grid2_2.out.6                                                                                                                                                                                                                                             

 iteration  1:
 integral = -2.053371E-05,  sigma = 2.443E-05
 efficacy = 5.825E-07,  raw efficacy = 9.698E-09
 f_positive = 5.636E-2,  f_zero = 8.814E-1,  f_negative = 6.223E-2
 accumulated statistics:
 integral = -2.053371E-05,  sigma = 2.443E-05,  chi^2/iteration = 1.110E-16

 MONACO:  grid written to file grid2_2.vout.3
  
  result for virtual contribution, no.            3
  sigma =   -2.0533712271252986E-005  +-    2.4433517072306014E-005  fb  
  Pentagon instabilites        1120
           total calls     1990592
           instabilities [%]   5.6264669002990063E-002
  
 total result for virtual contns so far 
  sigma =   0.62250855987186282       +-    4.8969831403000241E-004  fb
  
  
 PHASE SPACE            3
  

 MONACO input parameters:
 ndim = 12,  ncall =      64M,   rtype = 0
 nprn =  0,  acc = -1.0E+0,  alph =  8.75E-1,  nd = 48,  mds =  0

 MONACO:  grid read from file grid2_3.out.6                                                                                                                                                                                                                                             

 iteration  1:
 integral =  2.058983E-01,  sigma = 1.768E-04
 efficacy = 1.986E-04,  raw efficacy = 2.471E-06
 f_positive = 8.543E-2,  f_zero = 9.146E-1,  f_negative = 0.000E+0
 accumulated statistics:
 integral =  2.058983E-01,  sigma = 1.768E-04,  chi^2/iteration = 2.328E-10

 MONACO:  grid written to file grid2_3.vout.1
  
  result for virtual contribution, no.            1
  sigma =   0.20589833082987716       +-    1.7678533767598859E-004  fb  
  
 total result for virtual contns so far 
  sigma =   0.20589833082987716       +-    1.7678533767598859E-004  fb
  

 MONACO input parameters:
 ndim = 12,  ncall =      16M,   rtype = 0
 nprn =  0,  acc = -1.0E+0,  alph =  8.75E-1,  nd = 48,  mds =  0

 MONACO:  grid read from file grid2_3.out.6                                                                                                                                                                                                                                             

 iteration  1:
 integral =  2.129451E-02,  sigma = 4.957E-05
 efficacy = 1.849E-04,  raw efficacy = 4.258E-06
 f_positive = 7.973E-2,  f_zero = 9.146E-1,  f_negative = 5.655E-3
 accumulated statistics:
 integral =  2.129451E-02,  sigma = 4.957E-05,  chi^2/iteration = 0.000E+00

 MONACO:  grid written to file grid2_3.vout.2
  
  result for virtual contribution, no.            2
  sigma =    2.1294506664190235E-002  +-    4.9570706923128354E-005  fb  
  Box instabilites           0
           total calls           0
           instabilities [%]   0.0000000000000000     
  
 total result for virtual contns so far 
  sigma =   0.22719283749406738       +-    1.8360367807337627E-004  fb
  

 MONACO input parameters:
 ndim = 12,  ncall =       4M,   rtype = 0
 nprn =  0,  acc = -1.0E+0,  alph =  8.75E-1,  nd = 48,  mds =  0

 MONACO:  grid read from file grid2_3.out.6                                                                                                                                                                                                                                             

 iteration  1:
 integral =  2.239887E-04,  sigma = 9.514E-06
 efficacy = 1.594E-05,  raw efficacy = 2.647E-07
 f_positive = 4.610E-2,  f_zero = 9.146E-1,  f_negative = 3.928E-2
 accumulated statistics:
 integral =  2.239887E-04,  sigma = 9.514E-06,  chi^2/iteration = 1.137E-13

 MONACO:  grid written to file grid2_3.vout.3
  
  result for virtual contribution, no.            3
  sigma =    2.2398874119751178E-004  +-    9.5137113568999566E-006  fb  
  Pentagon instabilites         412
           total calls     1432772
           instabilities [%]   2.8755447482223272E-002
  
 total result for virtual contns so far 
  sigma =   0.22741682623526488       +-    1.8384999675239160E-004  fb
  
 
  Total (multi-channel) result (NLO virtual):    2.1659586425968111       +-    1.2545705920316930E-003  fb     5.7922185925376818E-002 %
 
   
 Summary for FF ..
   
 
total number of errors and warnings
===================================
vbffferr: no errors
the warning system has been disabled
 
  
 PHASE SPACE            1
  

 MONACO input parameters:
 ndim = 15,  ncall =       1M,   rtype = 0
 nprn =  0,  acc = -1.0E+0,  alph =  8.75E-1,  nd = 48,  mds =  0

 MONACO:  continuing with uniform grid
  
 W- Z A j amplitude square information:
 -----------------------------------------------
  
  precalculated tensors initialized to                (0.0000000000000000,0.0000000000000000)
  External b-quark contributions are excluded
  
  creal =   -6.5797362673929038       cvirtual =    5.1594725347858095     
  

 iteration  1:
 integral =  1.381205E+00,  sigma = 1.085E-01
 efficacy = 2.372E-05,  raw efficacy = 2.372E-05
 f_positive = 2.581E-2,  f_zero = 9.567E-1,  f_negative = 1.751E-2
 accumulated statistics:
 integral =  1.381205E+00,  sigma = 1.085E-01,  chi^2/iteration = 0.000E+00

 MONACO:  grid written to file grid3_1.out.1

 MONACO input parameters:
 ndim = 15,  ncall =       2M,   rtype = 0
 nprn =  0,  acc = -1.0E+0,  alph =  8.75E-1,  nd = 48,  mds =  0

 iteration  2:
 integral =  1.438060E+00,  sigma = 1.877E-02
 efficacy = 1.384E-04,  raw efficacy = 9.198E-06
 f_positive = 1.475E-1,  f_zero = 7.911E-1,  f_negative = 6.136E-2
 accumulated statistics:
 integral =  1.436407E+00,  sigma = 1.850E-02,  chi^2/iteration = 2.666E+05

 MONACO:  grid written to file grid3_1.out.2

 MONACO input parameters:
 ndim = 15,  ncall =       4M,   rtype = 0
 nprn =  0,  acc = -1.0E+0,  alph =  8.75E-1,  nd = 48,  mds =  0

 iteration  3:
 integral =  1.467652E+00,  sigma = 1.568E-02
 efficacy = 2.793E-05,  raw efficacy = 2.067E-06
 f_positive = 2.466E-1,  f_zero = 6.715E-1,  f_negative = 8.194E-2
 accumulated statistics:
 integral =  1.454591E+00,  sigma = 1.196E-02,  chi^2/iteration = 1.927E+00

 MONACO:  grid written to file grid3_1.out.3

 MONACO input parameters:
 ndim = 15,  ncall =       8M,   rtype = 0
 nprn =  0,  acc = -1.0E+0,  alph =  8.75E-1,  nd = 48,  mds =  0

 iteration  4:
 integral =  1.453805E+00,  sigma = 1.001E-02
 efficacy = 2.816E-05,  raw efficacy = 9.593E-08
 f_positive = 2.652E-1,  f_zero = 6.550E-1,  f_negative = 7.980E-2
 accumulated statistics:
 integral =  1.454129E+00,  sigma = 7.679E-03,  chi^2/iteration = 9.646E-01

 MONACO:  grid written to file grid3_1.out.4

 MONACO input parameters:
 ndim = 15,  ncall =      16M,   rtype = 0
 nprn =  0,  acc = -1.0E+0,  alph =  8.75E-1,  nd = 48,  mds =  0

 iteration  5:
 integral =  1.452949E+00,  sigma = 5.018E-03
 efficacy = 7.997E-05,  raw efficacy = 2.017E-07
 f_positive = 2.746E-1,  f_zero = 6.355E-1,  f_negative = 8.996E-2
 accumulated statistics:
 integral =  1.453302E+00,  sigma = 4.201E-03,  chi^2/iteration = 6.486E-01

 MONACO:  grid written to file grid3_1.out.5

 MONACO input parameters:
 ndim = 15,  ncall =      32M,   rtype = 0
 nprn =  0,  acc = -1.0E+0,  alph =  8.75E-1,  nd = 48,  mds =  0

 iteration  6:
 integral =  1.457781E+00,  sigma = 3.097E-03
 efficacy = 7.062E-05,  raw efficacy = 2.727E-07
 f_positive = 2.962E-1,  f_zero = 6.068E-1,  f_negative = 9.700E-2
 accumulated statistics:
 integral =  1.456204E+00,  sigma = 2.493E-03,  chi^2/iteration = 6.706E-01

 MONACO:  grid written to file grid3_1.out.6
 
  result for real emissions 
  sigma =    1.4562042241919222       +-    2.4925475784983771E-003  fb
  
  
 PHASE SPACE            2
  

 MONACO input parameters:
 ndim = 15,  ncall =       2M,   rtype = 0
 nprn =  0,  acc = -1.0E+0,  alph =  8.75E-1,  nd = 48,  mds =  0

 MONACO:  continuing with uniform grid

 iteration  1:
 integral =  4.450662E-01,  sigma = 1.051E-01
 efficacy = 3.004E-06,  raw efficacy = 3.004E-06
 f_positive = 4.031E-2,  f_zero = 9.273E-1,  f_negative = 3.236E-2
 accumulated statistics:
 integral =  4.450662E-01,  sigma = 1.051E-01,  chi^2/iteration = 0.000E+00

 MONACO:  grid written to file grid3_2.out.1

 MONACO input parameters:
 ndim = 15,  ncall =       4M,   rtype = 0
 nprn =  0,  acc = -1.0E+0,  alph =  8.75E-1,  nd = 48,  mds =  0

 iteration  2:
 integral =  2.741121E-01,  sigma = 1.459E-02
 efficacy = 1.300E-05,  raw efficacy = 1.764E-07
 f_positive = 9.947E-2,  f_zero = 8.504E-1,  f_negative = 5.012E-2
 accumulated statistics:
 integral =  2.773452E-01,  sigma = 1.445E-02,  chi^2/iteration = 2.596E+06

 MONACO:  grid written to file grid3_2.out.2

 MONACO input parameters:
 ndim = 15,  ncall =       8M,   rtype = 0
 nprn =  0,  acc = -1.0E+0,  alph =  8.75E-1,  nd = 48,  mds =  0

 iteration  3:
 integral =  2.762736E-01,  sigma = 6.613E-03
 efficacy = 1.086E-05,  raw efficacy = 1.308E-07
 f_positive = 9.870E-2,  f_zero = 8.493E-1,  f_negative = 5.203E-2
 accumulated statistics:
 integral =  2.764591E-01,  sigma = 6.013E-03,  chi^2/iteration = 2.601E+00

 MONACO:  grid written to file grid3_2.out.3

 MONACO input parameters:
 ndim = 15,  ncall =      16M,   rtype = 0
 nprn =  0,  acc = -1.0E+0,  alph =  8.75E-1,  nd = 48,  mds =  0

 iteration  4:
 integral =  2.772390E-01,  sigma = 5.269E-03
 efficacy = 4.121E-06,  raw efficacy = 1.611E-08
 f_positive = 9.300E-2,  f_zero = 8.583E-1,  f_negative = 4.867E-2
 accumulated statistics:
 integral =  2.769003E-01,  sigma = 3.963E-03,  chi^2/iteration = 1.305E+00

 MONACO:  grid written to file grid3_2.out.4

 MONACO input parameters:
 ndim = 15,  ncall =      32M,   rtype = 0
 nprn =  0,  acc = -1.0E+0,  alph =  8.75E-1,  nd = 48,  mds =  0

 iteration  5:
 integral =  2.738534E-01,  sigma = 3.097E-03
 efficacy = 5.928E-06,  raw efficacy = 1.055E-08
 f_positive = 8.325E-2,  f_zero = 8.642E-1,  f_negative = 5.254E-2
 accumulated statistics:
 integral =  2.750085E-01,  sigma = 2.440E-03,  chi^2/iteration = 9.924E-01

 MONACO:  grid written to file grid3_2.out.5

 MONACO input parameters:
 ndim = 15,  ncall =      64M,   rtype = 0
 nprn =  0,  acc = -1.0E+0,  alph =  8.75E-1,  nd = 48,  mds =  0

 iteration  6:
 integral =  2.805857E-01,  sigma = 3.701E-03
 efficacy = 1.317E-06,  raw efficacy = 9.634E-09
 f_positive = 8.024E-2,  f_zero = 8.664E-1,  f_negative = 5.334E-2
 accumulated statistics:
 integral =  2.766981E-01,  sigma = 2.037E-03,  chi^2/iteration = 1.140E+00

 MONACO:  grid written to file grid3_2.out.6
 
  result for real emissions 
  sigma =   0.27669812094361845       +-    2.0370885515198674E-003  fb
  
  
 PHASE SPACE            3
  

 MONACO input parameters:
 ndim = 15,  ncall =       2M,   rtype = 0
 nprn =  0,  acc = -1.0E+0,  alph =  8.75E-1,  nd = 48,  mds =  0

 MONACO:  continuing with uniform grid

 iteration  1:
 integral =  6.862030E-01,  sigma = 1.252E-01
 efficacy = 4.633E-06,  raw efficacy = 4.633E-06
 f_positive = 2.950E-2,  f_zero = 9.622E-1,  f_negative = 8.288E-3
 accumulated statistics:
 integral =  6.862030E-01,  sigma = 1.252E-01,  chi^2/iteration = 0.000E+00

 MONACO:  grid written to file grid3_3.out.1

 MONACO input parameters:
 ndim = 15,  ncall =       4M,   rtype = 0
 nprn =  0,  acc = -1.0E+0,  alph =  8.75E-1,  nd = 48,  mds =  0

 iteration  2:
 integral =  5.271003E-01,  sigma = 1.496E-02
 efficacy = 2.405E-05,  raw efficacy = 5.996E-08
 f_positive = 1.008E-1,  f_zero = 8.858E-1,  f_negative = 1.344E-2
 accumulated statistics:
 integral =  5.293390E-01,  sigma = 1.486E-02,  chi^2/iteration = 1.591E+06

 MONACO:  grid written to file grid3_3.out.2

 MONACO input parameters:
 ndim = 15,  ncall =       8M,   rtype = 0
 nprn =  0,  acc = -1.0E+0,  alph =  8.75E-1,  nd = 48,  mds =  0

 iteration  3:
 integral =  5.545196E-01,  sigma = 8.731E-03
 efficacy = 1.365E-05,  raw efficacy = 1.971E-08
 f_positive = 1.299E-1,  f_zero = 8.537E-1,  f_negative = 1.635E-2
 accumulated statistics:
 integral =  5.480557E-01,  sigma = 7.527E-03,  chi^2/iteration = 3.726E+00

 MONACO:  grid written to file grid3_3.out.3

 MONACO input parameters:
 ndim = 15,  ncall =      16M,   rtype = 0
 nprn =  0,  acc = -1.0E+0,  alph =  8.75E-1,  nd = 48,  mds =  0

 iteration  4:
 integral =  5.481587E-01,  sigma = 5.272E-03
 efficacy = 9.293E-06,  raw efficacy = 1.216E-08
 f_positive = 1.394E-1,  f_zero = 8.452E-1,  f_negative = 1.533E-2
 accumulated statistics:
 integral =  5.481248E-01,  sigma = 4.318E-03,  chi^2/iteration = 1.863E+00

 MONACO:  grid written to file grid3_3.out.4

 MONACO input parameters:
 ndim = 15,  ncall =      32M,   rtype = 0
 nprn =  0,  acc = -1.0E+0,  alph =  8.75E-1,  nd = 48,  mds =  0

 iteration  5:
 integral =  5.554215E-01,  sigma = 5.287E-03
 efficacy = 4.670E-06,  raw efficacy = 5.082E-10
 f_positive = 1.393E-1,  f_zero = 8.473E-1,  f_negative = 1.341E-2
 accumulated statistics:
 integral =  5.510442E-01,  sigma = 3.344E-03,  chi^2/iteration = 1.623E+00

 MONACO:  grid written to file grid3_3.out.5

 MONACO input parameters:
 ndim = 15,  ncall =      64M,   rtype = 0
 nprn =  0,  acc = -1.0E+0,  alph =  8.75E-1,  nd = 48,  mds =  0

 iteration  6:
 integral =  5.561760E-01,  sigma = 3.726E-03
 efficacy = 3.732E-06,  raw efficacy = 5.138E-10
 f_positive = 1.399E-1,  f_zero = 8.449E-1,  f_negative = 1.522E-2
 accumulated statistics:
 integral =  5.533339E-01,  sigma = 2.489E-03,  chi^2/iteration = 1.480E+00

 MONACO:  grid written to file grid3_3.out.6
 
  result for real emissions 
  sigma =   0.55333387556592206       +-    2.4889107175263755E-003  fb
  
 
  Total (multi-channel) result (NLO real):    2.2862362207014630       +-    4.0690539143183012E-003  fb    0.17798046752447277      %
 
  
  final result at NLO 
  sigma =    4.4521948632982742       +-    4.2580684738528860E-003  fb   9.5639759817215744E-002 %
  
  Box instabilites           0
           total calls           0
           instabilities [%]   0.0000000000000000     
  FBox instabilites           0
           total calls           0
           instabilities [%]   0.0000000000000000     
  Pentagon instabilites        1728
           total calls     6378484
           instabilities [%]   2.7091076813863607E-002
  Hexagon instabilites           0
           total calls           0
           instabilities [%]   0.0000000000000000     
 LO for different PHASESPACE:
   1.0834775908250482       +-    6.3995596528491547E-004  fb   5.9064993194515525E-002
  0.51249178606107304       +-    3.2683672716501445E-004  fb   6.3774042053830249E-002
  0.18860132144770525       +-    1.2410779481055741E-004  fb   6.5804308187188187E-002
 
  
  
 VIRTUAL CONTRIBUTIONS for different PHASESPACE:
  borntype for different PHASESPACE:
   1.1727342360194906       +-    9.1682173797648088E-004  fb   7.8178133614344614E-002
  0.55594734080899622       +-    4.6383901112049110E-004  fb   8.3432184502497647E-002
  0.20589833082987716       +-    1.7678533767598859E-004  fb   8.5860500647796364E-002
  boxes for different PHASESPACE:
   6.9203812762846081E-002  +-    2.4624533302554597E-004  fb  0.35582625175494575     
   6.6581752775137837E-002  +-    1.5511548526845787E-004  fb  0.23296996369608830     
   2.1294506664190235E-002  +-    4.9570706923128354E-005  fb  0.23278635990421231     
 pentagons for different PHASESPACE:
   7.4095207707346594E-002  +-    6.3177784628617225E-004  fb  0.85265682604130288     
  -2.0533712271252986E-005  +-    2.4433517072306014E-005  fb  -118.99220535252518     
   2.2398874119751178E-004  +-    9.5137113568999566E-006  fb   4.2474060553386606     
   
 TOTAL VIRTUAL CONTRIBUTIONS:
 TOTAL borntype:
   1.9345799076583639        1.0425745935330783E-003   5.3891523912032231E-002  %
 TOTAL boxes:
  0.15708007220217418        2.9521997356511952E-004  0.18794234649010641       %
 TOTAL pentagons:
   7.4298662736272850E-002   6.3232171757602901E-004  0.85105396825308877       %
  
  
  REAL EMISSION for different PHASESPACE:
   1.4562042241919222        2.4925475784983771E-003  0.17116744595913691       %
  0.27669812094361845        2.0370885515198674E-003  0.73621336660069181       %
  0.55333387556592206        2.4889107175263755E-003  0.44980270094268904       %
  
  
  
 !!!!!!!!!!!!!!!!!!!!!!!!!!!!!!!!!!!!!!!!!!!!!!!!!!!!!!!!!!!!!!!!!!!!!!!!!!!!!!!!!!!!!!!!!!!!!!!!!!!!!!!!
   
  PROCESS:          492   :   p p -->  W- Z A -->  e/mu- ve/mu~ q q~ A
    with leading order hadronic decay of one vector boson
   
  TOTAL result (LO):        1.78457069833383  +-    0.00072922467626 fb    0.04086275074093 %
  NLO virtual result:       2.16595864259681  +-    0.00125457059203 fb    0.05792218592538 %
  QCD real emission:        2.28623622070146  +-    0.00406905391432 fb    0.17798046752447 %
  TOTAL result (NLO):       4.45219486329827  +-    0.00425806847385 fb    0.09563975981722 %
  K-Factor:                  2.4948268328372136     
 !!!!!!!!!!!!!!!!!!!!!!!!!!!!!!!!!!!!!!!!!!!!!!!!!!!!!!!!!!!!!!!!!!!!!!!!!!!!!!!!!!!!!!!!!!!!!!!!!!!!!!!!
  
  
  Endtime: 2024-04-30T23:02:59+0200
  Runtime: 6:59:42 (25182 seconds)
