   
 -----------------------------------------------------------------
 VBFNLO, version 3.0.0 GIT 1571c2fe
 Comput. Phys. Commun. 180 (2009) 1661[arXiv:0811.4559 [hep-ph]]
 arXiV:1107.4038, arXiV:1207.4975, arXiv:1404.3940
 http://www.itp.kit.edu/vbfnlo
 -----------------------------------------------------------------
 Process-specific references (please cite as well if appropriate):
 G. Bozzi, F. Campanario, M. Rauch et al.
 Phys. Lett. B696 (2011) 380, e-Print: arXiv:1011.2206 [hep-ph]
 B. Feigl, PhD-thesis, http://digbib.ubka.uni-karlsruhe.de/volltexte/1000037298
 
 -----------------------------------------------------------------
   
   
  
        Information on global parameters
 -----------------------------------------------
   PROCESS               =      492
   LOPROCESS_PLUS_JET    =        F
   KK_MOD                =        F
   ANOM_CPL              =        F
   LEPTONS               =    98
   DECAY_QUARKS          =    93
   LO_ITERATIONS         =        1
   NLO_ITERATIONS        =        1
   LO_POINTS             =       10
   NLO_POINTS            =       10
   NLO_SWITCH            =        T
   EWCOR_SWITCH          =        F
   FERMIONLOOP           =        3
   NLO_SEMILEP_DECAY     =        0
   LHA_SWITCH            =        F
   HEPMC_SWITCH          =        F
   LO_GRID               = grid2_1                                           
                           grid2_2                                           
                           grid2_3                                           
   NLO_GRID              = grid3_1                                           
                           grid3_2                                           
                           grid3_3                                           
   PHTN_GRID             = grid4_1                                           
                           grid4_2                                           
                           grid4_3                                           
   FLOOP_GRID            = grid5_1                                           
                           grid5_2                                           
                           grid5_3                                           
   ECM                   =  13600.0    
   BEAM1                 =        1
   BEAM2                 =        1
   ID_MUF                =        4
   ID_MUR                =        4
   MUF_USER              =  100.000    
   MUR_USER              =  100.000    
   XIF                   =  1.00000    
   XIR                   =  1.00000    
 Warning: cannot read value for key = SHOWTIMING. Using default value :  T
 
       information on the selected process 
 -----------------------------------------------
 
  pp -> W- Z A -> l- vl~ q q~ A
 
 W- Z photon production with subsequent decay of the W boson to leptons
 and the Z boson to quarks.
 Process is implemented at LO and NLO QCD.
 Anomalous couplings can be set in "anomV.dat".
 References: G. Bozzi, F. Campanario, M. Rauch et al.
 Phys. Lett. B696 (2011) 380, e-Print: arXiv:1011.2206 [hep-ph]
 B. Feigl, PhD-thesis, http://digbib.ubka.uni-karlsruhe.de/volltexte/1000037298
 
             Information on PDF sets            
 -----------------------------------------------
 Initializing PDF set CT18
  
               Physics parameters
 -----------------------------------------------
   HTYPE                 =        0
   MODEL                 =        1
   ANOM_CPL              =        F
   KK_MOD                =        F
   SPIN2                 =        F
   HMASS                 =  125.000    
   HWIDTH                = -999.000    
   TOPMASS               =  172.500    
   BOTTOMMASS            =  4.85500    
   CHARMMASS             =  1.65000    
   TAU_MASS              =  1.77684    
   EWSCHEME              =        3
   FERMI_CONST           = 0.116637E-04
   WMASS                 =  80.3980    
   ZMASS                 =  91.1876    
   
 Running in the SM
   
 Higgs mass =   125.00000000000000     
   
   
  
 Information on scale setting in InitScales 
 -------------------------------------------
  
 Dynamical factorization scale chosen:
       invariant VVV mass 
 Dynamical value for alphas chosen:
 alphas = alpha(invariant VVV mass)
  
  
   Information on couplings, masses and widths
 ===============================================
  
   SM coupling parameters 
 ---------------------------
   G_Fermi                         : 0.000011663700
   SIN**2 of the weak mixing angle : 0.22264585
   Q.E.D. fine structure constant  : 1/132.34070    
   SU(2) coupling constant g       : 0.65305673
   U(1) coupling constant g'       : 0.34950127
   Q.C.D. LO alfas(MZ)             : 0.12980813
   Q.C.D. NLO alfas(MZ)            : 0.11798159
  
      particle masses
 ---------------------------
   mass of the Z0 boson            :   91.1876
   mass of the W+/- boson          :   80.3980
   mass of the Higgs boson         :  125.0000
   mass of the top quark           :  172.5000
   mass of the bottom quark at MH  :    2.8039
  (All other fermions have mass equal ZERO)
  
      particle widths
 ---------------------------
   total widths of Z0              :   2.508420 GeV
   total widths of W+ or W-        :   2.097673 GeV
   total widths of Higgs           :   0.004128 GeV
   total widths of top quark       :   1.342520 GeV
  
     branching ratios
 ---------------------------
   W -> lepton anti-lepton         : 10.8397227 %
   W -> massless quark anti-quark  : 33.7404159 %
   W -> top bottom                 :  0.0000000 %
  
   Z -> neutrino anti-neutrino     :  6.6129820 %
   Z -> charged lepton anti-lepton :  3.3460763 %
   Z -> up-type quark anti-quark   : 11.9908090 %
   Z -> down-type quark anti-quark : 15.3804024 %
   Z -> top anti-top               :  0.0000000 %
  
   H -> WW                         : 20.4628169 %
   H -> ZZ                         :  2.5390366 %
   H -> bottom anti-bottom         : 58.7489081 %
   H -> top anti-top               :  0.0000000 %
   H -> charm anti-charm           :  3.4901975 %
   H -> tau anti-tau               :  6.2665676 %
   H -> mu anti-mu                 :  0.0221853 %
   H -> gluon gluon                :  8.0504027 %
   H -> gamma gamma                :  0.2383715 %
   H -> Z gamma                    :  0.1815139 %
  
 Warning: cannot read value for key = EXISOLCUT. Using default value :    1.0000000000000000     
 Warning: cannot read value for key = MJ_WINDOWV. Using default value :    0.0000000000000000     
 
          information on cut parameters
 -----------------------------------------------
 
 minimum jet pt        (PT_JET_MIN):     20.00    20.00    20.00   
 maximum jet rapidity                 (Y_JET_MAX):    4.5000000000000000     
 maximum parton pseudorapidity          (Y_P_MAX):    5.0000000000000000     
 minimum jet-jet R-separation           (RJJ_MIN):   0.80000000000000004     
 minimum number of jets                (NJET_MIN):            2
 single jet from hadronic decay (SINGLE_DECAYJET):            0
 exponent of generalised kT algorithm (PGENKTJET):    1.0000000000000000     
 minimum lepton-lepton R-separation     (RLL_MIN):   0.40000000000000002     
 maximum lepton-lepton R-separation     (RLL_MAX):    50.000000000000000     
 minimum jet-lepton R-separation        (RJL_MIN):   0.59999999999999998     
 minimum jet-photon R-separation        (RJG_MIN):   0.59999999999999998     
 minimum lepton-photon R-separation     (RLG_MIN):   0.59999999999999998     
 minimum photon-photon R-separation     (RGG_MIN):   0.59999999999999998     
 maximum photon-photon R-separation     (RGG_MAX):    50.000000000000000     
 maximum lepton rapidity                (Y_L_MAX):    2.5000000000000000     
 minimum lepton pt       (PT_L_MIN):     10.00   
 minimum invariant dilepton mass        (MLL_MIN):    15.000000000000000     
 maximum invariant dilepton mass        (MLL_MAX):    1.0000000000000000E+020
 m_ll cuts only on opposite-sign l   (MLL_OSONLY):  T
 maximum photon rapidity                (Y_G_MAX):    1.5000000000000000     
 minimum photon pt       (PT_G_MIN):     20.00   
 photon isolation cut                 (PHISOLCUT):   0.69999999999999996     
 efficiency of photon isolation cut   (EFISOLCUT):    1.0000000000000000     
 exponent of photon isolation cut   (EXISOLCUT):    1.0000000000000000     
 minimum invariant lepton-photon mass   (MLG_MIN):    0.0000000000000000     
 maximum invariant lepton-photon mass   (MLG_MAX):    1.0000000000000000E+020
 minimal missing transverse momentum (PTMISS_MIN):    0.0000000000000000     
 minimum jet rapidity separation      (ETAJJ_MIN):    0.0000000000000000     
 tagging jets in opposite hemispheres     (YSIGN):    F
 leptons fall inside rapidity gap     (LRAPIDGAP):    F
 min leptons y-dist from tagging jets   (DELY_JL):    0.0000000000000000     
 photons fall inside rapidity gap     (GRAPIDGAP):    F
 min photons y-dist from tagging jets   (DELY_JG):    0.0000000000000000     
 dijet min mass cut on tag jets        (MDIJ_MIN):    600.00000000000000     
 dijet max mass cut on tag jets        (MDIJ_MAX):    1.0000000000000000E+020
 excluded jet-m window               (MJ_WINDOWV):    85.792800000000000        85.792800000000000     
 veto criteria for jets                   (JVETO):    F
 minimum veto-tag y-dist             (DELY_JVETO):    0.0000000000000000     
 maximum |y| for veto jet             (YMAX_VETO):    4.5000000000000000     
 minimum pT for veto jet             (PTMIN_VETO):    50.000000000000000     
 definition of tagging jets          (DEF_TAGJET):            1
 minimal pt for harder tagging jet  (PTMIN_TAG_1):    20.000000000000000     
 minimal pt for softer tagging jet  (PTMIN_TAG_2):    20.000000000000000     
 mass reconst. cut for V -> had   (RECONST_HAD_V):            0
 mass range for RECONST_HAD_V      (V_MASS_RANGE):    20.000000000000000     
 

 --------------------PHASE SPACE--------------------

 boson has mass    80.40 GeV and width     2.0977 GeV
 integration range for boson   4 =      0.032  to     9616.652 GeV
 boson has mass    91.19 GeV and width     2.5084 GeV
 integration range for boson   2 =      0.032  to     9616.652 GeV
 boson has mass     0.00 GeV and width     0.0000 GeV
 integration range for boson   1 =      0.032  to     9616.652 GeV

 machine energy =    13600.0  GeV

 ---------------------------------------------------

  Open error on file random.dat
  Using default values.
  Random number generator initialized with seed =            0
 
          information on histogram config
 -----------------------------------------------
 
  Open error on file histograms.dat
  Using default values.
 SMEARING           =      T
 SMEAR_VALUE        =       0.10000000000000001     
 CALC_ERROR_GNUPLOT =      F
 CALC_ERROR_ROOT    =      F
 CALC_ERROR_1D      =      T
 CALC_ERROR_2D      =      F
 
HIST_ID1      =      0.00    250.00  # dS/dpT_j (fb/GeV)
HIST_ID2      =      0.00    500.00  # dS/dpTmax_j (fb/GeV)
HIST_ID3      =      0.00    200.00  # dS/dpTmin_j (fb/GeV)
HIST_ID4      =     -5.00      5.00  # dS/dy_j (fb)
HIST_ID5      =     -5.00      5.00  # dS/dy_j1 (fb)
HIST_ID6      =     -5.00      5.00  # dS/dy_j2 (fb)
HIST_ID7      =      0.00    500.00  # dS/dpTmax_l (fb/GeV)
HIST_ID8      =      0.00    200.00  # dS/dpTmin_l (fb/GeV)
HIST_ID9      =      0.00      5.00  # dS/d|eta|max_l (fb)
HIST_ID10     =      0.00      5.00  # dS/d|eta|min_l (fb)
HIST_ID11     =   -180.00    180.00  # dS/dPhi_jj (fb)
2DHIST_ID1    =      0.00      6.00      0.00    800.00  # d2S/dy_jj dm_jj (fb/GeV)
 
 -----------------------------------------------
 
Starttime: 2024-04-30T14:53:29+0200
  
 PHASE SPACE           1
  

 MONACO input parameters:
 ndim = 12,  ncall =    1024,   rtype = 0
 nprn =  0,  acc = -1.0E+0,  alph =  8.75E-1,  nd = 48,  mds =  0

 MONACO:  continuing with uniform grid
  
 W-ZA amplitude square information:
 -----------------------------------------------
  
  precalculated tensors initialized to                (0.0000000000000000,0.0000000000000000)
  External b-quark contributions are excluded

 iteration  1:
 integral =  5.980687E-01,  sigma = 3.610E-01
 efficacy = 1.685E-03,  raw efficacy = 1.685E-03
 f_positive = 2.441E-2,  f_zero = 9.756E-1,  f_negative = 0.000E+0
 accumulated statistics:
 integral =  5.980687E-01,  sigma = 3.610E-01,  chi^2/iteration = 0.000E+00

 MONACO:  grid written to file grid2_1.out.1
 
  result (LO):   0.59806871462031774       +-   0.36099612889907401       fb     60.360309789528344      %
 
  
 PHASE SPACE           2
  

 MONACO input parameters:
 ndim = 12,  ncall =    2048,   rtype = 0
 nprn =  0,  acc = -1.0E+0,  alph =  8.75E-1,  nd = 48,  mds =  0

 MONACO:  continuing with uniform grid

 iteration  1:
 integral =  8.454301E-02,  sigma = 5.424E-02
 efficacy = 7.794E-04,  raw efficacy = 7.794E-04
 f_positive = 2.441E-2,  f_zero = 9.756E-1,  f_negative = 0.000E+0
 accumulated statistics:
 integral =  8.454301E-02,  sigma = 5.424E-02,  chi^2/iteration = 0.000E+00

 MONACO:  grid written to file grid2_2.out.1
 
  result (LO):    8.4543011805099030E-002  +-    5.4237276097343884E-002  fb     64.153470451679226      %
 
  
 PHASE SPACE           3
  

 MONACO input parameters:
 ndim = 12,  ncall =    2048,   rtype = 0
 nprn =  0,  acc = -1.0E+0,  alph =  8.75E-1,  nd = 48,  mds =  0

 MONACO:  continuing with uniform grid

 iteration  1:
 integral =  1.228749E-01,  sigma = 7.792E-02
 efficacy = 1.005E-03,  raw efficacy = 1.005E-03
 f_positive = 6.348E-3,  f_zero = 9.937E-1,  f_negative = 0.000E+0
 accumulated statistics:
 integral =  1.228749E-01,  sigma = 7.792E-02,  chi^2/iteration = 0.000E+00

 MONACO:  grid written to file grid2_3.out.1
 
  result (LO):   0.12287488983976000       +-    7.7921030889485834E-002  fb     63.414934484256250      %
 
 
  Total (multi-channel) result (LO):   0.80548661626517681       +-   0.37327144848415150       fb     46.341111192500016      %
  
   
 Initialising FF ..
   
 ====================================================
   FF 2.0, a package to evaluate one-loop integrals
 written by G. J. van Oldenborgh, NIKHEF-H, Amsterdam
 ====================================================
 for the algorithms used see preprint NIKHEF-H 89/17,
 'New Algorithms for One-loop Integrals', by G.J. van
 Oldenborgh and J.A.M. Vermaseren, published in 
 Zeitschrift fuer Physik C46(1990)425.
 ====================================================
  
 PHASE SPACE            1
  

 MONACO input parameters:
 ndim = 12,  ncall =    1024,   rtype = 0
 nprn =  0,  acc = -1.0E+0,  alph =  8.75E-1,  nd = 48,  mds =  0

 MONACO:  continuing with uniform grid

 iteration  1:
 integral =  8.860693E-01,  sigma = 6.498E-01
 efficacy = 1.360E-03,  raw efficacy = 1.360E-03
 f_positive = 2.051E-2,  f_zero = 9.795E-1,  f_negative = 0.000E+0
 accumulated statistics:
 integral =  8.860693E-01,  sigma = 6.498E-01,  chi^2/iteration = 0.000E+00

 MONACO:  grid written to file grid2_1.vout.1
  
  result for virtual contribution, no.            1
  sigma =   0.88606934502967882       +-   0.64983013104433485       fb  
  
 total result for virtual contns so far 
  sigma =   0.88606934502967882       +-   0.64983013104433485       fb
  

 MONACO input parameters:
 ndim = 12,  ncall =     256,   rtype = 0
 nprn =  0,  acc = -1.0E+0,  alph =  8.75E-1,  nd = 48,  mds =  0

 MONACO:  continuing with uniform grid

 iteration  1:
 integral =  2.959949E-02,  sigma = 2.959E-02
 efficacy = 3.908E-03,  raw efficacy = 3.908E-03
 f_positive = 7.812E-3,  f_zero = 9.922E-1,  f_negative = 0.000E+0
 accumulated statistics:
 integral =  2.959949E-02,  sigma = 2.959E-02,  chi^2/iteration = 2.220E-16

 MONACO:  grid written to file grid2_1.vout.2
  
  result for virtual contribution, no.            2
  sigma =    2.9599486139619401E-002  +-    2.9588855419080413E-002  fb  
  Box instabilites           0
           total calls           0
           instabilities [%]   0.0000000000000000     
  
 total result for virtual contns so far 
  sigma =   0.91566883116929820       +-   0.65050342011253759       fb
  

 MONACO input parameters:
 ndim = 12,  ncall =      64,   rtype = 0
 nprn =  0,  acc = -1.0E+0,  alph =  8.75E-1,  nd = 48,  mds =  0

 MONACO:  continuing with uniform grid

 iteration  1:
 integral =  3.261845E-02,  sigma = 3.262E-02
 efficacy = 1.562E-02,  raw efficacy = 1.562E-02
 f_positive = 1.562E-2,  f_zero = 9.844E-1,  f_negative = 0.000E+0
 accumulated statistics:
 integral =  3.261845E-02,  sigma = 3.262E-02,  chi^2/iteration = 0.000E+00

 MONACO:  grid written to file grid2_1.vout.3
  
  result for virtual contribution, no.            3
  sigma =    3.2618449301638729E-002  +-    3.2618449301638729E-002  fb  
  Pentagon instabilites           0
           total calls           4
           instabilities [%]   0.0000000000000000     
  
 total result for virtual contns so far 
  sigma =   0.94828728047093691       +-   0.65132070657468910       fb
  
  
 PHASE SPACE            2
  

 MONACO input parameters:
 ndim = 12,  ncall =    2048,   rtype = 0
 nprn =  0,  acc = -1.0E+0,  alph =  8.75E-1,  nd = 48,  mds =  0

 MONACO:  continuing with uniform grid

 iteration  1:
 integral =  2.841165E-01,  sigma = 1.815E-01
 efficacy = 8.305E-04,  raw efficacy = 8.305E-04
 f_positive = 3.271E-2,  f_zero = 9.673E-1,  f_negative = 0.000E+0
 accumulated statistics:
 integral =  2.841165E-01,  sigma = 1.815E-01,  chi^2/iteration = 0.000E+00

 MONACO:  grid written to file grid2_2.vout.1
  
  result for virtual contribution, no.            1
  sigma =   0.28411652183449326       +-   0.18152523114993760       fb  
  
 total result for virtual contns so far 
  sigma =   0.28411652183449326       +-   0.18152523114993760       fb
  

 MONACO input parameters:
 ndim = 12,  ncall =     512,   rtype = 0
 nprn =  0,  acc = -1.0E+0,  alph =  8.75E-1,  nd = 48,  mds =  0

 MONACO:  continuing with uniform grid

 iteration  1:
 integral =  1.660785E-02,  sigma = 1.138E-02
 efficacy = 3.320E-03,  raw efficacy = 3.320E-03
 f_positive = 2.344E-2,  f_zero = 9.766E-1,  f_negative = 0.000E+0
 accumulated statistics:
 integral =  1.660785E-02,  sigma = 1.138E-02,  chi^2/iteration = 0.000E+00

 MONACO:  grid written to file grid2_2.vout.2
  
  result for virtual contribution, no.            2
  sigma =    1.6607845264680066E-002  +-    1.1377418934856836E-002  fb  
  Box instabilites           0
           total calls           0
           instabilities [%]   0.0000000000000000     
  
 total result for virtual contns so far 
  sigma =   0.30072436709917333       +-   0.18188143172313526       fb
  

 MONACO input parameters:
 ndim = 12,  ncall =     128,   rtype = 0
 nprn =  0,  acc = -1.0E+0,  alph =  8.75E-1,  nd = 48,  mds =  0

 MONACO:  continuing with uniform grid

 iteration  1:
 integral = -1.668320E-04,  sigma = 1.294E-04
 efficacy = 1.070E-02,  raw efficacy = 1.070E-02
 f_positive = 0.000E+0,  f_zero = 9.766E-1,  f_negative = 2.344E-2
 accumulated statistics:
 integral = -1.668320E-04,  sigma = 1.294E-04,  chi^2/iteration = 2.220E-16

 MONACO:  grid written to file grid2_2.vout.3
  
  result for virtual contribution, no.            3
  sigma =   -1.6683195550987648E-004  +-    1.2944437139902464E-004  fb  
  Pentagon instabilites           0
           total calls          12
           instabilities [%]   0.0000000000000000     
  
 total result for virtual contns so far 
  sigma =   0.30055753514366346       +-   0.18188147778567998       fb
  
  
 PHASE SPACE            3
  

 MONACO input parameters:
 ndim = 12,  ncall =    2048,   rtype = 0
 nprn =  0,  acc = -1.0E+0,  alph =  8.75E-1,  nd = 48,  mds =  0

 MONACO:  continuing with uniform grid

 iteration  1:
 integral =  1.256933E-02,  sigma = 9.836E-03
 efficacy = 6.421E-04,  raw efficacy = 6.421E-04
 f_positive = 3.906E-3,  f_zero = 9.961E-1,  f_negative = 0.000E+0
 accumulated statistics:
 integral =  1.256933E-02,  sigma = 9.836E-03,  chi^2/iteration = 2.220E-16

 MONACO:  grid written to file grid2_3.vout.1
  
  result for virtual contribution, no.            1
  sigma =    1.2569329918423598E-002  +-    9.8361891418810490E-003  fb  
  
 total result for virtual contns so far 
  sigma =    1.2569329918423598E-002  +-    9.8361891418810490E-003  fb
  

 MONACO input parameters:
 ndim = 12,  ncall =     512,   rtype = 0
 nprn =  0,  acc = -1.0E+0,  alph =  8.75E-1,  nd = 48,  mds =  0

 MONACO:  continuing with uniform grid

 iteration  1:
 integral =  8.328100E-06,  sigma = 8.328E-06
 efficacy = 1.953E-03,  raw efficacy = 1.953E-03
 f_positive = 1.953E-3,  f_zero = 9.980E-1,  f_negative = 0.000E+0
 accumulated statistics:
 integral =  8.328100E-06,  sigma = 8.328E-06,  chi^2/iteration = 0.000E+00

 MONACO:  grid written to file grid2_3.vout.2
  
  result for virtual contribution, no.            2
  sigma =    8.3281004190116838E-006  +-    8.3281004190116838E-006  fb  
  Box instabilites           0
           total calls           0
           instabilities [%]   0.0000000000000000     
  
 total result for virtual contns so far 
  sigma =    1.2577658018842610E-002  +-    9.8361926674966696E-003  fb
  

 MONACO input parameters:
 ndim = 12,  ncall =     128,   rtype = 0
 nprn =  0,  acc = -1.0E+0,  alph =  8.75E-1,  nd = 48,  mds =  0

 MONACO:  continuing with uniform grid

 iteration  1:
 integral =  0.000000E+00,  sigma = 0.000E+00
 efficacy = 0.000E+00,  raw efficacy = 0.000E+00
 f_positive = 0.000E+0,  f_zero = 1.000E+0,  f_negative = 0.000E+0
 accumulated statistics:
 integral =  0.000000E+00,  sigma = 0.000E+00,  chi^2/iteration = 0.000E+00

 MONACO:  grid written to file grid2_3.vout.3
  
  result for virtual contribution, no.            3
  sigma =    0.0000000000000000       +-    0.0000000000000000       fb  
  Pentagon instabilites           0
           total calls           0
           instabilities [%]   0.0000000000000000     
  
 total result for virtual contns so far 
  sigma =    1.2577658018842610E-002  +-    9.8361926674966696E-003  fb
  
 
  Total (multi-channel) result (NLO virtual):    1.2614224736334430       +-   0.67631079058421584       fb     53.614931136920994      %
 
   
 Summary for FF ..
   
 
total number of errors and warnings
===================================
vbffferr: no errors
the warning system has been disabled
 
  
 PHASE SPACE            1
  

 MONACO input parameters:
 ndim = 15,  ncall =    1024,   rtype = 0
 nprn =  0,  acc = -1.0E+0,  alph =  8.75E-1,  nd = 48,  mds =  0

 MONACO:  continuing with uniform grid
  
 W- Z A j amplitude square information:
 -----------------------------------------------
  
  precalculated tensors initialized to                (0.0000000000000000,0.0000000000000000)
  External b-quark contributions are excluded
  
  creal =   -6.5797362673929038       cvirtual =    5.1594725347858095     
  

 iteration  1:
 integral =  1.446118E+00,  sigma = 6.675E-01
 efficacy = 3.210E-03,  raw efficacy = 3.210E-03
 f_positive = 2.637E-2,  f_zero = 9.531E-1,  f_negative = 2.051E-2
 accumulated statistics:
 integral =  1.446118E+00,  sigma = 6.675E-01,  chi^2/iteration = 8.882E-16

 MONACO:  grid written to file grid3_1.out.1
 
  result for real emissions 
  sigma =    1.4461177432675796       +-   0.66753077036469910       fb
  
  
 PHASE SPACE            2
  

 MONACO input parameters:
 ndim = 15,  ncall =    2048,   rtype = 0
 nprn =  0,  acc = -1.0E+0,  alph =  8.75E-1,  nd = 48,  mds =  0

 MONACO:  continuing with uniform grid

 iteration  1:
 integral = -4.881776E-02,  sigma = 6.767E-02
 efficacy = 3.845E-04,  raw efficacy = 3.845E-04
 f_positive = 4.541E-2,  f_zero = 9.233E-1,  f_negative = 3.125E-2
 accumulated statistics:
 integral = -4.881776E-02,  sigma = 6.767E-02,  chi^2/iteration = 1.110E-16

 MONACO:  grid written to file grid3_2.out.1
 
  result for real emissions 
  sigma =   -4.8817757341588337E-002  +-    6.7673568267647116E-002  fb
  
  
 PHASE SPACE            3
  

 MONACO input parameters:
 ndim = 15,  ncall =    2048,   rtype = 0
 nprn =  0,  acc = -1.0E+0,  alph =  8.75E-1,  nd = 48,  mds =  0

 MONACO:  continuing with uniform grid

 iteration  1:
 integral =  8.804720E-02,  sigma = 4.298E-02
 efficacy = 1.430E-03,  raw efficacy = 1.430E-03
 f_positive = 3.955E-2,  f_zero = 9.468E-1,  f_negative = 1.367E-2
 accumulated statistics:
 integral =  8.804720E-02,  sigma = 4.298E-02,  chi^2/iteration = 0.000E+00

 MONACO:  grid written to file grid3_3.out.1
 
  result for real emissions 
  sigma =    8.8047197703001401E-002  +-    4.2983040076766288E-002  fb
  
 
  Total (multi-channel) result (NLO real):    1.4853471836289924       +-   0.67232773478416419       fb     45.264012494475303      %
 
  
  final result at NLO 
  sigma =    2.7467696572624356       +-   0.95363560567999572       fb   34.718441102572662      %
  
  Box instabilites           0
           total calls           0
           instabilities [%]   0.0000000000000000     
  FBox instabilites           0
           total calls           0
           instabilities [%]   0.0000000000000000     
  Pentagon instabilites           0
           total calls          16
           instabilities [%]   0.0000000000000000     
  Hexagon instabilites           0
           total calls           0
           instabilities [%]   0.0000000000000000     
 LO for different PHASESPACE:
  0.59806871462031774       +-   0.36099612889907401       fb   60.360309789528344     
   8.4543011805099030E-002  +-    5.4237276097343884E-002  fb   64.153470451679226     
  0.12287488983976000       +-    7.7921030889485834E-002  fb   63.414934484256250     
 
  
  
 VIRTUAL CONTRIBUTIONS for different PHASESPACE:
  borntype for different PHASESPACE:
  0.88606934502967882       +-   0.64983013104433485       fb   73.338518558337981     
  0.28411652183449326       +-   0.18152523114993760       fb   63.891121142079058     
   1.2569329918423598E-002  +-    9.8361891418810490E-003  fb   78.255477465537552     
  boxes for different PHASESPACE:
   2.9599486139619401E-002  +-    2.9588855419080413E-002  fb   99.964084780090971     
   1.6607845264680066E-002  +-    1.1377418934856836E-002  fb   68.506291776773793     
   8.3281004190116838E-006  +-    8.3281004190116838E-006  fb   100.00000000000000     
 pentagons for different PHASESPACE:
   3.2618449301638729E-002  +-    3.2618449301638729E-002  fb   100.00000000000000     
  -1.6683195550987648E-004  +-    1.2944437139902464E-004  fb  -77.589674594062714     
   0.0000000000000000       +-    0.0000000000000000       fb                       NaN
   
 TOTAL VIRTUAL CONTRIBUTIONS:
 TOTAL borntype:
   1.1827551967825956       0.67477948944375199        57.051492251256157       %
 TOTAL boxes:
   4.6215659504718475E-002   3.1700884782411669E-002   68.593383978811573       %
 TOTAL pentagons:
   3.2451617346128850E-002   3.2618706146762821E-002   100.51488589567603       %
  
  
  REAL EMISSION for different PHASESPACE:
   1.4461177432675796       0.66753077036469910        46.160195009873675       %
  -4.8817757341588337E-002   6.7673568267647116E-002  -138.62490198826754       %
   8.8047197703001401E-002   4.2983040076766288E-002   48.818180700941333       %
  
  
  
 !!!!!!!!!!!!!!!!!!!!!!!!!!!!!!!!!!!!!!!!!!!!!!!!!!!!!!!!!!!!!!!!!!!!!!!!!!!!!!!!!!!!!!!!!!!!!!!!!!!!!!!!
   
  PROCESS:          492   :   p p -->  W- Z A -->  e/mu- ve/mu~ q q~ A
    with leading order hadronic decay of one vector boson
   
  TOTAL result (LO):        0.80548661626518  +-    0.37327144848415 fb   46.34111119250002 %
  NLO virtual result:       1.26142247363344  +-    0.67631079058422 fb   53.61493113692101 %
  QCD real emission:        1.48534718362899  +-    0.67232773478416 fb   45.26401249447530 %
  TOTAL result (NLO):       2.74676965726244  +-    0.95363560568000 fb   34.71844110257266 %
  K-Factor:                  3.4100748563625580     
 !!!!!!!!!!!!!!!!!!!!!!!!!!!!!!!!!!!!!!!!!!!!!!!!!!!!!!!!!!!!!!!!!!!!!!!!!!!!!!!!!!!!!!!!!!!!!!!!!!!!!!!!
  
  
  Endtime: 2024-04-30T14:53:29+0200
  Runtime: 0:00:00 (0 seconds)
