   
 -----------------------------------------------------------------
 VBFNLO, version 3.0.0 GIT 1571c2fe
 Comput. Phys. Commun. 180 (2009) 1661[arXiv:0811.4559 [hep-ph]]
 arXiV:1107.4038, arXiV:1207.4975, arXiv:1404.3940
 http://www.itp.kit.edu/vbfnlo
 -----------------------------------------------------------------
 Process-specific references (please cite as well if appropriate):
 G. Bozzi, F. Campanario, M. Rauch et al.
 Phys. Lett. B696 (2011) 380, e-Print: arXiv:1011.2206 [hep-ph]
 
 -----------------------------------------------------------------
   
   
  
        Information on global parameters
 -----------------------------------------------
   PROCESS               =      480
   LOPROCESS_PLUS_JET    =        F
   KK_MOD                =        F
   ANOM_CPL              =        F
   LEPTONS               =    12  -11   13  -13
   LO_ITERATIONS         =        1
   NLO_ITERATIONS        =        1
   LO_POINTS             =       10
   NLO_POINTS            =       10
   NLO_SWITCH            =        T
   EWCOR_SWITCH          =        F
   FERMIONLOOP           =        3
   LHA_SWITCH            =        F
   HEPMC_SWITCH          =        F
   LO_GRID               = grid2_1                                           
                           grid2_2                                           
                           grid2_3                                           
   NLO_GRID              = grid3_1                                           
                           grid3_2                                           
                           grid3_3                                           
   PHTN_GRID             = grid4_1                                           
                           grid4_2                                           
                           grid4_3                                           
   FLOOP_GRID            = grid5_1                                           
                           grid5_2                                           
                           grid5_3                                           
   ECM                   =  13600.0    
   BEAM1                 =        1
   BEAM2                 =        1
   ID_MUF                =        4
   ID_MUR                =        4
   MUF_USER              =  171.586    
   MUR_USER              =  171.586    
   XIF                   =  1.00000    
   XIR                   =  1.00000    
 Warning: cannot read value for key = SHOWTIMING. Using default value :  T
 
       information on the selected process 
 -----------------------------------------------
 
  pp -> W+ Z A -> l+ vl l+ l- A
 
 W+ Z photon production with subsequent decay of the W and Z bosons to leptons.
 Process is implemented at LO and NLO QCD.
 Anomalous couplings can be set in "anomV.dat".
 References: G. Bozzi, F. Campanario, M. Rauch et al.
 Phys. Lett. B696 (2011) 380, e-Print: arXiv:1011.2206 [hep-ph]
 
             Information on PDF sets            
 -----------------------------------------------
 Initializing PDF set CT18
  
               Physics parameters
 -----------------------------------------------
   HTYPE                 =        0
   MODEL                 =        1
   ANOM_CPL              =        F
   KK_MOD                =        F
   SPIN2                 =        F
   HMASS                 =  125.000    
   HWIDTH                = -999.000    
   TOPMASS               =  172.500    
   BOTTOMMASS            =  4.85500    
   CHARMMASS             =  1.65000    
   TAU_MASS              =  1.77684    
   EWSCHEME              =        3
   FERMI_CONST           = 0.116637E-04
   WMASS                 =  80.3980    
   ZMASS                 =  91.1876    
   
 Running in the SM
   
 Higgs mass =   125.00000000000000     
   
   
  
 Information on scale setting in InitScales 
 -------------------------------------------
  
 Dynamical factorization scale chosen:
       invariant VVV mass 
 Dynamical value for alphas chosen:
 alphas = alpha(invariant VVV mass)
  
  
   Information on couplings, masses and widths
 ===============================================
  
   SM coupling parameters 
 ---------------------------
   G_Fermi                         : 0.000011663700
   SIN**2 of the weak mixing angle : 0.22264585
   Q.E.D. fine structure constant  : 1/132.34070    
   SU(2) coupling constant g       : 0.65305673
   U(1) coupling constant g'       : 0.34950127
   Q.C.D. LO alfas(MZ)             : 0.12980813
   Q.C.D. NLO alfas(MZ)            : 0.11798159
  
      particle masses
 ---------------------------
   mass of the Z0 boson            :   91.1876
   mass of the W+/- boson          :   80.3980
   mass of the Higgs boson         :  125.0000
   mass of the top quark           :  172.5000
   mass of the bottom quark at MH  :    2.8039
  (All other fermions have mass equal ZERO)
  
      particle widths
 ---------------------------
   total widths of Z0              :   2.508420 GeV
   total widths of W+ or W-        :   2.097673 GeV
   total widths of Higgs           :   0.004128 GeV
   total widths of top quark       :   1.342520 GeV
  
     branching ratios
 ---------------------------
   W -> lepton anti-lepton         : 10.8397227 %
   W -> massless quark anti-quark  : 33.7404159 %
   W -> top bottom                 :  0.0000000 %
  
   Z -> neutrino anti-neutrino     :  6.6129820 %
   Z -> charged lepton anti-lepton :  3.3460763 %
   Z -> up-type quark anti-quark   : 11.9908090 %
   Z -> down-type quark anti-quark : 15.3804024 %
   Z -> top anti-top               :  0.0000000 %
  
   H -> WW                         : 20.4628169 %
   H -> ZZ                         :  2.5390366 %
   H -> bottom anti-bottom         : 58.7489081 %
   H -> top anti-top               :  0.0000000 %
   H -> charm anti-charm           :  3.4901975 %
   H -> tau anti-tau               :  6.2665676 %
   H -> mu anti-mu                 :  0.0221853 %
   H -> gluon gluon                :  8.0504027 %
   H -> gamma gamma                :  0.2383715 %
   H -> Z gamma                    :  0.1815139 %
  
 Warning: cannot read value for key = MLL_OSONLY. Using default value :  T
 Warning: cannot read value for key = PTMISS_MIN. Using default value :    0.0000000000000000     
 Warning: cannot read value for key = EXISOLCUT. Using default value :    1.0000000000000000     
 Warning: cannot read value for key = MJ_WINDOWV. Using default value :    0.0000000000000000     
 
          information on cut parameters
 -----------------------------------------------
 
 minimum jet pt        (PT_JET_MIN):     20.00   
 maximum jet rapidity                 (Y_JET_MAX):    4.5000000000000000     
 maximum parton pseudorapidity          (Y_P_MAX):    5.0000000000000000     
 minimum jet-jet R-separation           (RJJ_MIN):    0.0000000000000000     
 minimum number of jets                (NJET_MIN):            0
 single jet from hadronic decay (SINGLE_DECAYJET):            0
 exponent of generalised kT algorithm (PGENKTJET):    1.0000000000000000     
 minimum lepton-lepton R-separation     (RLL_MIN):   0.29999999999999999     
 maximum lepton-lepton R-separation     (RLL_MAX):    500.00000000000000     
 minimum jet-lepton R-separation        (RJL_MIN):   0.40000000000000002     
 minimum jet-photon R-separation        (RJG_MIN):   0.40000000000000002     
 minimum lepton-photon R-separation     (RLG_MIN):   0.40000000000000002     
 minimum photon-photon R-separation     (RGG_MIN):   0.40000000000000002     
 maximum photon-photon R-separation     (RGG_MAX):    500.00000000000000     
 maximum lepton rapidity                (Y_L_MAX):    2.5000000000000000     
 minimum lepton pt       (PT_L_MIN):     20.00    20.00    20.00   
 minimum invariant dilepton mass        (MLL_MIN):    15.000000000000000     
 maximum invariant dilepton mass        (MLL_MAX):    14000.000000000000     
 m_ll cuts only on opposite-sign l   (MLL_OSONLY):  T
 maximum photon rapidity                (Y_G_MAX):    2.5000000000000000     
 minimum photon pt       (PT_G_MIN):     10.00   
 photon isolation cut                 (PHISOLCUT):   0.69999999999999996     
 efficiency of photon isolation cut   (EFISOLCUT):    1.0000000000000000     
 exponent of photon isolation cut   (EXISOLCUT):    1.0000000000000000     
 minimum invariant lepton-photon mass   (MLG_MIN):    0.0000000000000000     
 maximum invariant lepton-photon mass   (MLG_MAX):    1.0000000000000000E+020
 minimal missing transverse momentum (PTMISS_MIN):    0.0000000000000000     
 minimum jet rapidity separation      (ETAJJ_MIN):    0.0000000000000000     
 tagging jets in opposite hemispheres     (YSIGN):    F
 leptons fall inside rapidity gap     (LRAPIDGAP):    F
 min leptons y-dist from tagging jets   (DELY_JL):    0.0000000000000000     
 photons fall inside rapidity gap     (GRAPIDGAP):    F
 min photons y-dist from tagging jets   (DELY_JG):    0.0000000000000000     
 dijet min mass cut on tag jets        (MDIJ_MIN):    0.0000000000000000     
 dijet max mass cut on tag jets        (MDIJ_MAX):    14000.000000000000     
 excluded jet-m window               (MJ_WINDOWV):    85.792800000000000        85.792800000000000     
 veto criteria for jets                   (JVETO):    F
 minimum veto-tag y-dist             (DELY_JVETO):   -100.00000000000000     
 maximum |y| for veto jet             (YMAX_VETO):    4.5000000000000000     
 minimum pT for veto jet             (PTMIN_VETO):    50.000000000000000     
 

 --------------------PHASE SPACE--------------------

 boson has mass    80.40 GeV and width     2.0977 GeV
 integration range for boson   3 =      0.032  to     9616.652 GeV
 boson has mass    91.19 GeV and width     2.5084 GeV
 integration range for boson   2 =      0.032  to     9616.652 GeV
 boson has mass     0.00 GeV and width     0.0000 GeV
 integration range for boson   1 =      0.032  to     9616.652 GeV

 machine energy =    13600.0  GeV

 ---------------------------------------------------

  Open error on file random.dat
  Using default values.
  Random number generator initialized with seed =            0
 
          information on histogram config
 -----------------------------------------------
 
  Open error on file histograms.dat
  Using default values.
 SMEARING           =      T
 SMEAR_VALUE        =       0.10000000000000001     
 CALC_ERROR_GNUPLOT =      F
 CALC_ERROR_ROOT    =      F
 CALC_ERROR_1D      =      T
 CALC_ERROR_2D      =      F
 
HIST_ID1      =      0.00    250.00  # dS/dpT_j (fb/GeV)
HIST_ID2      =      0.00    500.00  # dS/dpTmax_j (fb/GeV)
HIST_ID3      =      0.00    200.00  # dS/dpTmin_j (fb/GeV)
HIST_ID4      =     -5.00      5.00  # dS/dy_j (fb)
HIST_ID5      =     -5.00      5.00  # dS/dy_j1 (fb)
HIST_ID6      =     -5.00      5.00  # dS/dy_j2 (fb)
HIST_ID7      =      0.00    500.00  # dS/dpTmax_l (fb/GeV)
HIST_ID8      =      0.00    200.00  # dS/dpTmin_l (fb/GeV)
HIST_ID9      =      0.00      5.00  # dS/d|eta|max_l (fb)
HIST_ID10     =      0.00      5.00  # dS/d|eta|min_l (fb)
HIST_ID11     =   -180.00    180.00  # dS/dPhi_jj (fb)
2DHIST_ID1    =      0.00      6.00      0.00    800.00  # d2S/dy_jj dm_jj (fb/GeV)
 
 -----------------------------------------------
 
Starttime: 2024-04-30T14:53:29+0200
  
 PHASE SPACE           1
  

 MONACO input parameters:
 ndim = 12,  ncall =    1024,   rtype = 0
 nprn =  0,  acc = -1.0E+0,  alph =  8.75E-1,  nd = 48,  mds =  0

 MONACO:  continuing with uniform grid
  
 W+ZA amplitude square information:
 -----------------------------------------------
  
  precalculated tensors initialized to                (0.0000000000000000,0.0000000000000000)
  External b-quark contributions are excluded

 iteration  1:
 integral =  1.328632E-01,  sigma = 8.547E-02
 efficacy = 1.545E-03,  raw efficacy = 1.545E-03
 f_positive = 3.906E-2,  f_zero = 9.609E-1,  f_negative = 0.000E+0
 accumulated statistics:
 integral =  1.328632E-01,  sigma = 8.547E-02,  chi^2/iteration = 4.441E-16

 MONACO:  grid written to file grid2_1.out.1
 
  result (LO):   0.13286318540690056       +-    8.5465051163254174E-002  fb     64.325607504827559      %
 
  
 PHASE SPACE           2
  

 MONACO input parameters:
 ndim = 12,  ncall =    2048,   rtype = 0
 nprn =  0,  acc = -1.0E+0,  alph =  8.75E-1,  nd = 48,  mds =  0

 MONACO:  continuing with uniform grid

 iteration  1:
 integral =  5.591873E-02,  sigma = 3.518E-02
 efficacy = 8.343E-04,  raw efficacy = 8.343E-04
 f_positive = 2.783E-2,  f_zero = 9.722E-1,  f_negative = 0.000E+0
 accumulated statistics:
 integral =  5.591873E-02,  sigma = 3.518E-02,  chi^2/iteration = 0.000E+00

 MONACO:  grid written to file grid2_2.out.1
 
  result (LO):    5.5918733224609281E-002  +-    3.5176375898924632E-002  fb     62.906246029629045      %
 
  
 PHASE SPACE           3
  

 MONACO input parameters:
 ndim = 12,  ncall =    2048,   rtype = 0
 nprn =  0,  acc = -1.0E+0,  alph =  8.75E-1,  nd = 48,  mds =  0

 MONACO:  continuing with uniform grid

 iteration  1:
 integral =  3.168484E-01,  sigma = 2.449E-01
 efficacy = 6.435E-04,  raw efficacy = 6.435E-04
 f_positive = 1.074E-2,  f_zero = 9.893E-1,  f_negative = 0.000E+0
 accumulated statistics:
 integral =  3.168484E-01,  sigma = 2.449E-01,  chi^2/iteration = 2.220E-16

 MONACO:  grid written to file grid2_3.out.1
 
  result (LO):   0.31684837301489788       +-   0.24487766834526076       fb     77.285442880827688      %
 
 
  Total (multi-channel) result (LO):   0.50563029164640771       +-   0.26173789340852355       fb     51.764678211083023      %
  
   
 Initialising FF ..
   
 ====================================================
   FF 2.0, a package to evaluate one-loop integrals
 written by G. J. van Oldenborgh, NIKHEF-H, Amsterdam
 ====================================================
 for the algorithms used see preprint NIKHEF-H 89/17,
 'New Algorithms for One-loop Integrals', by G.J. van
 Oldenborgh and J.A.M. Vermaseren, published in 
 Zeitschrift fuer Physik C46(1990)425.
 ====================================================
  
 PHASE SPACE            1
  

 MONACO input parameters:
 ndim = 12,  ncall =    1024,   rtype = 0
 nprn =  0,  acc = -1.0E+0,  alph =  8.75E-1,  nd = 48,  mds =  0

 MONACO:  continuing with uniform grid

 iteration  1:
 integral =  4.684104E-02,  sigma = 2.059E-02
 efficacy = 2.501E-03,  raw efficacy = 2.501E-03
 f_positive = 3.418E-2,  f_zero = 9.658E-1,  f_negative = 0.000E+0
 accumulated statistics:
 integral =  4.684104E-02,  sigma = 2.059E-02,  chi^2/iteration = 0.000E+00

 MONACO:  grid written to file grid2_1.vout.1
  
  result for virtual contribution, no.            1
  sigma =    4.6841036471125662E-002  +-    2.0587952025418296E-002  fb  
  
 total result for virtual contns so far 
  sigma =    4.6841036471125662E-002  +-    2.0587952025418296E-002  fb
  

 MONACO input parameters:
 ndim = 12,  ncall =     256,   rtype = 0
 nprn =  0,  acc = -1.0E+0,  alph =  8.75E-1,  nd = 48,  mds =  0

 MONACO:  continuing with uniform grid

 iteration  1:
 integral =  3.898334E-05,  sigma = 2.405E-04
 efficacy = 8.864E-04,  raw efficacy = 8.864E-04
 f_positive = 1.953E-2,  f_zero = 9.688E-1,  f_negative = 1.172E-2
 accumulated statistics:
 integral =  3.898334E-05,  sigma = 2.405E-04,  chi^2/iteration = 3.469E-18

 MONACO:  grid written to file grid2_1.vout.2
  
  result for virtual contribution, no.            2
  sigma =    3.8983338988352785E-005  +-    2.4045814571021533E-004  fb  
  Box instabilites           0
           total calls           0
           instabilities [%]   0.0000000000000000     
  
 total result for virtual contns so far 
  sigma =    4.6880019810114013E-002  +-    2.0589356199764083E-002  fb
  

 MONACO input parameters:
 ndim = 12,  ncall =      64,   rtype = 0
 nprn =  0,  acc = -1.0E+0,  alph =  8.75E-1,  nd = 48,  mds =  0

 MONACO:  continuing with uniform grid

 iteration  1:
 integral =  4.372008E-03,  sigma = 4.772E-03
 efficacy = 1.436E-02,  raw efficacy = 1.436E-02
 f_positive = 6.250E-2,  f_zero = 8.906E-1,  f_negative = 4.688E-2
 accumulated statistics:
 integral =  4.372008E-03,  sigma = 4.772E-03,  chi^2/iteration = 1.110E-16

 MONACO:  grid written to file grid2_1.vout.3
  
  result for virtual contribution, no.            3
  sigma =    4.3720078091382631E-003  +-    4.7719600244158378E-003  fb  
  Pentagon instabilites           0
           total calls          14
           instabilities [%]   0.0000000000000000     
  
 total result for virtual contns so far 
  sigma =    5.1252027619252273E-002  +-    2.1135117487144150E-002  fb
  
  
 PHASE SPACE            2
  

 MONACO input parameters:
 ndim = 12,  ncall =    2048,   rtype = 0
 nprn =  0,  acc = -1.0E+0,  alph =  8.75E-1,  nd = 48,  mds =  0

 MONACO:  continuing with uniform grid

 iteration  1:
 integral =  1.599006E-02,  sigma = 1.044E-02
 efficacy = 8.565E-04,  raw efficacy = 8.565E-04
 f_positive = 3.906E-2,  f_zero = 9.609E-1,  f_negative = 0.000E+0
 accumulated statistics:
 integral =  1.599006E-02,  sigma = 1.044E-02,  chi^2/iteration = 0.000E+00

 MONACO:  grid written to file grid2_2.vout.1
  
  result for virtual contribution, no.            1
  sigma =    1.5990063491454307E-002  +-    1.0443227071008709E-002  fb  
  
 total result for virtual contns so far 
  sigma =    1.5990063491454307E-002  +-    1.0443227071008709E-002  fb
  

 MONACO input parameters:
 ndim = 12,  ncall =     512,   rtype = 0
 nprn =  0,  acc = -1.0E+0,  alph =  8.75E-1,  nd = 48,  mds =  0

 MONACO:  continuing with uniform grid

 iteration  1:
 integral =  9.329211E-06,  sigma = 7.229E-06
 efficacy = 2.574E-03,  raw efficacy = 2.574E-03
 f_positive = 3.125E-2,  f_zero = 9.648E-1,  f_negative = 3.906E-3
 accumulated statistics:
 integral =  9.329211E-06,  sigma = 7.229E-06,  chi^2/iteration = 0.000E+00

 MONACO:  grid written to file grid2_2.vout.2
  
  result for virtual contribution, no.            2
  sigma =    9.3292109974930184E-006  +-    7.2293218452617890E-006  fb  
  Box instabilites           0
           total calls           0
           instabilities [%]   0.0000000000000000     
  
 total result for virtual contns so far 
  sigma =    1.5999392702451799E-002  +-    1.0443229573256708E-002  fb
  

 MONACO input parameters:
 ndim = 12,  ncall =     128,   rtype = 0
 nprn =  0,  acc = -1.0E+0,  alph =  8.75E-1,  nd = 48,  mds =  0

 MONACO:  continuing with uniform grid

 iteration  1:
 integral = -2.090752E-07,  sigma = 2.091E-07
 efficacy = 7.812E-03,  raw efficacy = 7.813E-03
 f_positive = 0.000E+0,  f_zero = 9.922E-1,  f_negative = 7.812E-3
 accumulated statistics:
 integral = -2.090752E-07,  sigma = 2.091E-07,  chi^2/iteration = 0.000E+00

 MONACO:  grid written to file grid2_2.vout.3
  
  result for virtual contribution, no.            3
  sigma =   -2.0907515289519554E-007  +-    2.0907515289519554E-007  fb  
  Pentagon instabilites           0
           total calls           2
           instabilities [%]   0.0000000000000000     
  
 total result for virtual contns so far 
  sigma =    1.5999183627298904E-002  +-    1.0443229575349567E-002  fb
  
  
 PHASE SPACE            3
  

 MONACO input parameters:
 ndim = 12,  ncall =    2048,   rtype = 0
 nprn =  0,  acc = -1.0E+0,  alph =  8.75E-1,  nd = 48,  mds =  0

 MONACO:  continuing with uniform grid

 iteration  1:
 integral =  1.070061E-01,  sigma = 6.938E-02
 efficacy = 9.640E-04,  raw efficacy = 9.640E-04
 f_positive = 9.766E-3,  f_zero = 9.902E-1,  f_negative = 0.000E+0
 accumulated statistics:
 integral =  1.070061E-01,  sigma = 6.938E-02,  chi^2/iteration = 0.000E+00

 MONACO:  grid written to file grid2_3.vout.1
  
  result for virtual contribution, no.            1
  sigma =   0.10700609506710286       +-    6.9383474842702908E-002  fb  
  
 total result for virtual contns so far 
  sigma =   0.10700609506710286       +-    6.9383474842702908E-002  fb
  

 MONACO input parameters:
 ndim = 12,  ncall =     512,   rtype = 0
 nprn =  0,  acc = -1.0E+0,  alph =  8.75E-1,  nd = 48,  mds =  0

 MONACO:  continuing with uniform grid

 iteration  1:
 integral =  1.374585E-04,  sigma = 1.458E-04
 efficacy = 1.844E-03,  raw efficacy = 1.844E-03
 f_positive = 1.953E-3,  f_zero = 9.961E-1,  f_negative = 1.953E-3
 accumulated statistics:
 integral =  1.374585E-04,  sigma = 1.458E-04,  chi^2/iteration = 0.000E+00

 MONACO:  grid written to file grid2_3.vout.2
  
  result for virtual contribution, no.            2
  sigma =    1.3745850051650197E-004  +-    1.4584373828584722E-004  fb  
  Box instabilites           0
           total calls           0
           instabilities [%]   0.0000000000000000     
  
 total result for virtual contns so far 
  sigma =   0.10714355356761936       +-    6.9383628123960081E-002  fb
  

 MONACO input parameters:
 ndim = 12,  ncall =     128,   rtype = 0
 nprn =  0,  acc = -1.0E+0,  alph =  8.75E-1,  nd = 48,  mds =  0

 MONACO:  continuing with uniform grid

 iteration  1:
 integral =  2.225834E-04,  sigma = 2.322E-04
 efficacy = 7.497E-03,  raw efficacy = 7.497E-03
 f_positive = 7.812E-3,  f_zero = 9.844E-1,  f_negative = 7.812E-3
 accumulated statistics:
 integral =  2.225834E-04,  sigma = 2.322E-04,  chi^2/iteration = 3.331E-16

 MONACO:  grid written to file grid2_3.vout.3
  
  result for virtual contribution, no.            3
  sigma =    2.2258343045390282E-004  +-    2.3221239819613875E-004  fb  
  Pentagon instabilites           0
           total calls           4
           instabilities [%]   0.0000000000000000     
  
 total result for virtual contns so far 
  sigma =   0.10736613699807326       +-    6.9384016705880180E-002  fb
  
 
  Total (multi-channel) result (NLO virtual):   0.17461734824462444       +-    7.3279574298713707E-002  fb     41.965804105589264      %
 
   
 Summary for FF ..
   
 
total number of errors and warnings
===================================
vbffferr: no errors
the warning system has been disabled
 
  
 PHASE SPACE            1
  

 MONACO input parameters:
 ndim = 15,  ncall =    1024,   rtype = 0
 nprn =  0,  acc = -1.0E+0,  alph =  8.75E-1,  nd = 48,  mds =  0

 MONACO:  continuing with uniform grid
  
 W+ Z A j amplitude square information:
 -----------------------------------------------
  
  precalculated tensors initialized to                (0.0000000000000000,0.0000000000000000)
  External b-quark contributions are excluded
  
  creal =   -6.5797362673929038       cvirtual =    5.1594725347858095     
  

 iteration  1:
 integral =  1.125845E-01,  sigma = 9.786E-02
 efficacy = 1.156E-03,  raw efficacy = 1.156E-03
 f_positive = 1.465E-2,  f_zero = 9.531E-1,  f_negative = 3.223E-2
 accumulated statistics:
 integral =  1.125845E-01,  sigma = 9.786E-02,  chi^2/iteration = 0.000E+00

 MONACO:  grid written to file grid3_1.out.1
 
  result for real emissions 
  sigma =   0.11258450563373926       +-    9.7862750305753740E-002  fb
  
  
 PHASE SPACE            2
  

 MONACO input parameters:
 ndim = 15,  ncall =    2048,   rtype = 0
 nprn =  0,  acc = -1.0E+0,  alph =  8.75E-1,  nd = 48,  mds =  0

 MONACO:  continuing with uniform grid

 iteration  1:
 integral =  3.268473E-02,  sigma = 3.076E-02
 efficacy = 5.189E-04,  raw efficacy = 5.189E-04
 f_positive = 7.617E-2,  f_zero = 8.638E-1,  f_negative = 6.006E-2
 accumulated statistics:
 integral =  3.268473E-02,  sigma = 3.076E-02,  chi^2/iteration = 2.220E-16

 MONACO:  grid written to file grid3_2.out.1
 
  result for real emissions 
  sigma =    3.2684729413868366E-002  +-    3.0762170426061292E-002  fb
  
  
 PHASE SPACE            3
  

 MONACO input parameters:
 ndim = 15,  ncall =    2048,   rtype = 0
 nprn =  0,  acc = -1.0E+0,  alph =  8.75E-1,  nd = 48,  mds =  0

 MONACO:  continuing with uniform grid

 iteration  1:
 integral =  7.043587E-02,  sigma = 5.275E-02
 efficacy = 6.649E-04,  raw efficacy = 6.649E-04
 f_positive = 5.176E-2,  f_zero = 8.989E-1,  f_negative = 4.932E-2
 accumulated statistics:
 integral =  7.043587E-02,  sigma = 5.275E-02,  chi^2/iteration = 0.000E+00

 MONACO:  grid written to file grid3_3.out.1
 
  result for real emissions 
  sigma =    7.0435869512439950E-002  +-    5.2748350899320062E-002  fb
  
 
  Total (multi-channel) result (NLO real):   0.21570510456004760       +-   0.11535084546428839       fb     53.476177904810420      %
 
  
  final result at NLO 
  sigma =   0.39032245280467204       +-   0.13665911443707970       fb   35.011850703210158      %
  
  Box instabilites           0
           total calls           0
           instabilities [%]   0.0000000000000000     
  FBox instabilites           0
           total calls           0
           instabilities [%]   0.0000000000000000     
  Pentagon instabilites           0
           total calls          20
           instabilities [%]   0.0000000000000000     
  Hexagon instabilites           0
           total calls           0
           instabilities [%]   0.0000000000000000     
 LO for different PHASESPACE:
  0.13286318540690056       +-    8.5465051163254174E-002  fb   64.325607504827559     
   5.5918733224609281E-002  +-    3.5176375898924632E-002  fb   62.906246029629045     
  0.31684837301489788       +-   0.24487766834526076       fb   77.285442880827688     
 
  
  
 VIRTUAL CONTRIBUTIONS for different PHASESPACE:
  borntype for different PHASESPACE:
   4.6841036471125662E-002  +-    2.0587952025418296E-002  fb   43.952810561972463     
   1.5990063491454307E-002  +-    1.0443227071008709E-002  fb   65.310729232500947     
  0.10700609506710286       +-    6.9383474842702908E-002  fb   64.840675476656685     
  boxes for different PHASESPACE:
   3.8983338988352785E-005  +-    2.4045814571021533E-004  fb   616.82285804727508     
   9.3292109974930184E-006  +-    7.2293218452617890E-006  fb   77.491246014314399     
   1.3745850051650197E-004  +-    1.4584373828584722E-004  fb   106.10019586845310     
 pentagons for different PHASESPACE:
   4.3720078091382631E-003  +-    4.7719600244158378E-003  fb   109.14802152094981     
  -2.0907515289519554E-007  +-    2.0907515289519554E-007  fb  -100.00000000000000     
   2.2258343045390282E-004  +-    2.3221239819613875E-004  fb   104.32600383712304     
   
 TOTAL VIRTUAL CONTRIBUTIONS:
 TOTAL borntype:
  0.16983719502968281        7.3123124533252551E-002   43.054835261776823       %
 TOTAL boxes:
   1.8577105050234777E-004   2.8132326411075252E-004   151.43547035451425       %
 TOTAL pentagons:
   4.5943821644392705E-003   4.7776066305432914E-003   103.98801100009021       %
  
  
  REAL EMISSION for different PHASESPACE:
  0.11258450563373926        9.7862750305753740E-002   86.923817584740789       %
   3.2684729413868366E-002   3.0762170426061292E-002   94.117867816915989       %
   7.0435869512439950E-002   5.2748350899320062E-002   74.888478362581964       %
  
  
  
 !!!!!!!!!!!!!!!!!!!!!!!!!!!!!!!!!!!!!!!!!!!!!!!!!!!!!!!!!!!!!!!!!!!!!!!!!!!!!!!!!!!!!!!!!!!!!!!!!!!!!!!!
   
  PROCESS:          480   :   p p -->  W+ Z A -->  ve e+ mu- mu+ A
   
  TOTAL result (LO):        0.50563029164641  +-    0.26173789340852 fb   51.76467821108302 %
  NLO virtual result:       0.17461734824462  +-    0.07327957429871 fb   41.96580410558926 %
  QCD real emission:        0.21570510456005  +-    0.11535084546429 fb   53.47617790481042 %
  TOTAL result (NLO):       0.39032245280467  +-    0.13665911443708 fb   35.01185070321016 %
  K-Factor:                 0.77195227274403178     
 !!!!!!!!!!!!!!!!!!!!!!!!!!!!!!!!!!!!!!!!!!!!!!!!!!!!!!!!!!!!!!!!!!!!!!!!!!!!!!!!!!!!!!!!!!!!!!!!!!!!!!!!
  
  
  Endtime: 2024-04-30T14:53:29+0200
  Runtime: 0:00:00 (0 seconds)
