   
 -----------------------------------------------------------------
 VBFNLO, version 3.0.0 GIT 1571c2fe
 Comput. Phys. Commun. 180 (2009) 1661[arXiv:0811.4559 [hep-ph]]
 arXiV:1107.4038, arXiV:1207.4975, arXiv:1404.3940
 http://www.itp.kit.edu/vbfnlo
 -----------------------------------------------------------------
 Process-specific references (please cite as well if appropriate):
 G. Bozzi, F. Campanario, M. Rauch et al.
 Phys. Lett. B696 (2011) 380, e-Print: arXiv:1011.2206 [hep-ph]
 
 -----------------------------------------------------------------
   
   
  
        Information on global parameters
 -----------------------------------------------
   PROCESS               =      480
   LOPROCESS_PLUS_JET    =        F
   KK_MOD                =        F
   ANOM_CPL              =        F
   LEPTONS               =    12  -11   13  -13
   LO_ITERATIONS         =        6
   NLO_ITERATIONS        =        6
   LO_POINTS             =       26
   NLO_POINTS            =       26
   NLO_SWITCH            =        T
   EWCOR_SWITCH          =        F
   FERMIONLOOP           =        3
   LHA_SWITCH            =        F
   HEPMC_SWITCH          =        F
   LO_GRID               = grid2_1                                           
                           grid2_2                                           
                           grid2_3                                           
   NLO_GRID              = grid3_1                                           
                           grid3_2                                           
                           grid3_3                                           
   PHTN_GRID             = grid4_1                                           
                           grid4_2                                           
                           grid4_3                                           
   FLOOP_GRID            = grid5_1                                           
                           grid5_2                                           
                           grid5_3                                           
   ECM                   =  13600.0    
   BEAM1                 =        1
   BEAM2                 =        1
   ID_MUF                =        4
   ID_MUR                =        4
   MUF_USER              =  171.586    
   MUR_USER              =  171.586    
   XIF                   =  1.00000    
   XIR                   =  1.00000    
 Warning: cannot read value for key = SHOWTIMING. Using default value :  T
 
       information on the selected process 
 -----------------------------------------------
 
  pp -> W+ Z A -> l+ vl l+ l- A
 
 W+ Z photon production with subsequent decay of the W and Z bosons to leptons.
 Process is implemented at LO and NLO QCD.
 Anomalous couplings can be set in "anomV.dat".
 References: G. Bozzi, F. Campanario, M. Rauch et al.
 Phys. Lett. B696 (2011) 380, e-Print: arXiv:1011.2206 [hep-ph]
 
             Information on PDF sets            
 -----------------------------------------------
 Initializing PDF set CT18
  
               Physics parameters
 -----------------------------------------------
   HTYPE                 =        0
   MODEL                 =        1
   ANOM_CPL              =        F
   KK_MOD                =        F
   SPIN2                 =        F
   HMASS                 =  125.000    
   HWIDTH                = -999.000    
   TOPMASS               =  172.500    
   BOTTOMMASS            =  4.85500    
   CHARMMASS             =  1.65000    
   TAU_MASS              =  1.77684    
   EWSCHEME              =        3
   FERMI_CONST           = 0.116637E-04
   WMASS                 =  80.3980    
   ZMASS                 =  91.1876    
   
 Running in the SM
   
 Higgs mass =   125.00000000000000     
   
   
  
 Information on scale setting in InitScales 
 -------------------------------------------
  
 Dynamical factorization scale chosen:
       invariant VVV mass 
 Dynamical value for alphas chosen:
 alphas = alpha(invariant VVV mass)
  
  
   Information on couplings, masses and widths
 ===============================================
  
   SM coupling parameters 
 ---------------------------
   G_Fermi                         : 0.000011663700
   SIN**2 of the weak mixing angle : 0.22264585
   Q.E.D. fine structure constant  : 1/132.34070    
   SU(2) coupling constant g       : 0.65305673
   U(1) coupling constant g'       : 0.34950127
   Q.C.D. LO alfas(MZ)             : 0.12980813
   Q.C.D. NLO alfas(MZ)            : 0.11798159
  
      particle masses
 ---------------------------
   mass of the Z0 boson            :   91.1876
   mass of the W+/- boson          :   80.3980
   mass of the Higgs boson         :  125.0000
   mass of the top quark           :  172.5000
   mass of the bottom quark at MH  :    2.8039
  (All other fermions have mass equal ZERO)
  
      particle widths
 ---------------------------
   total widths of Z0              :   2.508420 GeV
   total widths of W+ or W-        :   2.097673 GeV
   total widths of Higgs           :   0.004128 GeV
   total widths of top quark       :   1.342520 GeV
  
     branching ratios
 ---------------------------
   W -> lepton anti-lepton         : 10.8397227 %
   W -> massless quark anti-quark  : 33.7404159 %
   W -> top bottom                 :  0.0000000 %
  
   Z -> neutrino anti-neutrino     :  6.6129820 %
   Z -> charged lepton anti-lepton :  3.3460763 %
   Z -> up-type quark anti-quark   : 11.9908090 %
   Z -> down-type quark anti-quark : 15.3804024 %
   Z -> top anti-top               :  0.0000000 %
  
   H -> WW                         : 20.4628169 %
   H -> ZZ                         :  2.5390366 %
   H -> bottom anti-bottom         : 58.7489081 %
   H -> top anti-top               :  0.0000000 %
   H -> charm anti-charm           :  3.4901975 %
   H -> tau anti-tau               :  6.2665676 %
   H -> mu anti-mu                 :  0.0221853 %
   H -> gluon gluon                :  8.0504027 %
   H -> gamma gamma                :  0.2383715 %
   H -> Z gamma                    :  0.1815139 %
  
 Warning: cannot read value for key = MLL_OSONLY. Using default value :  T
 Warning: cannot read value for key = PTMISS_MIN. Using default value :    0.0000000000000000     
 Warning: cannot read value for key = EXISOLCUT. Using default value :    1.0000000000000000     
 Warning: cannot read value for key = MJ_WINDOWV. Using default value :    0.0000000000000000     
 
          information on cut parameters
 -----------------------------------------------
 
 minimum jet pt        (PT_JET_MIN):     20.00   
 maximum jet rapidity                 (Y_JET_MAX):    4.5000000000000000     
 maximum parton pseudorapidity          (Y_P_MAX):    5.0000000000000000     
 minimum jet-jet R-separation           (RJJ_MIN):    0.0000000000000000     
 minimum number of jets                (NJET_MIN):            0
 single jet from hadronic decay (SINGLE_DECAYJET):            0
 exponent of generalised kT algorithm (PGENKTJET):    1.0000000000000000     
 minimum lepton-lepton R-separation     (RLL_MIN):   0.29999999999999999     
 maximum lepton-lepton R-separation     (RLL_MAX):    500.00000000000000     
 minimum jet-lepton R-separation        (RJL_MIN):   0.40000000000000002     
 minimum jet-photon R-separation        (RJG_MIN):   0.40000000000000002     
 minimum lepton-photon R-separation     (RLG_MIN):   0.40000000000000002     
 minimum photon-photon R-separation     (RGG_MIN):   0.40000000000000002     
 maximum photon-photon R-separation     (RGG_MAX):    500.00000000000000     
 maximum lepton rapidity                (Y_L_MAX):    2.5000000000000000     
 minimum lepton pt       (PT_L_MIN):     20.00    20.00    20.00   
 minimum invariant dilepton mass        (MLL_MIN):    15.000000000000000     
 maximum invariant dilepton mass        (MLL_MAX):    14000.000000000000     
 m_ll cuts only on opposite-sign l   (MLL_OSONLY):  T
 maximum photon rapidity                (Y_G_MAX):    2.5000000000000000     
 minimum photon pt       (PT_G_MIN):     10.00   
 photon isolation cut                 (PHISOLCUT):   0.69999999999999996     
 efficiency of photon isolation cut   (EFISOLCUT):    1.0000000000000000     
 exponent of photon isolation cut   (EXISOLCUT):    1.0000000000000000     
 minimum invariant lepton-photon mass   (MLG_MIN):    0.0000000000000000     
 maximum invariant lepton-photon mass   (MLG_MAX):    1.0000000000000000E+020
 minimal missing transverse momentum (PTMISS_MIN):    0.0000000000000000     
 minimum jet rapidity separation      (ETAJJ_MIN):    0.0000000000000000     
 tagging jets in opposite hemispheres     (YSIGN):    F
 leptons fall inside rapidity gap     (LRAPIDGAP):    F
 min leptons y-dist from tagging jets   (DELY_JL):    0.0000000000000000     
 photons fall inside rapidity gap     (GRAPIDGAP):    F
 min photons y-dist from tagging jets   (DELY_JG):    0.0000000000000000     
 dijet min mass cut on tag jets        (MDIJ_MIN):    0.0000000000000000     
 dijet max mass cut on tag jets        (MDIJ_MAX):    14000.000000000000     
 excluded jet-m window               (MJ_WINDOWV):    85.792800000000000        85.792800000000000     
 veto criteria for jets                   (JVETO):    F
 minimum veto-tag y-dist             (DELY_JVETO):   -100.00000000000000     
 maximum |y| for veto jet             (YMAX_VETO):    4.5000000000000000     
 minimum pT for veto jet             (PTMIN_VETO):    50.000000000000000     
 

 --------------------PHASE SPACE--------------------

 boson has mass    80.40 GeV and width     2.0977 GeV
 integration range for boson   3 =      0.032  to     9616.652 GeV
 boson has mass    91.19 GeV and width     2.5084 GeV
 integration range for boson   2 =      0.032  to     9616.652 GeV
 boson has mass     0.00 GeV and width     0.0000 GeV
 integration range for boson   1 =      0.032  to     9616.652 GeV

 machine energy =    13600.0  GeV

 ---------------------------------------------------

  Open error on file random.dat
  Using default values.
  Random number generator initialized with seed =            0
 
          information on histogram config
 -----------------------------------------------
 
  Open error on file histograms.dat
  Using default values.
 SMEARING           =      T
 SMEAR_VALUE        =       0.10000000000000001     
 CALC_ERROR_GNUPLOT =      F
 CALC_ERROR_ROOT    =      F
 CALC_ERROR_1D      =      T
 CALC_ERROR_2D      =      F
 
HIST_ID1      =      0.00    250.00  # dS/dpT_j (fb/GeV)
HIST_ID2      =      0.00    500.00  # dS/dpTmax_j (fb/GeV)
HIST_ID3      =      0.00    200.00  # dS/dpTmin_j (fb/GeV)
HIST_ID4      =     -5.00      5.00  # dS/dy_j (fb)
HIST_ID5      =     -5.00      5.00  # dS/dy_j1 (fb)
HIST_ID6      =     -5.00      5.00  # dS/dy_j2 (fb)
HIST_ID7      =      0.00    500.00  # dS/dpTmax_l (fb/GeV)
HIST_ID8      =      0.00    200.00  # dS/dpTmin_l (fb/GeV)
HIST_ID9      =      0.00      5.00  # dS/d|eta|max_l (fb)
HIST_ID10     =      0.00      5.00  # dS/d|eta|min_l (fb)
HIST_ID11     =   -180.00    180.00  # dS/dPhi_jj (fb)
2DHIST_ID1    =      0.00      6.00      0.00    800.00  # d2S/dy_jj dm_jj (fb/GeV)
 
 -----------------------------------------------
 
Starttime: 2024-04-30T16:03:16+0200
  
 PHASE SPACE           1
  

 MONACO input parameters:
 ndim = 12,  ncall =       2M,   rtype = 0
 nprn =  0,  acc = -1.0E+0,  alph =  8.75E-1,  nd = 48,  mds =  0

 MONACO:  continuing with uniform grid
  
 W+ZA amplitude square information:
 -----------------------------------------------
  
  precalculated tensors initialized to                (0.0000000000000000,0.0000000000000000)
  External b-quark contributions are excluded

 iteration  1:
 integral =  1.340169E-01,  sigma = 6.561E-03
 efficacy = 1.146E-05,  raw efficacy = 1.146E-05
 f_positive = 3.458E-2,  f_zero = 9.654E-1,  f_negative = 0.000E+0
 accumulated statistics:
 integral =  1.340169E-01,  sigma = 6.561E-03,  chi^2/iteration = 0.000E+00

 MONACO:  grid written to file grid2_1.out.1

 MONACO input parameters:
 ndim = 12,  ncall =       4M,   rtype = 0
 nprn =  0,  acc = -1.0E+0,  alph =  8.75E-1,  nd = 48,  mds =  0

 iteration  2:
 integral =  1.322971E-01,  sigma = 1.111E-03
 efficacy = 9.964E-05,  raw efficacy = 2.294E-06
 f_positive = 1.440E-1,  f_zero = 8.560E-1,  f_negative = 0.000E+0
 accumulated statistics:
 integral =  1.323450E-01,  sigma = 1.095E-03,  chi^2/iteration = 6.680E+04

 MONACO:  grid written to file grid2_1.out.2

 MONACO input parameters:
 ndim = 12,  ncall =       8M,   rtype = 0
 nprn =  0,  acc = -1.0E+0,  alph =  8.75E-1,  nd = 48,  mds =  0

 iteration  3:
 integral =  1.326727E-01,  sigma = 4.380E-04
 efficacy = 8.639E-05,  raw efficacy = 2.640E-06
 f_positive = 2.205E-1,  f_zero = 7.795E-1,  f_negative = 0.000E+0
 accumulated statistics:
 integral =  1.326275E-01,  sigma = 4.067E-04,  chi^2/iteration = 1.440E-01

 MONACO:  grid written to file grid2_1.out.3

 MONACO input parameters:
 ndim = 12,  ncall =      16M,   rtype = 0
 nprn =  0,  acc = -1.0E+0,  alph =  8.75E-1,  nd = 48,  mds =  0

 iteration  4:
 integral =  1.323973E-01,  sigma = 2.384E-04
 efficacy = 2.711E-04,  raw efficacy = 1.568E-06
 f_positive = 2.317E-1,  f_zero = 7.683E-1,  f_negative = 0.000E+0
 accumulated statistics:
 integral =  1.324562E-01,  sigma = 2.057E-04,  chi^2/iteration = 1.912E-01

 MONACO:  grid written to file grid2_1.out.4

 MONACO input parameters:
 ndim = 12,  ncall =      32M,   rtype = 0
 nprn =  0,  acc = -1.0E+0,  alph =  8.75E-1,  nd = 48,  mds =  0

 iteration  5:
 integral =  1.326478E-01,  sigma = 1.465E-04
 efficacy = 2.235E-04,  raw efficacy = 3.603E-07
 f_positive = 2.454E-1,  f_zero = 7.546E-1,  f_negative = 0.000E+0
 accumulated statistics:
 integral =  1.325833E-01,  sigma = 1.194E-04,  chi^2/iteration = 3.192E-01

 MONACO:  grid written to file grid2_1.out.5

 MONACO input parameters:
 ndim = 12,  ncall =      64M,   rtype = 0
 nprn =  0,  acc = -1.0E+0,  alph =  8.75E-1,  nd = 48,  mds =  0

 iteration  6:
 integral =  1.325049E-01,  sigma = 9.948E-05
 efficacy = 1.545E-04,  raw efficacy = 4.606E-07
 f_positive = 2.544E-1,  f_zero = 7.456E-1,  f_negative = 0.000E+0
 accumulated statistics:
 integral =  1.325370E-01,  sigma = 7.642E-05,  chi^2/iteration = 3.030E-01

 MONACO:  grid written to file grid2_1.out.6
 
  result (LO):   0.13253703218912782       +-    7.6418665754084808E-005  fb     5.7658349890494620E-002 %
 
  
 PHASE SPACE           2
  

 MONACO input parameters:
 ndim = 12,  ncall =       4M,   rtype = 0
 nprn =  0,  acc = -1.0E+0,  alph =  8.75E-1,  nd = 48,  mds =  0

 MONACO:  continuing with uniform grid

 iteration  1:
 integral =  6.518369E-02,  sigma = 5.876E-03
 efficacy = 4.552E-06,  raw efficacy = 4.552E-06
 f_positive = 2.980E-2,  f_zero = 9.702E-1,  f_negative = 0.000E+0
 accumulated statistics:
 integral =  6.518369E-02,  sigma = 5.876E-03,  chi^2/iteration = 1.421E-14

 MONACO:  grid written to file grid2_2.out.1

 MONACO input parameters:
 ndim = 12,  ncall =       8M,   rtype = 0
 nprn =  0,  acc = -1.0E+0,  alph =  8.75E-1,  nd = 48,  mds =  0

 iteration  2:
 integral =  5.490977E-02,  sigma = 3.408E-04
 efficacy = 1.659E-04,  raw efficacy = 1.873E-06
 f_positive = 1.192E-1,  f_zero = 8.808E-1,  f_negative = 0.000E+0
 accumulated statistics:
 integral =  5.494422E-02,  sigma = 3.403E-04,  chi^2/iteration = 3.046E+06

 MONACO:  grid written to file grid2_2.out.2

 MONACO input parameters:
 ndim = 12,  ncall =      16M,   rtype = 0
 nprn =  0,  acc = -1.0E+0,  alph =  8.75E-1,  nd = 48,  mds =  0

 iteration  3:
 integral =  5.498761E-02,  sigma = 1.084E-04
 efficacy = 2.184E-04,  raw efficacy = 1.198E-06
 f_positive = 1.423E-1,  f_zero = 8.577E-1,  f_negative = 0.000E+0
 accumulated statistics:
 integral =  5.498362E-02,  sigma = 1.033E-04,  chi^2/iteration = 3.061E+00

 MONACO:  grid written to file grid2_2.out.3

 MONACO input parameters:
 ndim = 12,  ncall =      32M,   rtype = 0
 nprn =  0,  acc = -1.0E+0,  alph =  8.75E-1,  nd = 48,  mds =  0

 iteration  4:
 integral =  5.489279E-02,  sigma = 6.400E-05
 efficacy = 6.366E-05,  raw efficacy = 8.220E-07
 f_positive = 1.459E-1,  f_zero = 8.541E-1,  f_negative = 0.000E+0
 accumulated statistics:
 integral =  5.491799E-02,  sigma = 5.440E-05,  chi^2/iteration = 1.810E+00

 MONACO:  grid written to file grid2_2.out.4

 MONACO input parameters:
 ndim = 12,  ncall =      64M,   rtype = 0
 nprn =  0,  acc = -1.0E+0,  alph =  8.75E-1,  nd = 48,  mds =  0

 iteration  5:
 integral =  5.481825E-02,  sigma = 3.805E-05
 efficacy = 2.396E-04,  raw efficacy = 4.678E-07
 f_positive = 1.511E-1,  f_zero = 8.489E-1,  f_negative = 0.000E+0
 accumulated statistics:
 integral =  5.485103E-02,  sigma = 3.118E-05,  chi^2/iteration = 1.959E+00

 MONACO:  grid written to file grid2_2.out.5

 MONACO input parameters:
 ndim = 12,  ncall =     128M,   rtype = 0
 nprn =  0,  acc = -1.0E+0,  alph =  8.75E-1,  nd = 48,  mds =  0

 iteration  6:
 integral =  5.483792E-02,  sigma = 2.541E-05
 efficacy = 1.210E-04,  raw efficacy = 6.488E-07
 f_positive = 1.499E-1,  f_zero = 8.501E-1,  f_negative = 0.000E+0
 accumulated statistics:
 integral =  5.484315E-02,  sigma = 1.970E-05,  chi^2/iteration = 1.496E+00

 MONACO:  grid written to file grid2_2.out.6
 
  result (LO):    5.4843146386808060E-002  +-    1.9696446991042510E-005  fb     3.5914144772299719E-002 %
 
  
 PHASE SPACE           3
  

 MONACO input parameters:
 ndim = 12,  ncall =       4M,   rtype = 0
 nprn =  0,  acc = -1.0E+0,  alph =  8.75E-1,  nd = 48,  mds =  0

 MONACO:  continuing with uniform grid

 iteration  1:
 integral =  1.787774E-01,  sigma = 6.758E-03
 efficacy = 2.068E-05,  raw efficacy = 2.068E-05
 f_positive = 9.393E-3,  f_zero = 9.906E-1,  f_negative = 0.000E+0
 accumulated statistics:
 integral =  1.787774E-01,  sigma = 6.758E-03,  chi^2/iteration = 1.137E-13

 MONACO:  grid written to file grid2_3.out.1

 MONACO input parameters:
 ndim = 12,  ncall =       8M,   rtype = 0
 nprn =  0,  acc = -1.0E+0,  alph =  8.75E-1,  nd = 48,  mds =  0

 iteration  2:
 integral =  1.932801E-01,  sigma = 9.246E-04
 efficacy = 2.477E-04,  raw efficacy = 4.091E-06
 f_positive = 7.098E-2,  f_zero = 9.290E-1,  f_negative = 0.000E+0
 accumulated statistics:
 integral =  1.930136E-01,  sigma = 9.161E-04,  chi^2/iteration = 4.521E+06

 MONACO:  grid written to file grid2_3.out.2

 MONACO input parameters:
 ndim = 12,  ncall =      16M,   rtype = 0
 nprn =  0,  acc = -1.0E+0,  alph =  8.75E-1,  nd = 48,  mds =  0

 iteration  3:
 integral =  1.920070E-01,  sigma = 3.378E-04
 efficacy = 5.209E-04,  raw efficacy = 4.313E-06
 f_positive = 1.133E-1,  f_zero = 8.867E-1,  f_negative = 0.000E+0
 accumulated statistics:
 integral =  1.921275E-01,  sigma = 3.169E-04,  chi^2/iteration = 5.584E+00

 MONACO:  grid written to file grid2_3.out.3

 MONACO input parameters:
 ndim = 12,  ncall =      32M,   rtype = 0
 nprn =  0,  acc = -1.0E+0,  alph =  8.75E-1,  nd = 48,  mds =  0

 iteration  4:
 integral =  1.928984E-01,  sigma = 1.905E-04
 efficacy = 2.780E-04,  raw efficacy = 2.655E-06
 f_positive = 1.315E-1,  f_zero = 8.685E-1,  f_negative = 0.000E+0
 accumulated statistics:
 integral =  1.926939E-01,  sigma = 1.633E-04,  chi^2/iteration = 4.966E+00

 MONACO:  grid written to file grid2_3.out.4

 MONACO input parameters:
 ndim = 12,  ncall =      64M,   rtype = 0
 nprn =  0,  acc = -1.0E+0,  alph =  8.75E-1,  nd = 48,  mds =  0

 iteration  5:
 integral =  1.925780E-01,  sigma = 1.218E-04
 efficacy = 4.502E-04,  raw efficacy = 2.406E-06
 f_positive = 1.374E-1,  f_zero = 8.626E-1,  f_negative = 0.000E+0
 accumulated statistics:
 integral =  1.926194E-01,  sigma = 9.764E-05,  chi^2/iteration = 3.418E+00

 MONACO:  grid written to file grid2_3.out.5

 MONACO input parameters:
 ndim = 12,  ncall =     128M,   rtype = 0
 nprn =  0,  acc = -1.0E+0,  alph =  8.75E-1,  nd = 48,  mds =  0

 iteration  6:
 integral =  1.926487E-01,  sigma = 8.563E-05
 efficacy = 9.442E-05,  raw efficacy = 2.228E-06
 f_positive = 1.404E-1,  f_zero = 8.596E-1,  f_negative = 0.000E+0
 accumulated statistics:
 integral =  1.926360E-01,  sigma = 6.438E-05,  chi^2/iteration = 2.576E+00

 MONACO:  grid written to file grid2_3.out.6
 
  result (LO):   0.19263599836052828       +-    6.4378185919730416E-005  fb     3.3419603016899932E-002 %
 
 
  Total (multi-channel) result (LO):   0.38001617693646417       +-    1.0184455469989967E-004  fb     2.6800057703050710E-002 %
  
   
 Initialising FF ..
   
 ====================================================
   FF 2.0, a package to evaluate one-loop integrals
 written by G. J. van Oldenborgh, NIKHEF-H, Amsterdam
 ====================================================
 for the algorithms used see preprint NIKHEF-H 89/17,
 'New Algorithms for One-loop Integrals', by G.J. van
 Oldenborgh and J.A.M. Vermaseren, published in 
 Zeitschrift fuer Physik C46(1990)425.
 ====================================================
  
 PHASE SPACE            1
  

 MONACO input parameters:
 ndim = 12,  ncall =      64M,   rtype = 0
 nprn =  0,  acc = -1.0E+0,  alph =  8.75E-1,  nd = 48,  mds =  0

 MONACO:  grid read from file grid2_1.out.6                                                                                                                                                                                                                                             

 iteration  1:
 integral =  1.465393E-01,  sigma = 1.045E-04
 efficacy = 2.553E-04,  raw efficacy = 7.545E-07
 f_positive = 2.533E-1,  f_zero = 7.467E-1,  f_negative = 0.000E+0
 accumulated statistics:
 integral =  1.465393E-01,  sigma = 1.045E-04,  chi^2/iteration = 0.000E+00

 MONACO:  grid written to file grid2_1.vout.1
  
  result for virtual contribution, no.            1
  sigma =   0.14653930412030333       +-    1.0451289461096192E-004  fb  
  
 total result for virtual contns so far 
  sigma =   0.14653930412030333       +-    1.0451289461096192E-004  fb
  

 MONACO input parameters:
 ndim = 12,  ncall =      16M,   rtype = 0
 nprn =  0,  acc = -1.0E+0,  alph =  8.75E-1,  nd = 48,  mds =  0

 MONACO:  grid read from file grid2_1.out.6                                                                                                                                                                                                                                             

 iteration  1:
 integral =  7.655191E-03,  sigma = 2.587E-05
 efficacy = 1.156E-04,  raw efficacy = 1.244E-07
 f_positive = 1.730E-1,  f_zero = 7.468E-1,  f_negative = 8.019E-2
 accumulated statistics:
 integral =  7.655191E-03,  sigma = 2.587E-05,  chi^2/iteration = 0.000E+00

 MONACO:  grid written to file grid2_1.vout.2
  
  result for virtual contribution, no.            2
  sigma =    7.6551907331652699E-003  +-    2.5871889458687127E-005  fb  
  Box instabilites           0
           total calls           0
           instabilities [%]   0.0000000000000000     
  
 total result for virtual contns so far 
  sigma =   0.15419449485346859       +-    1.0766754294644491E-004  fb
  

 MONACO input parameters:
 ndim = 12,  ncall =       4M,   rtype = 0
 nprn =  0,  acc = -1.0E+0,  alph =  8.75E-1,  nd = 48,  mds =  0

 MONACO:  grid read from file grid2_1.out.6                                                                                                                                                                                                                                             

 iteration  1:
 integral =  8.167664E-03,  sigma = 5.323E-05
 efficacy = 2.541E-04,  raw efficacy = 5.398E-07
 f_positive = 1.619E-1,  f_zero = 7.466E-1,  f_negative = 9.152E-2
 accumulated statistics:
 integral =  8.167664E-03,  sigma = 5.323E-05,  chi^2/iteration = 0.000E+00

 MONACO:  grid written to file grid2_1.vout.3
  
  result for virtual contribution, no.            3
  sigma =    8.1676643907938173E-003  +-    5.3226293665776370E-005  fb  
  Pentagon instabilites         138
           total calls     2125898
           instabilities [%]   6.4913744685775139E-003
  
 total result for virtual contns so far 
  sigma =   0.16236215924426239       +-    1.2010552918796048E-004  fb
  
  
 PHASE SPACE            2
  

 MONACO input parameters:
 ndim = 12,  ncall =     128M,   rtype = 0
 nprn =  0,  acc = -1.0E+0,  alph =  8.75E-1,  nd = 48,  mds =  0

 MONACO:  grid read from file grid2_2.out.6                                                                                                                                                                                                                                             

 iteration  1:
 integral =  6.014633E-02,  sigma = 2.653E-05
 efficacy = 1.795E-04,  raw efficacy = 5.755E-07
 f_positive = 1.491E-1,  f_zero = 8.509E-1,  f_negative = 0.000E+0
 accumulated statistics:
 integral =  6.014633E-02,  sigma = 2.653E-05,  chi^2/iteration = 1.863E-09

 MONACO:  grid written to file grid2_2.vout.1
  
  result for virtual contribution, no.            1
  sigma =    6.0146332794529293E-002  +-    2.6527585433556171E-005  fb  
  
 total result for virtual contns so far 
  sigma =    6.0146332794529293E-002  +-    2.6527585433556171E-005  fb
  

 MONACO input parameters:
 ndim = 12,  ncall =      32M,   rtype = 0
 nprn =  0,  acc = -1.0E+0,  alph =  8.75E-1,  nd = 48,  mds =  0

 MONACO:  grid read from file grid2_2.out.6                                                                                                                                                                                                                                             

 iteration  1:
 integral =  6.145920E-03,  sigma = 7.524E-06
 efficacy = 2.712E-04,  raw efficacy = 1.054E-06
 f_positive = 1.350E-1,  f_zero = 8.509E-1,  f_negative = 1.410E-2
 accumulated statistics:
 integral =  6.145920E-03,  sigma = 7.524E-06,  chi^2/iteration = 1.164E-10

 MONACO:  grid written to file grid2_2.vout.2
  
  result for virtual contribution, no.            2
  sigma =    6.1459196931986215E-003  +-    7.5243814957729860E-006  fb  
  Box instabilites           0
           total calls           0
           instabilities [%]   0.0000000000000000     
  
 total result for virtual contns so far 
  sigma =    6.6292252487727910E-002  +-    2.7574065819689204E-005  fb
  

 MONACO input parameters:
 ndim = 12,  ncall =       8M,   rtype = 0
 nprn =  0,  acc = -1.0E+0,  alph =  8.75E-1,  nd = 48,  mds =  0

 MONACO:  grid read from file grid2_2.out.6                                                                                                                                                                                                                                             

 iteration  1:
 integral = -2.873005E-05,  sigma = 1.783E-06
 efficacy = 1.034E-05,  raw efficacy = 3.469E-08
 f_positive = 7.187E-2,  f_zero = 8.509E-1,  f_negative = 7.721E-2
 accumulated statistics:
 integral = -2.873005E-05,  sigma = 1.783E-06,  chi^2/iteration = 0.000E+00

 MONACO:  grid written to file grid2_2.vout.3
  
  result for virtual contribution, no.            3
  sigma =   -2.8730052531232576E-005  +-    1.7827128825391515E-006  fb  
  Pentagon instabilites        1039
           total calls     2502096
           instabilities [%]   4.1525185284657345E-002
  
 total result for virtual contns so far 
  sigma =    6.6263522435196676E-002  +-    2.7631633521203979E-005  fb
  
  
 PHASE SPACE            3
  

 MONACO input parameters:
 ndim = 12,  ncall =     128M,   rtype = 0
 nprn =  0,  acc = -1.0E+0,  alph =  8.75E-1,  nd = 48,  mds =  0

 MONACO:  grid read from file grid2_3.out.6                                                                                                                                                                                                                                             

 iteration  1:
 integral =  2.102688E-01,  sigma = 9.013E-05
 efficacy = 1.751E-04,  raw efficacy = 2.212E-06
 f_positive = 1.389E-1,  f_zero = 8.611E-1,  f_negative = 0.000E+0
 accumulated statistics:
 integral =  2.102688E-01,  sigma = 9.013E-05,  chi^2/iteration = 0.000E+00

 MONACO:  grid written to file grid2_3.vout.1
  
  result for virtual contribution, no.            1
  sigma =   0.21026879611536917       +-    9.0127028548083656E-005  fb  
  
 total result for virtual contns so far 
  sigma =   0.21026879611536917       +-    9.0127028548083656E-005  fb
  

 MONACO input parameters:
 ndim = 12,  ncall =      32M,   rtype = 0
 nprn =  0,  acc = -1.0E+0,  alph =  8.75E-1,  nd = 48,  mds =  0

 MONACO:  grid read from file grid2_3.out.6                                                                                                                                                                                                                                             

 iteration  1:
 integral =  2.357591E-02,  sigma = 2.972E-05
 efficacy = 1.324E-04,  raw efficacy = 3.581E-06
 f_positive = 1.280E-1,  f_zero = 8.612E-1,  f_negative = 1.084E-2
 accumulated statistics:
 integral =  2.357591E-02,  sigma = 2.972E-05,  chi^2/iteration = 0.000E+00

 MONACO:  grid written to file grid2_3.vout.2
  
  result for virtual contribution, no.            2
  sigma =    2.3575912691665944E-002  +-    2.9718845889470979E-005  fb  
  Box instabilites           0
           total calls           0
           instabilities [%]   0.0000000000000000     
  
 total result for virtual contns so far 
  sigma =   0.23384470880703512       +-    9.4900427163997590E-005  fb
  

 MONACO input parameters:
 ndim = 12,  ncall =       8M,   rtype = 0
 nprn =  0,  acc = -1.0E+0,  alph =  8.75E-1,  nd = 48,  mds =  0

 MONACO:  grid read from file grid2_3.out.6                                                                                                                                                                                                                                             

 iteration  1:
 integral =  1.819850E-04,  sigma = 8.143E-06
 efficacy = 5.062E-06,  raw efficacy = 2.682E-07
 f_positive = 7.182E-2,  f_zero = 8.612E-1,  f_negative = 6.697E-2
 accumulated statistics:
 integral =  1.819850E-04,  sigma = 8.143E-06,  chi^2/iteration = 0.000E+00

 MONACO:  grid written to file grid2_3.vout.3
  
  result for virtual contribution, no.            3
  sigma =    1.8198503332177320E-004  +-    8.1429093242448416E-006  fb  
  Pentagon instabilites        1051
           total calls     2329350
           instabilities [%]   4.5119883229227040E-002
  
 total result for virtual contns so far 
  sigma =   0.23402669384035690       +-    9.5249136731899493E-005  fb
  
 
  Total (multi-channel) result (NLO virtual):   0.46265237551981597       +-    1.5576021109623033E-004  fb     3.3666791599464924E-002 %
 
   
 Summary for FF ..
   
 
total number of errors and warnings
===================================
vbffferr: no errors
the warning system has been disabled
 
  
 PHASE SPACE            1
  

 MONACO input parameters:
 ndim = 15,  ncall =       2M,   rtype = 0
 nprn =  0,  acc = -1.0E+0,  alph =  8.75E-1,  nd = 48,  mds =  0

 MONACO:  continuing with uniform grid
  
 W+ Z A j amplitude square information:
 -----------------------------------------------
  
  precalculated tensors initialized to                (0.0000000000000000,0.0000000000000000)
  External b-quark contributions are excluded
  
  creal =   -6.5797362673929038       cvirtual =    5.1594725347858095     
  

 iteration  1:
 integral =  7.854139E-02,  sigma = 5.857E-03
 efficacy = 9.433E-06,  raw efficacy = 9.433E-06
 f_positive = 2.741E-2,  f_zero = 9.454E-1,  f_negative = 2.715E-2
 accumulated statistics:
 integral =  7.854139E-02,  sigma = 5.857E-03,  chi^2/iteration = 0.000E+00

 MONACO:  grid written to file grid3_1.out.1

 MONACO input parameters:
 ndim = 15,  ncall =       4M,   rtype = 0
 nprn =  0,  acc = -1.0E+0,  alph =  8.75E-1,  nd = 48,  mds =  0

 iteration  2:
 integral =  8.391856E-02,  sigma = 2.439E-03
 efficacy = 1.552E-05,  raw efficacy = 1.531E-06
 f_positive = 1.231E-1,  f_zero = 7.884E-1,  f_negative = 8.846E-2
 accumulated statistics:
 integral =  8.312398E-02,  sigma = 2.251E-03,  chi^2/iteration = 7.184E+05

 MONACO:  grid written to file grid3_1.out.2

 MONACO input parameters:
 ndim = 15,  ncall =       8M,   rtype = 0
 nprn =  0,  acc = -1.0E+0,  alph =  8.75E-1,  nd = 48,  mds =  0

 iteration  3:
 integral =  8.184811E-02,  sigma = 9.642E-04
 efficacy = 1.979E-05,  raw efficacy = 2.057E-07
 f_positive = 1.811E-1,  f_zero = 7.047E-1,  f_negative = 1.142E-1
 accumulated statistics:
 integral =  8.204586E-02,  sigma = 8.863E-04,  chi^2/iteration = 9.898E-01

 MONACO:  grid written to file grid3_1.out.3

 MONACO input parameters:
 ndim = 15,  ncall =      16M,   rtype = 0
 nprn =  0,  acc = -1.0E+0,  alph =  8.75E-1,  nd = 48,  mds =  0

 iteration  4:
 integral =  8.095625E-02,  sigma = 6.113E-04
 efficacy = 1.822E-05,  raw efficacy = 2.460E-08
 f_positive = 1.949E-1,  f_zero = 6.889E-1,  f_negative = 1.162E-1
 accumulated statistics:
 integral =  8.130752E-02,  sigma = 5.032E-04,  chi^2/iteration = 1.007E+00

 MONACO:  grid written to file grid3_1.out.4

 MONACO input parameters:
 ndim = 15,  ncall =      32M,   rtype = 0
 nprn =  0,  acc = -1.0E+0,  alph =  8.75E-1,  nd = 48,  mds =  0

 iteration  5:
 integral =  8.070868E-02,  sigma = 3.640E-04
 efficacy = 1.575E-05,  raw efficacy = 3.092E-08
 f_positive = 1.927E-1,  f_zero = 6.940E-1,  f_negative = 1.133E-1
 accumulated statistics:
 integral =  8.091437E-02,  sigma = 2.949E-04,  chi^2/iteration = 9.812E-01

 MONACO:  grid written to file grid3_1.out.5

 MONACO input parameters:
 ndim = 15,  ncall =      64M,   rtype = 0
 nprn =  0,  acc = -1.0E+0,  alph =  8.75E-1,  nd = 48,  mds =  0

 iteration  6:
 integral =  8.105111E-02,  sigma = 1.943E-04
 efficacy = 5.212E-05,  raw efficacy = 1.876E-08
 f_positive = 1.930E-1,  f_zero = 6.874E-1,  f_negative = 1.196E-1
 accumulated statistics:
 integral =  8.100974E-02,  sigma = 1.622E-04,  chi^2/iteration = 7.734E-01

 MONACO:  grid written to file grid3_1.out.6
 
  result for real emissions 
  sigma =    8.1009739675372880E-002  +-    1.6223082752298069E-004  fb
  
  
 PHASE SPACE            2
  

 MONACO input parameters:
 ndim = 15,  ncall =       4M,   rtype = 0
 nprn =  0,  acc = -1.0E+0,  alph =  8.75E-1,  nd = 48,  mds =  0

 MONACO:  continuing with uniform grid

 iteration  1:
 integral =  1.755402E-02,  sigma = 2.184E-02
 efficacy = 2.740E-07,  raw efficacy = 2.740E-07
 f_positive = 7.220E-2,  f_zero = 8.612E-1,  f_negative = 6.664E-2
 accumulated statistics:
 integral =  1.755402E-02,  sigma = 2.184E-02,  chi^2/iteration = 1.110E-16

 MONACO:  grid written to file grid3_2.out.1

 MONACO input parameters:
 ndim = 15,  ncall =       8M,   rtype = 0
 nprn =  0,  acc = -1.0E+0,  alph =  8.75E-1,  nd = 48,  mds =  0

 iteration  2:
 integral =  2.146810E-02,  sigma = 1.638E-03
 efficacy = 3.446E-06,  raw efficacy = 3.767E-08
 f_positive = 1.291E-1,  f_zero = 7.908E-1,  f_negative = 8.011E-2
 accumulated statistics:
 integral =  2.144621E-02,  sigma = 1.633E-03,  chi^2/iteration = 3.195E+04

 MONACO:  grid written to file grid3_2.out.2

 MONACO input parameters:
 ndim = 15,  ncall =      16M,   rtype = 0
 nprn =  0,  acc = -1.0E+0,  alph =  8.75E-1,  nd = 48,  mds =  0

 iteration  3:
 integral =  1.847174E-02,  sigma = 4.143E-04
 efficacy = 6.782E-06,  raw efficacy = 1.067E-08
 f_positive = 1.294E-1,  f_zero = 7.907E-1,  f_negative = 7.986E-2
 accumulated statistics:
 integral =  1.865157E-02,  sigma = 4.016E-04,  chi^2/iteration = 3.148E+00

 MONACO:  grid written to file grid3_2.out.3

 MONACO input parameters:
 ndim = 15,  ncall =      32M,   rtype = 0
 nprn =  0,  acc = -1.0E+0,  alph =  8.75E-1,  nd = 48,  mds =  0

 iteration  4:
 integral =  1.841788E-02,  sigma = 1.876E-04
 efficacy = 7.169E-06,  raw efficacy = 5.207E-09
 f_positive = 1.084E-1,  f_zero = 8.119E-1,  f_negative = 7.972E-2
 accumulated statistics:
 integral =  1.845975E-02,  sigma = 1.700E-04,  chi^2/iteration = 1.713E+00

 MONACO:  grid written to file grid3_2.out.4

 MONACO input parameters:
 ndim = 15,  ncall =      64M,   rtype = 0
 nprn =  0,  acc = -1.0E+0,  alph =  8.75E-1,  nd = 48,  mds =  0

 iteration  5:
 integral =  1.833192E-02,  sigma = 9.766E-05
 efficacy = 7.793E-06,  raw efficacy = 8.810E-10
 f_positive = 9.838E-2,  f_zero = 8.182E-1,  f_negative = 8.340E-2
 accumulated statistics:
 integral =  1.836364E-02,  sigma = 8.468E-05,  chi^2/iteration = 1.284E+00

 MONACO:  grid written to file grid3_2.out.5

 MONACO input parameters:
 ndim = 15,  ncall =     128M,   rtype = 0
 nprn =  0,  acc = -1.0E+0,  alph =  8.75E-1,  nd = 48,  mds =  0

 iteration  6:
 integral =  1.832656E-02,  sigma = 5.768E-05
 efficacy = 1.425E-05,  raw efficacy = 9.406E-10
 f_positive = 9.130E-2,  f_zero = 8.239E-1,  f_negative = 8.475E-2
 accumulated statistics:
 integral =  1.833831E-02,  sigma = 4.767E-05,  chi^2/iteration = 9.955E-01

 MONACO:  grid written to file grid3_2.out.6
 
  result for real emissions 
  sigma =    1.8338312578162805E-002  +-    4.7671838497098338E-005  fb
  
  
 PHASE SPACE            3
  

 MONACO input parameters:
 ndim = 15,  ncall =       4M,   rtype = 0
 nprn =  0,  acc = -1.0E+0,  alph =  8.75E-1,  nd = 48,  mds =  0

 MONACO:  continuing with uniform grid

 iteration  1:
 integral =  6.752746E-02,  sigma = 1.779E-02
 efficacy = 1.637E-06,  raw efficacy = 1.637E-06
 f_positive = 4.510E-2,  f_zero = 9.118E-1,  f_negative = 4.310E-2
 accumulated statistics:
 integral =  6.752746E-02,  sigma = 1.779E-02,  chi^2/iteration = 0.000E+00

 MONACO:  grid written to file grid3_3.out.1

 MONACO input parameters:
 ndim = 15,  ncall =       8M,   rtype = 0
 nprn =  0,  acc = -1.0E+0,  alph =  8.75E-1,  nd = 48,  mds =  0

 iteration  2:
 integral =  5.497859E-02,  sigma = 3.199E-03
 efficacy = 4.010E-06,  raw efficacy = 5.417E-08
 f_positive = 1.072E-1,  f_zero = 8.259E-1,  f_negative = 6.692E-2
 accumulated statistics:
 integral =  5.537163E-02,  sigma = 3.148E-03,  chi^2/iteration = 4.821E+05

 MONACO:  grid written to file grid3_3.out.2

 MONACO input parameters:
 ndim = 15,  ncall =      16M,   rtype = 0
 nprn =  0,  acc = -1.0E+0,  alph =  8.75E-1,  nd = 48,  mds =  0

 iteration  3:
 integral =  5.692825E-02,  sigma = 1.310E-03
 efficacy = 4.854E-06,  raw efficacy = 3.965E-09
 f_positive = 1.115E-1,  f_zero = 8.128E-1,  f_negative = 7.571E-2
 accumulated statistics:
 integral =  5.669843E-02,  sigma = 1.210E-03,  chi^2/iteration = 6.905E-01

 MONACO:  grid written to file grid3_3.out.3

 MONACO input parameters:
 ndim = 15,  ncall =      32M,   rtype = 0
 nprn =  0,  acc = -1.0E+0,  alph =  8.75E-1,  nd = 48,  mds =  0

 iteration  4:
 integral =  5.561277E-02,  sigma = 5.155E-04
 efficacy = 1.202E-05,  raw efficacy = 1.672E-09
 f_positive = 9.869E-2,  f_zero = 8.184E-1,  f_negative = 8.286E-2
 accumulated statistics:
 integral =  5.577965E-02,  sigma = 4.742E-04,  chi^2/iteration = 6.861E-01

 MONACO:  grid written to file grid3_3.out.4

 MONACO input parameters:
 ndim = 15,  ncall =      64M,   rtype = 0
 nprn =  0,  acc = -1.0E+0,  alph =  8.75E-1,  nd = 48,  mds =  0

 iteration  5:
 integral =  5.491308E-02,  sigma = 3.497E-04
 efficacy = 4.318E-06,  raw efficacy = 2.087E-09
 f_positive = 9.715E-2,  f_zero = 8.137E-1,  f_negative = 8.913E-2
 accumulated statistics:
 integral =  5.521832E-02,  sigma = 2.815E-04,  chi^2/iteration = 1.178E+00

 MONACO:  grid written to file grid3_3.out.5

 MONACO input parameters:
 ndim = 15,  ncall =     128M,   rtype = 0
 nprn =  0,  acc = -1.0E+0,  alph =  8.75E-1,  nd = 48,  mds =  0

 iteration  6:
 integral =  5.476579E-02,  sigma = 1.951E-04
 efficacy = 1.097E-05,  raw efficacy = 1.408E-09
 f_positive = 8.827E-2,  f_zero = 8.274E-1,  f_negative = 8.437E-2
 accumulated statistics:
 integral =  5.491269E-02,  sigma = 1.604E-04,  chi^2/iteration = 1.320E+00

 MONACO:  grid written to file grid3_3.out.6
 
  result for real emissions 
  sigma =    5.4912691353241415E-002  +-    1.6036644258642143E-004  fb
  
 
  Total (multi-channel) result (NLO real):   0.15426074360677711       +-    2.3304257442001566E-004  fb    0.15107056336643865      %
 
  
  final result at NLO 
  sigma =   0.61691311912659297       +-    2.8030355840240551E-004  fb   4.5436472286284141E-002 %
  
  Box instabilites           0
           total calls           0
           instabilities [%]   0.0000000000000000     
  FBox instabilites           0
           total calls           0
           instabilities [%]   0.0000000000000000     
  Pentagon instabilites        2228
           total calls     6957344
           instabilities [%]   3.2023714796911004E-002
  Hexagon instabilites           0
           total calls           0
           instabilities [%]   0.0000000000000000     
 LO for different PHASESPACE:
  0.13253703218912782       +-    7.6418665754084808E-005  fb   5.7658349890494620E-002
   5.4843146386808060E-002  +-    1.9696446991042510E-005  fb   3.5914144772299719E-002
  0.19263599836052828       +-    6.4378185919730416E-005  fb   3.3419603016899932E-002
 
  
  
 VIRTUAL CONTRIBUTIONS for different PHASESPACE:
  borntype for different PHASESPACE:
  0.14653930412030333       +-    1.0451289461096192E-004  fb   7.1320725342847752E-002
   6.0146332794529293E-002  +-    2.6527585433556171E-005  fb   4.4105075406973164E-002
  0.21026879611536917       +-    9.0127028548083656E-005  fb   4.2862769090394770E-002
  boxes for different PHASESPACE:
   7.6551907331652699E-003  +-    2.5871889458687127E-005  fb  0.33796531478438568     
   6.1459196931986215E-003  +-    7.5243814957729860E-006  fb  0.12242889382527791     
   2.3575912691665944E-002  +-    2.9718845889470979E-005  fb  0.12605597194961005     
 pentagons for different PHASESPACE:
   8.1676643907938173E-003  +-    5.3226293665776370E-005  fb  0.65167091985035996     
  -2.8730052531232576E-005  +-    1.7827128825391515E-006  fb  -6.2050456768262290     
   1.8198503332177320E-004  +-    8.1429093242448416E-006  fb   4.4744939600868818     
   
 TOTAL VIRTUAL CONTRIBUTIONS:
 TOTAL borntype:
  0.41695443303020180        1.4053305377669605E-004   3.3704655147896369E-002  %
 TOTAL boxes:
   3.7377023118029831E-002   4.0114595623769947E-005  0.10732421224958276       %
 TOTAL pentagons:
   8.3209193715843583E-003   5.3875071924591528E-005  0.64746537634498613       %
  
  
  REAL EMISSION for different PHASESPACE:
   8.1009739675372880E-002   1.6223082752298069E-004  0.20026089229897773       %
   1.8338312578162805E-002   4.7671838497098338E-005  0.25995760675311963       %
   5.4912691353241415E-002   1.6036644258642143E-004  0.29203894151685067       %
  
  
  
 !!!!!!!!!!!!!!!!!!!!!!!!!!!!!!!!!!!!!!!!!!!!!!!!!!!!!!!!!!!!!!!!!!!!!!!!!!!!!!!!!!!!!!!!!!!!!!!!!!!!!!!!
   
  PROCESS:          480   :   p p -->  W+ Z A -->  ve e+ mu- mu+ A
   
  TOTAL result (LO):        0.38001617693646  +-    0.00010184455470 fb    0.02680005770305 %
  NLO virtual result:       0.46265237551982  +-    0.00015576021110 fb    0.03366679159946 %
  QCD real emission:        0.15426074360678  +-    0.00023304257442 fb    0.15107056336644 %
  TOTAL result (NLO):       0.61691311912659  +-    0.00028030355840 fb    0.04543647228628 %
  K-Factor:                  1.6233864676496026     
 !!!!!!!!!!!!!!!!!!!!!!!!!!!!!!!!!!!!!!!!!!!!!!!!!!!!!!!!!!!!!!!!!!!!!!!!!!!!!!!!!!!!!!!!!!!!!!!!!!!!!!!!
  
  
  Endtime: 2024-04-30T23:55:09+0200
  Runtime: 7:51:53 (28313 seconds)
