   
 -----------------------------------------------------
 VBFNLO, version 2.7.0 rc1 svn 6148
 Comput. Phys. Commun. 180 (2009) 1661 [arXiv:0811.4559 [hep-ph]]
 arXiV: 1107.4038, arXiV: 1207.4975
 http://www.itp.kit.edu/~vbfnloweb/
 -----------------------------------------------------
   
   
   
 Initialising LoopTools ..
   
 ====================================================
   FF 2.0, a package to evaluate one-loop integrals
 written by G. J. van Oldenborgh, NIKHEF-H, Amsterdam
 ====================================================
 for the algorithms used see preprint NIKHEF-H 89/17,
 'New Algorithms for One-loop Integrals', by G.J. van
 Oldenborgh and J.A.M. Vermaseren, published in 
 Zeitschrift fuer Physik C46(1990)425.
 ====================================================
  
        Information on global parameters
 -----------------------------------------------
   PROCESS               =      100
   LOPROCESS_PLUS_JET    =        F
   KK_MOD                =        F
   ANOM_CPL              =        T
   LO_ITERATIONS         =        6
   NLO_ITERATIONS        =        6
   LO_POINTS             =       26
   NLO_POINTS            =       26
   NLO_SWITCH            =        T
   EWCOR_SWITCH          =        F
   FERMIONLOOP           =        3
   LHA_SWITCH            =        F
   HEPMC_SWITCH          =        F
   LO_GRID               = grid2_1                                           
   NLO_GRID              = grid3_1                                           
   PHTN_GRID             = grid4_1                                           
   FLOOP_GRID            = grid5_1                                           
   ECM                   =  14000.0    
   BEAM1                 =        1
   BEAM2                 =        1
   ID_MUF                =        1
   ID_MUR                =        1
   MUF_USER              =  100.000    
   MUR_USER              =  100.000    
   XIF                   =  1.00000    
   XIR                   =  1.00000    
 
       information on the selected process 
 -----------------------------------------------
 
  pp -> H jj
 
 Higgs + 2 jets production in vector boson fusion, without Higgs decay.
 Process is implemented at LO and NLO QCD.
 NLO electroweak corrections in the SM and MSSM are also implemented.
 The Q**2 of the produced Higgs is generated in the narrow width approximation.
 Anomalous coupling parameters can be set in "anom_HVV.dat".
 References: T. Figy, C. Oleari, D. Zeppenfeld
 Phys. Rev. D68 (2003) 073005, e-Print: hep-ph/0306109
 T. Figy, S. Palmer, G. Weiglein
 JHEP 1202 (2012) 105, e-Print: arXiv:1012.4789 [hep-ph]
 
 Initializing PDF set CT10
  
               Physics parameters
 -----------------------------------------------
   HTYPE                 =        0
   MODEL                 =        1
   ANOM_CPL              =        T
   KK_MOD                =        F
   SPIN2                 =        F
   HMASS                 =  120.000    
   HWIDTH                = -999.000    
   TOPMASS               =  172.400    
   BOTTOMMASS            =  4.85500    
   CHARMMASS             =  1.65000    
   TAU_MASS              =  1.77684    
   EWSCHEME              =        3
   FERMI_CONST           = 0.116637E-04
   WMASS                 =  80.3980    
   ZMASS                 =  91.1876    
   
 Running in the SM
   
 Higgs mass =   120.00000000000000     
   
  
   Information on anomalous Higgs coupling parameters  
 ------------------------------------------------------
   PARAMETR1             =        T
   PARAMETR2             =        F
   PARAMETR3             =        F
   FORMFACTOR            =        T
   MASS_SCALE            =  200.000    
   FFAC                  =        2
   LAMBDA5               =  480.000    
   G5E_HWW               = -.182000    
   G5E_HZZ               = -.440000E-01
   G5E_HGG               =  0.00000    
   G5E_HGZ               = -.178000    
   G5O_HWW               =  0.00000    
   G5O_HZZ               =  0.00000    
   G5O_HGG               =  0.00000    
   G5O_HGZ               =  0.00000    
   TREEFACZ              =  1.00000    
   TREEFACW              =  1.00000    
   LOOPFAC               =  1.00000    
  
  
 Information on scale setting in InitScales 
 -------------------------------------------
  
 Dynamical factorization scale chosen:
         momentum transfer of W/Z  
 Dynamical value for alphas chosen:
 alphas = alpha(momentum transfer of W/Z)
 Initializing PDF set cteq6l1
  
  
  
  
   Information on couplings, masses and widths
 ===============================================
  
   SM coupling parameters 
 ---------------------------
   G_Fermi                         : 0.000011663700
   SIN**2 of the weak mixing angle : 0.22264585
   Q.E.D. fine structure constant  : 1/132.34070    
   SU(2) coupling constant g       : 0.65305673
   U(1) coupling constant g'       : 0.34950127
   Q.C.D. LO alfas(MZ)             : 0.12980813
   Q.C.D. NLO alfas(MZ)            : 0.11798159
  
      particle masses
 ---------------------------
   mass of the Z0 boson            :   91.1876
   mass of the W+/- boson          :   80.3980
   mass of the Higgs boson         :  120.0000
   mass of the top quark           :  172.4000
   mass of the bottom quark at MH  :    2.8132
  (All other fermions have mass equal ZERO)
  
      particle widths
 ---------------------------
   total widths of Z0              :   2.508420 GeV
   total widths of W+ or W-        :   2.097673 GeV
   total widths of Higgs           :   0.004489 GeV
   total widths of top quark       :   1.339784 GeV
  
  partial Higgs decay width 
 ---------------------------
   H -> WW                         : 0.510397D-03 GeV
   H -> ZZ                         : 0.121895D-03 GeV
   H -> bottom anti-bottom         : 0.234698D-02 GeV
   H -> top anti-top               : 0.000000D+00 GeV
   H -> charm anti-charm           : 0.139431D-03 GeV
   H -> tau anti-tau               : 0.248323D-03 GeV
   H -> mu anti-mu                 : 0.879222D-06 GeV
   H -> gluon gluon                : 0.294385D-03 GeV
   H -> gamma gamma                : 0.831243D-05 GeV
   H -> Z gamma                    : 0.818369D-03 GeV
  
     branching ratios
 ---------------------------
   W -> lepton anti-lepton         : 10.8397227 %
   W -> massless quark anti-quark  : 33.7404159 %
   W -> top bottom                 :  0.0000000 %
  
   Z -> neutrino anti-neutrino     :  6.6129820 %
   Z -> charged lepton anti-lepton :  3.3460763 %
   Z -> up-type quark anti-quark   : 11.9908090 %
   Z -> down-type quark anti-quark : 15.3804024 %
   Z -> top anti-top               :  0.0000000 %
  
   H -> WW                         : 11.3700361 %
   H -> ZZ                         :  2.7154287 %
   H -> bottom anti-bottom         : 52.2832045 %
   H -> top anti-top               :  0.0000000 %
   H -> charm anti-charm           :  3.1060882 %
   H -> tau anti-tau               :  5.5318592 %
   H -> mu anti-mu                 :  0.0195863 %
   H -> gluon gluon                :  6.5579677 %
   H -> gamma gamma                :  0.1851746 %
   H -> Z gamma                    : 18.2306547 %
  
 Warning: cannot read value for key = MLL_OSONLY. Using default value :  T
 Warning: cannot read value for key = PTMISS_MIN. Using default value :    0.0000000000000000     
 
          information on cut parameters
 -----------------------------------------------
 
 minimum jet pt        (PT_JET_MIN):     20.00    20.00    20.00   
 maximum jet rapidity                 (Y_JET_MAX):    4.5000000000000000     
 maximum parton pseudorapidity          (Y_P_MAX):    5.0000000000000000     
 minimum jet-jet R-separation           (RJJ_MIN):   0.80000000000000004     
 minimum number of jets                (NJET_MIN):            2
 single jet from hadronic decay (SINGLE_DECAYJET):            0
 exponent of generalised kT algorithm (PGENKTJET):    1.0000000000000000     
 minimum lepton-lepton R-separation     (RLL_MIN):    0.0000000000000000     
 maximum lepton-lepton R-separation     (RLL_MAX):    50.000000000000000     
 minimum jet-lepton R-separation        (RJL_MIN):    0.0000000000000000     
 minimum jet-photon R-separation        (RJG_MIN):    0.0000000000000000     
 minimum lepton-photon R-separation     (RLG_MIN):    0.0000000000000000     
 minimum photon-photon R-separation     (RGG_MIN):    0.0000000000000000     
 maximum photon-photon R-separation     (RGG_MAX):    50.000000000000000     
 maximum lepton rapidity                (Y_L_MAX):    2.5000000000000000     
 minimum lepton pt       (PT_L_MIN):    
 minimum invariant dilepton mass        (MLL_MIN):    15.000000000000000     
 maximum invariant dilepton mass        (MLL_MAX):    14000.000000000000     
 m_ll cuts only on opposite-sign l   (MLL_OSONLY):  T
 maximum photon rapidity                (Y_G_MAX):    1.5000000000000000     
 minimum photon pt       (PT_G_MIN):    
 photon isolation cut                 (PHISOLCUT):   0.69999999999999996     
 efficiency of photon isolation cut   (EFISOLCUT):    1.0000000000000000     
 minimum invariant lepton-photon mass   (MLG_MIN):    0.0000000000000000     
 maximum invariant lepton-photon mass   (MLG_MAX):    1.0000000000000000E+020
 minimal missing transverse momentum (PTMISS_MIN):    0.0000000000000000     
 minimum jet rapidity separation      (ETAJJ_MIN):    4.0000000000000000     
 tagging jets in opposite hemispheres     (YSIGN):    T
 leptons fall inside rapidity gap     (LRAPIDGAP):    T
 min leptons y-dist from tagging jets   (DELY_JL):    0.0000000000000000     
 photons fall inside rapidity gap     (GRAPIDGAP):    T
 min photons y-dist from tagging jets   (DELY_JG):    0.0000000000000000     
 dijet min mass cut on tag jets        (MDIJ_MIN):    600.00000000000000     
 dijet max mass cut on tag jets        (MDIJ_MAX):    14000.000000000000     
 veto criteria for jets                   (JVETO):    F
 minimum veto-tag y-dist             (DELY_JVETO):    0.0000000000000000     
 maximum |y| for veto jet             (YMAX_VETO):    5.0000000000000000     
 minimum pT for veto jet             (PTMIN_VETO):    10.000000000000000     
 
 
          information on technical cuts
 -----------------------------------------------
  
 Photon exchange with virtuality Q^2 <        4.0 GeV^2 is eliminated. 
  Recover by calculating  q gamma ---> q g V (V)   etc.
  

        phase space generator information  
 -----------------------------------------------

 boson  6 has mass 120.00 GeV and width  0.0045 GeV
 integration range for boson  6 =    119.327  to      120.673 GeV

 pTjmin =   20.0    20.0    20.0    20.0
 Ejmin  =    0.0     0.0     0.0     0.0
 yjmin  =    0.0     0.0     0.0     0.0
 yjmax  =    4.5     4.5     4.5     4.5
 infoj  =     -1      -1      -1      -1
 machine energy =    14000.0  GeV
 Minimal mom.transfer or mass for parton pair:   100.00 MeV

 -----------------------------------------------

  Random number generator initialized with seed =            0
 
          information on histogram config
 -----------------------------------------------
 
 SMEARING           =      T
 SMEAR_VALUE        =       0.20000000000000001     
 CALC_ERROR_GNUPLOT =      F
 CALC_ERROR_1D      =      T
 CALC_ERROR_2D      =      F
 
HIST_ID1      =      0.00    250.00  # dS/dpT_j (fb/GeV)
HIST_ID2      =      0.00    500.00  # dS/dpTmax_j (fb/GeV)
HIST_ID3      =      0.00    200.00  # dS/dpTmin_j (fb/GeV)
HIST_ID4      =     -5.00      5.00  # dS/deta_j (fb)
HIST_ID5      =     -5.00      5.00  # dS/deta_j1 (fb)
HIST_ID6      =     -5.00      5.00  # dS/deta_j2 (fb)
HIST_ID7      =      0.00    500.00  # dS/dpTmax_l (fb/GeV)
HIST_ID8      =      0.00    200.00  # dS/dpTmin_l (fb/GeV)
HIST_ID9      =      0.00      5.00  # dS/d|eta|max_l (fb)
HIST_ID10     =      0.00      5.00  # dS/d|eta|min_l (fb)
HIST_ID11     =   -180.00    180.00  # dS/dPhi_jj (fb)
2DHIST_ID1    =      0.00      6.00      0.00    800.00  # d2S/deta_jj dm_jj (fb/GeV)
 
 -----------------------------------------------
 
 
 

 MONACO input parameters:
 ndim =  9,  ncall =       2M,   rtype = 0
 nprn =  0,  acc = -1.0E+0,  alph = 8.75E-1,  nd = 48,  mds =  0

 MONACO:  continuing with uniform grid
  
 Hjj amplitude square information:
 -----------------------------------------------
  
  External b-quark contributions are excluded

 iteration  1:
 integral =  1.334473E+03,  sigma = 2.365E+01
 efficacy = 1.888E-04,  raw efficacy = 1.888E-04
 f_positive = 3.917E-2,  f_zero = 9.608E-1,  f_negative = 0.000E+0
 accumulated statistics:
 integral =  1.334473E+03,  sigma = 2.365E+01,  chi^2/iteration = 4.547E-13

 MONACO:  grid written to file grid2_1.out.1

 MONACO input parameters:
 ndim =  9,  ncall =       4M,   rtype = 0
 nprn =  0,  acc = -1.0E+0,  alph = 8.75E-1,  nd = 48,  mds =  0

 iteration  2:
 integral =  1.330326E+03,  sigma = 2.190E+00
 efficacy = 1.195E-02,  raw efficacy = 1.633E-04
 f_positive = 2.172E-1,  f_zero = 7.828E-1,  f_negative = 0.000E+0
 accumulated statistics:
 integral =  1.330361E+03,  sigma = 2.181E+00,  chi^2/iteration = 3.049E+04

 MONACO:  grid written to file grid2_1.out.2

 MONACO input parameters:
 ndim =  9,  ncall =       8M,   rtype = 0
 nprn =  0,  acc = -1.0E+0,  alph = 8.75E-1,  nd = 48,  mds =  0

 iteration  3:
 integral =  1.334410E+03,  sigma = 8.138E-01
 efficacy = 2.803E-02,  raw efficacy = 1.586E-04
 f_positive = 3.922E-1,  f_zero = 6.078E-1,  f_negative = 0.000E+0
 accumulated statistics:
 integral =  1.333916E+03,  sigma = 7.625E-01,  chi^2/iteration = 3.056E+00

 MONACO:  grid written to file grid2_1.out.3

 MONACO input parameters:
 ndim =  9,  ncall =      16M,   rtype = 0
 nprn =  0,  acc = -1.0E+0,  alph = 8.75E-1,  nd = 48,  mds =  0

 iteration  4:
 integral =  1.334695E+03,  sigma = 4.521E-01
 efficacy = 1.601E-02,  raw efficacy = 1.561E-04
 f_positive = 4.749E-1,  f_zero = 5.251E-1,  f_negative = 0.000E+0
 accumulated statistics:
 integral =  1.334493E+03,  sigma = 3.889E-01,  chi^2/iteration = 1.915E+00

 MONACO:  grid written to file grid2_1.out.4

 MONACO input parameters:
 ndim =  9,  ncall =      32M,   rtype = 0
 nprn =  0,  acc = -1.0E+0,  alph = 8.75E-1,  nd = 48,  mds =  0

 iteration  5:
 integral =  1.334229E+03,  sigma = 2.977E-01
 efficacy = 4.232E-03,  raw efficacy = 1.562E-04
 f_positive = 5.129E-1,  f_zero = 4.871E-1,  f_negative = 0.000E+0
 accumulated statistics:
 integral =  1.334326E+03,  sigma = 2.364E-01,  chi^2/iteration = 1.373E+00

 MONACO:  grid written to file grid2_1.out.5

 MONACO input parameters:
 ndim =  9,  ncall =      64M,   rtype = 0
 nprn =  0,  acc = -1.0E+0,  alph = 8.75E-1,  nd = 48,  mds =  0
  random number setting in monaco saved 

 iteration  6:
 integral =  1.334131E+03,  sigma = 2.104E-01
 efficacy = 1.840E-03,  raw efficacy = 1.562E-04
 f_positive = 5.337E-1,  f_zero = 4.663E-1,  f_negative = 0.000E+0
 accumulated statistics:
 integral =  1.334217E+03,  sigma = 1.572E-01,  chi^2/iteration = 1.126E+00

 MONACO:  grid written to file grid2_1.out.6
 
  result (LO):    1334.2170730140365       +-   0.15715346587258017       fb     1.1778702960048754E-002 %
 
   
 Initialising FF ..
   
 ====================================================
   FF 2.0, a package to evaluate one-loop integrals
 written by G. J. van Oldenborgh, NIKHEF-H, Amsterdam
 ====================================================
 for the algorithms used see preprint NIKHEF-H 89/17,
 'New Algorithms for One-loop Integrals', by G.J. van
 Oldenborgh and J.A.M. Vermaseren, published in 
 Zeitschrift fuer Physik C46(1990)425.
 ====================================================
 Initializing PDF set CT10

 MONACO input parameters:
 ndim =  9,  ncall =      64M,   rtype = 0
 nprn =  0,  acc = -1.0E+0,  alph = 8.75E-1,  nd = 48,  mds =  0

 MONACO:  grid read from file grid2_1.out.6                                                                                                                                                                                                                                             

 iteration  1:
 integral =  1.176587E+03,  sigma = 1.836E-01
 efficacy = 1.900E-03,  raw efficacy = 1.464E-04
 f_positive = 5.448E-1,  f_zero = 4.552E-1,  f_negative = 0.000E+0
 accumulated statistics:
 integral =  1.176587E+03,  sigma = 1.836E-01,  chi^2/iteration = 0.000E+00

 MONACO:  grid written to file grid2_1.vout.1
  
  result for virtual contribution, no.            1
  sigma =    1176.5867195742451       +-   0.18364634792704121       fb  
  
 total result for virtual contns so far 
  sigma =    1176.5867195742451       +-   0.18364634792704121       fb
  
   
 Summary for FF ..
   
 
total number of errors and warnings
===================================
vbffferr: no errors
the warning system has been disabled
 

 MONACO input parameters:
 ndim = 12,  ncall =       2M,   rtype = 0
 nprn =  0,  acc = -1.0E+0,  alph = 8.75E-1,  nd = 48,  mds =  0

 MONACO:  continuing with uniform grid
  
 Hjjj amplitude square information:
 -----------------------------------------------
  
  External b-quark contributions are excluded
  
  creal =   -4.0797362673929065       cvirtual =   -3.7101318663035472     
  virt factor for alphas = 0.12 is   0.81104453988909386     

 iteration  1:
 integral =  2.807267E+02,  sigma = 3.818E+01
 efficacy = 7.280E-06,  raw efficacy = 7.280E-06
 f_positive = 6.271E-2,  f_zero = 8.980E-1,  f_negative = 3.927E-2
 accumulated statistics:
 integral =  2.807267E+02,  sigma = 3.818E+01,  chi^2/iteration = 7.105E-15

 MONACO:  grid written to file grid3_1.out.1

 MONACO input parameters:
 ndim = 12,  ncall =       4M,   rtype = 0
 nprn =  0,  acc = -1.0E+0,  alph = 8.75E-1,  nd = 48,  mds =  0

 iteration  2:
 integral =  2.352298E+02,  sigma = 7.261E+00
 efficacy = 1.886E-05,  raw efficacy = 2.175E-07
 f_positive = 1.323E-1,  f_zero = 8.044E-1,  f_negative = 6.329E-2
 accumulated statistics:
 integral =  2.368178E+02,  sigma = 7.134E+00,  chi^2/iteration = 1.370E+06

 MONACO:  grid written to file grid3_1.out.2

 MONACO input parameters:
 ndim = 12,  ncall =       8M,   rtype = 0
 nprn =  0,  acc = -1.0E+0,  alph = 8.75E-1,  nd = 48,  mds =  0

 iteration  3:
 integral =  2.323641E+02,  sigma = 2.692E+00
 efficacy = 3.244E-05,  raw efficacy = 3.097E-08
 f_positive = 1.940E-1,  f_zero = 7.221E-1,  f_negative = 8.396E-2
 accumulated statistics:
 integral =  2.329194E+02,  sigma = 2.519E+00,  chi^2/iteration = 1.711E+00

 MONACO:  grid written to file grid3_1.out.3

 MONACO input parameters:
 ndim = 12,  ncall =      16M,   rtype = 0
 nprn =  0,  acc = -1.0E+0,  alph = 8.75E-1,  nd = 48,  mds =  0

 iteration  4:
 integral =  2.340248E+02,  sigma = 1.468E+00
 efficacy = 4.855E-05,  raw efficacy = 2.434E-08
 f_positive = 2.358E-1,  f_zero = 6.660E-1,  f_negative = 9.823E-2
 accumulated statistics:
 integral =  2.337446E+02,  sigma = 1.268E+00,  chi^2/iteration = 9.276E-01

 MONACO:  grid written to file grid3_1.out.4

 MONACO input parameters:
 ndim = 12,  ncall =      32M,   rtype = 0
 nprn =  0,  acc = -1.0E+0,  alph = 8.75E-1,  nd = 48,  mds =  0

 iteration  5:
 integral =  2.324442E+02,  sigma = 1.067E+00
 efficacy = 1.418E-05,  raw efficacy = 1.088E-08
 f_positive = 2.511E-1,  f_zero = 6.445E-1,  f_negative = 1.044E-1
 accumulated statistics:
 integral =  2.329832E+02,  sigma = 8.164E-01,  chi^2/iteration = 8.236E-01

 MONACO:  grid written to file grid3_1.out.5

 MONACO input parameters:
 ndim = 12,  ncall =      64M,   rtype = 0
 nprn =  0,  acc = -1.0E+0,  alph = 8.75E-1,  nd = 48,  mds =  0

 iteration  6:
 integral =  2.351894E+02,  sigma = 6.329E-01
 efficacy = 3.830E-05,  raw efficacy = 4.977E-09
 f_positive = 2.537E-1,  f_zero = 6.405E-1,  f_negative = 1.058E-1
 accumulated statistics:
 integral =  2.343614E+02,  sigma = 5.002E-01,  chi^2/iteration = 1.758E+00

 MONACO:  grid written to file grid3_1.out.6
 
  result for real emissions 
  sigma =    234.36136010826490       +-   0.50019224474085988       fb
  
 
total number of errors and warnings
===================================
fferr: no errors
 
  
  final result at NLO 
  sigma =    1410.9480796825101       +-   0.53283980970441780       fb   3.7764664581018230E-002 %
 
   
 TOTAL VIRTUAL CONTRIBUTIONS:
 TOTAL borntype:
   1176.5867195742451       0.18364634792704121        1.5608398843180443E-002  %
  
  
  
 !!!!!!!!!!!!!!!!!!!!!!!!!!!!!!!!!!!!!!!!!!!!!!!!!!!!!!!!!!!!!!!!!!!!!!!!!!!!!!!!!!!!!!!!!!!!!!!!!!!!!!!!
     VBFNLO 2.7.0 rc1 svn 6148
   
  PROCESS:          100   :   p p --> H jj
    with anomalous couplings
   
  TOTAL result (LO):          1334.2170730140365       +-   0.15715346587258017       fb     1.1778702960048754E-002 %
  NLO virtual result:         1176.5867195742451       +-   0.18364634792704121       fb     1.5608398843180445E-002 %
  QCD real emission:          234.36136010826490       +-   0.50019224474085988       fb    0.21342777858508435      %
  TOTAL result (NLO):         1410.9480796825101       +-   0.53283980970441780       fb     3.7764664581018230E-002 %
  K-Factor:                   1.0575101370087672     
 !!!!!!!!!!!!!!!!!!!!!!!!!!!!!!!!!!!!!!!!!!!!!!!!!!!!!!!!!!!!!!!!!!!!!!!!!!!!!!!!!!!!!!!!!!!!!!!!!!!!!!!!
  
  
