running on itpalbatros11
command to run:
/itp/fast/robin/vbfnlo-installs/mpi-disable/bin/vbfnlo
   
 -----------------------------------------------------------------
 VBFNLO, version 3.0.0 beta2 GIT a9d9ebca
 Comput. Phys. Commun. 180 (2009) 1661[arXiv:0811.4559 [hep-ph]]
 arXiV:1107.4038, arXiV:1207.4975, arXiv:1404.3940
 http://www.itp.kit.edu/vbfnlo
 -----------------------------------------------------------------
 Process-specific references (please cite as well if appropriate):
 
 T. Figy, Mod. Phys. Lett. A 23 (2008) 1961, e-Print: arXiv:0806.2200 [hep-ph]
 J. Baglio, A. Djouadi, R. Groeber, M. M. Muehlleitner, J. Quevillon and M. Spira
 JHEP 1304 (2013) 151, e-Print: arXiv:1212.5581 [hep-ph]
 J. Baglio, October 2014 [unpublished]
 
 -----------------------------------------------------------------
   
   
  
        Information on global parameters
 -----------------------------------------------
   PROCESS               =      161
   LOPROCESS_PLUS_JET    =        F
   KK_MOD                =        F
   ANOM_CPL              =        F
   LO_ITERATIONS         =        6
   NLO_ITERATIONS        =        6
   LO_POINTS             =       26
   NLO_POINTS            =       26
   NLO_SWITCH            =        T
   EWCOR_SWITCH          =        F
   FERMIONLOOP           =        3
   LHA_SWITCH            =        F
   HEPMC_SWITCH          =        F
   LO_GRID               = grid2_1                                           
   NLO_GRID              = grid3_1                                           
   PHTN_GRID             = grid4_1                                           
   FLOOP_GRID            = grid5_1                                           
   ECM                   =  14000.0    
   BEAM1                 =        1
   BEAM2                 =        1
   ID_MUF                =        1
   ID_MUR                =        1
   MUF_USER              =  100.000    
   MUR_USER              =  100.000    
   XIF                   =  1.00000    
   XIR                   =  1.00000    
 Warning: cannot read value for key = SHOWTIMING. Using default value :  T
 
       information on the selected process 
 -----------------------------------------------
 
  pp -> H H jj -> b bbar tau+ tau- jj
 
 Higgs pair production + 2 jets in vector boson fusion, with one Higgs decaying
 into b bbar and the other decaying into tau+ tau-.
 Process implemented at LO and NLO QCD.
 The Q**2 of the produced Higgs is generated in the narrow width approximation.
 References:
 T. Figy, Mod. Phys. Lett. A 23 (2008) 1961, e-Print: arXiv:0806.2200 [hep-ph]
 J. Baglio, A. Djouadi, R. Groeber, M. M. Muehlleitner, J. Quevillon and M. Spira
 JHEP 1304 (2013) 151, e-Print: arXiv:1212.5581 [hep-ph]
 J. Baglio, October 2014 [unpublished]
 
 Initializing PDF set CT10
  
               Physics parameters
 -----------------------------------------------
   HTYPE                 =        0
   MODEL                 =        1
   ANOM_CPL              =        F
   KK_MOD                =        F
   SPIN2                 =        F
   HMASS                 =  126.000    
   HWIDTH                = -999.000    
   TOPMASS               =  172.400    
   BOTTOMMASS            =  4.85500    
   CHARMMASS             =  1.65000    
   TAU_MASS              =  1.77684    
   EWSCHEME              =        3
   FERMI_CONST           = 0.116637E-04
   WMASS                 =  80.3980    
   ZMASS                 =  91.1876    
   
 Running in the SM
   
 Higgs mass =   126.00000000000000     
   
   
  
 Information on scale setting in InitScales 
 -------------------------------------------
  
 Dynamical factorization scale chosen:
         momentum transfer of W/Z  
 Dynamical value for alphas chosen:
 alphas = alpha(momentum transfer of W/Z)
 Initializing PDF set cteq6l1
  
  
  
  
   Information on couplings, masses and widths
 ===============================================
  
   SM coupling parameters 
 ---------------------------
   G_Fermi                         : 0.000011663700
   SIN**2 of the weak mixing angle : 0.22264585
   Q.E.D. fine structure constant  : 1/132.34070    
   SU(2) coupling constant g       : 0.65305673
   U(1) coupling constant g'       : 0.34950127
   Q.C.D. LO alfas(MZ)             : 0.12980813
   Q.C.D. NLO alfas(MZ)            : 0.11798159
  
      particle masses
 ---------------------------
   mass of the Z0 boson            :   91.1876
   mass of the W+/- boson          :   80.3980
   mass of the Higgs boson         :  126.0000
   mass of the top quark           :  172.4000
   mass of the bottom quark at MH  :    2.8020
  (All other fermions have mass equal ZERO)
  
      particle widths
 ---------------------------
   total widths of Z0              :   2.508420 GeV
   total widths of W+ or W-        :   2.097673 GeV
   total widths of Higgs           :   0.004266 GeV
   total widths of top quark       :   1.339784 GeV
  
     branching ratios
 ---------------------------
   W -> lepton anti-lepton         : 10.8397227 %
   W -> massless quark anti-quark  : 33.7404159 %
   W -> top bottom                 :  0.0000000 %
  
   Z -> neutrino anti-neutrino     :  6.6129820 %
   Z -> charged lepton anti-lepton :  3.3460763 %
   Z -> up-type quark anti-quark   : 11.9908090 %
   Z -> down-type quark anti-quark : 15.3804024 %
   Z -> top anti-top               :  0.0000000 %
  
   H -> WW                         : 22.0654221 %
   H -> ZZ                         :  2.7791171 %
   H -> bottom anti-bottom         : 57.2146401 %
   H -> top anti-top               :  0.0000000 %
   H -> charm anti-charm           :  3.3990464 %
   H -> tau anti-tau               :  6.1125329 %
   H -> mu anti-mu                 :  0.0216396 %
   H -> gluon gluon                :  7.9785074 %
   H -> gamma gamma                :  0.2385994 %
   H -> Z gamma                    :  0.1904951 %
  
 Warning: cannot read value for key = MLL_OSONLY. Using default value :  T
 Warning: cannot read value for key = PTMISS_MIN. Using default value :    0.0000000000000000     
 
          information on cut parameters
 -----------------------------------------------
 
 minimum jet pt        (PT_JET_MIN):     20.00    20.00    20.00   
 maximum jet rapidity                 (Y_JET_MAX):    4.5000000000000000     
 maximum parton pseudorapidity          (Y_P_MAX):    5.0000000000000000     
 minimum jet-jet R-separation           (RJJ_MIN):   0.80000000000000004     
 minimum number of jets                (NJET_MIN):            2
 single jet from hadronic decay (SINGLE_DECAYJET):            0
 exponent of generalised kT algorithm (PGENKTJET):    1.0000000000000000     
 minimum lepton-lepton R-separation     (RLL_MIN):    0.0000000000000000     
 maximum lepton-lepton R-separation     (RLL_MAX):    50.000000000000000     
 minimum jet-lepton R-separation        (RJL_MIN):    0.0000000000000000     
 minimum jet-photon R-separation        (RJG_MIN):    0.0000000000000000     
 minimum lepton-photon R-separation     (RLG_MIN):    0.0000000000000000     
 minimum photon-photon R-separation     (RGG_MIN):    0.0000000000000000     
 maximum photon-photon R-separation     (RGG_MAX):    50.000000000000000     
 maximum lepton rapidity                (Y_L_MAX):    2.5000000000000000     
 minimum lepton pt       (PT_L_MIN):     10.00    10.00   
 minimum invariant dilepton mass        (MLL_MIN):    15.000000000000000     
 maximum invariant dilepton mass        (MLL_MAX):    14000.000000000000     
 m_ll cuts only on opposite-sign l   (MLL_OSONLY):  T
 maximum photon rapidity                (Y_G_MAX):    1.5000000000000000     
 minimum photon pt       (PT_G_MIN):    
 photon isolation cut                 (PHISOLCUT):   0.69999999999999996     
 efficiency of photon isolation cut   (EFISOLCUT):    1.0000000000000000     
 minimum invariant lepton-photon mass   (MLG_MIN):    0.0000000000000000     
 maximum invariant lepton-photon mass   (MLG_MAX):    1.0000000000000000E+020
 minimal missing transverse momentum (PTMISS_MIN):    0.0000000000000000     
 minimum jet rapidity separation      (ETAJJ_MIN):    4.0000000000000000     
 tagging jets in opposite hemispheres     (YSIGN):    T
 leptons fall inside rapidity gap     (LRAPIDGAP):    T
 min leptons y-dist from tagging jets   (DELY_JL):    0.0000000000000000     
 photons fall inside rapidity gap     (GRAPIDGAP):    T
 min photons y-dist from tagging jets   (DELY_JG):    0.0000000000000000     
 dijet min mass cut on tag jets        (MDIJ_MIN):    600.00000000000000     
 dijet max mass cut on tag jets        (MDIJ_MAX):    14000.000000000000     
 veto criteria for jets                   (JVETO):    F
 minimum veto-tag y-dist             (DELY_JVETO):    0.0000000000000000     
 maximum |y| for veto jet             (YMAX_VETO):    5.0000000000000000     
 minimum pT for veto jet             (PTMIN_VETO):    10.000000000000000     
 

        phase space generator information  
 -----------------------------------------------

 boson  0 has mass   252.00 GeV and width   500.0000 GeV
 integration range for boson  0 =      0.032  to     9899.495 GeV
 boson  6 has mass   126.00 GeV and width     0.0043 GeV
 integration range for boson  6 =      0.032  to     9899.495 GeV
 boson  6 has mass   126.00 GeV and width     0.0043 GeV
 integration range for boson  6 =      0.032  to     9899.495 GeV

 machine energy =    14000.0  GeV
 Minimal mom.transfer or mass for parton pair:   100.00 MeV

 -----------------------------------------------

  Open error on file random.dat
  Using default values.
  Random number generator initialized with seed =            0
 
          information on histogram config
 -----------------------------------------------
 
  Open error on file histograms.dat
  Using default values.
 SMEARING           =      F
 CALC_ERROR_GNUPLOT =      F
 CALC_ERROR_ROOT    =      F
 CALC_ERROR_1D      =      T
 CALC_ERROR_2D      =      F
 
HIST_ID1      =      0.00    250.00  # dS/dpT_j (fb/GeV)
HIST_ID2      =      0.00    500.00  # dS/dpTmax_j (fb/GeV)
HIST_ID3      =      0.00    200.00  # dS/dpTmin_j (fb/GeV)
HIST_ID4      =     -5.00      5.00  # dS/dy_j (fb)
HIST_ID5      =     -5.00      5.00  # dS/dy_j1 (fb)
HIST_ID6      =     -5.00      5.00  # dS/dy_j2 (fb)
HIST_ID7      =      0.00    500.00  # dS/dpTmax_l (fb/GeV)
HIST_ID8      =      0.00    200.00  # dS/dpTmin_l (fb/GeV)
HIST_ID9      =      0.00      5.00  # dS/d|eta|max_l (fb)
HIST_ID10     =      0.00      5.00  # dS/d|eta|min_l (fb)
HIST_ID11     =   -180.00    180.00  # dS/dPhi_jj (fb)
2DHIST_ID1    =      0.00      6.00      0.00    800.00  # d2S/dy_jj dm_jj (fb/GeV)
 
 -----------------------------------------------
 
 
 
Starttime: 2016-11-30T11:42:42+0100

 MONACO input parameters:
 ndim = 15,  ncall =       2M,   rtype = 0
 nprn =  0,  acc = -1.0E+0,  alph = 8.75E-1,  nd = 48,  mds =  0

 MONACO:  continuing with uniform grid
  
 HHjj amplitude square information:
 -----------------------------------------------
  
  v(v) to HH tensors initialized to  (  0.0000000000000000     ,  0.0000000000000000     )
  External b-quark contributions are excluded

 iteration  1:
 integral =  1.765363E-02,  sigma = 1.447E-03
 efficacy = 1.471E-05,  raw efficacy = 1.471E-05
 f_positive = 1.360E-2,  f_zero = 9.864E-1,  f_negative = 0.000E+0
 accumulated statistics:
 integral =  1.765363E-02,  sigma = 1.447E-03,  chi^2/iteration = 2.842E-14

 MONACO:  grid written to file grid2_1.out.1

 MONACO input parameters:
 ndim = 15,  ncall =       4M,   rtype = 0
 nprn =  0,  acc = -1.0E+0,  alph = 8.75E-1,  nd = 48,  mds =  0

 iteration  2:
 integral =  1.845711E-02,  sigma = 1.912E-04
 efficacy = 1.225E-04,  raw efficacy = 2.320E-06
 f_positive = 4.227E-2,  f_zero = 9.577E-1,  f_negative = 0.000E+0
 accumulated statistics:
 integral =  1.844331E-02,  sigma = 1.896E-04,  chi^2/iteration = 3.032E+05

 MONACO:  grid written to file grid2_1.out.2

 MONACO input parameters:
 ndim = 15,  ncall =       8M,   rtype = 0
 nprn =  0,  acc = -1.0E+0,  alph = 8.75E-1,  nd = 48,  mds =  0

 iteration  3:
 integral =  1.827595E-02,  sigma = 5.203E-05
 efficacy = 5.978E-04,  raw efficacy = 1.278E-06
 f_positive = 7.853E-2,  f_zero = 9.215E-1,  f_negative = 0.000E+0
 accumulated statistics:
 integral =  1.828767E-02,  sigma = 5.017E-05,  chi^2/iteration = 1.028E+00

 MONACO:  grid written to file grid2_1.out.3

 MONACO input parameters:
 ndim = 15,  ncall =      16M,   rtype = 0
 nprn =  0,  acc = -1.0E+0,  alph = 8.75E-1,  nd = 48,  mds =  0

 iteration  4:
 integral =  1.820141E-02,  sigma = 2.711E-05
 efficacy = 9.398E-04,  raw efficacy = 9.457E-07
 f_positive = 1.027E-1,  f_zero = 8.973E-1,  f_negative = 0.000E+0
 accumulated statistics:
 integral =  1.822090E-02,  sigma = 2.385E-05,  chi^2/iteration = 1.658E+00

 MONACO:  grid written to file grid2_1.out.4

 MONACO input parameters:
 ndim = 15,  ncall =      32M,   rtype = 0
 nprn =  0,  acc = -1.0E+0,  alph = 8.75E-1,  nd = 48,  mds =  0

 iteration  5:
 integral =  1.819795E-02,  sigma = 1.744E-05
 efficacy = 5.853E-04,  raw efficacy = 9.985E-07
 f_positive = 1.170E-1,  f_zero = 8.830E-1,  f_negative = 0.000E+0
 accumulated statistics:
 integral =  1.820594E-02,  sigma = 1.408E-05,  chi^2/iteration = 1.307E+00

 MONACO:  grid written to file grid2_1.out.5

 MONACO input parameters:
 ndim = 15,  ncall =      64M,   rtype = 0
 nprn =  0,  acc = -1.0E+0,  alph = 8.75E-1,  nd = 48,  mds =  0

 iteration  6:
 integral =  1.819403E-02,  sigma = 1.182E-05
 efficacy = 4.203E-04,  raw efficacy = 8.507E-07
 f_positive = 1.254E-1,  f_zero = 8.746E-1,  f_negative = 0.000E+0
 accumulated statistics:
 integral =  1.819896E-02,  sigma = 9.054E-06,  chi^2/iteration = 1.085E+00

 MONACO:  grid written to file grid2_1.out.6
 
  result (LO):    1.8198955814361293E-002  +-    9.0537780866640416E-006  fb     4.9748887678047214E-002 %
 
   
 Initialising FF ..
   
 ====================================================
   FF 2.0, a package to evaluate one-loop integrals
 written by G. J. van Oldenborgh, NIKHEF-H, Amsterdam
 ====================================================
 for the algorithms used see preprint NIKHEF-H 89/17,
 'New Algorithms for One-loop Integrals', by G.J. van
 Oldenborgh and J.A.M. Vermaseren, published in 
 Zeitschrift fuer Physik C46(1990)425.
 ====================================================
 Initializing PDF set CT10

 MONACO input parameters:
 ndim = 15,  ncall =      64M,   rtype = 0
 nprn =  0,  acc = -1.0E+0,  alph = 8.75E-1,  nd = 48,  mds =  0

 MONACO:  grid read from file grid2_1.out.6                                                                                                                                                                                                                                             

 iteration  1:
 integral =  1.496970E-02,  sigma = 9.661E-06
 efficacy = 6.789E-04,  raw efficacy = 9.200E-07
 f_positive = 1.315E-1,  f_zero = 8.685E-1,  f_negative = 0.000E+0
 accumulated statistics:
 integral =  1.496970E-02,  sigma = 9.661E-06,  chi^2/iteration = 0.000E+00

 MONACO:  grid written to file grid2_1.vout.1
  
  result for virtual contribution, no.            1
  sigma =    1.4969698739867952E-002  +-    9.6610312179507974E-006  fb  
  
 total result for virtual contns so far 
  sigma =    1.4969698739867952E-002  +-    9.6610312179507974E-006  fb
  
   
 Summary for FF ..
   
 
total number of errors and warnings
===================================
vbffferr: no errors
the warning system has been disabled
 

 MONACO input parameters:
 ndim = 18,  ncall =       2M,   rtype = 0
 nprn =  0,  acc = -1.0E+0,  alph = 8.75E-1,  nd = 48,  mds =  0

 MONACO:  continuing with uniform grid
  
 HH jjj amplitude square information:
 -----------------------------------------------
  
  v(v) to HH tensors initialized to  (  0.0000000000000000     ,  0.0000000000000000     )
  External b-quark contributions are excluded
  
  creal =   -4.0797362673929065       cvirtual =   -3.7101318663035472     
  virt factor for alphas = 0.12 is   0.81104453988909386     

 iteration  1:
 integral =  3.436948E-03,  sigma = 8.614E-04
 efficacy = 3.173E-06,  raw efficacy = 3.173E-06
 f_positive = 1.454E-2,  f_zero = 9.731E-1,  f_negative = 1.237E-2
 accumulated statistics:
 integral =  3.436948E-03,  sigma = 8.614E-04,  chi^2/iteration = 0.000E+00

 MONACO:  grid written to file grid3_1.out.1

 MONACO input parameters:
 ndim = 18,  ncall =       4M,   rtype = 0
 nprn =  0,  acc = -1.0E+0,  alph = 8.75E-1,  nd = 48,  mds =  0

 iteration  2:
 integral =  3.750154E-03,  sigma = 6.169E-04
 efficacy = 1.739E-06,  raw efficacy = 1.568E-07
 f_positive = 3.751E-2,  f_zero = 9.375E-1,  f_negative = 2.495E-2
 accumulated statistics:
 integral =  3.643979E-03,  sigma = 5.016E-04,  chi^2/iteration = 8.738E+04

 MONACO:  grid written to file grid3_1.out.2

 MONACO input parameters:
 ndim = 18,  ncall =       8M,   rtype = 0
 nprn =  0,  acc = -1.0E+0,  alph = 8.75E-1,  nd = 48,  mds =  0

 iteration  3:
 integral =  3.929422E-03,  sigma = 1.736E-04
 efficacy = 5.755E-06,  raw efficacy = 1.791E-08
 f_positive = 5.483E-2,  f_zero = 9.137E-1,  f_negative = 3.149E-2
 accumulated statistics:
 integral =  3.898873E-03,  sigma = 1.641E-04,  chi^2/iteration = 3.766E-01

 MONACO:  grid written to file grid3_1.out.3

 MONACO input parameters:
 ndim = 18,  ncall =      16M,   rtype = 0
 nprn =  0,  acc = -1.0E+0,  alph = 8.75E-1,  nd = 48,  mds =  0

 iteration  4:
 integral =  3.781685E-03,  sigma = 7.752E-05
 efficacy = 6.486E-06,  raw efficacy = 4.604E-09
 f_positive = 6.682E-2,  f_zero = 8.962E-1,  f_negative = 3.696E-2
 accumulated statistics:
 integral =  3.803069E-03,  sigma = 7.009E-05,  chi^2/iteration = 3.968E-01

 MONACO:  grid written to file grid3_1.out.4

 MONACO input parameters:
 ndim = 18,  ncall =      32M,   rtype = 0
 nprn =  0,  acc = -1.0E+0,  alph = 8.75E-1,  nd = 48,  mds =  0

 iteration  5:
 integral =  3.766733E-03,  sigma = 3.847E-05
 efficacy = 6.756E-06,  raw efficacy = 8.315E-10
 f_positive = 7.571E-2,  f_zero = 8.840E-1,  f_negative = 4.025E-2
 accumulated statistics:
 integral =  3.775146E-03,  sigma = 3.373E-05,  chi^2/iteration = 3.334E-01

 MONACO:  grid written to file grid3_1.out.5

 MONACO input parameters:
 ndim = 18,  ncall =      64M,   rtype = 0
 nprn =  0,  acc = -1.0E+0,  alph = 8.75E-1,  nd = 48,  mds =  0

 iteration  6:
 integral =  3.741206E-03,  sigma = 1.979E-05
 efficacy = 1.623E-05,  raw efficacy = 4.706E-10
 f_positive = 8.002E-2,  f_zero = 8.765E-1,  f_negative = 4.352E-2
 accumulated statistics:
 integral =  3.749896E-03,  sigma = 1.707E-05,  chi^2/iteration = 4.384E-01

 MONACO:  grid written to file grid3_1.out.6
 
  result for real emissions 
  sigma =    3.7498963113519958E-003  +-    1.7066053444877375E-005  fb
  
  
  final result at NLO 
  sigma =    1.8719595051219947E-002  +-    1.9610856798662082E-005  fb  0.10476111660003057      %
 
   
 TOTAL VIRTUAL CONTRIBUTIONS:
 TOTAL borntype:
   1.4969698739867952E-002   9.6610312179507974E-006   6.4537245443831937E-002  %
  
  
  
 !!!!!!!!!!!!!!!!!!!!!!!!!!!!!!!!!!!!!!!!!!!!!!!!!!!!!!!!!!!!!!!!!!!!!!!!!!!!!!!!!!!!!!!!!!!!!!!!!!!!!!!!
   
  PROCESS:          161   :   p p --> H H jj --> b bbar tau+ tau- jj
   
  TOTAL result (LO):          1.8198955814361293E-002  +-    9.0537780866640416E-006  fb     4.9748887678047214E-002 %
  NLO virtual result:         1.4969698739867952E-002  +-    9.6610312179507974E-006  fb     6.4537245443831937E-002 %
  QCD real emission:          3.7498963113519958E-003  +-    1.7066053444877375E-005  fb    0.45510734238740436      %
  TOTAL result (NLO):         1.8719595051219947E-002  +-    1.9610856798662082E-005  fb    0.10476111660003057      %
  K-Factor:                   1.0286081928089414     
 !!!!!!!!!!!!!!!!!!!!!!!!!!!!!!!!!!!!!!!!!!!!!!!!!!!!!!!!!!!!!!!!!!!!!!!!!!!!!!!!!!!!!!!!!!!!!!!!!!!!!!!!
  
  
  Endtime: 2016-11-30T14:24:08+0100
  Runtime: 2:41:25 (9685 seconds)
