event>     initevent>         0/10000000; xs = 910.368 pb +- 910.368 pb
event>         1/10000000; xs = 2.75251e-10 pb +- 910.368 pb
event>         2/10000000; xs = 6.51534e-06 pb +- 6.51525e-06 pb
event>         5/10000000; xs = 0.000512569 pb +- 0.00032014 pb
event>        10/10000000; xs = 0.001424 pb +- 0.000578829 pb
event>        20/10000000; xs = 0.00270147 pb +- 0.00124076 pb
event>        50/10000000; xs = 0.0034469 pb +- 0.000985975 pb
event>       100/10000000; xs = 0.00231861 pb +- 0.000551777 pb
event>       200/10000000; xs = 0.00283455 pb +- 0.00054142 pb
event>       500/10000000; xs = 0.00235493 pb +- 0.000299982 pb
event>      1000/10000000; xs = 0.0020537 pb +- 0.000206752 pb
event>      2000/10000000; xs = 0.00230435 pb +- 0.000182579 pb
event>      5000/10000000; xs = 0.0023459 pb +- 0.000147004 pb
event>     10000/10000000; xs = 0.00232893 pb +- 0.000101659 pb
event>     20000/10000000; xs = 0.00251409 pb +- 8.70994e-05 pb
event>     30000/10000000; xs = 0.00253063 pb +- 8.56677e-05 pb
event>     40000/10000000; xs = 0.00243987 pb +- 0.000115063 pb
event>     50000/10000000; xs = 0.00278668 pb +- 0.000324345 pb
event>     60000/10000000; xs = 0.00272092 pb +- 0.000270827 pb
event>     70000/10000000; xs = 0.00267982 pb +- 0.000232886 pb
event>     80000/10000000; xs = 0.00268759 pb +- 0.000205791 pb
event>     90000/10000000; xs = 0.00264493 pb +- 0.000183898 pb
event>    100000/10000000; xs = 0.00268773 pb +- 0.000172519 pb
event>    110000/10000000; xs = 0.00267285 pb +- 0.000157111 pb
event>    120000/10000000; xs = 0.0026426 pb +- 0.000145152 pb
event>    130000/10000000; xs = 0.0026467 pb +- 0.00013496 pb
event>    140000/10000000; xs = 0.00266452 pb +- 0.000127125 pb
event>    150000/10000000; xs = 0.00265949 pb +- 0.000119382 pb
event>    160000/10000000; xs = 0.00264122 pb +- 0.000112137 pb
event>    170000/10000000; xs = 0.00266863 pb +- 0.000111583 pb
event>    180000/10000000; xs = 0.00266468 pb +- 0.000108451 pb
event>    190000/10000000; xs = 0.0026568 pb +- 0.000103792 pb
event>    200000/10000000; xs = 0.00263184 pb +- 9.91813e-05 pb
event>    210000/10000000; xs = 0.00262098 pb +- 9.46399e-05 pb
event>    220000/10000000; xs = 0.00261415 pb +- 9.05138e-05 pb
event>    230000/10000000; xs = 0.00261284 pb +- 8.68972e-05 pb
event>    240000/10000000; xs = 0.00261743 pb +- 8.34545e-05 pb
event>    250000/10000000; xs = 0.00261857 pb +- 8.03184e-05 pb
event>    260000/10000000; xs = 0.00261504 pb +- 7.87648e-05 pb
event>    270000/10000000; xs = 0.00262747 pb +- 7.67422e-05 pb
event>    280000/10000000; xs = 0.00264148 pb +- 7.68447e-05 pb
event>    290000/10000000; xs = 0.00264228 pb +- 7.45364e-05 pb
event>    300000/10000000; xs = 0.00266678 pb +- 7.60708e-05 pb
event>    310000/10000000; xs = 0.00266234 pb +- 7.37214e-05 pb
event>    320000/10000000; xs = 0.00265013 pb +- 7.16111e-05 pb
event>    330000/10000000; xs = 0.00264945 pb +- 7.06893e-05 pb
event>    340000/10000000; xs = 0.00264491 pb +- 6.93465e-05 pb
event>    350000/10000000; xs = 0.0026492 pb +- 6.76779e-05 pb
event>    360000/10000000; xs = 0.00264559 pb +- 6.59105e-05 pb
event>    370000/10000000; xs = 0.00263545 pb +- 6.46141e-05 pb
event>    380000/10000000; xs = 0.00264637 pb +- 6.32428e-05 pb
event>    390000/10000000; xs = 0.00265096 pb +- 6.22003e-05 pb
event>    400000/10000000; xs = 0.00264525 pb +- 6.09485e-05 pb
event>    410000/10000000; xs = 0.00264221 pb +- 5.95315e-05 pb
event>    420000/10000000; xs = 0.0026272 pb +- 5.8773e-05 pb
event>    430000/10000000; xs = 0.00262211 pb +- 5.74541e-05 pb
event>    440000/10000000; xs = 0.00261946 pb +- 5.64048e-05 pb
event>    450000/10000000; xs = 0.00261298 pb +- 5.52513e-05 pb
event>    460000/10000000; xs = 0.00259966 pb +- 5.48684e-05 pb
event>    470000/10000000; xs = 0.00259704 pb +- 5.39572e-05 pb
event>    480000/10000000; xs = 0.00259199 pb +- 5.28883e-05 pb
event>    490000/10000000; xs = 0.0025922 pb +- 5.19429e-05 pb
event>    500000/10000000; xs = 0.0025904 pb +- 5.10776e-05 pb
event>    510000/10000000; xs = 0.0025903 pb +- 5.01717e-05 pb
event>    520000/10000000; xs = 0.00259033 pb +- 4.92683e-05 pb
event>    530000/10000000; xs = 0.00258892 pb +- 4.84024e-05 pb
event>    540000/10000000; xs = 0.00259189 pb +- 4.8051e-05 pb
event>    550000/10000000; xs = 0.00259114 pb +- 4.72563e-05 pb
event>    560000/10000000; xs = 0.00258812 pb +- 4.64579e-05 pb
event>    570000/10000000; xs = 0.00257432 pb +- 4.62811e-05 pb
event>    580000/10000000; xs = 0.00258974 pb +- 4.85998e-05 pb
event>    590000/10000000; xs = 0.00258097 pb +- 4.78533e-05 pb
event>    600000/10000000; xs = 0.00259188 pb +- 4.85035e-05 pb
event>    610000/10000000; xs = 0.00259254 pb +- 4.7744e-05 pb
event>    620000/10000000; xs = 0.00258253 pb +- 5.02104e-05 pb
event>    630000/10000000; xs = 0.00258028 pb +- 4.96416e-05 pb
event>    640000/10000000; xs = 0.00257618 pb +- 4.89137e-05 pb
event>    650000/10000000; xs = 0.00257507 pb +- 4.82665e-05 pb
event>    660000/10000000; xs = 0.00257743 pb +- 4.76179e-05 pb
event>    670000/10000000; xs = 0.00257727 pb +- 4.69444e-05 pb
event>    680000/10000000; xs = 0.00257701 pb +- 4.63308e-05 pb
event>    690000/10000000; xs = 0.00257801 pb +- 4.5821e-05 pb
event>    700000/10000000; xs = 0.00257975 pb +- 4.52567e-05 pb
event>    710000/10000000; xs = 0.0025772 pb +- 4.46853e-05 pb
event>    720000/10000000; xs = 0.0025734 pb +- 4.41073e-05 pb
event>    730000/10000000; xs = 0.00255779 pb +- 4.41682e-05 pb
event>    740000/10000000; xs = 0.00254528 pb +- 4.48923e-05 pb
event>    750000/10000000; xs = 0.00253833 pb +- 4.44756e-05 pb
event>    760000/10000000; xs = 0.00253935 pb +- 4.39376e-05 pb
event>    770000/10000000; xs = 0.00252683 pb +- 4.51261e-05 pb
event>    780000/10000000; xs = 0.0025261 pb +- 4.47351e-05 pb
event>    790000/10000000; xs = 0.00252862 pb +- 4.43584e-05 pb
event>    800000/10000000; xs = 0.00252974 pb +- 4.38612e-05 pb
event>    810000/10000000; xs = 0.00253389 pb +- 4.34516e-05 pb
event>    820000/10000000; xs = 0.0025324 pb +- 4.30331e-05 pb
event>    830000/10000000; xs = 0.00253764 pb +- 4.26276e-05 pb
event>    840000/10000000; xs = 0.00253866 pb +- 4.21633e-05 pb
event>    850000/10000000; xs = 0.00254104 pb +- 4.17207e-05 pb
event>    860000/10000000; xs = 0.00255172 pb +- 4.21698e-05 pb
event>    870000/10000000; xs = 0.00255532 pb +- 4.18735e-05 pb
event>    880000/10000000; xs = 0.00255391 pb +- 4.16259e-05 pb
event>    890000/10000000; xs = 0.00255463 pb +- 4.11896e-05 pb
event>    900000/10000000; xs = 0.00255127 pb +- 4.08105e-05 pb
event>    910000/10000000; xs = 0.00255385 pb +- 4.07401e-05 pb
event>    920000/10000000; xs = 0.00255795 pb +- 4.07617e-05 pb
event>    930000/10000000; xs = 0.00256235 pb +- 4.04858e-05 pb
event>    940000/10000000; xs = 0.00256924 pb +- 4.04604e-05 pb
event>    950000/10000000; xs = 0.0025755 pb +- 4.04187e-05 pb
event>    960000/10000000; xs = 0.00257323 pb +- 4.0479e-05 pb
event>    970000/10000000; xs = 0.00257336 pb +- 4.0097e-05 pb
event>    980000/10000000; xs = 0.00257505 pb +- 3.97208e-05 pb
event>    990000/10000000; xs = 0.00257362 pb +- 3.93411e-05 pb
event>   1000000/10000000; xs = 0.00257192 pb +- 3.89752e-05 pb
event>   1010000/10000000; xs = 0.00257142 pb +- 3.86284e-05 pb
event>   1020000/10000000; xs = 0.00256541 pb +- 3.83374e-05 pb
event>   1030000/10000000; xs = 0.0025705 pb +- 3.81395e-05 pb
event>   1040000/10000000; xs = 0.00257004 pb +- 3.77925e-05 pb
event>   1050000/10000000; xs = 0.00257179 pb +- 3.76341e-05 pb
event>   1060000/10000000; xs = 0.00257175 pb +- 3.72892e-05 pb
event>   1070000/10000000; xs = 0.00257107 pb +- 3.69617e-05 pb
event>   1080000/10000000; xs = 0.00257054 pb +- 3.6641e-05 pb
event>   1090000/10000000; xs = 0.00257147 pb +- 3.63571e-05 pb
event>   1100000/10000000; xs = 0.0025727 pb +- 3.60534e-05 pb
event>   1110000/10000000; xs = 0.0025708 pb +- 3.57708e-05 pb
event>   1120000/10000000; xs = 0.00257128 pb +- 3.5498e-05 pb
event>   1130000/10000000; xs = 0.00257159 pb +- 3.52165e-05 pb
event>   1140000/10000000; xs = 0.0025719 pb +- 3.496e-05 pb
event>   1150000/10000000; xs = 0.00256566 pb +- 3.51783e-05 pb
event>   1160000/10000000; xs = 0.00256591 pb +- 3.49374e-05 pb
event>   1170000/10000000; xs = 0.00256534 pb +- 3.46563e-05 pb
event>   1180000/10000000; xs = 0.00256847 pb +- 3.47195e-05 pb
event>   1190000/10000000; xs = 0.00256551 pb +- 3.4499e-05 pb
event>   1200000/10000000; xs = 0.00256598 pb +- 3.43241e-05 pb
event>   1210000/10000000; xs = 0.00256627 pb +- 3.4067e-05 pb
event>   1220000/10000000; xs = 0.00256621 pb +- 3.37994e-05 pb
event>   1230000/10000000; xs = 0.00256495 pb +- 3.35343e-05 pb
event>   1240000/10000000; xs = 0.00255763 pb +- 3.39287e-05 pb
event>   1250000/10000000; xs = 0.00255688 pb +- 3.36882e-05 pb
event>   1260000/10000000; xs = 0.0025573 pb +- 3.34457e-05 pb
event>   1270000/10000000; xs = 0.0025582 pb +- 3.31999e-05 pb
event>   1280000/10000000; xs = 0.00256102 pb +- 3.30214e-05 pb
event>   1290000/10000000; xs = 0.00255879 pb +- 3.28325e-05 pb
event>   1300000/10000000; xs = 0.00255314 pb +- 3.29573e-05 pb
event>   1310000/10000000; xs = 0.00255555 pb +- 3.27422e-05 pb
event>   1320000/10000000; xs = 0.00255465 pb +- 3.25037e-05 pb
event>   1330000/10000000; xs = 0.00255535 pb +- 3.22957e-05 pb
event>   1340000/10000000; xs = 0.00255231 pb +- 3.21443e-05 pb
event>   1350000/10000000; xs = 0.002547 pb +- 3.2455e-05 pb
event>   1360000/10000000; xs = 0.00254811 pb +- 3.22826e-05 pb
event>   1370000/10000000; xs = 0.00254806 pb +- 3.20705e-05 pb
event>   1380000/10000000; xs = 0.00254729 pb +- 3.18839e-05 pb
event>   1390000/10000000; xs = 0.00254703 pb +- 3.16724e-05 pb
event>   1400000/10000000; xs = 0.00254616 pb +- 3.14584e-05 pb
event>   1410000/10000000; xs = 0.00254254 pb +- 3.14859e-05 pb
event>   1420000/10000000; xs = 0.00254116 pb +- 3.13172e-05 pb
event>   1430000/10000000; xs = 0.00253899 pb +- 3.13858e-05 pb
event>   1440000/10000000; xs = 0.0025407 pb +- 3.12243e-05 pb
event>   1450000/10000000; xs = 0.00254214 pb +- 3.1089e-05 pb
event>   1460000/10000000; xs = 0.00254031 pb +- 3.09958e-05 pb
event>   1470000/10000000; xs = 0.00254386 pb +- 3.08604e-05 pb
event>   1480000/10000000; xs = 0.00254184 pb +- 3.08357e-05 pb
event>   1490000/10000000; xs = 0.00253803 pb +- 3.06681e-05 pb
event>   1500000/10000000; xs = 0.00254045 pb +- 3.05282e-05 pb
event>   1510000/10000000; xs = 0.00254132 pb +- 3.03394e-05 pb
event>   1520000/10000000; xs = 0.00252616 pb +- 3.34036e-05 pb
event>   1530000/10000000; xs = 0.00252552 pb +- 3.3194e-05 pb
event>   1540000/10000000; xs = 0.00252395 pb +- 3.29942e-05 pb
event>   1550000/10000000; xs = 0.00252291 pb +- 3.28001e-05 pb
event>   1560000/10000000; xs = 0.00252167 pb +- 3.26007e-05 pb
event>   1570000/10000000; xs = 0.00252045 pb +- 3.24146e-05 pb
event>   1580000/10000000; xs = 0.0025205 pb +- 3.22252e-05 pb
event>   1590000/10000000; xs = 0.00252029 pb +- 3.2034e-05 pb
event>   1600000/10000000; xs = 0.00252092 pb +- 3.18454e-05 pb
event>   1610000/10000000; xs = 0.00252122 pb +- 3.17011e-05 pb
event>   1620000/10000000; xs = 0.0025204 pb +- 3.15146e-05 pb
event>   1630000/10000000; xs = 0.00251984 pb +- 3.13355e-05 pb
event>   1640000/10000000; xs = 0.00252115 pb +- 3.12356e-05 pb
event>   1650000/10000000; xs = 0.00251924 pb +- 3.10831e-05 pb
event>   1660000/10000000; xs = 0.00252318 pb +- 3.11202e-05 pb
event>   1670000/10000000; xs = 0.00252366 pb +- 3.09639e-05 pb
event>   1680000/10000000; xs = 0.00252145 pb +- 3.08691e-05 pb
event>   1690000/10000000; xs = 0.00252053 pb +- 3.07139e-05 pb
event>   1700000/10000000; xs = 0.0025158 pb +- 3.08614e-05 pb
event>   1710000/10000000; xs = 0.00251672 pb +- 3.06992e-05 pb
event>   1720000/10000000; xs = 0.00251626 pb +- 3.05274e-05 pb
event>   1730000/10000000; xs = 0.00251926 pb +- 3.03895e-05 pb
event>   1740000/10000000; xs = 0.00251712 pb +- 3.02771e-05 pb
event>   1750000/10000000; xs = 0.00251866 pb +- 3.01701e-05 pb
event>   1760000/10000000; xs = 0.00251771 pb +- 3.00438e-05 pb
event>   1770000/10000000; xs = 0.00251391 pb +- 2.99192e-05 pb
event>   1780000/10000000; xs = 0.00250992 pb +- 3.02217e-05 pb
event>   1790000/10000000; xs = 0.00251256 pb +- 3.0195e-05 pb
event>   1800000/10000000; xs = 0.00251184 pb +- 3.00367e-05 pb
event>   1810000/10000000; xs = 0.00250851 pb +- 3.01676e-05 pb
event>   1820000/10000000; xs = 0.00250799 pb +- 3.00125e-05 pb
event>   1830000/10000000; xs = 0.00250667 pb +- 3.00194e-05 pb
event>   1840000/10000000; xs = 0.00250669 pb +- 2.98632e-05 pb
event>   1850000/10000000; xs = 0.00249276 pb +- 3.26795e-05 pb
event>   1860000/10000000; xs = 0.00249474 pb +- 3.25267e-05 pb
event>   1870000/10000000; xs = 0.00249489 pb +- 3.23679e-05 pb
event>   1880000/10000000; xs = 0.00249451 pb +- 3.22072e-05 pb
event>   1890000/10000000; xs = 0.00249712 pb +- 3.21011e-05 pb
event>   1900000/10000000; xs = 0.00249563 pb +- 3.19428e-05 pb
event>   1910000/10000000; xs = 0.00249686 pb +- 3.17876e-05 pb
event>   1920000/10000000; xs = 0.00249847 pb +- 3.16472e-05 pb
event>   1930000/10000000; xs = 0.00249826 pb +- 3.14922e-05 pb
event>   1940000/10000000; xs = 0.00250112 pb +- 3.14274e-05 pb
event>   1950000/10000000; xs = 0.00250197 pb +- 3.12752e-05 pb
event>   1960000/10000000; xs = 0.0025039 pb +- 3.11492e-05 pb
event>   1970000/10000000; xs = 0.00250858 pb +- 3.12519e-05 pb
event>   1980000/10000000; xs = 0.00250767 pb +- 3.11272e-05 pb
event>   1990000/10000000; xs = 0.00250884 pb +- 3.09776e-05 pb
event>   2000000/10000000; xs = 0.00250807 pb +- 3.09367e-05 pb
event>   2010000/10000000; xs = 0.00250873 pb +- 3.07941e-05 pb
event>   2020000/10000000; xs = 0.00251 pb +- 3.06514e-05 pb
event>   2030000/10000000; xs = 0.0025111 pb +- 3.0514e-05 pb
event>   2040000/10000000; xs = 0.0025128 pb +- 3.04826e-05 pb
event>   2050000/10000000; xs = 0.00251228 pb +- 3.03411e-05 pb
event>   2060000/10000000; xs = 0.00251416 pb +- 3.02126e-05 pb
event>   2070000/10000000; xs = 0.0024253 pb +- 9.47029e-05 pb
event>   2080000/10000000; xs = 0.00242046 pb +- 9.43324e-05 pb
event>   2090000/10000000; xs = 0.00242112 pb +- 9.38855e-05 pb
event>   2100000/10000000; xs = 0.00242042 pb +- 9.34412e-05 pb
event>   2110000/10000000; xs = 0.00242127 pb +- 9.30087e-05 pb
event>   2120000/10000000; xs = 0.00242322 pb +- 9.25741e-05 pb
event>   2130000/10000000; xs = 0.00242475 pb +- 9.21451e-05 pb
event>   2140000/10000000; xs = 0.0024261 pb +- 9.17168e-05 pb
event>   2150000/10000000; xs = 0.00242601 pb +- 9.12925e-05 pb
event>   2160000/10000000; xs = 0.00242688 pb +- 9.08705e-05 pb
event>   2170000/10000000; xs = 0.0024256 pb +- 9.04543e-05 pb
event>   2180000/10000000; xs = 0.00242605 pb +- 9.00548e-05 pb
event>   2190000/10000000; xs = 0.00242622 pb +- 8.96426e-05 pb
event>   2200000/10000000; xs = 0.00243268 pb +- 8.93442e-05 pb
event>   2210000/10000000; xs = 0.00243202 pb +- 8.89448e-05 pb
event>   2220000/10000000; xs = 0.0024325 pb +- 8.85524e-05 pb
event>   2230000/10000000; xs = 0.0024325 pb +- 8.81576e-05 pb
event>   2240000/10000000; xs = 0.00243282 pb +- 8.77642e-05 pb
event>   2250000/10000000; xs = 0.00243347 pb +- 8.73718e-05 pb
event>   2260000/10000000; xs = 0.00243323 pb +- 8.69906e-05 pb
event>   2270000/10000000; xs = 0.0024331 pb +- 8.66065e-05 pb
event>   2280000/10000000; xs = 0.00243424 pb +- 8.624e-05 pb
event>   2290000/10000000; xs = 0.00243465 pb +- 8.58662e-05 pb
event>   2300000/10000000; xs = 0.00243582 pb +- 8.54996e-05 pb
event>   2310000/10000000; xs = 0.00243562 pb +- 8.51321e-05 pb
event>   2320000/10000000; xs = 0.00243859 pb +- 8.47937e-05 pb
event>   2330000/10000000; xs = 0.00244082 pb +- 8.44526e-05 pb
event>   2340000/10000000; xs = 0.00243493 pb +- 8.4263e-05 pb
event>   2350000/10000000; xs = 0.00243514 pb +- 8.39056e-05 pb
event>   2360000/10000000; xs = 0.00243457 pb +- 8.35555e-05 pb
event>   2370000/10000000; xs = 0.00243571 pb +- 8.3207e-05 pb
event>   2380000/10000000; xs = 0.0024363 pb +- 8.28611e-05 pb
event>   2390000/10000000; xs = 0.00244108 pb +- 8.26246e-05 pb
event>   2400000/10000000; xs = 0.00244101 pb +- 8.22867e-05 pb
event>   2410000/10000000; xs = 0.00244089 pb +- 8.19434e-05 pb
event>   2420000/10000000; xs = 0.00244207 pb +- 8.16102e-05 pb
event>   2430000/10000000; xs = 0.00244108 pb +- 8.12863e-05 pb
event>   2440000/10000000; xs = 0.00244404 pb +- 8.09627e-05 pb
event>   2450000/10000000; xs = 0.00244521 pb +- 8.06385e-05 pb
event>   2460000/10000000; xs = 0.00244634 pb +- 8.03233e-05 pb
event>   2470000/10000000; xs = 0.00244923 pb +- 8.00202e-05 pb
event>   2480000/10000000; xs = 0.00244875 pb +- 7.97001e-05 pb
event>   2490000/10000000; xs = 0.00244948 pb +- 7.93898e-05 pb
event>   2500000/10000000; xs = 0.00245329 pb +- 7.90882e-05 pb
event>   2510000/10000000; xs = 0.00245372 pb +- 7.8771e-05 pb
event>   2520000/10000000; xs = 0.00245635 pb +- 7.84794e-05 pb
event>   2530000/10000000; xs = 0.00245624 pb +- 7.81663e-05 pb
event>   2540000/10000000; xs = 0.00245687 pb +- 7.78616e-05 pb
event>   2550000/10000000; xs = 0.00245703 pb +- 7.75586e-05 pb
event>   2560000/10000000; xs = 0.0024574 pb +- 7.72606e-05 pb
event>   2570000/10000000; xs = 0.00245675 pb +- 7.69631e-05 pb
event>   2580000/10000000; xs = 0.00245795 pb +- 7.66712e-05 pb
event>   2590000/10000000; xs = 0.00245897 pb +- 7.63789e-05 pb
event>   2600000/10000000; xs = 0.00245673 pb +- 7.61128e-05 pb
event>   2610000/10000000; xs = 0.00245669 pb +- 7.58228e-05 pb
event>   2620000/10000000; xs = 0.00245753 pb +- 7.55339e-05 pb
event>   2630000/10000000; xs = 0.00245783 pb +- 7.52536e-05 pb
event>   2640000/10000000; xs = 0.00245838 pb +- 7.49806e-05 pb
event>   2650000/10000000; xs = 0.00245932 pb +- 7.47091e-05 pb
event>   2660000/10000000; xs = 0.00246007 pb +- 7.44323e-05 pb
event>   2670000/10000000; xs = 0.00246 pb +- 7.41567e-05 pb
event>   2680000/10000000; xs = 0.00245331 pb +- 7.4029e-05 pb
event>   2690000/10000000; xs = 0.00245441 pb +- 7.37599e-05 pb
event>   2700000/10000000; xs = 0.00245586 pb +- 7.34915e-05 pb
event>   2710000/10000000; xs = 0.00246413 pb +- 7.35262e-05 pb
event>   2720000/10000000; xs = 0.00246528 pb +- 7.32617e-05 pb
event>   2730000/10000000; xs = 0.00246599 pb +- 7.29975e-05 pb
event>   2740000/10000000; xs = 0.00246659 pb +- 7.27348e-05 pb
event>   2750000/10000000; xs = 0.00246769 pb +- 7.24777e-05 pb
event>   2760000/10000000; xs = 0.00246773 pb +- 7.22145e-05 pb
event>   2770000/10000000; xs = 0.002468 pb +- 7.19594e-05 pb
event>   2780000/10000000; xs = 0.00246742 pb +- 7.16997e-05 pb
event>   2790000/10000000; xs = 0.00246459 pb +- 7.14985e-05 pb
event>   2800000/10000000; xs = 0.00246896 pb +- 7.13174e-05 pb
event>   2810000/10000000; xs = 0.00246893 pb +- 7.10631e-05 pb
event>   2820000/10000000; xs = 0.00246856 pb +- 7.08145e-05 pb
event>   2830000/10000000; xs = 0.00246927 pb +- 7.05678e-05 pb
event>   2840000/10000000; xs = 0.00246836 pb +- 7.03322e-05 pb
event>   2850000/10000000; xs = 0.00246931 pb +- 7.0091e-05 pb
event>   2860000/10000000; xs = 0.00246858 pb +- 6.98426e-05 pb
event>   2870000/10000000; xs = 0.00246677 pb +- 6.96192e-05 pb
event>   2880000/10000000; xs = 0.0024671 pb +- 6.93811e-05 pb
event>   2890000/10000000; xs = 0.00246561 pb +- 6.91433e-05 pb
event>   2900000/10000000; xs = 0.00246674 pb +- 6.89135e-05 pb
event>   2910000/10000000; xs = 0.00246731 pb +- 6.86793e-05 pb
event>   2920000/10000000; xs = 0.00246462 pb +- 6.848e-05 pb
event>   2930000/10000000; xs = 0.00246645 pb +- 6.82819e-05 pb
event>   2940000/10000000; xs = 0.00246674 pb +- 6.80515e-05 pb
event>   2950000/10000000; xs = 0.00246671 pb +- 6.78247e-05 pb
event>   2960000/10000000; xs = 0.002469 pb +- 6.76086e-05 pb
event>   2970000/10000000; xs = 0.00247159 pb +- 6.74073e-05 pb
event>   2980000/10000000; xs = 0.0024707 pb +- 6.71827e-05 pb
event>   2990000/10000000; xs = 0.00247019 pb +- 6.69586e-05 pb
event>   3000000/10000000; xs = 0.00247202 pb +- 6.67387e-05 pb
event>   3010000/10000000; xs = 0.00247252 pb +- 6.65166e-05 pb
event>   3020000/10000000; xs = 0.00247125 pb +- 6.62993e-05 pb
event>   3030000/10000000; xs = 0.00247238 pb +- 6.60882e-05 pb
event>   3040000/10000000; xs = 0.00247333 pb +- 6.58737e-05 pb
event>   3050000/10000000; xs = 0.00247417 pb +- 6.56595e-05 pb
event>   3060000/10000000; xs = 0.00247421 pb +- 6.54467e-05 pb
event>   3070000/10000000; xs = 0.00247454 pb +- 6.52608e-05 pb
event>   3080000/10000000; xs = 0.00247378 pb +- 6.50535e-05 pb
event>   3090000/10000000; xs = 0.00247279 pb +- 6.48699e-05 pb
event>   3100000/10000000; xs = 0.00247046 pb +- 6.47117e-05 pb
event>   3110000/10000000; xs = 0.00246978 pb +- 6.45152e-05 pb
event>   3120000/10000000; xs = 0.00247043 pb +- 6.43148e-05 pb
event>   3130000/10000000; xs = 0.00247034 pb +- 6.41158e-05 pb
event>   3140000/10000000; xs = 0.00246981 pb +- 6.39133e-05 pb
event>   3150000/10000000; xs = 0.00246954 pb +- 6.37214e-05 pb
event>   3160000/10000000; xs = 0.00246909 pb +- 6.35223e-05 pb
event>   3170000/10000000; xs = 0.00246982 pb +- 6.33281e-05 pb
event>   3180000/10000000; xs = 0.00247091 pb +- 6.31475e-05 pb
event>   3190000/10000000; xs = 0.00247165 pb +- 6.29515e-05 pb
event>   3200000/10000000; xs = 0.00247205 pb +- 6.27591e-05 pb
event>   3210000/10000000; xs = 0.00247313 pb +- 6.25653e-05 pb
event>   3220000/10000000; xs = 0.00247355 pb +- 6.23722e-05 pb
event>   3230000/10000000; xs = 0.00247508 pb +- 6.2188e-05 pb
event>   3240000/10000000; xs = 0.00247526 pb +- 6.19995e-05 pb
event>   3250000/10000000; xs = 0.00247439 pb +- 6.18142e-05 pb
event>   3260000/10000000; xs = 0.0024647 pb +- 6.22614e-05 pb
event>   3270000/10000000; xs = 0.00246358 pb +- 6.20893e-05 pb
event>   3280000/10000000; xs = 0.00246366 pb +- 6.19033e-05 pb
event>   3290000/10000000; xs = 0.00246617 pb +- 6.17444e-05 pb
event>   3300000/10000000; xs = 0.00246637 pb +- 6.15607e-05 pb
event>   3310000/10000000; xs = 0.00246704 pb +- 6.13749e-05 pb
event>   3320000/10000000; xs = 0.00246659 pb +- 6.11881e-05 pb
event>   3330000/10000000; xs = 0.00246722 pb +- 6.10088e-05 pb
event>   3340000/10000000; xs = 0.00246807 pb +- 6.08288e-05 pb
event>   3350000/10000000; xs = 0.0024686 pb +- 6.06509e-05 pb
event>   3360000/10000000; xs = 0.00246844 pb +- 6.04707e-05 pb
event>   3370000/10000000; xs = 0.00246817 pb +- 6.02923e-05 pb
event>   3380000/10000000; xs = 0.00246792 pb +- 6.01167e-05 pb
event>   3390000/10000000; xs = 0.00246796 pb +- 5.9943e-05 pb
event>   3400000/10000000; xs = 0.00246771 pb +- 5.97665e-05 pb
event>   3410000/10000000; xs = 0.00246853 pb +- 5.96229e-05 pb
event>   3420000/10000000; xs = 0.00246894 pb +- 5.94505e-05 pb
event>   3430000/10000000; xs = 0.00246909 pb +- 5.92797e-05 pb
event>   3440000/10000000; xs = 0.00246932 pb +- 5.91079e-05 pb
event>   3450000/10000000; xs = 0.0024689 pb +- 5.89452e-05 pb
event>   3460000/10000000; xs = 0.00246923 pb +- 5.87771e-05 pb
event>   3470000/10000000; xs = 0.0024708 pb +- 5.86164e-05 pb
event>   3480000/10000000; xs = 0.00247119 pb +- 5.84513e-05 pb
event>   3490000/10000000; xs = 0.00247074 pb +- 5.82869e-05 pb
event>   3500000/10000000; xs = 0.00247243 pb +- 5.81351e-05 pb
event>   3510000/10000000; xs = 0.00247305 pb +- 5.79703e-05 pb
event>   3520000/10000000; xs = 0.00247275 pb +- 5.78075e-05 pb
event>   3530000/10000000; xs = 0.00247299 pb +- 5.76451e-05 pb
event>   3540000/10000000; xs = 0.0024739 pb +- 5.74826e-05 pb
event>   3550000/10000000; xs = 0.00247421 pb +- 5.73328e-05 pb
event>   3560000/10000000; xs = 0.00247696 pb +- 5.72122e-05 pb
event>   3570000/10000000; xs = 0.00247758 pb +- 5.70536e-05 pb
event>   3580000/10000000; xs = 0.00247684 pb +- 5.6897e-05 pb
event>   3590000/10000000; xs = 0.00247783 pb +- 5.67396e-05 pb
event>   3600000/10000000; xs = 0.00247917 pb +- 5.65867e-05 pb
event>   3610000/10000000; xs = 0.00247893 pb +- 5.64298e-05 pb
event>   3620000/10000000; xs = 0.00247695 pb +- 5.63021e-05 pb
event>   3630000/10000000; xs = 0.00247542 pb +- 5.61515e-05 pb
event>   3640000/10000000; xs = 0.00247485 pb +- 5.59974e-05 pb
event>   3650000/10000000; xs = 0.00247534 pb +- 5.58469e-05 pb
event>   3660000/10000000; xs = 0.00247718 pb +- 5.57209e-05 pb
event>   3670000/10000000; xs = 0.00247713 pb +- 5.55695e-05 pb
event>   3680000/10000000; xs = 0.00247775 pb +- 5.54184e-05 pb
event>   3690000/10000000; xs = 0.00247772 pb +- 5.52679e-05 pb
event>   3700000/10000000; xs = 0.00247691 pb +- 5.51227e-05 pb
event>   3710000/10000000; xs = 0.00247657 pb +- 5.49745e-05 pb
event>   3720000/10000000; xs = 0.00247571 pb +- 5.48302e-05 pb
event>   3730000/10000000; xs = 0.00247511 pb +- 5.46886e-05 pb
event>   3740000/10000000; xs = 0.00247365 pb +- 5.45659e-05 pb
event>   3750000/10000000; xs = 0.00247325 pb +- 5.44209e-05 pb
event>   3760000/10000000; xs = 0.00247256 pb +- 5.43099e-05 pb
event>   3770000/10000000; xs = 0.00247392 pb +- 5.41695e-05 pb
event>   3780000/10000000; xs = 0.0024742 pb +- 5.40281e-05 pb
event>   3790000/10000000; xs = 0.00247411 pb +- 5.38875e-05 pb
event>   3800000/10000000; xs = 0.00247371 pb +- 5.37476e-05 pb
event>   3810000/10000000; xs = 0.00247403 pb +- 5.36093e-05 pb
event>   3820000/10000000; xs = 0.00247905 pb +- 5.36316e-05 pb
event>   3830000/10000000; xs = 0.00248257 pb +- 5.35495e-05 pb
event>   3840000/10000000; xs = 0.00248266 pb +- 5.34132e-05 pb
event>   3850000/10000000; xs = 0.00248221 pb +- 5.32758e-05 pb
event>   3860000/10000000; xs = 0.00248426 pb +- 5.31461e-05 pb
event>   3870000/10000000; xs = 0.00248364 pb +- 5.30115e-05 pb
event>   3880000/10000000; xs = 0.00248303 pb +- 5.28772e-05 pb
event>   3890000/10000000; xs = 0.00248214 pb +- 5.27551e-05 pb
event>   3900000/10000000; xs = 0.00248335 pb +- 5.26267e-05 pb
event>   3910000/10000000; xs = 0.00248193 pb +- 5.25219e-05 pb
event>   3920000/10000000; xs = 0.00248021 pb +- 5.23975e-05 pb
event>   3930000/10000000; xs = 0.00248248 pb +- 5.22786e-05 pb
event>   3940000/10000000; xs = 0.00248148 pb +- 5.21497e-05 pb
event>   3950000/10000000; xs = 0.00248133 pb +- 5.20208e-05 pb
event>   3960000/10000000; xs = 0.00248164 pb +- 5.18943e-05 pb
event>   3970000/10000000; xs = 0.00248259 pb +- 5.17695e-05 pb
event>   3980000/10000000; xs = 0.00248253 pb +- 5.16378e-05 pb
event>   3990000/10000000; xs = 0.00248244 pb +- 5.15104e-05 pb
event>   4000000/10000000; xs = 0.00248227 pb +- 5.13839e-05 pb
event>   4010000/10000000; xs = 0.00248327 pb +- 5.12708e-05 pb
event>   4020000/10000000; xs = 0.00248198 pb +- 5.11785e-05 pb
event>   4030000/10000000; xs = 0.00248142 pb +- 5.10591e-05 pb
event>   4040000/10000000; xs = 0.0024824 pb +- 5.09378e-05 pb
event>   4050000/10000000; xs = 0.00248335 pb +- 5.08135e-05 pb
event>   4060000/10000000; xs = 0.00248289 pb +- 5.06916e-05 pb
event>   4070000/10000000; xs = 0.00248347 pb +- 5.05722e-05 pb
event>   4080000/10000000; xs = 0.00248313 pb +- 5.04616e-05 pb
event>   4090000/10000000; xs = 0.00248119 pb +- 5.03666e-05 pb
event>   4100000/10000000; xs = 0.00248129 pb +- 5.02453e-05 pb
event>   4110000/10000000; xs = 0.00247983 pb +- 5.01411e-05 pb
event>   4120000/10000000; xs = 0.00247986 pb +- 5.00252e-05 pb
event>   4130000/10000000; xs = 0.00247942 pb +- 4.99053e-05 pb
event>   4140000/10000000; xs = 0.00248008 pb +- 4.97909e-05 pb
event>   4150000/10000000; xs = 0.00248032 pb +- 4.96714e-05 pb
event>   4160000/10000000; xs = 0.00248061 pb +- 4.9554e-05 pb
event>   4170000/10000000; xs = 0.00248057 pb +- 4.9437e-05 pb
event>   4180000/10000000; xs = 0.00248052 pb +- 4.93219e-05 pb
event>   4190000/10000000; xs = 0.0024818 pb +- 4.92075e-05 pb
event>   4200000/10000000; xs = 0.00248135 pb +- 4.90926e-05 pb
event>   4210000/10000000; xs = 0.00248173 pb +- 4.89786e-05 pb
event>   4220000/10000000; xs = 0.00248136 pb +- 4.88647e-05 pb
event>   4230000/10000000; xs = 0.00248181 pb +- 4.8752e-05 pb
event>   4240000/10000000; xs = 0.00248219 pb +- 4.86394e-05 pb
event>   4250000/10000000; xs = 0.0024825 pb +- 4.8524e-05 pb
event>   4260000/10000000; xs = 0.00248328 pb +- 4.8413e-05 pb
event>   4270000/10000000; xs = 0.00248324 pb +- 4.82999e-05 pb
event>   4280000/10000000; xs = 0.00248051 pb +- 4.82803e-05 pb
event>   4290000/10000000; xs = 0.00248128 pb +- 4.81706e-05 pb
event>   4300000/10000000; xs = 0.00248102 pb +- 4.80646e-05 pb
event>   4310000/10000000; xs = 0.0024806 pb +- 4.79551e-05 pb
event>   4320000/10000000; xs = 0.00248351 pb +- 4.8069e-05 pb
event>   4330000/10000000; xs = 0.00248315 pb +- 4.79582e-05 pb
event>   4340000/10000000; xs = 0.00248317 pb +- 4.78505e-05 pb
event>   4350000/10000000; xs = 0.00248333 pb +- 4.77405e-05 pb
event>   4360000/10000000; xs = 0.00248394 pb +- 4.76346e-05 pb
event>   4370000/10000000; xs = 0.00248405 pb +- 4.75264e-05 pb
event>   4380000/10000000; xs = 0.00248286 pb +- 4.7425e-05 pb
event>   4390000/10000000; xs = 0.00248292 pb +- 4.73188e-05 pb
event>   4400000/10000000; xs = 0.00248301 pb +- 4.72121e-05 pb
event>   4410000/10000000; xs = 0.00248303 pb +- 4.71069e-05 pb
event>   4420000/10000000; xs = 0.0024832 pb +- 4.7002e-05 pb
event>   4430000/10000000; xs = 0.00248404 pb +- 4.69003e-05 pb
event>   4440000/10000000; xs = 0.00248403 pb +- 4.67953e-05 pb
event>   4450000/10000000; xs = 0.00248365 pb +- 4.66921e-05 pb
event>   4460000/10000000; xs = 0.00248335 pb +- 4.65881e-05 pb
event>   4470000/10000000; xs = 0.00248333 pb +- 4.64891e-05 pb
event>   4480000/10000000; xs = 0.00248425 pb +- 4.63903e-05 pb
event>   4490000/10000000; xs = 0.00248442 pb +- 4.62933e-05 pb
event>   4500000/10000000; xs = 0.00248441 pb +- 4.61914e-05 pb
event>   4510000/10000000; xs = 0.00248399 pb +- 4.6091e-05 pb
event>   4520000/10000000; xs = 0.00248463 pb +- 4.59906e-05 pb
event>   4530000/10000000; xs = 0.00248586 pb +- 4.5896e-05 pb
event>   4540000/10000000; xs = 0.00248602 pb +- 4.57943e-05 pb
event>   4550000/10000000; xs = 0.00248512 pb +- 4.56946e-05 pb
event>   4560000/10000000; xs = 0.00248459 pb +- 4.55959e-05 pb
event>   4570000/10000000; xs = 0.00248448 pb +- 4.55004e-05 pb
event>   4580000/10000000; xs = 0.0024849 pb +- 4.54048e-05 pb
event>   4590000/10000000; xs = 0.00248373 pb +- 4.53263e-05 pb
event>   4600000/10000000; xs = 0.00248468 pb +- 4.52333e-05 pb
event>   4610000/10000000; xs = 0.00248462 pb +- 4.5137e-05 pb
event>   4620000/10000000; xs = 0.00248493 pb +- 4.50457e-05 pb
event>   4630000/10000000; xs = 0.00248497 pb +- 4.49511e-05 pb
event>   4640000/10000000; xs = 0.00248539 pb +- 4.48555e-05 pb
event>   4650000/10000000; xs = 0.00248585 pb +- 4.47598e-05 pb
event>   4660000/10000000; xs = 0.00248582 pb +- 4.46649e-05 pb
event>   4670000/10000000; xs = 0.00248592 pb +- 4.45691e-05 pb
event>   4680000/10000000; xs = 0.00248657 pb +- 4.44749e-05 pb
event>   4690000/10000000; xs = 0.00248699 pb +- 4.43817e-05 pb
event>   4700000/10000000; xs = 0.00248707 pb +- 4.42892e-05 pb
event>   4710000/10000000; xs = 0.00248733 pb +- 4.41982e-05 pb
event>   4720000/10000000; xs = 0.00248719 pb +- 4.41045e-05 pb
event>   4730000/10000000; xs = 0.00248709 pb +- 4.40238e-05 pb
event>   4740000/10000000; xs = 0.00248771 pb +- 4.3933e-05 pb
event>   4750000/10000000; xs = 0.00248756 pb +- 4.38427e-05 pb
event>   4760000/10000000; xs = 0.00248672 pb +- 4.3783e-05 pb
event>   4770000/10000000; xs = 0.00248607 pb +- 4.36941e-05 pb
event>   4780000/10000000; xs = 0.00248622 pb +- 4.36044e-05 pb
event>   4790000/10000000; xs = 0.00248602 pb +- 4.35151e-05 pb
event>   4800000/10000000; xs = 0.00248625 pb +- 4.3427e-05 pb
event>   4810000/10000000; xs = 0.00248669 pb +- 4.33382e-05 pb
event>   4820000/10000000; xs = 0.0024857 pb +- 4.32554e-05 pb
event>   4830000/10000000; xs = 0.00248571 pb +- 4.31694e-05 pb
event>   4840000/10000000; xs = 0.00248595 pb +- 4.30832e-05 pb
event>   4850000/10000000; xs = 0.00248517 pb +- 4.29941e-05 pb
event>   4860000/10000000; xs = 0.0024851 pb +- 4.29084e-05 pb
event>   4870000/10000000; xs = 0.00248558 pb +- 4.28225e-05 pb
event>   4880000/10000000; xs = 0.00248555 pb +- 4.27353e-05 pb
event>   4890000/10000000; xs = 0.00248715 pb +- 4.26613e-05 pb
event>   4900000/10000000; xs = 0.00248718 pb +- 4.25772e-05 pb
event>   4910000/10000000; xs = 0.0024859 pb +- 4.24953e-05 pb
event>   4920000/10000000; xs = 0.00248617 pb +- 4.24108e-05 pb
event>   4930000/10000000; xs = 0.00248639 pb +- 4.23265e-05 pb
event>   4940000/10000000; xs = 0.00248719 pb +- 4.22428e-05 pb
event>   4950000/10000000; xs = 0.00248705 pb +- 4.21585e-05 pb
event>   4960000/10000000; xs = 0.00248702 pb +- 4.20767e-05 pb
event>   4970000/10000000; xs = 0.00248689 pb +- 4.19946e-05 pb
event>   4980000/10000000; xs = 0.00248722 pb +- 4.19125e-05 pb
event>   4990000/10000000; xs = 0.00248763 pb +- 4.18371e-05 pb
event>   5000000/10000000; xs = 0.00248773 pb +- 4.17532e-05 pb
event>   5010000/10000000; xs = 0.00248764 pb +- 4.16709e-05 pb
event>   5020000/10000000; xs = 0.00248763 pb +- 4.15895e-05 pb
event>   5030000/10000000; xs = 0.00248791 pb +- 4.15084e-05 pb
event>   5040000/10000000; xs = 0.00248695 pb +- 4.14496e-05 pb
event>   5050000/10000000; xs = 0.00248654 pb +- 4.13682e-05 pb
event>   5060000/10000000; xs = 0.00248656 pb +- 4.12881e-05 pb
event>   5070000/10000000; xs = 0.00248721 pb +- 4.1216e-05 pb
event>   5080000/10000000; xs = 0.00248787 pb +- 4.11359e-05 pb
event>   5090000/10000000; xs = 0.00248873 pb +- 4.10575e-05 pb
event>   5100000/10000000; xs = 0.00248968 pb +- 4.09794e-05 pb
event>   5110000/10000000; xs = 0.00249 pb +- 4.09024e-05 pb
event>   5120000/10000000; xs = 0.00249034 pb +- 4.08231e-05 pb
event>   5130000/10000000; xs = 0.00248977 pb +- 4.07443e-05 pb
event>   5140000/10000000; xs = 0.00248983 pb +- 4.06659e-05 pb
event>   5150000/10000000; xs = 0.00249032 pb +- 4.05874e-05 pb
event>   5160000/10000000; xs = 0.00249081 pb +- 4.05104e-05 pb
event>   5170000/10000000; xs = 0.0024907 pb +- 4.04328e-05 pb
event>   5180000/10000000; xs = 0.00248942 pb +- 4.03953e-05 pb
event>   5190000/10000000; xs = 0.00248935 pb +- 4.03192e-05 pb
event>   5200000/10000000; xs = 0.00248881 pb +- 4.02624e-05 pb
event>   5210000/10000000; xs = 0.00248941 pb +- 4.01857e-05 pb
event>   5220000/10000000; xs = 0.00248952 pb +- 4.01105e-05 pb
event>   5230000/10000000; xs = 0.00248853 pb +- 4.00404e-05 pb
event>   5240000/10000000; xs = 0.00248855 pb +- 3.99641e-05 pb
event>   5250000/10000000; xs = 0.00248858 pb +- 3.98902e-05 pb
event>   5260000/10000000; xs = 0.00248848 pb +- 3.98151e-05 pb
event>   5270000/10000000; xs = 0.00248829 pb +- 3.97398e-05 pb
event>   5280000/10000000; xs = 0.00248842 pb +- 3.96652e-05 pb
event>   5290000/10000000; xs = 0.00248866 pb +- 3.95911e-05 pb
event>   5300000/10000000; xs = 0.00249072 pb +- 3.95473e-05 pb
event>   5310000/10000000; xs = 0.00249117 pb +- 3.94753e-05 pb
event>   5320000/10000000; xs = 0.00249198 pb +- 3.94051e-05 pb
event>   5330000/10000000; xs = 0.00249228 pb +- 3.93317e-05 pb
event>   5340000/10000000; xs = 0.00249222 pb +- 3.92636e-05 pb
event>   5350000/10000000; xs = 0.00249276 pb +- 3.9193e-05 pb
event>   5360000/10000000; xs = 0.00249303 pb +- 3.91214e-05 pb
event>   5370000/10000000; xs = 0.00249351 pb +- 3.90485e-05 pb
event>   5380000/10000000; xs = 0.00249368 pb +- 3.89774e-05 pb
event>   5390000/10000000; xs = 0.00249374 pb +- 3.89065e-05 pb
event>   5400000/10000000; xs = 0.00249384 pb +- 3.88353e-05 pb
event>   5410000/10000000; xs = 0.00249285 pb +- 3.87673e-05 pb
event>   5420000/10000000; xs = 0.00249303 pb +- 3.86971e-05 pb
event>   5430000/10000000; xs = 0.00249312 pb +- 3.86285e-05 pb
event>   5440000/10000000; xs = 0.00249266 pb +- 3.85583e-05 pb
event>   5450000/10000000; xs = 0.00249286 pb +- 3.84873e-05 pb
event>   5460000/10000000; xs = 0.00249179 pb +- 3.84378e-05 pb
event>   5470000/10000000; xs = 0.00249176 pb +- 3.83676e-05 pb
event>   5480000/10000000; xs = 0.0024919 pb +- 3.82983e-05 pb
event>   5490000/10000000; xs = 0.00249196 pb +- 3.82296e-05 pb
event>   5500000/10000000; xs = 0.0024919 pb +- 3.81612e-05 pb
event>   5510000/10000000; xs = 0.00249165 pb +- 3.80939e-05 pb
event>   5520000/10000000; xs = 0.0024873 pb +- 3.84749e-05 pb
event>   5530000/10000000; xs = 0.00248854 pb +- 3.84487e-05 pb
event>   5540000/10000000; xs = 0.00248843 pb +- 3.83786e-05 pb
event>   5550000/10000000; xs = 0.00248856 pb +- 3.83112e-05 pb
event>   5560000/10000000; xs = 0.0024888 pb +- 3.8242e-05 pb
event>   5570000/10000000; xs = 0.00248888 pb +- 3.8174e-05 pb
event>   5580000/10000000; xs = 0.00248925 pb +- 3.811e-05 pb
event>   5590000/10000000; xs = 0.00248926 pb +- 3.80425e-05 pb
event>   5600000/10000000; xs = 0.00249078 pb +- 3.79993e-05 pb
event>   5610000/10000000; xs = 0.00249038 pb +- 3.7932e-05 pb
event>   5620000/10000000; xs = 0.00249058 pb +- 3.78658e-05 pb
event>   5630000/10000000; xs = 0.00249052 pb +- 3.77991e-05 pb
event>   5640000/10000000; xs = 0.00249092 pb +- 3.77391e-05 pb
event>   5650000/10000000; xs = 0.00249168 pb +- 3.76806e-05 pb
event>   5660000/10000000; xs = 0.00249229 pb +- 3.76171e-05 pb
event>   5670000/10000000; xs = 0.0024926 pb +- 3.75515e-05 pb
event>   5680000/10000000; xs = 0.00249292 pb +- 3.74865e-05 pb
event>   5690000/10000000; xs = 0.00249178 pb +- 3.74447e-05 pb
event>   5700000/10000000; xs = 0.0024918 pb +- 3.73806e-05 pb
event>   5710000/10000000; xs = 0.00249241 pb +- 3.73182e-05 pb
event>   5720000/10000000; xs = 0.00249261 pb +- 3.72548e-05 pb
event>   5730000/10000000; xs = 0.00249256 pb +- 3.71938e-05 pb
event>   5740000/10000000; xs = 0.00249238 pb +- 3.71301e-05 pb
event>   5750000/10000000; xs = 0.00249193 pb +- 3.70707e-05 pb
event>   5760000/10000000; xs = 0.00249232 pb +- 3.7008e-05 pb
event>   5770000/10000000; xs = 0.0024924 pb +- 3.69436e-05 pb
event>   5780000/10000000; xs = 0.00249181 pb +- 3.68899e-05 pb
event>   5790000/10000000; xs = 0.00249213 pb +- 3.68286e-05 pb
event>   5800000/10000000; xs = 0.00249253 pb +- 3.67669e-05 pb
event>   5810000/10000000; xs = 0.00249232 pb +- 3.67045e-05 pb
event>   5820000/10000000; xs = 0.00249224 pb +- 3.6643e-05 pb
event>   5830000/10000000; xs = 0.00249195 pb +- 3.65807e-05 pb
event>   5840000/10000000; xs = 0.00249203 pb +- 3.652e-05 pb
event>   5850000/10000000; xs = 0.0024927 pb +- 3.64714e-05 pb
event>   5860000/10000000; xs = 0.00249212 pb +- 3.64388e-05 pb
event>   5870000/10000000; xs = 0.0024922 pb +- 3.63776e-05 pb
event>   5880000/10000000; xs = 0.00249133 pb +- 3.63244e-05 pb
event>   5890000/10000000; xs = 0.00249117 pb +- 3.62639e-05 pb
event>   5900000/10000000; xs = 0.00249111 pb +- 3.62026e-05 pb
event>   5910000/10000000; xs = 0.0024909 pb +- 3.61432e-05 pb
event>   5920000/10000000; xs = 0.00249045 pb +- 3.60872e-05 pb
event>   5930000/10000000; xs = 0.00249118 pb +- 3.60283e-05 pb
event>   5940000/10000000; xs = 0.00249192 pb +- 3.59709e-05 pb
event>   5950000/10000000; xs = 0.00249194 pb +- 3.59113e-05 pb
event>   5960000/10000000; xs = 0.00249245 pb +- 3.58532e-05 pb
event>   5970000/10000000; xs = 0.0024924 pb +- 3.57949e-05 pb
event>   5980000/10000000; xs = 0.00249421 pb +- 3.57592e-05 pb
event>   5990000/10000000; xs = 0.00249416 pb +- 3.56997e-05 pb
event>   6000000/10000000; xs = 0.00249437 pb +- 3.56444e-05 pb
event>   6010000/10000000; xs = 0.00249409 pb +- 3.55853e-05 pb
event>   6020000/10000000; xs = 0.00249447 pb +- 3.55275e-05 pb
event>   6030000/10000000; xs = 0.00249403 pb +- 3.54693e-05 pb
event>   6040000/10000000; xs = 0.00249398 pb +- 3.54115e-05 pb
event>   6050000/10000000; xs = 0.00249359 pb +- 3.53545e-05 pb
event>   6060000/10000000; xs = 0.00249408 pb +- 3.52977e-05 pb
event>   6070000/10000000; xs = 0.00249481 pb +- 3.52497e-05 pb
event>   6080000/10000000; xs = 0.00249555 pb +- 3.5198e-05 pb
event>   6090000/10000000; xs = 0.00249276 pb +- 3.52433e-05 pb
event>   6100000/10000000; xs = 0.00249277 pb +- 3.51901e-05 pb
event>   6110000/10000000; xs = 0.00249341 pb +- 3.51356e-05 pb
event>   6120000/10000000; xs = 0.00249416 pb +- 3.50851e-05 pb
event>   6130000/10000000; xs = 0.00249408 pb +- 3.50308e-05 pb
event>   6140000/10000000; xs = 0.00249373 pb +- 3.49769e-05 pb
event>   6150000/10000000; xs = 0.00249309 pb +- 3.49284e-05 pb
event>   6160000/10000000; xs = 0.00249301 pb +- 3.48734e-05 pb
event>   6170000/10000000; xs = 0.00249371 pb +- 3.48263e-05 pb
event>   6180000/10000000; xs = 0.00249307 pb +- 3.47722e-05 pb
event>   6190000/10000000; xs = 0.00249296 pb +- 3.47182e-05 pb
event>   6200000/10000000; xs = 0.00249301 pb +- 3.46625e-05 pb
event>   6210000/10000000; xs = 0.00249297 pb +- 3.46082e-05 pb
event>   6220000/10000000; xs = 0.00249273 pb +- 3.45605e-05 pb
event>   6230000/10000000; xs = 0.00249319 pb +- 3.45069e-05 pb
event>   6240000/10000000; xs = 0.0024932 pb +- 3.44536e-05 pb
event>   6250000/10000000; xs = 0.00248688 pb +- 3.48012e-05 pb
event>   6260000/10000000; xs = 0.00248715 pb +- 3.47463e-05 pb
event>   6270000/10000000; xs = 0.00248678 pb +- 3.47014e-05 pb
event>   6280000/10000000; xs = 0.00248682 pb +- 3.46475e-05 pb
event>   6290000/10000000; xs = 0.00248742 pb +- 3.45941e-05 pb
event>   6300000/10000000; xs = 0.00248746 pb +- 3.45402e-05 pb
event>   6310000/10000000; xs = 0.00248741 pb +- 3.44856e-05 pb
event>   6320000/10000000; xs = 0.00248769 pb +- 3.44316e-05 pb
event>   6330000/10000000; xs = 0.00248756 pb +- 3.43786e-05 pb
event>   6340000/10000000; xs = 0.00248752 pb +- 3.43261e-05 pb
event>   6350000/10000000; xs = 0.00248796 pb +- 3.42743e-05 pb
event>   6360000/10000000; xs = 0.00248821 pb +- 3.42204e-05 pb
event>   6370000/10000000; xs = 0.00248837 pb +- 3.41703e-05 pb
event>   6380000/10000000; xs = 0.00248842 pb +- 3.41191e-05 pb
event>   6390000/10000000; xs = 0.00248873 pb +- 3.40685e-05 pb
event>   6400000/10000000; xs = 0.00248911 pb +- 3.40171e-05 pb
event>   6410000/10000000; xs = 0.00248979 pb +- 3.39667e-05 pb
event>   6420000/10000000; xs = 0.00249042 pb +- 3.39166e-05 pb
event>   6430000/10000000; xs = 0.00249146 pb +- 3.38863e-05 pb
event>   6440000/10000000; xs = 0.00249105 pb +- 3.38349e-05 pb
event>   6450000/10000000; xs = 0.00249102 pb +- 3.37843e-05 pb
event>   6460000/10000000; xs = 0.00249127 pb +- 3.37346e-05 pb
event>   6470000/10000000; xs = 0.00249146 pb +- 3.36838e-05 pb
event>   6480000/10000000; xs = 0.00249164 pb +- 3.36329e-05 pb
event>   6490000/10000000; xs = 0.00249242 pb +- 3.35913e-05 pb
event>   6500000/10000000; xs = 0.00249007 pb +- 3.3618e-05 pb
event>   6510000/10000000; xs = 0.00249021 pb +- 3.35669e-05 pb
event>   6520000/10000000; xs = 0.00249013 pb +- 3.35164e-05 pb
event>   6530000/10000000; xs = 0.00249012 pb +- 3.34663e-05 pb
event>   6540000/10000000; xs = 0.00249031 pb +- 3.34246e-05 pb
event>   6550000/10000000; xs = 0.0024952 pb +- 3.36433e-05 pb
event>   6560000/10000000; xs = 0.00249537 pb +- 3.35925e-05 pb
event>   6570000/10000000; xs = 0.00250478 pb +- 3.469e-05 pb
event>   6580000/10000000; xs = 0.00250474 pb +- 3.46384e-05 pb
event>   6590000/10000000; xs = 0.00250522 pb +- 3.45881e-05 pb
event>   6600000/10000000; xs = 0.00250497 pb +- 3.45357e-05 pb
event>   6610000/10000000; xs = 0.00250537 pb +- 3.44864e-05 pb
event>   6620000/10000000; xs = 0.0025055 pb +- 3.44347e-05 pb
event>   6630000/10000000; xs = 0.00250594 pb +- 3.43843e-05 pb
event>   6640000/10000000; xs = 0.00250587 pb +- 3.43325e-05 pb
event>   6650000/10000000; xs = 0.0025059 pb +- 3.42837e-05 pb
event>   6660000/10000000; xs = 0.00250312 pb +- 3.43139e-05 pb
event>   6670000/10000000; xs = 0.00250458 pb +- 3.42806e-05 pb
event>   6680000/10000000; xs = 0.00250487 pb +- 3.42306e-05 pb
event>   6690000/10000000; xs = 0.00250503 pb +- 3.41819e-05 pb
event>   6700000/10000000; xs = 0.00250484 pb +- 3.41338e-05 pb
event>   6710000/10000000; xs = 0.00250491 pb +- 3.40842e-05 pb
event>   6720000/10000000; xs = 0.00250585 pb +- 3.40361e-05 pb
event>   6730000/10000000; xs = 0.00250568 pb +- 3.39869e-05 pb
event>   6740000/10000000; xs = 0.00250547 pb +- 3.39372e-05 pb
event>   6750000/10000000; xs = 0.00250548 pb +- 3.38879e-05 pb
event>   6760000/10000000; xs = 0.00250541 pb +- 3.38383e-05 pb
event>   6770000/10000000; xs = 0.00250559 pb +- 3.37906e-05 pb
event>   6780000/10000000; xs = 0.00250526 pb +- 3.37421e-05 pb
event>   6790000/10000000; xs = 0.00250539 pb +- 3.36937e-05 pb
event>   6800000/10000000; xs = 0.00250629 pb +- 3.36463e-05 pb
event>   6810000/10000000; xs = 0.00250631 pb +- 3.35973e-05 pb
event>   6820000/10000000; xs = 0.00250634 pb +- 3.35492e-05 pb
event>   6830000/10000000; xs = 0.00250689 pb +- 3.35012e-05 pb
event>   6840000/10000000; xs = 0.00250749 pb +- 3.34725e-05 pb
event>   6850000/10000000; xs = 0.00250723 pb +- 3.34246e-05 pb
event>   6860000/10000000; xs = 0.00250819 pb +- 3.33936e-05 pb
event>   6870000/10000000; xs = 0.00250834 pb +- 3.33472e-05 pb
event>   6880000/10000000; xs = 0.00250884 pb +- 3.33008e-05 pb
event>   6890000/10000000; xs = 0.00250872 pb +- 3.32536e-05 pb
event>   6900000/10000000; xs = 0.00250857 pb +- 3.32064e-05 pb
event>   6910000/10000000; xs = 0.0025088 pb +- 3.3161e-05 pb
event>   6920000/10000000; xs = 0.00250878 pb +- 3.31144e-05 pb
event>   6930000/10000000; xs = 0.00250881 pb +- 3.30673e-05 pb
event>   6940000/10000000; xs = 0.00250931 pb +- 3.30208e-05 pb
event>   6950000/10000000; xs = 0.0025097 pb +- 3.29746e-05 pb
event>   6960000/10000000; xs = 0.00250977 pb +- 3.29294e-05 pb
event>   6970000/10000000; xs = 0.00250947 pb +- 3.28826e-05 pb
event>   6980000/10000000; xs = 0.00250956 pb +- 3.28364e-05 pb
event>   6990000/10000000; xs = 0.00250919 pb +- 3.27944e-05 pb
event>   7000000/10000000; xs = 0.00251028 pb +- 3.27655e-05 pb
event>   7010000/10000000; xs = 0.00251015 pb +- 3.272e-05 pb
event>   7020000/10000000; xs = 0.00251054 pb +- 3.26759e-05 pb
event>   7030000/10000000; xs = 0.00251149 pb +- 3.26337e-05 pb
event>   7040000/10000000; xs = 0.00251105 pb +- 3.25884e-05 pb
event>   7050000/10000000; xs = 0.00251083 pb +- 3.25423e-05 pb
event>   7060000/10000000; xs = 0.00251095 pb +- 3.24971e-05 pb
event>   7070000/10000000; xs = 0.00251039 pb +- 3.24555e-05 pb
event>   7080000/10000000; xs = 0.00251046 pb +- 3.24099e-05 pb
event>   7090000/10000000; xs = 0.00251054 pb +- 3.23648e-05 pb
event>   7100000/10000000; xs = 0.00250161 pb +- 3.35427e-05 pb
event>   7110000/10000000; xs = 0.00250176 pb +- 3.34961e-05 pb
event>   7120000/10000000; xs = 0.00250165 pb +- 3.34535e-05 pb
event>   7130000/10000000; xs = 0.00250138 pb +- 3.3407e-05 pb
event>   7140000/10000000; xs = 0.00250174 pb +- 3.33609e-05 pb
event>   7150000/10000000; xs = 0.00250124 pb +- 3.33162e-05 pb
event>   7160000/10000000; xs = 0.00250096 pb +- 3.32711e-05 pb
event>   7170000/10000000; xs = 0.00250127 pb +- 3.32305e-05 pb
event>   7180000/10000000; xs = 0.00250126 pb +- 3.31863e-05 pb
event>   7190000/10000000; xs = 0.00250129 pb +- 3.31415e-05 pb
event>   7200000/10000000; xs = 0.00250242 pb +- 3.31056e-05 pb
event>   7210000/10000000; xs = 0.00250315 pb +- 3.3066e-05 pb
event>   7220000/10000000; xs = 0.00250337 pb +- 3.30219e-05 pb
event>   7230000/10000000; xs = 0.00250376 pb +- 3.29773e-05 pb
event>   7240000/10000000; xs = 0.0025037 pb +- 3.2932e-05 pb
event>   7250000/10000000; xs = 0.00250419 pb +- 3.2891e-05 pb
event>   7260000/10000000; xs = 0.00250454 pb +- 3.28467e-05 pb
event>   7270000/10000000; xs = 0.00250487 pb +- 3.28034e-05 pb
event>   7280000/10000000; xs = 0.00250377 pb +- 3.27748e-05 pb
event>   7290000/10000000; xs = 0.00250386 pb +- 3.27303e-05 pb
event>   7300000/10000000; xs = 0.00250404 pb +- 3.2687e-05 pb
event>   7310000/10000000; xs = 0.00250339 pb +- 3.26486e-05 pb
event>   7320000/10000000; xs = 0.00250319 pb +- 3.26049e-05 pb
event>   7330000/10000000; xs = 0.00250284 pb +- 3.256e-05 pb
event>   7340000/10000000; xs = 0.00250304 pb +- 3.25168e-05 pb
event>   7350000/10000000; xs = 0.00250301 pb +- 3.24731e-05 pb
event>   7360000/10000000; xs = 0.00250322 pb +- 3.24303e-05 pb
event>   7370000/10000000; xs = 0.00250119 pb +- 3.24666e-05 pb
event>   7380000/10000000; xs = 0.00250121 pb +- 3.24234e-05 pb
event>   7390000/10000000; xs = 0.00250157 pb +- 3.2382e-05 pb
event>   7400000/10000000; xs = 0.00250256 pb +- 3.23813e-05 pb
event>   7410000/10000000; xs = 0.00250191 pb +- 3.2341e-05 pb
event>   7420000/10000000; xs = 0.00250191 pb +- 3.22977e-05 pb
event>   7430000/10000000; xs = 0.0025025 pb +- 3.22594e-05 pb
event>   7440000/10000000; xs = 0.00250394 pb +- 3.2238e-05 pb
event>   7450000/10000000; xs = 0.00250361 pb +- 3.21955e-05 pb
event>   7460000/10000000; xs = 0.0025043 pb +- 3.2154e-05 pb
event>   7470000/10000000; xs = 0.00250423 pb +- 3.21115e-05 pb
event>   7480000/10000000; xs = 0.00250408 pb +- 3.20732e-05 pb
event>   7490000/10000000; xs = 0.00250426 pb +- 3.20319e-05 pb
event>   7500000/10000000; xs = 0.00250411 pb +- 3.19898e-05 pb
event>   7510000/10000000; xs = 0.0025038 pb +- 3.19484e-05 pb
event>   7520000/10000000; xs = 0.00250373 pb +- 3.19065e-05 pb
event>   7530000/10000000; xs = 0.00250125 pb +- 3.1982e-05 pb
event>   7540000/10000000; xs = 0.00250064 pb +- 3.19407e-05 pb
event>   7550000/10000000; xs = 0.00250137 pb +- 3.19046e-05 pb
event>   7560000/10000000; xs = 0.00250133 pb +- 3.18624e-05 pb
event>   7570000/10000000; xs = 0.00250127 pb +- 3.18216e-05 pb
event>   7580000/10000000; xs = 0.00250118 pb +- 3.17803e-05 pb
event>   7590000/10000000; xs = 0.00250137 pb +- 3.17393e-05 pb
event>   7600000/10000000; xs = 0.00250252 pb +- 3.17095e-05 pb
event>   7610000/10000000; xs = 0.00250239 pb +- 3.16683e-05 pb
event>   7620000/10000000; xs = 0.0025027 pb +- 3.16273e-05 pb
event>   7630000/10000000; xs = 0.00250296 pb +- 3.15865e-05 pb
event>   7640000/10000000; xs = 0.00250306 pb +- 3.1546e-05 pb
event>   7650000/10000000; xs = 0.00250321 pb +- 3.15056e-05 pb
event>   7660000/10000000; xs = 0.00250305 pb +- 3.14651e-05 pb
event>   7670000/10000000; xs = 0.00250273 pb +- 3.14253e-05 pb
event>   7680000/10000000; xs = 0.00250252 pb +- 3.13856e-05 pb
event>   7690000/10000000; xs = 0.00250311 pb +- 3.13522e-05 pb
event>   7700000/10000000; xs = 0.00250273 pb +- 3.1312e-05 pb
event>   7710000/10000000; xs = 0.00250309 pb +- 3.12727e-05 pb
event>   7720000/10000000; xs = 0.0025032 pb +- 3.12329e-05 pb
event>   7730000/10000000; xs = 0.00250226 pb +- 3.11942e-05 pb
event>   7740000/10000000; xs = 0.00250231 pb +- 3.11545e-05 pb
event>   7750000/10000000; xs = 0.00250229 pb +- 3.11148e-05 pb
event>   7760000/10000000; xs = 0.00250234 pb +- 3.10764e-05 pb
event>   7770000/10000000; xs = 0.00250192 pb +- 3.10377e-05 pb
event>   7780000/10000000; xs = 0.00250229 pb +- 3.09989e-05 pb
event>   7790000/10000000; xs = 0.00250224 pb +- 3.09599e-05 pb
event>   7800000/10000000; xs = 0.00250155 pb +- 3.09292e-05 pb
event>   7810000/10000000; xs = 0.00250141 pb +- 3.08905e-05 pb
event>   7820000/10000000; xs = 0.00250111 pb +- 3.08522e-05 pb
event>   7830000/10000000; xs = 0.00250102 pb +- 3.08232e-05 pb
event>   7840000/10000000; xs = 0.00250142 pb +- 3.0786e-05 pb
event>   7850000/10000000; xs = 0.0025016 pb +- 3.07475e-05 pb
event>   7860000/10000000; xs = 0.00250178 pb +- 3.07088e-05 pb
event>   7870000/10000000; xs = 0.0025021 pb +- 3.06702e-05 pb
event>   7880000/10000000; xs = 0.00250192 pb +- 3.06319e-05 pb
event>   7890000/10000000; xs = 0.00250333 pb +- 3.06169e-05 pb
event>   7900000/10000000; xs = 0.00250318 pb +- 3.05797e-05 pb
event>   7910000/10000000; xs = 0.00250346 pb +- 3.05417e-05 pb
event>   7920000/10000000; xs = 0.00250345 pb +- 3.05038e-05 pb
event>   7930000/10000000; xs = 0.00250357 pb +- 3.04692e-05 pb
event>   7940000/10000000; xs = 0.00250347 pb +- 3.04312e-05 pb
event>   7950000/10000000; xs = 0.00250364 pb +- 3.03977e-05 pb
event>   7960000/10000000; xs = 0.00250433 pb +- 3.03611e-05 pb
event>   7970000/10000000; xs = 0.00250424 pb +- 3.03235e-05 pb
event>   7980000/10000000; xs = 0.00250465 pb +- 3.02891e-05 pb
event>   7990000/10000000; xs = 0.00250483 pb +- 3.02518e-05 pb
event>   8000000/10000000; xs = 0.00250545 pb +- 3.0217e-05 pb
event>   8010000/10000000; xs = 0.0025056 pb +- 3.01804e-05 pb
event>   8020000/10000000; xs = 0.00250553 pb +- 3.01452e-05 pb
event>   8030000/10000000; xs = 0.00250557 pb +- 3.0108e-05 pb
event>   8040000/10000000; xs = 0.00250538 pb +- 3.00712e-05 pb
event>   8050000/10000000; xs = 0.00250594 pb +- 3.00371e-05 pb
event>   8060000/10000000; xs = 0.00250567 pb +- 2.99999e-05 pb
event>   8070000/10000000; xs = 0.00250441 pb +- 2.99743e-05 pb
event>   8080000/10000000; xs = 0.00250395 pb +- 2.99396e-05 pb
event>   8090000/10000000; xs = 0.00250415 pb +- 2.99036e-05 pb
event>   8100000/10000000; xs = 0.00250477 pb +- 2.98736e-05 pb
event>   8110000/10000000; xs = 0.00250508 pb +- 2.98446e-05 pb
event>   8120000/10000000; xs = 0.00250507 pb +- 2.98085e-05 pb
event>   8130000/10000000; xs = 0.00250546 pb +- 2.97737e-05 pb
event>   8140000/10000000; xs = 0.00250526 pb +- 2.97414e-05 pb
event>   8150000/10000000; xs = 0.00250542 pb +- 2.97055e-05 pb
event>   8160000/10000000; xs = 0.00250504 pb +- 2.96691e-05 pb
event>   8170000/10000000; xs = 0.0025057 pb +- 2.96413e-05 pb
event>   8180000/10000000; xs = 0.00250504 pb +- 2.96106e-05 pb
event>   8190000/10000000; xs = 0.00250505 pb +- 2.95751e-05 pb
event>   8200000/10000000; xs = 0.00250489 pb +- 2.9539e-05 pb
event>   8210000/10000000; xs = 0.002505 pb +- 2.95037e-05 pb
event>   8220000/10000000; xs = 0.00250509 pb +- 2.94693e-05 pb
event>   8230000/10000000; xs = 0.0025049 pb +- 2.94348e-05 pb
event>   8240000/10000000; xs = 0.00250401 pb +- 2.94166e-05 pb
event>   8250000/10000000; xs = 0.002504 pb +- 2.93817e-05 pb
event>   8260000/10000000; xs = 0.00250392 pb +- 2.93465e-05 pb
event>   8270000/10000000; xs = 0.00250417 pb +- 2.93116e-05 pb
event>   8280000/10000000; xs = 0.00250415 pb +- 2.92774e-05 pb
event>   8290000/10000000; xs = 0.00250421 pb +- 2.9243e-05 pb
event>   8300000/10000000; xs = 0.00250421 pb +- 2.9208e-05 pb
event>   8310000/10000000; xs = 0.00250064 pb +- 2.93924e-05 pb
event>   8320000/10000000; xs = 0.00250121 pb +- 2.93587e-05 pb
event>   8330000/10000000; xs = 0.00250157 pb +- 2.93246e-05 pb
event>   8340000/10000000; xs = 0.00250137 pb +- 2.92896e-05 pb
event>   8350000/10000000; xs = 0.00250104 pb +- 2.92567e-05 pb
event>   8360000/10000000; xs = 0.002502 pb +- 2.92515e-05 pb
event>   8370000/10000000; xs = 0.00250136 pb +- 2.92225e-05 pb
event>   8380000/10000000; xs = 0.00250121 pb +- 2.92108e-05 pb
event>   8390000/10000000; xs = 0.00250156 pb +- 2.91769e-05 pb
event>   8400000/10000000; xs = 0.00250146 pb +- 2.91425e-05 pb
event>   8410000/10000000; xs = 0.00250294 pb +- 2.91284e-05 pb
event>   8420000/10000000; xs = 0.00250314 pb +- 2.90948e-05 pb
event>   8430000/10000000; xs = 0.00250286 pb +- 2.90619e-05 pb
event>   8440000/10000000; xs = 0.00250303 pb +- 2.9028e-05 pb
event>   8450000/10000000; xs = 0.00250295 pb +- 2.89945e-05 pb
event>   8460000/10000000; xs = 0.00250286 pb +- 2.89607e-05 pb
event>   8470000/10000000; xs = 0.00250319 pb +- 2.89279e-05 pb
event>   8480000/10000000; xs = 0.00250524 pb +- 2.89902e-05 pb
event>   8490000/10000000; xs = 0.00250516 pb +- 2.8957e-05 pb
event>   8500000/10000000; xs = 0.00250516 pb +- 2.8924e-05 pb
event>   8510000/10000000; xs = 0.00250524 pb +- 2.889e-05 pb
event>   8520000/10000000; xs = 0.00250518 pb +- 2.88568e-05 pb
event>   8530000/10000000; xs = 0.00250511 pb +- 2.88243e-05 pb
event>   8540000/10000000; xs = 0.0025053 pb +- 2.8791e-05 pb
event>   8550000/10000000; xs = 0.00250533 pb +- 2.87577e-05 pb
event>   8560000/10000000; xs = 0.00250534 pb +- 2.87246e-05 pb
event>   8570000/10000000; xs = 0.00250544 pb +- 2.86917e-05 pb
event>   8580000/10000000; xs = 0.00250522 pb +- 2.86682e-05 pb
event>   8590000/10000000; xs = 0.00250569 pb +- 2.86364e-05 pb
event>   8600000/10000000; xs = 0.00250589 pb +- 2.86035e-05 pb
event>   8610000/10000000; xs = 0.0025059 pb +- 2.85708e-05 pb
event>   8620000/10000000; xs = 0.00250622 pb +- 2.85402e-05 pb
event>   8630000/10000000; xs = 0.00250607 pb +- 2.8507e-05 pb
event>   8640000/10000000; xs = 0.00250654 pb +- 2.84823e-05 pb
event>   8650000/10000000; xs = 0.00250657 pb +- 2.84499e-05 pb
event>   8660000/10000000; xs = 0.00250698 pb +- 2.84171e-05 pb
event>   8670000/10000000; xs = 0.002507 pb +- 2.83849e-05 pb
event>   8680000/10000000; xs = 0.00250716 pb +- 2.8353e-05 pb
event>   8690000/10000000; xs = 0.00250773 pb +- 2.83217e-05 pb
event>   8700000/10000000; xs = 0.00250759 pb +- 2.82897e-05 pb
event>   8710000/10000000; xs = 0.0025074 pb +- 2.82602e-05 pb
event>   8720000/10000000; xs = 0.00250764 pb +- 2.82289e-05 pb
event>   8730000/10000000; xs = 0.00250767 pb +- 2.81973e-05 pb
event>   8740000/10000000; xs = 0.00250784 pb +- 2.81656e-05 pb
event>   8750000/10000000; xs = 0.00250793 pb +- 2.81339e-05 pb
event>   8760000/10000000; xs = 0.00250748 pb +- 2.8104e-05 pb
event>   8770000/10000000; xs = 0.00250492 pb +- 2.81875e-05 pb
event>   8780000/10000000; xs = 0.00250478 pb +- 2.81563e-05 pb
event>   8790000/10000000; xs = 0.00250474 pb +- 2.81249e-05 pb
event>   8800000/10000000; xs = 0.00250463 pb +- 2.80936e-05 pb
event>   8810000/10000000; xs = 0.00250516 pb +- 2.80628e-05 pb
event>   8820000/10000000; xs = 0.00250607 pb +- 2.80352e-05 pb
event>   8830000/10000000; xs = 0.00250633 pb +- 2.80046e-05 pb
event>   8840000/10000000; xs = 0.00250633 pb +- 2.79736e-05 pb
event>   8850000/10000000; xs = 0.00250598 pb +- 2.79458e-05 pb
event>   8860000/10000000; xs = 0.00250521 pb +- 2.79452e-05 pb
event>   8870000/10000000; xs = 0.00250505 pb +- 2.79146e-05 pb
event>   8880000/10000000; xs = 0.00250485 pb +- 2.7884e-05 pb
event>   8890000/10000000; xs = 0.00250502 pb +- 2.78533e-05 pb
event>   8900000/10000000; xs = 0.00250513 pb +- 2.78226e-05 pb
event>   8910000/10000000; xs = 0.00250504 pb +- 2.77922e-05 pb
event>   8920000/10000000; xs = 0.00250551 pb +- 2.7762e-05 pb
event>   8930000/10000000; xs = 0.00250481 pb +- 2.77352e-05 pb
event>   8940000/10000000; xs = 0.0025039 pb +- 2.7723e-05 pb
event>   8950000/10000000; xs = 0.00250411 pb +- 2.76932e-05 pb
event>   8960000/10000000; xs = 0.00250426 pb +- 2.76629e-05 pb
event>   8970000/10000000; xs = 0.00250519 pb +- 2.76455e-05 pb
event>   8980000/10000000; xs = 0.00250515 pb +- 2.76152e-05 pb
event>   8990000/10000000; xs = 0.00250455 pb +- 2.75862e-05 pb
event>   9000000/10000000; xs = 0.00250457 pb +- 2.75563e-05 pb
event>   9010000/10000000; xs = 0.00250445 pb +- 2.75269e-05 pb
event>   9020000/10000000; xs = 0.00250401 pb +- 2.74967e-05 pb
event>   9030000/10000000; xs = 0.00250399 pb +- 2.74672e-05 pb
event>   9040000/10000000; xs = 0.00250383 pb +- 2.74379e-05 pb
event>   9050000/10000000; xs = 0.00250398 pb +- 2.7408e-05 pb
event>   9060000/10000000; xs = 0.00250415 pb +- 2.73789e-05 pb
event>   9070000/10000000; xs = 0.00250401 pb +- 2.73491e-05 pb
event>   9080000/10000000; xs = 0.00250393 pb +- 2.73196e-05 pb
event>   9090000/10000000; xs = 0.00250395 pb +- 2.72907e-05 pb
event>   9100000/10000000; xs = 0.00250405 pb +- 2.72637e-05 pb
event>   9110000/10000000; xs = 0.00250425 pb +- 2.72353e-05 pb
event>   9120000/10000000; xs = 0.00250435 pb +- 2.72058e-05 pb
event>   9130000/10000000; xs = 0.00250471 pb +- 2.71767e-05 pb
event>   9140000/10000000; xs = 0.00250406 pb +- 2.71495e-05 pb
event>   9150000/10000000; xs = 0.00250407 pb +- 2.71202e-05 pb
event>   9160000/10000000; xs = 0.00250432 pb +- 2.70914e-05 pb
event>   9170000/10000000; xs = 0.00250449 pb +- 2.70627e-05 pb
event>   9180000/10000000; xs = 0.0025044 pb +- 2.70337e-05 pb
event>   9190000/10000000; xs = 0.00250503 pb +- 2.70066e-05 pb
event>   9200000/10000000; xs = 0.00250506 pb +- 2.69777e-05 pb
event>   9210000/10000000; xs = 0.00250478 pb +- 2.69496e-05 pb
event>   9220000/10000000; xs = 0.00250386 pb +- 2.69279e-05 pb
event>   9230000/10000000; xs = 0.00250398 pb +- 2.69004e-05 pb
event>   9240000/10000000; xs = 0.00250378 pb +- 2.68716e-05 pb
event>   9250000/10000000; xs = 0.00250397 pb +- 2.68438e-05 pb
event>   9260000/10000000; xs = 0.00250249 pb +- 2.68429e-05 pb
event>   9270000/10000000; xs = 0.00250252 pb +- 2.6815e-05 pb
event>   9280000/10000000; xs = 0.00250262 pb +- 2.67866e-05 pb
event>   9290000/10000000; xs = 0.00250239 pb +- 2.67602e-05 pb
event>   9300000/10000000; xs = 0.00250242 pb +- 2.67328e-05 pb
event>   9310000/10000000; xs = 0.00250203 pb +- 2.67064e-05 pb
event>   9320000/10000000; xs = 0.00250202 pb +- 2.66784e-05 pb
event>   9330000/10000000; xs = 0.0025026 pb +- 2.66518e-05 pb
event>   9340000/10000000; xs = 0.0025022 pb +- 2.66244e-05 pb
event>   9350000/10000000; xs = 0.00250263 pb +- 2.65995e-05 pb
event>   9360000/10000000; xs = 0.00250196 pb +- 2.65748e-05 pb
event>   9370000/10000000; xs = 0.00250167 pb +- 2.65471e-05 pb
event>   9380000/10000000; xs = 0.0025018 pb +- 2.65203e-05 pb
event>   9390000/10000000; xs = 0.00250164 pb +- 2.64969e-05 pb
event>   9400000/10000000; xs = 0.00250153 pb +- 2.64694e-05 pb
event>   9410000/10000000; xs = 0.00250156 pb +- 2.64415e-05 pb
event>   9420000/10000000; xs = 0.00250158 pb +- 2.64142e-05 pb
event>   9430000/10000000; xs = 0.00249947 pb +- 2.65147e-05 pb
event>   9440000/10000000; xs = 0.00249966 pb +- 2.64878e-05 pb
event>   9450000/10000000; xs = 0.00249941 pb +- 2.64611e-05 pb
event>   9460000/10000000; xs = 0.00249905 pb +- 2.64346e-05 pb
event>   9470000/10000000; xs = 0.00249945 pb +- 2.64078e-05 pb
event>   9480000/10000000; xs = 0.00249936 pb +- 2.63804e-05 pb
event>   9490000/10000000; xs = 0.00249943 pb +- 2.63531e-05 pb
event>   9500000/10000000; xs = 0.00249929 pb +- 2.63255e-05 pb
event>   9510000/10000000; xs = 0.00249918 pb +- 2.6299e-05 pb
event>   9520000/10000000; xs = 0.00249935 pb +- 2.62722e-05 pb
event>   9530000/10000000; xs = 0.00249866 pb +- 2.62485e-05 pb
event>   9540000/10000000; xs = 0.0024986 pb +- 2.62219e-05 pb
event>   9550000/10000000; xs = 0.00249861 pb +- 2.61946e-05 pb
event>   9560000/10000000; xs = 0.00249831 pb +- 2.61686e-05 pb
event>   9570000/10000000; xs = 0.00249824 pb +- 2.61423e-05 pb
event>   9580000/10000000; xs = 0.0024976 pb +- 2.6118e-05 pb
event>   9590000/10000000; xs = 0.00249777 pb +- 2.60932e-05 pb
event>   9600000/10000000; xs = 0.00249792 pb +- 2.60664e-05 pb
event>   9610000/10000000; xs = 0.00249808 pb +- 2.60423e-05 pb
event>   9620000/10000000; xs = 0.0024984 pb +- 2.60163e-05 pb
event>   9630000/10000000; xs = 0.0024984 pb +- 2.599e-05 pb
event>   9640000/10000000; xs = 0.00249863 pb +- 2.59636e-05 pb
event>   9650000/10000000; xs = 0.00249827 pb +- 2.59377e-05 pb
event>   9660000/10000000; xs = 0.00249847 pb +- 2.59116e-05 pb
event>   9670000/10000000; xs = 0.00249873 pb +- 2.58878e-05 pb
event>   9680000/10000000; xs = 0.00249889 pb +- 2.58614e-05 pb
event>   9690000/10000000; xs = 0.00249876 pb +- 2.58359e-05 pb
event>   9700000/10000000; xs = 0.00249896 pb +- 2.58103e-05 pb
event>   9710000/10000000; xs = 0.00249904 pb +- 2.57844e-05 pb
event>   9720000/10000000; xs = 0.00249913 pb +- 2.57583e-05 pb
event>   9730000/10000000; xs = 0.00249898 pb +- 2.57322e-05 pb
event>   9740000/10000000; xs = 0.00249719 pb +- 2.57612e-05 pb
event>   9750000/10000000; xs = 0.00249693 pb +- 2.57357e-05 pb
event>   9760000/10000000; xs = 0.00249573 pb +- 2.57599e-05 pb
event>   9770000/10000000; xs = 0.0024958 pb +- 2.57341e-05 pb
event>   9780000/10000000; xs = 0.00249556 pb +- 2.57092e-05 pb
event>   9790000/10000000; xs = 0.00249558 pb +- 2.56836e-05 pb
event>   9800000/10000000; xs = 0.00249575 pb +- 2.56588e-05 pb
event>   9810000/10000000; xs = 0.00249581 pb +- 2.56335e-05 pb
event>   9820000/10000000; xs = 0.00249617 pb +- 2.56084e-05 pb
event>   9830000/10000000; xs = 0.00249598 pb +- 2.55832e-05 pb
event>   9840000/10000000; xs = 0.00249593 pb +- 2.55577e-05 pb
event>   9850000/10000000; xs = 0.00249734 pb +- 2.55659e-05 pb
event>   9860000/10000000; xs = 0.00249763 pb +- 2.55406e-05 pb
event>   9870000/10000000; xs = 0.00249649 pb +- 2.55469e-05 pb
event>   9880000/10000000; xs = 0.00249633 pb +- 2.55215e-05 pb
event>   9890000/10000000; xs = 0.00249577 pb +- 2.54998e-05 pb
event>   9900000/10000000; xs = 0.00249513 pb +- 2.54756e-05 pb
event>   9910000/10000000; xs = 0.00249591 pb +- 2.54605e-05 pb
event>   9920000/10000000; xs = 0.00249627 pb +- 2.54388e-05 pb
event>   9930000/10000000; xs = 0.00249622 pb +- 2.54135e-05 pb
event>   9940000/10000000; xs = 0.00249627 pb +- 2.53881e-05 pb
event>   9950000/10000000; xs = 0.00249642 pb +- 2.53632e-05 pb
event>   9960000/10000000; xs = 0.00249607 pb +- 2.53408e-05 pb
event>   9970000/10000000; xs = 0.0024989 pb +- 2.54715e-05 pb
event>   9980000/10000000; xs = 0.00249903 pb +- 2.5447e-05 pb
event>   9990000/10000000; xs = 0.00249896 pb +- 2.5422e-05 pb
event>   9995000/10000000; xs = 0.00249892 pb +- 2.54095e-05 pb
event>   9998000/10000000; xs = 0.00249898 pb +- 2.5402e-05 pb
event>   9999000/10000000; xs = 0.00249894 pb +- 2.53993e-05 pb
event>   9999500/10000000; xs = 0.00249894 pb +- 2.53981e-05 pb
event>   9999800/10000000; xs = 0.00249897 pb +- 2.53974e-05 pb
event>   9999900/10000000; xs = 0.00249896 pb +- 2.53972e-05 pb
event>   9999950/10000000; xs = 0.00249896 pb +- 2.5397e-05 pb
event>   9999980/10000000; xs = 0.00249895 pb +- 2.5397e-05 pb
event>   9999990/10000000; xs = 0.00249895 pb +- 2.5397e-05 pb
event>   9999995/10000000; xs = 0.00249895 pb +- 2.5397e-05 pb
event>   9999998/10000000; xs = 0.00249895 pb +- 2.53969e-05 pb
event>   9999999/10000000; xs = 0.00249895 pb +- 2.53969e-05 pb
event>  10000000/10000000; xs = 0.00249895 pb +- 2.53969e-05 pb

