   
 -----------------------------------------------------
 VBFNLO, version 2.7.0 rc1 svn 6148
 Comput. Phys. Commun. 180 (2009) 1661 [arXiv:0811.4559 [hep-ph]]
 arXiV: 1107.4038, arXiV: 1207.4975
 http://www.itp.kit.edu/~vbfnloweb/
 -----------------------------------------------------
   
   
   
 Initialising LoopTools ..
   
 ====================================================
   FF 2.0, a package to evaluate one-loop integrals
 written by G. J. van Oldenborgh, NIKHEF-H, Amsterdam
 ====================================================
 for the algorithms used see preprint NIKHEF-H 89/17,
 'New Algorithms for One-loop Integrals', by G.J. van
 Oldenborgh and J.A.M. Vermaseren, published in 
 Zeitschrift fuer Physik C46(1990)425.
 ====================================================
  
        Information on global parameters
 -----------------------------------------------
   PROCESS               =      480
   LOPROCESS_PLUS_JET    =        F
   KK_MOD                =        F
   ANOM_CPL              =        F
   LEPTONS               =    12  -11   13  -13
   LO_ITERATIONS         =        6
   NLO_ITERATIONS        =        6
   LO_POINTS             =       26
   NLO_POINTS            =       26
   NLO_SWITCH            =        T
   EWCOR_SWITCH          =        F
   FERMIONLOOP           =        3
   LHA_SWITCH            =        F
   HEPMC_SWITCH          =        F
   LO_GRID               = grid2_1                                           
                           grid2_2                                           
                           grid2_3                                           
   NLO_GRID              = grid3_1                                           
                           grid3_2                                           
                           grid3_3                                           
   PHTN_GRID             = grid4_1                                           
                           grid4_2                                           
                           grid4_3                                           
   FLOOP_GRID            = grid5_1                                           
                           grid5_2                                           
                           grid5_3                                           
   ECM                   =  14000.0    
   BEAM1                 =        1
   BEAM2                 =        1
   ID_MUF                =        4
   ID_MUR                =        4
   MUF_USER              =  171.586    
   MUR_USER              =  171.586    
   XIF                   =  1.00000    
   XIR                   =  1.00000    
 
       information on the selected process 
 -----------------------------------------------
 
  pp -> W+ Z A -> l+ vl l+ l- A
 
 W+ Z photon production with subsequent decay of the W and Z bosons to leptons.
 Process is implemented at LO and NLO QCD.
 Anomalous couplings can be set in "anomV.dat".
 References: G. Bozzi, F. Campanario, M. Rauch et al.
 Phys. Lett. B696 (2011) 380, e-Print: arXiv:1011.2206 [hep-ph]
 
 Initializing PDF set CT10
  
               Physics parameters
 -----------------------------------------------
   HTYPE                 =        0
   MODEL                 =        1
   ANOM_CPL              =        F
   KK_MOD                =        F
   SPIN2                 =        F
   HMASS                 =  120.000    
   HWIDTH                = -999.000    
   TOPMASS               =  171.300    
   BOTTOMMASS            =  4.85500    
   CHARMMASS             =  1.65000    
   TAU_MASS              =  1.77684    
   EWSCHEME              =        3
   FERMI_CONST           = 0.116637E-04
   WMASS                 =  80.3980    
   ZMASS                 =  91.1876    
   
 Running in the SM
   
 Higgs mass =   120.00000000000000     
   
  
 Information on scale setting in InitScales 
 -------------------------------------------
  
 Dynamical factorization scale chosen:
       invariant VVV mass 
 Dynamical value for alphas chosen:
 alphas = alpha(invariant VVV mass)
 Initializing PDF set cteq6l1
  
  
  
  
   Information on couplings, masses and widths
 ===============================================
  
   SM coupling parameters 
 ---------------------------
   G_Fermi                         : 0.000011663700
   SIN**2 of the weak mixing angle : 0.22264585
   Q.E.D. fine structure constant  : 1/132.34070    
   SU(2) coupling constant g       : 0.65305673
   U(1) coupling constant g'       : 0.34950127
   Q.C.D. LO alfas(MZ)             : 0.12980813
   Q.C.D. NLO alfas(MZ)            : 0.11798159
  
      particle masses
 ---------------------------
   mass of the Z0 boson            :   91.1876
   mass of the W+/- boson          :   80.3980
   mass of the Higgs boson         :  120.0000
   mass of the top quark           :  171.3000
   mass of the bottom quark at MH  :    2.8132
  (All other fermions have mass equal ZERO)
  
      particle widths
 ---------------------------
   total widths of Z0              :   2.508420 GeV
   total widths of W+ or W-        :   2.097673 GeV
   total widths of Higgs           :   0.003584 GeV
   total widths of top quark       :   1.309884 GeV
  
     branching ratios
 ---------------------------
   W -> lepton anti-lepton         : 10.8397227 %
   W -> massless quark anti-quark  : 33.7404159 %
   W -> top bottom                 :  0.0000000 %
  
   Z -> neutrino anti-neutrino     :  6.6129820 %
   Z -> charged lepton anti-lepton :  3.3460763 %
   Z -> up-type quark anti-quark   : 11.9908090 %
   Z -> down-type quark anti-quark : 15.3804024 %
   Z -> top anti-top               :  0.0000000 %
  
   H -> WW                         : 13.4029082 %
   H -> ZZ                         :  1.6939032 %
   H -> bottom anti-bottom         : 65.4836414 %
   H -> top anti-top               :  0.0000000 %
   H -> charm anti-charm           :  3.8903119 %
   H -> tau anti-tau               :  6.9286015 %
   H -> mu anti-mu                 :  0.0245316 %
   H -> gluon gluon                :  8.2244431 %
   H -> gamma gamma                :  0.2318771 %
   H -> Z gamma                    :  0.1197819 %
  
 Warning: cannot read value for key = MLL_OSONLY. Using default value :  T
 Warning: cannot read value for key = PTMISS_MIN. Using default value :    0.0000000000000000     
 
          information on cut parameters
 -----------------------------------------------
 
 minimum jet pt        (PT_JET_MIN):     20.00   
 maximum jet rapidity                 (Y_JET_MAX):    4.5000000000000000     
 maximum parton pseudorapidity          (Y_P_MAX):    5.0000000000000000     
 minimum jet-jet R-separation           (RJJ_MIN):    0.0000000000000000     
 minimum number of jets                (NJET_MIN):            0
 single jet from hadronic decay (SINGLE_DECAYJET):            0
 exponent of generalised kT algorithm (PGENKTJET):    1.0000000000000000     
 minimum lepton-lepton R-separation     (RLL_MIN):   0.29999999999999999     
 maximum lepton-lepton R-separation     (RLL_MAX):    500.00000000000000     
 minimum jet-lepton R-separation        (RJL_MIN):   0.40000000000000002     
 minimum jet-photon R-separation        (RJG_MIN):   0.40000000000000002     
 minimum lepton-photon R-separation     (RLG_MIN):   0.40000000000000002     
 minimum photon-photon R-separation     (RGG_MIN):   0.40000000000000002     
 maximum photon-photon R-separation     (RGG_MAX):    500.00000000000000     
 maximum lepton rapidity                (Y_L_MAX):    2.5000000000000000     
 minimum lepton pt       (PT_L_MIN):     20.00    20.00    20.00   
 minimum invariant dilepton mass        (MLL_MIN):    15.000000000000000     
 maximum invariant dilepton mass        (MLL_MAX):    14000.000000000000     
 m_ll cuts only on opposite-sign l   (MLL_OSONLY):  T
 maximum photon rapidity                (Y_G_MAX):    2.5000000000000000     
 minimum photon pt       (PT_G_MIN):     10.00   
 photon isolation cut                 (PHISOLCUT):   0.69999999999999996     
 efficiency of photon isolation cut   (EFISOLCUT):    1.0000000000000000     
 minimum invariant lepton-photon mass   (MLG_MIN):    0.0000000000000000     
 maximum invariant lepton-photon mass   (MLG_MAX):    1.0000000000000000E+020
 minimal missing transverse momentum (PTMISS_MIN):    0.0000000000000000     
 minimum jet rapidity separation      (ETAJJ_MIN):    0.0000000000000000     
 tagging jets in opposite hemispheres     (YSIGN):    F
 leptons fall inside rapidity gap     (LRAPIDGAP):    F
 min leptons y-dist from tagging jets   (DELY_JL):    0.0000000000000000     
 photons fall inside rapidity gap     (GRAPIDGAP):    F
 min photons y-dist from tagging jets   (DELY_JG):    0.0000000000000000     
 dijet min mass cut on tag jets        (MDIJ_MIN):    0.0000000000000000     
 dijet max mass cut on tag jets        (MDIJ_MAX):    14000.000000000000     
 veto criteria for jets                   (JVETO):    F
 minimum veto-tag y-dist             (DELY_JVETO):   -100.00000000000000     
 maximum |y| for veto jet             (YMAX_VETO):    4.5000000000000000     
 minimum pT for veto jet             (PTMIN_VETO):    50.000000000000000     
 

 --------------------PHASE SPACE--------------------

 boson has mass    80.40 GeV and width     2.0977 GeV
 integration range for boson   3 =      0.032  to     9899.495 GeV
 boson has mass    91.19 GeV and width     2.5084 GeV
 integration range for boson   2 =      0.032  to     9899.495 GeV
 boson has mass     0.00 GeV and width     0.0000 GeV
 integration range for boson   1 =      0.032  to     9899.495 GeV

 machine energy =    14000.0  GeV

 ---------------------------------------------------

  Random number generator initialized with seed =            0
 
          information on histogram config
 -----------------------------------------------
 
 SMEARING           =      T
 SMEAR_VALUE        =       0.20000000000000001     
 CALC_ERROR_GNUPLOT =      F
 CALC_ERROR_1D      =      T
 CALC_ERROR_2D      =      F
 
HIST_ID1      =      0.00    250.00  # dS/dpT_j (fb/GeV)
HIST_ID2      =      0.00    500.00  # dS/dpTmax_j (fb/GeV)
HIST_ID3      =      0.00    200.00  # dS/dpTmin_j (fb/GeV)
HIST_ID4      =     -5.00      5.00  # dS/deta_j (fb)
HIST_ID5      =     -5.00      5.00  # dS/deta_j1 (fb)
HIST_ID6      =     -5.00      5.00  # dS/deta_j2 (fb)
HIST_ID7      =      0.00    500.00  # dS/dpTmax_l (fb/GeV)
HIST_ID8      =      0.00    200.00  # dS/dpTmin_l (fb/GeV)
HIST_ID9      =      0.00      5.00  # dS/d|eta|max_l (fb)
HIST_ID10     =      0.00      5.00  # dS/d|eta|min_l (fb)
HIST_ID11     =   -180.00    180.00  # dS/dPhi_jj (fb)
2DHIST_ID1    =      0.00      6.00      0.00    800.00  # d2S/deta_jj dm_jj (fb/GeV)
 
 -----------------------------------------------
 
 
 
  
 PHASE SPACE           1
  

 MONACO input parameters:
 ndim = 12,  ncall =       2M,   rtype = 0
 nprn =  0,  acc = -1.0E+0,  alph = 8.75E-1,  nd = 48,  mds =  0

 MONACO:  continuing with uniform grid
  
 W+ZA amplitude square information:
 -----------------------------------------------
  
  precalculated tensors initialized to  (  0.0000000000000000     ,  0.0000000000000000     )
  External b-quark contributions are excluded

 iteration  1:
 integral =  1.205334E-01,  sigma = 4.315E-03
 efficacy = 2.350E-05,  raw efficacy = 2.350E-05
 f_positive = 3.430E-2,  f_zero = 9.657E-1,  f_negative = 0.000E+0
 accumulated statistics:
 integral =  1.205334E-01,  sigma = 4.315E-03,  chi^2/iteration = 0.000E+00

 MONACO:  grid written to file grid2_1.out.1

 MONACO input parameters:
 ndim = 12,  ncall =       4M,   rtype = 0
 nprn =  0,  acc = -1.0E+0,  alph = 8.75E-1,  nd = 48,  mds =  0

 iteration  2:
 integral =  1.173395E-01,  sigma = 7.940E-04
 efficacy = 1.619E-04,  raw efficacy = 8.004E-06
 f_positive = 1.488E-1,  f_zero = 8.512E-1,  f_negative = 0.000E+0
 accumulated statistics:
 integral =  1.174441E-01,  sigma = 7.809E-04,  chi^2/iteration = 5.300E+05

 MONACO:  grid written to file grid2_1.out.2

 MONACO input parameters:
 ndim = 12,  ncall =       8M,   rtype = 0
 nprn =  0,  acc = -1.0E+0,  alph = 8.75E-1,  nd = 48,  mds =  0

 iteration  3:
 integral =  1.177102E-01,  sigma = 3.620E-04
 efficacy = 9.513E-05,  raw efficacy = 3.025E-06
 f_positive = 2.190E-1,  f_zero = 7.810E-1,  f_negative = 0.000E+0
 accumulated statistics:
 integral =  1.176632E-01,  sigma = 3.284E-04,  chi^2/iteration = 6.256E-01

 MONACO:  grid written to file grid2_1.out.3

 MONACO input parameters:
 ndim = 12,  ncall =      16M,   rtype = 0
 nprn =  0,  acc = -1.0E+0,  alph = 8.75E-1,  nd = 48,  mds =  0

 iteration  4:
 integral =  1.177992E-01,  sigma = 2.019E-04
 efficacy = 1.600E-04,  raw efficacy = 1.077E-06
 f_positive = 2.390E-1,  f_zero = 7.610E-1,  f_negative = 0.000E+0
 accumulated statistics:
 integral =  1.177619E-01,  sigma = 1.720E-04,  chi^2/iteration = 3.750E-01

 MONACO:  grid written to file grid2_1.out.4

 MONACO input parameters:
 ndim = 12,  ncall =      32M,   rtype = 0
 nprn =  0,  acc = -1.0E+0,  alph = 8.75E-1,  nd = 48,  mds =  0

 iteration  5:
 integral =  1.174932E-01,  sigma = 1.351E-04
 efficacy = 7.029E-05,  raw efficacy = 9.857E-07
 f_positive = 2.501E-1,  f_zero = 7.499E-1,  f_negative = 0.000E+0
 accumulated statistics:
 integral =  1.175957E-01,  sigma = 1.062E-04,  chi^2/iteration = 7.530E-01

 MONACO:  grid written to file grid2_1.out.5

 MONACO input parameters:
 ndim = 12,  ncall =      64M,   rtype = 0
 nprn =  0,  acc = -1.0E+0,  alph = 8.75E-1,  nd = 48,  mds =  0
  random number setting in monaco saved 

 iteration  6:
 integral =  1.177550E-01,  sigma = 1.230E-04
 efficacy = 2.069E-05,  raw efficacy = 5.193E-07
 f_positive = 2.442E-1,  f_zero = 7.558E-1,  f_negative = 0.000E+0
 accumulated statistics:
 integral =  1.176638E-01,  sigma = 8.039E-05,  chi^2/iteration = 8.048E-01

 MONACO:  grid written to file grid2_1.out.6
 
  result (LO):   0.11766380193838537       +-    8.0394884195645523E-005  fb     6.8325927661035707E-002 %
 
  
 PHASE SPACE           2
  

 MONACO input parameters:
 ndim = 12,  ncall =       4M,   rtype = 0
 nprn =  0,  acc = -1.0E+0,  alph = 8.75E-1,  nd = 48,  mds =  0

 MONACO:  continuing with uniform grid

 iteration  1:
 integral =  4.708603E-02,  sigma = 3.070E-03
 efficacy = 8.306E-06,  raw efficacy = 8.306E-06
 f_positive = 2.943E-2,  f_zero = 9.706E-1,  f_negative = 0.000E+0
 accumulated statistics:
 integral =  4.708603E-02,  sigma = 3.070E-03,  chi^2/iteration = 2.842E-14

 MONACO:  grid written to file grid2_2.out.1

 MONACO input parameters:
 ndim = 12,  ncall =       8M,   rtype = 0
 nprn =  0,  acc = -1.0E+0,  alph = 8.75E-1,  nd = 48,  mds =  0

 iteration  2:
 integral =  4.745530E-02,  sigma = 2.922E-04
 efficacy = 1.538E-04,  raw efficacy = 1.961E-06
 f_positive = 1.238E-1,  f_zero = 8.762E-1,  f_negative = 0.000E+0
 accumulated statistics:
 integral =  4.745199E-02,  sigma = 2.909E-04,  chi^2/iteration = 1.433E+04

 MONACO:  grid written to file grid2_2.out.2

 MONACO input parameters:
 ndim = 12,  ncall =      16M,   rtype = 0
 nprn =  0,  acc = -1.0E+0,  alph = 8.75E-1,  nd = 48,  mds =  0

 iteration  3:
 integral =  4.732456E-02,  sigma = 9.139E-05
 efficacy = 2.849E-04,  raw efficacy = 1.188E-06
 f_positive = 1.470E-1,  f_zero = 8.530E-1,  f_negative = 0.000E+0
 accumulated statistics:
 integral =  4.733601E-02,  sigma = 8.719E-05,  chi^2/iteration = 1.890E-01

 MONACO:  grid written to file grid2_2.out.3

 MONACO input parameters:
 ndim = 12,  ncall =      32M,   rtype = 0
 nprn =  0,  acc = -1.0E+0,  alph = 8.75E-1,  nd = 48,  mds =  0

 iteration  4:
 integral =  4.748432E-02,  sigma = 4.808E-05
 efficacy = 4.376E-04,  raw efficacy = 9.365E-07
 f_positive = 1.520E-1,  f_zero = 8.480E-1,  f_negative = 0.000E+0
 accumulated statistics:
 integral =  4.744974E-02,  sigma = 4.210E-05,  chi^2/iteration = 1.204E+00

 MONACO:  grid written to file grid2_2.out.4

 MONACO input parameters:
 ndim = 12,  ncall =      64M,   rtype = 0
 nprn =  0,  acc = -1.0E+0,  alph = 8.75E-1,  nd = 48,  mds =  0

 iteration  5:
 integral =  4.740381E-02,  sigma = 3.043E-05
 efficacy = 2.123E-04,  raw efficacy = 7.705E-07
 f_positive = 1.522E-1,  f_zero = 8.478E-1,  f_negative = 0.000E+0
 accumulated statistics:
 integral =  4.741957E-02,  sigma = 2.466E-05,  chi^2/iteration = 1.063E+00

 MONACO:  grid written to file grid2_2.out.5

 MONACO input parameters:
 ndim = 12,  ncall =     128M,   rtype = 0
 nprn =  0,  acc = -1.0E+0,  alph = 8.75E-1,  nd = 48,  mds =  0
  random number setting in monaco saved 

 iteration  6:
 integral =  4.745952E-02,  sigma = 2.173E-05
 efficacy = 6.104E-05,  raw efficacy = 6.797E-07
 f_positive = 1.527E-1,  f_zero = 8.473E-1,  f_negative = 0.000E+0
 accumulated statistics:
 integral =  4.744206E-02,  sigma = 1.631E-05,  chi^2/iteration = 1.166E+00

 MONACO:  grid written to file grid2_2.out.6
 
  result (LO):    4.7442057120271233E-002  +-    1.6305821725225964E-005  fb     3.4369971951023912E-002 %
 
  
 PHASE SPACE           3
  

 MONACO input parameters:
 ndim = 12,  ncall =       4M,   rtype = 0
 nprn =  0,  acc = -1.0E+0,  alph = 8.75E-1,  nd = 48,  mds =  0

 MONACO:  continuing with uniform grid

 iteration  1:
 integral =  1.665324E-01,  sigma = 5.790E-03
 efficacy = 1.996E-05,  raw efficacy = 1.996E-05
 f_positive = 9.301E-3,  f_zero = 9.907E-1,  f_negative = 0.000E+0
 accumulated statistics:
 integral =  1.665324E-01,  sigma = 5.790E-03,  chi^2/iteration = 1.137E-13

 MONACO:  grid written to file grid2_3.out.1

 MONACO input parameters:
 ndim = 12,  ncall =       8M,   rtype = 0
 nprn =  0,  acc = -1.0E+0,  alph = 8.75E-1,  nd = 48,  mds =  0

 iteration  2:
 integral =  1.671828E-01,  sigma = 8.310E-04
 efficacy = 1.505E-04,  raw efficacy = 3.993E-06
 f_positive = 7.109E-2,  f_zero = 9.289E-1,  f_negative = 0.000E+0
 accumulated statistics:
 integral =  1.671697E-01,  sigma = 8.226E-04,  chi^2/iteration = 1.237E+04

 MONACO:  grid written to file grid2_3.out.2

 MONACO input parameters:
 ndim = 12,  ncall =      16M,   rtype = 0
 nprn =  0,  acc = -1.0E+0,  alph = 8.75E-1,  nd = 48,  mds =  0

 iteration  3:
 integral =  1.670059E-01,  sigma = 3.068E-04
 efficacy = 5.254E-04,  raw efficacy = 2.963E-06
 f_positive = 1.133E-1,  f_zero = 8.867E-1,  f_negative = 0.000E+0
 accumulated statistics:
 integral =  1.670259E-01,  sigma = 2.874E-04,  chi^2/iteration = 4.719E-02

 MONACO:  grid written to file grid2_3.out.3

 MONACO input parameters:
 ndim = 12,  ncall =      32M,   rtype = 0
 nprn =  0,  acc = -1.0E+0,  alph = 8.75E-1,  nd = 48,  mds =  0

 iteration  4:
 integral =  1.664033E-01,  sigma = 1.644E-04
 efficacy = 4.700E-04,  raw efficacy = 3.052E-06
 f_positive = 1.316E-1,  f_zero = 8.684E-1,  f_negative = 0.000E+0
 accumulated statistics:
 integral =  1.665568E-01,  sigma = 1.427E-04,  chi^2/iteration = 1.791E+00

 MONACO:  grid written to file grid2_3.out.4

 MONACO input parameters:
 ndim = 12,  ncall =      64M,   rtype = 0
 nprn =  0,  acc = -1.0E+0,  alph = 8.75E-1,  nd = 48,  mds =  0

 iteration  5:
 integral =  1.667117E-01,  sigma = 1.061E-04
 efficacy = 5.370E-04,  raw efficacy = 2.328E-06
 f_positive = 1.382E-1,  f_zero = 8.618E-1,  f_negative = 0.000E+0
 accumulated statistics:
 integral =  1.666565E-01,  sigma = 8.517E-05,  chi^2/iteration = 1.447E+00

 MONACO:  grid written to file grid2_3.out.5

 MONACO input parameters:
 ndim = 12,  ncall =     128M,   rtype = 0
 nprn =  0,  acc = -1.0E+0,  alph = 8.75E-1,  nd = 48,  mds =  0
  random number setting in monaco saved 

 iteration  6:
 integral =  1.665876E-01,  sigma = 7.343E-05
 efficacy = 9.144E-05,  raw efficacy = 2.165E-06
 f_positive = 1.401E-1,  f_zero = 8.599E-1,  f_negative = 0.000E+0
 accumulated statistics:
 integral =  1.666170E-01,  sigma = 5.562E-05,  chi^2/iteration = 1.179E+00

 MONACO:  grid written to file grid2_3.out.6
 
  result (LO):   0.16661697731870559       +-    5.5615377401510612E-005  fb     3.3379177978441719E-002 %
 
 
  Total (multi-channel) result (LO):   0.33172283637736222       +-    9.9107453960227236E-005  fb     2.9876584633891257E-002 %
  
   
 Initialising FF ..
   
 ====================================================
   FF 2.0, a package to evaluate one-loop integrals
 written by G. J. van Oldenborgh, NIKHEF-H, Amsterdam
 ====================================================
 for the algorithms used see preprint NIKHEF-H 89/17,
 'New Algorithms for One-loop Integrals', by G.J. van
 Oldenborgh and J.A.M. Vermaseren, published in 
 Zeitschrift fuer Physik C46(1990)425.
 ====================================================
 Initializing PDF set CT10
  
 PHASE SPACE            1
  

 MONACO input parameters:
 ndim = 12,  ncall =      64M,   rtype = 0
 nprn =  0,  acc = -1.0E+0,  alph = 8.75E-1,  nd = 48,  mds =  0

 MONACO:  grid read from file grid2_1.out.6                                                                                                                                                                                                                                             

 iteration  1:
 integral =  1.474224E-01,  sigma = 1.263E-04
 efficacy = 1.362E-04,  raw efficacy = 4.774E-07
 f_positive = 2.311E-1,  f_zero = 7.689E-1,  f_negative = 0.000E+0
 accumulated statistics:
 integral =  1.474224E-01,  sigma = 1.263E-04,  chi^2/iteration = 0.000E+00

 MONACO:  grid written to file grid2_1.vout.1
  
  result for virtual contribution, no.            1
  sigma =   0.14742242075906015       +-    1.2633481845151538E-004  fb  
  
 total result for virtual contns so far 
  sigma =   0.14742242075906015       +-    1.2633481845151538E-004  fb
  

 MONACO input parameters:
 ndim = 12,  ncall =      16M,   rtype = 0
 nprn =  0,  acc = -1.0E+0,  alph = 8.75E-1,  nd = 48,  mds =  0

 MONACO:  grid read from file grid2_1.out.6                                                                                                                                                                                                                                             

 iteration  1:
 integral =  7.694273E-03,  sigma = 3.147E-05
 efficacy = 6.731E-05,  raw efficacy = 2.216E-07
 f_positive = 1.573E-1,  f_zero = 7.688E-1,  f_negative = 7.387E-2
 accumulated statistics:
 integral =  7.694273E-03,  sigma = 3.147E-05,  chi^2/iteration = 0.000E+00

 MONACO:  grid written to file grid2_1.vout.2
  
  result for virtual contribution, no.            2
  sigma =    7.6942727111144697E-003  +-    3.1470489445046391E-005  fb  
  Box instabilites           0
           total calls           0
           instabilities [%]   0.0000000000000000     
  
 total result for virtual contns so far 
  sigma =   0.15511669347017462       +-    1.3019553778485701E-004  fb
  

 MONACO input parameters:
 ndim = 12,  ncall =       4M,   rtype = 0
 nprn =  0,  acc = -1.0E+0,  alph = 8.75E-1,  nd = 48,  mds =  0

 MONACO:  grid read from file grid2_1.out.6                                                                                                                                                                                                                                             

 iteration  1:
 integral =  8.361023E-03,  sigma = 6.573E-05
 efficacy = 9.301E-05,  raw efficacy = 4.560E-07
 f_positive = 1.453E-1,  f_zero = 7.690E-1,  f_negative = 8.565E-2
 accumulated statistics:
 integral =  8.361023E-03,  sigma = 6.573E-05,  chi^2/iteration = 1.819E-12

 MONACO:  grid written to file grid2_1.vout.3
  
  result for virtual contribution, no.            3
  sigma =    8.3610226745664314E-003  +-    6.5727485320766826E-005  fb  
  Pentagon instabilites          93
           total calls     1937710
           instabilities [%]   4.7994797983186340E-003
  
 total result for virtual contns so far 
  sigma =   0.16347771614474105       +-    1.4584574174681875E-004  fb
  
  
 PHASE SPACE            2
  

 MONACO input parameters:
 ndim = 12,  ncall =     128M,   rtype = 0
 nprn =  0,  acc = -1.0E+0,  alph = 8.75E-1,  nd = 48,  mds =  0

 MONACO:  grid read from file grid2_2.out.6                                                                                                                                                                                                                                             

 iteration  1:
 integral =  6.052099E-02,  sigma = 3.011E-05
 efficacy = 3.377E-05,  raw efficacy = 6.271E-07
 f_positive = 1.522E-1,  f_zero = 8.478E-1,  f_negative = 0.000E+0
 accumulated statistics:
 integral =  6.052099E-02,  sigma = 3.011E-05,  chi^2/iteration = 0.000E+00

 MONACO:  grid written to file grid2_2.vout.1
  
  result for virtual contribution, no.            1
  sigma =    6.0520992583880481E-002  +-    3.0109208968264441E-005  fb  
  
 total result for virtual contns so far 
  sigma =    6.0520992583880481E-002  +-    3.0109208968264441E-005  fb
  

 MONACO input parameters:
 ndim = 12,  ncall =      32M,   rtype = 0
 nprn =  0,  acc = -1.0E+0,  alph = 8.75E-1,  nd = 48,  mds =  0

 MONACO:  grid read from file grid2_2.out.6                                                                                                                                                                                                                                             

 iteration  1:
 integral =  6.181307E-03,  sigma = 7.752E-06
 efficacy = 1.581E-04,  raw efficacy = 1.096E-06
 f_positive = 1.375E-1,  f_zero = 8.479E-1,  f_negative = 1.463E-2
 accumulated statistics:
 integral =  6.181307E-03,  sigma = 7.752E-06,  chi^2/iteration = 0.000E+00

 MONACO:  grid written to file grid2_2.vout.2
  
  result for virtual contribution, no.            2
  sigma =    6.1813065894803692E-003  +-    7.7517105280396038E-006  fb  
  Box instabilites           0
           total calls           0
           instabilities [%]   0.0000000000000000     
  
 total result for virtual contns so far 
  sigma =    6.6702299173360846E-002  +-    3.1091051458661474E-005  fb
  

 MONACO input parameters:
 ndim = 12,  ncall =       8M,   rtype = 0
 nprn =  0,  acc = -1.0E+0,  alph = 8.75E-1,  nd = 48,  mds =  0

 MONACO:  grid read from file grid2_2.out.6                                                                                                                                                                                                                                             

 iteration  1:
 integral = -2.536395E-05,  sigma = 2.411E-06
 efficacy = 1.990E-06,  raw efficacy = 4.652E-08
 f_positive = 7.337E-2,  f_zero = 8.477E-1,  f_negative = 7.891E-2
 accumulated statistics:
 integral = -2.536395E-05,  sigma = 2.411E-06,  chi^2/iteration = 0.000E+00

 MONACO:  grid written to file grid2_2.vout.3
  
  result for virtual contribution, no.            3
  sigma =   -2.5363954093618100E-005  +-    2.4108076080031522E-006  fb  
  Pentagon instabilites         999
           total calls     2555522
           instabilities [%]   3.9091817640388146E-002
  
 total result for virtual contns so far 
  sigma =    6.6676935219267222E-002  +-    3.1184378687540681E-005  fb
  
  
 PHASE SPACE            3
  

 MONACO input parameters:
 ndim = 12,  ncall =     128M,   rtype = 0
 nprn =  0,  acc = -1.0E+0,  alph = 8.75E-1,  nd = 48,  mds =  0

 MONACO:  grid read from file grid2_3.out.6                                                                                                                                                                                                                                             

 iteration  1:
 integral =  2.115654E-01,  sigma = 9.091E-05
 efficacy = 1.445E-04,  raw efficacy = 1.694E-06
 f_positive = 1.391E-1,  f_zero = 8.609E-1,  f_negative = 0.000E+0
 accumulated statistics:
 integral =  2.115654E-01,  sigma = 9.091E-05,  chi^2/iteration = 9.313E-10

 MONACO:  grid written to file grid2_3.vout.1
  
  result for virtual contribution, no.            1
  sigma =   0.21156537215486604       +-    9.0913418461859377E-005  fb  
  
 total result for virtual contns so far 
  sigma =   0.21156537215486604       +-    9.0913418461859377E-005  fb
  

 MONACO input parameters:
 ndim = 12,  ncall =      32M,   rtype = 0
 nprn =  0,  acc = -1.0E+0,  alph = 8.75E-1,  nd = 48,  mds =  0

 MONACO:  grid read from file grid2_3.out.6                                                                                                                                                                                                                                             

 iteration  1:
 integral =  2.366238E-02,  sigma = 2.908E-05
 efficacy = 2.838E-04,  raw efficacy = 2.875E-06
 f_positive = 1.281E-1,  f_zero = 8.610E-1,  f_negative = 1.092E-2
 accumulated statistics:
 integral =  2.366238E-02,  sigma = 2.908E-05,  chi^2/iteration = 0.000E+00

 MONACO:  grid written to file grid2_3.vout.2
  
  result for virtual contribution, no.            2
  sigma =    2.3662375322004839E-002  +-    2.9078065819214589E-005  fb  
  Box instabilites           0
           total calls           0
           instabilities [%]   0.0000000000000000     
  
 total result for virtual contns so far 
  sigma =   0.23522774747687086       +-    9.5450424662270263E-005  fb
  

 MONACO input parameters:
 ndim = 12,  ncall =       8M,   rtype = 0
 nprn =  0,  acc = -1.0E+0,  alph = 8.75E-1,  nd = 48,  mds =  0

 MONACO:  grid read from file grid2_3.out.6                                                                                                                                                                                                                                             

 iteration  1:
 integral =  1.905587E-04,  sigma = 7.453E-06
 efficacy = 5.760E-06,  raw efficacy = 2.165E-07
 f_positive = 7.188E-2,  f_zero = 8.609E-1,  f_negative = 6.720E-2
 accumulated statistics:
 integral =  1.905587E-04,  sigma = 7.453E-06,  chi^2/iteration = 1.137E-13

 MONACO:  grid written to file grid2_3.vout.3
  
  result for virtual contribution, no.            3
  sigma =    1.9055872119960577E-004  +-    7.4526145147882619E-006  fb  
  Pentagon instabilites        1036
           total calls     2334146
           instabilities [%]   4.4384541498261036E-002
  
 total result for virtual contns so far 
  sigma =   0.23541830619807047       +-    9.5740926626567403E-005  fb
  
 
  Total (multi-channel) result (NLO virtual):   0.46557295756207878       +-    1.7722801948654013E-004  fb     3.8066648117746148E-002 %
 
   
 Summary for FF ..
   
 
total number of errors and warnings
===================================
vbffferr: no errors
the warning system has been disabled
 
  
 PHASE SPACE            1
  

 MONACO input parameters:
 ndim = 15,  ncall =       2M,   rtype = 0
 nprn =  0,  acc = -1.0E+0,  alph = 8.75E-1,  nd = 48,  mds =  0

 MONACO:  continuing with uniform grid
  
 W+ Z A j amplitude square information:
 -----------------------------------------------
  
  precalculated tensors initialized to  (  0.0000000000000000     ,  0.0000000000000000     )
  External b-quark contributions are excluded
  
  creal =   -6.5797362673929038       cvirtual =    5.1594725347858095     
  

 iteration  1:
 integral =  8.701025E-02,  sigma = 5.407E-03
 efficacy = 2.394E-05,  raw efficacy = 2.394E-05
 f_positive = 2.707E-2,  f_zero = 9.459E-1,  f_negative = 2.702E-2
 accumulated statistics:
 integral =  8.701025E-02,  sigma = 5.407E-03,  chi^2/iteration = 0.000E+00

 MONACO:  grid written to file grid3_1.out.1

 MONACO input parameters:
 ndim = 15,  ncall =       4M,   rtype = 0
 nprn =  0,  acc = -1.0E+0,  alph = 8.75E-1,  nd = 48,  mds =  0

 iteration  2:
 integral =  7.955238E-02,  sigma = 3.021E-03
 efficacy = 9.385E-06,  raw efficacy = 1.134E-06
 f_positive = 1.224E-1,  f_zero = 7.889E-1,  f_negative = 8.875E-2
 accumulated statistics:
 integral =  8.132639E-02,  sigma = 2.637E-03,  chi^2/iteration = 1.450E+06

 MONACO:  grid written to file grid3_1.out.2

 MONACO input parameters:
 ndim = 15,  ncall =       8M,   rtype = 0
 nprn =  0,  acc = -1.0E+0,  alph = 8.75E-1,  nd = 48,  mds =  0

 iteration  3:
 integral =  8.710858E-02,  sigma = 1.550E-03
 efficacy = 1.255E-05,  raw efficacy = 3.006E-07
 f_positive = 1.589E-1,  f_zero = 7.303E-1,  f_negative = 1.109E-1
 accumulated statistics:
 integral =  8.562409E-02,  sigma = 1.336E-03,  chi^2/iteration = 5.023E+00

 MONACO:  grid written to file grid3_1.out.3

 MONACO input parameters:
 ndim = 15,  ncall =      16M,   rtype = 0
 nprn =  0,  acc = -1.0E+0,  alph = 8.75E-1,  nd = 48,  mds =  0

 iteration  4:
 integral =  8.430540E-02,  sigma = 5.872E-04
 efficacy = 2.547E-05,  raw efficacy = 6.631E-08
 f_positive = 1.712E-1,  f_zero = 7.157E-1,  f_negative = 1.131E-1
 accumulated statistics:
 integral =  8.451886E-02,  sigma = 5.376E-04,  chi^2/iteration = 2.920E+00

 MONACO:  grid written to file grid3_1.out.4

 MONACO input parameters:
 ndim = 15,  ncall =      32M,   rtype = 0
 nprn =  0,  acc = -1.0E+0,  alph = 8.75E-1,  nd = 48,  mds =  0

 iteration  5:
 integral =  8.459595E-02,  sigma = 3.191E-04
 efficacy = 4.778E-05,  raw efficacy = 4.291E-08
 f_positive = 1.887E-1,  f_zero = 6.891E-1,  f_negative = 1.222E-1
 accumulated statistics:
 integral =  8.457587E-02,  sigma = 2.744E-04,  chi^2/iteration = 1.951E+00

 MONACO:  grid written to file grid3_1.out.5

 MONACO input parameters:
 ndim = 15,  ncall =      64M,   rtype = 0
 nprn =  0,  acc = -1.0E+0,  alph = 8.75E-1,  nd = 48,  mds =  0

 iteration  6:
 integral =  8.450945E-02,  sigma = 2.211E-04
 efficacy = 1.724E-05,  raw efficacy = 2.720E-09
 f_positive = 1.952E-1,  f_zero = 6.799E-1,  f_negative = 1.249E-1
 accumulated statistics:
 integral =  8.453560E-02,  sigma = 1.722E-04,  chi^2/iteration = 1.472E+00

 MONACO:  grid written to file grid3_1.out.6
 
  result for real emissions 
  sigma =    8.4535595987151879E-002  +-    1.7215914611254742E-004  fb
  
  
 PHASE SPACE            2
  

 MONACO input parameters:
 ndim = 15,  ncall =       4M,   rtype = 0
 nprn =  0,  acc = -1.0E+0,  alph = 8.75E-1,  nd = 48,  mds =  0

 MONACO:  continuing with uniform grid

 iteration  1:
 integral =  6.548814E-02,  sigma = 4.613E-02
 efficacy = 3.397E-07,  raw efficacy = 3.397E-07
 f_positive = 7.103E-2,  f_zero = 8.624E-1,  f_negative = 6.662E-2
 accumulated statistics:
 integral =  6.548814E-02,  sigma = 4.613E-02,  chi^2/iteration = 4.441E-16

 MONACO:  grid written to file grid3_2.out.1

 MONACO input parameters:
 ndim = 15,  ncall =       8M,   rtype = 0
 nprn =  0,  acc = -1.0E+0,  alph = 8.75E-1,  nd = 48,  mds =  0

 iteration  2:
 integral =  2.016096E-02,  sigma = 1.154E-03
 efficacy = 6.412E-06,  raw efficacy = 1.024E-07
 f_positive = 1.245E-1,  f_zero = 7.940E-1,  f_negative = 8.150E-2
 accumulated statistics:
 integral =  2.018930E-02,  sigma = 1.153E-03,  chi^2/iteration = 9.648E+05

 MONACO:  grid written to file grid3_2.out.2

 MONACO input parameters:
 ndim = 15,  ncall =      16M,   rtype = 0
 nprn =  0,  acc = -1.0E+0,  alph = 8.75E-1,  nd = 48,  mds =  0

 iteration  3:
 integral =  1.859386E-02,  sigma = 5.796E-04
 efficacy = 2.280E-06,  raw efficacy = 4.870E-09
 f_positive = 1.228E-1,  f_zero = 7.952E-1,  f_negative = 8.203E-2
 accumulated statistics:
 integral =  1.891549E-02,  sigma = 5.178E-04,  chi^2/iteration = 2.493E+00

 MONACO:  grid written to file grid3_2.out.3

 MONACO input parameters:
 ndim = 15,  ncall =      32M,   rtype = 0
 nprn =  0,  acc = -1.0E+0,  alph = 8.75E-1,  nd = 48,  mds =  0

 iteration  4:
 integral =  1.910792E-02,  sigma = 2.187E-04
 efficacy = 6.793E-06,  raw efficacy = 2.985E-09
 f_positive = 1.002E-1,  f_zero = 8.153E-1,  f_negative = 8.454E-2
 accumulated statistics:
 integral =  1.907878E-02,  sigma = 2.015E-04,  chi^2/iteration = 1.305E+00

 MONACO:  grid written to file grid3_2.out.4

 MONACO input parameters:
 ndim = 15,  ncall =      64M,   rtype = 0
 nprn =  0,  acc = -1.0E+0,  alph = 8.75E-1,  nd = 48,  mds =  0

 iteration  5:
 integral =  1.912895E-02,  sigma = 9.195E-05
 efficacy = 1.996E-05,  raw efficacy = 9.581E-10
 f_positive = 8.831E-2,  f_zero = 8.301E-1,  f_negative = 8.163E-2
 accumulated statistics:
 integral =  1.912030E-02,  sigma = 8.366E-05,  chi^2/iteration = 8.870E-01

 MONACO:  grid written to file grid3_2.out.5

 MONACO input parameters:
 ndim = 15,  ncall =     128M,   rtype = 0
 nprn =  0,  acc = -1.0E+0,  alph = 8.75E-1,  nd = 48,  mds =  0

 iteration  6:
 integral =  1.909643E-02,  sigma = 9.028E-05
 efficacy = 3.550E-06,  raw efficacy = 5.369E-10
 f_positive = 8.373E-2,  f_zero = 8.344E-1,  f_negative = 8.186E-2
 accumulated statistics:
 integral =  1.910927E-02,  sigma = 6.136E-05,  chi^2/iteration = 6.747E-01

 MONACO:  grid written to file grid3_2.out.6
 
  result for real emissions 
  sigma =    1.9109274688945545E-002  +-    6.1363062029070169E-005  fb
  
  
 PHASE SPACE            3
  

 MONACO input parameters:
 ndim = 15,  ncall =       4M,   rtype = 0
 nprn =  0,  acc = -1.0E+0,  alph = 8.75E-1,  nd = 48,  mds =  0

 MONACO:  continuing with uniform grid

 iteration  1:
 integral =  5.292113E-02,  sigma = 1.522E-02
 efficacy = 1.368E-06,  raw efficacy = 1.368E-06
 f_positive = 4.459E-2,  f_zero = 9.125E-1,  f_negative = 4.292E-2
 accumulated statistics:
 integral =  5.292113E-02,  sigma = 1.522E-02,  chi^2/iteration = 0.000E+00

 MONACO:  grid written to file grid3_3.out.1

 MONACO input parameters:
 ndim = 15,  ncall =       8M,   rtype = 0
 nprn =  0,  acc = -1.0E+0,  alph = 8.75E-1,  nd = 48,  mds =  0

 iteration  2:
 integral =  5.944266E-02,  sigma = 2.831E-03
 efficacy = 4.030E-06,  raw efficacy = 5.191E-08
 f_positive = 1.146E-1,  f_zero = 8.143E-1,  f_negative = 7.103E-2
 accumulated statistics:
 integral =  5.922472E-02,  sigma = 2.783E-03,  chi^2/iteration = 1.774E+05

 MONACO:  grid written to file grid3_3.out.2

 MONACO input parameters:
 ndim = 15,  ncall =      16M,   rtype = 0
 nprn =  0,  acc = -1.0E+0,  alph = 8.75E-1,  nd = 48,  mds =  0

 iteration  3:
 integral =  5.635684E-02,  sigma = 1.162E-03
 efficacy = 7.653E-06,  raw efficacy = 1.287E-08
 f_positive = 1.219E-1,  f_zero = 8.022E-1,  f_negative = 7.595E-2
 accumulated statistics:
 integral =  5.678272E-02,  sigma = 1.072E-03,  chi^2/iteration = 1.082E+00

 MONACO:  grid written to file grid3_3.out.3

 MONACO input parameters:
 ndim = 15,  ncall =      32M,   rtype = 0
 nprn =  0,  acc = -1.0E+0,  alph = 8.75E-1,  nd = 48,  mds =  0

 iteration  4:
 integral =  5.716506E-02,  sigma = 6.024E-04
 efficacy = 5.656E-06,  raw efficacy = 2.970E-09
 f_positive = 1.074E-1,  f_zero = 8.116E-1,  f_negative = 8.104E-2
 accumulated statistics:
 integral =  5.707337E-02,  sigma = 5.252E-04,  chi^2/iteration = 5.891E-01

 MONACO:  grid written to file grid3_3.out.4

 MONACO input parameters:
 ndim = 15,  ncall =      64M,   rtype = 0
 nprn =  0,  acc = -1.0E+0,  alph = 8.75E-1,  nd = 48,  mds =  0

 iteration  5:
 integral =  5.722750E-02,  sigma = 3.037E-04
 efficacy = 9.503E-06,  raw efficacy = 3.279E-09
 f_positive = 1.009E-1,  f_zero = 8.114E-1,  f_negative = 8.775E-2
 accumulated statistics:
 integral =  5.718888E-02,  sigma = 2.629E-04,  chi^2/iteration = 4.142E-01

 MONACO:  grid written to file grid3_3.out.5

 MONACO input parameters:
 ndim = 15,  ncall =     128M,   rtype = 0
 nprn =  0,  acc = -1.0E+0,  alph = 8.75E-1,  nd = 48,  mds =  0

 iteration  6:
 integral =  5.655735E-02,  sigma = 1.887E-04
 efficacy = 1.496E-05,  raw efficacy = 1.000E-09
 f_positive = 9.305E-2,  f_zero = 8.177E-1,  f_negative = 8.926E-2
 accumulated statistics:
 integral =  5.677213E-02,  sigma = 1.533E-04,  chi^2/iteration = 1.263E+00

 MONACO:  grid written to file grid3_3.out.6
 
  result for real emissions 
  sigma =    5.6772132178730915E-002  +-    1.5331296485112723E-004  fb
  
 
  Total (multi-channel) result (NLO real):   0.16041700285482835       +-    2.3855620336354268E-004  fb    0.14871004888392506      %
 
 
total number of errors and warnings
===================================
fferr: no errors
 
  
  final result at NLO 
  sigma =   0.62598996041690713       +-    2.9718484660956282E-004  fb   4.7474379047810725E-002 %
  
  Box instabilites           0
           total calls           0
           instabilities [%]   0.0000000000000000     
  FBox instabilites           0
           total calls           0
           instabilities [%]   0.0000000000000000     
  Pentagon instabilites        2128
           total calls     6827378
           instabilities [%]   3.1168627253390688E-002
  Hexagon instabilites           0
           total calls           0
           instabilities [%]   0.0000000000000000     
 
 
 LO for different PHASESPACE:
  0.11766380193838537       +-    8.0394884195645523E-005  fb   6.8325927661035707E-002
   4.7442057120271233E-002  +-    1.6305821725225964E-005  fb   3.4369971951023912E-002
  0.16661697731870559       +-    5.5615377401510612E-005  fb   3.3379177978441719E-002
  
  
 VIRTUAL CONTRIBUTIONS for different PHASESPACE:
  borntype for different PHASESPACE:
  0.14742242075906015       +-    1.2633481845151538E-004  fb   8.5695797017192321E-002
   6.0520992583880481E-002  +-    3.0109208968264441E-005  fb   4.9750025045497859E-002
  0.21156537215486604       +-    9.0913418461859377E-005  fb   4.2971785758640448E-002
  boxes for different PHASESPACE:
   7.6942727111144697E-003  +-    3.1470489445046391E-005  fb  0.40901187970094804     
   6.1813065894803692E-003  +-    7.7517105280396038E-006  fb  0.12540569563774462     
   2.3662375322004839E-002  +-    2.9078065819214589E-005  fb  0.12288734931937886     
 pentagons for different PHASESPACE:
   8.3610226745664314E-003  +-    6.5727485320766826E-005  fb  0.78611777385444281     
  -2.5363954093618100E-005  +-    2.4108076080031522E-006  fb  -9.5048571650338332     
   1.9055872119960577E-004  +-    7.4526145147882619E-006  fb   3.9109280687194703     
   
 TOTAL VIRTUAL CONTRIBUTIONS:
 TOTAL borntype:
  0.41950878549780668        1.5853170179586516E-004   3.7789840708042574E-002  %
 TOTAL boxes:
   3.7537954622599679E-002   4.3543250152094439E-005  0.11599792953524239       %
 TOTAL pentagons:
   8.5262174416724183E-003   6.6192565919598990E-005  0.77634151805792218       %
  
  
  REAL EMISSION for different PHASESPACE:
   8.4535595987151879E-002   1.7215914611254742E-004  0.20365284481901919       %
   1.9109274688945545E-002   6.1363062029070169E-005  0.32111664638202025       %
   5.6772132178730915E-002   1.5331296485112723E-004  0.27004968629408693       %
  
  
  
 !!!!!!!!!!!!!!!!!!!!!!!!!!!!!!!!!!!!!!!!!!!!!!!!!!!!!!!!!!!!!!!!!!!!!!!!!!!!!!!!!!!!!!!!!!!!!!!!!!!!!!!!
     VBFNLO 2.7.0 rc1 svn 6148
   
  PROCESS:          480   :   p p -->  W+ Z A -->  ve e+ mu- mu+ A
   
  TOTAL result (LO):         0.33172283637736222       +-    9.9107453960227236E-005  fb     2.9876584633891257E-002 %
  NLO virtual result:        0.46557295756207878       +-    1.7722801948654013E-004  fb     3.8066648117746148E-002 %
  QCD real emission:         0.16041700285482835       +-    2.3855620336354268E-004  fb    0.14871004888392506      %
  TOTAL result (NLO):        0.62598996041690713       +-    2.9718484660956282E-004  fb     4.7474379047810725E-002 %
  K-Factor:                   1.8870873264353487     
 !!!!!!!!!!!!!!!!!!!!!!!!!!!!!!!!!!!!!!!!!!!!!!!!!!!!!!!!!!!!!!!!!!!!!!!!!!!!!!!!!!!!!!!!!!!!!!!!!!!!!!!!
  
  
