   
 -----------------------------------------------------
 VBFNLO, version 2.7.0 rc1 svn 6148
 Comput. Phys. Commun. 180 (2009) 1661 [arXiv:0811.4559 [hep-ph]]
 arXiV: 1107.4038, arXiV: 1207.4975
 http://www.itp.kit.edu/~vbfnloweb/
 -----------------------------------------------------
   
   
   
 Initialising LoopTools ..
   
 ====================================================
   FF 2.0, a package to evaluate one-loop integrals
 written by G. J. van Oldenborgh, NIKHEF-H, Amsterdam
 ====================================================
 for the algorithms used see preprint NIKHEF-H 89/17,
 'New Algorithms for One-loop Integrals', by G.J. van
 Oldenborgh and J.A.M. Vermaseren, published in 
 Zeitschrift fuer Physik C46(1990)425.
 ====================================================
  
        Information on global parameters
 -----------------------------------------------
   PROCESS               =      430
   LOPROCESS_PLUS_JET    =        F
   KK_MOD                =        T
   ANOM_CPL              =        F
   LEPTONS               =    12  -11   13  -14   16  -15
   LO_ITERATIONS         =        4
   NLO_ITERATIONS        =        4
   LO_POINTS             =       26
   NLO_POINTS            =       26
   NLO_SWITCH            =        T
   EWCOR_SWITCH          =        F
   FERMIONLOOP           =        3
   LHA_SWITCH            =        F
   HEPMC_SWITCH          =        F
   LO_GRID               = grid2_1                                           
   NLO_GRID              = grid3_1                                           
   PHTN_GRID             = grid4_1                                           
   FLOOP_GRID            = grid5_1                                           
   ECM                   =  14000.0    
   BEAM1                 =        1
   BEAM2                 =        1
   ID_MUF                =        4
   ID_MUR                =        4
   MUF_USER              =  100.000    
   MUR_USER              =  100.000    
   XIF                   =  1.00000    
   XIR                   =  1.00000    
 
       information on the selected process 
 -----------------------------------------------
 
  pp -> W+ W- W+ -> vl l+ l- vl~ vl l+
 
 W+ W- W+ production with subsequent decay of the vector bosons to leptons.
 Process is implemented at LO and NLO QCD.
 Anomalous couplings can be set in "anomV.dat".
 This process can be run in the AdS Higgsless scenario and the Three-Site Higgsless Model using:
     "kk_input.dat" or "kk_coupl_inp.dat".
 References: F. Campanario, V. Hankele, C. Oleari et al
 Phys. Rev. D78 (2008) 094012, e-Print: arXiv:0809.0790 [hep-ph]
 
 Initializing PDF set CT10
  
               Physics parameters
 -----------------------------------------------
   HTYPE                 =        0
   MODEL                 =        1
   ANOM_CPL              =        F
   KK_MOD                =        T
   SPIN2                 =        F
   HMASS                 =  120.000    
   HWIDTH                = -999.000    
   TOPMASS               =  172.400    
   BOTTOMMASS            =  4.85500    
   CHARMMASS             =  1.65000    
   TAU_MASS              =  1.77684    
   EWSCHEME              =        3
   FERMI_CONST           = 0.116637E-04
   WMASS                 =  80.3980    
   ZMASS                 =  91.1876    
   
 Running in the SM
   
 Higgs mass =   120.00000000000000     
   
  
 Information on scale setting in InitScales 
 -------------------------------------------
  
 Dynamical factorization scale chosen:
       invariant VVV mass 
 Dynamical value for alphas chosen:
 alphas = alpha(invariant VVV mass)
 Initializing PDF set cteq6l1
  
  
  
  
   Information on couplings, masses and widths
 ===============================================
  
   SM coupling parameters 
 ---------------------------
   G_Fermi                         : 0.000011663700
   SIN**2 of the weak mixing angle : 0.22264585
   Q.E.D. fine structure constant  : 1/132.34070    
   SU(2) coupling constant g       : 0.65305673
   U(1) coupling constant g'       : 0.34950127
   Q.C.D. LO alfas(MZ)             : 0.12980813
   Q.C.D. NLO alfas(MZ)            : 0.11798159
  
      particle masses
 ---------------------------
   mass of the Z0 boson            :   91.1876
   mass of the W+/- boson          :   80.3980
   mass of the Higgs boson         :  120.0000
   mass of the top quark           :  172.4000
   mass of the bottom quark at MH  :    2.8132
  (All other fermions have mass equal ZERO)
  
      particle widths
 ---------------------------
   total widths of Z0              :   2.508420 GeV
   total widths of W+ or W-        :   2.097673 GeV
   total widths of Higgs           :   0.003584 GeV
   total widths of top quark       :   1.339784 GeV
  
     branching ratios
 ---------------------------
   W -> lepton anti-lepton         : 10.8397227 %
   W -> massless quark anti-quark  : 33.7404159 %
   W -> top bottom                 :  0.0000000 %
  
   Z -> neutrino anti-neutrino     :  6.6129820 %
   Z -> charged lepton anti-lepton :  3.3460763 %
   Z -> up-type quark anti-quark   : 11.9908090 %
   Z -> down-type quark anti-quark : 15.3804024 %
   Z -> top anti-top               :  0.0000000 %
  
   H -> WW                         : 13.4042449 %
   H -> ZZ                         :  1.6940721 %
   H -> bottom anti-bottom         : 65.4907510 %
   H -> top anti-top               :  0.0000000 %
   H -> charm anti-charm           :  3.8907341 %
   H -> tau anti-tau               :  6.9292925 %
   H -> mu anti-mu                 :  0.0245341 %
   H -> gluon gluon                :  8.2146118 %
   H -> gamma gamma                :  0.2319526 %
   H -> Z gamma                    :  0.1198070 %
  
   VBFCALC_SWITCH        =        T
   MHLM_SWITCH           =        F
   RDWN                  = 0.975000E-08
   KKMAXW                =        1
   KKMAXZ                =        1
   KKMAXG                =        1
 **************************************************
 Initiated Warped Higgsless Calculation
 **************************************************
 ALL PREVIOUS HIGGS-RELATED INFORMATION IS OBSOLETE
 **************************************************
 Couplings and Kaluza-Klein masses are calculated
 by VBFNLO
 Kaluza-Klein related Information is written to
 kk_coupl_inp.dat:  Parameters included in the 
 proceeding run
 kkcheck.dat:  Kaluza-Klein information and 
 relative sum rule violation
 **************************************************
  
   KKMAXW                =        1
   KKMAXZ                =        1
   KKMAXG                =        1
   KK_MASSW              =   699.73    
   KK_MASSZ              =   694.75    
   KK_MASSG              =   718.16    
   CPL_W0-W0-ZX          =  0.58607     0.33946E-01
   CPL_W1-W0-ZX          =  0.50324E-01 0.25203    
   CPL_W1-W1-ZX          =  0.21344      1.3329    
   CPL_W0-W0-GX          =  0.26979E-01
   CPL_W1-W0-GX          =   0.0000     0.22211    
   CPL_W1-W1-GX          =  0.30815      1.1396    
   CPL_W0-W0-W0-WX       =  0.66356    
   CPL_W1-W0-W0-WX       =  0.20986    
   CPL_W1-W1-W0-WX       =  0.37836    
   CPL_W1-W1-W1-WX       =  0.75168      1.8777    
   CPL_W0-W0-Z0-ZX       =  0.34601    
   CPL_W0-W0-Z1-ZX       =  0.29786E-01 0.13045    
   CPL_W1-W0-Z0-ZX       =  0.40855E-01
   CPL_W1-W0-Z1-ZX       =  0.79865E-01 0.32020    
   CPL_W1-W1-Z0-ZX       =  0.80627E-01
   CPL_W1-W1-Z1-ZX       =  0.26025      2.0160    
   CPL_W0-W0-G0-GX       =  0.94955E-01
   CPL_W0-W0-G1-GX       =  0.83134E-02 0.99681E-01
   CPL_W1-W0-G0-GX       =   0.0000    
   CPL_W1-W0-G1-GX       =  0.68443E-01 0.24794    
   CPL_W1-W1-G0-GX       =  0.94955E-01
   CPL_W1-W1-G1-GX       =  0.35117      1.4967    
   CPL_W0-W0-G0-ZX       =  0.18060     0.10460E-01
   CPL_W0-W0-G1-ZX       =  0.27021E-01 0.11380    
   CPL_W1-W0-G0-ZX       =  0.15507E-01 0.77662E-01
   CPL_W1-W0-G1-ZX       =  0.67358E-01 0.28131    
   CPL_W1-W1-G0-ZX       =  0.65770E-01 0.41073    
   CPL_W1-W1-G1-ZX       =  0.19632      1.7330    
 Higgs mass squared is set to    489620.03764644510       for phasespace generator.
 Higgs width*mass information set to    95536.015115623755       for phasespace generator.
 Warning: cannot read value for key = MLL_OSONLY. Using default value :  T
 Warning: cannot read value for key = PTMISS_MIN. Using default value :    0.0000000000000000     
 
          information on cut parameters
 -----------------------------------------------
 
 minimum jet pt        (PT_JET_MIN):     20.00   
 maximum jet rapidity                 (Y_JET_MAX):    4.5000000000000000     
 maximum parton pseudorapidity          (Y_P_MAX):    5.0000000000000000     
 minimum jet-jet R-separation           (RJJ_MIN):   0.80000000000000004     
 minimum number of jets                (NJET_MIN):            0
 single jet from hadronic decay (SINGLE_DECAYJET):            0
 exponent of generalised kT algorithm (PGENKTJET):    1.0000000000000000     
 minimum lepton-lepton R-separation     (RLL_MIN):   0.29999999999999999     
 maximum lepton-lepton R-separation     (RLL_MAX):    50.000000000000000     
 minimum jet-lepton R-separation        (RJL_MIN):    0.0000000000000000     
 minimum jet-photon R-separation        (RJG_MIN):    0.0000000000000000     
 minimum lepton-photon R-separation     (RLG_MIN):    0.0000000000000000     
 minimum photon-photon R-separation     (RGG_MIN):    0.0000000000000000     
 maximum photon-photon R-separation     (RGG_MAX):    50.000000000000000     
 maximum lepton rapidity                (Y_L_MAX):    2.5000000000000000     
 minimum lepton pt       (PT_L_MIN):     20.00    20.00    20.00   
 minimum invariant dilepton mass        (MLL_MIN):    15.000000000000000     
 maximum invariant dilepton mass        (MLL_MAX):    14000.000000000000     
 m_ll cuts only on opposite-sign l   (MLL_OSONLY):  T
 maximum photon rapidity                (Y_G_MAX):    1.5000000000000000     
 minimum photon pt       (PT_G_MIN):    
 photon isolation cut                 (PHISOLCUT):   0.69999999999999996     
 efficiency of photon isolation cut   (EFISOLCUT):    1.0000000000000000     
 minimum invariant lepton-photon mass   (MLG_MIN):    0.0000000000000000     
 maximum invariant lepton-photon mass   (MLG_MAX):    1.0000000000000000E+020
 minimal missing transverse momentum (PTMISS_MIN):    0.0000000000000000     
 minimum jet rapidity separation      (ETAJJ_MIN):    0.0000000000000000     
 tagging jets in opposite hemispheres     (YSIGN):    F
 leptons fall inside rapidity gap     (LRAPIDGAP):    F
 min leptons y-dist from tagging jets   (DELY_JL):    0.0000000000000000     
 photons fall inside rapidity gap     (GRAPIDGAP):    T
 min photons y-dist from tagging jets   (DELY_JG):    0.0000000000000000     
 dijet min mass cut on tag jets        (MDIJ_MIN):    600.00000000000000     
 dijet max mass cut on tag jets        (MDIJ_MAX):    14000.000000000000     
 veto criteria for jets                   (JVETO):    F
 minimum veto-tag y-dist             (DELY_JVETO):    0.0000000000000000     
 maximum |y| for veto jet             (YMAX_VETO):    5.0000000000000000     
 minimum pT for veto jet             (PTMIN_VETO):    10.000000000000000     
 

 --------------------PHASE SPACE--------------------

 boson has mass    80.40 GeV and width     2.0977 GeV
 integration range for boson   3 =      0.032  to     9899.495 GeV
 boson has mass    80.40 GeV and width     2.0977 GeV
 integration range for boson   4 =      0.032  to     9899.495 GeV
 boson has mass    80.40 GeV and width     2.0977 GeV
 integration range for boson   3 =      0.032  to     9899.495 GeV

 machine energy =    14000.0  GeV

 ---------------------------------------------------

  Random number generator initialized with seed =            0
 
          information on histogram config
 -----------------------------------------------
 
 SMEARING           =      T
 SMEAR_VALUE        =       0.20000000000000001     
 CALC_ERROR_GNUPLOT =      F
 CALC_ERROR_1D      =      T
 CALC_ERROR_2D      =      F
 
HIST_ID1      =      0.00    250.00  # dS/dpT_j (fb/GeV)
HIST_ID2      =      0.00    500.00  # dS/dpTmax_j (fb/GeV)
HIST_ID3      =      0.00    200.00  # dS/dpTmin_j (fb/GeV)
HIST_ID4      =     -5.00      5.00  # dS/deta_j (fb)
HIST_ID5      =     -5.00      5.00  # dS/deta_j1 (fb)
HIST_ID6      =     -5.00      5.00  # dS/deta_j2 (fb)
HIST_ID7      =      0.00    500.00  # dS/dpTmax_l (fb/GeV)
HIST_ID8      =      0.00    200.00  # dS/dpTmin_l (fb/GeV)
HIST_ID9      =      0.00      5.00  # dS/d|eta|max_l (fb)
HIST_ID10     =      0.00      5.00  # dS/d|eta|min_l (fb)
HIST_ID11     =   -180.00    180.00  # dS/dPhi_jj (fb)
2DHIST_ID1    =      0.00      6.00      0.00    800.00  # d2S/deta_jj dm_jj (fb/GeV)
 
 -----------------------------------------------
 
 
 

 MONACO input parameters:
 ndim = 15,  ncall =       8M,   rtype = 0
 nprn =  0,  acc = -1.0E+0,  alph = 8.75E-1,  nd = 48,  mds =  0

 MONACO:  continuing with uniform grid
  
 W+W-W+ -Amplitude square information:
 -----------------------------------------------
  
  precalculated tensors initialized to  (  0.0000000000000000     ,  0.0000000000000000     )
  External b-quark contributions are excluded
 Calculation of amplitude with all off-shell contributions


 iteration  1:
 integral =  1.371037E-01,  sigma = 1.016E-03
 efficacy = 3.409E-05,  raw efficacy = 3.409E-05
 f_positive = 1.950E-1,  f_zero = 8.050E-1,  f_negative = 0.000E+0
 accumulated statistics:
 integral =  1.371037E-01,  sigma = 1.016E-03,  chi^2/iteration = 0.000E+00

 MONACO:  grid written to file grid2_1.out.1

 MONACO input parameters:
 ndim = 15,  ncall =      16M,   rtype = 0
 nprn =  0,  acc = -1.0E+0,  alph = 8.75E-1,  nd = 48,  mds =  0

 iteration  2:
 integral =  1.368949E-01,  sigma = 6.577E-04
 efficacy = 1.618E-05,  raw efficacy = 1.914E-05
 f_positive = 1.937E-1,  f_zero = 8.063E-1,  f_negative = 0.000E+0
 accumulated statistics:
 integral =  1.369565E-01,  sigma = 5.521E-04,  chi^2/iteration = 2.976E+04

 MONACO:  grid written to file grid2_1.out.2

 MONACO input parameters:
 ndim = 15,  ncall =      32M,   rtype = 0
 nprn =  0,  acc = -1.0E+0,  alph = 8.75E-1,  nd = 48,  mds =  0
 D**2 >1

 iteration  3:
 integral =  1.363374E-01,  sigma = 3.121E-04
 efficacy = 1.089E-04,  raw efficacy = 6.523E-06
 f_positive = 2.164E-1,  f_zero = 7.836E-1,  f_negative = 0.000E+0
 accumulated statistics:
 integral =  1.364873E-01,  sigma = 2.717E-04,  chi^2/iteration = 9.828E-01

 MONACO:  grid written to file grid2_1.out.3

 MONACO input parameters:
 ndim = 15,  ncall =      64M,   rtype = 0
 nprn =  0,  acc = -1.0E+0,  alph = 8.75E-1,  nd = 48,  mds =  0
  random number setting in monaco saved 

 iteration  4:
 integral =  1.365602E-01,  sigma = 1.832E-04
 efficacy = 6.662E-05,  raw efficacy = 1.483E-05
 f_positive = 2.156E-1,  f_zero = 7.844E-1,  f_negative = 0.000E+0
 accumulated statistics:
 integral =  1.365374E-01,  sigma = 1.519E-04,  chi^2/iteration = 5.161E-01

 MONACO:  grid written to file grid2_1.out.4
 
  result (LO):   0.13653738787432959       +-    1.5188196907095096E-004  fb    0.11123837319250950      %
 
   
 Initialising FF ..
   
 ====================================================
   FF 2.0, a package to evaluate one-loop integrals
 written by G. J. van Oldenborgh, NIKHEF-H, Amsterdam
 ====================================================
 for the algorithms used see preprint NIKHEF-H 89/17,
 'New Algorithms for One-loop Integrals', by G.J. van
 Oldenborgh and J.A.M. Vermaseren, published in 
 Zeitschrift fuer Physik C46(1990)425.
 ====================================================
 Initializing PDF set CT10

 MONACO input parameters:
 ndim = 15,  ncall =      64M,   rtype = 0
 nprn =  0,  acc = -1.0E+0,  alph = 8.75E-1,  nd = 48,  mds =  0

 MONACO:  grid read from file grid2_1.out.4                                                                                                                                                                                                                                             

 iteration  1:
 integral =  1.585607E-01,  sigma = 1.998E-04
 efficacy = 6.790E-05,  raw efficacy = 5.983E-06
 f_positive = 2.186E-1,  f_zero = 7.814E-1,  f_negative = 0.000E+0
 accumulated statistics:
 integral =  1.585607E-01,  sigma = 1.998E-04,  chi^2/iteration = 0.000E+00

 MONACO:  grid written to file grid2_1.vout.1
  
  result for virtual contribution, no.            1
  sigma =   0.15856066008934275       +-    1.9978808361211339E-004  fb  
  
 total result for virtual contns so far 
  sigma =   0.15856066008934275       +-    1.9978808361211339E-004  fb
  

 MONACO input parameters:
 ndim = 15,  ncall =       4M,   rtype = 0
 nprn =  0,  acc = -1.0E+0,  alph = 8.75E-1,  nd = 48,  mds =  0

 MONACO:  grid read from file grid2_1.out.4                                                                                                                                                                                                                                             

 iteration  1:
 integral =  2.211247E-04,  sigma = 1.338E-04
 efficacy = 1.444E-06,  raw efficacy = 3.670E-07
 f_positive = 1.114E-1,  f_zero = 7.811E-1,  f_negative = 1.075E-1
 accumulated statistics:
 integral =  2.211247E-04,  sigma = 1.338E-04,  chi^2/iteration = 0.000E+00

 MONACO:  grid written to file grid2_1.vout.2
  
  result for virtual contribution, no.            2
  sigma =    2.2112468852406858E-004  +-    1.3378471874441126E-004  fb  
  
 total result for virtual contns so far 
  sigma =   0.15878178477786681       +-    2.4044464918754593E-004  fb
  

 MONACO input parameters:
 ndim = 15,  ncall =       4M,   rtype = 0
 nprn =  0,  acc = -1.0E+0,  alph = 8.75E-1,  nd = 48,  mds =  0

 MONACO:  grid read from file grid2_1.out.4                                                                                                                                                                                                                                             

 iteration  1:
 integral =  1.031849E-02,  sigma = 1.295E-04
 efficacy = 6.289E-05,  raw efficacy = 4.233E-06
 f_positive = 1.200E-1,  f_zero = 7.813E-1,  f_negative = 9.874E-2
 accumulated statistics:
 integral =  1.031849E-02,  sigma = 1.295E-04,  chi^2/iteration = 1.819E-12

 MONACO:  grid written to file grid2_1.vout.3
  
  result for virtual contribution, no.            3
  sigma =    1.0318485022201142E-002  +-    1.2947488190296906E-004  fb  
  
 total result for virtual contns so far 
  sigma =   0.16910026980006795       +-    2.7308858336940747E-004  fb
  
   
 Summary for FF ..
   
 
total number of errors and warnings
===================================
vbffferr: no errors
the warning system has been disabled
 

 MONACO input parameters:
 ndim = 18,  ncall =       8M,   rtype = 0
 nprn =  0,  acc = -1.0E+0,  alph = 8.75E-1,  nd = 48,  mds =  0

 MONACO:  continuing with uniform grid
  
 W+ W- W+ j amplitude square information:
 -----------------------------------------------
  
  precalculated tensors initialized to  (  0.0000000000000000     ,  0.0000000000000000     )
  External b-quark contributions are excluded
  
  creal =   -6.5797362673929038       cvirtual =    5.1594725347858095     
  

 iteration  1:
 integral =  4.090332E-02,  sigma = 1.106E-03
 efficacy = 1.211E-05,  raw efficacy = 1.211E-05
 f_positive = 1.737E-1,  f_zero = 7.348E-1,  f_negative = 9.153E-2
 accumulated statistics:
 integral =  4.090332E-02,  sigma = 1.106E-03,  chi^2/iteration = 0.000E+00

 MONACO:  grid written to file grid3_1.out.1

 MONACO input parameters:
 ndim = 18,  ncall =      16M,   rtype = 0
 nprn =  0,  acc = -1.0E+0,  alph = 8.75E-1,  nd = 48,  mds =  0

 iteration  2:
 integral =  4.278575E-02,  sigma = 6.085E-04
 efficacy = 6.902E-06,  raw efficacy = 1.218E-06
 f_positive = 1.861E-1,  f_zero = 7.585E-1,  f_negative = 5.545E-2
 accumulated statistics:
 integral =  4.234845E-02,  sigma = 5.332E-04,  chi^2/iteration = 2.223E+06

 MONACO:  grid written to file grid3_1.out.2

 MONACO input parameters:
 ndim = 18,  ncall =      32M,   rtype = 0
 nprn =  0,  acc = -1.0E+0,  alph = 8.75E-1,  nd = 48,  mds =  0

 iteration  3:
 integral =  4.324993E-02,  sigma = 2.169E-04
 efficacy = 5.422E-05,  raw efficacy = 1.046E-06
 f_positive = 1.860E-1,  f_zero = 7.649E-1,  f_negative = 4.907E-2
 accumulated statistics:
 integral =  4.312192E-02,  sigma = 2.009E-04,  chi^2/iteration = 4.676E+00

 MONACO:  grid written to file grid3_1.out.3

 MONACO input parameters:
 ndim = 18,  ncall =      64M,   rtype = 0
 nprn =  0,  acc = -1.0E+0,  alph = 8.75E-1,  nd = 48,  mds =  0
 D**2 >1

 iteration  4:
 integral =  4.345460E-02,  sigma = 1.352E-04
 efficacy = 2.339E-05,  raw efficacy = 2.418E-07
 f_positive = 1.939E-1,  f_zero = 7.570E-1,  f_negative = 4.915E-2
 accumulated statistics:
 integral =  4.335096E-02,  sigma = 1.121E-04,  chi^2/iteration = 3.282E+00

 MONACO:  grid written to file grid3_1.out.4
 
  result for real emissions 
  sigma =    4.3350961403566278E-002  +-    1.1214326572030089E-004  fb
  
 
total number of errors and warnings
===================================
fferr: no errors
 
  
  final result at NLO 
  sigma =   0.21245123120363424       +-    2.9521769325893026E-004  fb  0.13895786415846395      %
 
   
 TOTAL VIRTUAL CONTRIBUTIONS:
 TOTAL borntype:
  0.15856066008934275        1.9978808361211339E-004  0.12600104180919819       %
 TOTAL boxes:
   2.2112468852406858E-004   1.3378471874441126E-004   60.501936548731102       %
 TOTAL pentagons:
   1.0318485022201142E-002   1.2947488190296906E-004   1.2547857715972091       %
  
  
  
 !!!!!!!!!!!!!!!!!!!!!!!!!!!!!!!!!!!!!!!!!!!!!!!!!!!!!!!!!!!!!!!!!!!!!!!!!!!!!!!!!!!!!!!!!!!!!!!!!!!!!!!!
     VBFNLO 2.7.0 rc1 svn 6148
   
  PROCESS:          430   :   p p -->  W+ W- W+ -->  ve e+ mu- vmu~ vtau mtau+
    running in Kaluza-Klein mode
   
  TOTAL result (LO):         0.13653738787432959       +-    1.5188196907095096E-004  fb    0.11123837319250950      %
  NLO virtual result:        0.16910026980006795       +-    2.7308858336940747E-004  fb    0.16149506070705141      %
  QCD real emission:          4.3350961403566278E-002  +-    1.1214326572030089E-004  fb    0.25868691740496302      %
  TOTAL result (NLO):        0.21245123120363424       +-    2.9521769325893026E-004  fb    0.13895786415846395      %
  K-Factor:                   1.5559930837345191     
 !!!!!!!!!!!!!!!!!!!!!!!!!!!!!!!!!!!!!!!!!!!!!!!!!!!!!!!!!!!!!!!!!!!!!!!!!!!!!!!!!!!!!!!!!!!!!!!!!!!!!!!!
  
  
