   
 -----------------------------------------------------------------
 VBFNLO, version 3.0.0 beta0 svn 7628
 Comput. Phys. Commun. 180 (2009) 1661[arXiv:0811.4559 [hep-ph]]
 arXiV:1107.4038, arXiV:1207.4975, arXiv:1404.3940
 http://www.itp.kit.edu/vbfnlo
 -----------------------------------------------------------------
   
   
   
 Initialising LoopTools ..
   
 ====================================================
   FF 2.0, a package to evaluate one-loop integrals
 written by G. J. van Oldenborgh, NIKHEF-H, Amsterdam
 ====================================================
 for the algorithms used see preprint NIKHEF-H 89/17,
 'New Algorithms for One-loop Integrals', by G.J. van
 Oldenborgh and J.A.M. Vermaseren, published in 
 Zeitschrift fuer Physik C46(1990)425.
 ====================================================
  
        Information on global parameters
 -----------------------------------------------
   PROCESS               =      451
   LOPROCESS_PLUS_JET    =        F
   KK_MOD                =        F
   ANOM_CPL              =        F
   LEPTONS               =    98
   DECAY_QUARKS          =    93
   LO_ITERATIONS         =        6
   NLO_ITERATIONS        =        6
   LO_POINTS             =       26
   NLO_POINTS            =       26
   NLO_SWITCH            =        T
   EWCOR_SWITCH          =        F
   FERMIONLOOP           =        3
   NLO_SEMILEP_DECAY     =        0
   LHA_SWITCH            =        F
   HEPMC_SWITCH          =        F
   LO_GRID               = grid2_1                                           
                           grid2_2                                           
   NLO_GRID              = grid3_1                                           
                           grid3_2                                           
   PHTN_GRID             = grid4_1                                           
                           grid4_2                                           
   FLOOP_GRID            = grid5_1                                           
                           grid5_2                                           
   ECM                   =  8000.00    
   BEAM1                 =        1
   BEAM2                 =        1
   ID_MUF                =        4
   ID_MUR                =        4
   MUF_USER              =  100.000    
   MUR_USER              =  100.000    
   XIF                   =  1.00000    
   XIR                   =  1.00000    
 
       information on the selected process 
 -----------------------------------------------
 
  pp -> Z Z Z -> q q~ l- l+ l- l+
 
 Z Z Z production with subsequent decay of one Z boson to quarks and
 the other Z bosons to leptons.
 Process is implemented at LO and NLO QCD.
 Anomalous couplings can be set in "anomV.dat".
 B. Feigl, PhD-thesis, http://digbib.ubka.uni-karlsruhe.de/volltexte/1000037298
 
 Initializing PDF set CT10
  
               Physics parameters
 -----------------------------------------------
   HTYPE                 =        0
   MODEL                 =        1
   ANOM_CPL              =        F
   KK_MOD                =        F
   SPIN2                 =        F
   HMASS                 =  126.000    
   HWIDTH                = -999.000    
   TOPMASS               =  172.400    
   BOTTOMMASS            =  4.85500    
   CHARMMASS             =  1.65000    
   TAU_MASS              =  1.77684    
   EWSCHEME              =        3
   FERMI_CONST           = 0.116637E-04
   WMASS                 =  80.3980    
   ZMASS                 =  91.1876    
   
 Running in the SM
   
 Higgs mass =   126.00000000000000     
   
  
 Information on scale setting in InitScales 
 -------------------------------------------
  
 Dynamical factorization scale chosen:
       invariant VVV mass 
 Dynamical value for alphas chosen:
 alphas = alpha(invariant VVV mass)
 Initializing PDF set cteq6l1
  
  
  
  
   Information on couplings, masses and widths
 ===============================================
  
   SM coupling parameters 
 ---------------------------
   G_Fermi                         : 0.000011663700
   SIN**2 of the weak mixing angle : 0.22264585
   Q.E.D. fine structure constant  : 1/132.34070    
   SU(2) coupling constant g       : 0.65305673
   U(1) coupling constant g'       : 0.34950127
   Q.C.D. LO alfas(MZ)             : 0.12980813
   Q.C.D. NLO alfas(MZ)            : 0.11798159
  
      particle masses
 ---------------------------
   mass of the Z0 boson            :   91.1876
   mass of the W+/- boson          :   80.3980
   mass of the Higgs boson         :  126.0000
   mass of the top quark           :  172.4000
   mass of the bottom quark at MH  :    2.8020
  (All other fermions have mass equal ZERO)
  
      particle widths
 ---------------------------
   total widths of Z0              :   2.508420 GeV
   total widths of W+ or W-        :   2.097673 GeV
   total widths of Higgs           :   0.004277 GeV
   total widths of top quark       :   1.339784 GeV
  
     branching ratios
 ---------------------------
   W -> lepton anti-lepton         : 10.8397227 %
   W -> massless quark anti-quark  : 33.7404159 %
   W -> top bottom                 :  0.0000000 %
  
   Z -> neutrino anti-neutrino     :  6.6129820 %
   Z -> charged lepton anti-lepton :  3.3460763 %
   Z -> up-type quark anti-quark   : 11.9908090 %
   Z -> down-type quark anti-quark : 15.3804024 %
   Z -> top anti-top               :  0.0000000 %
  
   H -> WW                         : 22.0125356 %
   H -> ZZ                         :  3.0338266 %
   H -> bottom anti-bottom         : 57.0764080 %
   H -> top anti-top               :  0.0000000 %
   H -> charm anti-charm           :  3.3908342 %
   H -> tau anti-tau               :  6.0977649 %
   H -> mu anti-mu                 :  0.0215873 %
   H -> gluon gluon                :  7.9592311 %
   H -> gamma gamma                :  0.2380229 %
   H -> Z gamma                    :  0.1697893 %
  
 
          information on cut parameters
 -----------------------------------------------
 
 minimum jet pt        (PT_JET_MIN):     20.00    20.00    20.00   
 maximum jet rapidity                 (Y_JET_MAX):    4.5000000000000000     
 maximum parton pseudorapidity          (Y_P_MAX):    5.0000000000000000     
 minimum jet-jet R-separation           (RJJ_MIN):   0.80000000000000004     
 minimum number of jets                (NJET_MIN):            2
 single jet from hadronic decay (SINGLE_DECAYJET):            0
 exponent of generalised kT algorithm (PGENKTJET):    1.0000000000000000     
 minimum lepton-lepton R-separation     (RLL_MIN):   0.40000000000000002     
 maximum lepton-lepton R-separation     (RLL_MAX):    50.000000000000000     
 minimum jet-lepton R-separation        (RJL_MIN):   0.59999999999999998     
 minimum jet-photon R-separation        (RJG_MIN):   0.59999999999999998     
 minimum lepton-photon R-separation     (RLG_MIN):   0.59999999999999998     
 minimum photon-photon R-separation     (RGG_MIN):   0.59999999999999998     
 maximum photon-photon R-separation     (RGG_MAX):    50.000000000000000     
 maximum lepton rapidity                (Y_L_MAX):    2.5000000000000000     
 minimum lepton pt       (PT_L_MIN):     10.00    10.00    10.00    10.00   
 minimum invariant dilepton mass        (MLL_MIN):    15.000000000000000     
 maximum invariant dilepton mass        (MLL_MAX):    1.0000000000000000E+020
 m_ll cuts only on opposite-sign l   (MLL_OSONLY):  T
 maximum photon rapidity                (Y_G_MAX):    1.5000000000000000     
 minimum photon pt       (PT_G_MIN):    
 photon isolation cut                 (PHISOLCUT):   0.69999999999999996     
 efficiency of photon isolation cut   (EFISOLCUT):    1.0000000000000000     
 minimum invariant lepton-photon mass   (MLG_MIN):    0.0000000000000000     
 maximum invariant lepton-photon mass   (MLG_MAX):    1.0000000000000000E+020
 minimal missing transverse momentum (PTMISS_MIN):    0.0000000000000000     
 minimum jet rapidity separation      (ETAJJ_MIN):    0.0000000000000000     
 tagging jets in opposite hemispheres     (YSIGN):    F
 leptons fall inside rapidity gap     (LRAPIDGAP):    F
 min leptons y-dist from tagging jets   (DELY_JL):    0.0000000000000000     
 photons fall inside rapidity gap     (GRAPIDGAP):    F
 min photons y-dist from tagging jets   (DELY_JG):    0.0000000000000000     
 dijet min mass cut on tag jets        (MDIJ_MIN):    600.00000000000000     
 dijet max mass cut on tag jets        (MDIJ_MAX):    1.0000000000000000E+020
 veto criteria for jets                   (JVETO):    F
 minimum veto-tag y-dist             (DELY_JVETO):    0.0000000000000000     
 maximum |y| for veto jet             (YMAX_VETO):    4.5000000000000000     
 minimum pT for veto jet             (PTMIN_VETO):    50.000000000000000     
 definition of tagging jets          (DEF_TAGJET):            1
 minimal pt for harder tagging jet  (PTMIN_TAG_1):    20.000000000000000     
 minimal pt for softer tagging jet  (PTMIN_TAG_2):    20.000000000000000     
 mass reconst. cut for V -> had   (RECONST_HAD_V):            0
 mass range for RECONST_HAD_V      (V_MASS_RANGE):    20.000000000000000     
 

 --------------------PHASE SPACE--------------------

 boson has mass    91.19 GeV and width     2.5084 GeV
 integration range for boson   2 =      0.032  to     5656.854 GeV
 boson has mass    91.19 GeV and width     2.5084 GeV
 integration range for boson   2 =      0.032  to     5656.854 GeV
 boson has mass    91.19 GeV and width     2.5084 GeV
 integration range for boson   2 =      0.032  to     5656.854 GeV

 machine energy =     8000.0  GeV

 ---------------------------------------------------

  Random number generator initialized with seed =            0
 
          information on histogram config
 -----------------------------------------------
 
 SMEARING           =      T
 SMEAR_VALUE        =       0.20000000000000001     
 CALC_ERROR_GNUPLOT =      F
 CALC_ERROR_ROOT    =      F
 CALC_ERROR_1D      =      T
 CALC_ERROR_2D      =      F
 
HIST_ID1      =      0.00    250.00  # dS/dpT_j (fb/GeV)
HIST_ID2      =      0.00    500.00  # dS/dpTmax_j (fb/GeV)
HIST_ID3      =      0.00    200.00  # dS/dpTmin_j (fb/GeV)
HIST_ID4      =     -5.00      5.00  # dS/dy_j (fb)
HIST_ID5      =     -5.00      5.00  # dS/dy_j1 (fb)
HIST_ID6      =     -5.00      5.00  # dS/dy_j2 (fb)
HIST_ID7      =      0.00    500.00  # dS/dpTmax_l (fb/GeV)
HIST_ID8      =      0.00    200.00  # dS/dpTmin_l (fb/GeV)
HIST_ID9      =      0.00      5.00  # dS/d|eta|max_l (fb)
HIST_ID10     =      0.00      5.00  # dS/d|eta|min_l (fb)
HIST_ID11     =   -180.00    180.00  # dS/dPhi_jj (fb)
2DHIST_ID1    =      0.00      6.00      0.00    800.00  # d2S/dy_jj dm_jj (fb/GeV)
 
 -----------------------------------------------
 
 
 
  
 PHASE SPACE           1
  

 MONACO input parameters:
 ndim = 16,  ncall =       2M,   rtype = 0
 nprn =  0,  acc = -1.0E+0,  alph = 8.75E-1,  nd = 48,  mds =  0

 MONACO:  continuing with uniform grid
  
 ZZZ amplitude square information:
 -----------------------------------------------
  
  precalculated tensors initialized to  (  0.0000000000000000     ,  0.0000000000000000     )
  External b-quark contributions are included

 iteration  1:
 integral =  1.031019E-02,  sigma = 6.071E-04
 efficacy = 1.264E-05,  raw efficacy = 1.264E-05
 f_positive = 8.697E-3,  f_zero = 9.912E-1,  f_negative = 1.354E-4
 accumulated statistics:
 integral =  1.031019E-02,  sigma = 6.071E-04,  chi^2/iteration = 5.684E-14

 MONACO:  grid written to file grid2_1.out.1

 MONACO input parameters:
 ndim = 16,  ncall =       4M,   rtype = 0
 nprn =  0,  acc = -1.0E+0,  alph = 8.75E-1,  nd = 48,  mds =  0

 iteration  2:
 integral =  1.039905E-02,  sigma = 1.616E-04
 efficacy = 6.701E-05,  raw efficacy = 5.184E-06
 f_positive = 4.369E-2,  f_zero = 9.556E-1,  f_negative = 7.222E-4
 accumulated statistics:
 integral =  1.039317E-02,  sigma = 1.562E-04,  chi^2/iteration = 2.001E+04

 MONACO:  grid written to file grid2_1.out.2

 MONACO input parameters:
 ndim = 16,  ncall =       8M,   rtype = 0
 nprn =  0,  acc = -1.0E+0,  alph = 8.75E-1,  nd = 48,  mds =  0

 iteration  3:
 integral =  1.069562E-02,  sigma = 9.917E-05
 efficacy = 2.898E-05,  raw efficacy = 1.979E-06
 f_positive = 6.689E-2,  f_zero = 9.323E-1,  f_negative = 8.489E-4
 accumulated statistics:
 integral =  1.060872E-02,  sigma = 8.372E-05,  chi^2/iteration = 2.692E+00

 MONACO:  grid written to file grid2_1.out.3

 MONACO input parameters:
 ndim = 16,  ncall =      16M,   rtype = 0
 nprn =  0,  acc = -1.0E+0,  alph = 8.75E-1,  nd = 48,  mds =  0

 iteration  4:
 integral =  1.058761E-02,  sigma = 6.382E-05
 efficacy = 2.177E-05,  raw efficacy = 1.330E-06
 f_positive = 7.189E-2,  f_zero = 9.272E-1,  f_negative = 8.808E-4
 accumulated statistics:
 integral =  1.059537E-02,  sigma = 5.075E-05,  chi^2/iteration = 1.366E+00

 MONACO:  grid written to file grid2_1.out.4

 MONACO input parameters:
 ndim = 16,  ncall =      32M,   rtype = 0
 nprn =  0,  acc = -1.0E+0,  alph = 8.75E-1,  nd = 48,  mds =  0

 iteration  5:
 integral =  1.050305E-02,  sigma = 4.009E-05
 efficacy = 2.991E-05,  raw efficacy = 5.652E-07
 f_positive = 6.783E-2,  f_zero = 9.314E-1,  f_negative = 8.127E-4
 accumulated statistics:
 integral =  1.053851E-02,  sigma = 3.146E-05,  chi^2/iteration = 1.590E+00

 MONACO:  grid written to file grid2_1.out.5

 MONACO input parameters:
 ndim = 16,  ncall =      64M,   rtype = 0
 nprn =  0,  acc = -1.0E+0,  alph = 8.75E-1,  nd = 48,  mds =  0
  random number setting in monaco saved 

 iteration  6:
 integral =  1.055954E-02,  sigma = 2.951E-05
 efficacy = 2.037E-05,  raw efficacy = 3.392E-07
 f_positive = 7.296E-2,  f_zero = 9.262E-1,  f_negative = 8.333E-4
 accumulated statistics:
 integral =  1.054970E-02,  sigma = 2.152E-05,  chi^2/iteration = 1.252E+00

 MONACO:  grid written to file grid2_1.out.6
 
  result (LO):    1.0549696713965310E-002  +-    2.1521354605486874E-005  fb    0.20399974699744378      %
 
  
 PHASE SPACE           2
  

 MONACO input parameters:
 ndim = 16,  ncall =       2M,   rtype = 0
 nprn =  0,  acc = -1.0E+0,  alph = 8.75E-1,  nd = 48,  mds =  0

 MONACO:  continuing with uniform grid

 iteration  1:
 integral =  4.537134E-03,  sigma = 2.830E-04
 efficacy = 1.929E-05,  raw efficacy = 1.929E-05
 f_positive = 8.093E-3,  f_zero = 9.919E-1,  f_negative = 0.000E+0
 accumulated statistics:
 integral =  4.537134E-03,  sigma = 2.830E-04,  chi^2/iteration = 0.000E+00

 MONACO:  grid written to file grid2_2.out.1

 MONACO input parameters:
 ndim = 16,  ncall =       4M,   rtype = 0
 nprn =  0,  acc = -1.0E+0,  alph = 8.75E-1,  nd = 48,  mds =  0

 iteration  2:
 integral =  4.570016E-03,  sigma = 8.825E-05
 efficacy = 2.723E-05,  raw efficacy = 5.857E-06
 f_positive = 2.174E-2,  f_zero = 9.783E-1,  f_negative = 0.000E+0
 accumulated statistics:
 integral =  4.567102E-03,  sigma = 8.425E-05,  chi^2/iteration = 1.230E+04

 MONACO:  grid written to file grid2_2.out.2

 MONACO input parameters:
 ndim = 16,  ncall =       8M,   rtype = 0
 nprn =  0,  acc = -1.0E+0,  alph = 8.75E-1,  nd = 48,  mds =  0

 iteration  3:
 integral =  4.681059E-03,  sigma = 4.723E-05
 efficacy = 5.504E-05,  raw efficacy = 1.159E-06
 f_positive = 3.344E-2,  f_zero = 9.666E-1,  f_negative = 0.000E+0
 accumulated statistics:
 integral =  4.653812E-03,  sigma = 4.120E-05,  chi^2/iteration = 1.404E+00

 MONACO:  grid written to file grid2_2.out.3

 MONACO input parameters:
 ndim = 16,  ncall =      16M,   rtype = 0
 nprn =  0,  acc = -1.0E+0,  alph = 8.75E-1,  nd = 48,  mds =  0

 iteration  4:
 integral =  4.711330E-03,  sigma = 2.952E-05
 efficacy = 4.334E-05,  raw efficacy = 2.077E-06
 f_positive = 3.880E-2,  f_zero = 9.612E-1,  f_negative = 0.000E+0
 accumulated statistics:
 integral =  4.691816E-03,  sigma = 2.400E-05,  chi^2/iteration = 1.346E+00

 MONACO:  grid written to file grid2_2.out.4

 MONACO input parameters:
 ndim = 16,  ncall =      32M,   rtype = 0
 nprn =  0,  acc = -1.0E+0,  alph = 8.75E-1,  nd = 48,  mds =  0

 iteration  5:
 integral =  4.741136E-03,  sigma = 2.070E-05
 efficacy = 1.859E-05,  raw efficacy = 9.756E-07
 f_positive = 4.117E-2,  f_zero = 9.588E-1,  f_negative = 0.000E+0
 accumulated statistics:
 integral =  4.720091E-03,  sigma = 1.568E-05,  chi^2/iteration = 1.705E+00

 MONACO:  grid written to file grid2_2.out.5

 MONACO input parameters:
 ndim = 16,  ncall =      64M,   rtype = 0
 nprn =  0,  acc = -1.0E+0,  alph = 8.75E-1,  nd = 48,  mds =  0
  random number setting in monaco saved 

 iteration  6:
 integral =  4.724492E-03,  sigma = 1.434E-05
 efficacy = 1.236E-05,  raw efficacy = 1.901E-06
 f_positive = 4.443E-2,  f_zero = 9.556E-1,  f_negative = 0.000E+0
 accumulated statistics:
 integral =  4.722487E-03,  sigma = 1.058E-05,  chi^2/iteration = 1.289E+00

 MONACO:  grid written to file grid2_2.out.6
 
  result (LO):    4.7224874144554899E-003  +-    1.0579082640831827E-005  fb    0.22401505207720307      %
 
 
  Total (multi-channel) result (LO):    1.5272184128420799E-002  +-    2.3980944384587117E-005  fb    0.15702367246843058      %
  
   
 Initialising FF ..
   
 ====================================================
   FF 2.0, a package to evaluate one-loop integrals
 written by G. J. van Oldenborgh, NIKHEF-H, Amsterdam
 ====================================================
 for the algorithms used see preprint NIKHEF-H 89/17,
 'New Algorithms for One-loop Integrals', by G.J. van
 Oldenborgh and J.A.M. Vermaseren, published in 
 Zeitschrift fuer Physik C46(1990)425.
 ====================================================
 ====================================================
   FF 2.0, a package to evaluate one-loop integrals
 written by G. J. van Oldenborgh, NIKHEF-H, Amsterdam
 ====================================================
 for the algorithms used see preprint NIKHEF-H 89/17,
 'New Algorithms for One-loop Integrals', by G.J. van
 Oldenborgh and J.A.M. Vermaseren, published in 
 Zeitschrift fuer Physik C46(1990)425.
 ====================================================
 Initializing PDF set CT10
  
 PHASE SPACE            1
  

 MONACO input parameters:
 ndim = 16,  ncall =      64M,   rtype = 0
 nprn =  0,  acc = -1.0E+0,  alph = 8.75E-1,  nd = 48,  mds =  0

 MONACO:  grid read from file grid2_1.out.6                                                                                                                                                                                                                                             

 iteration  1:
 integral =  1.305616E-02,  sigma = 7.543E-05
 efficacy = 4.580E-06,  raw efficacy = 3.730E-07
 f_positive = 6.819E-2,  f_zero = 9.311E-1,  f_negative = 6.653E-4
 accumulated statistics:
 integral =  1.305616E-02,  sigma = 7.543E-05,  chi^2/iteration = 3.638E-12

 MONACO:  grid written to file grid2_1.vout.1
  
  result for virtual contribution, no.            1
  sigma =    1.3056162087899902E-002  +-    7.5433097859317581E-005  fb  
  
 total result for virtual contns so far 
  sigma =    1.3056162087899902E-002  +-    7.5433097859317581E-005  fb
  

 MONACO input parameters:
 ndim = 16,  ncall =      16M,   rtype = 0
 nprn =  0,  acc = -1.0E+0,  alph = 8.75E-1,  nd = 48,  mds =  0

 MONACO:  grid read from file grid2_1.out.6                                                                                                                                                                                                                                             

 iteration  1:
 integral =  2.277667E-05,  sigma = 2.030E-06
 efficacy = 8.174E-07,  raw efficacy = 5.574E-08
 f_positive = 4.106E-2,  f_zero = 9.312E-1,  f_negative = 2.778E-2
 accumulated statistics:
 integral =  2.277667E-05,  sigma = 2.030E-06,  chi^2/iteration = 1.421E-14

 MONACO:  grid written to file grid2_1.vout.2
  
  result for virtual contribution, no.            2
  sigma =    2.2776667310068026E-005  +-    2.0301768764432384E-006  fb  
  
 total result for virtual contns so far 
  sigma =    1.3078938755209971E-002  +-    7.5460412606896253E-005  fb
  

 MONACO input parameters:
 ndim = 16,  ncall =       4M,   rtype = 0
 nprn =  0,  acc = -1.0E+0,  alph = 8.75E-1,  nd = 48,  mds =  0

 MONACO:  grid read from file grid2_1.out.6                                                                                                                                                                                                                                             

 iteration  1:
 integral =  1.459614E-03,  sigma = 1.981E-05
 efficacy = 5.287E-05,  raw efficacy = 1.410E-07
 f_positive = 6.125E-2,  f_zero = 9.313E-1,  f_negative = 7.416E-3
 accumulated statistics:
 integral =  1.459614E-03,  sigma = 1.981E-05,  chi^2/iteration = 0.000E+00

 MONACO:  grid written to file grid2_1.vout.3
  
  result for virtual contribution, no.            3
  sigma =    1.4596135445200753E-003  +-    1.9805421318375571E-005  fb  
  
 total result for virtual contns so far 
  sigma =    1.4538552299730046E-002  +-    7.8016207190566454E-005  fb
  
  
 PHASE SPACE            2
  

 MONACO input parameters:
 ndim = 16,  ncall =      64M,   rtype = 0
 nprn =  0,  acc = -1.0E+0,  alph = 8.75E-1,  nd = 48,  mds =  0

 MONACO:  grid read from file grid2_2.out.6                                                                                                                                                                                                                                             

 iteration  1:
 integral =  5.335635E-03,  sigma = 1.581E-05
 efficacy = 1.394E-05,  raw efficacy = 1.949E-06
 f_positive = 4.656E-2,  f_zero = 9.534E-1,  f_negative = 0.000E+0
 accumulated statistics:
 integral =  5.335635E-03,  sigma = 1.581E-05,  chi^2/iteration = 0.000E+00

 MONACO:  grid written to file grid2_2.vout.1
  
  result for virtual contribution, no.            1
  sigma =    5.3356351958014688E-003  +-    1.5811461284483458E-005  fb  
  
 total result for virtual contns so far 
  sigma =    5.3356351958014688E-003  +-    1.5811461284483458E-005  fb
  

 MONACO input parameters:
 ndim = 16,  ncall =      16M,   rtype = 0
 nprn =  0,  acc = -1.0E+0,  alph = 8.75E-1,  nd = 48,  mds =  0

 MONACO:  grid read from file grid2_2.out.6                                                                                                                                                                                                                                             

 iteration  1:
 integral =  0.000000E+00,  sigma = 0.000E+00
 efficacy = 0.000E+00,  raw efficacy = 0.000E+00
 f_positive = 0.000E+0,  f_zero = 1.000E+0,  f_negative = 0.000E+0
 accumulated statistics:
 integral =  0.000000E+00,  sigma = 0.000E+00,  chi^2/iteration = 0.000E+00

 MONACO:  grid written to file grid2_2.vout.2
  
  result for virtual contribution, no.            2
  sigma =    0.0000000000000000       +-    0.0000000000000000       fb  
  
 total result for virtual contns so far 
  sigma =    5.3356351958014688E-003  +-    1.5811461284483458E-005  fb
  

 MONACO input parameters:
 ndim = 16,  ncall =       4M,   rtype = 0
 nprn =  0,  acc = -1.0E+0,  alph = 8.75E-1,  nd = 48,  mds =  0

 MONACO:  grid read from file grid2_2.out.6                                                                                                                                                                                                                                             

 iteration  1:
 integral =  0.000000E+00,  sigma = 0.000E+00
 efficacy = 0.000E+00,  raw efficacy = 0.000E+00
 f_positive = 0.000E+0,  f_zero = 1.000E+0,  f_negative = 0.000E+0
 accumulated statistics:
 integral =  0.000000E+00,  sigma = 0.000E+00,  chi^2/iteration = 0.000E+00

 MONACO:  grid written to file grid2_2.vout.3
  
  result for virtual contribution, no.            3
  sigma =    0.0000000000000000       +-    0.0000000000000000       fb  
  
 total result for virtual contns so far 
  sigma =    5.3356351958014688E-003  +-    1.5811461284483458E-005  fb
  
 
  Total (multi-channel) result (NLO virtual):    1.9874187495531513E-002  +-    7.9602329691737738E-005  fb    0.40053124038220650      %
 
   
 Summary for FF ..
   
 
total number of errors and warnings
===================================
vbffferr: no errors
the warning system has been disabled
 
 vbfquadffopen: error: could not open /itp/scratch/rauch/vbfquadnlotest/binaryrelease30/share/VBFNLO/ff/fferr.dat                                                     
         adjust path in vbfquadffopen (vbfquadffinit.f)
vbfquadfferr:  warning cannot open fferr.dat with error texts
 
total number of errors and warnings
===================================
vbfquadfferr: no errors
the warning system has been disabled
 
  
 PHASE SPACE            1
  

 MONACO input parameters:
 ndim = 19,  ncall =       2M,   rtype = 0
 nprn =  0,  acc = -1.0E+0,  alph = 8.75E-1,  nd = 48,  mds =  0

 MONACO:  continuing with uniform grid
  External b-quark contributions are included
  
  creal =   -6.5797362673929038       cvirtual =    5.1594725347858095     
  

 iteration  1:
 integral =  2.535827E-03,  sigma = 2.829E-04
 efficacy = 9.645E-06,  raw efficacy = 9.645E-06
 f_positive = 4.042E-2,  f_zero = 9.374E-1,  f_negative = 2.218E-2
 accumulated statistics:
 integral =  2.535827E-03,  sigma = 2.829E-04,  chi^2/iteration = 1.421E-14

 MONACO:  grid written to file grid3_1.out.1

 MONACO input parameters:
 ndim = 19,  ncall =       4M,   rtype = 0
 nprn =  0,  acc = -1.0E+0,  alph = 8.75E-1,  nd = 48,  mds =  0

 iteration  2:
 integral =  2.390533E-03,  sigma = 1.631E-04
 efficacy = 5.668E-06,  raw efficacy = 9.125E-07
 f_positive = 6.880E-2,  f_zero = 9.065E-1,  f_negative = 2.473E-2
 accumulated statistics:
 integral =  2.426758E-03,  sigma = 1.413E-04,  chi^2/iteration = 1.980E+05

 MONACO:  grid written to file grid3_1.out.2

 MONACO input parameters:
 ndim = 19,  ncall =       8M,   rtype = 0
 nprn =  0,  acc = -1.0E+0,  alph = 8.75E-1,  nd = 48,  mds =  0

 iteration  3:
 integral =  2.253828E-03,  sigma = 1.690E-04
 efficacy = 2.738E-06,  raw efficacy = 1.781E-07
 f_positive = 8.375E-2,  f_zero = 8.872E-1,  f_negative = 2.905E-2
 accumulated statistics:
 integral =  2.355607E-03,  sigma = 1.084E-04,  chi^2/iteration = 8.144E-01

 MONACO:  grid written to file grid3_1.out.3

 MONACO input parameters:
 ndim = 19,  ncall =      16M,   rtype = 0
 nprn =  0,  acc = -1.0E+0,  alph = 8.75E-1,  nd = 48,  mds =  0

 iteration  4:
 integral =  2.786218E-03,  sigma = 1.275E-04
 efficacy = 2.810E-06,  raw efficacy = 9.314E-08
 f_positive = 8.252E-2,  f_zero = 8.921E-1,  f_negative = 2.534E-2
 accumulated statistics:
 integral =  2.536311E-03,  sigma = 8.257E-05,  chi^2/iteration = 3.719E+00

 MONACO:  grid written to file grid3_1.out.4

 MONACO input parameters:
 ndim = 19,  ncall =      32M,   rtype = 0
 nprn =  0,  acc = -1.0E+0,  alph = 8.75E-1,  nd = 48,  mds =  0

 iteration  5:
 integral =  2.625955E-03,  sigma = 7.256E-05
 efficacy = 1.984E-06,  raw efficacy = 7.074E-08
 f_positive = 7.004E-2,  f_zero = 9.120E-1,  f_negative = 1.798E-2
 accumulated statistics:
 integral =  2.586894E-03,  sigma = 5.450E-05,  chi^2/iteration = 2.701E+00

 MONACO:  grid written to file grid3_1.out.5

 MONACO input parameters:
 ndim = 19,  ncall =      64M,   rtype = 0
 nprn =  0,  acc = -1.0E+0,  alph = 8.75E-1,  nd = 48,  mds =  0

 iteration  6:
 integral =  2.757815E-03,  sigma = 1.822E-04
 efficacy = 2.560E-07,  raw efficacy = 3.351E-08
 f_positive = 6.755E-2,  f_zero = 9.155E-1,  f_negative = 1.697E-2
 accumulated statistics:
 integral =  2.600939E-03,  sigma = 5.222E-05,  chi^2/iteration = 2.228E+00

 MONACO:  grid written to file grid3_1.out.6
 
  result for real emissions 
  sigma =    2.6009389180555250E-003  +-    5.2215444307786005E-005  fb
  
  
 PHASE SPACE            2
  

 MONACO input parameters:
 ndim = 19,  ncall =       2M,   rtype = 0
 nprn =  0,  acc = -1.0E+0,  alph = 8.75E-1,  nd = 48,  mds =  0

 MONACO:  continuing with uniform grid

 iteration  1:
 integral =  1.552479E-03,  sigma = 2.351E-04
 efficacy = 8.617E-06,  raw efficacy = 8.617E-06
 f_positive = 1.876E-2,  f_zero = 9.708E-1,  f_negative = 1.043E-2
 accumulated statistics:
 integral =  1.552479E-03,  sigma = 2.351E-04,  chi^2/iteration = 0.000E+00

 MONACO:  grid written to file grid3_2.out.1

 MONACO input parameters:
 ndim = 19,  ncall =       4M,   rtype = 0
 nprn =  0,  acc = -1.0E+0,  alph = 8.75E-1,  nd = 48,  mds =  0

 iteration  2:
 integral =  2.105645E-03,  sigma = 2.121E-04
 efficacy = 2.931E-06,  raw efficacy = 8.053E-07
 f_positive = 3.395E-2,  f_zero = 9.558E-1,  f_negative = 1.025E-2
 accumulated statistics:
 integral =  1.857408E-03,  sigma = 1.575E-04,  chi^2/iteration = 3.052E+06

 MONACO:  grid written to file grid3_2.out.2

 MONACO input parameters:
 ndim = 19,  ncall =       8M,   rtype = 0
 nprn =  0,  acc = -1.0E+0,  alph = 8.75E-1,  nd = 48,  mds =  0

 iteration  3:
 integral =  2.273755E-03,  sigma = 1.230E-04
 efficacy = 3.078E-06,  raw efficacy = 5.340E-07
 f_positive = 4.113E-2,  f_zero = 9.482E-1,  f_negative = 1.067E-2
 accumulated statistics:
 integral =  2.116032E-03,  sigma = 9.694E-05,  chi^2/iteration = 7.393E+00

 MONACO:  grid written to file grid3_2.out.3

 MONACO input parameters:
 ndim = 19,  ncall =      16M,   rtype = 0
 nprn =  0,  acc = -1.0E+0,  alph = 8.75E-1,  nd = 48,  mds =  0

 iteration  4:
 integral =  2.147498E-03,  sigma = 6.703E-05
 efficacy = 4.801E-06,  raw efficacy = 1.584E-07
 f_positive = 4.481E-2,  f_zero = 9.434E-1,  f_negative = 1.174E-2
 accumulated statistics:
 integral =  2.137319E-03,  sigma = 5.513E-05,  chi^2/iteration = 3.732E+00

 MONACO:  grid written to file grid3_2.out.4

 MONACO input parameters:
 ndim = 19,  ncall =      32M,   rtype = 0
 nprn =  0,  acc = -1.0E+0,  alph = 8.75E-1,  nd = 48,  mds =  0

 iteration  5:
 integral =  2.285634E-03,  sigma = 3.877E-05
 efficacy = 5.400E-06,  raw efficacy = 9.659E-08
 f_positive = 5.163E-2,  f_zero = 9.340E-1,  f_negative = 1.441E-2
 accumulated statistics:
 integral =  2.236553E-03,  sigma = 3.172E-05,  chi^2/iteration = 4.102E+00

 MONACO:  grid written to file grid3_2.out.5

 MONACO input parameters:
 ndim = 19,  ncall =      64M,   rtype = 0
 nprn =  0,  acc = -1.0E+0,  alph = 8.75E-1,  nd = 48,  mds =  0

 iteration  6:
 integral =  2.284682E-03,  sigma = 3.504E-05
 efficacy = 2.308E-06,  raw efficacy = 2.604E-08
 f_positive = 5.120E-2,  f_zero = 9.328E-1,  f_negative = 1.596E-2
 accumulated statistics:
 integral =  2.258227E-03,  sigma = 2.351E-05,  chi^2/iteration = 3.336E+00

 MONACO:  grid written to file grid3_2.out.6
 
  result for real emissions 
  sigma =    2.2582271576427550E-003  +-    2.3514106180070906E-005  fb
  
 
  Total (multi-channel) result (NLO real):    4.8591660756982799E-003  +-    5.7265747298949577E-005  fb     1.1785097773329403      %
 
 
total number of errors and warnings
===================================
fferr: no errors
 
  
  final result at NLO 
  sigma =    2.4733353571229792E-002  +-    9.8060678694669780E-005  fb  0.39647142233366783      %
 
 
 LO for different PHASESPACE:
   1.0549696713965310E-002  +-    2.1521354605486874E-005  fb  0.20399974699744378     
   4.7224874144554899E-003  +-    1.0579082640831827E-005  fb  0.22401505207720307     
  
  
 VIRTUAL CONTRIBUTIONS for different PHASESPACE:
  borntype for different PHASESPACE:
   1.3056162087899902E-002  +-    7.5433097859317581E-005  fb  0.57775858902078836     
   5.3356351958014688E-003  +-    1.5811461284483458E-005  fb  0.29633700026803295     
  boxes for different PHASESPACE:
   2.2776667310068026E-005  +-    2.0301768764432384E-006  fb   8.9134062012041344     
   0.0000000000000000       +-    0.0000000000000000       fb                       NaN
 pentagons for different PHASESPACE:
   1.4596135445200753E-003  +-    1.9805421318375571E-005  fb   1.3568948707507125     
   0.0000000000000000       +-    0.0000000000000000       fb                       NaN
   
 TOTAL VIRTUAL CONTRIBUTIONS:
 TOTAL borntype:
   1.8391797283701369E-002   7.7072398176027330E-005  0.41905854543279542       %
 TOTAL boxes:
   2.2776667310068026E-005   2.0301768764432384E-006   8.9134062012041344       %
 TOTAL pentagons:
   1.4596135445200753E-003   1.9805421318375571E-005   1.3568948707507125       %
  
  
  REAL EMISSION for different PHASESPACE:
   2.6009389180555250E-003   5.2215444307786005E-005   2.0075613443018696       %
   2.2582271576427550E-003   2.3514106180070906E-005   1.0412639888989756       %
  
  
  
 !!!!!!!!!!!!!!!!!!!!!!!!!!!!!!!!!!!!!!!!!!!!!!!!!!!!!!!!!!!!!!!!!!!!!!!!!!!!!!!!!!!!!!!!!!!!!!!!!!!!!!!!
     VBFNLO 3.0.0 beta0 svn 7628
   
  PROCESS:          451   :   p p -->  ZZZ -->  q q~ e/mu- e/mu+ e/mu- e/mu+
    with leading order hadronic decay of one vector boson
   
  TOTAL result (LO):          1.5272184128420799E-002  +-    2.3980944384587117E-005  fb    0.15702367246843058      %
  NLO virtual result:         1.9874187495531513E-002  +-    7.9602329691737738E-005  fb    0.40053124038220650      %
  QCD real emission:          4.8591660756982799E-003  +-    5.7265747298949577E-005  fb     1.1785097773329403      %
  TOTAL result (NLO):         2.4733353571229792E-002  +-    9.8060678694669780E-005  fb    0.39647142233366783      %
  K-Factor:                   1.6195033639754390     
 !!!!!!!!!!!!!!!!!!!!!!!!!!!!!!!!!!!!!!!!!!!!!!!!!!!!!!!!!!!!!!!!!!!!!!!!!!!!!!!!!!!!!!!!!!!!!!!!!!!!!!!!
  
  
