event>     initevent>         0/4000000; xs = 9690.4 pb +- 9690.4 pb
event>         1/4000000; xs = 24.801 pb +- 9690.4 pb
event>         2/4000000; xs = 16.4345 pb +- 8.36651 pb
event>         5/4000000; xs = 6.55461 pb +- 4.82389 pb
event>        10/4000000; xs = 6.33061 pb +- 2.41358 pb
event>        20/4000000; xs = 3.08966 pb +- 1.62987 pb
event>        50/4000000; xs = -5.77132 pb +- 8.21315 pb
event>       100/4000000; xs = -0.88189 pb +- 4.30404 pb
event>       200/4000000; xs = 0.89117 pb +- 2.17653 pb
event>       500/4000000; xs = 2.42037 pb +- 0.979088 pb
event>      1000/4000000; xs = 3.16792 pb +- 0.570576 pb
event>      2000/4000000; xs = 3.09492 pb +- 0.366659 pb
event>      5000/4000000; xs = 2.85309 pb +- 0.216892 pb
event>     10000/4000000; xs = 2.92933 pb +- 0.145432 pb
event>     20000/4000000; xs = 2.85233 pb +- 0.113663 pb
event>     30000/4000000; xs = 2.84447 pb +- 0.0936842 pb
event>     40000/4000000; xs = 2.89626 pb +- 0.0769513 pb
event>     50000/4000000; xs = 2.87335 pb +- 0.0727147 pb
event>     60000/4000000; xs = 2.85681 pb +- 0.0644107 pb
event>     70000/4000000; xs = 2.89728 pb +- 0.0637698 pb
event>     80000/4000000; xs = 2.88871 pb +- 0.0582661 pb
event>     90000/4000000; xs = 2.88953 pb +- 0.0537273 pb
event>    100000/4000000; xs = 2.89398 pb +- 0.0500729 pb
event>    110000/4000000; xs = 2.89578 pb +- 0.0476115 pb
event>    120000/4000000; xs = 2.8996 pb +- 0.0448717 pb
event>    130000/4000000; xs = 2.90494 pb +- 0.042458 pb
event>    140000/4000000; xs = 2.91669 pb +- 0.0407218 pb
event>    150000/4000000; xs = 2.91872 pb +- 0.0389113 pb
event>    160000/4000000; xs = 2.91533 pb +- 0.0374548 pb
event>    170000/4000000; xs = 2.91876 pb +- 0.0360564 pb
event>    180000/4000000; xs = 2.92686 pb +- 0.0347786 pb
event>    190000/4000000; xs = 2.92591 pb +- 0.0334919 pb
event>    200000/4000000; xs = 2.93054 pb +- 0.0325933 pb
event>    210000/4000000; xs = 2.92895 pb +- 0.0317667 pb
event>    220000/4000000; xs = 2.92732 pb +- 0.0309672 pb
event>    230000/4000000; xs = 2.91695 pb +- 0.0303076 pb
event>    240000/4000000; xs = 2.91263 pb +- 0.0294695 pb
event>    250000/4000000; xs = 2.91919 pb +- 0.029104 pb
event>    260000/4000000; xs = 2.92423 pb +- 0.0285223 pb
event>    270000/4000000; xs = 2.9292 pb +- 0.0279654 pb
event>    280000/4000000; xs = 2.93456 pb +- 0.0274033 pb
event>    290000/4000000; xs = 2.9317 pb +- 0.02689 pb
event>    300000/4000000; xs = 2.93082 pb +- 0.0263764 pb
event>    310000/4000000; xs = 2.92469 pb +- 0.0259407 pb
event>    320000/4000000; xs = 2.9316 pb +- 0.0254294 pb
event>    330000/4000000; xs = 2.93029 pb +- 0.0249535 pb
event>    340000/4000000; xs = 2.92999 pb +- 0.024584 pb
event>    350000/4000000; xs = 2.92457 pb +- 0.0241792 pb
event>    360000/4000000; xs = 2.93108 pb +- 0.0238019 pb
event>    370000/4000000; xs = 2.93106 pb +- 0.0234893 pb
event>    380000/4000000; xs = 2.93175 pb +- 0.0231298 pb
event>    390000/4000000; xs = 2.93266 pb +- 0.0227701 pb
event>    400000/4000000; xs = 2.93003 pb +- 0.022471 pb
event>    410000/4000000; xs = 2.92366 pb +- 0.0222075 pb
event>    420000/4000000; xs = 2.92183 pb +- 0.0219702 pb
event>    430000/4000000; xs = 2.91661 pb +- 0.0216784 pb
event>    440000/4000000; xs = 2.92403 pb +- 0.0214265 pb
event>    450000/4000000; xs = 2.92055 pb +- 0.0211901 pb
event>    460000/4000000; xs = 2.91889 pb +- 0.0209334 pb
event>    470000/4000000; xs = 2.9154 pb +- 0.0207388 pb
event>    480000/4000000; xs = 2.91715 pb +- 0.0205312 pb
event>    490000/4000000; xs = 2.911 pb +- 0.0205323 pb
event>    500000/4000000; xs = 2.90908 pb +- 0.0202702 pb
event>    510000/4000000; xs = 2.90787 pb +- 0.0200475 pb
event>    520000/4000000; xs = 2.90963 pb +- 0.0198396 pb
event>    530000/4000000; xs = 2.90573 pb +- 0.0196033 pb
event>    540000/4000000; xs = 2.90617 pb +- 0.0194053 pb
event>    550000/4000000; xs = 2.90515 pb +- 0.0191827 pb
event>    560000/4000000; xs = 2.90664 pb +- 0.019022 pb
event>    570000/4000000; xs = 2.90707 pb +- 0.0188499 pb
event>    580000/4000000; xs = 2.90878 pb +- 0.0186956 pb
event>    590000/4000000; xs = 2.90864 pb +- 0.0189746 pb
event>    600000/4000000; xs = 2.90707 pb +- 0.018823 pb
event>    610000/4000000; xs = 2.9047 pb +- 0.0186702 pb
event>    620000/4000000; xs = 2.90696 pb +- 0.0184942 pb
event>    630000/4000000; xs = 2.90827 pb +- 0.0183472 pb
event>    640000/4000000; xs = 2.91331 pb +- 0.0182875 pb
event>    650000/4000000; xs = 2.91513 pb +- 0.0181196 pb
event>    660000/4000000; xs = 2.91464 pb +- 0.0179498 pb
event>    670000/4000000; xs = 2.912 pb +- 0.0184233 pb
event>    680000/4000000; xs = 2.90905 pb +- 0.0183121 pb
event>    690000/4000000; xs = 2.90647 pb +- 0.0181643 pb
event>    700000/4000000; xs = 2.90648 pb +- 0.0180578 pb
event>    710000/4000000; xs = 2.90594 pb +- 0.0179435 pb
event>    720000/4000000; xs = 2.90488 pb +- 0.0177769 pb
event>    730000/4000000; xs = 2.90764 pb +- 0.0176432 pb
event>    740000/4000000; xs = 2.9066 pb +- 0.0175662 pb
event>    750000/4000000; xs = 2.90976 pb +- 0.0174194 pb
event>    760000/4000000; xs = 2.91215 pb +- 0.0172631 pb
event>    770000/4000000; xs = 2.91171 pb +- 0.017178 pb
event>    780000/4000000; xs = 2.9092 pb +- 0.0171723 pb
event>    790000/4000000; xs = 2.90872 pb +- 0.0170426 pb
event>    800000/4000000; xs = 2.90891 pb +- 0.0169324 pb
event>    810000/4000000; xs = 2.90723 pb +- 0.0168212 pb
event>    820000/4000000; xs = 2.90864 pb +- 0.016698 pb
event>    830000/4000000; xs = 2.90491 pb +- 0.0165952 pb
event>    840000/4000000; xs = 2.90421 pb +- 0.0165214 pb
event>    850000/4000000; xs = 2.9051 pb +- 0.016395 pb
event>    860000/4000000; xs = 2.90565 pb +- 0.0162767 pb
event>    870000/4000000; xs = 2.90672 pb +- 0.016168 pb
event>    880000/4000000; xs = 2.90908 pb +- 0.016119 pb
event>    890000/4000000; xs = 2.90857 pb +- 0.0160498 pb
event>    900000/4000000; xs = 2.90788 pb +- 0.0159317 pb
event>    910000/4000000; xs = 2.90945 pb +- 0.0158139 pb
event>    920000/4000000; xs = 2.91106 pb +- 0.0157016 pb
event>    930000/4000000; xs = 2.91159 pb +- 0.0156102 pb
event>    940000/4000000; xs = 2.911 pb +- 0.0154895 pb
event>    950000/4000000; xs = 2.90875 pb +- 0.0153918 pb
event>    960000/4000000; xs = 2.90782 pb +- 0.0153128 pb
event>    970000/4000000; xs = 2.90842 pb +- 0.0152193 pb
event>    980000/4000000; xs = 2.90757 pb +- 0.0151422 pb
event>    990000/4000000; xs = 2.90657 pb +- 0.0150678 pb
event>   1000000/4000000; xs = 2.90855 pb +- 0.0149814 pb
event>   1010000/4000000; xs = 2.90728 pb +- 0.0149283 pb
event>   1020000/4000000; xs = 2.90575 pb +- 0.0148601 pb
event>   1030000/4000000; xs = 2.90556 pb +- 0.0147678 pb
event>   1040000/4000000; xs = 2.9058 pb +- 0.0146869 pb
event>   1050000/4000000; xs = 2.90783 pb +- 0.0145998 pb
event>   1060000/4000000; xs = 2.90867 pb +- 0.0145197 pb
event>   1070000/4000000; xs = 2.90895 pb +- 0.0144328 pb
event>   1080000/4000000; xs = 2.90674 pb +- 0.0144687 pb
event>   1090000/4000000; xs = 2.90467 pb +- 0.0144625 pb
event>   1100000/4000000; xs = 2.90204 pb +- 0.0143899 pb
event>   1110000/4000000; xs = 2.90206 pb +- 0.0142995 pb
event>   1120000/4000000; xs = 2.90242 pb +- 0.0142264 pb
event>   1130000/4000000; xs = 2.90316 pb +- 0.0141411 pb
event>   1140000/4000000; xs = 2.90216 pb +- 0.0140712 pb
event>   1150000/4000000; xs = 2.90144 pb +- 0.0140007 pb
event>   1160000/4000000; xs = 2.89984 pb +- 0.0139448 pb
event>   1170000/4000000; xs = 2.90048 pb +- 0.0138726 pb
event>   1180000/4000000; xs = 2.90155 pb +- 0.0138197 pb
event>   1190000/4000000; xs = 2.9001 pb +- 0.0137504 pb
event>   1200000/4000000; xs = 2.90021 pb +- 0.0136862 pb
event>   1210000/4000000; xs = 2.90052 pb +- 0.0136153 pb
event>   1220000/4000000; xs = 2.89995 pb +- 0.013547 pb
event>   1230000/4000000; xs = 2.90092 pb +- 0.0134854 pb
event>   1240000/4000000; xs = 2.90106 pb +- 0.0134181 pb
event>   1250000/4000000; xs = 2.89983 pb +- 0.0133503 pb
event>   1260000/4000000; xs = 2.89833 pb +- 0.0132726 pb
event>   1270000/4000000; xs = 2.89753 pb +- 0.0132237 pb
event>   1280000/4000000; xs = 2.89792 pb +- 0.0131794 pb
event>   1290000/4000000; xs = 2.89889 pb +- 0.0131173 pb
event>   1300000/4000000; xs = 2.8986 pb +- 0.0130804 pb
event>   1310000/4000000; xs = 2.89799 pb +- 0.013065 pb
event>   1320000/4000000; xs = 2.89897 pb +- 0.0130457 pb
event>   1330000/4000000; xs = 2.90017 pb +- 0.0129915 pb
event>   1340000/4000000; xs = 2.90029 pb +- 0.0129333 pb
event>   1350000/4000000; xs = 2.90123 pb +- 0.0128986 pb
event>   1360000/4000000; xs = 2.90198 pb +- 0.0128493 pb
event>   1370000/4000000; xs = 2.90184 pb +- 0.0127933 pb
event>   1380000/4000000; xs = 2.90297 pb +- 0.0127518 pb
event>   1390000/4000000; xs = 2.9022 pb +- 0.0126983 pb
event>   1400000/4000000; xs = 2.90063 pb +- 0.0126568 pb
event>   1410000/4000000; xs = 2.90278 pb +- 0.0125986 pb
event>   1420000/4000000; xs = 2.90305 pb +- 0.0125398 pb
event>   1430000/4000000; xs = 2.90401 pb +- 0.0124912 pb
event>   1440000/4000000; xs = 2.90462 pb +- 0.012451 pb
event>   1450000/4000000; xs = 2.90551 pb +- 0.0124091 pb
event>   1460000/4000000; xs = 2.90415 pb +- 0.0123513 pb
event>   1470000/4000000; xs = 2.90481 pb +- 0.0123117 pb
event>   1480000/4000000; xs = 2.90693 pb +- 0.0122704 pb
event>   1490000/4000000; xs = 2.90703 pb +- 0.0122204 pb
event>   1500000/4000000; xs = 2.90537 pb +- 0.0121893 pb
event>   1510000/4000000; xs = 2.90629 pb +- 0.0121373 pb
event>   1520000/4000000; xs = 2.90565 pb +- 0.0121017 pb
event>   1530000/4000000; xs = 2.90534 pb +- 0.0120723 pb
event>   1540000/4000000; xs = 2.90297 pb +- 0.0120249 pb
event>   1550000/4000000; xs = 2.90369 pb +- 0.011989 pb
event>   1560000/4000000; xs = 2.90416 pb +- 0.0119524 pb
event>   1570000/4000000; xs = 2.90529 pb +- 0.0119073 pb
event>   1580000/4000000; xs = 2.90484 pb +- 0.0118562 pb
event>   1590000/4000000; xs = 2.90448 pb +- 0.0118318 pb
event>   1600000/4000000; xs = 2.90342 pb +- 0.0117857 pb
event>   1610000/4000000; xs = 2.90274 pb +- 0.0117682 pb
event>   1620000/4000000; xs = 2.90381 pb +- 0.0117296 pb
event>   1630000/4000000; xs = 2.90375 pb +- 0.0116888 pb
event>   1640000/4000000; xs = 2.90372 pb +- 0.011648 pb
event>   1650000/4000000; xs = 2.90368 pb +- 0.0116077 pb
event>   1660000/4000000; xs = 2.90354 pb +- 0.0115607 pb
event>   1670000/4000000; xs = 2.90445 pb +- 0.011512 pb
event>   1680000/4000000; xs = 2.90516 pb +- 0.0114697 pb
event>   1690000/4000000; xs = 2.90532 pb +- 0.011437 pb
event>   1700000/4000000; xs = 2.90525 pb +- 0.0114031 pb
event>   1710000/4000000; xs = 2.90451 pb +- 0.0113688 pb
event>   1720000/4000000; xs = 2.9052 pb +- 0.0113255 pb
event>   1730000/4000000; xs = 2.9051 pb +- 0.0112878 pb
event>   1740000/4000000; xs = 2.90489 pb +- 0.0112505 pb
event>   1750000/4000000; xs = 2.90486 pb +- 0.0112076 pb
event>   1760000/4000000; xs = 2.90555 pb +- 0.011173 pb
event>   1770000/4000000; xs = 2.90516 pb +- 0.0111375 pb
event>   1780000/4000000; xs = 2.90521 pb +- 0.0110969 pb
event>   1790000/4000000; xs = 2.90431 pb +- 0.0110575 pb
event>   1800000/4000000; xs = 2.90529 pb +- 0.0110266 pb
event>   1810000/4000000; xs = 2.90536 pb +- 0.0109883 pb
event>   1820000/4000000; xs = 2.9054 pb +- 0.0109484 pb
event>   1830000/4000000; xs = 2.90558 pb +- 0.0109135 pb
event>   1840000/4000000; xs = 2.90409 pb +- 0.010876 pb
event>   1850000/4000000; xs = 2.90401 pb +- 0.010846 pb
event>   1860000/4000000; xs = 2.90415 pb +- 0.0108337 pb
event>   1870000/4000000; xs = 2.90407 pb +- 0.0108095 pb
event>   1880000/4000000; xs = 2.9049 pb +- 0.0107745 pb
event>   1890000/4000000; xs = 2.9044 pb +- 0.0107471 pb
event>   1900000/4000000; xs = 2.90402 pb +- 0.0107172 pb
event>   1910000/4000000; xs = 2.90568 pb +- 0.0107065 pb
event>   1920000/4000000; xs = 2.9059 pb +- 0.010681 pb
event>   1930000/4000000; xs = 2.90515 pb +- 0.0106483 pb
event>   1940000/4000000; xs = 2.90392 pb +- 0.010617 pb
event>   1950000/4000000; xs = 2.90458 pb +- 0.0106 pb
event>   1960000/4000000; xs = 2.90406 pb +- 0.0105713 pb
event>   1970000/4000000; xs = 2.90388 pb +- 0.0105407 pb
event>   1980000/4000000; xs = 2.90501 pb +- 0.010508 pb
event>   1990000/4000000; xs = 2.90436 pb +- 0.010478 pb
event>   2000000/4000000; xs = 2.90421 pb +- 0.0104466 pb
event>   2010000/4000000; xs = 2.904 pb +- 0.0104155 pb
event>   2020000/4000000; xs = 2.9032 pb +- 0.0103807 pb
event>   2030000/4000000; xs = 2.90328 pb +- 0.010354 pb
event>   2040000/4000000; xs = 2.90407 pb +- 0.0103257 pb
event>   2050000/4000000; xs = 2.90436 pb +- 0.0102986 pb
event>   2060000/4000000; xs = 2.90417 pb +- 0.0102662 pb
event>   2070000/4000000; xs = 2.90434 pb +- 0.0102311 pb
event>   2080000/4000000; xs = 2.90325 pb +- 0.010212 pb
event>   2090000/4000000; xs = 2.90369 pb +- 0.0101894 pb
event>   2100000/4000000; xs = 2.90448 pb +- 0.0101592 pb
event>   2110000/4000000; xs = 2.90523 pb +- 0.0101288 pb
event>   2120000/4000000; xs = 2.90477 pb +- 0.0101028 pb
event>   2130000/4000000; xs = 2.90594 pb +- 0.010083 pb
event>   2140000/4000000; xs = 2.90589 pb +- 0.0100546 pb
event>   2150000/4000000; xs = 2.9058 pb +- 0.0100524 pb
event>   2160000/4000000; xs = 2.90604 pb +- 0.010025 pb
event>   2170000/4000000; xs = 2.90657 pb +- 0.0100028 pb
event>   2180000/4000000; xs = 2.90597 pb +- 0.00997693 pb
event>   2190000/4000000; xs = 2.90567 pb +- 0.00995377 pb
event>   2200000/4000000; xs = 2.90604 pb +- 0.00992595 pb
event>   2210000/4000000; xs = 2.90546 pb +- 0.00990135 pb
event>   2220000/4000000; xs = 2.90575 pb +- 0.0098787 pb
event>   2230000/4000000; xs = 2.90622 pb +- 0.0098497 pb
event>   2240000/4000000; xs = 2.90525 pb +- 0.0098256 pb
event>   2250000/4000000; xs = 2.90531 pb +- 0.00981062 pb
event>   2260000/4000000; xs = 2.90546 pb +- 0.00984097 pb
event>   2270000/4000000; xs = 2.90477 pb +- 0.00981303 pb
event>   2280000/4000000; xs = 2.90519 pb +- 0.00978435 pb
event>   2290000/4000000; xs = 2.90587 pb +- 0.0097674 pb
event>   2300000/4000000; xs = 2.90544 pb +- 0.00974177 pb
event>   2310000/4000000; xs = 2.90508 pb +- 0.00971514 pb
event>   2320000/4000000; xs = 2.90526 pb +- 0.00969011 pb
event>   2330000/4000000; xs = 2.9058 pb +- 0.00967047 pb
event>   2340000/4000000; xs = 2.90634 pb +- 0.00964265 pb
event>   2350000/4000000; xs = 2.90711 pb +- 0.00961651 pb
event>   2360000/4000000; xs = 2.90717 pb +- 0.00958897 pb
event>   2370000/4000000; xs = 2.907 pb +- 0.00956325 pb
event>   2380000/4000000; xs = 2.90744 pb +- 0.00953815 pb
event>   2390000/4000000; xs = 2.90817 pb +- 0.00951414 pb
event>   2400000/4000000; xs = 2.90738 pb +- 0.00949763 pb
event>   2410000/4000000; xs = 2.90737 pb +- 0.00948136 pb
event>   2420000/4000000; xs = 2.90649 pb +- 0.00945781 pb
event>   2430000/4000000; xs = 2.90557 pb +- 0.00943726 pb
event>   2440000/4000000; xs = 2.90528 pb +- 0.00941545 pb
event>   2450000/4000000; xs = 2.90458 pb +- 0.00940137 pb
event>   2460000/4000000; xs = 2.90477 pb +- 0.00937598 pb
event>   2470000/4000000; xs = 2.90624 pb +- 0.00936708 pb
event>   2480000/4000000; xs = 2.90667 pb +- 0.00934381 pb
event>   2490000/4000000; xs = 2.90579 pb +- 0.00931946 pb
event>   2500000/4000000; xs = 2.90689 pb +- 0.00929963 pb
event>   2510000/4000000; xs = 2.90776 pb +- 0.00928161 pb
event>   2520000/4000000; xs = 2.90831 pb +- 0.00925969 pb
event>   2530000/4000000; xs = 2.90805 pb +- 0.00923522 pb
event>   2540000/4000000; xs = 2.90697 pb +- 0.00921621 pb
event>   2550000/4000000; xs = 2.90669 pb +- 0.0091969 pb
event>   2560000/4000000; xs = 2.90731 pb +- 0.00917786 pb
event>   2570000/4000000; xs = 2.90622 pb +- 0.00916068 pb
event>   2580000/4000000; xs = 2.90618 pb +- 0.00913885 pb
event>   2590000/4000000; xs = 2.9073 pb +- 0.00911845 pb
event>   2600000/4000000; xs = 2.90803 pb +- 0.00912266 pb
event>   2610000/4000000; xs = 2.90946 pb +- 0.00910716 pb
event>   2620000/4000000; xs = 2.90905 pb +- 0.00908552 pb
event>   2630000/4000000; xs = 2.90975 pb +- 0.00906438 pb
event>   2640000/4000000; xs = 2.90966 pb +- 0.00904632 pb
event>   2650000/4000000; xs = 2.90887 pb +- 0.00905051 pb
event>   2660000/4000000; xs = 2.90962 pb +- 0.00903272 pb
event>   2670000/4000000; xs = 2.91023 pb +- 0.0090095 pb
event>   2680000/4000000; xs = 2.91 pb +- 0.00899356 pb
event>   2690000/4000000; xs = 2.90984 pb +- 0.008993 pb
event>   2700000/4000000; xs = 2.90991 pb +- 0.00897708 pb
event>   2710000/4000000; xs = 2.91005 pb +- 0.00895747 pb
event>   2720000/4000000; xs = 2.90984 pb +- 0.00893982 pb
event>   2730000/4000000; xs = 2.91025 pb +- 0.00891941 pb
event>   2740000/4000000; xs = 2.9106 pb +- 0.00890097 pb
event>   2750000/4000000; xs = 2.91134 pb +- 0.00888884 pb
event>   2760000/4000000; xs = 2.9112 pb +- 0.00887313 pb
event>   2770000/4000000; xs = 2.91092 pb +- 0.00885295 pb
event>   2780000/4000000; xs = 2.91117 pb +- 0.00883387 pb
event>   2790000/4000000; xs = 2.91088 pb +- 0.00881463 pb
event>   2800000/4000000; xs = 2.9118 pb +- 0.00879575 pb
event>   2810000/4000000; xs = 2.91111 pb +- 0.00877735 pb
event>   2820000/4000000; xs = 2.91171 pb +- 0.00875903 pb
event>   2830000/4000000; xs = 2.91173 pb +- 0.00874003 pb
event>   2840000/4000000; xs = 2.91126 pb +- 0.00872286 pb
event>   2850000/4000000; xs = 2.91104 pb +- 0.00870548 pb
event>   2860000/4000000; xs = 2.91111 pb +- 0.00870711 pb
event>   2870000/4000000; xs = 2.91072 pb +- 0.00869034 pb
event>   2880000/4000000; xs = 2.91112 pb +- 0.00867114 pb
event>   2890000/4000000; xs = 2.91139 pb +- 0.00865281 pb
event>   2900000/4000000; xs = 2.91177 pb +- 0.00864613 pb
event>   2910000/4000000; xs = 2.91221 pb +- 0.00862661 pb
event>   2920000/4000000; xs = 2.91211 pb +- 0.0086127 pb
event>   2930000/4000000; xs = 2.91186 pb +- 0.00860181 pb
event>   2940000/4000000; xs = 2.91205 pb +- 0.0085868 pb
event>   2950000/4000000; xs = 2.91136 pb +- 0.00857069 pb
event>   2960000/4000000; xs = 2.91108 pb +- 0.00855381 pb
event>   2970000/4000000; xs = 2.91126 pb +- 0.00853676 pb
event>   2980000/4000000; xs = 2.91038 pb +- 0.00852733 pb
event>   2990000/4000000; xs = 2.91026 pb +- 0.00850893 pb
event>   3000000/4000000; xs = 2.90977 pb +- 0.00849367 pb
event>   3010000/4000000; xs = 2.90993 pb +- 0.00848035 pb
event>   3020000/4000000; xs = 2.90975 pb +- 0.00846582 pb
event>   3030000/4000000; xs = 2.90955 pb +- 0.0084469 pb
event>   3040000/4000000; xs = 2.90983 pb +- 0.0084313 pb
event>   3050000/4000000; xs = 2.90956 pb +- 0.00841392 pb
event>   3060000/4000000; xs = 2.90948 pb +- 0.00839716 pb
event>   3070000/4000000; xs = 2.91018 pb +- 0.0083816 pb
event>   3080000/4000000; xs = 2.91027 pb +- 0.00836804 pb
event>   3090000/4000000; xs = 2.91031 pb +- 0.00835077 pb
event>   3100000/4000000; xs = 2.91116 pb +- 0.00833415 pb
event>   3110000/4000000; xs = 2.91062 pb +- 0.00832097 pb
event>   3120000/4000000; xs = 2.91063 pb +- 0.00830446 pb
event>   3130000/4000000; xs = 2.91021 pb +- 0.00829038 pb
event>   3140000/4000000; xs = 2.90967 pb +- 0.0082779 pb
event>   3150000/4000000; xs = 2.90964 pb +- 0.00826588 pb
event>   3160000/4000000; xs = 2.90921 pb +- 0.00825266 pb
event>   3170000/4000000; xs = 2.90944 pb +- 0.00823698 pb
event>   3180000/4000000; xs = 2.90975 pb +- 0.00822649 pb
event>   3190000/4000000; xs = 2.91017 pb +- 0.00821084 pb
event>   3200000/4000000; xs = 2.91047 pb +- 0.00819657 pb
event>   3210000/4000000; xs = 2.90989 pb +- 0.00818123 pb
event>   3220000/4000000; xs = 2.91044 pb +- 0.00816581 pb
event>   3230000/4000000; xs = 2.91122 pb +- 0.00815424 pb
event>   3240000/4000000; xs = 2.91099 pb +- 0.00814014 pb
event>   3250000/4000000; xs = 2.91014 pb +- 0.00812681 pb
event>   3260000/4000000; xs = 2.91034 pb +- 0.00811659 pb
event>   3270000/4000000; xs = 2.90989 pb +- 0.00810065 pb
event>   3280000/4000000; xs = 2.9108 pb +- 0.00809119 pb
event>   3290000/4000000; xs = 2.91079 pb +- 0.00807616 pb
event>   3300000/4000000; xs = 2.91071 pb +- 0.00805931 pb
event>   3310000/4000000; xs = 2.91089 pb +- 0.00804597 pb
event>   3320000/4000000; xs = 2.91124 pb +- 0.00803531 pb
event>   3330000/4000000; xs = 2.91105 pb +- 0.00802199 pb
event>   3340000/4000000; xs = 2.9115 pb +- 0.00800936 pb
event>   3350000/4000000; xs = 2.9119 pb +- 0.00800705 pb
event>   3360000/4000000; xs = 2.9116 pb +- 0.00799485 pb
event>   3370000/4000000; xs = 2.91164 pb +- 0.00798099 pb
event>   3380000/4000000; xs = 2.91151 pb +- 0.00796781 pb
event>   3390000/4000000; xs = 2.91174 pb +- 0.00795206 pb
event>   3400000/4000000; xs = 2.91158 pb +- 0.00794152 pb
event>   3410000/4000000; xs = 2.91222 pb +- 0.0079292 pb
event>   3420000/4000000; xs = 2.91193 pb +- 0.00792838 pb
event>   3430000/4000000; xs = 2.91216 pb +- 0.00791629 pb
event>   3440000/4000000; xs = 2.91228 pb +- 0.00790374 pb
event>   3450000/4000000; xs = 2.91245 pb +- 0.00789106 pb
event>   3460000/4000000; xs = 2.91244 pb +- 0.00787891 pb
event>   3470000/4000000; xs = 2.91278 pb +- 0.00786582 pb
event>   3480000/4000000; xs = 2.91318 pb +- 0.00785216 pb
event>   3490000/4000000; xs = 2.91338 pb +- 0.00783943 pb
event>   3500000/4000000; xs = 2.91395 pb +- 0.00782685 pb
event>   3510000/4000000; xs = 2.91337 pb +- 0.00781476 pb
event>   3520000/4000000; xs = 2.91311 pb +- 0.00780296 pb
event>   3530000/4000000; xs = 2.91368 pb +- 0.00779396 pb
event>   3540000/4000000; xs = 2.91427 pb +- 0.00778474 pb
event>   3550000/4000000; xs = 2.9142 pb +- 0.00776992 pb
event>   3560000/4000000; xs = 2.91427 pb +- 0.00775834 pb
event>   3570000/4000000; xs = 2.91324 pb +- 0.00774877 pb
event>   3580000/4000000; xs = 2.91326 pb +- 0.00774005 pb
event>   3590000/4000000; xs = 2.91249 pb +- 0.00773038 pb
event>   3600000/4000000; xs = 2.91229 pb +- 0.00771784 pb
event>   3610000/4000000; xs = 2.91229 pb +- 0.00770645 pb
event>   3620000/4000000; xs = 2.91235 pb +- 0.00769674 pb
event>   3630000/4000000; xs = 2.91185 pb +- 0.00768318 pb
event>   3640000/4000000; xs = 2.91181 pb +- 0.00767059 pb
event>   3650000/4000000; xs = 2.91174 pb +- 0.00765809 pb
event>   3660000/4000000; xs = 2.91216 pb +- 0.00764518 pb
event>   3670000/4000000; xs = 2.91263 pb +- 0.00763311 pb
event>   3680000/4000000; xs = 2.91296 pb +- 0.00762245 pb
event>   3690000/4000000; xs = 2.913 pb +- 0.00761146 pb
event>   3700000/4000000; xs = 2.91289 pb +- 0.0075985 pb
event>   3710000/4000000; xs = 2.91302 pb +- 0.00758658 pb
event>   3720000/4000000; xs = 2.91303 pb +- 0.00757643 pb
event>   3730000/4000000; xs = 2.91246 pb +- 0.0075672 pb
event>   3740000/4000000; xs = 2.91144 pb +- 0.0075994 pb
event>   3750000/4000000; xs = 2.91125 pb +- 0.00758882 pb
event>   3760000/4000000; xs = 2.91124 pb +- 0.00757675 pb
event>   3770000/4000000; xs = 2.91171 pb +- 0.00756427 pb
event>   3780000/4000000; xs = 2.91225 pb +- 0.00755791 pb
event>   3790000/4000000; xs = 2.91247 pb +- 0.00755202 pb
event>   3800000/4000000; xs = 2.91255 pb +- 0.0075388 pb
event>   3810000/4000000; xs = 2.91254 pb +- 0.00752565 pb
event>   3820000/4000000; xs = 2.91299 pb +- 0.00751795 pb
event>   3830000/4000000; xs = 2.91271 pb +- 0.00750573 pb
event>   3840000/4000000; xs = 2.91278 pb +- 0.00749468 pb
event>   3850000/4000000; xs = 2.91329 pb +- 0.00748216 pb
event>   3860000/4000000; xs = 2.91403 pb +- 0.00748042 pb
event>   3870000/4000000; xs = 2.91433 pb +- 0.00747054 pb
event>   3880000/4000000; xs = 2.91426 pb +- 0.00746244 pb
event>   3890000/4000000; xs = 2.91446 pb +- 0.00744993 pb
event>   3900000/4000000; xs = 2.91489 pb +- 0.00744592 pb
event>   3910000/4000000; xs = 2.91464 pb +- 0.00743466 pb
event>   3920000/4000000; xs = 2.9146 pb +- 0.00742337 pb
event>   3930000/4000000; xs = 2.91463 pb +- 0.00741285 pb
event>   3940000/4000000; xs = 2.91497 pb +- 0.00740436 pb
event>   3950000/4000000; xs = 2.9146 pb +- 0.00739552 pb
event>   3960000/4000000; xs = 2.91441 pb +- 0.00738274 pb
event>   3970000/4000000; xs = 2.9147 pb +- 0.00737347 pb
event>   3980000/4000000; xs = 2.91491 pb +- 0.00736331 pb
event>   3990000/4000000; xs = 2.91469 pb +- 0.00735567 pb
event>   3995000/4000000; xs = 2.91495 pb +- 0.00735 pb
event>   3998000/4000000; xs = 2.91497 pb +- 0.00734633 pb
event>   3999000/4000000; xs = 2.91503 pb +- 0.00734501 pb
event>   3999500/4000000; xs = 2.91505 pb +- 0.00734465 pb
event>   3999800/4000000; xs = 2.91496 pb +- 0.00734755 pb
event>   3999900/4000000; xs = 2.9149 pb +- 0.00734753 pb
event>   3999950/4000000; xs = 2.91491 pb +- 0.00734743 pb
event>   3999980/4000000; xs = 2.91493 pb +- 0.0073474 pb
event>   3999990/4000000; xs = 2.91493 pb +- 0.00734738 pb
event>   3999995/4000000; xs = 2.91494 pb +- 0.00734737 pb
event>   3999998/4000000; xs = 2.91494 pb +- 0.00734737 pb
event>   3999999/4000000; xs = 2.91494 pb +- 0.00734737 pb
event>   4000000/4000000; xs = 2.91494 pb +- 0.00734737 pb

