   
 -----------------------------------------------------------------
 VBFNLO, version 3.0.0 beta2 GIT a9d9ebca
 Comput. Phys. Commun. 180 (2009) 1661[arXiv:0811.4559 [hep-ph]]
 arXiV:1107.4038, arXiV:1207.4975, arXiv:1404.3940
 http://www.itp.kit.edu/vbfnlo
 -----------------------------------------------------------------
 Process-specific references (please cite as well if appropriate):
 G. Bozzi, F. Campanario, M. Rauch et al.
 Phys. Lett. B696 (2011) 380, e-Print: arXiv:1011.2206 [hep-ph]
 B. Feigl, PhD-thesis, http://digbib.ubka.uni-karlsruhe.de/volltexte/1000037298
 
 -----------------------------------------------------------------
   
   
  
        Information on global parameters
 -----------------------------------------------
   PROCESS               =      482
   LOPROCESS_PLUS_JET    =        F
   KK_MOD                =        F
   ANOM_CPL              =        F
   LEPTONS               =    98
   DECAY_QUARKS          =    93
   LO_ITERATIONS         =        1
   NLO_ITERATIONS        =        1
   LO_POINTS             =       10
   NLO_POINTS            =       10
   NLO_SWITCH            =        T
   EWCOR_SWITCH          =        F
   FERMIONLOOP           =        3
   NLO_SEMILEP_DECAY     =        0
   LHA_SWITCH            =        F
   HEPMC_SWITCH          =        F
   LO_GRID               = grid2_1                                           
                           grid2_2                                           
                           grid2_3                                           
   NLO_GRID              = grid3_1                                           
                           grid3_2                                           
                           grid3_3                                           
   PHTN_GRID             = grid4_1                                           
                           grid4_2                                           
                           grid4_3                                           
   FLOOP_GRID            = grid5_1                                           
                           grid5_2                                           
                           grid5_3                                           
   ECM                   =  8000.00    
   BEAM1                 =        1
   BEAM2                 =        1
   ID_MUF                =        4
   ID_MUR                =        4
   MUF_USER              =  100.000    
   MUR_USER              =  100.000    
   XIF                   =  1.00000    
   XIR                   =  1.00000    
 Warning: cannot read value for key = SHOWTIMING. Using default value :  T
 
       information on the selected process 
 -----------------------------------------------
 
  pp -> W+ Z A -> l+ vl q q~ A
 
 W+ Z photon production with subsequent decay of the W boson to leptons
 and the Z boson to quarks.
 Process is implemented at LO and NLO QCD.
 Anomalous couplings can be set in "anomV.dat".
 References: G. Bozzi, F. Campanario, M. Rauch et al.
 Phys. Lett. B696 (2011) 380, e-Print: arXiv:1011.2206 [hep-ph]
 B. Feigl, PhD-thesis, http://digbib.ubka.uni-karlsruhe.de/volltexte/1000037298
 
 Initializing PDF set CT10
  
               Physics parameters
 -----------------------------------------------
   HTYPE                 =        0
   MODEL                 =        1
   ANOM_CPL              =        F
   KK_MOD                =        F
   SPIN2                 =        F
   HMASS                 =  126.000    
   HWIDTH                = -999.000    
   TOPMASS               =  172.400    
   BOTTOMMASS            =  4.85500    
   CHARMMASS             =  1.65000    
   TAU_MASS              =  1.77684    
   EWSCHEME              =        3
   FERMI_CONST           = 0.116637E-04
   WMASS                 =  80.3980    
   ZMASS                 =  91.1876    
   
 Running in the SM
   
 Higgs mass =   126.00000000000000     
   
   
  
 Information on scale setting in InitScales 
 -------------------------------------------
  
 Dynamical factorization scale chosen:
       invariant VVV mass 
 Dynamical value for alphas chosen:
 alphas = alpha(invariant VVV mass)
 Initializing PDF set cteq6l1
  
  
  
  
   Information on couplings, masses and widths
 ===============================================
  
   SM coupling parameters 
 ---------------------------
   G_Fermi                         : 0.000011663700
   SIN**2 of the weak mixing angle : 0.22264585
   Q.E.D. fine structure constant  : 1/132.34070    
   SU(2) coupling constant g       : 0.65305673
   U(1) coupling constant g'       : 0.34950127
   Q.C.D. LO alfas(MZ)             : 0.12980813
   Q.C.D. NLO alfas(MZ)            : 0.11798159
  
      particle masses
 ---------------------------
   mass of the Z0 boson            :   91.1876
   mass of the W+/- boson          :   80.3980
   mass of the Higgs boson         :  126.0000
   mass of the top quark           :  172.4000
   mass of the bottom quark at MH  :    2.8020
  (All other fermions have mass equal ZERO)
  
      particle widths
 ---------------------------
   total widths of Z0              :   2.508420 GeV
   total widths of W+ or W-        :   2.097673 GeV
   total widths of Higgs           :   0.004266 GeV
   total widths of top quark       :   1.339784 GeV
  
     branching ratios
 ---------------------------
   W -> lepton anti-lepton         : 10.8397227 %
   W -> massless quark anti-quark  : 33.7404159 %
   W -> top bottom                 :  0.0000000 %
  
   Z -> neutrino anti-neutrino     :  6.6129820 %
   Z -> charged lepton anti-lepton :  3.3460763 %
   Z -> up-type quark anti-quark   : 11.9908090 %
   Z -> down-type quark anti-quark : 15.3804024 %
   Z -> top anti-top               :  0.0000000 %
  
   H -> WW                         : 22.0654221 %
   H -> ZZ                         :  2.7791171 %
   H -> bottom anti-bottom         : 57.2146401 %
   H -> top anti-top               :  0.0000000 %
   H -> charm anti-charm           :  3.3990464 %
   H -> tau anti-tau               :  6.1125329 %
   H -> mu anti-mu                 :  0.0216396 %
   H -> gluon gluon                :  7.9785074 %
   H -> gamma gamma                :  0.2385994 %
   H -> Z gamma                    :  0.1904951 %
  
 
          information on cut parameters
 -----------------------------------------------
 
 minimum jet pt        (PT_JET_MIN):     20.00    20.00    20.00   
 maximum jet rapidity                 (Y_JET_MAX):    4.5000000000000000     
 maximum parton pseudorapidity          (Y_P_MAX):    5.0000000000000000     
 minimum jet-jet R-separation           (RJJ_MIN):   0.80000000000000004     
 minimum number of jets                (NJET_MIN):            2
 single jet from hadronic decay (SINGLE_DECAYJET):            0
 exponent of generalised kT algorithm (PGENKTJET):    1.0000000000000000     
 minimum lepton-lepton R-separation     (RLL_MIN):   0.40000000000000002     
 maximum lepton-lepton R-separation     (RLL_MAX):    50.000000000000000     
 minimum jet-lepton R-separation        (RJL_MIN):   0.59999999999999998     
 minimum jet-photon R-separation        (RJG_MIN):   0.59999999999999998     
 minimum lepton-photon R-separation     (RLG_MIN):   0.59999999999999998     
 minimum photon-photon R-separation     (RGG_MIN):   0.59999999999999998     
 maximum photon-photon R-separation     (RGG_MAX):    50.000000000000000     
 maximum lepton rapidity                (Y_L_MAX):    2.5000000000000000     
 minimum lepton pt       (PT_L_MIN):     10.00   
 minimum invariant dilepton mass        (MLL_MIN):    15.000000000000000     
 maximum invariant dilepton mass        (MLL_MAX):    1.0000000000000000E+020
 m_ll cuts only on opposite-sign l   (MLL_OSONLY):  T
 maximum photon rapidity                (Y_G_MAX):    1.5000000000000000     
 minimum photon pt       (PT_G_MIN):     20.00   
 photon isolation cut                 (PHISOLCUT):   0.69999999999999996     
 efficiency of photon isolation cut   (EFISOLCUT):    1.0000000000000000     
 minimum invariant lepton-photon mass   (MLG_MIN):    0.0000000000000000     
 maximum invariant lepton-photon mass   (MLG_MAX):    1.0000000000000000E+020
 minimal missing transverse momentum (PTMISS_MIN):    0.0000000000000000     
 minimum jet rapidity separation      (ETAJJ_MIN):    0.0000000000000000     
 tagging jets in opposite hemispheres     (YSIGN):    F
 leptons fall inside rapidity gap     (LRAPIDGAP):    F
 min leptons y-dist from tagging jets   (DELY_JL):    0.0000000000000000     
 photons fall inside rapidity gap     (GRAPIDGAP):    F
 min photons y-dist from tagging jets   (DELY_JG):    0.0000000000000000     
 dijet min mass cut on tag jets        (MDIJ_MIN):    600.00000000000000     
 dijet max mass cut on tag jets        (MDIJ_MAX):    1.0000000000000000E+020
 veto criteria for jets                   (JVETO):    F
 minimum veto-tag y-dist             (DELY_JVETO):    0.0000000000000000     
 maximum |y| for veto jet             (YMAX_VETO):    4.5000000000000000     
 minimum pT for veto jet             (PTMIN_VETO):    50.000000000000000     
 definition of tagging jets          (DEF_TAGJET):            1
 minimal pt for harder tagging jet  (PTMIN_TAG_1):    20.000000000000000     
 minimal pt for softer tagging jet  (PTMIN_TAG_2):    20.000000000000000     
 mass reconst. cut for V -> had   (RECONST_HAD_V):            0
 mass range for RECONST_HAD_V      (V_MASS_RANGE):    20.000000000000000     
 

 --------------------PHASE SPACE--------------------

 boson has mass    80.40 GeV and width     2.0977 GeV
 integration range for boson   3 =      0.032  to     5656.854 GeV
 boson has mass    91.19 GeV and width     2.5084 GeV
 integration range for boson   2 =      0.032  to     5656.854 GeV
 boson has mass     0.00 GeV and width     0.0000 GeV
 integration range for boson   1 =      0.032  to     5656.854 GeV

 machine energy =     8000.0  GeV

 ---------------------------------------------------

  Open error on file random.dat
  Using default values.
  Random number generator initialized with seed =            0
 
          information on histogram config
 -----------------------------------------------
 
  Open error on file histograms.dat
  Using default values.
 SMEARING           =      F
 CALC_ERROR_GNUPLOT =      F
 CALC_ERROR_ROOT    =      F
 CALC_ERROR_1D      =      T
 CALC_ERROR_2D      =      F
 
HIST_ID1      =      0.00    250.00  # dS/dpT_j (fb/GeV)
HIST_ID2      =      0.00    500.00  # dS/dpTmax_j (fb/GeV)
HIST_ID3      =      0.00    200.00  # dS/dpTmin_j (fb/GeV)
HIST_ID4      =     -5.00      5.00  # dS/dy_j (fb)
HIST_ID5      =     -5.00      5.00  # dS/dy_j1 (fb)
HIST_ID6      =     -5.00      5.00  # dS/dy_j2 (fb)
HIST_ID7      =      0.00    500.00  # dS/dpTmax_l (fb/GeV)
HIST_ID8      =      0.00    200.00  # dS/dpTmin_l (fb/GeV)
HIST_ID9      =      0.00      5.00  # dS/d|eta|max_l (fb)
HIST_ID10     =      0.00      5.00  # dS/d|eta|min_l (fb)
HIST_ID11     =   -180.00    180.00  # dS/dPhi_jj (fb)
2DHIST_ID1    =      0.00      6.00      0.00    800.00  # d2S/dy_jj dm_jj (fb/GeV)
 
 -----------------------------------------------
 
 
 
Starttime: 2016-12-02T09:06:01+0100
  
 PHASE SPACE           1
  

 MONACO input parameters:
 ndim = 12,  ncall =    1024,   rtype = 0
 nprn =  0,  acc = -1.0E+0,  alph =  8.75E-1,  nd = 48,  mds =  0

 MONACO:  continuing with uniform grid
  
 W+ZA amplitude square information:
 -----------------------------------------------
  
  precalculated tensors initialized to  (  0.0000000000000000     ,  0.0000000000000000     )
  External b-quark contributions are excluded

 iteration  1:
 integral =  1.369642E+00,  sigma = 1.189E+00
 efficacy = 1.127E-03,  raw efficacy = 1.127E-03
 f_positive = 2.441E-2,  f_zero = 9.756E-1,  f_negative = 0.000E+0
 accumulated statistics:
 integral =  1.369642E+00,  sigma = 1.189E+00,  chi^2/iteration = 2.220E-16

 MONACO:  grid written to file grid2_1.out.1
 
  result (LO):    1.3696420168616938       +-    1.1892762406495243       fb     86.831173840194566      %
 
  
 PHASE SPACE           2
  

 MONACO input parameters:
 ndim = 12,  ncall =    2048,   rtype = 0
 nprn =  0,  acc = -1.0E+0,  alph =  8.75E-1,  nd = 48,  mds =  0

 MONACO:  continuing with uniform grid

 iteration  1:
 integral =  7.235778E-02,  sigma = 3.564E-02
 efficacy = 1.237E-03,  raw efficacy = 1.237E-03
 f_positive = 4.395E-2,  f_zero = 9.561E-1,  f_negative = 0.000E+0
 accumulated statistics:
 integral =  7.235778E-02,  sigma = 3.564E-02,  chi^2/iteration = 8.882E-16

 MONACO:  grid written to file grid2_2.out.1
 
  result (LO):    7.2357780622644127E-002  +-    3.5644892101828550E-002  fb     49.262003056342493      %
 
  
 PHASE SPACE           3
  

 MONACO input parameters:
 ndim = 12,  ncall =    2048,   rtype = 0
 nprn =  0,  acc = -1.0E+0,  alph =  8.75E-1,  nd = 48,  mds =  0

 MONACO:  continuing with uniform grid

 iteration  1:
 integral =  2.068719E-02,  sigma = 1.441E-02
 efficacy = 7.185E-04,  raw efficacy = 7.185E-04
 f_positive = 5.371E-3,  f_zero = 9.946E-1,  f_negative = 0.000E+0
 accumulated statistics:
 integral =  2.068719E-02,  sigma = 1.441E-02,  chi^2/iteration = 4.441E-16

 MONACO:  grid written to file grid2_3.out.1
 
  result (LO):    2.0687189019229148E-002  +-    1.4407167008312577E-002  fb     69.642941798041448      %
 
 
  Total (multi-channel) result (LO):    1.4626869865035670       +-    1.1898975171701223       fb     81.350113055594647      %
  
   
 Initialising FF ..
   
 ====================================================
   FF 2.0, a package to evaluate one-loop integrals
 written by G. J. van Oldenborgh, NIKHEF-H, Amsterdam
 ====================================================
 for the algorithms used see preprint NIKHEF-H 89/17,
 'New Algorithms for One-loop Integrals', by G.J. van
 Oldenborgh and J.A.M. Vermaseren, published in 
 Zeitschrift fuer Physik C46(1990)425.
 ====================================================
 Initializing PDF set CT10
  
 PHASE SPACE            1
  

 MONACO input parameters:
 ndim = 12,  ncall =    1024,   rtype = 0
 nprn =  0,  acc = -1.0E+0,  alph =  8.75E-1,  nd = 48,  mds =  0

 MONACO:  continuing with uniform grid

 iteration  1:
 integral =  5.648897E-01,  sigma = 3.837E-01
 efficacy = 1.473E-03,  raw efficacy = 1.473E-03
 f_positive = 2.832E-2,  f_zero = 9.717E-1,  f_negative = 0.000E+0
 accumulated statistics:
 integral =  5.648897E-01,  sigma = 3.837E-01,  chi^2/iteration = 0.000E+00

 MONACO:  grid written to file grid2_1.vout.1
  
  result for virtual contribution, no.            1
  sigma =   0.56488970419845863       +-   0.38371783467598619       fb  
  
 total result for virtual contns so far 
  sigma =   0.56488970419845863       +-   0.38371783467598619       fb
  

 MONACO input parameters:
 ndim = 12,  ncall =     256,   rtype = 0
 nprn =  0,  acc = -1.0E+0,  alph =  8.75E-1,  nd = 48,  mds =  0

 MONACO:  continuing with uniform grid

 iteration  1:
 integral =  1.906214E-03,  sigma = 2.207E-03
 efficacy = 3.406E-03,  raw efficacy = 3.406E-03
 f_positive = 7.812E-3,  f_zero = 9.883E-1,  f_negative = 3.906E-3
 accumulated statistics:
 integral =  1.906214E-03,  sigma = 2.207E-03,  chi^2/iteration = 1.110E-16

 MONACO:  grid written to file grid2_1.vout.2
  
  result for virtual contribution, no.            2
  sigma =    1.9062137553610811E-003  +-    2.2072202166428878E-003  fb  
  Box instabilites           0
           total calls           0
           instabilities [%]   0.0000000000000000     
  
 total result for virtual contns so far 
  sigma =   0.56679591795381967       +-   0.38372418280519177       fb
  

 MONACO input parameters:
 ndim = 12,  ncall =      64,   rtype = 0
 nprn =  0,  acc = -1.0E+0,  alph =  8.75E-1,  nd = 48,  mds =  0

 MONACO:  continuing with uniform grid

 iteration  1:
 integral =  8.070795E-04,  sigma = 8.169E-04
 efficacy = 1.544E-02,  raw efficacy = 1.544E-02
 f_positive = 1.562E-2,  f_zero = 9.688E-1,  f_negative = 1.562E-2
 accumulated statistics:
 integral =  8.070795E-04,  sigma = 8.169E-04,  chi^2/iteration = 2.220E-16

 MONACO:  grid written to file grid2_1.vout.3
  
  result for virtual contribution, no.            3
  sigma =    8.0707951520508101E-004  +-    8.1685794946313544E-004  fb  
  Pentagon instabilites           0
           total calls           8
           instabilities [%]   0.0000000000000000     
  
 total result for virtual contns so far 
  sigma =   0.56760299746902476       +-   0.38372505225281012       fb
  
  
 PHASE SPACE            2
  

 MONACO input parameters:
 ndim = 12,  ncall =    2048,   rtype = 0
 nprn =  0,  acc = -1.0E+0,  alph =  8.75E-1,  nd = 48,  mds =  0

 MONACO:  continuing with uniform grid

 iteration  1:
 integral =  1.557060E-01,  sigma = 6.882E-02
 efficacy = 1.474E-03,  raw efficacy = 1.474E-03
 f_positive = 5.371E-2,  f_zero = 9.463E-1,  f_negative = 0.000E+0
 accumulated statistics:
 integral =  1.557060E-01,  sigma = 6.882E-02,  chi^2/iteration = 0.000E+00

 MONACO:  grid written to file grid2_2.vout.1
  
  result for virtual contribution, no.            1
  sigma =   0.15570600347433913       +-    6.8819919016044576E-002  fb  
  
 total result for virtual contns so far 
  sigma =   0.15570600347433913       +-    6.8819919016044576E-002  fb
  

 MONACO input parameters:
 ndim = 12,  ncall =     512,   rtype = 0
 nprn =  0,  acc = -1.0E+0,  alph =  8.75E-1,  nd = 48,  mds =  0

 MONACO:  continuing with uniform grid

 iteration  1:
 integral =  1.198228E-02,  sigma = 7.577E-03
 efficacy = 3.293E-03,  raw efficacy = 3.293E-03
 f_positive = 4.492E-2,  f_zero = 9.531E-1,  f_negative = 1.953E-3
 accumulated statistics:
 integral =  1.198228E-02,  sigma = 7.577E-03,  chi^2/iteration = 4.441E-16

 MONACO:  grid written to file grid2_2.vout.2
  
  result for virtual contribution, no.            2
  sigma =    1.1982277100465828E-002  +-    7.5767656791054534E-003  fb  
  Box instabilites           0
           total calls           0
           instabilities [%]   0.0000000000000000     
  
 total result for virtual contns so far 
  sigma =   0.16768828057480495       +-    6.9235746775282228E-002  fb
  

 MONACO input parameters:
 ndim = 12,  ncall =     128,   rtype = 0
 nprn =  0,  acc = -1.0E+0,  alph =  8.75E-1,  nd = 48,  mds =  0

 MONACO:  continuing with uniform grid

 iteration  1:
 integral =  1.175450E-04,  sigma = 1.601E-04
 efficacy = 5.915E-03,  raw efficacy = 5.915E-03
 f_positive = 1.562E-2,  f_zero = 9.766E-1,  f_negative = 7.812E-3
 accumulated statistics:
 integral =  1.175450E-04,  sigma = 1.601E-04,  chi^2/iteration = 1.110E-16

 MONACO:  grid written to file grid2_2.vout.3
  
  result for virtual contribution, no.            3
  sigma =    1.1754500948891364E-004  +-    1.6006606694311565E-004  fb  
  Pentagon instabilites           0
           total calls          12
           instabilities [%]   0.0000000000000000     
  
 total result for virtual contns so far 
  sigma =   0.16780582558429386       +-    6.9235931803340311E-002  fb
  
  
 PHASE SPACE            3
  

 MONACO input parameters:
 ndim = 12,  ncall =    2048,   rtype = 0
 nprn =  0,  acc = -1.0E+0,  alph =  8.75E-1,  nd = 48,  mds =  0

 MONACO:  continuing with uniform grid

 iteration  1:
 integral =  1.978857E-01,  sigma = 1.739E-01
 efficacy = 5.569E-04,  raw efficacy = 5.569E-04
 f_positive = 5.859E-3,  f_zero = 9.941E-1,  f_negative = 0.000E+0
 accumulated statistics:
 integral =  1.978857E-01,  sigma = 1.739E-01,  chi^2/iteration = 0.000E+00

 MONACO:  grid written to file grid2_3.vout.1
  
  result for virtual contribution, no.            1
  sigma =   0.19788573499403586       +-   0.17392224850825261       fb  
  
 total result for virtual contns so far 
  sigma =   0.19788573499403586       +-   0.17392224850825261       fb
  

 MONACO input parameters:
 ndim = 12,  ncall =     512,   rtype = 0
 nprn =  0,  acc = -1.0E+0,  alph =  8.75E-1,  nd = 48,  mds =  0

 MONACO:  continuing with uniform grid

 iteration  1:
 integral =  0.000000E+00,  sigma = 0.000E+00
 efficacy = 0.000E+00,  raw efficacy = 0.000E+00
 f_positive = 0.000E+0,  f_zero = 1.000E+0,  f_negative = 0.000E+0
 accumulated statistics:
 integral =  0.000000E+00,  sigma = 0.000E+00,  chi^2/iteration = 0.000E+00

 MONACO:  grid written to file grid2_3.vout.2
  
  result for virtual contribution, no.            2
  sigma =    0.0000000000000000       +-    0.0000000000000000       fb  
  Box instabilites           0
           total calls           0
           instabilities [%]   0.0000000000000000     
  
 total result for virtual contns so far 
  sigma =   0.19788573499403586       +-   0.17392224850825261       fb
  

 MONACO input parameters:
 ndim = 12,  ncall =     128,   rtype = 0
 nprn =  0,  acc = -1.0E+0,  alph =  8.75E-1,  nd = 48,  mds =  0

 MONACO:  continuing with uniform grid

 iteration  1:
 integral =  0.000000E+00,  sigma = 0.000E+00
 efficacy = 0.000E+00,  raw efficacy = 0.000E+00
 f_positive = 0.000E+0,  f_zero = 1.000E+0,  f_negative = 0.000E+0
 accumulated statistics:
 integral =  0.000000E+00,  sigma = 0.000E+00,  chi^2/iteration = 0.000E+00

 MONACO:  grid written to file grid2_3.vout.3
  
  result for virtual contribution, no.            3
  sigma =    0.0000000000000000       +-    0.0000000000000000       fb  
  Pentagon instabilites           0
           total calls           0
           instabilities [%]   0.0000000000000000     
  
 total result for virtual contns so far 
  sigma =   0.19788573499403586       +-   0.17392224850825261       fb
  
 
  Total (multi-channel) result (NLO virtual):   0.93329455804735451       +-   0.42695137721439080       fb     45.746690959782462      %
 
   
 Summary for FF ..
   
 
total number of errors and warnings
===================================
vbffferr: no errors
the warning system has been disabled
 
  
 PHASE SPACE            1
  

 MONACO input parameters:
 ndim = 15,  ncall =    1024,   rtype = 0
 nprn =  0,  acc = -1.0E+0,  alph =  8.75E-1,  nd = 48,  mds =  0

 MONACO:  continuing with uniform grid
  
 W+ Z A j amplitude square information:
 -----------------------------------------------
  
  precalculated tensors initialized to  (  0.0000000000000000     ,  0.0000000000000000     )
  External b-quark contributions are excluded
  
  creal =   -6.5797362673929038       cvirtual =    5.1594725347858095     
  

 iteration  1:
 integral =  3.568310E-01,  sigma = 3.763E-01
 efficacy = 1.264E-03,  raw efficacy = 1.264E-03
 f_positive = 2.637E-2,  f_zero = 9.453E-1,  f_negative = 2.832E-2
 accumulated statistics:
 integral =  3.568310E-01,  sigma = 3.763E-01,  chi^2/iteration = 0.000E+00

 MONACO:  grid written to file grid3_1.out.1
 
  result for real emissions 
  sigma =   0.35683096120778590       +-   0.37625036628772524       fb
  
  
 PHASE SPACE            2
  

 MONACO input parameters:
 ndim = 15,  ncall =    2048,   rtype = 0
 nprn =  0,  acc = -1.0E+0,  alph =  8.75E-1,  nd = 48,  mds =  0

 MONACO:  continuing with uniform grid

 iteration  1:
 integral =  2.621809E-02,  sigma = 3.192E-02
 efficacy = 4.573E-04,  raw efficacy = 4.573E-04
 f_positive = 7.861E-2,  f_zero = 8.701E-1,  f_negative = 5.127E-2
 accumulated statistics:
 integral =  2.621809E-02,  sigma = 3.192E-02,  chi^2/iteration = 0.000E+00

 MONACO:  grid written to file grid3_2.out.1
 
  result for real emissions 
  sigma =    2.6218090264104869E-002  +-    3.1918908189624791E-002  fb
  
  
 PHASE SPACE            3
  

 MONACO input parameters:
 ndim = 15,  ncall =    2048,   rtype = 0
 nprn =  0,  acc = -1.0E+0,  alph =  8.75E-1,  nd = 48,  mds =  0

 MONACO:  continuing with uniform grid

 iteration  1:
 integral =  6.862839E-02,  sigma = 2.744E-02
 efficacy = 1.686E-03,  raw efficacy = 1.686E-03
 f_positive = 5.469E-2,  f_zero = 9.336E-1,  f_negative = 1.172E-2
 accumulated statistics:
 integral =  6.862839E-02,  sigma = 2.744E-02,  chi^2/iteration = 0.000E+00

 MONACO:  grid written to file grid3_3.out.1
 
  result for real emissions 
  sigma =    6.8628387062081839E-002  +-    2.7439951623139586E-002  fb
  
 
  Total (multi-channel) result (NLO real):   0.45167743853397263       +-   0.37859755120278488       fb     83.820337015639737      %
 
  
  final result at NLO 
  sigma =    1.3849719965813272       +-   0.57063437004969331       fb   41.201870612420358      %
  
  Box instabilites           0
           total calls           0
           instabilities [%]   0.0000000000000000     
  FBox instabilites           0
           total calls           0
           instabilities [%]   0.0000000000000000     
  Pentagon instabilites           0
           total calls          20
           instabilities [%]   0.0000000000000000     
  Hexagon instabilites           0
           total calls           0
           instabilities [%]   0.0000000000000000     
 
 
 LO for different PHASESPACE:
   1.3696420168616938       +-    1.1892762406495243       fb   86.831173840194566     
   7.2357780622644127E-002  +-    3.5644892101828550E-002  fb   49.262003056342493     
   2.0687189019229148E-002  +-    1.4407167008312577E-002  fb   69.642941798041448     
  
  
 VIRTUAL CONTRIBUTIONS for different PHASESPACE:
  borntype for different PHASESPACE:
  0.56488970419845863       +-   0.38371783467598619       fb   67.927921472822135     
  0.15570600347433913       +-    6.8819919016044576E-002  fb   44.198629134673240     
  0.19788573499403586       +-   0.17392224850825261       fb   87.890240553971466     
  boxes for different PHASESPACE:
   1.9062137553610811E-003  +-    2.2072202166428878E-003  fb   115.79080312662990     
   1.1982277100465828E-002  +-    7.5767656791054534E-003  fb   63.233103487574134     
   0.0000000000000000       +-    0.0000000000000000       fb                       NaN
 pentagons for different PHASESPACE:
   8.0707951520508101E-004  +-    8.1685794946313544E-004  fb   101.21158251124361     
   1.1754500948891364E-004  +-    1.6006606694311565E-004  fb   136.17427710379522     
   0.0000000000000000       +-    0.0000000000000000       fb                       NaN
   
 TOTAL VIRTUAL CONTRIBUTIONS:
 TOTAL borntype:
  0.91848144266683363       0.42687762465133822        46.476456117816433       %
 TOTAL boxes:
   1.3888490855826909E-002   7.8917171287893606E-003   56.821991753541710       %
 TOTAL pentagons:
   9.2462452469399461E-004   8.3239296932864366E-004   90.024971985696013       %
  
  
  REAL EMISSION for different PHASESPACE:
  0.35683096120778590       0.37625036628772524        105.44218613043256       %
   2.6218090264104869E-002   3.1918908189624791E-002   121.74383362057800       %
   6.8628387062081839E-002   2.7439951623139586E-002   39.983384132745485       %
  
  
  
 !!!!!!!!!!!!!!!!!!!!!!!!!!!!!!!!!!!!!!!!!!!!!!!!!!!!!!!!!!!!!!!!!!!!!!!!!!!!!!!!!!!!!!!!!!!!!!!!!!!!!!!!
   
  PROCESS:          482   :   p p -->  W+ Z A -->  ve/mu e/mu+ q q~ A
    with leading order hadronic decay of one vector boson
   
  TOTAL result (LO):          1.4626869865035670       +-    1.1898975171701223       fb     81.350113055594647      %
  NLO virtual result:        0.93329455804735451       +-   0.42695137721439075       fb     45.746690959782455      %
  QCD real emission:         0.45167743853397263       +-   0.37859755120278488       fb     83.820337015639737      %
  TOTAL result (NLO):         1.3849719965813272       +-   0.57063437004969331       fb     41.201870612420358      %
  K-Factor:                  0.94686833844880847     
 !!!!!!!!!!!!!!!!!!!!!!!!!!!!!!!!!!!!!!!!!!!!!!!!!!!!!!!!!!!!!!!!!!!!!!!!!!!!!!!!!!!!!!!!!!!!!!!!!!!!!!!!
  
  
  Endtime: 2016-12-02T09:06:01+0100
  Runtime: 0:00:00 (0 seconds)
