   
 -----------------------------------------------------------------
 VBFNLO, version 3.0.0 GIT d0989fbd
 Comput. Phys. Commun. 180 (2009) 1661[arXiv:0811.4559 [hep-ph]]
 arXiV:1107.4038, arXiV:1207.4975, arXiv:1404.3940
 http://www.itp.kit.edu/vbfnlo
 -----------------------------------------------------------------
 Process-specific references (please cite as well if appropriate):
 
 F. Campanario, C. Englert, M. Spannowsky, D. Zeppenfeld
 Europhys.Lett. 88 (2009) 11001, e-Print: arXiv:0908.1638 [hep-ph],
 F. Campanario, C. Englert, M. Spannowsky
 Phys.Rev. D83 (2011) 074009, e-Print: arXiv:1010.1291 [hep-ph]
 
 -----------------------------------------------------------------
   
   
  
        Information on global parameters
 -----------------------------------------------
   PROCESS               =      620
   LOPROCESS_PLUS_JET    =        F
   KK_MOD                =        F
   ANOM_CPL              =        T
   LEPTONS               =   -11   12
   LO_ITERATIONS         =        1
   NLO_ITERATIONS        =        1
   LO_POINTS             =       10
   NLO_POINTS            =       10
   NLO_SWITCH            =        T
   EWCOR_SWITCH          =        F
   FERMIONLOOP           =        3
   LHA_SWITCH            =        F
   HEPMC_SWITCH          =        F
   LO_GRID               = grid2_1                                           
                           grid2_2                                           
   NLO_GRID              = grid3_1                                           
                           grid3_2                                           
   PHTN_GRID             = grid4_1                                           
                           grid4_2                                           
   FLOOP_GRID            = grid5_1                                           
                           grid5_2                                           
   ECM                   =  13600.0    
   BEAM1                 =        1
   BEAM2                 =        1
   ID_MUF                =        0
   ID_MUR                =        0
   MUF_USER              =  100.000    
   MUR_USER              =  100.000    
   XIF                   =  1.00000    
   XIR                   =  1.00000    
 Warning: cannot read value for key = SHOWTIMING. Using default value :  T
 
       information on the selected process 
 -----------------------------------------------
 
  pp -> W+ A j -> l- vl A j
 
 W+ photon production in association with a hadronic jet.
 Process is implemented at LO and NLO QCD.
 Anomalous couplings can be set in "anomV.dat".
 References:
 F. Campanario, C. Englert, M. Spannowsky, D. Zeppenfeld
 Europhys.Lett. 88 (2009) 11001, e-Print: arXiv:0908.1638 [hep-ph],
 F. Campanario, C. Englert, M. Spannowsky
 Phys.Rev. D83 (2011) 074009, e-Print: arXiv:1010.1291 [hep-ph]
 
             Information on PDF sets            
 -----------------------------------------------
 Initializing PDF set CT18
  
               Physics parameters
 -----------------------------------------------
   HTYPE                 =        0
   MODEL                 =        1
   ANOM_CPL              =        T
   KK_MOD                =        F
   SPIN2                 =        F
   HMASS                 =  125.000    
   HWIDTH                = -999.000    
   TOPMASS               =  172.500    
   BOTTOMMASS            =  4.85500    
   CHARMMASS             =  1.65000    
   TAU_MASS              =  1.77684    
   EWSCHEME              =        3
   FERMI_CONST           = 0.116637E-04
   WMASS                 =  80.3980    
   ZMASS                 =  91.1876    
   
 Running in the SM
   
 Higgs mass =   125.00000000000000     
   
   
  
   Information on anomalous coupling parameters  
 ------------------------------------------------
   FORMFAC               =        T
 Warning: cannot read value for key = KMATRIX. Using default value :  F
   FORMFAC_IND           =        F
 Warning: cannot read value for key = TMATRIX. Using default value :  F
 Warning: cannot read value for key = FORMFACTYPE. Using default value :            1
   FORMFAC_IND           =        F
   FFMASSSCALE           =  2000.00    
   FFEXP                 =        2
   TRIANOM               =        1
   FWWW                  = 0.919000E-05
   FW                    = -.144000E-04
   FB                    = 0.383000E-04
  
 Information on scale setting in InitScales 
 -------------------------------------------
  
 Constant factorization scale chosen: mu_F =   100.00000000000000       GeV 
 Constant value for alphas chosen: alphas(NLO) =  0.11636176352327796     
 Constant value for alphas chosen: alphas(LO) =  0.12793873092679636     
  
  
   Information on couplings, masses and widths
 ===============================================
  
   SM coupling parameters 
 ---------------------------
   G_Fermi                         : 0.000011663700
   SIN**2 of the weak mixing angle : 0.22264585
   Q.E.D. fine structure constant  : 1/132.34070    
   SU(2) coupling constant g       : 0.65305673
   U(1) coupling constant g'       : 0.34950127
   Q.C.D. LO alfas(MZ)             : 0.12980813
   Q.C.D. NLO alfas(MZ)            : 0.11798159
  
      particle masses
 ---------------------------
   mass of the Z0 boson            :   91.1876
   mass of the W+/- boson          :   80.3980
   mass of the Higgs boson         :  125.0000
   mass of the top quark           :  172.5000
   mass of the bottom quark at MH  :    2.8039
  (All other fermions have mass equal ZERO)
  
      particle widths
 ---------------------------
   total widths of Z0              :   2.508420 GeV
   total widths of W+ or W-        :   2.097673 GeV
   total widths of Higgs           :   0.004128 GeV
   total widths of top quark       :   1.342520 GeV
  
     branching ratios
 ---------------------------
   W -> lepton anti-lepton         : 10.8397227 %
   W -> massless quark anti-quark  : 33.7404159 %
   W -> top bottom                 :  0.0000000 %
  
   Z -> neutrino anti-neutrino     :  6.6129820 %
   Z -> charged lepton anti-lepton :  3.3460763 %
   Z -> up-type quark anti-quark   : 11.9908090 %
   Z -> down-type quark anti-quark : 15.3804024 %
   Z -> top anti-top               :  0.0000000 %
  
   H -> WW                         : 20.4628169 %
   H -> ZZ                         :  2.5390366 %
   H -> bottom anti-bottom         : 58.7489081 %
   H -> top anti-top               :  0.0000000 %
   H -> charm anti-charm           :  3.4901975 %
   H -> tau anti-tau               :  6.2665676 %
   H -> mu anti-mu                 :  0.0221853 %
   H -> gluon gluon                :  8.0504027 %
   H -> gamma gamma                :  0.2383715 %
   H -> Z gamma                    :  0.1815139 %
  
 Warning: cannot read value for key = MLL_OSONLY. Using default value :  T
 Warning: cannot read value for key = PTMISS_MIN. Using default value :    0.0000000000000000     
 Warning: cannot read value for key = EXISOLCUT. Using default value :    1.0000000000000000     
 Warning: cannot read value for key = MJ_WINDOWV. Using default value :    0.0000000000000000     
 
          information on cut parameters
 -----------------------------------------------
 
 minimum jet pt        (PT_JET_MIN):     50.00    50.00   
 maximum jet rapidity                 (Y_JET_MAX):    4.5000000000000000     
 maximum parton pseudorapidity          (Y_P_MAX):    5.0000000000000000     
 minimum jet-jet R-separation           (RJJ_MIN):   0.69999999999999996     
 minimum number of jets                (NJET_MIN):            1
 single jet from hadronic decay (SINGLE_DECAYJET):            0
 exponent of generalised kT algorithm (PGENKTJET):    1.0000000000000000     
 minimum lepton-lepton R-separation     (RLL_MIN):    0.0000000000000000     
 maximum lepton-lepton R-separation     (RLL_MAX):    50.000000000000000     
 minimum jet-lepton R-separation        (RJL_MIN):   0.20000000000000001     
 minimum jet-photon R-separation        (RJG_MIN):    0.0000000000000000     
 minimum lepton-photon R-separation     (RLG_MIN):   0.20000000000000001     
 minimum photon-photon R-separation     (RGG_MIN):    0.0000000000000000     
 maximum photon-photon R-separation     (RGG_MAX):    50.000000000000000     
 maximum lepton rapidity                (Y_L_MAX):    2.5000000000000000     
 minimum lepton pt       (PT_L_MIN):     20.00   
 minimum invariant dilepton mass        (MLL_MIN):    0.0000000000000000     
 maximum invariant dilepton mass        (MLL_MAX):    14000.000000000000     
 m_ll cuts only on opposite-sign l   (MLL_OSONLY):  T
 maximum photon rapidity                (Y_G_MAX):    2.5000000000000000     
 minimum photon pt       (PT_G_MIN):     50.00   
 photon isolation cut                 (PHISOLCUT):   0.59999999999999998     
 efficiency of photon isolation cut   (EFISOLCUT):    1.0000000000000000     
 exponent of photon isolation cut   (EXISOLCUT):    1.0000000000000000     
 minimum invariant lepton-photon mass   (MLG_MIN):    0.0000000000000000     
 maximum invariant lepton-photon mass   (MLG_MAX):    1.0000000000000000E+020
 minimal missing transverse momentum (PTMISS_MIN):    0.0000000000000000     
 minimum jet rapidity separation      (ETAJJ_MIN):    0.0000000000000000     
 tagging jets in opposite hemispheres     (YSIGN):    F
 leptons fall inside rapidity gap     (LRAPIDGAP):    F
 min leptons y-dist from tagging jets   (DELY_JL):    0.0000000000000000     
 photons fall inside rapidity gap     (GRAPIDGAP):    T
 min photons y-dist from tagging jets   (DELY_JG):    0.0000000000000000     
 dijet min mass cut on tag jets        (MDIJ_MIN):    600.00000000000000     
 dijet max mass cut on tag jets        (MDIJ_MAX):    14000.000000000000     
 excluded jet-m window               (MJ_WINDOWV):    85.792800000000000        85.792800000000000     
 veto criteria for jets                   (JVETO):    F
 minimum veto-tag y-dist             (DELY_JVETO):    0.0000000000000000     
 maximum |y| for veto jet             (YMAX_VETO):    5.0000000000000000     
 minimum pT for veto jet             (PTMIN_VETO):    10.000000000000000     
 

        phase space generator information  
 -----------------------------------------------

 boson  3 has mass  80.40 GeV and width  2.0977 GeV
 integration range for boson  3 =      0.032  to     9616.652 GeV

 pTjmin =   50.0    50.0    50.0    50.0
 Ejmin  =    0.0     0.0     0.0     0.0
 yjmin  =    0.0     0.0     0.0     0.0
 yjmax  =    4.5     4.5     4.5     4.5
 infoj  =     -1      -1      -1      -1
 machine energy =    13600.0  GeV
 Minimal mom.transfer or mass for parton pair:   100.00 MeV

 -----------------------------------------------

  Open error on file random.dat
  Using default values.
  Random number generator initialized with seed =            0
 
          information on histogram config
 -----------------------------------------------
 
  Open error on file histograms.dat
  Using default values.
 SMEARING           =      T
 SMEAR_VALUE        =       0.10000000000000001     
 CALC_ERROR_GNUPLOT =      F
 CALC_ERROR_ROOT    =      F
 CALC_ERROR_1D      =      T
 CALC_ERROR_2D      =      F
 
HIST_ID1      =      0.00    250.00  # dS/dpT_j (fb/GeV)
HIST_ID2      =      0.00    500.00  # dS/dpTmax_j (fb/GeV)
HIST_ID3      =      0.00    200.00  # dS/dpTmin_j (fb/GeV)
HIST_ID4      =     -5.00      5.00  # dS/dy_j (fb)
HIST_ID5      =     -5.00      5.00  # dS/dy_j1 (fb)
HIST_ID6      =     -5.00      5.00  # dS/dy_j2 (fb)
HIST_ID7      =      0.00    500.00  # dS/dpTmax_l (fb/GeV)
HIST_ID8      =      0.00    200.00  # dS/dpTmin_l (fb/GeV)
HIST_ID9      =      0.00      5.00  # dS/d|eta|max_l (fb)
HIST_ID10     =      0.00      5.00  # dS/d|eta|min_l (fb)
HIST_ID11     =   -180.00    180.00  # dS/dPhi_jj (fb)
2DHIST_ID1    =      0.00      6.00      0.00    800.00  # d2S/dy_jj dm_jj (fb/GeV)
 
 -----------------------------------------------
 
Starttime: 2024-06-19T11:22:55+0200
  
 PHASE SPACE           1
  

 MONACO input parameters:
 ndim =  9,  ncall =    1024,   rtype = 0
 nprn =  0,  acc = -1.0E+0,  alph =  8.75E-1,  nd = 48,  mds =  0

 MONACO:  continuing with uniform grid

 iteration  1:
 integral =  2.609904E+01,  sigma = 1.025E+01
 efficacy = 3.262E-03,  raw efficacy = 3.262E-03
 f_positive = 3.516E-2,  f_zero = 9.648E-1,  f_negative = 0.000E+0
 accumulated statistics:
 integral =  2.609904E+01,  sigma = 1.025E+01,  chi^2/iteration = 8.882E-16

 MONACO:  grid written to file grid2_1.out.1
 
  result (LO):    26.099042105256892       +-    10.246454167313420       fb     39.259885960525615      %
 
  
 PHASE SPACE           2
  

 MONACO input parameters:
 ndim =  9,  ncall =    1024,   rtype = 0
 nprn =  0,  acc = -1.0E+0,  alph =  8.75E-1,  nd = 48,  mds =  0

 MONACO:  continuing with uniform grid

 iteration  1:
 integral =  2.525274E+02,  sigma = 1.030E+02
 efficacy = 2.552E-03,  raw efficacy = 2.552E-03
 f_positive = 9.473E-2,  f_zero = 9.053E-1,  f_negative = 0.000E+0
 accumulated statistics:
 integral =  2.525274E+02,  sigma = 1.030E+02,  chi^2/iteration = 0.000E+00

 MONACO:  grid written to file grid2_2.out.1
 
  result (LO):    252.52742853946290       +-    102.98515114404944       fb     40.781768435881318      %
 
 
  Total (multi-channel) result (LO):    278.62647064471980       +-    103.49362868875340       fb     37.144219804126024      %
  
   
 Initialising FF ..
   
 ====================================================
   FF 2.0, a package to evaluate one-loop integrals
 written by G. J. van Oldenborgh, NIKHEF-H, Amsterdam
 ====================================================
 for the algorithms used see preprint NIKHEF-H 89/17,
 'New Algorithms for One-loop Integrals', by G.J. van
 Oldenborgh and J.A.M. Vermaseren, published in 
 Zeitschrift fuer Physik C46(1990)425.
 ====================================================
  
 PHASE SPACE            1
  

 MONACO input parameters:
 ndim =  9,  ncall =    1024,   rtype = 0
 nprn =  0,  acc = -1.0E+0,  alph =  8.75E-1,  nd = 48,  mds =  0

 MONACO:  continuing with uniform grid
  
 W+Aj virtual amplitude square information:
 -----------------------------------------------
  
  
 -----------------------------------------------

 iteration  1:
 integral =  3.253680E+01,  sigma = 2.538E+01
 efficacy = 1.260E-03,  raw efficacy = 1.260E-03
 f_positive = 2.246E-2,  f_zero = 9.775E-1,  f_negative = 0.000E+0
 accumulated statistics:
 integral =  3.253680E+01,  sigma = 2.538E+01,  chi^2/iteration = 0.000E+00

 MONACO:  grid written to file grid2_1.vout.1
  
  result for virtual contribution, no.            1
  sigma =    32.536797178972343       +-    25.380455699593714       fb  
  
 total result for virtual contns so far 
  sigma =    32.536797178972343       +-    25.380455699593714       fb
  

 MONACO input parameters:
 ndim =  9,  ncall =      64,   rtype = 0
 nprn =  0,  acc = -1.0E+0,  alph =  8.75E-1,  nd = 48,  mds =  0

 MONACO:  continuing with uniform grid

 iteration  1:
 integral = -1.896113E+02,  sigma = 1.896E+02
 efficacy = 1.562E-02,  raw efficacy = 1.562E-02
 f_positive = 1.562E-2,  f_zero = 9.688E-1,  f_negative = 1.562E-2
 accumulated statistics:
 integral = -1.896113E+02,  sigma = 1.896E+02,  chi^2/iteration = 0.000E+00

 MONACO:  grid written to file grid2_1.vout.2
  
  result for virtual contribution, no.            2
  sigma =   -189.61133236548812       +-    189.61133790763466       fb  
  
 total result for virtual contns so far 
  sigma =   -157.07453518651579       +-    191.30244900325309       fb
  
  
 PHASE SPACE            2
  

 MONACO input parameters:
 ndim =  9,  ncall =    1024,   rtype = 0
 nprn =  0,  acc = -1.0E+0,  alph =  8.75E-1,  nd = 48,  mds =  0

 MONACO:  continuing with uniform grid

 iteration  1:
 integral =  2.441325E+02,  sigma = 6.269E+01
 efficacy = 6.391E-03,  raw efficacy = 6.391E-03
 f_positive = 8.691E-2,  f_zero = 9.131E-1,  f_negative = 0.000E+0
 accumulated statistics:
 integral =  2.441325E+02,  sigma = 6.269E+01,  chi^2/iteration = 1.776E-15

 MONACO:  grid written to file grid2_2.vout.1
  
  result for virtual contribution, no.            1
  sigma =    244.13247559630997       +-    62.691206558280562       fb  
  
 total result for virtual contns so far 
  sigma =    244.13247559630997       +-    62.691206558280562       fb
  

 MONACO input parameters:
 ndim =  9,  ncall =      64,   rtype = 0
 nprn =  0,  acc = -1.0E+0,  alph =  8.75E-1,  nd = 48,  mds =  0

 MONACO:  continuing with uniform grid

 iteration  1:
 integral =  1.286991E+00,  sigma = 1.792E+00
 efficacy = 1.163E-02,  raw efficacy = 1.163E-02
 f_positive = 3.125E-2,  f_zero = 9.375E-1,  f_negative = 3.125E-2
 accumulated statistics:
 integral =  1.286991E+00,  sigma = 1.792E+00,  chi^2/iteration = 0.000E+00

 MONACO:  grid written to file grid2_2.vout.2
  
  result for virtual contribution, no.            2
  sigma =    1.2869910932563564       +-    1.7924790773208885       fb  
  
 total result for virtual contns so far 
  sigma =    245.41946668956632       +-    62.716826776995291       fb
  
 
  Total (multi-channel) result (NLO virtual):    88.344931503050546       +-    201.32070771686125       fb     227.88031445800561      %
 
   
 Summary for FF ..
   
 
total number of errors and warnings
===================================
vbffferr: no errors
the warning system has been disabled
 
  
 PHASE SPACE            1
  

 MONACO input parameters:
 ndim = 12,  ncall =    1024,   rtype = 0
 nprn =  0,  acc = -1.0E+0,  alph =  8.75E-1,  nd = 48,  mds =  0

 MONACO:  continuing with uniform grid
  
 W+Ajj amplitude square information:
 -----------------------------------------------
  
 alfas=  0.11636176352327796     
  
  External b-quark contributions are excluded
  I include the calcluation of the finite
     collinear terms
 -----------------------------------------------

 iteration  1:
 integral =  1.340837E+01,  sigma = 8.121E+00
 efficacy = 1.689E-03,  raw efficacy = 1.689E-03
 f_positive = 5.273E-2,  f_zero = 8.955E-1,  f_negative = 5.176E-2
 accumulated statistics:
 integral =  1.340837E+01,  sigma = 8.121E+00,  chi^2/iteration = 0.000E+00

 MONACO:  grid written to file grid3_1.out.1
 
  result for real emissions 
  sigma =    13.408370966363560       +-    8.1205614344866177       fb
  
  
 PHASE SPACE            2
  

 MONACO input parameters:
 ndim = 12,  ncall =    1024,   rtype = 0
 nprn =  0,  acc = -1.0E+0,  alph =  8.75E-1,  nd = 48,  mds =  0

 MONACO:  continuing with uniform grid

 iteration  1:
 integral =  1.047643E+02,  sigma = 4.174E+01
 efficacy = 3.424E-03,  raw efficacy = 3.424E-03
 f_positive = 9.473E-2,  f_zero = 8.340E-1,  f_negative = 7.129E-2
 accumulated statistics:
 integral =  1.047643E+02,  sigma = 4.174E+01,  chi^2/iteration = 0.000E+00

 MONACO:  grid written to file grid3_2.out.1
 
  result for real emissions 
  sigma =    104.76428166898373       +-    41.737280644540277       fb
  
 
  Total (multi-channel) result (NLO real):    118.17265263534729       +-    42.519926077221584       fb     35.981189496040145      %
 
  
  final result at NLO 
  sigma =    206.51758413839784       +-    205.76192910553272       fb   99.634096517244402      %
 LO for different PHASESPACE:
   26.099042105256892       +-    10.246454167313420       fb   39.259885960525615     
   252.52742853946290       +-    102.98515114404944       fb   40.781768435881318     
 
  
  
 VIRTUAL CONTRIBUTIONS for different PHASESPACE:
  borntype for different PHASESPACE:
   32.536797178972343       +-    25.380455699593714       fb   78.005390512119675     
   244.13247559630997       +-    62.691206558280562       fb   25.679175376054776     
  boxes for different PHASESPACE:
  -189.61133236548812       +-    189.61133790763466       fb  -100.00000292289836     
   1.2869910932563564       +-    1.7924790773208885       fb   139.27672745469761     
   
 TOTAL VIRTUAL CONTRIBUTIONS:
 TOTAL borntype:
   276.66927277528231        67.633977490992194        24.445785689372958       %
 TOTAL boxes:
  -188.32434127223178        189.61981026350028       -100.68789248512270       %
  
  
  REAL EMISSION for different PHASESPACE:
   13.408370966363560        8.1205614344866177        60.563370858831242       %
   104.76428166898373        41.737280644540277        39.839227625704154       %
  
  
  
 !!!!!!!!!!!!!!!!!!!!!!!!!!!!!!!!!!!!!!!!!!!!!!!!!!!!!!!!!!!!!!!!!!!!!!!!!!!!!!!!!!!!!!!!!!!!!!!!!!!!!!!!
   
  PROCESS:          620   :   p p -->  W+ A j -->  e+ ve A j
    with anomalous couplings
   
  TOTAL result (LO):          278.62647064471980  +-      103.49362868875340 fb       37.14421980412602 %
  NLO virtual result:          88.34493150305053  +-      201.32070771686128 fb      227.88031445800567 %
  QCD real emission:          118.17265263534729  +-       42.51992607722158 fb       35.98118949604014 %
  TOTAL result (NLO):         206.51758413839784  +-      205.76192910553272 fb       99.63409651724440 %
  K-Factor:                 0.74119872265019304     
 !!!!!!!!!!!!!!!!!!!!!!!!!!!!!!!!!!!!!!!!!!!!!!!!!!!!!!!!!!!!!!!!!!!!!!!!!!!!!!!!!!!!!!!!!!!!!!!!!!!!!!!!
  
  
  Endtime: 2024-06-19T11:22:56+0200
  Runtime: 0:00:00 (0 seconds)
