running on itppc31
command to run:
/itp/fast/robin/vbfnlo-installs/mpi-disable/bin/vbfnlo
   
 -----------------------------------------------------------------
 VBFNLO, version 3.0.0 beta2 GIT a9d9ebca
 Comput. Phys. Commun. 180 (2009) 1661[arXiv:0811.4559 [hep-ph]]
 arXiV:1107.4038, arXiV:1207.4975, arXiv:1404.3940
 http://www.itp.kit.edu/vbfnlo
 -----------------------------------------------------------------
 Process-specific references (please cite as well if appropriate):
 
 F. Campanario, C. Englert, M. Spannowsky, D. Zeppenfeld
 Europhys.Lett. 88 (2009) 11001, e-Print: arXiv:0908.1638 [hep-ph],
 F. Campanario, C. Englert, M. Spannowsky
 Phys.Rev. D83 (2011) 074009, e-Print: arXiv:1010.1291 [hep-ph]
 
 -----------------------------------------------------------------
   
   
  
        Information on global parameters
 -----------------------------------------------
   PROCESS               =      620
   LOPROCESS_PLUS_JET    =        F
   KK_MOD                =        F
   ANOM_CPL              =        T
   LEPTONS               =   -11   12
   LO_ITERATIONS         =        6
   NLO_ITERATIONS        =        6
   LO_POINTS             =       24
   NLO_POINTS            =       24
   NLO_SWITCH            =        T
   EWCOR_SWITCH          =        F
   FERMIONLOOP           =        3
   LHA_SWITCH            =        F
   HEPMC_SWITCH          =        F
   LO_GRID               = grid2_1                                           
                           grid2_2                                           
   NLO_GRID              = grid3_1                                           
                           grid3_2                                           
   PHTN_GRID             = grid4_1                                           
                           grid4_2                                           
   FLOOP_GRID            = grid5_1                                           
                           grid5_2                                           
   ECM                   =  14000.0    
   BEAM1                 =        1
   BEAM2                 =        1
   ID_MUF                =        0
   ID_MUR                =        0
   MUF_USER              =  100.000    
   MUR_USER              =  100.000    
   XIF                   =  1.00000    
   XIR                   =  1.00000    
 Warning: cannot read value for key = SHOWTIMING. Using default value :  T
 
       information on the selected process 
 -----------------------------------------------
 
  pp -> W+ A j -> l- vl A j
 
 W+ photon production in association with a hadronic jet.
 Process is implemented at LO and NLO QCD.
 Anomalous couplings can be set in "anomV.dat".
 References:
 F. Campanario, C. Englert, M. Spannowsky, D. Zeppenfeld
 Europhys.Lett. 88 (2009) 11001, e-Print: arXiv:0908.1638 [hep-ph],
 F. Campanario, C. Englert, M. Spannowsky
 Phys.Rev. D83 (2011) 074009, e-Print: arXiv:1010.1291 [hep-ph]
 
 Initializing PDF set CT10
  
               Physics parameters
 -----------------------------------------------
   HTYPE                 =        0
   MODEL                 =        1
   ANOM_CPL              =        T
   KK_MOD                =        F
   SPIN2                 =        F
   HMASS                 =  120.000    
   HWIDTH                = -999.000    
   TOPMASS               =  172.400    
   BOTTOMMASS            =  4.85500    
   CHARMMASS             =  1.65000    
   TAU_MASS              =  1.77684    
   EWSCHEME              =        3
   FERMI_CONST           = 0.116637E-04
   WMASS                 =  80.3980    
   ZMASS                 =  91.1876    
   
 Running in the SM
   
 Higgs mass =   120.00000000000000     
   
   
  
   Information on anomalous coupling parameters  
 ------------------------------------------------
   FORMFAC               =        T
 Warning: cannot read value for key = KMATRIX. Using default value :  F
   FORMFAC_IND           =        F
   FFMASSSCALE           =  2000.00    
   FFEXP                 =        2
   TRIANOM               =        1
   FWWW                  = 0.919000E-05
   FW                    = -.144000E-04
   FB                    = 0.383000E-04
  
 Information on scale setting in InitScales 
 -------------------------------------------
  
 Constant factorization scale chosen: mu_F =   100.00000000000000       GeV 
 Constant value for alphas chosen: alphas(NLO) =  0.11636176352327796     
 Initializing PDF set cteq6l1
  
  
 Constant value for alphas chosen: alphas(LO) =  0.12793873092679636     
  
  
   Information on couplings, masses and widths
 ===============================================
  
   SM coupling parameters 
 ---------------------------
   G_Fermi                         : 0.000011663700
   SIN**2 of the weak mixing angle : 0.22264585
   Q.E.D. fine structure constant  : 1/132.34070    
   SU(2) coupling constant g       : 0.65305673
   U(1) coupling constant g'       : 0.34950127
   Q.C.D. LO alfas(MZ)             : 0.12980813
   Q.C.D. NLO alfas(MZ)            : 0.11798159
  
      particle masses
 ---------------------------
   mass of the Z0 boson            :   91.1876
   mass of the W+/- boson          :   80.3980
   mass of the Higgs boson         :  120.0000
   mass of the top quark           :  172.4000
   mass of the bottom quark at MH  :    2.8132
  (All other fermions have mass equal ZERO)
  
      particle widths
 ---------------------------
   total widths of Z0              :   2.508420 GeV
   total widths of W+ or W-        :   2.097673 GeV
   total widths of Higgs           :   0.003578 GeV
   total widths of top quark       :   1.339784 GeV
  
     branching ratios
 ---------------------------
   W -> lepton anti-lepton         : 10.8397227 %
   W -> massless quark anti-quark  : 33.7404159 %
   W -> top bottom                 :  0.0000000 %
  
   Z -> neutrino anti-neutrino     :  6.6129820 %
   Z -> charged lepton anti-lepton :  3.3460763 %
   Z -> up-type quark anti-quark   : 11.9908090 %
   Z -> down-type quark anti-quark : 15.3804024 %
   Z -> top anti-top               :  0.0000000 %
  
   H -> WW                         : 13.4257085 %
   H -> ZZ                         :  1.5167593 %
   H -> bottom anti-bottom         : 65.5969832 %
   H -> top anti-top               :  0.0000000 %
   H -> charm anti-charm           :  3.8970452 %
   H -> tau anti-tau               :  6.9405324 %
   H -> mu anti-mu                 :  0.0245739 %
   H -> gluon gluon                :  8.2279367 %
   H -> gamma gamma                :  0.2323288 %
   H -> Z gamma                    :  0.1381319 %
  
 Warning: cannot read value for key = MLL_OSONLY. Using default value :  T
 Warning: cannot read value for key = PTMISS_MIN. Using default value :    0.0000000000000000     
 
          information on cut parameters
 -----------------------------------------------
 
 minimum jet pt        (PT_JET_MIN):     50.00    50.00   
 maximum jet rapidity                 (Y_JET_MAX):    4.5000000000000000     
 maximum parton pseudorapidity          (Y_P_MAX):    5.0000000000000000     
 minimum jet-jet R-separation           (RJJ_MIN):   0.69999999999999996     
 minimum number of jets                (NJET_MIN):            1
 single jet from hadronic decay (SINGLE_DECAYJET):            0
 exponent of generalised kT algorithm (PGENKTJET):    1.0000000000000000     
 minimum lepton-lepton R-separation     (RLL_MIN):    0.0000000000000000     
 maximum lepton-lepton R-separation     (RLL_MAX):    50.000000000000000     
 minimum jet-lepton R-separation        (RJL_MIN):   0.20000000000000001     
 minimum jet-photon R-separation        (RJG_MIN):    0.0000000000000000     
 minimum lepton-photon R-separation     (RLG_MIN):   0.20000000000000001     
 minimum photon-photon R-separation     (RGG_MIN):    0.0000000000000000     
 maximum photon-photon R-separation     (RGG_MAX):    50.000000000000000     
 maximum lepton rapidity                (Y_L_MAX):    2.5000000000000000     
 minimum lepton pt       (PT_L_MIN):     20.00   
 minimum invariant dilepton mass        (MLL_MIN):    0.0000000000000000     
 maximum invariant dilepton mass        (MLL_MAX):    14000.000000000000     
 m_ll cuts only on opposite-sign l   (MLL_OSONLY):  T
 maximum photon rapidity                (Y_G_MAX):    2.5000000000000000     
 minimum photon pt       (PT_G_MIN):     50.00   
 photon isolation cut                 (PHISOLCUT):   0.59999999999999998     
 efficiency of photon isolation cut   (EFISOLCUT):    1.0000000000000000     
 minimum invariant lepton-photon mass   (MLG_MIN):    0.0000000000000000     
 maximum invariant lepton-photon mass   (MLG_MAX):    1.0000000000000000E+020
 minimal missing transverse momentum (PTMISS_MIN):    0.0000000000000000     
 minimum jet rapidity separation      (ETAJJ_MIN):    0.0000000000000000     
 tagging jets in opposite hemispheres     (YSIGN):    F
 leptons fall inside rapidity gap     (LRAPIDGAP):    F
 min leptons y-dist from tagging jets   (DELY_JL):    0.0000000000000000     
 photons fall inside rapidity gap     (GRAPIDGAP):    T
 min photons y-dist from tagging jets   (DELY_JG):    0.0000000000000000     
 dijet min mass cut on tag jets        (MDIJ_MIN):    600.00000000000000     
 dijet max mass cut on tag jets        (MDIJ_MAX):    14000.000000000000     
 veto criteria for jets                   (JVETO):    F
 minimum veto-tag y-dist             (DELY_JVETO):    0.0000000000000000     
 maximum |y| for veto jet             (YMAX_VETO):    5.0000000000000000     
 minimum pT for veto jet             (PTMIN_VETO):    10.000000000000000     
 

        phase space generator information  
 -----------------------------------------------

 boson  3 has mass  80.40 GeV and width  2.0977 GeV
 integration range for boson  3 =      0.032  to     9899.495 GeV

 pTjmin =   50.0    50.0    50.0    50.0
 Ejmin  =    0.0     0.0     0.0     0.0
 yjmin  =    0.0     0.0     0.0     0.0
 yjmax  =    4.5     4.5     4.5     4.5
 infoj  =     -1      -1      -1      -1
 machine energy =    14000.0  GeV
 Minimal mom.transfer or mass for parton pair:   100.00 MeV

 -----------------------------------------------

  Open error on file random.dat
  Using default values.
  Random number generator initialized with seed =            0
 
          information on histogram config
 -----------------------------------------------
 
  Open error on file histograms.dat
  Using default values.
 SMEARING           =      F
 CALC_ERROR_GNUPLOT =      F
 CALC_ERROR_ROOT    =      F
 CALC_ERROR_1D      =      T
 CALC_ERROR_2D      =      F
 
HIST_ID1      =      0.00    250.00  # dS/dpT_j (fb/GeV)
HIST_ID2      =      0.00    500.00  # dS/dpTmax_j (fb/GeV)
HIST_ID3      =      0.00    200.00  # dS/dpTmin_j (fb/GeV)
HIST_ID4      =     -5.00      5.00  # dS/dy_j (fb)
HIST_ID5      =     -5.00      5.00  # dS/dy_j1 (fb)
HIST_ID6      =     -5.00      5.00  # dS/dy_j2 (fb)
HIST_ID7      =      0.00    500.00  # dS/dpTmax_l (fb/GeV)
HIST_ID8      =      0.00    200.00  # dS/dpTmin_l (fb/GeV)
HIST_ID9      =      0.00      5.00  # dS/d|eta|max_l (fb)
HIST_ID10     =      0.00      5.00  # dS/d|eta|min_l (fb)
HIST_ID11     =   -180.00    180.00  # dS/dPhi_jj (fb)
2DHIST_ID1    =      0.00      6.00      0.00    800.00  # d2S/dy_jj dm_jj (fb/GeV)
 
 -----------------------------------------------
 
 
 
Starttime: 2016-11-30T11:43:28+0100
  
 PHASE SPACE           1
  

 MONACO input parameters:
 ndim =  9,  ncall =     512k,   rtype = 0
 nprn =  0,  acc = -1.0E+0,  alph = 8.75E-1,  nd = 48,  mds =  0

 MONACO:  continuing with uniform grid
  
 W+Aj amplitude square information:
 -----------------------------------------------
  
  alfas =  0.12793873092679636     
  
 -----------------------------------------------
  External b-quark contributions are excluded

 iteration  1:
 integral =  1.139702E+02,  sigma = 4.349E+00
 efficacy = 1.561E-04,  raw efficacy = 1.561E-04
 f_positive = 3.954E-2,  f_zero = 9.605E-1,  f_negative = 0.000E+0
 accumulated statistics:
 integral =  1.139702E+02,  sigma = 4.349E+00,  chi^2/iteration = 1.137E-13

 MONACO:  grid written to file grid2_1.out.1

 MONACO input parameters:
 ndim =  9,  ncall =       1M,   rtype = 0
 nprn =  0,  acc = -1.0E+0,  alph = 8.75E-1,  nd = 48,  mds =  0

 iteration  2:
 integral =  1.138789E+02,  sigma = 8.795E-01
 efficacy = 1.400E-03,  raw efficacy = 9.851E-05
 f_positive = 7.234E-2,  f_zero = 9.277E-1,  f_negative = 0.000E+0
 accumulated statistics:
 integral =  1.138825E+02,  sigma = 8.620E-01,  chi^2/iteration = 4.232E+02

 MONACO:  grid written to file grid2_1.out.2

 MONACO input parameters:
 ndim =  9,  ncall =       2M,   rtype = 0
 nprn =  0,  acc = -1.0E+0,  alph = 8.75E-1,  nd = 48,  mds =  0

 iteration  3:
 integral =  1.142426E+02,  sigma = 3.917E-01
 efficacy = 3.826E-03,  raw efficacy = 9.353E-05
 f_positive = 8.722E-2,  f_zero = 9.128E-1,  f_negative = 0.000E+0
 accumulated statistics:
 integral =  1.141810E+02,  sigma = 3.566E-01,  chi^2/iteration = 1.451E-01

 MONACO:  grid written to file grid2_1.out.3

 MONACO input parameters:
 ndim =  9,  ncall =       4M,   rtype = 0
 nprn =  0,  acc = -1.0E+0,  alph = 8.75E-1,  nd = 48,  mds =  0

 iteration  4:
 integral =  1.145663E+02,  sigma = 2.404E-01
 efficacy = 2.345E-03,  raw efficacy = 7.969E-05
 f_positive = 9.449E-2,  f_zero = 9.055E-1,  f_negative = 0.000E+0
 accumulated statistics:
 integral =  1.144459E+02,  sigma = 1.993E-01,  chi^2/iteration = 4.740E-01

 MONACO:  grid written to file grid2_1.out.4

 MONACO input parameters:
 ndim =  9,  ncall =       8M,   rtype = 0
 nprn =  0,  acc = -1.0E+0,  alph = 8.75E-1,  nd = 48,  mds =  0

 iteration  5:
 integral =  1.142196E+02,  sigma = 1.616E-01
 efficacy = 1.694E-03,  raw efficacy = 8.992E-05
 f_positive = 9.809E-2,  f_zero = 9.019E-1,  f_negative = 0.000E+0
 accumulated statistics:
 integral =  1.143093E+02,  sigma = 1.255E-01,  chi^2/iteration = 5.753E-01

 MONACO:  grid written to file grid2_1.out.5

 MONACO input parameters:
 ndim =  9,  ncall =      16M,   rtype = 0
 nprn =  0,  acc = -1.0E+0,  alph = 8.75E-1,  nd = 48,  mds =  0

 iteration  6:
 integral =  1.144125E+02,  sigma = 1.131E-01
 efficacy = 1.215E-03,  raw efficacy = 7.325E-05
 f_positive = 1.004E-1,  f_zero = 8.996E-1,  f_negative = 0.000E+0
 accumulated statistics:
 integral =  1.143663E+02,  sigma = 8.404E-02,  chi^2/iteration = 5.247E-01

 MONACO:  grid written to file grid2_1.out.6
 
  result (LO):    114.36625741980325       +-    8.4035440212777757E-002  fb     7.3479225523931921E-002 %
 
  
 PHASE SPACE           2
  

 MONACO input parameters:
 ndim =  9,  ncall =     512k,   rtype = 0
 nprn =  0,  acc = -1.0E+0,  alph = 8.75E-1,  nd = 48,  mds =  0

 MONACO:  continuing with uniform grid

 iteration  1:
 integral =  4.301348E+02,  sigma = 1.128E+01
 efficacy = 1.660E-04,  raw efficacy = 1.660E-04
 f_positive = 8.987E-2,  f_zero = 9.101E-1,  f_negative = 0.000E+0
 accumulated statistics:
 integral =  4.301348E+02,  sigma = 1.128E+01,  chi^2/iteration = 0.000E+00

 MONACO:  grid written to file grid2_2.out.1

 MONACO input parameters:
 ndim =  9,  ncall =       1M,   rtype = 0
 nprn =  0,  acc = -1.0E+0,  alph = 8.75E-1,  nd = 48,  mds =  0

 iteration  2:
 integral =  4.375241E+02,  sigma = 1.910E+00
 efficacy = 1.531E-03,  raw efficacy = 6.820E-05
 f_positive = 3.589E-1,  f_zero = 6.411E-1,  f_negative = 0.000E+0
 accumulated statistics:
 integral =  4.373181E+02,  sigma = 1.884E+00,  chi^2/iteration = 4.171E+05

 MONACO:  grid written to file grid2_2.out.2

 MONACO input parameters:
 ndim =  9,  ncall =       2M,   rtype = 0
 nprn =  0,  acc = -1.0E+0,  alph = 8.75E-1,  nd = 48,  mds =  0

 iteration  3:
 integral =  4.378075E+02,  sigma = 9.060E-01
 efficacy = 6.439E-04,  raw efficacy = 4.345E-05
 f_positive = 5.118E-1,  f_zero = 4.882E-1,  f_negative = 0.000E+0
 accumulated statistics:
 integral =  4.377155E+02,  sigma = 8.165E-01,  chi^2/iteration = 4.719E-01

 MONACO:  grid written to file grid2_2.out.3

 MONACO input parameters:
 ndim =  9,  ncall =       4M,   rtype = 0
 nprn =  0,  acc = -1.0E+0,  alph = 8.75E-1,  nd = 48,  mds =  0

 iteration  4:
 integral =  4.373564E+02,  sigma = 5.266E-01
 efficacy = 1.365E-03,  raw efficacy = 1.884E-05
 f_positive = 5.599E-1,  f_zero = 4.401E-1,  f_negative = 0.000E+0
 accumulated statistics:
 integral =  4.374619E+02,  sigma = 4.425E-01,  chi^2/iteration = 3.043E-01

 MONACO:  grid written to file grid2_2.out.4

 MONACO input parameters:
 ndim =  9,  ncall =       8M,   rtype = 0
 nprn =  0,  acc = -1.0E+0,  alph = 8.75E-1,  nd = 48,  mds =  0

 iteration  5:
 integral =  4.373258E+02,  sigma = 3.504E-01
 efficacy = 1.602E-03,  raw efficacy = 1.311E-05
 f_positive = 5.947E-1,  f_zero = 4.053E-1,  f_negative = 0.000E+0
 accumulated statistics:
 integral =  4.373783E+02,  sigma = 2.747E-01,  chi^2/iteration = 2.222E-01

 MONACO:  grid written to file grid2_2.out.5

 MONACO input parameters:
 ndim =  9,  ncall =      16M,   rtype = 0
 nprn =  0,  acc = -1.0E+0,  alph = 8.75E-1,  nd = 48,  mds =  0

 iteration  6:
 integral =  4.380111E+02,  sigma = 2.429E-01
 efficacy = 7.469E-04,  raw efficacy = 2.057E-05
 f_positive = 6.104E-1,  f_zero = 3.896E-1,  f_negative = 0.000E+0
 accumulated statistics:
 integral =  4.377334E+02,  sigma = 1.820E-01,  chi^2/iteration = 9.112E-01

 MONACO:  grid written to file grid2_2.out.6
 
  result (LO):    437.73341395064489       +-   0.18198026225652886       fb     4.1573308423982325E-002 %
 
 
  Total (multi-channel) result (LO):    552.09967137044816       +-   0.20044642940873347       fb     3.6306203354763061E-002 %
  
   
 Initialising FF ..
   
 ====================================================
   FF 2.0, a package to evaluate one-loop integrals
 written by G. J. van Oldenborgh, NIKHEF-H, Amsterdam
 ====================================================
 for the algorithms used see preprint NIKHEF-H 89/17,
 'New Algorithms for One-loop Integrals', by G.J. van
 Oldenborgh and J.A.M. Vermaseren, published in 
 Zeitschrift fuer Physik C46(1990)425.
 ====================================================
 Initializing PDF set CT10
  
 PHASE SPACE            1
  

 MONACO input parameters:
 ndim =  9,  ncall =      16M,   rtype = 0
 nprn =  0,  acc = -1.0E+0,  alph = 8.75E-1,  nd = 48,  mds =  0

 MONACO:  grid read from file grid2_1.out.6                                                                                                                                                                                                                                             
  
 W+Aj virtual amplitude square information:
 -----------------------------------------------
  
  
 -----------------------------------------------

 iteration  1:
 integral =  1.096887E+02,  sigma = 1.073E-01
 efficacy = 9.432E-04,  raw efficacy = 8.267E-05
 f_positive = 1.018E-1,  f_zero = 8.982E-1,  f_negative = 0.000E+0
 accumulated statistics:
 integral =  1.096887E+02,  sigma = 1.073E-01,  chi^2/iteration = 1.164E-10

 MONACO:  grid written to file grid2_1.vout.1
  
  result for virtual contribution, no.            1
  sigma =    109.68873120341132       +-   0.10726801983986788       fb  
  
 total result for virtual contns so far 
  sigma =    109.68873120341132       +-   0.10726801983986788       fb
  

 MONACO input parameters:
 ndim =  9,  ncall =       1M,   rtype = 0
 nprn =  0,  acc = -1.0E+0,  alph = 8.75E-1,  nd = 48,  mds =  0

 MONACO:  grid read from file grid2_1.out.6                                                                                                                                                                                                                                             

 iteration  1:
 integral = -6.004895E+00,  sigma = 4.003E-02
 efficacy = 9.939E-04,  raw efficacy = 1.016E-04
 f_positive = 1.204E-2,  f_zero = 8.986E-1,  f_negative = 8.940E-2
 accumulated statistics:
 integral = -6.004895E+00,  sigma = 4.003E-02,  chi^2/iteration = 0.000E+00

 MONACO:  grid written to file grid2_1.vout.2
  
  result for virtual contribution, no.            2
  sigma =   -6.0048954660413596       +-    4.0027576748983835E-002  fb  
  
 total result for virtual contns so far 
  sigma =    103.68383573736996       +-   0.11449294729703693       fb
  
  
 PHASE SPACE            2
  

 MONACO input parameters:
 ndim =  9,  ncall =      16M,   rtype = 0
 nprn =  0,  acc = -1.0E+0,  alph = 8.75E-1,  nd = 48,  mds =  0

 MONACO:  grid read from file grid2_2.out.6                                                                                                                                                                                                                                             

 iteration  1:
 integral =  4.246365E+02,  sigma = 2.269E-01
 efficacy = 1.049E-03,  raw efficacy = 1.640E-05
 f_positive = 6.164E-1,  f_zero = 3.836E-1,  f_negative = 0.000E+0
 accumulated statistics:
 integral =  4.246365E+02,  sigma = 2.269E-01,  chi^2/iteration = 9.313E-10

 MONACO:  grid written to file grid2_2.vout.1
  
  result for virtual contribution, no.            1
  sigma =    424.63649370505777       +-   0.22693692381656946       fb  
  
 total result for virtual contns so far 
  sigma =    424.63649370505777       +-   0.22693692381656946       fb
  

 MONACO input parameters:
 ndim =  9,  ncall =       1M,   rtype = 0
 nprn =  0,  acc = -1.0E+0,  alph = 8.75E-1,  nd = 48,  mds =  0

 MONACO:  grid read from file grid2_2.out.6                                                                                                                                                                                                                                             

 iteration  1:
 integral = -3.120399E+01,  sigma = 1.830E-01
 efficacy = 3.013E-04,  raw efficacy = 1.373E-05
 f_positive = 1.788E-1,  f_zero = 3.834E-1,  f_negative = 4.378E-1
 accumulated statistics:
 integral = -3.120399E+01,  sigma = 1.830E-01,  chi^2/iteration = 3.638E-12

 MONACO:  grid written to file grid2_2.vout.2
  
  result for virtual contribution, no.            2
  sigma =   -31.203990910335762       +-   0.18297485959908144       fb  
  
 total result for virtual contns so far 
  sigma =    393.43250279472204       +-   0.29151357882032020       fb
  
 
  Total (multi-channel) result (NLO virtual):    497.11633853209196       +-   0.31319131791509341       fb     6.3001614237805814E-002 %
 
   
 Summary for FF ..
   
 
total number of errors and warnings
===================================
vbffferr: no errors
the warning system has been disabled
 
  
 PHASE SPACE            1
  

 MONACO input parameters:
 ndim = 12,  ncall =     512k,   rtype = 0
 nprn =  0,  acc = -1.0E+0,  alph = 8.75E-1,  nd = 48,  mds =  0

 MONACO:  continuing with uniform grid
  
 W+Ajj amplitude square information:
 -----------------------------------------------
  
 alfas=  0.11636176352327796     
  
  External b-quark contributions are excluded
  I include the calcluation of the finite
     collinear terms
 -----------------------------------------------

 iteration  1:
 integral =  4.783558E+01,  sigma = 5.585E+00
 efficacy = 5.488E-05,  raw efficacy = 5.488E-05
 f_positive = 5.232E-2,  f_zero = 9.010E-1,  f_negative = 4.666E-2
 accumulated statistics:
 integral =  4.783558E+01,  sigma = 5.585E+00,  chi^2/iteration = 0.000E+00

 MONACO:  grid written to file grid3_1.out.1

 MONACO input parameters:
 ndim = 12,  ncall =       1M,   rtype = 0
 nprn =  0,  acc = -1.0E+0,  alph = 8.75E-1,  nd = 48,  mds =  0

 iteration  2:
 integral =  4.337101E+01,  sigma = 2.600E+00
 efficacy = 4.001E-05,  raw efficacy = 3.710E-06
 f_positive = 1.069E-1,  f_zero = 8.318E-1,  f_negative = 6.131E-2
 accumulated statistics:
 integral =  4.416635E+01,  sigma = 2.357E+00,  chi^2/iteration = 5.251E+05

 MONACO:  grid written to file grid3_1.out.2

 MONACO input parameters:
 ndim = 12,  ncall =       2M,   rtype = 0
 nprn =  0,  acc = -1.0E+0,  alph = 8.75E-1,  nd = 48,  mds =  0

 iteration  3:
 integral =  4.616808E+01,  sigma = 1.313E+00
 efficacy = 4.082E-05,  raw efficacy = 2.919E-07
 f_positive = 1.228E-1,  f_zero = 8.209E-1,  f_negative = 5.629E-2
 accumulated statistics:
 integral =  4.569431E+01,  sigma = 1.147E+00,  chi^2/iteration = 1.076E+00

 MONACO:  grid written to file grid3_1.out.3

 MONACO input parameters:
 ndim = 12,  ncall =       4M,   rtype = 0
 nprn =  0,  acc = -1.0E+0,  alph = 8.75E-1,  nd = 48,  mds =  0

 iteration  4:
 integral =  4.944897E+01,  sigma = 6.590E-01
 efficacy = 6.991E-05,  raw efficacy = 9.049E-08
 f_positive = 1.296E-1,  f_zero = 8.136E-1,  f_negative = 5.685E-2
 accumulated statistics:
 integral =  4.851698E+01,  sigma = 5.714E-01,  chi^2/iteration = 4.567E+00

 MONACO:  grid written to file grid3_1.out.4

 MONACO input parameters:
 ndim = 12,  ncall =       8M,   rtype = 0
 nprn =  0,  acc = -1.0E+0,  alph = 8.75E-1,  nd = 48,  mds =  0

 iteration  5:
 integral =  4.811339E+01,  sigma = 5.284E-01
 efficacy = 3.352E-05,  raw efficacy = 5.412E-08
 f_positive = 1.322E-1,  f_zero = 8.145E-1,  f_negative = 5.331E-2
 accumulated statistics:
 integral =  4.829943E+01,  sigma = 3.879E-01,  chi^2/iteration = 3.134E+00

 MONACO:  grid written to file grid3_1.out.5

 MONACO input parameters:
 ndim = 12,  ncall =      16M,   rtype = 0
 nprn =  0,  acc = -1.0E+0,  alph = 8.75E-1,  nd = 48,  mds =  0

 iteration  6:
 integral =  4.811108E+01,  sigma = 3.069E-01
 efficacy = 5.196E-05,  raw efficacy = 1.611E-08
 f_positive = 1.251E-1,  f_zero = 8.244E-1,  f_negative = 5.055E-2
 accumulated statistics:
 integral =  4.818358E+01,  sigma = 2.407E-01,  chi^2/iteration = 2.387E+00

 MONACO:  grid written to file grid3_1.out.6
 
  result for real emissions 
  sigma =    48.183576082265539       +-   0.24067675995843935       fb
  
  
 PHASE SPACE            2
  

 MONACO input parameters:
 ndim = 12,  ncall =     512k,   rtype = 0
 nprn =  0,  acc = -1.0E+0,  alph = 8.75E-1,  nd = 48,  mds =  0

 MONACO:  continuing with uniform grid

 iteration  1:
 integral =  2.420109E+02,  sigma = 3.222E+01
 efficacy = 1.914E-05,  raw efficacy = 1.914E-05
 f_positive = 8.073E-2,  f_zero = 8.356E-1,  f_negative = 8.371E-2
 accumulated statistics:
 integral =  2.420109E+02,  sigma = 3.222E+01,  chi^2/iteration = 7.105E-15

 MONACO:  grid written to file grid3_2.out.1

 MONACO input parameters:
 ndim = 12,  ncall =       1M,   rtype = 0
 nprn =  0,  acc = -1.0E+0,  alph = 8.75E-1,  nd = 48,  mds =  0

 iteration  2:
 integral =  2.423356E+02,  sigma = 9.251E+00
 efficacy = 7.251E-05,  raw efficacy = 2.653E-06
 f_positive = 2.517E-1,  f_zero = 6.005E-1,  f_negative = 1.478E-1
 accumulated statistics:
 integral =  2.423109E+02,  sigma = 8.892E+00,  chi^2/iteration = 9.384E+01

 MONACO:  grid written to file grid3_2.out.2

 MONACO input parameters:
 ndim = 12,  ncall =       2M,   rtype = 0
 nprn =  0,  acc = -1.0E+0,  alph = 8.75E-1,  nd = 48,  mds =  0

 iteration  3:
 integral =  2.349031E+02,  sigma = 5.391E+00
 efficacy = 3.316E-05,  raw efficacy = 5.119E-07
 f_positive = 3.667E-1,  f_zero = 4.535E-1,  f_negative = 1.797E-1
 accumulated statistics:
 integral =  2.368945E+02,  sigma = 4.610E+00,  chi^2/iteration = 5.076E-01

 MONACO:  grid written to file grid3_2.out.3

 MONACO input parameters:
 ndim = 12,  ncall =       4M,   rtype = 0
 nprn =  0,  acc = -1.0E+0,  alph = 8.75E-1,  nd = 48,  mds =  0

 iteration  4:
 integral =  2.395397E+02,  sigma = 2.929E+00
 efficacy = 6.640E-05,  raw efficacy = 2.260E-07
 f_positive = 4.054E-1,  f_zero = 4.056E-1,  f_negative = 1.890E-1
 accumulated statistics:
 integral =  2.387790E+02,  sigma = 2.472E+00,  chi^2/iteration = 3.711E-01

 MONACO:  grid written to file grid3_2.out.4

 MONACO input parameters:
 ndim = 12,  ncall =       8M,   rtype = 0
 nprn =  0,  acc = -1.0E+0,  alph = 8.75E-1,  nd = 48,  mds =  0

 iteration  5:
 integral =  2.370564E+02,  sigma = 1.743E+00
 efficacy = 5.856E-05,  raw efficacy = 9.087E-08
 f_positive = 4.207E-1,  f_zero = 3.896E-1,  f_negative = 1.898E-1
 accumulated statistics:
 integral =  2.376283E+02,  sigma = 1.425E+00,  chi^2/iteration = 3.555E-01

 MONACO:  grid written to file grid3_2.out.5

 MONACO input parameters:
 ndim = 12,  ncall =      16M,   rtype = 0
 nprn =  0,  acc = -1.0E+0,  alph = 8.75E-1,  nd = 48,  mds =  0

 iteration  6:
 integral =  2.381341E+02,  sigma = 1.111E+00
 efficacy = 5.174E-05,  raw efficacy = 3.593E-08
 f_positive = 4.266E-1,  f_zero = 3.866E-1,  f_negative = 1.868E-1
 accumulated statistics:
 integral =  2.379427E+02,  sigma = 8.763E-01,  chi^2/iteration = 2.862E-01

 MONACO:  grid written to file grid3_2.out.6
 
  result for real emissions 
  sigma =    237.94271881906795       +-   0.87629025288254159       fb
  
 
  Total (multi-channel) result (NLO real):    286.12629490133349       +-   0.90874083768753389       fb    0.31760130190093155      %
 
  
  final result at NLO 
  sigma =    783.24263343342545       +-   0.96119650004483159       fb  0.12272014558647387      %
 
 
 LO for different PHASESPACE:
   114.36625741980325       +-    8.4035440212777757E-002  fb   7.3479225523931921E-002
   437.73341395064489       +-   0.18198026225652886       fb   4.1573308423982325E-002
  
  
 VIRTUAL CONTRIBUTIONS for different PHASESPACE:
  borntype for different PHASESPACE:
   109.68873120341132       +-   0.10726801983986788       fb   9.7793108428746084E-002
   424.63649370505777       +-   0.22693692381656946       fb   5.3442633212348052E-002
  boxes for different PHASESPACE:
  -6.0048954660413596       +-    4.0027576748983835E-002  fb -0.66658240722667295     
  -31.203990910335762       +-   0.18297485959908144       fb -0.58638287687256796     
   
 TOTAL VIRTUAL CONTRIBUTIONS:
 TOTAL borntype:
   534.32522490846907       0.25101154449884122        4.6977296372605275E-002  %
 TOTAL boxes:
  -37.208886376377123       0.18730191175132024      -0.50337951492746891       %
  
  
  REAL EMISSION for different PHASESPACE:
   48.183576082265539       0.24067675995843935       0.49949957958189595       %
   237.94271881906795       0.87629025288254159       0.36827781796881720       %
  
  
  
 !!!!!!!!!!!!!!!!!!!!!!!!!!!!!!!!!!!!!!!!!!!!!!!!!!!!!!!!!!!!!!!!!!!!!!!!!!!!!!!!!!!!!!!!!!!!!!!!!!!!!!!!
   
  PROCESS:          620   :   p p -->  W+ A j -->  e+ ve A j
    with anomalous couplings
   
  TOTAL result (LO):          552.09967137044816       +-   0.20044642940873347       fb     3.6306203354763061E-002 %
  NLO virtual result:         497.11633853209196       +-   0.31319131791509341       fb     6.3001614237805814E-002 %
  QCD real emission:          286.12629490133349       +-   0.90874083768753389       fb    0.31760130190093155      %
  TOTAL result (NLO):         783.24263343342545       +-   0.96119650004483159       fb    0.12272014558647387      %
  K-Factor:                   1.4186616548588467     
 !!!!!!!!!!!!!!!!!!!!!!!!!!!!!!!!!!!!!!!!!!!!!!!!!!!!!!!!!!!!!!!!!!!!!!!!!!!!!!!!!!!!!!!!!!!!!!!!!!!!!!!!
  
  
  Endtime: 2016-12-01T01:36:24+0100
  Runtime: 13:52:56 (49976 seconds)
