   
 -----------------------------------------------------------------
 VBFNLO, version 3.0.0 GIT 1571c2fe
 Comput. Phys. Commun. 180 (2009) 1661[arXiv:0811.4559 [hep-ph]]
 arXiV:1107.4038, arXiV:1207.4975, arXiv:1404.3940
 http://www.itp.kit.edu/vbfnlo
 -----------------------------------------------------------------
 Process-specific references (please cite as well if appropriate):
 B. Jager, C. Oleari, D. Zeppenfeld
 JHEP 0607 (2006) 015, e-Print: hep-ph/0603177
 C. Englert diploma thesis
 e-Print: http://www-itp.particle.uni-karlsruhe.de/prep/diploma/PSFiles/Diplom_Englert.ps.gz
 For Spin-2:
 J. Frank, M. Rauch and D. Zeppenfeld,
 Phys.Rev.D87, 055020 (2013) [arXiv:1211.3658 [hep-ph]],
 J. Frank diploma thesis
 e-Print: www-itp.particle.uni-karlsruhe.de/prep/diploma/PSFiles/Diplom_Frank.pdf
 
 -----------------------------------------------------------------
   
   
  
        Information on global parameters
 -----------------------------------------------
   PROCESS               =      200
   LOPROCESS_PLUS_JET    =        F
   KK_MOD                =        F
   ANOM_CPL              =        F
   LEPTONS               =    12  -11  -12   11
   LO_ITERATIONS         =        6
   NLO_ITERATIONS        =        6
   LO_POINTS             =       26
   NLO_POINTS            =       26
   NLO_SWITCH            =        T
   EWCOR_SWITCH          =        F
   FERMIONLOOP           =        3
   LHA_SWITCH            =        F
   HEPMC_SWITCH          =        F
   LO_GRID               = grid2_1                                           
   NLO_GRID              = grid3_1                                           
   PHTN_GRID             = grid4_1                                           
   FLOOP_GRID            = grid5_1                                           
   ECM                   =  13600.0    
   BEAM1                 =        1
   BEAM2                 =        1
   ID_MUF                =        1
   ID_MUR                =        1
   MUF_USER              =  100.000    
   MUR_USER              =  100.000    
   XIF                   =  1.00000    
   XIR                   =  1.00000    
 Warning: cannot read value for key = SHOWTIMING. Using default value :  T
 
       information on the selected process 
 -----------------------------------------------
 
  pp -> W+ W- jj -> l+ l- vl vl~ jj
 
 W pair + 2 jets production in vector boson fusion with fully leptonic decay.
 The Higgs contribution is included.
 Process is implemented at LO and NLO QCD.
 This process can be run in the AdS Higgsless and Three-Site Higgsless scenarios using:
    "kk_input.dat" or "kk_coupl_inp.dat".
 Anomalous couplings can be set in "anomV.dat".
 This process can be run in spin-2 models using:
    "spin2coupl.dat"
 References: B. Jager, C. Oleari, D. Zeppenfeld
 JHEP 0607 (2006) 015, e-Print: hep-ph/0603177
 C. Englert diploma thesis
 e-Print: http://www-itp.particle.uni-karlsruhe.de/prep/diploma/PSFiles/Diplom_Englert.ps.gz
 For Spin-2:
 J. Frank, M. Rauch and D. Zeppenfeld,
 Phys.Rev.D87, 055020 (2013) [arXiv:1211.3658 [hep-ph]],
 J. Frank diploma thesis
 e-Print: www-itp.particle.uni-karlsruhe.de/prep/diploma/PSFiles/Diplom_Frank.pdf
 
             Information on PDF sets            
 -----------------------------------------------
 Initializing PDF set CT18
  
               Physics parameters
 -----------------------------------------------
   HTYPE                 =        0
   MODEL                 =        3
   ANOM_CPL              =        F
   KK_MOD                =        F
   SPIN2                 =        F
   HMASS                 =  125.000    
   HWIDTH                = -999.000    
   H2MASS                =  600.000    
   H2WIDTH               = -999.000    
   SIN2BA                = 0.700000    
   COS2BA                = -999.000    
   TOPMASS               =  172.500    
   BOTTOMMASS            =  4.85500    
   CHARMMASS             =  1.65000    
   TAU_MASS              =  1.77684    
   EWSCHEME              =        3
   FERMI_CONST           = 0.116637E-04
   WMASS                 =  80.3980    
   ZMASS                 =  91.1876    
   
 Running in the Two-Higgs model
   
 Higgs mass =   125.00000000000000     
   
   
  
 Information on scale setting in InitScales 
 -------------------------------------------
  
 Dynamical factorization scale chosen:
         momentum transfer of W/Z  
 Dynamical value for alphas chosen:
 alphas = alpha(momentum transfer of W/Z)
  
  
   Information on couplings, masses and widths
 ===============================================
  
   SM coupling parameters 
 ---------------------------
   G_Fermi                         : 0.000011663700
   SIN**2 of the weak mixing angle : 0.22264585
   Q.E.D. fine structure constant  : 1/132.34070    
   SU(2) coupling constant g       : 0.65305673
   U(1) coupling constant g'       : 0.34950127
   Q.C.D. LO alfas(MZ)             : 0.12980813
   Q.C.D. NLO alfas(MZ)            : 0.11798159
  
      particle masses
 ---------------------------
   mass of the Z0 boson            :   91.1876
   mass of the W+/- boson          :   80.3980
   mass of the Higgs boson         :  600.0000
   mass of the top quark           :  172.5000
   mass of the bottom quark at MH  :    2.5026
  (All other fermions have mass equal ZERO)
  
 Information on scale setting in InitScales 
 -------------------------------------------
  
 Dynamical factorization scale chosen:
         momentum transfer of W/Z  
 Dynamical value for alphas chosen:
 alphas = alpha(momentum transfer of W/Z)
  
  
   Information on couplings, masses and widths
 ===============================================
  
   SM coupling parameters 
 ---------------------------
   G_Fermi                         : 0.000011663700
   SIN**2 of the weak mixing angle : 0.22264585
   Q.E.D. fine structure constant  : 1/132.34070    
   SU(2) coupling constant g       : 0.65305673
   U(1) coupling constant g'       : 0.34950127
   Q.C.D. LO alfas(MZ)             : 0.12980813
   Q.C.D. NLO alfas(MZ)            : 0.11798159
  
      particle masses
 ---------------------------
   mass of the Z0 boson            :   91.1876
   mass of the W+/- boson          :   80.3980
   mass of the Higgs boson         :  125.0000
   mass of the top quark           :  172.5000
   mass of the bottom quark at MH  :    2.8039
  (All other fermions have mass equal ZERO)
  
      particle widths
 ---------------------------
   total widths of Z0              :   2.508420 GeV
   total widths of W+ or W-        :   2.097673 GeV
   total widths of Higgs           :   0.003837 GeV
   total widths of second Higgs    :  47.538729 GeV
   total widths of top quark       :   1.342520 GeV
  
     branching ratios
 ---------------------------
   W -> lepton anti-lepton         : 10.8397227 %
   W -> massless quark anti-quark  : 33.7404159 %
   W -> top bottom                 :  0.0000000 %
  
   Z -> neutrino anti-neutrino     :  6.6129820 %
   Z -> charged lepton anti-lepton :  3.3460763 %
   Z -> up-type quark anti-quark   : 11.9908090 %
   Z -> down-type quark anti-quark : 15.3804024 %
   Z -> top anti-top               :  0.0000000 %
  
   H -> WW                         : 15.4101369 %
   H -> ZZ                         :  1.9124291 %
   H -> bottom anti-bottom         : 63.2037487 %
   H -> top anti-top               :  0.0000000 %
   H -> charm anti-charm           :  3.7548539 %
   H -> tau anti-tau               :  6.7417519 %
   H -> mu anti-mu                 :  0.0238676 %
   H -> gluon gluon                :  8.6608525 %
   H -> gamma gamma                :  0.1606046 %
   H -> Z gamma                    :  0.1317548 %
  
   H2 -> WW                        : 39.3781900 %
   H2 -> ZZ                        : 19.0599249 %
   H2 -> bottom anti-bottom        :  0.0187302 %
   H2 -> top anti-top              : 41.5177556 %
   H2 -> charm anti-charm          :  0.0011417 %
   H2 -> tau anti-tau              :  0.0026151 %
   H2 -> mu anti-mu                :  0.0000092 %
   H2 -> gluon gluon               :  0.0213704 %
   H2 -> gamma gamma               :  0.0000524 %
   H2 -> Z gamma                   :  0.0002105 %
  
 Warning: cannot read value for key = MLL_OSONLY. Using default value :  T
 Warning: cannot read value for key = PTMISS_MIN. Using default value :    0.0000000000000000     
 Warning: cannot read value for key = EXISOLCUT. Using default value :    1.0000000000000000     
 Warning: cannot read value for key = MJ_WINDOWV. Using default value :    0.0000000000000000     
 
          information on cut parameters
 -----------------------------------------------
 
 minimum jet pt        (PT_JET_MIN):     20.00    20.00    20.00   
 maximum jet rapidity                 (Y_JET_MAX):    4.5000000000000000     
 maximum parton pseudorapidity          (Y_P_MAX):    5.0000000000000000     
 minimum jet-jet R-separation           (RJJ_MIN):   0.80000000000000004     
 minimum number of jets                (NJET_MIN):            2
 single jet from hadronic decay (SINGLE_DECAYJET):            0
 exponent of generalised kT algorithm (PGENKTJET):    1.0000000000000000     
 minimum lepton-lepton R-separation     (RLL_MIN):    0.0000000000000000     
 maximum lepton-lepton R-separation     (RLL_MAX):    50.000000000000000     
 minimum jet-lepton R-separation        (RJL_MIN):    0.0000000000000000     
 minimum jet-photon R-separation        (RJG_MIN):    0.0000000000000000     
 minimum lepton-photon R-separation     (RLG_MIN):    0.0000000000000000     
 minimum photon-photon R-separation     (RGG_MIN):    0.0000000000000000     
 maximum photon-photon R-separation     (RGG_MAX):    50.000000000000000     
 maximum lepton rapidity                (Y_L_MAX):    2.5000000000000000     
 minimum lepton pt       (PT_L_MIN):     10.00    10.00   
 minimum invariant dilepton mass        (MLL_MIN):    15.000000000000000     
 maximum invariant dilepton mass        (MLL_MAX):    14000.000000000000     
 m_ll cuts only on opposite-sign l   (MLL_OSONLY):  T
 maximum photon rapidity                (Y_G_MAX):    1.5000000000000000     
 minimum photon pt       (PT_G_MIN):    
 photon isolation cut                 (PHISOLCUT):   0.69999999999999996     
 efficiency of photon isolation cut   (EFISOLCUT):    1.0000000000000000     
 exponent of photon isolation cut   (EXISOLCUT):    1.0000000000000000     
 minimum invariant lepton-photon mass   (MLG_MIN):    0.0000000000000000     
 maximum invariant lepton-photon mass   (MLG_MAX):    1.0000000000000000E+020
 minimal missing transverse momentum (PTMISS_MIN):    0.0000000000000000     
 minimum jet rapidity separation      (ETAJJ_MIN):    4.0000000000000000     
 tagging jets in opposite hemispheres     (YSIGN):    T
 leptons fall inside rapidity gap     (LRAPIDGAP):    T
 min leptons y-dist from tagging jets   (DELY_JL):    0.0000000000000000     
 photons fall inside rapidity gap     (GRAPIDGAP):    T
 min photons y-dist from tagging jets   (DELY_JG):    0.0000000000000000     
 dijet min mass cut on tag jets        (MDIJ_MIN):    600.00000000000000     
 dijet max mass cut on tag jets        (MDIJ_MAX):    14000.000000000000     
 excluded jet-m window               (MJ_WINDOWV):    85.792800000000000        85.792800000000000     
 veto criteria for jets                   (JVETO):    F
 minimum veto-tag y-dist             (DELY_JVETO):    0.0000000000000000     
 maximum |y| for veto jet             (YMAX_VETO):    5.0000000000000000     
 minimum pT for veto jet             (PTMIN_VETO):    10.000000000000000     
 
 
          information on technical cuts
 -----------------------------------------------
  
 Photon exchange with virtuality Q^2 <        4.0 GeV^2 is eliminated. 
  Recover by calculating  q gamma ---> q g V (V)   etc.
  

        phase space generator information  
 -----------------------------------------------

 boson -6 has mass   160.80 GeV and width   500.0000 GeV
 integration range for boson -6 =      0.032  to     9616.652 GeV
 boson  3 has mass    80.40 GeV and width     2.0977 GeV
 integration range for boson  3 =      0.032  to     9616.652 GeV
 boson  4 has mass    80.40 GeV and width     2.0977 GeV
 integration range for boson  4 =      0.032  to     9616.652 GeV

 machine energy =    13600.0  GeV
 Minimal mom.transfer or mass for parton pair:   100.00 MeV

 -----------------------------------------------

  Open error on file random.dat
  Using default values.
  Random number generator initialized with seed =            0
 
          information on histogram config
 -----------------------------------------------
 
  Open error on file histograms.dat
  Using default values.
 SMEARING           =      T
 SMEAR_VALUE        =       0.10000000000000001     
 CALC_ERROR_GNUPLOT =      F
 CALC_ERROR_ROOT    =      F
 CALC_ERROR_1D      =      T
 CALC_ERROR_2D      =      F
 
HIST_ID1      =      0.00    250.00  # dS/dpT_j (fb/GeV)
HIST_ID2      =      0.00    500.00  # dS/dpTmax_j (fb/GeV)
HIST_ID3      =      0.00    200.00  # dS/dpTmin_j (fb/GeV)
HIST_ID4      =     -5.00      5.00  # dS/dy_j (fb)
HIST_ID5      =     -5.00      5.00  # dS/dy_j1 (fb)
HIST_ID6      =     -5.00      5.00  # dS/dy_j2 (fb)
HIST_ID7      =      0.00    500.00  # dS/dpTmax_l (fb/GeV)
HIST_ID8      =      0.00    200.00  # dS/dpTmin_l (fb/GeV)
HIST_ID9      =      0.00      5.00  # dS/d|eta|max_l (fb)
HIST_ID10     =      0.00      5.00  # dS/d|eta|min_l (fb)
HIST_ID11     =   -180.00    180.00  # dS/dPhi_jj (fb)
2DHIST_ID1    =      0.00      6.00      0.00    800.00  # d2S/dy_jj dm_jj (fb/GeV)
 
 -----------------------------------------------
 
Starttime: 2024-04-30T16:03:23+0200

 MONACO input parameters:
 ndim = 15,  ncall =       2M,   rtype = 0
 nprn =  0,  acc = -1.0E+0,  alph =  8.75E-1,  nd = 48,  mds =  0

 MONACO:  continuing with uniform grid
  
 W+W- jj amplitude square information:
 -----------------------------------------------
  
  v(v) to WW tensors initialized to                (0.0000000000000000,0.0000000000000000)
  External b-quark contributions are excluded

 iteration  1:
 integral =  3.028292E+00,  sigma = 2.445E-01
 efficacy = 1.519E-05,  raw efficacy = 1.519E-05
 f_positive = 1.021E-2,  f_zero = 9.898E-1,  f_negative = 0.000E+0
 accumulated statistics:
 integral =  3.028292E+00,  sigma = 2.445E-01,  chi^2/iteration = 2.842E-14

 MONACO:  grid written to file grid2_1.out.1

 MONACO input parameters:
 ndim = 15,  ncall =       4M,   rtype = 0
 nprn =  0,  acc = -1.0E+0,  alph =  8.75E-1,  nd = 48,  mds =  0

 iteration  2:
 integral =  3.056033E+00,  sigma = 2.888E-02
 efficacy = 1.127E-04,  raw efficacy = 1.211E-06
 f_positive = 8.762E-2,  f_zero = 9.124E-1,  f_negative = 0.000E+0
 accumulated statistics:
 integral =  3.055652E+00,  sigma = 2.868E-02,  chi^2/iteration = 1.269E+04

 MONACO:  grid written to file grid2_1.out.2

 MONACO input parameters:
 ndim = 15,  ncall =       8M,   rtype = 0
 nprn =  0,  acc = -1.0E+0,  alph =  8.75E-1,  nd = 48,  mds =  0

 iteration  3:
 integral =  3.025892E+00,  sigma = 8.439E-03
 efficacy = 4.850E-04,  raw efficacy = 4.887E-07
 f_positive = 1.874E-1,  f_zero = 8.126E-1,  f_negative = 0.000E+0
 accumulated statistics:
 integral =  3.028264E+00,  sigma = 8.096E-03,  chi^2/iteration = 1.004E+00

 MONACO:  grid written to file grid2_1.out.3

 MONACO input parameters:
 ndim = 15,  ncall =      16M,   rtype = 0
 nprn =  0,  acc = -1.0E+0,  alph =  8.75E-1,  nd = 48,  mds =  0

 iteration  4:
 integral =  3.009829E+00,  sigma = 4.479E-03
 efficacy = 4.058E-04,  raw efficacy = 1.609E-07
 f_positive = 2.358E-1,  f_zero = 7.642E-1,  f_negative = 0.000E+0
 accumulated statistics:
 integral =  3.014149E+00,  sigma = 3.919E-03,  chi^2/iteration = 2.487E+00

 MONACO:  grid written to file grid2_1.out.4

 MONACO input parameters:
 ndim = 15,  ncall =      32M,   rtype = 0
 nprn =  0,  acc = -1.0E+0,  alph =  8.75E-1,  nd = 48,  mds =  0

 iteration  5:
 integral =  3.007718E+00,  sigma = 2.910E-03
 efficacy = 1.552E-04,  raw efficacy = 4.724E-08
 f_positive = 2.616E-1,  f_zero = 7.384E-1,  f_negative = 0.000E+0
 accumulated statistics:
 integral =  3.010003E+00,  sigma = 2.336E-03,  chi^2/iteration = 2.237E+00

 MONACO:  grid written to file grid2_1.out.5

 MONACO input parameters:
 ndim = 15,  ncall =      64M,   rtype = 0
 nprn =  0,  acc = -1.0E+0,  alph =  8.75E-1,  nd = 48,  mds =  0

 iteration  6:
 integral =  3.009647E+00,  sigma = 2.002E-03
 efficacy = 1.458E-04,  raw efficacy = 1.235E-07
 f_positive = 2.704E-1,  f_zero = 7.296E-1,  f_negative = 0.000E+0
 accumulated statistics:
 integral =  3.009798E+00,  sigma = 1.520E-03,  chi^2/iteration = 1.681E+00

 MONACO:  grid written to file grid2_1.out.6
 
  result (LO):    3.0097977371605436       +-    1.5201547325689087E-003  fb     5.0506873395520242E-002 %
 
   
 Initialising FF ..
   
 ====================================================
   FF 2.0, a package to evaluate one-loop integrals
 written by G. J. van Oldenborgh, NIKHEF-H, Amsterdam
 ====================================================
 for the algorithms used see preprint NIKHEF-H 89/17,
 'New Algorithms for One-loop Integrals', by G.J. van
 Oldenborgh and J.A.M. Vermaseren, published in 
 Zeitschrift fuer Physik C46(1990)425.
 ====================================================

 MONACO input parameters:
 ndim = 15,  ncall =      64M,   rtype = 0
 nprn =  0,  acc = -1.0E+0,  alph =  8.75E-1,  nd = 48,  mds =  0

 MONACO:  grid read from file grid2_1.out.6                                                                                                                                                                                                                                             

 iteration  1:
 integral =  2.645084E+00,  sigma = 1.715E-03
 efficacy = 3.566E-04,  raw efficacy = 1.127E-07
 f_positive = 2.771E-1,  f_zero = 7.229E-1,  f_negative = 0.000E+0
 accumulated statistics:
 integral =  2.645084E+00,  sigma = 1.715E-03,  chi^2/iteration = 0.000E+00

 MONACO:  grid written to file grid2_1.vout.1
  
  result for virtual contribution, no.            1
  sigma =    2.6450835925428366       +-    1.7153798729373493E-003  fb  
  
 total result for virtual contns so far 
  sigma =    2.6450835925428366       +-    1.7153798729373493E-003  fb
  

 MONACO input parameters:
 ndim = 15,  ncall =       4M,   rtype = 0
 nprn =  0,  acc = -1.0E+0,  alph =  8.75E-1,  nd = 48,  mds =  0

 MONACO:  grid read from file grid2_1.out.6                                                                                                                                                                                                                                             

 iteration  1:
 integral =  1.032226E-02,  sigma = 2.627E-04
 efficacy = 4.758E-05,  raw efficacy = 1.339E-08
 f_positive = 1.508E-1,  f_zero = 7.228E-1,  f_negative = 1.265E-1
 accumulated statistics:
 integral =  1.032226E-02,  sigma = 2.627E-04,  chi^2/iteration = 0.000E+00

 MONACO:  grid written to file grid2_1.vout.2
  
  result for virtual contribution, no.            2
  sigma =    1.0322255468179713E-002  +-    2.6269866974859524E-004  fb  
  
 total result for virtual contns so far 
  sigma =    2.6554058480110165       +-    1.7353785464751597E-003  fb
  

 MONACO input parameters:
 ndim = 15,  ncall =     512k,   rtype = 0
 nprn =  0,  acc = -1.0E+0,  alph =  8.75E-1,  nd = 48,  mds =  0

 MONACO:  grid read from file grid2_1.out.6                                                                                                                                                                                                                                             

 iteration  1:
 integral =  2.503888E-03,  sigma = 4.521E-04
 efficacy = 3.296E-05,  raw efficacy = 1.032E-07
 f_positive = 1.358E-1,  f_zero = 7.228E-1,  f_negative = 1.414E-1
 accumulated statistics:
 integral =  2.503888E-03,  sigma = 4.521E-04,  chi^2/iteration = 3.553E-15

 MONACO:  grid written to file grid2_1.vout.3
  
  result for virtual contribution, no.            3
  sigma =    2.5038875965908329E-003  +-    4.5214128145325738E-004  fb  
  
 total result for virtual contns so far 
  sigma =    2.6579097356076073       +-    1.7933126994365573E-003  fb
  
   
 Summary for FF ..
   
 
total number of errors and warnings
===================================
vbffferr: no errors
the warning system has been disabled
 

 MONACO input parameters:
 ndim = 18,  ncall =       2M,   rtype = 0
 nprn =  0,  acc = -1.0E+0,  alph =  8.75E-1,  nd = 48,  mds =  0

 MONACO:  continuing with uniform grid
  
 W+W- jjj amplitude square information:
 -----------------------------------------------
  
  v(v) to WW tensors initialized to                (0.0000000000000000,0.0000000000000000)
  External b-quark contributions are excluded
  
  creal =   -4.0797362673929065       cvirtual =   -3.7101318663035472     
  virt factor for alphas = 0.12 is   0.81104453988909386     

 iteration  1:
 integral =  6.954155E-01,  sigma = 1.212E-01
 efficacy = 5.038E-06,  raw efficacy = 5.038E-06
 f_positive = 1.579E-2,  f_zero = 9.734E-1,  f_negative = 1.084E-2
 accumulated statistics:
 integral =  6.954155E-01,  sigma = 1.212E-01,  chi^2/iteration = 0.000E+00

 MONACO:  grid written to file grid3_1.out.1

 MONACO input parameters:
 ndim = 18,  ncall =       4M,   rtype = 0
 nprn =  0,  acc = -1.0E+0,  alph =  8.75E-1,  nd = 48,  mds =  0

 iteration  2:
 integral =  4.751906E-01,  sigma = 4.118E-02
 efficacy = 5.374E-06,  raw efficacy = 1.154E-07
 f_positive = 4.657E-2,  f_zero = 9.318E-1,  f_negative = 2.158E-2
 accumulated statistics:
 integral =  4.979780E-01,  sigma = 3.899E-02,  chi^2/iteration = 2.960E+06

 MONACO:  grid written to file grid3_1.out.2

 MONACO input parameters:
 ndim = 18,  ncall =       8M,   rtype = 0
 nprn =  0,  acc = -1.0E+0,  alph =  8.75E-1,  nd = 48,  mds =  0

 iteration  3:
 integral =  5.637456E-01,  sigma = 2.723E-02
 efficacy = 5.025E-06,  raw efficacy = 2.373E-08
 f_positive = 8.621E-2,  f_zero = 8.809E-1,  f_negative = 3.288E-2
 accumulated statistics:
 integral =  5.421875E-01,  sigma = 2.232E-02,  chi^2/iteration = 4.872E+00

 MONACO:  grid written to file grid3_1.out.3

 MONACO input parameters:
 ndim = 18,  ncall =      16M,   rtype = 0
 nprn =  0,  acc = -1.0E+0,  alph =  8.75E-1,  nd = 48,  mds =  0

 iteration  4:
 integral =  5.578644E-01,  sigma = 1.155E-02
 efficacy = 7.434E-06,  raw efficacy = 6.359E-09
 f_positive = 1.169E-1,  f_zero = 8.390E-1,  f_negative = 4.407E-2
 accumulated statistics:
 integral =  5.545529E-01,  sigma = 1.026E-02,  chi^2/iteration = 2.631E+00

 MONACO:  grid written to file grid3_1.out.4

 MONACO input parameters:
 ndim = 18,  ncall =      32M,   rtype = 0
 nprn =  0,  acc = -1.0E+0,  alph =  8.75E-1,  nd = 48,  mds =  0

 iteration  5:
 integral =  5.628506E-01,  sigma = 6.577E-03
 efficacy = 6.921E-06,  raw efficacy = 2.651E-09
 f_positive = 1.317E-1,  f_zero = 8.175E-1,  f_negative = 5.079E-2
 accumulated statistics:
 integral =  5.604338E-01,  sigma = 5.537E-03,  chi^2/iteration = 1.908E+00

 MONACO:  grid written to file grid3_1.out.5

 MONACO input parameters:
 ndim = 18,  ncall =      64M,   rtype = 0
 nprn =  0,  acc = -1.0E+0,  alph =  8.75E-1,  nd = 48,  mds =  0

 iteration  6:
 integral =  5.693991E-01,  sigma = 4.434E-03
 efficacy = 4.248E-06,  raw efficacy = 1.058E-09
 f_positive = 1.394E-1,  f_zero = 8.081E-1,  f_negative = 5.249E-2
 accumulated statistics:
 integral =  5.658960E-01,  sigma = 3.461E-03,  chi^2/iteration = 1.831E+00

 MONACO:  grid written to file grid3_1.out.6
 
  result for real emissions 
  sigma =   0.56589600971982679       +-    3.4611096087637234E-003  fb
  
  
  final result at NLO 
  sigma =    3.2238057453274340       +-    3.8981085364362300E-003  fb  0.12091635924671101      %
 
   
 TOTAL VIRTUAL CONTRIBUTIONS:
 TOTAL borntype:
   2.6450835925428366        1.7153798729373493E-003   6.4851631826436093E-002  %
 TOTAL boxes:
   1.0322255468179713E-002   2.6269866974859524E-004   2.5449735337244186       %
 TOTAL pentagons:
   2.5038875965908329E-003   4.5214128145325738E-004   18.057571037488668       %
  
  
  
 !!!!!!!!!!!!!!!!!!!!!!!!!!!!!!!!!!!!!!!!!!!!!!!!!!!!!!!!!!!!!!!!!!!!!!!!!!!!!!!!!!!!!!!!!!!!!!!!!!!!!!!!
   
  PROCESS:          200   :   p p -->  W+ W- jj -->  ve e+ ve~ e- jj
   
  TOTAL result (LO):        3.00979773716054  +-    0.00152015473257 fb    0.05050687339552 %
  NLO virtual result:       2.65790973560761  +-    0.00179331269944 fb    0.06747079012548 %
  QCD real emission:        0.56589600971983  +-    0.00346110960876 fb    0.61161583565102 %
  TOTAL result (NLO):       3.22380574532743  +-    0.00389810853644 fb    0.12091635924671 %
  K-Factor:                  1.0711037839934010     
 !!!!!!!!!!!!!!!!!!!!!!!!!!!!!!!!!!!!!!!!!!!!!!!!!!!!!!!!!!!!!!!!!!!!!!!!!!!!!!!!!!!!!!!!!!!!!!!!!!!!!!!!
  
  
  Endtime: 2024-05-01T03:02:36+0200
  Runtime: 10:59:12 (39552 seconds)
