event>     initevent>         0/1000000; xs = 43.2977 pb +- 43.2977 pb
event>         1/1000000; xs = 1.36238e-05 pb +- 43.2977 pb
event>         2/1000000; xs = 4.54123e-06 pb +- 4.54127e-06 pb
event>         5/1000000; xs = 6.56282e-05 pb +- 6.19391e-05 pb
event>        10/1000000; xs = 0.0001866 pb +- 0.000133936 pb
event>        20/1000000; xs = 0.00116642 pb +- 0.000915844 pb
event>        50/1000000; xs = 0.000708932 pb +- 0.000388278 pb
event>       100/1000000; xs = 0.000861587 pb +- 0.000368715 pb
event>       200/1000000; xs = 0.000728122 pb +- 0.000269239 pb
event>       500/1000000; xs = 0.000583071 pb +- 0.000124741 pb
event>      1000/1000000; xs = 0.000558743 pb +- 8.94146e-05 pb
event>      2000/1000000; xs = 0.000440703 pb +- 9.07478e-05 pb
event>      5000/1000000; xs = 0.000602064 pb +- 8.94067e-05 pb
event>     10000/1000000; xs = 0.00054125 pb +- 6.75173e-05 pb
event>     20000/1000000; xs = 0.000574214 pb +- 4.36438e-05 pb
event>     30000/1000000; xs = 0.00064895 pb +- 4.54904e-05 pb
event>     40000/1000000; xs = 0.000657099 pb +- 4.05267e-05 pb
event>     50000/1000000; xs = 0.000687837 pb +- 4.11801e-05 pb
event>     60000/1000000; xs = 0.000558577 pb +- 0.000137695 pb
event>     70000/1000000; xs = 0.000602903 pb +- 0.0001211 pb
event>     80000/1000000; xs = 0.000614833 pb +- 0.000106735 pb
event>     90000/1000000; xs = 0.000630174 pb +- 9.54541e-05 pb
event>    100000/1000000; xs = 0.000635912 pb +- 8.63946e-05 pb
event>    110000/1000000; xs = 0.00063424 pb +- 7.88434e-05 pb
event>    120000/1000000; xs = 0.000628964 pb +- 7.2372e-05 pb
event>    130000/1000000; xs = 0.000621489 pb +- 6.68562e-05 pb
event>    140000/1000000; xs = 0.000625505 pb +- 6.23257e-05 pb
event>    150000/1000000; xs = 0.000637219 pb +- 5.86018e-05 pb
event>    160000/1000000; xs = 0.000637522 pb +- 5.52611e-05 pb
event>    170000/1000000; xs = 0.000639045 pb +- 5.21605e-05 pb
event>    180000/1000000; xs = 0.000639406 pb +- 4.94509e-05 pb
event>    190000/1000000; xs = 0.0006408 pb +- 4.72166e-05 pb
event>    200000/1000000; xs = 0.000642602 pb +- 4.50311e-05 pb
event>    210000/1000000; xs = 0.000638611 pb +- 4.2951e-05 pb
event>    220000/1000000; xs = 0.000642357 pb +- 4.14113e-05 pb
event>    230000/1000000; xs = 0.000642253 pb +- 3.97788e-05 pb
event>    240000/1000000; xs = 0.000640677 pb +- 3.81838e-05 pb
event>    250000/1000000; xs = 0.000630805 pb +- 3.70728e-05 pb
event>    260000/1000000; xs = 0.0006297 pb +- 3.57504e-05 pb
event>    270000/1000000; xs = 0.00063306 pb +- 3.45411e-05 pb
event>    280000/1000000; xs = 0.000629785 pb +- 3.33739e-05 pb
event>    290000/1000000; xs = 0.000630145 pb +- 3.25771e-05 pb
event>    300000/1000000; xs = 0.000628757 pb +- 3.1689e-05 pb
event>    310000/1000000; xs = 0.000630161 pb +- 3.08171e-05 pb
event>    320000/1000000; xs = 0.000635596 pb +- 2.99897e-05 pb
event>    330000/1000000; xs = 0.00064165 pb +- 2.98164e-05 pb
event>    340000/1000000; xs = 0.000644803 pb +- 2.90065e-05 pb
event>    350000/1000000; xs = 0.000647298 pb +- 2.82532e-05 pb
event>    360000/1000000; xs = 0.000648978 pb +- 2.75342e-05 pb
event>    370000/1000000; xs = 0.000649448 pb +- 2.68684e-05 pb
event>    380000/1000000; xs = 0.000649827 pb +- 2.63166e-05 pb
event>    390000/1000000; xs = 0.000650686 pb +- 2.5719e-05 pb
event>    400000/1000000; xs = 0.000653653 pb +- 2.57571e-05 pb
event>    410000/1000000; xs = 0.000656513 pb +- 2.53096e-05 pb
event>    420000/1000000; xs = 0.000657533 pb +- 2.47596e-05 pb
event>    430000/1000000; xs = 0.000657753 pb +- 2.4238e-05 pb
event>    440000/1000000; xs = 0.00065527 pb +- 2.38291e-05 pb
event>    450000/1000000; xs = 0.000654311 pb +- 2.33836e-05 pb
event>    460000/1000000; xs = 0.000651031 pb +- 2.43156e-05 pb
event>    470000/1000000; xs = 0.00064894 pb +- 2.38412e-05 pb
event>    480000/1000000; xs = 0.000651177 pb +- 2.34171e-05 pb
event>    490000/1000000; xs = 0.000651966 pb +- 2.29834e-05 pb
event>    500000/1000000; xs = 0.000652852 pb +- 2.2581e-05 pb
event>    510000/1000000; xs = 0.000653655 pb +- 2.22426e-05 pb
event>    520000/1000000; xs = 0.00065828 pb +- 2.24886e-05 pb
event>    530000/1000000; xs = 0.00066133 pb +- 2.27928e-05 pb
event>    540000/1000000; xs = 0.000661973 pb +- 2.24132e-05 pb
event>    550000/1000000; xs = 0.000659944 pb +- 2.20284e-05 pb
event>    560000/1000000; xs = 0.000662365 pb +- 2.16816e-05 pb
event>    570000/1000000; xs = 0.000663296 pb +- 2.13602e-05 pb
event>    580000/1000000; xs = 0.000664529 pb +- 2.11588e-05 pb
event>    590000/1000000; xs = 0.000664402 pb +- 2.08285e-05 pb
event>    600000/1000000; xs = 0.000663716 pb +- 2.05092e-05 pb
event>    610000/1000000; xs = 0.000664604 pb +- 2.02357e-05 pb
event>    620000/1000000; xs = 0.000665246 pb +- 1.9971e-05 pb
event>    630000/1000000; xs = 0.00066596 pb +- 1.97029e-05 pb
event>    640000/1000000; xs = 0.000664813 pb +- 1.96506e-05 pb
event>    650000/1000000; xs = 0.000664915 pb +- 1.93789e-05 pb
event>    660000/1000000; xs = 0.000664098 pb +- 1.91041e-05 pb
event>    670000/1000000; xs = 0.000665292 pb +- 1.88661e-05 pb
event>    680000/1000000; xs = 0.000665348 pb +- 1.86179e-05 pb
event>    690000/1000000; xs = 0.000665942 pb +- 1.84904e-05 pb
event>    700000/1000000; xs = 0.000662961 pb +- 1.83204e-05 pb
event>    710000/1000000; xs = 0.000662677 pb +- 1.80923e-05 pb
event>    720000/1000000; xs = 0.000662352 pb +- 1.81465e-05 pb
event>    730000/1000000; xs = 0.000656911 pb +- 1.85894e-05 pb
event>    740000/1000000; xs = 0.000656183 pb +- 1.84156e-05 pb
event>    750000/1000000; xs = 0.000656934 pb +- 1.82843e-05 pb
event>    760000/1000000; xs = 0.000653541 pb +- 1.82255e-05 pb
event>    770000/1000000; xs = 0.000653165 pb +- 1.80323e-05 pb
event>    780000/1000000; xs = 0.000651662 pb +- 1.78093e-05 pb
event>    790000/1000000; xs = 0.000652213 pb +- 1.76056e-05 pb
event>    800000/1000000; xs = 0.00065223 pb +- 1.74002e-05 pb
event>    810000/1000000; xs = 0.000651338 pb +- 1.71981e-05 pb
event>    820000/1000000; xs = 0.000650502 pb +- 1.69991e-05 pb
event>    830000/1000000; xs = 0.00065169 pb +- 1.68469e-05 pb
event>    840000/1000000; xs = 0.000652997 pb +- 1.66782e-05 pb
event>    850000/1000000; xs = 0.000655676 pb +- 1.65456e-05 pb
event>    860000/1000000; xs = 0.000657391 pb +- 1.64111e-05 pb
event>    870000/1000000; xs = 0.000657332 pb +- 1.6237e-05 pb
event>    880000/1000000; xs = 0.000657165 pb +- 1.60743e-05 pb
event>    890000/1000000; xs = 0.000656323 pb +- 1.59473e-05 pb
event>    900000/1000000; xs = 0.000659785 pb +- 1.61771e-05 pb
event>    910000/1000000; xs = 0.000670007 pb +- 1.90673e-05 pb
event>    920000/1000000; xs = 0.000668874 pb +- 1.88663e-05 pb
event>    930000/1000000; xs = 0.000668683 pb +- 1.86816e-05 pb
event>    940000/1000000; xs = 0.000668882 pb +- 1.85203e-05 pb
event>    950000/1000000; xs = 0.000667473 pb +- 1.8348e-05 pb
event>    960000/1000000; xs = 0.000677367 pb +- 1.97714e-05 pb
event>    970000/1000000; xs = 0.000679687 pb +- 1.967e-05 pb
event>    980000/1000000; xs = 0.000678608 pb +- 1.94828e-05 pb
event>    990000/1000000; xs = 0.000678985 pb +- 1.93166e-05 pb
event>    995000/1000000; xs = 0.000679225 pb +- 1.92317e-05 pb
event>    998000/1000000; xs = 0.000679037 pb +- 1.91755e-05 pb
event>    999000/1000000; xs = 0.000678883 pb +- 1.91565e-05 pb
event>    999500/1000000; xs = 0.000679256 pb +- 1.91531e-05 pb
event>    999800/1000000; xs = 0.000679243 pb +- 1.91477e-05 pb
event>    999900/1000000; xs = 0.000679194 pb +- 1.91458e-05 pb
event>    999950/1000000; xs = 0.000679744 pb +- 1.91532e-05 pb
event>    999980/1000000; xs = 0.000679788 pb +- 1.91527e-05 pb
event>    999990/1000000; xs = 0.000679785 pb +- 1.91525e-05 pb
event>    999995/1000000; xs = 0.000679783 pb +- 1.91524e-05 pb
event>    999998/1000000; xs = 0.000679781 pb +- 1.91524e-05 pb
event>    999999/1000000; xs = 0.000679787 pb +- 1.91523e-05 pb
event>   1000000/1000000; xs = 0.000679787 pb +- 1.91523e-05 pb

